#
# There is insufficient memory for the Java Runtime Environment to continue.
# Native memory allocation (malloc) failed to allocate 1427536 bytes for Chunk::new
# Possible reasons:
#   The system is out of physical RAM or swap space
#   The process is running with CompressedOops enabled, and the Java Heap may be blocking the growth of the native heap
# Possible solutions:
#   Reduce memory load on the system
#   Increase physical memory or swap space
#   Check if swap backing store is full
#   Decrease Java heap size (-Xmx/-Xms)
#   Decrease number of Java threads
#   Decrease Java thread stack sizes (-Xss)
#   Set larger code cache with -XX:ReservedCodeCacheSize=
#   JVM is running with Unscaled Compressed Oops mode in which the Java heap is
#     placed in the first 4GB address space. The Java Heap base address is the
#     maximum limit for the native heap growth. Please use -XX:HeapBaseMinAddress
#     to set the Java Heap base and to place the Java Heap above 4GB virtual address.
# This output file may be truncated or incomplete.
#
#  Out of Memory Error (arena.cpp:191), pid=3192, tid=5304
#
# JRE version: OpenJDK Runtime Environment Corretto-17.0.10.7.1 (17.0.10+7) (build 17.0.10+7-LTS)
# Java VM: OpenJDK 64-Bit Server VM Corretto-17.0.10.7.1 (17.0.10+7-LTS, mixed mode, sharing, tiered, compressed oops, compressed class ptrs, g1 gc, windows-amd64)
# No core dump will be written. Minidumps are not enabled by default on client versions of Windows
#

---------------  S U M M A R Y ------------

Command Line: --add-opens=java.base/java.util=ALL-UNNAMED --add-opens=java.base/java.lang=ALL-UNNAMED --add-opens=java.base/java.lang.invoke=ALL-UNNAMED --add-opens=java.prefs/java.util.prefs=ALL-UNNAMED --add-opens=java.base/java.nio.charset=ALL-UNNAMED --add-opens=java.base/java.net=ALL-UNNAMED --add-opens=java.base/java.util.concurrent.atomic=ALL-UNNAMED -XX:MaxMetaspaceSize=384m -XX:+HeapDumpOnOutOfMemoryError -Xms256m -Xmx512m -Dfile.encoding=windows-1252 -Duser.country=US -Duser.language=en -Duser.variant -javaagent:C:\Users\Giang\.gradle\wrapper\dists\gradle-8.8-bin\dl7vupf4psengwqhwktix4v1\gradle-8.8\lib\agents\gradle-instrumentation-agent-8.8.jar org.gradle.launcher.daemon.bootstrap.GradleDaemon 8.8

Host: Intel(R) Core(TM) i7-5600U CPU @ 2.60GHz, 4 cores, 7G,  Windows 10 , 64 bit Build 19041 (10.0.19041.4717)
Time: Fri Aug 16 16:43:19 2024 SE Asia Standard Time elapsed time: 569.673981 seconds (0d 0h 9m 29s)

---------------  T H R E A D  ---------------

Current thread (0x000001fde5ccf140):  JavaThread "C2 CompilerThread0" daemon [_thread_in_native, id=5304, stack(0x000000cfbf600000,0x000000cfbf700000)]


Current CompileTask:
C2: 569674 19049       4       org.gradle.internal.operations.DefaultBuildOperationExecutor::runAll (26 bytes)

Stack: [0x000000cfbf600000,0x000000cfbf700000]
Native frames: (J=compiled Java code, j=interpreted, Vv=VM code, C=native code)
V  [jvm.dll+0x67d2c9]
V  [jvm.dll+0x834b1a]
V  [jvm.dll+0x8365de]
V  [jvm.dll+0x836c43]
V  [jvm.dll+0x2477ff]
V  [jvm.dll+0xac514]
V  [jvm.dll+0xacb5c]
V  [jvm.dll+0x366782]
V  [jvm.dll+0x330bfa]
V  [jvm.dll+0x33009a]
V  [jvm.dll+0x219ef1]
V  [jvm.dll+0x219311]
V  [jvm.dll+0x1a502d]
V  [jvm.dll+0x2290de]
V  [jvm.dll+0x2272ac]
V  [jvm.dll+0x7e9bd7]
V  [jvm.dll+0x7e3fda]
V  [jvm.dll+0x67c1b5]
C  [ucrtbase.dll+0x21bb2]
C  [KERNEL32.DLL+0x17374]
C  [ntdll.dll+0x4cc91]


---------------  P R O C E S S  ---------------

Threads class SMR info:
_java_thread_list=0x000001fd8183c490, length=67, elements={
0x000001fdcb9bf9b0, 0x000001fde5cb4420, 0x000001fde5cb61c0, 0x000001fde5cca910,
0x000001fde5ccd2f0, 0x000001fde5ccdbc0, 0x000001fde5cce490, 0x000001fde5ccf140,
0x000001fde5ccfb00, 0x000001fdff018450, 0x000001fde5c9f0d0, 0x000001fdff1edfc0,
0x000001fd80f89310, 0x000001fd806b8820, 0x000001fd8100c6c0, 0x000001fd810a6460,
0x000001fd810a5020, 0x000001fd810a5530, 0x000001fd810a6e80, 0x000001fd810a5f50,
0x000001fd810a4600, 0x000001fd82abf710, 0x000001fd82abd3a0, 0x000001fd82aba610,
0x000001fd82ac1570, 0x000001fd82ac1a80, 0x000001fdff57ec70, 0x000001fd82363140,
0x000001fdff57d830, 0x000001fd8430e080, 0x000001fd84f26850, 0x000001fd84a113d0,
0x000001fd84f26d60, 0x000001fd84a0fa80, 0x000001fd84a118e0, 0x000001fd84a0ff90,
0x000001fd8430a8d0, 0x000001fd8430ade0, 0x000001fd8430c730, 0x000001fd8430db70,
0x000001fd8430b2f0, 0x000001fd8430bd10, 0x000001fd8430cc40, 0x000001fd8430d150,
0x000001fd84f25e30, 0x000001fd84f27270, 0x000001fd84f25920, 0x000001fd84f27780,
0x000001fd84f249f0, 0x000001fd84f23fd0, 0x000001fd84f244e0, 0x000001fd84a11df0,
0x000001fd84a12300, 0x000001fd84a0f570, 0x000001fd84a104a0, 0x000001fd84a109b0,
0x000001fd84a0eb50, 0x000001fd84a0f060, 0x000001fd84a10ec0, 0x000001fd845c8400,
0x000001fd845c8910, 0x000001fd845c8e20, 0x000001fd845c7ef0, 0x000001fd845c9840,
0x000001fd845c9330, 0x000001fd845c6090, 0x000001fd84f24f00
}

Java Threads: ( => current thread )
  0x000001fdcb9bf9b0 JavaThread "main" [_thread_blocked, id=10448, stack(0x000000cfbe900000,0x000000cfbea00000)]
  0x000001fde5cb4420 JavaThread "Reference Handler" daemon [_thread_blocked, id=11860, stack(0x000000cfbf000000,0x000000cfbf100000)]
  0x000001fde5cb61c0 JavaThread "Finalizer" daemon [_thread_blocked, id=3480, stack(0x000000cfbf100000,0x000000cfbf200000)]
  0x000001fde5cca910 JavaThread "Signal Dispatcher" daemon [_thread_blocked, id=804, stack(0x000000cfbf200000,0x000000cfbf300000)]
  0x000001fde5ccd2f0 JavaThread "Attach Listener" daemon [_thread_blocked, id=2272, stack(0x000000cfbf300000,0x000000cfbf400000)]
  0x000001fde5ccdbc0 JavaThread "Service Thread" daemon [_thread_blocked, id=8644, stack(0x000000cfbf400000,0x000000cfbf500000)]
  0x000001fde5cce490 JavaThread "Monitor Deflation Thread" daemon [_thread_blocked, id=8684, stack(0x000000cfbf500000,0x000000cfbf600000)]
=>0x000001fde5ccf140 JavaThread "C2 CompilerThread0" daemon [_thread_in_native, id=5304, stack(0x000000cfbf600000,0x000000cfbf700000)]
  0x000001fde5ccfb00 JavaThread "C1 CompilerThread0" daemon [_thread_blocked, id=8792, stack(0x000000cfbf700000,0x000000cfbf800000)]
  0x000001fdff018450 JavaThread "Sweeper thread" daemon [_thread_blocked, id=1656, stack(0x000000cfbf800000,0x000000cfbf900000)]
  0x000001fde5c9f0d0 JavaThread "Common-Cleaner" daemon [_thread_blocked, id=6928, stack(0x000000cfbf900000,0x000000cfbfa00000)]
  0x000001fdff1edfc0 JavaThread "Notification Thread" daemon [_thread_blocked, id=7472, stack(0x000000cfbfa00000,0x000000cfbfb00000)]
  0x000001fd80f89310 JavaThread "Daemon health stats" [_thread_blocked, id=12092, stack(0x000000cfc0000000,0x000000cfc0100000)]
  0x000001fd806b8820 JavaThread "Incoming local TCP Connector on port 52795" [_thread_in_native, id=5252, stack(0x000000cfbff00000,0x000000cfc0000000)]
  0x000001fd8100c6c0 JavaThread "Daemon periodic checks" [_thread_blocked, id=7376, stack(0x000000cfc0100000,0x000000cfc0200000)]
  0x000001fd810a6460 JavaThread "Cache worker for journal cache (C:\Users\Giang\.gradle\caches\journal-1)" [_thread_blocked, id=1160, stack(0x000000cfc0900000,0x000000cfc0a00000)]
  0x000001fd810a5020 JavaThread "File lock request listener" [_thread_in_native, id=108, stack(0x000000cfc0a00000,0x000000cfc0b00000)]
  0x000001fd810a5530 JavaThread "Cache worker for file hash cache (C:\Users\Giang\.gradle\caches\8.8\fileHashes)" [_thread_blocked, id=12188, stack(0x000000cfc0c00000,0x000000cfc0d00000)]
  0x000001fd810a6e80 JavaThread "File watcher server" daemon [_thread_in_native, id=11820, stack(0x000000cfc0e00000,0x000000cfc0f00000)]
  0x000001fd810a5f50 JavaThread "File watcher consumer" daemon [_thread_blocked, id=10496, stack(0x000000cfc0f00000,0x000000cfc1000000)]
  0x000001fd810a4600 JavaThread "Cache worker for file content cache (C:\Users\Giang\.gradle\caches\8.8\fileContent)" [_thread_blocked, id=10784, stack(0x000000cfc1000000,0x000000cfc1100000)]
  0x000001fd82abf710 JavaThread "jar transforms" [_thread_blocked, id=6708, stack(0x000000cfc1400000,0x000000cfc1500000)]
  0x000001fd82abd3a0 JavaThread "jar transforms Thread 2" [_thread_blocked, id=5232, stack(0x000000cfc1500000,0x000000cfc1600000)]
  0x000001fd82aba610 JavaThread "jar transforms Thread 3" [_thread_blocked, id=120, stack(0x000000cfc1600000,0x000000cfc1700000)]
  0x000001fd82ac1570 JavaThread "jar transforms Thread 4" [_thread_blocked, id=11636, stack(0x000000cfc1700000,0x000000cfc1800000)]
  0x000001fd82ac1a80 JavaThread "Memory manager" [_thread_blocked, id=5648, stack(0x000000cfc2200000,0x000000cfc2300000)]
  0x000001fdff57ec70 JavaThread "ForkJoinPool.commonPool-worker-4" daemon [_thread_blocked, id=11560, stack(0x000000cfc2000000,0x000000cfc2100000)]
  0x000001fd82363140 JavaThread "Cache worker for Java compile cache (C:\Users\Giang\.gradle\caches\8.8\javaCompile)" [_thread_blocked, id=192, stack(0x000000cfc4d00000,0x000000cfc4e00000)]
  0x000001fdff57d830 JavaThread "ForkJoinPool.commonPool-worker-5" daemon [_thread_blocked, id=2308, stack(0x000000cfc1e00000,0x000000cfc1f00000)]
  0x000001fd8430e080 JavaThread "Daemon Thread 3" [_thread_blocked, id=6136, stack(0x000000cfbe700000,0x000000cfbe800000)]
  0x000001fd84f26850 JavaThread "Daemon worker Thread 3" [_thread_blocked, id=10524, stack(0x000000cfc0300000,0x000000cfc0400000)]
  0x000001fd84a113d0 JavaThread "ForkJoinPool.commonPool-worker-8" daemon [_thread_blocked, id=7896, stack(0x000000cfc1c00000,0x000000cfc1d00000)]
  0x000001fd84f26d60 JavaThread "included builds" [_thread_blocked, id=9200, stack(0x000000cfc1d00000,0x000000cfc1e00000)]
  0x000001fd84a0fa80 JavaThread "VFS cleanup Thread 6" [_thread_blocked, id=3008, stack(0x000000cfc0400000,0x000000cfc0500000)]
  0x000001fd84a118e0 JavaThread "Handler for socket connection from /127.0.0.1:52795 to /127.0.0.1:53285" [_thread_in_native, id=9520, stack(0x000000cfbe800000,0x000000cfbe900000)]
  0x000001fd84a0ff90 JavaThread "Cancel handler" [_thread_blocked, id=6940, stack(0x000000cfc0200000,0x000000cfc0300000)]
  0x000001fd8430a8d0 JavaThread "Asynchronous log dispatcher for DefaultDaemonConnection: socket connection from /127.0.0.1:52795 to /127.0.0.1:53285" [_thread_blocked, id=11748, stack(0x000000cfc0500000,0x000000cfc0600000)]
  0x000001fd8430ade0 JavaThread "Stdin handler" [_thread_blocked, id=11584, stack(0x000000cfc0600000,0x000000cfc0700000)]
  0x000001fd8430c730 JavaThread "Daemon client event forwarder" [_thread_blocked, id=6968, stack(0x000000cfc0700000,0x000000cfc0800000)]
  0x000001fd8430db70 JavaThread "Cache worker for file hash cache (D:\OJT\day1\OJT_BE\.gradle\8.8\fileHashes)" [_thread_blocked, id=5200, stack(0x000000cfc0800000,0x000000cfc0900000)]
  0x000001fd8430b2f0 JavaThread "Cache worker for checksums cache (D:\OJT\day1\OJT_BE\.gradle\8.8\checksums)" [_thread_blocked, id=6964, stack(0x000000cfc0b00000,0x000000cfc0c00000)]
  0x000001fd8430bd10 JavaThread "Cache worker for cache directory md-rule (C:\Users\Giang\.gradle\caches\8.8\md-rule)" [_thread_blocked, id=9948, stack(0x000000cfc0d00000,0x000000cfc0e00000)]
  0x000001fd8430cc40 JavaThread "Cache worker for cache directory md-supplier (C:\Users\Giang\.gradle\caches\8.8\md-supplier)" [_thread_blocked, id=11696, stack(0x000000cfc1100000,0x000000cfc1200000)]
  0x000001fd8430d150 JavaThread "Cache worker for Build Output Cleanup Cache (D:\OJT\day1\OJT_BE\.gradle\buildOutputCleanup)" [_thread_blocked, id=8020, stack(0x000000cfc1200000,0x000000cfc1300000)]
  0x000001fd84f25e30 JavaThread "Unconstrained build operations" [_thread_blocked, id=11544, stack(0x000000cfc1300000,0x000000cfc1400000)]
  0x000001fd84f27270 JavaThread "Unconstrained build operations Thread 2" [_thread_blocked, id=11388, stack(0x000000cfc1800000,0x000000cfc1900000)]
  0x000001fd84f25920 JavaThread "Unconstrained build operations Thread 3" [_thread_blocked, id=9228, stack(0x000000cfc1900000,0x000000cfc1a00000)]
  0x000001fd84f27780 JavaThread "Unconstrained build operations Thread 4" [_thread_blocked, id=8920, stack(0x000000cfc1a00000,0x000000cfc1b00000)]
  0x000001fd84f249f0 JavaThread "Unconstrained build operations Thread 5" [_thread_blocked, id=4288, stack(0x000000cfc1b00000,0x000000cfc1c00000)]
  0x000001fd84f23fd0 JavaThread "Unconstrained build operations Thread 6" [_thread_blocked, id=4492, stack(0x000000cfc1f00000,0x000000cfc2000000)]
  0x000001fd84f244e0 JavaThread "included builds" [_thread_in_native, id=8136, stack(0x000000cfc2100000,0x000000cfc2200000)]
  0x000001fd84a11df0 JavaThread "Execution worker" [_thread_blocked, id=10556, stack(0x000000cfc2400000,0x000000cfc2500000)]
  0x000001fd84a12300 JavaThread "Execution worker Thread 2" [_thread_blocked, id=7132, stack(0x000000cfc2500000,0x000000cfc2600000)]
  0x000001fd84a0f570 JavaThread "Execution worker Thread 3" [_thread_blocked, id=10396, stack(0x000000cfc2600000,0x000000cfc2700000)]
  0x000001fd84a104a0 JavaThread "Cache worker for execution history cache (D:\OJT\day1\OJT_BE\.gradle\8.8\executionHistory)" [_thread_blocked, id=3536, stack(0x000000cfc2700000,0x000000cfc2800000)]
  0x000001fd84a109b0 JavaThread "Unconstrained build operations Thread 7" [_thread_blocked, id=7620, stack(0x000000cfc2800000,0x000000cfc2900000)]
  0x000001fd84a0eb50 JavaThread "Unconstrained build operations Thread 8" [_thread_blocked, id=4308, stack(0x000000cfc2900000,0x000000cfc2a00000)]
  0x000001fd84a0f060 JavaThread "Unconstrained build operations Thread 9" [_thread_blocked, id=12004, stack(0x000000cfc2a00000,0x000000cfc2b00000)]
  0x000001fd84a10ec0 JavaThread "Unconstrained build operations Thread 10" [_thread_blocked, id=10760, stack(0x000000cfc2b00000,0x000000cfc2c00000)]
  0x000001fd845c8400 JavaThread "Unconstrained build operations Thread 11" [_thread_blocked, id=6992, stack(0x000000cfc2c00000,0x000000cfc2d00000)]
  0x000001fd845c8910 JavaThread "Unconstrained build operations Thread 12" [_thread_blocked, id=10036, stack(0x000000cfc2d00000,0x000000cfc2e00000)]
  0x000001fd845c8e20 JavaThread "Unconstrained build operations Thread 13" [_thread_blocked, id=6560, stack(0x000000cfc2e00000,0x000000cfc2f00000)]
  0x000001fd845c7ef0 JavaThread "Unconstrained build operations Thread 14" [_thread_blocked, id=9336, stack(0x000000cfc2f00000,0x000000cfc3000000)]
  0x000001fd845c9840 JavaThread "Unconstrained build operations Thread 15" [_thread_blocked, id=11328, stack(0x000000cfc3000000,0x000000cfc3100000)]
  0x000001fd845c9330 JavaThread "Unconstrained build operations Thread 16" [_thread_blocked, id=4612, stack(0x000000cfc3100000,0x000000cfc3200000)]
  0x000001fd845c6090 JavaThread "Unconstrained build operations Thread 17" [_thread_blocked, id=12244, stack(0x000000cfc3200000,0x000000cfc3300000)]
  0x000001fd84f24f00 JavaThread "Unconstrained build operations Thread 18" [_thread_new, id=8144, stack(0x0000000000000000,0x0000000000000000)]

Other Threads:
  0x000001fde5cb04b0 VMThread "VM Thread" [stack: 0x000000cfbef00000,0x000000cfbf000000] [id=10696]
  0x000001fdff14b5e0 WatcherThread [stack: 0x000000cfbfb00000,0x000000cfbfc00000] [id=3336]
  0x000001fdcb9ef560 GCTaskThread "GC Thread#0" [stack: 0x000000cfbea00000,0x000000cfbeb00000] [id=1400]
  0x000001fdff21ce90 GCTaskThread "GC Thread#1" [stack: 0x000000cfbfc00000,0x000000cfbfd00000] [id=9360]
  0x000001fdff21d150 GCTaskThread "GC Thread#2" [stack: 0x000000cfbfd00000,0x000000cfbfe00000] [id=4944]
  0x000001fdff21d410 GCTaskThread "GC Thread#3" [stack: 0x000000cfbfe00000,0x000000cfbff00000] [id=8568]
  0x000001fdcb9f53d0 ConcurrentGCThread "G1 Main Marker" [stack: 0x000000cfbeb00000,0x000000cfbec00000] [id=9516]
  0x000001fdcb9f5d00 ConcurrentGCThread "G1 Conc#0" [stack: 0x000000cfbec00000,0x000000cfbed00000] [id=7876]
  0x000001fdcba7cdf0 ConcurrentGCThread "G1 Refine#0" [stack: 0x000000cfbed00000,0x000000cfbee00000] [id=3004]
  0x000001fd83ffaf00 ConcurrentGCThread "G1 Refine#1" [stack: 0x000000cfc2300000,0x000000cfc2400000] [id=12176]
  0x000001fd83cc6ac0 ConcurrentGCThread "G1 Refine#2" [stack: 0x000000cfc4e00000,0x000000cfc4f00000] [id=7992]
  0x000001fdcba7d730 ConcurrentGCThread "G1 Service" [stack: 0x000000cfbee00000,0x000000cfbef00000] [id=10660]

Threads with active compile tasks:
C2 CompilerThread0   569753 19049       4       org.gradle.internal.operations.DefaultBuildOperationExecutor::runAll (26 bytes)

VM state: not at safepoint (normal execution)

VM Mutex/Monitor currently owned by a thread: None

Heap address: 0x00000000e0000000, size: 512 MB, Compressed Oops mode: 32-bit

CDS archive(s) mapped at: [0x000001fde6000000-0x000001fde6bb0000-0x000001fde6bb0000), size 12255232, SharedBaseAddress: 0x000001fde6000000, ArchiveRelocationMode: 1.
Compressed class space mapped at: 0x000001fde7000000-0x000001fdfb000000, reserved size: 335544320
Narrow klass base: 0x000001fde6000000, Narrow klass shift: 0, Narrow klass range: 0x100000000

GC Precious Log:
 CPUs: 4 total, 4 available
 Memory: 7887M
 Large Page Support: Disabled
 NUMA Support: Disabled
 Compressed Oops: Enabled (32-bit)
 Heap Region Size: 1M
 Heap Min Capacity: 256M
 Heap Initial Capacity: 256M
 Heap Max Capacity: 512M
 Pre-touch: Disabled
 Parallel Workers: 4
 Concurrent Workers: 1
 Concurrent Refinement Workers: 4
 Periodic GC: Disabled

Heap:
 garbage-first heap   total 262144K, used 193180K [0x00000000e0000000, 0x0000000100000000)
  region size 1024K, 82 young (83968K), 13 survivors (13312K)
 Metaspace       used 70840K, committed 71744K, reserved 393216K
  class space    used 9333K, committed 9856K, reserved 327680K

Heap Regions: E=young(eden), S=young(survivor), O=old, HS=humongous(starts), HC=humongous(continues), CS=collection set, F=free, OA=open archive, CA=closed archive, TAMS=top-at-mark-start (previous, next)
|   0|0x00000000e0000000, 0x00000000e0100000, 0x00000000e0100000|100%|HS|  |TAMS 0x00000000e0100000, 0x00000000e0000000| Complete 
|   1|0x00000000e0100000, 0x00000000e0200000, 0x00000000e0200000|100%|HC|  |TAMS 0x00000000e0200000, 0x00000000e0100000| Complete 
|   2|0x00000000e0200000, 0x00000000e0300000, 0x00000000e0300000|100%|HC|  |TAMS 0x00000000e0300000, 0x00000000e0200000| Complete 
|   3|0x00000000e0300000, 0x00000000e0400000, 0x00000000e0400000|100%|HC|  |TAMS 0x00000000e0400000, 0x00000000e0300000| Complete 
|   4|0x00000000e0400000, 0x00000000e0500000, 0x00000000e0500000|100%| O|  |TAMS 0x00000000e0500000, 0x00000000e0400000| Untracked 
|   5|0x00000000e0500000, 0x00000000e0600000, 0x00000000e0600000|100%| O|  |TAMS 0x00000000e0600000, 0x00000000e0500000| Untracked 
|   6|0x00000000e0600000, 0x00000000e0700000, 0x00000000e0700000|100%| O|  |TAMS 0x00000000e0700000, 0x00000000e0600000| Untracked 
|   7|0x00000000e0700000, 0x00000000e0800000, 0x00000000e0800000|100%| O|  |TAMS 0x00000000e0800000, 0x00000000e0700000| Untracked 
|   8|0x00000000e0800000, 0x00000000e0900000, 0x00000000e0900000|100%| O|  |TAMS 0x00000000e0900000, 0x00000000e0800000| Untracked 
|   9|0x00000000e0900000, 0x00000000e0a00000, 0x00000000e0a00000|100%| O|  |TAMS 0x00000000e0a00000, 0x00000000e0900000| Untracked 
|  10|0x00000000e0a00000, 0x00000000e0b00000, 0x00000000e0b00000|100%| O|  |TAMS 0x00000000e0b00000, 0x00000000e0a00000| Untracked 
|  11|0x00000000e0b00000, 0x00000000e0c00000, 0x00000000e0c00000|100%| O|  |TAMS 0x00000000e0c00000, 0x00000000e0b00000| Untracked 
|  12|0x00000000e0c00000, 0x00000000e0d00000, 0x00000000e0d00000|100%|HS|  |TAMS 0x00000000e0d00000, 0x00000000e0c00000| Complete 
|  13|0x00000000e0d00000, 0x00000000e0e00000, 0x00000000e0e00000|100%| O|  |TAMS 0x00000000e0e00000, 0x00000000e0d00000| Untracked 
|  14|0x00000000e0e00000, 0x00000000e0f00000, 0x00000000e0f00000|100%| O|  |TAMS 0x00000000e0f00000, 0x00000000e0e00000| Untracked 
|  15|0x00000000e0f00000, 0x00000000e1000000, 0x00000000e1000000|100%| O|  |TAMS 0x00000000e1000000, 0x00000000e0f00000| Untracked 
|  16|0x00000000e1000000, 0x00000000e1100000, 0x00000000e1100000|100%| O|  |TAMS 0x00000000e1100000, 0x00000000e1000000| Untracked 
|  17|0x00000000e1100000, 0x00000000e1200000, 0x00000000e1200000|100%| O|  |TAMS 0x00000000e1200000, 0x00000000e1100000| Untracked 
|  18|0x00000000e1200000, 0x00000000e1300000, 0x00000000e1300000|100%| O|  |TAMS 0x00000000e1300000, 0x00000000e1200000| Untracked 
|  19|0x00000000e1300000, 0x00000000e1400000, 0x00000000e1400000|100%| O|  |TAMS 0x00000000e1400000, 0x00000000e1300000| Untracked 
|  20|0x00000000e1400000, 0x00000000e1500000, 0x00000000e1500000|100%| O|  |TAMS 0x00000000e1500000, 0x00000000e1400000| Untracked 
|  21|0x00000000e1500000, 0x00000000e1600000, 0x00000000e1600000|100%| O|  |TAMS 0x00000000e1600000, 0x00000000e1500000| Untracked 
|  22|0x00000000e1600000, 0x00000000e1700000, 0x00000000e1700000|100%| O|  |TAMS 0x00000000e1700000, 0x00000000e1600000| Untracked 
|  23|0x00000000e1700000, 0x00000000e1800000, 0x00000000e1800000|100%| O|  |TAMS 0x00000000e1800000, 0x00000000e1700000| Untracked 
|  24|0x00000000e1800000, 0x00000000e1900000, 0x00000000e1900000|100%| O|  |TAMS 0x00000000e1900000, 0x00000000e1800000| Untracked 
|  25|0x00000000e1900000, 0x00000000e1a00000, 0x00000000e1a00000|100%| O|  |TAMS 0x00000000e1a00000, 0x00000000e1900000| Untracked 
|  26|0x00000000e1a00000, 0x00000000e1b00000, 0x00000000e1b00000|100%| O|  |TAMS 0x00000000e1b00000, 0x00000000e1a00000| Untracked 
|  27|0x00000000e1b00000, 0x00000000e1c00000, 0x00000000e1c00000|100%| O|  |TAMS 0x00000000e1c00000, 0x00000000e1b00000| Untracked 
|  28|0x00000000e1c00000, 0x00000000e1d00000, 0x00000000e1d00000|100%| O|  |TAMS 0x00000000e1d00000, 0x00000000e1c00000| Untracked 
|  29|0x00000000e1d00000, 0x00000000e1e00000, 0x00000000e1e00000|100%| O|  |TAMS 0x00000000e1e00000, 0x00000000e1d00000| Untracked 
|  30|0x00000000e1e00000, 0x00000000e1f00000, 0x00000000e1f00000|100%| O|  |TAMS 0x00000000e1f00000, 0x00000000e1e00000| Untracked 
|  31|0x00000000e1f00000, 0x00000000e2000000, 0x00000000e2000000|100%| O|  |TAMS 0x00000000e2000000, 0x00000000e1f00000| Untracked 
|  32|0x00000000e2000000, 0x00000000e2100000, 0x00000000e2100000|100%| O|  |TAMS 0x00000000e2100000, 0x00000000e2000000| Untracked 
|  33|0x00000000e2100000, 0x00000000e2200000, 0x00000000e2200000|100%| O|  |TAMS 0x00000000e2200000, 0x00000000e2100000| Untracked 
|  34|0x00000000e2200000, 0x00000000e2300000, 0x00000000e2300000|100%| O|  |TAMS 0x00000000e2300000, 0x00000000e2200000| Untracked 
|  35|0x00000000e2300000, 0x00000000e2400000, 0x00000000e2400000|100%| O|  |TAMS 0x00000000e2400000, 0x00000000e2300000| Untracked 
|  36|0x00000000e2400000, 0x00000000e2500000, 0x00000000e2500000|100%| O|  |TAMS 0x00000000e2500000, 0x00000000e2400000| Untracked 
|  37|0x00000000e2500000, 0x00000000e2600000, 0x00000000e2600000|100%| O|  |TAMS 0x00000000e2600000, 0x00000000e2500000| Untracked 
|  38|0x00000000e2600000, 0x00000000e2700000, 0x00000000e2700000|100%| O|  |TAMS 0x00000000e2700000, 0x00000000e2600000| Untracked 
|  39|0x00000000e2700000, 0x00000000e2800000, 0x00000000e2800000|100%| O|  |TAMS 0x00000000e2700000, 0x00000000e2700000| Untracked 
|  40|0x00000000e2800000, 0x00000000e2900000, 0x00000000e2900000|100%| O|  |TAMS 0x00000000e2900000, 0x00000000e2800000| Untracked 
|  41|0x00000000e2900000, 0x00000000e2a00000, 0x00000000e2a00000|100%| O|  |TAMS 0x00000000e2a00000, 0x00000000e2900000| Untracked 
|  42|0x00000000e2a00000, 0x00000000e2b00000, 0x00000000e2b00000|100%| O|  |TAMS 0x00000000e2b00000, 0x00000000e2a00000| Untracked 
|  43|0x00000000e2b00000, 0x00000000e2c00000, 0x00000000e2c00000|100%| O|  |TAMS 0x00000000e2c00000, 0x00000000e2b00000| Untracked 
|  44|0x00000000e2c00000, 0x00000000e2d00000, 0x00000000e2d00000|100%| O|  |TAMS 0x00000000e2d00000, 0x00000000e2c00000| Untracked 
|  45|0x00000000e2d00000, 0x00000000e2e00000, 0x00000000e2e00000|100%| O|  |TAMS 0x00000000e2e00000, 0x00000000e2d00000| Untracked 
|  46|0x00000000e2e00000, 0x00000000e2f00000, 0x00000000e2f00000|100%| O|  |TAMS 0x00000000e2f00000, 0x00000000e2e00000| Untracked 
|  47|0x00000000e2f00000, 0x00000000e3000000, 0x00000000e3000000|100%| O|  |TAMS 0x00000000e3000000, 0x00000000e2f00000| Untracked 
|  48|0x00000000e3000000, 0x00000000e3100000, 0x00000000e3100000|100%| O|  |TAMS 0x00000000e3000000, 0x00000000e3000000| Untracked 
|  49|0x00000000e3100000, 0x00000000e3200000, 0x00000000e3200000|100%| O|  |TAMS 0x00000000e3100000, 0x00000000e3100000| Untracked 
|  50|0x00000000e3200000, 0x00000000e3300000, 0x00000000e3300000|100%| O|  |TAMS 0x00000000e3300000, 0x00000000e3200000| Untracked 
|  51|0x00000000e3300000, 0x00000000e3400000, 0x00000000e3400000|100%| O|  |TAMS 0x00000000e3400000, 0x00000000e3300000| Untracked 
|  52|0x00000000e3400000, 0x00000000e3500000, 0x00000000e3500000|100%| O|  |TAMS 0x00000000e3500000, 0x00000000e3400000| Untracked 
|  53|0x00000000e3500000, 0x00000000e3600000, 0x00000000e3600000|100%| O|  |TAMS 0x00000000e3500000, 0x00000000e3500000| Untracked 
|  54|0x00000000e3600000, 0x00000000e3700000, 0x00000000e3700000|100%| O|  |TAMS 0x00000000e3700000, 0x00000000e3600000| Untracked 
|  55|0x00000000e3700000, 0x00000000e3800000, 0x00000000e3800000|100%| O|  |TAMS 0x00000000e3800000, 0x00000000e3700000| Untracked 
|  56|0x00000000e3800000, 0x00000000e3900000, 0x00000000e3900000|100%| O|  |TAMS 0x00000000e3800000, 0x00000000e3800000| Untracked 
|  57|0x00000000e3900000, 0x00000000e3a00000, 0x00000000e3a00000|100%| O|  |TAMS 0x00000000e3a00000, 0x00000000e3900000| Untracked 
|  58|0x00000000e3a00000, 0x00000000e3b00000, 0x00000000e3b00000|100%| O|  |TAMS 0x00000000e3b00000, 0x00000000e3a00000| Untracked 
|  59|0x00000000e3b00000, 0x00000000e3c00000, 0x00000000e3c00000|100%| O|  |TAMS 0x00000000e3c00000, 0x00000000e3b00000| Untracked 
|  60|0x00000000e3c00000, 0x00000000e3d00000, 0x00000000e3d00000|100%| O|  |TAMS 0x00000000e3d00000, 0x00000000e3c00000| Untracked 
|  61|0x00000000e3d00000, 0x00000000e3e00000, 0x00000000e3e00000|100%| O|  |TAMS 0x00000000e3d00000, 0x00000000e3d00000| Untracked 
|  62|0x00000000e3e00000, 0x00000000e3f00000, 0x00000000e3f00000|100%| O|  |TAMS 0x00000000e3f00000, 0x00000000e3e00000| Untracked 
|  63|0x00000000e3f00000, 0x00000000e4000000, 0x00000000e4000000|100%| O|  |TAMS 0x00000000e4000000, 0x00000000e3f00000| Untracked 
|  64|0x00000000e4000000, 0x00000000e4100000, 0x00000000e4100000|100%| O|  |TAMS 0x00000000e4100000, 0x00000000e4000000| Untracked 
|  65|0x00000000e4100000, 0x00000000e4200000, 0x00000000e4200000|100%| O|  |TAMS 0x00000000e4200000, 0x00000000e4100000| Untracked 
|  66|0x00000000e4200000, 0x00000000e4300000, 0x00000000e4300000|100%| O|  |TAMS 0x00000000e4300000, 0x00000000e4200000| Untracked 
|  67|0x00000000e4300000, 0x00000000e4400000, 0x00000000e4400000|100%| O|  |TAMS 0x00000000e4400000, 0x00000000e4300000| Untracked 
|  68|0x00000000e4400000, 0x00000000e4500000, 0x00000000e4500000|100%| O|  |TAMS 0x00000000e4500000, 0x00000000e4400000| Untracked 
|  69|0x00000000e4500000, 0x00000000e4600000, 0x00000000e4600000|100%| O|  |TAMS 0x00000000e4600000, 0x00000000e4500000| Untracked 
|  70|0x00000000e4600000, 0x00000000e4700000, 0x00000000e4700000|100%| O|  |TAMS 0x00000000e4700000, 0x00000000e4600000| Untracked 
|  71|0x00000000e4700000, 0x00000000e4800000, 0x00000000e4800000|100%| O|  |TAMS 0x00000000e4800000, 0x00000000e4700000| Untracked 
|  72|0x00000000e4800000, 0x00000000e4900000, 0x00000000e4900000|100%| O|  |TAMS 0x00000000e4900000, 0x00000000e4800000| Untracked 
|  73|0x00000000e4900000, 0x00000000e4a00000, 0x00000000e4a00000|100%| O|  |TAMS 0x00000000e4a00000, 0x00000000e4900000| Untracked 
|  74|0x00000000e4a00000, 0x00000000e4b00000, 0x00000000e4b00000|100%| O|  |TAMS 0x00000000e4b00000, 0x00000000e4a00000| Untracked 
|  75|0x00000000e4b00000, 0x00000000e4c00000, 0x00000000e4c00000|100%| O|  |TAMS 0x00000000e4c00000, 0x00000000e4b00000| Untracked 
|  76|0x00000000e4c00000, 0x00000000e4d00000, 0x00000000e4d00000|100%| O|  |TAMS 0x00000000e4d00000, 0x00000000e4c00000| Untracked 
|  77|0x00000000e4d00000, 0x00000000e4e00000, 0x00000000e4e00000|100%| O|  |TAMS 0x00000000e4e00000, 0x00000000e4d00000| Untracked 
|  78|0x00000000e4e00000, 0x00000000e4f00000, 0x00000000e4f00000|100%| O|  |TAMS 0x00000000e4f00000, 0x00000000e4e00000| Untracked 
|  79|0x00000000e4f00000, 0x00000000e5000000, 0x00000000e5000000|100%| O|  |TAMS 0x00000000e4f00000, 0x00000000e4f00000| Untracked 
|  80|0x00000000e5000000, 0x00000000e5100000, 0x00000000e5100000|100%| O|  |TAMS 0x00000000e5000000, 0x00000000e5000000| Untracked 
|  81|0x00000000e5100000, 0x00000000e5200000, 0x00000000e5200000|100%| O|  |TAMS 0x00000000e5100000, 0x00000000e5100000| Untracked 
|  82|0x00000000e5200000, 0x00000000e5300000, 0x00000000e5300000|100%| O|  |TAMS 0x00000000e5200000, 0x00000000e5200000| Untracked 
|  83|0x00000000e5300000, 0x00000000e5400000, 0x00000000e5400000|100%| O|  |TAMS 0x00000000e5300000, 0x00000000e5300000| Untracked 
|  84|0x00000000e5400000, 0x00000000e5500000, 0x00000000e5500000|100%| O|  |TAMS 0x00000000e5400000, 0x00000000e5400000| Untracked 
|  85|0x00000000e5500000, 0x00000000e5600000, 0x00000000e5600000|100%| O|  |TAMS 0x00000000e5500000, 0x00000000e5500000| Untracked 
|  86|0x00000000e5600000, 0x00000000e5700000, 0x00000000e5700000|100%| O|  |TAMS 0x00000000e5600000, 0x00000000e5600000| Untracked 
|  87|0x00000000e5700000, 0x00000000e5800000, 0x00000000e5800000|100%| O|  |TAMS 0x00000000e5700000, 0x00000000e5700000| Untracked 
|  88|0x00000000e5800000, 0x00000000e5900000, 0x00000000e5900000|100%| O|  |TAMS 0x00000000e5800000, 0x00000000e5800000| Untracked 
|  89|0x00000000e5900000, 0x00000000e5a00000, 0x00000000e5a00000|100%| O|  |TAMS 0x00000000e5900000, 0x00000000e5900000| Untracked 
|  90|0x00000000e5a00000, 0x00000000e5b00000, 0x00000000e5b00000|100%| O|  |TAMS 0x00000000e5a00000, 0x00000000e5a00000| Untracked 
|  91|0x00000000e5b00000, 0x00000000e5c00000, 0x00000000e5c00000|100%| O|  |TAMS 0x00000000e5b00000, 0x00000000e5b00000| Untracked 
|  92|0x00000000e5c00000, 0x00000000e5d00000, 0x00000000e5d00000|100%| O|  |TAMS 0x00000000e5c00000, 0x00000000e5c00000| Untracked 
|  93|0x00000000e5d00000, 0x00000000e5e00000, 0x00000000e5e00000|100%| O|  |TAMS 0x00000000e5d00000, 0x00000000e5d00000| Untracked 
|  94|0x00000000e5e00000, 0x00000000e5f00000, 0x00000000e5f00000|100%| O|  |TAMS 0x00000000e5e00000, 0x00000000e5e00000| Untracked 
|  95|0x00000000e5f00000, 0x00000000e6000000, 0x00000000e6000000|100%| O|  |TAMS 0x00000000e5f00000, 0x00000000e5f00000| Untracked 
|  96|0x00000000e6000000, 0x00000000e6100000, 0x00000000e6100000|100%| O|  |TAMS 0x00000000e6000000, 0x00000000e6000000| Untracked 
|  97|0x00000000e6100000, 0x00000000e6200000, 0x00000000e6200000|100%| O|  |TAMS 0x00000000e6100000, 0x00000000e6100000| Untracked 
|  98|0x00000000e6200000, 0x00000000e6300000, 0x00000000e6300000|100%| O|  |TAMS 0x00000000e6200000, 0x00000000e6200000| Untracked 
|  99|0x00000000e6300000, 0x00000000e6400000, 0x00000000e6400000|100%| O|  |TAMS 0x00000000e6300000, 0x00000000e6300000| Untracked 
| 100|0x00000000e6400000, 0x00000000e6422000, 0x00000000e6500000| 13%| O|  |TAMS 0x00000000e6400000, 0x00000000e6400000| Untracked 
| 101|0x00000000e6500000, 0x00000000e6500000, 0x00000000e6600000|  0%| F|  |TAMS 0x00000000e6500000, 0x00000000e6500000| Untracked 
| 102|0x00000000e6600000, 0x00000000e6700000, 0x00000000e6700000|100%| O|  |TAMS 0x00000000e667de00, 0x00000000e6600000| Untracked 
| 103|0x00000000e6700000, 0x00000000e6800000, 0x00000000e6800000|100%| O|  |TAMS 0x00000000e6700000, 0x00000000e6700000| Untracked 
| 104|0x00000000e6800000, 0x00000000e6900000, 0x00000000e6900000|100%| O|  |TAMS 0x00000000e6800000, 0x00000000e6800000| Untracked 
| 105|0x00000000e6900000, 0x00000000e6a00000, 0x00000000e6a00000|100%| O|  |TAMS 0x00000000e6900000, 0x00000000e6900000| Untracked 
| 106|0x00000000e6a00000, 0x00000000e6b00000, 0x00000000e6b00000|100%| O|  |TAMS 0x00000000e6a00000, 0x00000000e6a00000| Untracked 
| 107|0x00000000e6b00000, 0x00000000e6c00000, 0x00000000e6c00000|100%| O|  |TAMS 0x00000000e6b00000, 0x00000000e6b00000| Untracked 
| 108|0x00000000e6c00000, 0x00000000e6d00000, 0x00000000e6d00000|100%| O|  |TAMS 0x00000000e6c00000, 0x00000000e6c00000| Untracked 
| 109|0x00000000e6d00000, 0x00000000e6e00000, 0x00000000e6e00000|100%| O|  |TAMS 0x00000000e6d00000, 0x00000000e6d00000| Untracked 
| 110|0x00000000e6e00000, 0x00000000e6e00000, 0x00000000e6f00000|  0%| F|  |TAMS 0x00000000e6e00000, 0x00000000e6e00000| Untracked 
| 111|0x00000000e6f00000, 0x00000000e6f00000, 0x00000000e7000000|  0%| F|  |TAMS 0x00000000e6f00000, 0x00000000e6f00000| Untracked 
| 112|0x00000000e7000000, 0x00000000e7000000, 0x00000000e7100000|  0%| F|  |TAMS 0x00000000e7000000, 0x00000000e7000000| Untracked 
| 113|0x00000000e7100000, 0x00000000e7100000, 0x00000000e7200000|  0%| F|  |TAMS 0x00000000e7100000, 0x00000000e7100000| Untracked 
| 114|0x00000000e7200000, 0x00000000e7200000, 0x00000000e7300000|  0%| F|  |TAMS 0x00000000e7200000, 0x00000000e7200000| Untracked 
| 115|0x00000000e7300000, 0x00000000e7300000, 0x00000000e7400000|  0%| F|  |TAMS 0x00000000e7300000, 0x00000000e7300000| Untracked 
| 116|0x00000000e7400000, 0x00000000e7400000, 0x00000000e7500000|  0%| F|  |TAMS 0x00000000e7400000, 0x00000000e7400000| Untracked 
| 117|0x00000000e7500000, 0x00000000e7500000, 0x00000000e7600000|  0%| F|  |TAMS 0x00000000e7500000, 0x00000000e7500000| Untracked 
| 118|0x00000000e7600000, 0x00000000e7600000, 0x00000000e7700000|  0%| F|  |TAMS 0x00000000e7600000, 0x00000000e7600000| Untracked 
| 119|0x00000000e7700000, 0x00000000e7700000, 0x00000000e7800000|  0%| F|  |TAMS 0x00000000e7700000, 0x00000000e7700000| Untracked 
| 120|0x00000000e7800000, 0x00000000e7800000, 0x00000000e7900000|  0%| F|  |TAMS 0x00000000e7800000, 0x00000000e7800000| Untracked 
| 121|0x00000000e7900000, 0x00000000e7900000, 0x00000000e7a00000|  0%| F|  |TAMS 0x00000000e7900000, 0x00000000e7900000| Untracked 
| 122|0x00000000e7a00000, 0x00000000e7a00000, 0x00000000e7b00000|  0%| F|  |TAMS 0x00000000e7a00000, 0x00000000e7a00000| Untracked 
| 123|0x00000000e7b00000, 0x00000000e7b00000, 0x00000000e7c00000|  0%| F|  |TAMS 0x00000000e7b00000, 0x00000000e7b00000| Untracked 
| 124|0x00000000e7c00000, 0x00000000e7c00000, 0x00000000e7d00000|  0%| F|  |TAMS 0x00000000e7c00000, 0x00000000e7c00000| Untracked 
| 125|0x00000000e7d00000, 0x00000000e7d00000, 0x00000000e7e00000|  0%| F|  |TAMS 0x00000000e7d00000, 0x00000000e7d00000| Untracked 
| 126|0x00000000e7e00000, 0x00000000e7e00000, 0x00000000e7f00000|  0%| F|  |TAMS 0x00000000e7e00000, 0x00000000e7e00000| Untracked 
| 127|0x00000000e7f00000, 0x00000000e7f00000, 0x00000000e8000000|  0%| F|  |TAMS 0x00000000e7f00000, 0x00000000e7f00000| Untracked 
| 128|0x00000000e8000000, 0x00000000e8000000, 0x00000000e8100000|  0%| F|  |TAMS 0x00000000e8000000, 0x00000000e8000000| Untracked 
| 129|0x00000000e8100000, 0x00000000e8100000, 0x00000000e8200000|  0%| F|  |TAMS 0x00000000e8100000, 0x00000000e8100000| Untracked 
| 130|0x00000000e8200000, 0x00000000e8200000, 0x00000000e8300000|  0%| F|  |TAMS 0x00000000e8200000, 0x00000000e8200000| Untracked 
| 131|0x00000000e8300000, 0x00000000e8300000, 0x00000000e8400000|  0%| F|  |TAMS 0x00000000e8300000, 0x00000000e8300000| Untracked 
| 132|0x00000000e8400000, 0x00000000e8400000, 0x00000000e8500000|  0%| F|  |TAMS 0x00000000e8400000, 0x00000000e8400000| Untracked 
| 133|0x00000000e8500000, 0x00000000e8500000, 0x00000000e8600000|  0%| F|  |TAMS 0x00000000e8500000, 0x00000000e8500000| Untracked 
| 134|0x00000000e8600000, 0x00000000e8600000, 0x00000000e8700000|  0%| F|  |TAMS 0x00000000e8600000, 0x00000000e8600000| Untracked 
| 135|0x00000000e8700000, 0x00000000e8700000, 0x00000000e8800000|  0%| F|  |TAMS 0x00000000e8700000, 0x00000000e8700000| Untracked 
| 136|0x00000000e8800000, 0x00000000e8800000, 0x00000000e8900000|  0%| F|  |TAMS 0x00000000e8800000, 0x00000000e8800000| Untracked 
| 137|0x00000000e8900000, 0x00000000e8900000, 0x00000000e8a00000|  0%| F|  |TAMS 0x00000000e8900000, 0x00000000e8900000| Untracked 
| 138|0x00000000e8a00000, 0x00000000e8a00000, 0x00000000e8b00000|  0%| F|  |TAMS 0x00000000e8a00000, 0x00000000e8a00000| Untracked 
| 139|0x00000000e8b00000, 0x00000000e8b00000, 0x00000000e8c00000|  0%| F|  |TAMS 0x00000000e8b00000, 0x00000000e8b00000| Untracked 
| 140|0x00000000e8c00000, 0x00000000e8c00000, 0x00000000e8d00000|  0%| F|  |TAMS 0x00000000e8c00000, 0x00000000e8c00000| Untracked 
| 141|0x00000000e8d00000, 0x00000000e8d00000, 0x00000000e8e00000|  0%| F|  |TAMS 0x00000000e8d00000, 0x00000000e8d00000| Untracked 
| 142|0x00000000e8e00000, 0x00000000e8e00000, 0x00000000e8f00000|  0%| F|  |TAMS 0x00000000e8e00000, 0x00000000e8e00000| Untracked 
| 143|0x00000000e8f00000, 0x00000000e8f85140, 0x00000000e9000000| 51%| S|CS|TAMS 0x00000000e8f00000, 0x00000000e8f00000| Complete 
| 144|0x00000000e9000000, 0x00000000e9100000, 0x00000000e9100000|100%| S|CS|TAMS 0x00000000e9000000, 0x00000000e9000000| Complete 
| 145|0x00000000e9100000, 0x00000000e9200000, 0x00000000e9200000|100%| S|CS|TAMS 0x00000000e9100000, 0x00000000e9100000| Complete 
| 146|0x00000000e9200000, 0x00000000e9300000, 0x00000000e9300000|100%| S|CS|TAMS 0x00000000e9200000, 0x00000000e9200000| Complete 
| 147|0x00000000e9300000, 0x00000000e9400000, 0x00000000e9400000|100%| S|CS|TAMS 0x00000000e9300000, 0x00000000e9300000| Complete 
| 148|0x00000000e9400000, 0x00000000e9500000, 0x00000000e9500000|100%| S|CS|TAMS 0x00000000e9400000, 0x00000000e9400000| Complete 
| 149|0x00000000e9500000, 0x00000000e9600000, 0x00000000e9600000|100%| S|CS|TAMS 0x00000000e9500000, 0x00000000e9500000| Complete 
| 150|0x00000000e9600000, 0x00000000e9700000, 0x00000000e9700000|100%| S|CS|TAMS 0x00000000e9600000, 0x00000000e9600000| Complete 
| 151|0x00000000e9700000, 0x00000000e9800000, 0x00000000e9800000|100%| S|CS|TAMS 0x00000000e9700000, 0x00000000e9700000| Complete 
| 152|0x00000000e9800000, 0x00000000e9900000, 0x00000000e9900000|100%| S|CS|TAMS 0x00000000e9800000, 0x00000000e9800000| Complete 
| 153|0x00000000e9900000, 0x00000000e9a00000, 0x00000000e9a00000|100%| S|CS|TAMS 0x00000000e9900000, 0x00000000e9900000| Complete 
| 154|0x00000000e9a00000, 0x00000000e9b00000, 0x00000000e9b00000|100%| S|CS|TAMS 0x00000000e9a00000, 0x00000000e9a00000| Complete 
| 155|0x00000000e9b00000, 0x00000000e9c00000, 0x00000000e9c00000|100%| S|CS|TAMS 0x00000000e9b00000, 0x00000000e9b00000| Complete 
| 156|0x00000000e9c00000, 0x00000000e9c00000, 0x00000000e9d00000|  0%| F|  |TAMS 0x00000000e9c00000, 0x00000000e9c00000| Untracked 
| 157|0x00000000e9d00000, 0x00000000e9d00000, 0x00000000e9e00000|  0%| F|  |TAMS 0x00000000e9d00000, 0x00000000e9d00000| Untracked 
| 158|0x00000000e9e00000, 0x00000000e9e00000, 0x00000000e9f00000|  0%| F|  |TAMS 0x00000000e9e00000, 0x00000000e9e00000| Untracked 
| 159|0x00000000e9f00000, 0x00000000e9f00000, 0x00000000ea000000|  0%| F|  |TAMS 0x00000000e9f00000, 0x00000000e9f00000| Untracked 
| 160|0x00000000ea000000, 0x00000000ea000000, 0x00000000ea100000|  0%| F|  |TAMS 0x00000000ea000000, 0x00000000ea000000| Untracked 
| 161|0x00000000ea100000, 0x00000000ea100000, 0x00000000ea200000|  0%| F|  |TAMS 0x00000000ea100000, 0x00000000ea100000| Untracked 
| 162|0x00000000ea200000, 0x00000000ea200000, 0x00000000ea300000|  0%| F|  |TAMS 0x00000000ea200000, 0x00000000ea200000| Untracked 
| 163|0x00000000ea300000, 0x00000000ea300000, 0x00000000ea400000|  0%| F|  |TAMS 0x00000000ea300000, 0x00000000ea300000| Untracked 
| 164|0x00000000ea400000, 0x00000000ea400000, 0x00000000ea500000|  0%| F|  |TAMS 0x00000000ea400000, 0x00000000ea400000| Untracked 
| 165|0x00000000ea500000, 0x00000000ea500000, 0x00000000ea600000|  0%| F|  |TAMS 0x00000000ea500000, 0x00000000ea500000| Untracked 
| 166|0x00000000ea600000, 0x00000000ea600000, 0x00000000ea700000|  0%| F|  |TAMS 0x00000000ea600000, 0x00000000ea600000| Untracked 
| 167|0x00000000ea700000, 0x00000000ea700000, 0x00000000ea800000|  0%| F|  |TAMS 0x00000000ea700000, 0x00000000ea700000| Untracked 
| 168|0x00000000ea800000, 0x00000000ea800000, 0x00000000ea900000|  0%| F|  |TAMS 0x00000000ea800000, 0x00000000ea800000| Untracked 
| 169|0x00000000ea900000, 0x00000000ea900000, 0x00000000eaa00000|  0%| F|  |TAMS 0x00000000ea900000, 0x00000000ea900000| Untracked 
| 170|0x00000000eaa00000, 0x00000000eaa00000, 0x00000000eab00000|  0%| F|  |TAMS 0x00000000eaa00000, 0x00000000eaa00000| Untracked 
| 171|0x00000000eab00000, 0x00000000eab00000, 0x00000000eac00000|  0%| F|  |TAMS 0x00000000eab00000, 0x00000000eab00000| Untracked 
| 172|0x00000000eac00000, 0x00000000eac00000, 0x00000000ead00000|  0%| F|  |TAMS 0x00000000eac00000, 0x00000000eac00000| Untracked 
| 173|0x00000000ead00000, 0x00000000ead00000, 0x00000000eae00000|  0%| F|  |TAMS 0x00000000ead00000, 0x00000000ead00000| Untracked 
| 174|0x00000000eae00000, 0x00000000eae00000, 0x00000000eaf00000|  0%| F|  |TAMS 0x00000000eae00000, 0x00000000eae00000| Untracked 
| 175|0x00000000eaf00000, 0x00000000eaf00000, 0x00000000eb000000|  0%| F|  |TAMS 0x00000000eaf00000, 0x00000000eaf00000| Untracked 
| 176|0x00000000eb000000, 0x00000000eb000000, 0x00000000eb100000|  0%| F|  |TAMS 0x00000000eb000000, 0x00000000eb000000| Untracked 
| 177|0x00000000eb100000, 0x00000000eb100000, 0x00000000eb200000|  0%| F|  |TAMS 0x00000000eb100000, 0x00000000eb100000| Untracked 
| 178|0x00000000eb200000, 0x00000000eb200000, 0x00000000eb300000|  0%| F|  |TAMS 0x00000000eb200000, 0x00000000eb200000| Untracked 
| 179|0x00000000eb300000, 0x00000000eb300000, 0x00000000eb400000|  0%| F|  |TAMS 0x00000000eb300000, 0x00000000eb300000| Untracked 
| 180|0x00000000eb400000, 0x00000000eb400000, 0x00000000eb500000|  0%| F|  |TAMS 0x00000000eb400000, 0x00000000eb400000| Untracked 
| 181|0x00000000eb500000, 0x00000000eb500000, 0x00000000eb600000|  0%| F|  |TAMS 0x00000000eb500000, 0x00000000eb500000| Untracked 
| 182|0x00000000eb600000, 0x00000000eb600000, 0x00000000eb700000|  0%| F|  |TAMS 0x00000000eb600000, 0x00000000eb600000| Untracked 
| 183|0x00000000eb700000, 0x00000000eb700000, 0x00000000eb800000|  0%| F|  |TAMS 0x00000000eb700000, 0x00000000eb700000| Untracked 
| 184|0x00000000eb800000, 0x00000000eb800000, 0x00000000eb900000|  0%| F|  |TAMS 0x00000000eb800000, 0x00000000eb800000| Untracked 
| 185|0x00000000eb900000, 0x00000000eb900000, 0x00000000eba00000|  0%| F|  |TAMS 0x00000000eb900000, 0x00000000eb900000| Untracked 
| 186|0x00000000eba00000, 0x00000000ebaf83e0, 0x00000000ebb00000| 96%| E|  |TAMS 0x00000000eba00000, 0x00000000eba00000| Complete 
| 187|0x00000000ebb00000, 0x00000000ebc00000, 0x00000000ebc00000|100%| E|CS|TAMS 0x00000000ebb00000, 0x00000000ebb00000| Complete 
| 188|0x00000000ebc00000, 0x00000000ebd00000, 0x00000000ebd00000|100%| E|CS|TAMS 0x00000000ebc00000, 0x00000000ebc00000| Complete 
| 189|0x00000000ebd00000, 0x00000000ebe00000, 0x00000000ebe00000|100%| E|CS|TAMS 0x00000000ebd00000, 0x00000000ebd00000| Complete 
| 190|0x00000000ebe00000, 0x00000000ebf00000, 0x00000000ebf00000|100%| E|CS|TAMS 0x00000000ebe00000, 0x00000000ebe00000| Complete 
| 191|0x00000000ebf00000, 0x00000000ec000000, 0x00000000ec000000|100%| E|CS|TAMS 0x00000000ebf00000, 0x00000000ebf00000| Complete 
| 192|0x00000000ec000000, 0x00000000ec100000, 0x00000000ec100000|100%| E|CS|TAMS 0x00000000ec000000, 0x00000000ec000000| Complete 
| 193|0x00000000ec100000, 0x00000000ec200000, 0x00000000ec200000|100%| E|CS|TAMS 0x00000000ec100000, 0x00000000ec100000| Complete 
| 194|0x00000000ec200000, 0x00000000ec300000, 0x00000000ec300000|100%| E|CS|TAMS 0x00000000ec200000, 0x00000000ec200000| Complete 
| 195|0x00000000ec300000, 0x00000000ec400000, 0x00000000ec400000|100%| E|CS|TAMS 0x00000000ec300000, 0x00000000ec300000| Complete 
| 196|0x00000000ec400000, 0x00000000ec500000, 0x00000000ec500000|100%| E|CS|TAMS 0x00000000ec400000, 0x00000000ec400000| Complete 
| 197|0x00000000ec500000, 0x00000000ec600000, 0x00000000ec600000|100%| E|CS|TAMS 0x00000000ec500000, 0x00000000ec500000| Complete 
| 198|0x00000000ec600000, 0x00000000ec700000, 0x00000000ec700000|100%| E|CS|TAMS 0x00000000ec600000, 0x00000000ec600000| Complete 
| 199|0x00000000ec700000, 0x00000000ec800000, 0x00000000ec800000|100%| E|CS|TAMS 0x00000000ec700000, 0x00000000ec700000| Complete 
| 200|0x00000000ec800000, 0x00000000ec900000, 0x00000000ec900000|100%| E|CS|TAMS 0x00000000ec800000, 0x00000000ec800000| Complete 
| 201|0x00000000ec900000, 0x00000000eca00000, 0x00000000eca00000|100%| E|CS|TAMS 0x00000000ec900000, 0x00000000ec900000| Complete 
| 202|0x00000000eca00000, 0x00000000ecb00000, 0x00000000ecb00000|100%| E|CS|TAMS 0x00000000eca00000, 0x00000000eca00000| Complete 
| 203|0x00000000ecb00000, 0x00000000ecc00000, 0x00000000ecc00000|100%| E|CS|TAMS 0x00000000ecb00000, 0x00000000ecb00000| Complete 
| 204|0x00000000ecc00000, 0x00000000ecd00000, 0x00000000ecd00000|100%| E|CS|TAMS 0x00000000ecc00000, 0x00000000ecc00000| Complete 
| 205|0x00000000ecd00000, 0x00000000ece00000, 0x00000000ece00000|100%| E|CS|TAMS 0x00000000ecd00000, 0x00000000ecd00000| Complete 
| 206|0x00000000ece00000, 0x00000000ecf00000, 0x00000000ecf00000|100%| E|CS|TAMS 0x00000000ece00000, 0x00000000ece00000| Complete 
| 207|0x00000000ecf00000, 0x00000000ed000000, 0x00000000ed000000|100%| E|CS|TAMS 0x00000000ecf00000, 0x00000000ecf00000| Complete 
| 208|0x00000000ed000000, 0x00000000ed100000, 0x00000000ed100000|100%| E|CS|TAMS 0x00000000ed000000, 0x00000000ed000000| Complete 
| 209|0x00000000ed100000, 0x00000000ed200000, 0x00000000ed200000|100%| E|CS|TAMS 0x00000000ed100000, 0x00000000ed100000| Complete 
| 210|0x00000000ed200000, 0x00000000ed300000, 0x00000000ed300000|100%| E|CS|TAMS 0x00000000ed200000, 0x00000000ed200000| Complete 
| 211|0x00000000ed300000, 0x00000000ed400000, 0x00000000ed400000|100%| E|CS|TAMS 0x00000000ed300000, 0x00000000ed300000| Complete 
| 212|0x00000000ed400000, 0x00000000ed500000, 0x00000000ed500000|100%| E|CS|TAMS 0x00000000ed400000, 0x00000000ed400000| Complete 
| 213|0x00000000ed500000, 0x00000000ed600000, 0x00000000ed600000|100%| E|CS|TAMS 0x00000000ed500000, 0x00000000ed500000| Complete 
| 214|0x00000000ed600000, 0x00000000ed700000, 0x00000000ed700000|100%| E|CS|TAMS 0x00000000ed600000, 0x00000000ed600000| Complete 
| 215|0x00000000ed700000, 0x00000000ed800000, 0x00000000ed800000|100%| E|CS|TAMS 0x00000000ed700000, 0x00000000ed700000| Complete 
| 216|0x00000000ed800000, 0x00000000ed900000, 0x00000000ed900000|100%| E|CS|TAMS 0x00000000ed800000, 0x00000000ed800000| Complete 
| 217|0x00000000ed900000, 0x00000000eda00000, 0x00000000eda00000|100%| E|CS|TAMS 0x00000000ed900000, 0x00000000ed900000| Complete 
| 218|0x00000000eda00000, 0x00000000edb00000, 0x00000000edb00000|100%| E|CS|TAMS 0x00000000eda00000, 0x00000000eda00000| Complete 
| 219|0x00000000edb00000, 0x00000000edc00000, 0x00000000edc00000|100%| E|CS|TAMS 0x00000000edb00000, 0x00000000edb00000| Complete 
| 220|0x00000000edc00000, 0x00000000edd00000, 0x00000000edd00000|100%| E|CS|TAMS 0x00000000edc00000, 0x00000000edc00000| Complete 
| 221|0x00000000edd00000, 0x00000000ede00000, 0x00000000ede00000|100%| E|CS|TAMS 0x00000000edd00000, 0x00000000edd00000| Complete 
| 222|0x00000000ede00000, 0x00000000edf00000, 0x00000000edf00000|100%| E|CS|TAMS 0x00000000ede00000, 0x00000000ede00000| Complete 
| 223|0x00000000edf00000, 0x00000000ee000000, 0x00000000ee000000|100%| E|CS|TAMS 0x00000000edf00000, 0x00000000edf00000| Complete 
| 224|0x00000000ee000000, 0x00000000ee100000, 0x00000000ee100000|100%| E|CS|TAMS 0x00000000ee000000, 0x00000000ee000000| Complete 
| 225|0x00000000ee100000, 0x00000000ee200000, 0x00000000ee200000|100%| E|CS|TAMS 0x00000000ee100000, 0x00000000ee100000| Complete 
| 226|0x00000000ee200000, 0x00000000ee300000, 0x00000000ee300000|100%| E|CS|TAMS 0x00000000ee200000, 0x00000000ee200000| Complete 
| 227|0x00000000ee300000, 0x00000000ee400000, 0x00000000ee400000|100%| E|CS|TAMS 0x00000000ee300000, 0x00000000ee300000| Complete 
| 228|0x00000000ee400000, 0x00000000ee500000, 0x00000000ee500000|100%| E|CS|TAMS 0x00000000ee400000, 0x00000000ee400000| Complete 
| 229|0x00000000ee500000, 0x00000000ee600000, 0x00000000ee600000|100%| E|CS|TAMS 0x00000000ee500000, 0x00000000ee500000| Complete 
| 230|0x00000000ee600000, 0x00000000ee700000, 0x00000000ee700000|100%| E|CS|TAMS 0x00000000ee600000, 0x00000000ee600000| Complete 
| 231|0x00000000ee700000, 0x00000000ee800000, 0x00000000ee800000|100%| E|CS|TAMS 0x00000000ee700000, 0x00000000ee700000| Complete 
| 232|0x00000000ee800000, 0x00000000ee900000, 0x00000000ee900000|100%| E|CS|TAMS 0x00000000ee800000, 0x00000000ee800000| Complete 
| 233|0x00000000ee900000, 0x00000000eea00000, 0x00000000eea00000|100%| E|CS|TAMS 0x00000000ee900000, 0x00000000ee900000| Complete 
| 234|0x00000000eea00000, 0x00000000eeb00000, 0x00000000eeb00000|100%| E|CS|TAMS 0x00000000eea00000, 0x00000000eea00000| Complete 
| 235|0x00000000eeb00000, 0x00000000eec00000, 0x00000000eec00000|100%| E|CS|TAMS 0x00000000eeb00000, 0x00000000eeb00000| Complete 
| 236|0x00000000eec00000, 0x00000000eed00000, 0x00000000eed00000|100%| E|CS|TAMS 0x00000000eec00000, 0x00000000eec00000| Complete 
| 237|0x00000000eed00000, 0x00000000eee00000, 0x00000000eee00000|100%| E|CS|TAMS 0x00000000eed00000, 0x00000000eed00000| Complete 
| 238|0x00000000eee00000, 0x00000000eef00000, 0x00000000eef00000|100%| E|CS|TAMS 0x00000000eee00000, 0x00000000eee00000| Complete 
| 239|0x00000000eef00000, 0x00000000ef000000, 0x00000000ef000000|100%| E|CS|TAMS 0x00000000eef00000, 0x00000000eef00000| Complete 
| 240|0x00000000ef000000, 0x00000000ef100000, 0x00000000ef100000|100%| E|CS|TAMS 0x00000000ef000000, 0x00000000ef000000| Complete 
| 241|0x00000000ef100000, 0x00000000ef200000, 0x00000000ef200000|100%| E|CS|TAMS 0x00000000ef100000, 0x00000000ef100000| Complete 
| 242|0x00000000ef200000, 0x00000000ef300000, 0x00000000ef300000|100%| E|CS|TAMS 0x00000000ef200000, 0x00000000ef200000| Complete 
| 243|0x00000000ef300000, 0x00000000ef400000, 0x00000000ef400000|100%| E|CS|TAMS 0x00000000ef300000, 0x00000000ef300000| Complete 
| 244|0x00000000ef400000, 0x00000000ef500000, 0x00000000ef500000|100%| E|CS|TAMS 0x00000000ef400000, 0x00000000ef400000| Complete 
| 245|0x00000000ef500000, 0x00000000ef600000, 0x00000000ef600000|100%| E|CS|TAMS 0x00000000ef500000, 0x00000000ef500000| Complete 
| 246|0x00000000ef600000, 0x00000000ef700000, 0x00000000ef700000|100%| E|CS|TAMS 0x00000000ef600000, 0x00000000ef600000| Complete 
| 247|0x00000000ef700000, 0x00000000ef800000, 0x00000000ef800000|100%| E|CS|TAMS 0x00000000ef700000, 0x00000000ef700000| Complete 
| 248|0x00000000ef800000, 0x00000000ef900000, 0x00000000ef900000|100%| E|CS|TAMS 0x00000000ef800000, 0x00000000ef800000| Complete 
| 249|0x00000000ef900000, 0x00000000efa00000, 0x00000000efa00000|100%| E|CS|TAMS 0x00000000ef900000, 0x00000000ef900000| Complete 
| 250|0x00000000efa00000, 0x00000000efb00000, 0x00000000efb00000|100%| E|CS|TAMS 0x00000000efa00000, 0x00000000efa00000| Complete 
| 251|0x00000000efb00000, 0x00000000efc00000, 0x00000000efc00000|100%| E|CS|TAMS 0x00000000efb00000, 0x00000000efb00000| Complete 
| 252|0x00000000efc00000, 0x00000000efd00000, 0x00000000efd00000|100%| E|CS|TAMS 0x00000000efc00000, 0x00000000efc00000| Complete 
| 253|0x00000000efd00000, 0x00000000efe00000, 0x00000000efe00000|100%| E|CS|TAMS 0x00000000efd00000, 0x00000000efd00000| Complete 
| 254|0x00000000efe00000, 0x00000000eff00000, 0x00000000eff00000|100%| E|CS|TAMS 0x00000000efe00000, 0x00000000efe00000| Complete 
| 255|0x00000000eff00000, 0x00000000f0000000, 0x00000000f0000000|100%| E|CS|TAMS 0x00000000eff00000, 0x00000000eff00000| Complete 

Card table byte_map: [0x000001fde24e0000,0x000001fde25e0000] _byte_map_base: 0x000001fde1de0000

Marking Bits (Prev, Next): (CMBitMap*) 0x000001fdcb9f0aa0, (CMBitMap*) 0x000001fdcb9f0ae0
 Prev Bits: [0x000001fde26e0000, 0x000001fde2ee0000)
 Next Bits: [0x000001fde2ee0000, 0x000001fde36e0000)

Polling page: 0x000001fdc9880000

Metaspace:

Usage:
  Non-class:     60.07 MB used.
      Class:      9.11 MB used.
       Both:     69.18 MB used.

Virtual space:
  Non-class space:       64.00 MB reserved,      60.44 MB ( 94%) committed,  1 nodes.
      Class space:      320.00 MB reserved,       9.62 MB (  3%) committed,  1 nodes.
             Both:      384.00 MB reserved,      70.06 MB ( 18%) committed. 

Chunk freelists:
   Non-Class:  3.08 MB
       Class:  6.54 MB
        Both:  9.62 MB

MaxMetaspaceSize: 384.00 MB
CompressedClassSpaceSize: 320.00 MB
Initial GC threshold: 21.00 MB
Current GC threshold: 118.75 MB
CDS: on
MetaspaceReclaimPolicy: balanced
 - commit_granule_bytes: 65536.
 - commit_granule_words: 8192.
 - virtual_space_node_default_size: 8388608.
 - enlarge_chunks_in_place: 1.
 - new_chunks_are_fully_committed: 0.
 - uncommit_free_chunks: 1.
 - use_allocation_guard: 0.
 - handle_deallocations: 1.


Internal statistics:

num_allocs_failed_limit: 9.
num_arena_births: 1094.
num_arena_deaths: 14.
num_vsnodes_births: 2.
num_vsnodes_deaths: 0.
num_space_committed: 1158.
num_space_uncommitted: 37.
num_chunks_returned_to_freelist: 177.
num_chunks_taken_from_freelist: 4376.
num_chunk_merges: 52.
num_chunk_splits: 2729.
num_chunks_enlarged: 1676.
num_inconsistent_stats: 0.

CodeHeap 'non-profiled nmethods': size=120000Kb used=14420Kb max_used=14420Kb free=105580Kb
 bounds [0x000001fddafb0000, 0x000001fddbdd0000, 0x000001fde24e0000]
CodeHeap 'profiled nmethods': size=120000Kb used=29348Kb max_used=29627Kb free=90651Kb
 bounds [0x000001fdd34e0000, 0x000001fdd51e0000, 0x000001fddaa10000]
CodeHeap 'non-nmethods': size=5760Kb used=2354Kb max_used=2424Kb free=3406Kb
 bounds [0x000001fddaa10000, 0x000001fddac90000, 0x000001fddafb0000]
 total_blobs=16067 nmethods=15189 adapters=788
 compilation: enabled
              stopped_count=0, restarted_count=0
 full_count=0

Compilation events (20 events):
Event: 569.359 Thread 0x000001fde5ccfb00 19044       3       org.gradle.internal.classloader.ClassLoaderVisitor::<init> (10 bytes)
Event: 569.359 Thread 0x000001fde5ccfb00 nmethod 19044 0x000001fdd4501c90 code [0x000001fdd4501e20, 0x000001fdd4501fd8]
Event: 569.359 Thread 0x000001fde5ccfb00 19045       3       org.gradle.internal.classloader.ConfigurableClassLoaderHierarchyHasher::getClassLoaderHash (20 bytes)
Event: 569.360 Thread 0x000001fde5ccfb00 nmethod 19045 0x000001fdd502e790 code [0x000001fdd502ea80, 0x000001fdd502fc58]
Event: 569.360 Thread 0x000001fde5ccfb00 19046       1       org.gradle.jvm.toolchain.internal.JavaToolchain::getMetadata (5 bytes)
Event: 569.360 Thread 0x000001fde5ccfb00 nmethod 19046 0x000001fddbdba790 code [0x000001fddbdba920, 0x000001fddbdba9f8]
Event: 569.425 Thread 0x000001fde5ccf140 nmethod 18982 0x000001fddbdbaa90 code [0x000001fddbdbae80, 0x000001fddbdc0e50]
Event: 569.425 Thread 0x000001fde5ccf140 19047       4       java.lang.Integer::parseInt (7 bytes)
Event: 569.432 Thread 0x000001fde5ccf140 nmethod 19047 0x000001fddbdc3b90 code [0x000001fddbdc3d40, 0x000001fddbdc40d8]
Event: 569.432 Thread 0x000001fde5ccf140 18989       4       org.gradle.api.internal.artifacts.transform.TransformWorkspaceIdentity::equals (41 bytes)
Event: 569.435 Thread 0x000001fde5ccf140 nmethod 18989 0x000001fddbdc4510 code [0x000001fddbdc46a0, 0x000001fddbdc48d8]
Event: 569.435 Thread 0x000001fde5ccf140 19005       4       org.gradle.internal.hash.HashCode$HashCode128::hashCode (6 bytes)
Event: 569.435 Thread 0x000001fde5ccf140 nmethod 19005 0x000001fddbdc4a10 code [0x000001fddbdc4b80, 0x000001fddbdc4bf8]
Event: 569.435 Thread 0x000001fde5ccf140 19020       4       java.util.regex.Matcher::start (22 bytes)
Event: 569.436 Thread 0x000001fde5ccf140 nmethod 19020 0x000001fddbdc4d10 code [0x000001fddbdc4e80, 0x000001fddbdc4f18]
Event: 569.454 Thread 0x000001fde5ccfb00 19048       3       org.gradle.internal.component.external.model.PreferJavaRuntimeVariant::getAttributeByName (46 bytes)
Event: 569.455 Thread 0x000001fde5ccfb00 nmethod 19048 0x000001fdd502db90 code [0x000001fdd502dda0, 0x000001fdd502e548]
Event: 569.505 Thread 0x000001fde5ccf140 19049       4       org.gradle.internal.operations.DefaultBuildOperationExecutor::runAll (26 bytes)
Event: 569.597 Thread 0x000001fde5ccfb00 19051       3       org.gradle.internal.component.model.MultipleCandidateMatcher::disambiguateWithRequestedAttributeValues (134 bytes)
Event: 569.598 Thread 0x000001fde5ccfb00 nmethod 19051 0x000001fdd502c710 code [0x000001fdd502c9e0, 0x000001fdd502d768]

GC Heap History (20 events):
Event: 342.743 GC heap before
{Heap before GC invocations=35 (full 0):
 garbage-first heap   total 262144K, used 206566K [0x00000000e0000000, 0x0000000100000000)
  region size 1024K, 100 young (102400K), 9 survivors (9216K)
 Metaspace       used 70438K, committed 71680K, reserved 393216K
  class space    used 9325K, committed 9856K, reserved 327680K
}
Event: 342.765 GC heap after
{Heap after GC invocations=36 (full 0):
 garbage-first heap   total 262144K, used 122707K [0x00000000e0000000, 0x0000000100000000)
  region size 1024K, 10 young (10240K), 10 survivors (10240K)
 Metaspace       used 70438K, committed 71680K, reserved 393216K
  class space    used 9325K, committed 9856K, reserved 327680K
}
Event: 369.117 GC heap before
{Heap before GC invocations=36 (full 0):
 garbage-first heap   total 262144K, used 207699K [0x00000000e0000000, 0x0000000100000000)
  region size 1024K, 94 young (96256K), 10 survivors (10240K)
 Metaspace       used 70538K, committed 71744K, reserved 393216K
  class space    used 9328K, committed 9856K, reserved 327680K
}
Event: 369.131 GC heap after
{Heap after GC invocations=37 (full 0):
 garbage-first heap   total 262144K, used 123182K [0x00000000e0000000, 0x0000000100000000)
  region size 1024K, 5 young (5120K), 5 survivors (5120K)
 Metaspace       used 70538K, committed 71744K, reserved 393216K
  class space    used 9328K, committed 9856K, reserved 327680K
}
Event: 370.463 GC heap before
{Heap before GC invocations=38 (full 0):
 garbage-first heap   total 262144K, used 193838K [0x00000000e0000000, 0x0000000100000000)
  region size 1024K, 91 young (93184K), 5 survivors (5120K)
 Metaspace       used 70539K, committed 71744K, reserved 393216K
  class space    used 9328K, committed 9856K, reserved 327680K
}
Event: 370.482 GC heap after
{Heap after GC invocations=39 (full 0):
 garbage-first heap   total 262144K, used 114929K [0x00000000e0000000, 0x0000000100000000)
  region size 1024K, 12 young (12288K), 12 survivors (12288K)
 Metaspace       used 70539K, committed 71744K, reserved 393216K
  class space    used 9328K, committed 9856K, reserved 327680K
}
Event: 370.489 GC heap before
{Heap before GC invocations=39 (full 0):
 garbage-first heap   total 262144K, used 114929K [0x00000000e0000000, 0x0000000100000000)
  region size 1024K, 13 young (13312K), 12 survivors (12288K)
 Metaspace       used 70539K, committed 71744K, reserved 393216K
  class space    used 9328K, committed 9856K, reserved 327680K
}
Event: 370.507 GC heap after
{Heap after GC invocations=40 (full 0):
 garbage-first heap   total 262144K, used 97188K [0x00000000e0000000, 0x0000000100000000)
  region size 1024K, 2 young (2048K), 2 survivors (2048K)
 Metaspace       used 70539K, committed 71744K, reserved 393216K
  class space    used 9328K, committed 9856K, reserved 327680K
}
Event: 431.959 GC heap before
{Heap before GC invocations=40 (full 0):
 garbage-first heap   total 262144K, used 205732K [0x00000000e0000000, 0x0000000100000000)
  region size 1024K, 109 young (111616K), 2 survivors (2048K)
 Metaspace       used 70615K, committed 71744K, reserved 393216K
  class space    used 9329K, committed 9856K, reserved 327680K
}
Event: 431.973 GC heap after
{Heap after GC invocations=41 (full 0):
 garbage-first heap   total 262144K, used 104301K [0x00000000e0000000, 0x0000000100000000)
  region size 1024K, 9 young (9216K), 9 survivors (9216K)
 Metaspace       used 70615K, committed 71744K, reserved 393216K
  class space    used 9329K, committed 9856K, reserved 327680K
}
Event: 433.109 GC heap before
{Heap before GC invocations=41 (full 0):
 garbage-first heap   total 262144K, used 207725K [0x00000000e0000000, 0x0000000100000000)
  region size 1024K, 111 young (113664K), 9 survivors (9216K)
 Metaspace       used 70621K, committed 71744K, reserved 393216K
  class space    used 9330K, committed 9856K, reserved 327680K
}
Event: 433.134 GC heap after
{Heap after GC invocations=42 (full 0):
 garbage-first heap   total 262144K, used 113024K [0x00000000e0000000, 0x0000000100000000)
  region size 1024K, 10 young (10240K), 10 survivors (10240K)
 Metaspace       used 70621K, committed 71744K, reserved 393216K
  class space    used 9330K, committed 9856K, reserved 327680K
}
Event: 463.616 GC heap before
{Heap before GC invocations=42 (full 0):
 garbage-first heap   total 262144K, used 208256K [0x00000000e0000000, 0x0000000100000000)
  region size 1024K, 104 young (106496K), 10 survivors (10240K)
 Metaspace       used 70685K, committed 71744K, reserved 393216K
  class space    used 9331K, committed 9856K, reserved 327680K
}
Event: 463.631 GC heap after
{Heap after GC invocations=43 (full 0):
 garbage-first heap   total 262144K, used 114065K [0x00000000e0000000, 0x0000000100000000)
  region size 1024K, 6 young (6144K), 6 survivors (6144K)
 Metaspace       used 70685K, committed 71744K, reserved 393216K
  class space    used 9331K, committed 9856K, reserved 327680K
}
Event: 465.146 GC heap before
{Heap before GC invocations=43 (full 0):
 garbage-first heap   total 262144K, used 211345K [0x00000000e0000000, 0x0000000100000000)
  region size 1024K, 101 young (103424K), 6 survivors (6144K)
 Metaspace       used 70691K, committed 71744K, reserved 393216K
  class space    used 9332K, committed 9856K, reserved 327680K
}
Event: 465.166 GC heap after
{Heap after GC invocations=44 (full 0):
 garbage-first heap   total 262144K, used 122372K [0x00000000e0000000, 0x0000000100000000)
  region size 1024K, 13 young (13312K), 13 survivors (13312K)
 Metaspace       used 70691K, committed 71744K, reserved 393216K
  class space    used 9332K, committed 9856K, reserved 327680K
}
Event: 544.448 GC heap before
{Heap before GC invocations=44 (full 0):
 garbage-first heap   total 262144K, used 211460K [0x00000000e0000000, 0x0000000100000000)
  region size 1024K, 101 young (103424K), 13 survivors (13312K)
 Metaspace       used 70752K, committed 71744K, reserved 393216K
  class space    used 9332K, committed 9856K, reserved 327680K
}
Event: 544.457 GC heap after
{Heap after GC invocations=45 (full 0):
 garbage-first heap   total 262144K, used 114824K [0x00000000e0000000, 0x0000000100000000)
  region size 1024K, 4 young (4096K), 4 survivors (4096K)
 Metaspace       used 70752K, committed 71744K, reserved 393216K
  class space    used 9332K, committed 9856K, reserved 327680K
}
Event: 545.690 GC heap before
{Heap before GC invocations=45 (full 0):
 garbage-first heap   total 262144K, used 213128K [0x00000000e0000000, 0x0000000100000000)
  region size 1024K, 100 young (102400K), 4 survivors (4096K)
 Metaspace       used 70752K, committed 71744K, reserved 393216K
  class space    used 9333K, committed 9856K, reserved 327680K
}
Event: 545.707 GC heap after
{Heap after GC invocations=46 (full 0):
 garbage-first heap   total 262144K, used 123548K [0x00000000e0000000, 0x0000000100000000)
  region size 1024K, 13 young (13312K), 13 survivors (13312K)
 Metaspace       used 70752K, committed 71744K, reserved 393216K
  class space    used 9333K, committed 9856K, reserved 327680K
}

Dll operation events (15 events):
Event: 0.011 Loaded shared library C:\Users\Giang\.jdks\corretto-17.0.10\bin\java.dll
Event: 0.065 Loaded shared library C:\Users\Giang\.jdks\corretto-17.0.10\bin\jsvml.dll
Event: 0.176 Loaded shared library C:\Users\Giang\.jdks\corretto-17.0.10\bin\zip.dll
Event: 0.181 Loaded shared library C:\Users\Giang\.jdks\corretto-17.0.10\bin\instrument.dll
Event: 0.192 Loaded shared library C:\Users\Giang\.jdks\corretto-17.0.10\bin\net.dll
Event: 0.194 Loaded shared library C:\Users\Giang\.jdks\corretto-17.0.10\bin\nio.dll
Event: 0.206 Loaded shared library C:\Users\Giang\.jdks\corretto-17.0.10\bin\zip.dll
Event: 1.121 Loaded shared library C:\Users\Giang\.jdks\corretto-17.0.10\bin\jimage.dll
Event: 1.298 Loaded shared library C:\Users\Giang\.jdks\corretto-17.0.10\bin\verify.dll
Event: 1.559 Loaded shared library C:\Users\Giang\.gradle\native\c067742578af261105cb4f569cf0c3c89f3d7b1fecec35dd04571415982c5e48\windows-amd64\native-platform.dll
Event: 1.564 Loaded shared library C:\Users\Giang\.gradle\native\100fb08df4bc3b14c8652ba06237920a3bd2aa13389f12d3474272988ae205f9\windows-amd64\native-platform-file-events.dll
Event: 3.328 Loaded shared library C:\Users\Giang\.jdks\corretto-17.0.10\bin\management.dll
Event: 3.332 Loaded shared library C:\Users\Giang\.jdks\corretto-17.0.10\bin\management_ext.dll
Event: 3.607 Loaded shared library C:\Users\Giang\.jdks\corretto-17.0.10\bin\extnet.dll
Event: 4.073 Loaded shared library C:\Users\Giang\.jdks\corretto-17.0.10\bin\sunmscapi.dll

Deoptimization events (20 events):
Event: 464.370 Thread 0x000001fd84f249f0 Uncommon trap: trap_request=0xffffffc6 fr.pc=0x000001fddbcfef3c relative=0x000000000000615c
Event: 464.370 Thread 0x000001fd84f249f0 Uncommon trap: reason=bimorphic_or_optimized_type_check action=maybe_recompile pc=0x000001fddbcfef3c method=java.util.regex.Matcher.search(I)Z @ 121 c2
Event: 464.370 Thread 0x000001fd84f249f0 DEOPT PACKING pc=0x000001fddbcfef3c sp=0x000000cfc21fa810
Event: 464.370 Thread 0x000001fd84f249f0 DEOPT UNPACKING pc=0x000001fddaa669a3 sp=0x000000cfc21fa5d8 mode 2
Event: 464.372 Thread 0x000001fd84f249f0 Uncommon trap: trap_request=0xffffffc6 fr.pc=0x000001fddbcfef3c relative=0x000000000000615c
Event: 464.372 Thread 0x000001fd84f249f0 Uncommon trap: reason=bimorphic_or_optimized_type_check action=maybe_recompile pc=0x000001fddbcfef3c method=java.util.regex.Matcher.search(I)Z @ 121 c2
Event: 464.372 Thread 0x000001fd84f249f0 DEOPT PACKING pc=0x000001fddbcfef3c sp=0x000000cfc21fa770
Event: 464.372 Thread 0x000001fd84f249f0 DEOPT UNPACKING pc=0x000001fddaa669a3 sp=0x000000cfc21fa538 mode 2
Event: 464.384 Thread 0x000001fd84f249f0 Uncommon trap: trap_request=0xffffffc6 fr.pc=0x000001fddbd0a858 relative=0x0000000000006b98
Event: 464.384 Thread 0x000001fd84f249f0 Uncommon trap: reason=bimorphic_or_optimized_type_check action=maybe_recompile pc=0x000001fddbd0a858 method=java.util.regex.Matcher.search(I)Z @ 121 c2
Event: 464.384 Thread 0x000001fd84f249f0 DEOPT PACKING pc=0x000001fddbd0a858 sp=0x000000cfc21fa540
Event: 464.384 Thread 0x000001fd84f249f0 DEOPT UNPACKING pc=0x000001fddaa669a3 sp=0x000000cfc21fa150 mode 2
Event: 465.507 Thread 0x000001fd84f249f0 Uncommon trap: trap_request=0xffffffd6 fr.pc=0x000001fddbbeb13c relative=0x0000000000004fbc
Event: 465.507 Thread 0x000001fd84f249f0 Uncommon trap: reason=array_check action=maybe_recompile pc=0x000001fddbbeb13c method=java.util.TimSort.binarySort([Ljava/lang/Object;IIILjava/util/Comparator;)V @ 193 c2
Event: 465.507 Thread 0x000001fd84f249f0 DEOPT PACKING pc=0x000001fddbbeb13c sp=0x000000cfc21fc190
Event: 465.507 Thread 0x000001fd84f249f0 DEOPT UNPACKING pc=0x000001fddaa669a3 sp=0x000000cfc21fc058 mode 2
Event: 546.151 Thread 0x000001fd84f26d60 Uncommon trap: trap_request=0xffffffd6 fr.pc=0x000001fddbbeb13c relative=0x0000000000004fbc
Event: 546.151 Thread 0x000001fd84f26d60 Uncommon trap: reason=array_check action=maybe_recompile pc=0x000001fddbbeb13c method=java.util.TimSort.binarySort([Ljava/lang/Object;IIILjava/util/Comparator;)V @ 193 c2
Event: 546.151 Thread 0x000001fd84f26d60 DEOPT PACKING pc=0x000001fddbbeb13c sp=0x000000cfc1dfc010
Event: 546.151 Thread 0x000001fd84f26d60 DEOPT UNPACKING pc=0x000001fddaa669a3 sp=0x000000cfc1dfbed8 mode 2

Classes unloaded (20 events):
Event: 265.649 Thread 0x000001fde5cb04b0 Unloading class 0x000001fde798e000 'lombok/javac/apt/MessagerDiagnosticsReceiver'
Event: 265.649 Thread 0x000001fde5cb04b0 Unloading class 0x000001fde798dba0 'lombok/javac/apt/InterceptingJavaFileManager'
Event: 265.649 Thread 0x000001fde5cb04b0 Unloading class 0x000001fde798d998 'lombok/permit/dummy/Parent'
Event: 265.649 Thread 0x000001fde5cb04b0 Unloading class 0x000001fde798d780 'lombok/core/CleanupRegistry'
Event: 265.649 Thread 0x000001fde5cb04b0 Unloading class 0x000001fde798d588 'lombok/core/DiagnosticsReceiver'
Event: 265.649 Thread 0x000001fde5cb04b0 Unloading class 0x000001fde798d298 'lombok/javac/apt/LombokProcessor$1'
Event: 265.649 Thread 0x000001fde5cb04b0 Unloading class 0x000001fde798d000 'lombok/javac/apt/LombokProcessor'
Event: 265.649 Thread 0x000001fde5cb04b0 Unloading class 0x000001fde798ccf0 'lombok/permit/Permit$Fake'
Event: 265.649 Thread 0x000001fde5cb04b0 Unloading class 0x000001fde798caf0 'lombok/permit/Permit'
Event: 265.649 Thread 0x000001fde5cb04b0 Unloading class 0x000001fde798c8c0 'lombok/core/AnnotationProcessor$EcjDescriptor'
Event: 265.649 Thread 0x000001fde5cb04b0 Unloading class 0x000001fde798c688 'lombok/core/AnnotationProcessor$JavacDescriptor'
Event: 265.649 Thread 0x000001fde5cb04b0 Unloading class 0x000001fde798c280 'lombok/core/AnnotationProcessor$ProcessorDescriptor'
Event: 265.649 Thread 0x000001fde5cb04b0 Unloading class 0x000001fde798c000 'lombok/core/AnnotationProcessor'
Event: 265.649 Thread 0x000001fde5cb04b0 Unloading class 0x000001fde798bc28 'lombok/launch/AnnotationProcessorHider$AstModificationNotifierData'
Event: 265.649 Thread 0x000001fde5cb04b0 Unloading class 0x000001fde798b9a8 'lombok/launch/AnnotationProcessorHider$ClaimingProcessor'
Event: 265.649 Thread 0x000001fde5cb04b0 Unloading class 0x000001fde798b728 'lombok/launch/ClassFileMetaData'
Event: 265.649 Thread 0x000001fde5cb04b0 Unloading class 0x000001fde798b510 'lombok/launch/PackageShader'
Event: 265.649 Thread 0x000001fde5cb04b0 Unloading class 0x000001fde798b200 'lombok/launch/ShadowClassLoader'
Event: 265.649 Thread 0x000001fde5cb04b0 Unloading class 0x000001fde798b000 'lombok/launch/Main'
Event: 265.649 Thread 0x000001fde5cb04b0 Unloading class 0x000001fde798ac00 'lombok/launch/AnnotationProcessorHider$AnnotationProcessor'

Classes redefined (0 events):
No events

Internal exceptions (20 events):
Event: 463.112 Thread 0x000001fd8444fcd0 Exception <a 'sun/nio/fs/WindowsException'{0x00000000ec4c2fb0}> (0x00000000ec4c2fb0) 
thrown [s\src\hotspot\share\prims\jni.cpp, line 516]
Event: 463.113 Thread 0x000001fd8444fcd0 Exception <a 'sun/nio/fs/WindowsException'{0x00000000ec4c4448}> (0x00000000ec4c4448) 
thrown [s\src\hotspot\share\prims\jni.cpp, line 516]
Event: 463.113 Thread 0x000001fd8444fcd0 Exception <a 'sun/nio/fs/WindowsException'{0x00000000ec4c58c0}> (0x00000000ec4c58c0) 
thrown [s\src\hotspot\share\prims\jni.cpp, line 516]
Event: 463.235 Thread 0x000001fd8444fcd0 Exception <a 'java/lang/NoClassDefFoundError'{0x00000000ebfa7fb8}: org/jetbrains/kotlin/gradle/plugin/KotlinPluginWrapper> (0x00000000ebfa7fb8) 
thrown [s\src\hotspot\share\oops\constantPool.cpp, line 835]
Event: 463.235 Thread 0x000001fd8444fcd0 Exception <a 'java/lang/NoClassDefFoundError'{0x00000000ebfaa0b0}: org/graalvm/buildtools/gradle/NativeImagePlugin> (0x00000000ebfaa0b0) 
thrown [s\src\hotspot\share\oops\constantPool.cpp, line 835]
Event: 463.235 Thread 0x000001fd8444fcd0 Exception <a 'java/lang/NoClassDefFoundError'{0x00000000ebfc0c58}: org/cyclonedx/gradle/CycloneDxPlugin> (0x00000000ebfc0c58) 
thrown [s\src\hotspot\share\oops\constantPool.cpp, line 835]
Event: 543.893 Thread 0x000001fd84f26850 Exception <a 'sun/nio/fs/WindowsException'{0x00000000ec76cf10}> (0x00000000ec76cf10) 
thrown [s\src\hotspot\share\prims\jni.cpp, line 516]
Event: 543.894 Thread 0x000001fd84f26850 Exception <a 'sun/nio/fs/WindowsException'{0x00000000ec76e3a8}> (0x00000000ec76e3a8) 
thrown [s\src\hotspot\share\prims\jni.cpp, line 516]
Event: 543.894 Thread 0x000001fd84f26850 Exception <a 'sun/nio/fs/WindowsException'{0x00000000ec76f840}> (0x00000000ec76f840) 
thrown [s\src\hotspot\share\prims\jni.cpp, line 516]
Event: 543.895 Thread 0x000001fd84f26850 Exception <a 'sun/nio/fs/WindowsException'{0x00000000ec770cb8}> (0x00000000ec770cb8) 
thrown [s\src\hotspot\share\prims\jni.cpp, line 516]
Event: 544.044 Thread 0x000001fd84f26850 Exception <a 'java/lang/NoClassDefFoundError'{0x00000000ec26b370}: org/jetbrains/kotlin/gradle/plugin/KotlinPluginWrapper> (0x00000000ec26b370) 
thrown [s\src\hotspot\share\oops\constantPool.cpp, line 835]
Event: 544.044 Thread 0x000001fd84f26850 Exception <a 'java/lang/NoClassDefFoundError'{0x00000000ec26d468}: org/graalvm/buildtools/gradle/NativeImagePlugin> (0x00000000ec26d468) 
thrown [s\src\hotspot\share\oops\constantPool.cpp, line 835]
Event: 544.044 Thread 0x000001fd84f26850 Exception <a 'java/lang/NoClassDefFoundError'{0x00000000ec26f550}: org/cyclonedx/gradle/CycloneDxPlugin> (0x00000000ec26f550) 
thrown [s\src\hotspot\share\oops\constantPool.cpp, line 835]
Event: 568.965 Thread 0x000001fd84f26850 Exception <a 'sun/nio/fs/WindowsException'{0x00000000ec860210}> (0x00000000ec860210) 
thrown [s\src\hotspot\share\prims\jni.cpp, line 516]
Event: 568.966 Thread 0x000001fd84f26850 Exception <a 'sun/nio/fs/WindowsException'{0x00000000ec861698}> (0x00000000ec861698) 
thrown [s\src\hotspot\share\prims\jni.cpp, line 516]
Event: 568.966 Thread 0x000001fd84f26850 Exception <a 'sun/nio/fs/WindowsException'{0x00000000ec862b20}> (0x00000000ec862b20) 
thrown [s\src\hotspot\share\prims\jni.cpp, line 516]
Event: 568.967 Thread 0x000001fd84f26850 Exception <a 'sun/nio/fs/WindowsException'{0x00000000ec863f88}> (0x00000000ec863f88) 
thrown [s\src\hotspot\share\prims\jni.cpp, line 516]
Event: 569.212 Thread 0x000001fd84f26850 Exception <a 'java/lang/NoClassDefFoundError'{0x00000000ec365698}: org/jetbrains/kotlin/gradle/plugin/KotlinPluginWrapper> (0x00000000ec365698) 
thrown [s\src\hotspot\share\oops\constantPool.cpp, line 835]
Event: 569.212 Thread 0x000001fd84f26850 Exception <a 'java/lang/NoClassDefFoundError'{0x00000000ec367790}: org/graalvm/buildtools/gradle/NativeImagePlugin> (0x00000000ec367790) 
thrown [s\src\hotspot\share\oops\constantPool.cpp, line 835]
Event: 569.213 Thread 0x000001fd84f26850 Exception <a 'java/lang/NoClassDefFoundError'{0x00000000ec369878}: org/cyclonedx/gradle/CycloneDxPlugin> (0x00000000ec369878) 
thrown [s\src\hotspot\share\oops\constantPool.cpp, line 835]

VM Operations (20 events):
Event: 465.146 Executing VM operation: G1CollectForAllocation
Event: 465.166 Executing VM operation: G1CollectForAllocation done
Event: 466.173 Executing VM operation: Cleanup
Event: 466.173 Executing VM operation: Cleanup done
Event: 481.107 Executing VM operation: HandshakeAllThreads
Event: 481.107 Executing VM operation: HandshakeAllThreads done
Event: 524.466 Executing VM operation: Cleanup
Event: 524.466 Executing VM operation: Cleanup done
Event: 544.448 Executing VM operation: G1CollectForAllocation
Event: 544.457 Executing VM operation: G1CollectForAllocation done
Event: 545.471 Executing VM operation: Cleanup
Event: 545.471 Executing VM operation: Cleanup done
Event: 545.690 Executing VM operation: G1CollectForAllocation
Event: 545.707 Executing VM operation: G1CollectForAllocation done
Event: 546.151 Executing VM operation: HandshakeAllThreads
Event: 546.151 Executing VM operation: HandshakeAllThreads done
Event: 547.157 Executing VM operation: Cleanup
Event: 547.157 Executing VM operation: Cleanup done
Event: 569.363 Executing VM operation: Cleanup
Event: 569.363 Executing VM operation: Cleanup done

Events (20 events):
Event: 569.107 Thread 0x000001fd84f25920 Thread added: 0x000001fd84f25920
Event: 569.119 Thread 0x000001fd84f27780 Thread added: 0x000001fd84f27780
Event: 569.120 Thread 0x000001fd84f249f0 Thread added: 0x000001fd84f249f0
Event: 569.120 Thread 0x000001fd84f23fd0 Thread added: 0x000001fd84f23fd0
Event: 569.251 Thread 0x000001fd84f244e0 Thread added: 0x000001fd84f244e0
Event: 569.278 Thread 0x000001fd84a11df0 Thread added: 0x000001fd84a11df0
Event: 569.278 Thread 0x000001fd84a12300 Thread added: 0x000001fd84a12300
Event: 569.279 Thread 0x000001fd84a0f570 Thread added: 0x000001fd84a0f570
Event: 569.290 Thread 0x000001fd84a104a0 Thread added: 0x000001fd84a104a0
Event: 569.505 Thread 0x000001fd84a109b0 Thread added: 0x000001fd84a109b0
Event: 569.529 Thread 0x000001fd84a0eb50 Thread added: 0x000001fd84a0eb50
Event: 569.536 Thread 0x000001fd84a0f060 Thread added: 0x000001fd84a0f060
Event: 569.541 Thread 0x000001fd84a10ec0 Thread added: 0x000001fd84a10ec0
Event: 569.545 Thread 0x000001fd845c8400 Thread added: 0x000001fd845c8400
Event: 569.550 Thread 0x000001fd845c8910 Thread added: 0x000001fd845c8910
Event: 569.554 Thread 0x000001fd845c8e20 Thread added: 0x000001fd845c8e20
Event: 569.559 Thread 0x000001fd845c7ef0 Thread added: 0x000001fd845c7ef0
Event: 569.563 Thread 0x000001fd845c9840 Thread added: 0x000001fd845c9840
Event: 569.598 Thread 0x000001fd845c9330 Thread added: 0x000001fd845c9330
Event: 569.608 Thread 0x000001fd845c6090 Thread added: 0x000001fd845c6090


Dynamic libraries:
0x00007ff6fbe80000 - 0x00007ff6fbe8e000 	C:\Users\Giang\.jdks\corretto-17.0.10\bin\java.exe
0x00007fff79b30000 - 0x00007fff79d28000 	C:\Windows\SYSTEM32\ntdll.dll
0x00007fff77f30000 - 0x00007fff77ff1000 	C:\Windows\System32\KERNEL32.DLL
0x00007fff77640000 - 0x00007fff7793d000 	C:\Windows\System32\KERNELBASE.dll
0x00007fff773f0000 - 0x00007fff774f0000 	C:\Windows\System32\ucrtbase.dll
0x00007fff5f3c0000 - 0x00007fff5f3d7000 	C:\Users\Giang\.jdks\corretto-17.0.10\bin\jli.dll
0x00007fff78a80000 - 0x00007fff78c1d000 	C:\Windows\System32\USER32.dll
0x00007fff77250000 - 0x00007fff77272000 	C:\Windows\System32\win32u.dll
0x00007fff79150000 - 0x00007fff7917b000 	C:\Windows\System32\GDI32.dll
0x00007fff772d0000 - 0x00007fff773e7000 	C:\Windows\System32\gdi32full.dll
0x00007fff775a0000 - 0x00007fff7763d000 	C:\Windows\System32\msvcp_win.dll
0x00007fff5d7d0000 - 0x00007fff5d7eb000 	C:\Users\Giang\.jdks\corretto-17.0.10\bin\VCRUNTIME140.dll
0x00007fff67750000 - 0x00007fff679ea000 	C:\Windows\WinSxS\amd64_microsoft.windows.common-controls_6595b64144ccf1df_6.0.19041.4355_none_60b8b9eb71f62e16\COMCTL32.dll
0x00007fff78cb0000 - 0x00007fff78d4e000 	C:\Windows\System32\msvcrt.dll
0x00007fff78c80000 - 0x00007fff78caf000 	C:\Windows\System32\IMM32.DLL
0x00007fff71ec0000 - 0x00007fff71ecc000 	C:\Users\Giang\.jdks\corretto-17.0.10\bin\vcruntime140_1.dll
0x00007fff41130000 - 0x00007fff411bd000 	C:\Users\Giang\.jdks\corretto-17.0.10\bin\msvcp140.dll
0x00007fff282d0000 - 0x00007fff28f32000 	C:\Users\Giang\.jdks\corretto-17.0.10\bin\server\jvm.dll
0x00007fff77ce0000 - 0x00007fff77d90000 	C:\Windows\System32\ADVAPI32.dll
0x00007fff78170000 - 0x00007fff78210000 	C:\Windows\System32\sechost.dll
0x00007fff79950000 - 0x00007fff79a73000 	C:\Windows\System32\RPCRT4.dll
0x00007fff77940000 - 0x00007fff77967000 	C:\Windows\System32\bcrypt.dll
0x00007fff76760000 - 0x00007fff767ab000 	C:\Windows\SYSTEM32\POWRPROF.dll
0x00007fff72fe0000 - 0x00007fff72fe9000 	C:\Windows\SYSTEM32\WSOCK32.dll
0x00007fff78210000 - 0x00007fff7827b000 	C:\Windows\System32\WS2_32.dll
0x00007fff67c00000 - 0x00007fff67c27000 	C:\Windows\SYSTEM32\WINMM.dll
0x00007fff6ebf0000 - 0x00007fff6ebfa000 	C:\Windows\SYSTEM32\VERSION.dll
0x00007fff765d0000 - 0x00007fff765e2000 	C:\Windows\SYSTEM32\UMPDC.dll
0x00007fff75060000 - 0x00007fff75072000 	C:\Windows\SYSTEM32\kernel.appcore.dll
0x00007fff71390000 - 0x00007fff7139a000 	C:\Users\Giang\.jdks\corretto-17.0.10\bin\jimage.dll
0x00007fff62c20000 - 0x00007fff62e04000 	C:\Windows\SYSTEM32\DBGHELP.DLL
0x00007fff62ab0000 - 0x00007fff62ae4000 	C:\Windows\SYSTEM32\dbgcore.DLL
0x00007fff77ad0000 - 0x00007fff77b52000 	C:\Windows\System32\bcryptPrimitives.dll
0x00007fff6ed40000 - 0x00007fff6ed4e000 	C:\Users\Giang\.jdks\corretto-17.0.10\bin\instrument.dll
0x00007fff4f470000 - 0x00007fff4f495000 	C:\Users\Giang\.jdks\corretto-17.0.10\bin\java.dll
0x00007fff3eab0000 - 0x00007fff3eb87000 	C:\Users\Giang\.jdks\corretto-17.0.10\bin\jsvml.dll
0x00007fff78280000 - 0x00007fff789ef000 	C:\Windows\System32\SHELL32.dll
0x00007fff75260000 - 0x00007fff759ff000 	C:\Windows\SYSTEM32\windows.storage.dll
0x00007fff79180000 - 0x00007fff794d3000 	C:\Windows\System32\combase.dll
0x00007fff76c00000 - 0x00007fff76c2e000 	C:\Windows\SYSTEM32\Wldp.dll
0x00007fff77c10000 - 0x00007fff77cdd000 	C:\Windows\System32\OLEAUT32.dll
0x00007fff77b60000 - 0x00007fff77c0d000 	C:\Windows\System32\SHCORE.dll
0x00007fff77d90000 - 0x00007fff77de5000 	C:\Windows\System32\shlwapi.dll
0x00007fff77110000 - 0x00007fff77134000 	C:\Windows\SYSTEM32\profapi.dll
0x00007fff59af0000 - 0x00007fff59b08000 	C:\Users\Giang\.jdks\corretto-17.0.10\bin\zip.dll
0x00007fff51140000 - 0x00007fff51159000 	C:\Users\Giang\.jdks\corretto-17.0.10\bin\net.dll
0x00007fff6e810000 - 0x00007fff6e91d000 	C:\Windows\SYSTEM32\WINHTTP.dll
0x00007fff76960000 - 0x00007fff769ca000 	C:\Windows\system32\mswsock.dll
0x00007fff4f450000 - 0x00007fff4f466000 	C:\Users\Giang\.jdks\corretto-17.0.10\bin\nio.dll
0x00007fff602f0000 - 0x00007fff60300000 	C:\Users\Giang\.jdks\corretto-17.0.10\bin\verify.dll
0x00007fff716b0000 - 0x00007fff716d7000 	C:\Users\Giang\.gradle\native\c067742578af261105cb4f569cf0c3c89f3d7b1fecec35dd04571415982c5e48\windows-amd64\native-platform.dll
0x00007fff3aa90000 - 0x00007fff3abd4000 	C:\Users\Giang\.gradle\native\100fb08df4bc3b14c8652ba06237920a3bd2aa13389f12d3474272988ae205f9\windows-amd64\native-platform-file-events.dll
0x00007fff5f6e0000 - 0x00007fff5f6e9000 	C:\Users\Giang\.jdks\corretto-17.0.10\bin\management.dll
0x00007fff5e990000 - 0x00007fff5e99b000 	C:\Users\Giang\.jdks\corretto-17.0.10\bin\management_ext.dll
0x00007fff77df0000 - 0x00007fff77df8000 	C:\Windows\System32\PSAPI.DLL
0x00007fff76b50000 - 0x00007fff76b68000 	C:\Windows\SYSTEM32\CRYPTSP.dll
0x00007fff76210000 - 0x00007fff76244000 	C:\Windows\system32\rsaenh.dll
0x00007fff770c0000 - 0x00007fff770ee000 	C:\Windows\SYSTEM32\USERENV.dll
0x00007fff76b70000 - 0x00007fff76b7c000 	C:\Windows\SYSTEM32\CRYPTBASE.dll
0x00007fff765f0000 - 0x00007fff7662b000 	C:\Windows\SYSTEM32\IPHLPAPI.DLL
0x00007fff79a80000 - 0x00007fff79a88000 	C:\Windows\System32\NSI.dll
0x00007fff6ebb0000 - 0x00007fff6ebc7000 	C:\Windows\SYSTEM32\dhcpcsvc6.DLL
0x00007fff6ef00000 - 0x00007fff6ef1d000 	C:\Windows\SYSTEM32\dhcpcsvc.DLL
0x00007fff76640000 - 0x00007fff7670a000 	C:\Windows\SYSTEM32\DNSAPI.dll
0x00007fff5e410000 - 0x00007fff5e419000 	C:\Users\Giang\.jdks\corretto-17.0.10\bin\extnet.dll
0x00007fff5cae0000 - 0x00007fff5caee000 	C:\Users\Giang\.jdks\corretto-17.0.10\bin\sunmscapi.dll
0x00007fff77970000 - 0x00007fff77ace000 	C:\Windows\System32\CRYPT32.dll
0x00007fff76c70000 - 0x00007fff76c99000 	C:\Windows\SYSTEM32\ncrypt.dll
0x00007fff76c30000 - 0x00007fff76c6b000 	C:\Windows\SYSTEM32\NTASN1.dll
0x00007fff71a30000 - 0x00007fff71a37000 	C:\Windows\system32\wshunix.dll

dbghelp: loaded successfully - version: 4.0.5 - missing functions: none
symbol engine: initialized successfully - sym options: 0x614 - pdb path: .;C:\Users\Giang\.jdks\corretto-17.0.10\bin;C:\Windows\SYSTEM32;C:\Windows\WinSxS\amd64_microsoft.windows.common-controls_6595b64144ccf1df_6.0.19041.4355_none_60b8b9eb71f62e16;C:\Users\Giang\.jdks\corretto-17.0.10\bin\server;C:\Users\Giang\.gradle\native\c067742578af261105cb4f569cf0c3c89f3d7b1fecec35dd04571415982c5e48\windows-amd64;C:\Users\Giang\.gradle\native\100fb08df4bc3b14c8652ba06237920a3bd2aa13389f12d3474272988ae205f9\windows-amd64

VM Arguments:
jvm_args: --add-opens=java.base/java.util=ALL-UNNAMED --add-opens=java.base/java.lang=ALL-UNNAMED --add-opens=java.base/java.lang.invoke=ALL-UNNAMED --add-opens=java.prefs/java.util.prefs=ALL-UNNAMED --add-opens=java.base/java.nio.charset=ALL-UNNAMED --add-opens=java.base/java.net=ALL-UNNAMED --add-opens=java.base/java.util.concurrent.atomic=ALL-UNNAMED -XX:MaxMetaspaceSize=384m -XX:+HeapDumpOnOutOfMemoryError -Xms256m -Xmx512m -Dfile.encoding=windows-1252 -Duser.country=US -Duser.language=en -Duser.variant -javaagent:C:\Users\Giang\.gradle\wrapper\dists\gradle-8.8-bin\dl7vupf4psengwqhwktix4v1\gradle-8.8\lib\agents\gradle-instrumentation-agent-8.8.jar 
java_command: org.gradle.launcher.daemon.bootstrap.GradleDaemon 8.8
java_class_path (initial): C:\Users\Giang\.gradle\wrapper\dists\gradle-8.8-bin\dl7vupf4psengwqhwktix4v1\gradle-8.8\lib\gradle-launcher-8.8.jar
Launcher Type: SUN_STANDARD

[Global flags]
     intx CICompilerCount                          = 3                                         {product} {ergonomic}
   size_t CompressedClassSpaceSize                 = 335544320                                 {product} {ergonomic}
     uint ConcGCThreads                            = 1                                         {product} {ergonomic}
     uint G1ConcRefinementThreads                  = 4                                         {product} {ergonomic}
   size_t G1HeapRegionSize                         = 1048576                                   {product} {ergonomic}
    uintx GCDrainStackTargetSize                   = 64                                        {product} {ergonomic}
     bool HeapDumpOnOutOfMemoryError               = true                                   {manageable} {command line}
   size_t InitialHeapSize                          = 268435456                                 {product} {command line}
   size_t MarkStackSize                            = 4194304                                   {product} {ergonomic}
   size_t MaxHeapSize                              = 536870912                                 {product} {command line}
   size_t MaxMetaspaceSize                         = 402653184                                 {product} {command line}
   size_t MaxNewSize                               = 321912832                                 {product} {ergonomic}
   size_t MinHeapDeltaBytes                        = 1048576                                   {product} {ergonomic}
   size_t MinHeapSize                              = 268435456                                 {product} {command line}
    uintx NonNMethodCodeHeapSize                   = 5832780                                {pd product} {ergonomic}
    uintx NonProfiledCodeHeapSize                  = 122912730                              {pd product} {ergonomic}
    uintx ProfiledCodeHeapSize                     = 122912730                              {pd product} {ergonomic}
    uintx ReservedCodeCacheSize                    = 251658240                              {pd product} {ergonomic}
     bool SegmentedCodeCache                       = true                                      {product} {ergonomic}
   size_t SoftMaxHeapSize                          = 536870912                              {manageable} {ergonomic}
     bool UseCompressedClassPointers               = true                           {product lp64_product} {ergonomic}
     bool UseCompressedOops                        = true                           {product lp64_product} {ergonomic}
     bool UseG1GC                                  = true                                      {product} {ergonomic}
     bool UseLargePagesIndividualAllocation        = false                                  {pd product} {ergonomic}

Logging:
Log output configuration:
 #0: stdout all=warning uptime,level,tags
 #1: stderr all=off uptime,level,tags

Environment Variables:
PATH=C:\Program Files\Common Files\Oracle\Java\javapath;C:\Windows\system32;C:\Windows;C:\Windows\System32\Wbem;C:\Windows\System32\WindowsPowerShell\v1.0\;C:\Windows\System32\OpenSSH\;C:\Program Files\MySQL\MySQL Server 8.0\bin;%JAVA_HOME%\bin;C:\Gradle\gradle-6.8\bin;C:\Program Files\Git\cmd;C:\Program Files\Java\jdk-17\bin;C:\Program Files\nodejs\;C:\Program Files\MySQL\MySQL Shell 8.0\bin\;C:\Users\Giang\AppData\Local\Microsoft\WindowsApps;C:\Users\Giang\AppData\Local\GitHubDesktop\bin;D:\Microsoft VS Code\bin;C:\Users\Giang\AppData\Roaming\npm
USERNAME=Giang
OS=Windows_NT
PROCESSOR_IDENTIFIER=Intel64 Family 6 Model 61 Stepping 4, GenuineIntel
TMP=C:\Users\Giang\AppData\Local\Temp
TEMP=C:\Users\Giang\AppData\Local\Temp



Periodic native trim disabled


---------------  S Y S T E M  ---------------

OS:
 Windows 10 , 64 bit Build 19041 (10.0.19041.4717)
OS uptime: 0 days 1:49 hours

CPU: total 4 (initial active 4) (2 cores per cpu, 2 threads per core) family 6 model 61 stepping 4 microcode 0x2d, cx8, cmov, fxsr, ht, mmx, 3dnowpref, sse, sse2, sse3, ssse3, sse4.1, sse4.2, popcnt, lzcnt, tsc, tscinvbit, avx, avx2, aes, erms, clmul, bmi1, bmi2, rtm, adx, fma, vzeroupper, clflush
Processor Information for all 4 processors :
  Max Mhz: 2594, Current Mhz: 2594, Mhz Limit: 2594

Memory: 4k page, system-wide physical 7887M (294M free)
TotalPageFile size 15055M (AvailPageFile size 4M)
current process WorkingSet (physical memory assigned to process): 517M, peak: 527M
current process commit charge ("private bytes"): 545M, peak: 554M

vm_info: OpenJDK 64-Bit Server VM (17.0.10+7-LTS) for windows-amd64 JRE (17.0.10+7-LTS), built on Jan 10 2024 22:11:07 by "Administrator" with MS VC++ 16.10 / 16.11 (VS2019)

END.
