#
# There is insufficient memory for the Java Runtime Environment to continue.
# Native memory allocation (malloc) failed to allocate 1079248 bytes for Chunk::new
# Possible reasons:
#   The system is out of physical RAM or swap space
#   The process is running with CompressedOops enabled, and the Java Heap may be blocking the growth of the native heap
# Possible solutions:
#   Reduce memory load on the system
#   Increase physical memory or swap space
#   Check if swap backing store is full
#   Decrease Java heap size (-Xmx/-Xms)
#   Decrease number of Java threads
#   Decrease Java thread stack sizes (-Xss)
#   Set larger code cache with -XX:ReservedCodeCacheSize=
#   JVM is running with Unscaled Compressed Oops mode in which the Java heap is
#     placed in the first 4GB address space. The Java Heap base address is the
#     maximum limit for the native heap growth. Please use -XX:HeapBaseMinAddress
#     to set the Java Heap base and to place the Java Heap above 4GB virtual address.
# This output file may be truncated or incomplete.
#
#  Out of Memory Error (arena.cpp:191), pid=10856, tid=2900
#
# JRE version: OpenJDK Runtime Environment Corretto-17.0.10.7.1 (17.0.10+7) (build 17.0.10+7-LTS)
# Java VM: OpenJDK 64-Bit Server VM Corretto-17.0.10.7.1 (17.0.10+7-LTS, mixed mode, sharing, tiered, compressed oops, compressed class ptrs, g1 gc, windows-amd64)
# No core dump will be written. Minidumps are not enabled by default on client versions of Windows
#

---------------  S U M M A R Y ------------

Command Line: --add-opens=java.base/java.util=ALL-UNNAMED --add-opens=java.base/java.lang=ALL-UNNAMED --add-opens=java.base/java.lang.invoke=ALL-UNNAMED --add-opens=java.prefs/java.util.prefs=ALL-UNNAMED --add-opens=java.base/java.nio.charset=ALL-UNNAMED --add-opens=java.base/java.net=ALL-UNNAMED --add-opens=java.base/java.util.concurrent.atomic=ALL-UNNAMED -XX:MaxMetaspaceSize=384m -XX:+HeapDumpOnOutOfMemoryError -Xms256m -Xmx512m -Dfile.encoding=windows-1252 -Duser.country=US -Duser.language=en -Duser.variant -javaagent:C:\Users\Giang\.gradle\wrapper\dists\gradle-8.8-bin\dl7vupf4psengwqhwktix4v1\gradle-8.8\lib\agents\gradle-instrumentation-agent-8.8.jar org.gradle.launcher.daemon.bootstrap.GradleDaemon 8.8

Host: Intel(R) Core(TM) i7-5600U CPU @ 2.60GHz, 4 cores, 7G,  Windows 10 , 64 bit Build 19041 (10.0.19041.4717)
Time: Sat Aug 17 01:58:51 2024 SE Asia Standard Time elapsed time: 7439.205725 seconds (0d 2h 3m 59s)

---------------  T H R E A D  ---------------

Current thread (0x000002299b64e3c0):  JavaThread "C2 CompilerThread0" daemon [_thread_in_native, id=2900, stack(0x00000033dc400000,0x00000033dc500000)]


Current CompileTask:
C2:7439205 14117       4       io.spring.gradle.dependencymanagement.org.apache.maven.model.io.xpp3.MavenXpp3ReaderEx::parsePlugin (797 bytes)

Stack: [0x00000033dc400000,0x00000033dc500000]
Native frames: (J=compiled Java code, j=interpreted, Vv=VM code, C=native code)
V  [jvm.dll+0x67d2c9]
V  [jvm.dll+0x834b1a]
V  [jvm.dll+0x8365de]
V  [jvm.dll+0x836c43]
V  [jvm.dll+0x2477ff]
V  [jvm.dll+0xac514]
V  [jvm.dll+0xacb5c]
V  [jvm.dll+0x3667d7]
V  [jvm.dll+0x330bfa]
V  [jvm.dll+0x33009a]
V  [jvm.dll+0x219ef1]
V  [jvm.dll+0x219311]
V  [jvm.dll+0x1a502d]
V  [jvm.dll+0x2290de]
V  [jvm.dll+0x2272ac]
V  [jvm.dll+0x7e9bd7]
V  [jvm.dll+0x7e3fda]
V  [jvm.dll+0x67c1b5]
C  [ucrtbase.dll+0x21bb2]
C  [KERNEL32.DLL+0x17374]
C  [ntdll.dll+0x4cc91]


---------------  P R O C E S S  ---------------

Threads class SMR info:
_java_thread_list=0x00000229b9e629e0, length=87, elements={
0x000002298144e830, 0x000002299b6330a0, 0x000002299b635240, 0x000002299b648b80,
0x000002299b64c570, 0x000002299b64ce40, 0x000002299b64d710, 0x000002299b64e3c0,
0x000002299b64ed80, 0x000002299b651e40, 0x000002299b61ac40, 0x000002299b928720,
0x00000229b659c580, 0x00000229b715f080, 0x00000229b65b5470, 0x00000229b5506470,
0x00000229b55073a0, 0x00000229b5505540, 0x00000229b5507dc0, 0x00000229b5505a50,
0x00000229b8169fa0, 0x00000229b816c820, 0x00000229b816a9c0, 0x00000229b816b8f0,
0x00000229b816be00, 0x000002299bac6040, 0x00000229b7f305d0, 0x00000229b7f30ae0,
0x00000229b9476750, 0x00000229b9474e00, 0x00000229b9477170, 0x00000229b94743e0,
0x00000229b9475d30, 0x00000229b94739c0, 0x00000229b9476c60, 0x00000229b947a920,
0x00000229b9475310, 0x00000229b9476240, 0x00000229b94734b0, 0x00000229b94748f0,
0x00000229b9477680, 0x00000229b94794e0, 0x00000229b9475820, 0x00000229b9477b90,
0x00000229b9473ed0, 0x00000229b947a410, 0x00000229b94780a0, 0x00000229b9479f00,
0x00000229b94785b0, 0x00000229b94799f0, 0x00000229b947ae30, 0x000002299bac6a60,
0x000002299bac7990, 0x000002299bac83b0, 0x000002299bac3cd0, 0x000002299bac7ea0,
0x000002299bac0f40, 0x000002299bac32b0, 0x000002299bac6f70, 0x000002299bac37c0,
0x000002299bac1960, 0x000002299bac6550, 0x000002299bac1450, 0x000002299bac7480,
0x000002299bac1e70, 0x000002299bac2380, 0x000002299bac46f0, 0x000002299bac2890,
0x000002299bac4c00, 0x000002299bac2da0, 0x000002299bac41e0, 0x000002299bac5110,
0x000002299bac5620, 0x000002299bac5b30, 0x00000229b7f351c0, 0x00000229b7f33870,
0x00000229b7f2fbb0, 0x00000229b7f34290, 0x00000229b7f31a10, 0x00000229b7f30ff0,
0x00000229b7f32e50, 0x00000229b7f32940, 0x00000229b7f356d0, 0x00000229b7f31500,
0x00000229b7f2ec80, 0x00000229b7f31f20, 0x00000229b947f2d0
}

Java Threads: ( => current thread )
  0x000002298144e830 JavaThread "main" [_thread_blocked, id=11924, stack(0x00000033db700000,0x00000033db800000)]
  0x000002299b6330a0 JavaThread "Reference Handler" daemon [_thread_blocked, id=14016, stack(0x00000033dbe00000,0x00000033dbf00000)]
  0x000002299b635240 JavaThread "Finalizer" daemon [_thread_blocked, id=5408, stack(0x00000033dbf00000,0x00000033dc000000)]
  0x000002299b648b80 JavaThread "Signal Dispatcher" daemon [_thread_blocked, id=10464, stack(0x00000033dc000000,0x00000033dc100000)]
  0x000002299b64c570 JavaThread "Attach Listener" daemon [_thread_blocked, id=392, stack(0x00000033dc100000,0x00000033dc200000)]
  0x000002299b64ce40 JavaThread "Service Thread" daemon [_thread_blocked, id=13404, stack(0x00000033dc200000,0x00000033dc300000)]
  0x000002299b64d710 JavaThread "Monitor Deflation Thread" daemon [_thread_blocked, id=11520, stack(0x00000033dc300000,0x00000033dc400000)]
=>0x000002299b64e3c0 JavaThread "C2 CompilerThread0" daemon [_thread_in_native, id=2900, stack(0x00000033dc400000,0x00000033dc500000)]
  0x000002299b64ed80 JavaThread "C1 CompilerThread0" daemon [_thread_blocked, id=2956, stack(0x00000033dc500000,0x00000033dc600000)]
  0x000002299b651e40 JavaThread "Sweeper thread" daemon [_thread_blocked, id=13296, stack(0x00000033dc600000,0x00000033dc700000)]
  0x000002299b61ac40 JavaThread "Common-Cleaner" daemon [_thread_blocked, id=11576, stack(0x00000033dc700000,0x00000033dc800000)]
  0x000002299b928720 JavaThread "Notification Thread" daemon [_thread_blocked, id=1032, stack(0x00000033dc800000,0x00000033dc900000)]
  0x00000229b659c580 JavaThread "Daemon health stats" [_thread_blocked, id=3228, stack(0x00000033dce00000,0x00000033dcf00000)]
  0x00000229b715f080 JavaThread "Incoming local TCP Connector on port 59751" [_thread_in_native, id=1648, stack(0x00000033dca00000,0x00000033dcb00000)]
  0x00000229b65b5470 JavaThread "Daemon periodic checks" [_thread_blocked, id=2840, stack(0x00000033dcf00000,0x00000033dd000000)]
  0x00000229b5506470 JavaThread "Cache worker for journal cache (C:\Users\Giang\.gradle\caches\journal-1)" [_thread_blocked, id=8444, stack(0x00000033dd700000,0x00000033dd800000)]
  0x00000229b55073a0 JavaThread "File lock request listener" [_thread_in_native, id=7920, stack(0x00000033dd800000,0x00000033dd900000)]
  0x00000229b5505540 JavaThread "Cache worker for file hash cache (C:\Users\Giang\.gradle\caches\8.8\fileHashes)" [_thread_blocked, id=4556, stack(0x00000033dd900000,0x00000033dda00000)]
  0x00000229b5507dc0 JavaThread "File watcher server" daemon [_thread_in_native, id=11668, stack(0x00000033ddc00000,0x00000033ddd00000)]
  0x00000229b5505a50 JavaThread "File watcher consumer" daemon [_thread_blocked, id=9532, stack(0x00000033ddd00000,0x00000033dde00000)]
  0x00000229b8169fa0 JavaThread "Cache worker for file content cache (C:\Users\Giang\.gradle\caches\8.8\fileContent)" [_thread_blocked, id=9592, stack(0x00000033ddf00000,0x00000033de000000)]
  0x00000229b816c820 JavaThread "jar transforms" [_thread_blocked, id=1544, stack(0x00000033de200000,0x00000033de300000)]
  0x00000229b816a9c0 JavaThread "jar transforms Thread 2" [_thread_blocked, id=5192, stack(0x00000033de300000,0x00000033de400000)]
  0x00000229b816b8f0 JavaThread "jar transforms Thread 3" [_thread_blocked, id=7320, stack(0x00000033de400000,0x00000033de500000)]
  0x00000229b816be00 JavaThread "jar transforms Thread 4" [_thread_blocked, id=12804, stack(0x00000033de500000,0x00000033de600000)]
  0x000002299bac6040 JavaThread "Memory manager" [_thread_blocked, id=6112, stack(0x00000033df000000,0x00000033df100000)]
  0x00000229b7f305d0 JavaThread "ForkJoinPool.commonPool-worker-8" daemon [_thread_blocked, id=11044, stack(0x00000033deb00000,0x00000033dec00000)]
  0x00000229b7f30ae0 JavaThread "ForkJoinPool.commonPool-worker-9" daemon [_thread_blocked, id=5796, stack(0x00000033dec00000,0x00000033ded00000)]
  0x00000229b9476750 JavaThread "Daemon Thread 4" [_thread_blocked, id=12380, stack(0x00000033db500000,0x00000033db600000)]
  0x00000229b9474e00 JavaThread "Handler for socket connection from /127.0.0.1:59751 to /127.0.0.1:64594" [_thread_in_native, id=13608, stack(0x00000033db600000,0x00000033db700000)]
  0x00000229b9477170 JavaThread "Cancel handler" [_thread_blocked, id=6836, stack(0x00000033dd000000,0x00000033dd100000)]
  0x00000229b94743e0 JavaThread "Daemon worker Thread 4" [_thread_blocked, id=12524, stack(0x00000033dd100000,0x00000033dd200000)]
  0x00000229b9475d30 JavaThread "Asynchronous log dispatcher for DefaultDaemonConnection: socket connection from /127.0.0.1:59751 to /127.0.0.1:64594" [_thread_blocked, id=4232, stack(0x00000033dd200000,0x00000033dd300000)]
  0x00000229b94739c0 JavaThread "Stdin handler" [_thread_blocked, id=10736, stack(0x00000033dd300000,0x00000033dd400000)]
  0x00000229b9476c60 JavaThread "Daemon client event forwarder" [_thread_blocked, id=1116, stack(0x00000033dd400000,0x00000033dd500000)]
  0x00000229b947a920 JavaThread "Cache worker for file hash cache (D:\OJT\day1\OJT_BE\.gradle\8.8\fileHashes)" [_thread_blocked, id=3428, stack(0x00000033dd500000,0x00000033dd600000)]
  0x00000229b9475310 JavaThread "Cache worker for checksums cache (D:\OJT\day1\OJT_BE\.gradle\8.8\checksums)" [_thread_blocked, id=13152, stack(0x00000033dd600000,0x00000033dd700000)]
  0x00000229b9476240 JavaThread "Cache worker for cache directory md-rule (C:\Users\Giang\.gradle\caches\8.8\md-rule)" [_thread_blocked, id=7724, stack(0x00000033dda00000,0x00000033ddb00000)]
  0x00000229b94734b0 JavaThread "Cache worker for cache directory md-supplier (C:\Users\Giang\.gradle\caches\8.8\md-supplier)" [_thread_blocked, id=964, stack(0x00000033ddb00000,0x00000033ddc00000)]
  0x00000229b94748f0 JavaThread "Cache worker for Build Output Cleanup Cache (D:\OJT\day1\OJT_BE\.gradle\buildOutputCleanup)" [_thread_blocked, id=13764, stack(0x00000033dde00000,0x00000033ddf00000)]
  0x00000229b9477680 JavaThread "Unconstrained build operations" [_thread_blocked, id=1644, stack(0x00000033de000000,0x00000033de100000)]
  0x00000229b94794e0 JavaThread "Unconstrained build operations Thread 2" [_thread_blocked, id=14148, stack(0x00000033de100000,0x00000033de200000)]
  0x00000229b9475820 JavaThread "Unconstrained build operations Thread 3" [_thread_blocked, id=11416, stack(0x00000033de600000,0x00000033de700000)]
  0x00000229b9477b90 JavaThread "Unconstrained build operations Thread 4" [_thread_blocked, id=9852, stack(0x00000033de700000,0x00000033de800000)]
  0x00000229b9473ed0 JavaThread "Unconstrained build operations Thread 5" [_thread_blocked, id=6444, stack(0x00000033de800000,0x00000033de900000)]
  0x00000229b947a410 JavaThread "Unconstrained build operations Thread 6" [_thread_blocked, id=3516, stack(0x00000033de900000,0x00000033dea00000)]
  0x00000229b94780a0 JavaThread "ForkJoinPool.commonPool-worker-10" daemon [_thread_blocked, id=13708, stack(0x00000033ded00000,0x00000033dee00000)]
  0x00000229b9479f00 JavaThread "included builds" [_thread_in_Java, id=13052, stack(0x00000033dee00000,0x00000033def00000)]
  0x00000229b94785b0 JavaThread "Execution worker" [_thread_blocked, id=5128, stack(0x00000033def00000,0x00000033df000000)]
  0x00000229b94799f0 JavaThread "Execution worker Thread 2" [_thread_blocked, id=11152, stack(0x00000033df200000,0x00000033df300000)]
  0x00000229b947ae30 JavaThread "Execution worker Thread 3" [_thread_blocked, id=1684, stack(0x00000033df300000,0x00000033df400000)]
  0x000002299bac6a60 JavaThread "Cache worker for execution history cache (D:\OJT\day1\OJT_BE\.gradle\8.8\executionHistory)" [_thread_blocked, id=8276, stack(0x00000033df400000,0x00000033df500000)]
  0x000002299bac7990 JavaThread "Unconstrained build operations Thread 7" [_thread_blocked, id=13860, stack(0x00000033df500000,0x00000033df600000)]
  0x000002299bac83b0 JavaThread "Unconstrained build operations Thread 8" [_thread_blocked, id=2844, stack(0x00000033df600000,0x00000033df700000)]
  0x000002299bac3cd0 JavaThread "Unconstrained build operations Thread 9" [_thread_blocked, id=8884, stack(0x00000033df700000,0x00000033df800000)]
  0x000002299bac7ea0 JavaThread "Unconstrained build operations Thread 10" [_thread_blocked, id=14172, stack(0x00000033df800000,0x00000033df900000)]
  0x000002299bac0f40 JavaThread "Unconstrained build operations Thread 11" [_thread_blocked, id=3220, stack(0x00000033df900000,0x00000033dfa00000)]
  0x000002299bac32b0 JavaThread "Unconstrained build operations Thread 12" [_thread_blocked, id=5756, stack(0x00000033dfa00000,0x00000033dfb00000)]
  0x000002299bac6f70 JavaThread "Unconstrained build operations Thread 13" [_thread_blocked, id=4672, stack(0x00000033dfb00000,0x00000033dfc00000)]
  0x000002299bac37c0 JavaThread "Unconstrained build operations Thread 14" [_thread_blocked, id=1576, stack(0x00000033dfc00000,0x00000033dfd00000)]
  0x000002299bac1960 JavaThread "Unconstrained build operations Thread 15" [_thread_blocked, id=12128, stack(0x00000033dfd00000,0x00000033dfe00000)]
  0x000002299bac6550 JavaThread "Unconstrained build operations Thread 16" [_thread_blocked, id=11708, stack(0x00000033dfe00000,0x00000033dff00000)]
  0x000002299bac1450 JavaThread "Unconstrained build operations Thread 17" [_thread_blocked, id=1756, stack(0x00000033dff00000,0x00000033e0000000)]
  0x000002299bac7480 JavaThread "Unconstrained build operations Thread 18" [_thread_blocked, id=11364, stack(0x00000033e0000000,0x00000033e0100000)]
  0x000002299bac1e70 JavaThread "Unconstrained build operations Thread 19" [_thread_blocked, id=2076, stack(0x00000033e0100000,0x00000033e0200000)]
  0x000002299bac2380 JavaThread "Unconstrained build operations Thread 20" [_thread_blocked, id=5588, stack(0x00000033e0200000,0x00000033e0300000)]
  0x000002299bac46f0 JavaThread "Unconstrained build operations Thread 21" [_thread_blocked, id=9156, stack(0x00000033e0300000,0x00000033e0400000)]
  0x000002299bac2890 JavaThread "Unconstrained build operations Thread 22" [_thread_blocked, id=11252, stack(0x00000033e0400000,0x00000033e0500000)]
  0x000002299bac4c00 JavaThread "Unconstrained build operations Thread 23" [_thread_blocked, id=10536, stack(0x00000033e0500000,0x00000033e0600000)]
  0x000002299bac2da0 JavaThread "Unconstrained build operations Thread 24" [_thread_blocked, id=4548, stack(0x00000033e0600000,0x00000033e0700000)]
  0x000002299bac41e0 JavaThread "Unconstrained build operations Thread 25" [_thread_blocked, id=10080, stack(0x00000033e0700000,0x00000033e0800000)]
  0x000002299bac5110 JavaThread "Unconstrained build operations Thread 26" [_thread_blocked, id=11452, stack(0x00000033e0800000,0x00000033e0900000)]
  0x000002299bac5620 JavaThread "Unconstrained build operations Thread 27" [_thread_blocked, id=7032, stack(0x00000033e0900000,0x00000033e0a00000)]
  0x000002299bac5b30 JavaThread "Unconstrained build operations Thread 28" [_thread_blocked, id=9896, stack(0x00000033e0a00000,0x00000033e0b00000)]
  0x00000229b7f351c0 JavaThread "Unconstrained build operations Thread 29" [_thread_blocked, id=2732, stack(0x00000033e0b00000,0x00000033e0c00000)]
  0x00000229b7f33870 JavaThread "Unconstrained build operations Thread 30" [_thread_blocked, id=12416, stack(0x00000033e0c00000,0x00000033e0d00000)]
  0x00000229b7f2fbb0 JavaThread "Unconstrained build operations Thread 31" [_thread_blocked, id=13792, stack(0x00000033e0d00000,0x00000033e0e00000)]
  0x00000229b7f34290 JavaThread "Unconstrained build operations Thread 32" [_thread_blocked, id=11876, stack(0x00000033e0e00000,0x00000033e0f00000)]
  0x00000229b7f31a10 JavaThread "Unconstrained build operations Thread 33" [_thread_blocked, id=13176, stack(0x00000033e0f00000,0x00000033e1000000)]
  0x00000229b7f30ff0 JavaThread "Unconstrained build operations Thread 34" [_thread_blocked, id=8404, stack(0x00000033e1000000,0x00000033e1100000)]
  0x00000229b7f32e50 JavaThread "Unconstrained build operations Thread 35" [_thread_blocked, id=8144, stack(0x00000033e1100000,0x00000033e1200000)]
  0x00000229b7f32940 JavaThread "Unconstrained build operations Thread 36" [_thread_blocked, id=6748, stack(0x00000033e1200000,0x00000033e1300000)]
  0x00000229b7f356d0 JavaThread "Unconstrained build operations Thread 37" [_thread_blocked, id=552, stack(0x00000033e1300000,0x00000033e1400000)]
  0x00000229b7f31500 JavaThread "Unconstrained build operations Thread 38" [_thread_blocked, id=396, stack(0x00000033e1400000,0x00000033e1500000)]
  0x00000229b7f2ec80 JavaThread "Unconstrained build operations Thread 39" [_thread_blocked, id=8456, stack(0x00000033e1500000,0x00000033e1600000)]
  0x00000229b7f31f20 JavaThread "Unconstrained build operations Thread 40" [_thread_blocked, id=8104, stack(0x00000033e1600000,0x00000033e1700000)]
  0x00000229b947f2d0 JavaThread "C2 CompilerThread1" daemon [_thread_in_native, id=6508, stack(0x00000033dea00000,0x00000033deb00000)]

Other Threads:
  0x000002299b62f530 VMThread "VM Thread" [stack: 0x00000033dbd00000,0x00000033dbe00000] [id=9840]
  0x000002299b9a7ef0 WatcherThread [stack: 0x00000033dc900000,0x00000033dca00000] [id=11688]
  0x000002298147c510 GCTaskThread "GC Thread#0" [stack: 0x00000033db800000,0x00000033db900000] [id=10848]
  0x000002299b9a5790 GCTaskThread "GC Thread#1" [stack: 0x00000033dcb00000,0x00000033dcc00000] [id=13888]
  0x000002299b9a5a50 GCTaskThread "GC Thread#2" [stack: 0x00000033dcc00000,0x00000033dcd00000] [id=9356]
  0x000002299b9a5d10 GCTaskThread "GC Thread#3" [stack: 0x00000033dcd00000,0x00000033dce00000] [id=6200]
  0x0000022981483380 ConcurrentGCThread "G1 Main Marker" [stack: 0x00000033db900000,0x00000033dba00000] [id=10600]
  0x0000022981484cc0 ConcurrentGCThread "G1 Conc#0" [stack: 0x00000033dba00000,0x00000033dbb00000] [id=14028]
  0x000002299b4f24d0 ConcurrentGCThread "G1 Refine#0" [stack: 0x00000033dbb00000,0x00000033dbc00000] [id=12660]
  0x00000229b7a16940 ConcurrentGCThread "G1 Refine#1" [stack: 0x00000033df100000,0x00000033df200000] [id=12204]
  0x00000229b7a16c30 ConcurrentGCThread "G1 Refine#2" [stack: 0x00000033e1c00000,0x00000033e1d00000] [id=12864]
  0x000002299b4f2e10 ConcurrentGCThread "G1 Service" [stack: 0x00000033dbc00000,0x00000033dbd00000] [id=14164]

Threads with active compile tasks:
C2 CompilerThread0  7439279 14117       4       io.spring.gradle.dependencymanagement.org.apache.maven.model.io.xpp3.MavenXpp3ReaderEx::parsePlugin (797 bytes)
C2 CompilerThread1  7439279 14122       4       io.spring.gradle.dependencymanagement.internal.ExclusionResolver::collectExclusions (126 bytes)

VM state: not at safepoint (normal execution)

VM Mutex/Monitor currently owned by a thread: None

Heap address: 0x00000000e0000000, size: 512 MB, Compressed Oops mode: 32-bit

CDS archive(s) mapped at: [0x000002299c000000-0x000002299cbb0000-0x000002299cbb0000), size 12255232, SharedBaseAddress: 0x000002299c000000, ArchiveRelocationMode: 1.
Compressed class space mapped at: 0x000002299d000000-0x00000229b1000000, reserved size: 335544320
Narrow klass base: 0x000002299c000000, Narrow klass shift: 0, Narrow klass range: 0x100000000

GC Precious Log:
 CPUs: 4 total, 4 available
 Memory: 7887M
 Large Page Support: Disabled
 NUMA Support: Disabled
 Compressed Oops: Enabled (32-bit)
 Heap Region Size: 1M
 Heap Min Capacity: 256M
 Heap Initial Capacity: 256M
 Heap Max Capacity: 512M
 Pre-touch: Disabled
 Parallel Workers: 4
 Concurrent Workers: 1
 Concurrent Refinement Workers: 4
 Periodic GC: Disabled

Heap:
 garbage-first heap   total 262144K, used 173565K [0x00000000e0000000, 0x0000000100000000)
  region size 1024K, 118 young (120832K), 9 survivors (9216K)
 Metaspace       used 58591K, committed 59264K, reserved 393216K
  class space    used 7932K, committed 8256K, reserved 327680K

Heap Regions: E=young(eden), S=young(survivor), O=old, HS=humongous(starts), HC=humongous(continues), CS=collection set, F=free, OA=open archive, CA=closed archive, TAMS=top-at-mark-start (previous, next)
|   0|0x00000000e0000000, 0x00000000e0100000, 0x00000000e0100000|100%|HS|  |TAMS 0x00000000e0100000, 0x00000000e0000000| Complete 
|   1|0x00000000e0100000, 0x00000000e0200000, 0x00000000e0200000|100%|HC|  |TAMS 0x00000000e0200000, 0x00000000e0100000| Complete 
|   2|0x00000000e0200000, 0x00000000e0300000, 0x00000000e0300000|100%|HC|  |TAMS 0x00000000e0300000, 0x00000000e0200000| Complete 
|   3|0x00000000e0300000, 0x00000000e0400000, 0x00000000e0400000|100%|HC|  |TAMS 0x00000000e0400000, 0x00000000e0300000| Complete 
|   4|0x00000000e0400000, 0x00000000e0500000, 0x00000000e0500000|100%| O|  |TAMS 0x00000000e0500000, 0x00000000e0400000| Untracked 
|   5|0x00000000e0500000, 0x00000000e0600000, 0x00000000e0600000|100%| O|  |TAMS 0x00000000e0600000, 0x00000000e0500000| Untracked 
|   6|0x00000000e0600000, 0x00000000e0700000, 0x00000000e0700000|100%| O|  |TAMS 0x00000000e0700000, 0x00000000e0600000| Untracked 
|   7|0x00000000e0700000, 0x00000000e0800000, 0x00000000e0800000|100%| O|  |TAMS 0x00000000e0800000, 0x00000000e0700000| Untracked 
|   8|0x00000000e0800000, 0x00000000e0900000, 0x00000000e0900000|100%| O|  |TAMS 0x00000000e0900000, 0x00000000e0800000| Untracked 
|   9|0x00000000e0900000, 0x00000000e0a00000, 0x00000000e0a00000|100%| O|  |TAMS 0x00000000e0a00000, 0x00000000e0900000| Untracked 
|  10|0x00000000e0a00000, 0x00000000e0b00000, 0x00000000e0b00000|100%| O|  |TAMS 0x00000000e0acdc00, 0x00000000e0a00000| Untracked 
|  11|0x00000000e0b00000, 0x00000000e0c00000, 0x00000000e0c00000|100%|HS|  |TAMS 0x00000000e0c00000, 0x00000000e0b00000| Complete 
|  12|0x00000000e0c00000, 0x00000000e0d00000, 0x00000000e0d00000|100%| O|  |TAMS 0x00000000e0c00000, 0x00000000e0c00000| Untracked 
|  13|0x00000000e0d00000, 0x00000000e0e00000, 0x00000000e0e00000|100%| O|  |TAMS 0x00000000e0d00000, 0x00000000e0d00000| Untracked 
|  14|0x00000000e0e00000, 0x00000000e0f00000, 0x00000000e0f00000|100%| O|  |TAMS 0x00000000e0e00000, 0x00000000e0e00000| Untracked 
|  15|0x00000000e0f00000, 0x00000000e1000000, 0x00000000e1000000|100%| O|  |TAMS 0x00000000e0f00000, 0x00000000e0f00000| Untracked 
|  16|0x00000000e1000000, 0x00000000e1100000, 0x00000000e1100000|100%| O|  |TAMS 0x00000000e1000000, 0x00000000e1000000| Untracked 
|  17|0x00000000e1100000, 0x00000000e1200000, 0x00000000e1200000|100%| O|  |TAMS 0x00000000e1100000, 0x00000000e1100000| Untracked 
|  18|0x00000000e1200000, 0x00000000e1300000, 0x00000000e1300000|100%| O|  |TAMS 0x00000000e1200000, 0x00000000e1200000| Untracked 
|  19|0x00000000e1300000, 0x00000000e1400000, 0x00000000e1400000|100%| O|  |TAMS 0x00000000e1300000, 0x00000000e1300000| Untracked 
|  20|0x00000000e1400000, 0x00000000e1500000, 0x00000000e1500000|100%| O|  |TAMS 0x00000000e1400000, 0x00000000e1400000| Untracked 
|  21|0x00000000e1500000, 0x00000000e1600000, 0x00000000e1600000|100%| O|  |TAMS 0x00000000e1500000, 0x00000000e1500000| Untracked 
|  22|0x00000000e1600000, 0x00000000e1700000, 0x00000000e1700000|100%| O|  |TAMS 0x00000000e1600000, 0x00000000e1600000| Untracked 
|  23|0x00000000e1700000, 0x00000000e1800000, 0x00000000e1800000|100%| O|  |TAMS 0x00000000e1700000, 0x00000000e1700000| Untracked 
|  24|0x00000000e1800000, 0x00000000e1900000, 0x00000000e1900000|100%| O|  |TAMS 0x00000000e1800000, 0x00000000e1800000| Untracked 
|  25|0x00000000e1900000, 0x00000000e1a00000, 0x00000000e1a00000|100%| O|  |TAMS 0x00000000e1900000, 0x00000000e1900000| Untracked 
|  26|0x00000000e1a00000, 0x00000000e1b00000, 0x00000000e1b00000|100%| O|  |TAMS 0x00000000e1a00000, 0x00000000e1a00000| Untracked 
|  27|0x00000000e1b00000, 0x00000000e1c00000, 0x00000000e1c00000|100%| O|  |TAMS 0x00000000e1b00000, 0x00000000e1b00000| Untracked 
|  28|0x00000000e1c00000, 0x00000000e1d00000, 0x00000000e1d00000|100%| O|  |TAMS 0x00000000e1c00000, 0x00000000e1c00000| Untracked 
|  29|0x00000000e1d00000, 0x00000000e1e00000, 0x00000000e1e00000|100%| O|  |TAMS 0x00000000e1d00000, 0x00000000e1d00000| Untracked 
|  30|0x00000000e1e00000, 0x00000000e1f00000, 0x00000000e1f00000|100%| O|  |TAMS 0x00000000e1e00000, 0x00000000e1e00000| Untracked 
|  31|0x00000000e1f00000, 0x00000000e2000000, 0x00000000e2000000|100%| O|  |TAMS 0x00000000e1f00000, 0x00000000e1f00000| Untracked 
|  32|0x00000000e2000000, 0x00000000e2100000, 0x00000000e2100000|100%| O|  |TAMS 0x00000000e2000000, 0x00000000e2000000| Untracked 
|  33|0x00000000e2100000, 0x00000000e2200000, 0x00000000e2200000|100%| O|  |TAMS 0x00000000e2100000, 0x00000000e2100000| Untracked 
|  34|0x00000000e2200000, 0x00000000e2300000, 0x00000000e2300000|100%| O|  |TAMS 0x00000000e2200000, 0x00000000e2200000| Untracked 
|  35|0x00000000e2300000, 0x00000000e2400000, 0x00000000e2400000|100%| O|  |TAMS 0x00000000e2300000, 0x00000000e2300000| Untracked 
|  36|0x00000000e2400000, 0x00000000e2500000, 0x00000000e2500000|100%| O|  |TAMS 0x00000000e2400000, 0x00000000e2400000| Untracked 
|  37|0x00000000e2500000, 0x00000000e2600000, 0x00000000e2600000|100%| O|  |TAMS 0x00000000e2500000, 0x00000000e2500000| Untracked 
|  38|0x00000000e2600000, 0x00000000e2700000, 0x00000000e2700000|100%| O|  |TAMS 0x00000000e2600000, 0x00000000e2600000| Untracked 
|  39|0x00000000e2700000, 0x00000000e2800000, 0x00000000e2800000|100%| O|  |TAMS 0x00000000e2700000, 0x00000000e2700000| Untracked 
|  40|0x00000000e2800000, 0x00000000e2900000, 0x00000000e2900000|100%| O|  |TAMS 0x00000000e2800000, 0x00000000e2800000| Untracked 
|  41|0x00000000e2900000, 0x00000000e2a00000, 0x00000000e2a00000|100%| O|  |TAMS 0x00000000e2900000, 0x00000000e2900000| Untracked 
|  42|0x00000000e2a00000, 0x00000000e2b00000, 0x00000000e2b00000|100%| O|  |TAMS 0x00000000e2a00000, 0x00000000e2a00000| Untracked 
|  43|0x00000000e2b00000, 0x00000000e2c00000, 0x00000000e2c00000|100%| O|  |TAMS 0x00000000e2b00000, 0x00000000e2b00000| Untracked 
|  44|0x00000000e2c00000, 0x00000000e2d00000, 0x00000000e2d00000|100%| O|  |TAMS 0x00000000e2c00000, 0x00000000e2c00000| Untracked 
|  45|0x00000000e2d00000, 0x00000000e2e00000, 0x00000000e2e00000|100%| O|  |TAMS 0x00000000e2d00000, 0x00000000e2d00000| Untracked 
|  46|0x00000000e2e00000, 0x00000000e2f00000, 0x00000000e2f00000|100%| O|  |TAMS 0x00000000e2e00000, 0x00000000e2e00000| Untracked 
|  47|0x00000000e2f00000, 0x00000000e3000000, 0x00000000e3000000|100%| O|  |TAMS 0x00000000e2f00000, 0x00000000e2f00000| Untracked 
|  48|0x00000000e3000000, 0x00000000e3100000, 0x00000000e3100000|100%| O|  |TAMS 0x00000000e3000000, 0x00000000e3000000| Untracked 
|  49|0x00000000e3100000, 0x00000000e3200000, 0x00000000e3200000|100%| O|  |TAMS 0x00000000e3100000, 0x00000000e3100000| Untracked 
|  50|0x00000000e3200000, 0x00000000e3300000, 0x00000000e3300000|100%| O|  |TAMS 0x00000000e3200000, 0x00000000e3200000| Untracked 
|  51|0x00000000e3300000, 0x00000000e3400000, 0x00000000e3400000|100%| O|  |TAMS 0x00000000e3300000, 0x00000000e3300000| Untracked 
|  52|0x00000000e3400000, 0x00000000e3500000, 0x00000000e3500000|100%| O|  |TAMS 0x00000000e3400000, 0x00000000e3400000| Untracked 
|  53|0x00000000e3500000, 0x00000000e3504c00, 0x00000000e3600000|  1%| O|  |TAMS 0x00000000e3500000, 0x00000000e3500000| Untracked 
|  54|0x00000000e3600000, 0x00000000e3600000, 0x00000000e3700000|  0%| F|  |TAMS 0x00000000e3600000, 0x00000000e3600000| Untracked 
|  55|0x00000000e3700000, 0x00000000e3700000, 0x00000000e3800000|  0%| F|  |TAMS 0x00000000e3700000, 0x00000000e3700000| Untracked 
|  56|0x00000000e3800000, 0x00000000e3800000, 0x00000000e3900000|  0%| F|  |TAMS 0x00000000e3800000, 0x00000000e3800000| Untracked 
|  57|0x00000000e3900000, 0x00000000e3900000, 0x00000000e3a00000|  0%| F|  |TAMS 0x00000000e3900000, 0x00000000e3900000| Untracked 
|  58|0x00000000e3a00000, 0x00000000e3a00000, 0x00000000e3b00000|  0%| F|  |TAMS 0x00000000e3a00000, 0x00000000e3a00000| Untracked 
|  59|0x00000000e3b00000, 0x00000000e3b00000, 0x00000000e3c00000|  0%| F|  |TAMS 0x00000000e3b00000, 0x00000000e3b00000| Untracked 
|  60|0x00000000e3c00000, 0x00000000e3c00000, 0x00000000e3d00000|  0%| F|  |TAMS 0x00000000e3c00000, 0x00000000e3c00000| Untracked 
|  61|0x00000000e3d00000, 0x00000000e3d00000, 0x00000000e3e00000|  0%| F|  |TAMS 0x00000000e3d00000, 0x00000000e3d00000| Untracked 
|  62|0x00000000e3e00000, 0x00000000e3e00000, 0x00000000e3f00000|  0%| F|  |TAMS 0x00000000e3e00000, 0x00000000e3e00000| Untracked 
|  63|0x00000000e3f00000, 0x00000000e3f00000, 0x00000000e4000000|  0%| F|  |TAMS 0x00000000e3f00000, 0x00000000e3f00000| Untracked 
|  64|0x00000000e4000000, 0x00000000e4000000, 0x00000000e4100000|  0%| F|  |TAMS 0x00000000e4000000, 0x00000000e4000000| Untracked 
|  65|0x00000000e4100000, 0x00000000e4100000, 0x00000000e4200000|  0%| F|  |TAMS 0x00000000e4100000, 0x00000000e4100000| Untracked 
|  66|0x00000000e4200000, 0x00000000e4200000, 0x00000000e4300000|  0%| F|  |TAMS 0x00000000e4200000, 0x00000000e4200000| Untracked 
|  67|0x00000000e4300000, 0x00000000e4300000, 0x00000000e4400000|  0%| F|  |TAMS 0x00000000e4300000, 0x00000000e4300000| Untracked 
|  68|0x00000000e4400000, 0x00000000e4400000, 0x00000000e4500000|  0%| F|  |TAMS 0x00000000e4400000, 0x00000000e4400000| Untracked 
|  69|0x00000000e4500000, 0x00000000e4500000, 0x00000000e4600000|  0%| F|  |TAMS 0x00000000e4500000, 0x00000000e4500000| Untracked 
|  70|0x00000000e4600000, 0x00000000e4600000, 0x00000000e4700000|  0%| F|  |TAMS 0x00000000e4600000, 0x00000000e4600000| Untracked 
|  71|0x00000000e4700000, 0x00000000e4700000, 0x00000000e4800000|  0%| F|  |TAMS 0x00000000e4700000, 0x00000000e4700000| Untracked 
|  72|0x00000000e4800000, 0x00000000e4800000, 0x00000000e4900000|  0%| F|  |TAMS 0x00000000e4800000, 0x00000000e4800000| Untracked 
|  73|0x00000000e4900000, 0x00000000e4900000, 0x00000000e4a00000|  0%| F|  |TAMS 0x00000000e4900000, 0x00000000e4900000| Untracked 
|  74|0x00000000e4a00000, 0x00000000e4a00000, 0x00000000e4b00000|  0%| F|  |TAMS 0x00000000e4a00000, 0x00000000e4a00000| Untracked 
|  75|0x00000000e4b00000, 0x00000000e4b00000, 0x00000000e4c00000|  0%| F|  |TAMS 0x00000000e4b00000, 0x00000000e4b00000| Untracked 
|  76|0x00000000e4c00000, 0x00000000e4c00000, 0x00000000e4d00000|  0%| F|  |TAMS 0x00000000e4c00000, 0x00000000e4c00000| Untracked 
|  77|0x00000000e4d00000, 0x00000000e4d00000, 0x00000000e4e00000|  0%| F|  |TAMS 0x00000000e4d00000, 0x00000000e4d00000| Untracked 
|  78|0x00000000e4e00000, 0x00000000e4e00000, 0x00000000e4f00000|  0%| F|  |TAMS 0x00000000e4e00000, 0x00000000e4e00000| Untracked 
|  79|0x00000000e4f00000, 0x00000000e4f00000, 0x00000000e5000000|  0%| F|  |TAMS 0x00000000e4f00000, 0x00000000e4f00000| Untracked 
|  80|0x00000000e5000000, 0x00000000e5000000, 0x00000000e5100000|  0%| F|  |TAMS 0x00000000e5000000, 0x00000000e5000000| Untracked 
|  81|0x00000000e5100000, 0x00000000e5100000, 0x00000000e5200000|  0%| F|  |TAMS 0x00000000e5100000, 0x00000000e5100000| Untracked 
|  82|0x00000000e5200000, 0x00000000e5200000, 0x00000000e5300000|  0%| F|  |TAMS 0x00000000e5200000, 0x00000000e5200000| Untracked 
|  83|0x00000000e5300000, 0x00000000e5300000, 0x00000000e5400000|  0%| F|  |TAMS 0x00000000e5300000, 0x00000000e5300000| Untracked 
|  84|0x00000000e5400000, 0x00000000e5400000, 0x00000000e5500000|  0%| F|  |TAMS 0x00000000e5400000, 0x00000000e5400000| Untracked 
|  85|0x00000000e5500000, 0x00000000e5500000, 0x00000000e5600000|  0%| F|  |TAMS 0x00000000e5500000, 0x00000000e5500000| Untracked 
|  86|0x00000000e5600000, 0x00000000e5600000, 0x00000000e5700000|  0%| F|  |TAMS 0x00000000e5600000, 0x00000000e5600000| Untracked 
|  87|0x00000000e5700000, 0x00000000e5700000, 0x00000000e5800000|  0%| F|  |TAMS 0x00000000e5700000, 0x00000000e5700000| Untracked 
|  88|0x00000000e5800000, 0x00000000e5800000, 0x00000000e5900000|  0%| F|  |TAMS 0x00000000e5800000, 0x00000000e5800000| Untracked 
|  89|0x00000000e5900000, 0x00000000e5900000, 0x00000000e5a00000|  0%| F|  |TAMS 0x00000000e5900000, 0x00000000e5900000| Untracked 
|  90|0x00000000e5a00000, 0x00000000e5a00000, 0x00000000e5b00000|  0%| F|  |TAMS 0x00000000e5a00000, 0x00000000e5a00000| Untracked 
|  91|0x00000000e5b00000, 0x00000000e5b00000, 0x00000000e5c00000|  0%| F|  |TAMS 0x00000000e5b00000, 0x00000000e5b00000| Untracked 
|  92|0x00000000e5c00000, 0x00000000e5c00000, 0x00000000e5d00000|  0%| F|  |TAMS 0x00000000e5c00000, 0x00000000e5c00000| Untracked 
|  93|0x00000000e5d00000, 0x00000000e5d00000, 0x00000000e5e00000|  0%| F|  |TAMS 0x00000000e5d00000, 0x00000000e5d00000| Untracked 
|  94|0x00000000e5e00000, 0x00000000e5e00000, 0x00000000e5f00000|  0%| F|  |TAMS 0x00000000e5e00000, 0x00000000e5e00000| Untracked 
|  95|0x00000000e5f00000, 0x00000000e5f00000, 0x00000000e6000000|  0%| F|  |TAMS 0x00000000e5f00000, 0x00000000e5f00000| Untracked 
|  96|0x00000000e6000000, 0x00000000e6000000, 0x00000000e6100000|  0%| F|  |TAMS 0x00000000e6000000, 0x00000000e6000000| Untracked 
|  97|0x00000000e6100000, 0x00000000e6100000, 0x00000000e6200000|  0%| F|  |TAMS 0x00000000e6100000, 0x00000000e6100000| Untracked 
|  98|0x00000000e6200000, 0x00000000e6200000, 0x00000000e6300000|  0%| F|  |TAMS 0x00000000e6200000, 0x00000000e6200000| Untracked 
|  99|0x00000000e6300000, 0x00000000e6300000, 0x00000000e6400000|  0%| F|  |TAMS 0x00000000e6300000, 0x00000000e6300000| Untracked 
| 100|0x00000000e6400000, 0x00000000e6400000, 0x00000000e6500000|  0%| F|  |TAMS 0x00000000e6400000, 0x00000000e6400000| Untracked 
| 101|0x00000000e6500000, 0x00000000e6500000, 0x00000000e6600000|  0%| F|  |TAMS 0x00000000e6500000, 0x00000000e6500000| Untracked 
| 102|0x00000000e6600000, 0x00000000e6600000, 0x00000000e6700000|  0%| F|  |TAMS 0x00000000e6600000, 0x00000000e6600000| Untracked 
| 103|0x00000000e6700000, 0x00000000e6700000, 0x00000000e6800000|  0%| F|  |TAMS 0x00000000e6700000, 0x00000000e6700000| Untracked 
| 104|0x00000000e6800000, 0x00000000e6800000, 0x00000000e6900000|  0%| F|  |TAMS 0x00000000e6800000, 0x00000000e6800000| Untracked 
| 105|0x00000000e6900000, 0x00000000e6900000, 0x00000000e6a00000|  0%| F|  |TAMS 0x00000000e6900000, 0x00000000e6900000| Untracked 
| 106|0x00000000e6a00000, 0x00000000e6a00000, 0x00000000e6b00000|  0%| F|  |TAMS 0x00000000e6a00000, 0x00000000e6a00000| Untracked 
| 107|0x00000000e6b00000, 0x00000000e6b00000, 0x00000000e6c00000|  0%| F|  |TAMS 0x00000000e6b00000, 0x00000000e6b00000| Untracked 
| 108|0x00000000e6c00000, 0x00000000e6c00000, 0x00000000e6d00000|  0%| F|  |TAMS 0x00000000e6c00000, 0x00000000e6c00000| Untracked 
| 109|0x00000000e6d00000, 0x00000000e6d00000, 0x00000000e6e00000|  0%| F|  |TAMS 0x00000000e6d00000, 0x00000000e6d00000| Untracked 
| 110|0x00000000e6e00000, 0x00000000e6e7a8c0, 0x00000000e6f00000| 47%| S|CS|TAMS 0x00000000e6e00000, 0x00000000e6e00000| Complete 
| 111|0x00000000e6f00000, 0x00000000e7000000, 0x00000000e7000000|100%| S|CS|TAMS 0x00000000e6f00000, 0x00000000e6f00000| Complete 
| 112|0x00000000e7000000, 0x00000000e7100000, 0x00000000e7100000|100%| S|CS|TAMS 0x00000000e7000000, 0x00000000e7000000| Complete 
| 113|0x00000000e7100000, 0x00000000e7200000, 0x00000000e7200000|100%| S|CS|TAMS 0x00000000e7100000, 0x00000000e7100000| Complete 
| 114|0x00000000e7200000, 0x00000000e7300000, 0x00000000e7300000|100%| S|CS|TAMS 0x00000000e7200000, 0x00000000e7200000| Complete 
| 115|0x00000000e7300000, 0x00000000e7400000, 0x00000000e7400000|100%| S|CS|TAMS 0x00000000e7300000, 0x00000000e7300000| Complete 
| 116|0x00000000e7400000, 0x00000000e7500000, 0x00000000e7500000|100%| S|CS|TAMS 0x00000000e7400000, 0x00000000e7400000| Complete 
| 117|0x00000000e7500000, 0x00000000e7600000, 0x00000000e7600000|100%| S|CS|TAMS 0x00000000e7500000, 0x00000000e7500000| Complete 
| 118|0x00000000e7600000, 0x00000000e7700000, 0x00000000e7700000|100%| S|CS|TAMS 0x00000000e7600000, 0x00000000e7600000| Complete 
| 119|0x00000000e7700000, 0x00000000e7700000, 0x00000000e7800000|  0%| F|  |TAMS 0x00000000e7700000, 0x00000000e7700000| Untracked 
| 120|0x00000000e7800000, 0x00000000e7800000, 0x00000000e7900000|  0%| F|  |TAMS 0x00000000e7800000, 0x00000000e7800000| Untracked 
| 121|0x00000000e7900000, 0x00000000e7900000, 0x00000000e7a00000|  0%| F|  |TAMS 0x00000000e7900000, 0x00000000e7900000| Untracked 
| 122|0x00000000e7a00000, 0x00000000e7a00000, 0x00000000e7b00000|  0%| F|  |TAMS 0x00000000e7a00000, 0x00000000e7a00000| Untracked 
| 123|0x00000000e7b00000, 0x00000000e7b00000, 0x00000000e7c00000|  0%| F|  |TAMS 0x00000000e7b00000, 0x00000000e7b00000| Untracked 
| 124|0x00000000e7c00000, 0x00000000e7c00000, 0x00000000e7d00000|  0%| F|  |TAMS 0x00000000e7c00000, 0x00000000e7c00000| Untracked 
| 125|0x00000000e7d00000, 0x00000000e7d00000, 0x00000000e7e00000|  0%| F|  |TAMS 0x00000000e7d00000, 0x00000000e7d00000| Untracked 
| 126|0x00000000e7e00000, 0x00000000e7e00000, 0x00000000e7f00000|  0%| F|  |TAMS 0x00000000e7e00000, 0x00000000e7e00000| Untracked 
| 127|0x00000000e7f00000, 0x00000000e7f00000, 0x00000000e8000000|  0%| F|  |TAMS 0x00000000e7f00000, 0x00000000e7f00000| Untracked 
| 128|0x00000000e8000000, 0x00000000e8000000, 0x00000000e8100000|  0%| F|  |TAMS 0x00000000e8000000, 0x00000000e8000000| Untracked 
| 129|0x00000000e8100000, 0x00000000e8100000, 0x00000000e8200000|  0%| F|  |TAMS 0x00000000e8100000, 0x00000000e8100000| Untracked 
| 130|0x00000000e8200000, 0x00000000e8200000, 0x00000000e8300000|  0%| F|  |TAMS 0x00000000e8200000, 0x00000000e8200000| Untracked 
| 131|0x00000000e8300000, 0x00000000e8300000, 0x00000000e8400000|  0%| F|  |TAMS 0x00000000e8300000, 0x00000000e8300000| Untracked 
| 132|0x00000000e8400000, 0x00000000e8400000, 0x00000000e8500000|  0%| F|  |TAMS 0x00000000e8400000, 0x00000000e8400000| Untracked 
| 133|0x00000000e8500000, 0x00000000e8500000, 0x00000000e8600000|  0%| F|  |TAMS 0x00000000e8500000, 0x00000000e8500000| Untracked 
| 134|0x00000000e8600000, 0x00000000e8600000, 0x00000000e8700000|  0%| F|  |TAMS 0x00000000e8600000, 0x00000000e8600000| Untracked 
| 135|0x00000000e8700000, 0x00000000e8700000, 0x00000000e8800000|  0%| F|  |TAMS 0x00000000e8700000, 0x00000000e8700000| Untracked 
| 136|0x00000000e8800000, 0x00000000e8800000, 0x00000000e8900000|  0%| F|  |TAMS 0x00000000e8800000, 0x00000000e8800000| Untracked 
| 137|0x00000000e8900000, 0x00000000e8900000, 0x00000000e8a00000|  0%| F|  |TAMS 0x00000000e8900000, 0x00000000e8900000| Untracked 
| 138|0x00000000e8a00000, 0x00000000e8a00000, 0x00000000e8b00000|  0%| F|  |TAMS 0x00000000e8a00000, 0x00000000e8a00000| Untracked 
| 139|0x00000000e8b00000, 0x00000000e8b00000, 0x00000000e8c00000|  0%| F|  |TAMS 0x00000000e8b00000, 0x00000000e8b00000| Untracked 
| 140|0x00000000e8c00000, 0x00000000e8c00000, 0x00000000e8d00000|  0%| F|  |TAMS 0x00000000e8c00000, 0x00000000e8c00000| Untracked 
| 141|0x00000000e8d00000, 0x00000000e8d00000, 0x00000000e8e00000|  0%| F|  |TAMS 0x00000000e8d00000, 0x00000000e8d00000| Untracked 
| 142|0x00000000e8e00000, 0x00000000e8e00000, 0x00000000e8f00000|  0%| F|  |TAMS 0x00000000e8e00000, 0x00000000e8e00000| Untracked 
| 143|0x00000000e8f00000, 0x00000000e8f00000, 0x00000000e9000000|  0%| F|  |TAMS 0x00000000e8f00000, 0x00000000e8f00000| Untracked 
| 144|0x00000000e9000000, 0x00000000e9000000, 0x00000000e9100000|  0%| F|  |TAMS 0x00000000e9000000, 0x00000000e9000000| Untracked 
| 145|0x00000000e9100000, 0x00000000e9100000, 0x00000000e9200000|  0%| F|  |TAMS 0x00000000e9100000, 0x00000000e9100000| Untracked 
| 146|0x00000000e9200000, 0x00000000e9200000, 0x00000000e9300000|  0%| F|  |TAMS 0x00000000e9200000, 0x00000000e9200000| Untracked 
| 147|0x00000000e9300000, 0x00000000e9400000, 0x00000000e9400000|100%| E|  |TAMS 0x00000000e9300000, 0x00000000e9300000| Complete 
| 148|0x00000000e9400000, 0x00000000e9500000, 0x00000000e9500000|100%| E|CS|TAMS 0x00000000e9400000, 0x00000000e9400000| Complete 
| 149|0x00000000e9500000, 0x00000000e9600000, 0x00000000e9600000|100%| E|CS|TAMS 0x00000000e9500000, 0x00000000e9500000| Complete 
| 150|0x00000000e9600000, 0x00000000e9700000, 0x00000000e9700000|100%| E|CS|TAMS 0x00000000e9600000, 0x00000000e9600000| Complete 
| 151|0x00000000e9700000, 0x00000000e9800000, 0x00000000e9800000|100%| E|CS|TAMS 0x00000000e9700000, 0x00000000e9700000| Complete 
| 152|0x00000000e9800000, 0x00000000e9900000, 0x00000000e9900000|100%| E|CS|TAMS 0x00000000e9800000, 0x00000000e9800000| Complete 
| 153|0x00000000e9900000, 0x00000000e9a00000, 0x00000000e9a00000|100%| E|CS|TAMS 0x00000000e9900000, 0x00000000e9900000| Complete 
| 154|0x00000000e9a00000, 0x00000000e9b00000, 0x00000000e9b00000|100%| E|CS|TAMS 0x00000000e9a00000, 0x00000000e9a00000| Complete 
| 155|0x00000000e9b00000, 0x00000000e9c00000, 0x00000000e9c00000|100%| E|CS|TAMS 0x00000000e9b00000, 0x00000000e9b00000| Complete 
| 156|0x00000000e9c00000, 0x00000000e9d00000, 0x00000000e9d00000|100%| E|CS|TAMS 0x00000000e9c00000, 0x00000000e9c00000| Complete 
| 157|0x00000000e9d00000, 0x00000000e9e00000, 0x00000000e9e00000|100%| E|CS|TAMS 0x00000000e9d00000, 0x00000000e9d00000| Complete 
| 158|0x00000000e9e00000, 0x00000000e9f00000, 0x00000000e9f00000|100%| E|CS|TAMS 0x00000000e9e00000, 0x00000000e9e00000| Complete 
| 159|0x00000000e9f00000, 0x00000000ea000000, 0x00000000ea000000|100%| E|CS|TAMS 0x00000000e9f00000, 0x00000000e9f00000| Complete 
| 160|0x00000000ea000000, 0x00000000ea100000, 0x00000000ea100000|100%| E|CS|TAMS 0x00000000ea000000, 0x00000000ea000000| Complete 
| 161|0x00000000ea100000, 0x00000000ea200000, 0x00000000ea200000|100%| E|CS|TAMS 0x00000000ea100000, 0x00000000ea100000| Complete 
| 162|0x00000000ea200000, 0x00000000ea300000, 0x00000000ea300000|100%| E|CS|TAMS 0x00000000ea200000, 0x00000000ea200000| Complete 
| 163|0x00000000ea300000, 0x00000000ea400000, 0x00000000ea400000|100%| E|CS|TAMS 0x00000000ea300000, 0x00000000ea300000| Complete 
| 164|0x00000000ea400000, 0x00000000ea500000, 0x00000000ea500000|100%| E|CS|TAMS 0x00000000ea400000, 0x00000000ea400000| Complete 
| 165|0x00000000ea500000, 0x00000000ea600000, 0x00000000ea600000|100%| E|CS|TAMS 0x00000000ea500000, 0x00000000ea500000| Complete 
| 166|0x00000000ea600000, 0x00000000ea700000, 0x00000000ea700000|100%| E|CS|TAMS 0x00000000ea600000, 0x00000000ea600000| Complete 
| 167|0x00000000ea700000, 0x00000000ea800000, 0x00000000ea800000|100%| E|CS|TAMS 0x00000000ea700000, 0x00000000ea700000| Complete 
| 168|0x00000000ea800000, 0x00000000ea900000, 0x00000000ea900000|100%| E|CS|TAMS 0x00000000ea800000, 0x00000000ea800000| Complete 
| 169|0x00000000ea900000, 0x00000000eaa00000, 0x00000000eaa00000|100%| E|CS|TAMS 0x00000000ea900000, 0x00000000ea900000| Complete 
| 170|0x00000000eaa00000, 0x00000000eab00000, 0x00000000eab00000|100%| E|CS|TAMS 0x00000000eaa00000, 0x00000000eaa00000| Complete 
| 171|0x00000000eab00000, 0x00000000eac00000, 0x00000000eac00000|100%| E|CS|TAMS 0x00000000eab00000, 0x00000000eab00000| Complete 
| 172|0x00000000eac00000, 0x00000000ead00000, 0x00000000ead00000|100%| E|CS|TAMS 0x00000000eac00000, 0x00000000eac00000| Complete 
| 173|0x00000000ead00000, 0x00000000eae00000, 0x00000000eae00000|100%| E|CS|TAMS 0x00000000ead00000, 0x00000000ead00000| Complete 
| 174|0x00000000eae00000, 0x00000000eaf00000, 0x00000000eaf00000|100%| E|CS|TAMS 0x00000000eae00000, 0x00000000eae00000| Complete 
| 175|0x00000000eaf00000, 0x00000000eb000000, 0x00000000eb000000|100%| E|CS|TAMS 0x00000000eaf00000, 0x00000000eaf00000| Complete 
| 176|0x00000000eb000000, 0x00000000eb100000, 0x00000000eb100000|100%| E|CS|TAMS 0x00000000eb000000, 0x00000000eb000000| Complete 
| 177|0x00000000eb100000, 0x00000000eb200000, 0x00000000eb200000|100%| E|CS|TAMS 0x00000000eb100000, 0x00000000eb100000| Complete 
| 178|0x00000000eb200000, 0x00000000eb300000, 0x00000000eb300000|100%| E|CS|TAMS 0x00000000eb200000, 0x00000000eb200000| Complete 
| 179|0x00000000eb300000, 0x00000000eb400000, 0x00000000eb400000|100%| E|CS|TAMS 0x00000000eb300000, 0x00000000eb300000| Complete 
| 180|0x00000000eb400000, 0x00000000eb500000, 0x00000000eb500000|100%| E|CS|TAMS 0x00000000eb400000, 0x00000000eb400000| Complete 
| 181|0x00000000eb500000, 0x00000000eb600000, 0x00000000eb600000|100%| E|CS|TAMS 0x00000000eb500000, 0x00000000eb500000| Complete 
| 182|0x00000000eb600000, 0x00000000eb700000, 0x00000000eb700000|100%| E|CS|TAMS 0x00000000eb600000, 0x00000000eb600000| Complete 
| 183|0x00000000eb700000, 0x00000000eb800000, 0x00000000eb800000|100%| E|CS|TAMS 0x00000000eb700000, 0x00000000eb700000| Complete 
| 184|0x00000000eb800000, 0x00000000eb900000, 0x00000000eb900000|100%| E|CS|TAMS 0x00000000eb800000, 0x00000000eb800000| Complete 
| 185|0x00000000eb900000, 0x00000000eba00000, 0x00000000eba00000|100%| E|CS|TAMS 0x00000000eb900000, 0x00000000eb900000| Complete 
| 186|0x00000000eba00000, 0x00000000ebb00000, 0x00000000ebb00000|100%| E|CS|TAMS 0x00000000eba00000, 0x00000000eba00000| Complete 
| 187|0x00000000ebb00000, 0x00000000ebc00000, 0x00000000ebc00000|100%| E|CS|TAMS 0x00000000ebb00000, 0x00000000ebb00000| Complete 
| 188|0x00000000ebc00000, 0x00000000ebd00000, 0x00000000ebd00000|100%| E|CS|TAMS 0x00000000ebc00000, 0x00000000ebc00000| Complete 
| 189|0x00000000ebd00000, 0x00000000ebe00000, 0x00000000ebe00000|100%| E|CS|TAMS 0x00000000ebd00000, 0x00000000ebd00000| Complete 
| 190|0x00000000ebe00000, 0x00000000ebf00000, 0x00000000ebf00000|100%| E|CS|TAMS 0x00000000ebe00000, 0x00000000ebe00000| Complete 
| 191|0x00000000ebf00000, 0x00000000ec000000, 0x00000000ec000000|100%| E|CS|TAMS 0x00000000ebf00000, 0x00000000ebf00000| Complete 
| 192|0x00000000ec000000, 0x00000000ec100000, 0x00000000ec100000|100%| E|CS|TAMS 0x00000000ec000000, 0x00000000ec000000| Complete 
| 193|0x00000000ec100000, 0x00000000ec200000, 0x00000000ec200000|100%| E|CS|TAMS 0x00000000ec100000, 0x00000000ec100000| Complete 
| 194|0x00000000ec200000, 0x00000000ec300000, 0x00000000ec300000|100%| E|CS|TAMS 0x00000000ec200000, 0x00000000ec200000| Complete 
| 195|0x00000000ec300000, 0x00000000ec400000, 0x00000000ec400000|100%| E|CS|TAMS 0x00000000ec300000, 0x00000000ec300000| Complete 
| 196|0x00000000ec400000, 0x00000000ec500000, 0x00000000ec500000|100%| E|CS|TAMS 0x00000000ec400000, 0x00000000ec400000| Complete 
| 197|0x00000000ec500000, 0x00000000ec600000, 0x00000000ec600000|100%| E|CS|TAMS 0x00000000ec500000, 0x00000000ec500000| Complete 
| 198|0x00000000ec600000, 0x00000000ec700000, 0x00000000ec700000|100%| E|CS|TAMS 0x00000000ec600000, 0x00000000ec600000| Complete 
| 199|0x00000000ec700000, 0x00000000ec800000, 0x00000000ec800000|100%| E|CS|TAMS 0x00000000ec700000, 0x00000000ec700000| Complete 
| 200|0x00000000ec800000, 0x00000000ec900000, 0x00000000ec900000|100%| E|CS|TAMS 0x00000000ec800000, 0x00000000ec800000| Complete 
| 201|0x00000000ec900000, 0x00000000eca00000, 0x00000000eca00000|100%| E|CS|TAMS 0x00000000ec900000, 0x00000000ec900000| Complete 
| 202|0x00000000eca00000, 0x00000000ecb00000, 0x00000000ecb00000|100%| E|CS|TAMS 0x00000000eca00000, 0x00000000eca00000| Complete 
| 203|0x00000000ecb00000, 0x00000000ecc00000, 0x00000000ecc00000|100%| E|CS|TAMS 0x00000000ecb00000, 0x00000000ecb00000| Complete 
| 204|0x00000000ecc00000, 0x00000000ecd00000, 0x00000000ecd00000|100%| E|CS|TAMS 0x00000000ecc00000, 0x00000000ecc00000| Complete 
| 205|0x00000000ecd00000, 0x00000000ece00000, 0x00000000ece00000|100%| E|CS|TAMS 0x00000000ecd00000, 0x00000000ecd00000| Complete 
| 206|0x00000000ece00000, 0x00000000ecf00000, 0x00000000ecf00000|100%| E|CS|TAMS 0x00000000ece00000, 0x00000000ece00000| Complete 
| 207|0x00000000ecf00000, 0x00000000ed000000, 0x00000000ed000000|100%| E|CS|TAMS 0x00000000ecf00000, 0x00000000ecf00000| Complete 
| 208|0x00000000ed000000, 0x00000000ed100000, 0x00000000ed100000|100%| E|CS|TAMS 0x00000000ed000000, 0x00000000ed000000| Complete 
| 209|0x00000000ed100000, 0x00000000ed200000, 0x00000000ed200000|100%| E|CS|TAMS 0x00000000ed100000, 0x00000000ed100000| Complete 
| 210|0x00000000ed200000, 0x00000000ed300000, 0x00000000ed300000|100%| E|CS|TAMS 0x00000000ed200000, 0x00000000ed200000| Complete 
| 211|0x00000000ed300000, 0x00000000ed400000, 0x00000000ed400000|100%| E|CS|TAMS 0x00000000ed300000, 0x00000000ed300000| Complete 
| 212|0x00000000ed400000, 0x00000000ed500000, 0x00000000ed500000|100%| E|CS|TAMS 0x00000000ed400000, 0x00000000ed400000| Complete 
| 213|0x00000000ed500000, 0x00000000ed600000, 0x00000000ed600000|100%| E|CS|TAMS 0x00000000ed500000, 0x00000000ed500000| Complete 
| 214|0x00000000ed600000, 0x00000000ed700000, 0x00000000ed700000|100%| E|CS|TAMS 0x00000000ed600000, 0x00000000ed600000| Complete 
| 215|0x00000000ed700000, 0x00000000ed800000, 0x00000000ed800000|100%| E|CS|TAMS 0x00000000ed700000, 0x00000000ed700000| Complete 
| 216|0x00000000ed800000, 0x00000000ed900000, 0x00000000ed900000|100%| E|CS|TAMS 0x00000000ed800000, 0x00000000ed800000| Complete 
| 217|0x00000000ed900000, 0x00000000eda00000, 0x00000000eda00000|100%| E|CS|TAMS 0x00000000ed900000, 0x00000000ed900000| Complete 
| 218|0x00000000eda00000, 0x00000000edb00000, 0x00000000edb00000|100%| E|CS|TAMS 0x00000000eda00000, 0x00000000eda00000| Complete 
| 219|0x00000000edb00000, 0x00000000edc00000, 0x00000000edc00000|100%| E|CS|TAMS 0x00000000edb00000, 0x00000000edb00000| Complete 
| 220|0x00000000edc00000, 0x00000000edd00000, 0x00000000edd00000|100%| E|CS|TAMS 0x00000000edc00000, 0x00000000edc00000| Complete 
| 221|0x00000000edd00000, 0x00000000ede00000, 0x00000000ede00000|100%| E|CS|TAMS 0x00000000edd00000, 0x00000000edd00000| Complete 
| 222|0x00000000ede00000, 0x00000000edf00000, 0x00000000edf00000|100%| E|CS|TAMS 0x00000000ede00000, 0x00000000ede00000| Complete 
| 223|0x00000000edf00000, 0x00000000ee000000, 0x00000000ee000000|100%| E|CS|TAMS 0x00000000edf00000, 0x00000000edf00000| Complete 
| 224|0x00000000ee000000, 0x00000000ee100000, 0x00000000ee100000|100%| E|CS|TAMS 0x00000000ee000000, 0x00000000ee000000| Complete 
| 225|0x00000000ee100000, 0x00000000ee200000, 0x00000000ee200000|100%| E|CS|TAMS 0x00000000ee100000, 0x00000000ee100000| Complete 
| 226|0x00000000ee200000, 0x00000000ee300000, 0x00000000ee300000|100%| E|CS|TAMS 0x00000000ee200000, 0x00000000ee200000| Complete 
| 227|0x00000000ee300000, 0x00000000ee400000, 0x00000000ee400000|100%| E|CS|TAMS 0x00000000ee300000, 0x00000000ee300000| Complete 
| 228|0x00000000ee400000, 0x00000000ee500000, 0x00000000ee500000|100%| E|CS|TAMS 0x00000000ee400000, 0x00000000ee400000| Complete 
| 229|0x00000000ee500000, 0x00000000ee600000, 0x00000000ee600000|100%| E|CS|TAMS 0x00000000ee500000, 0x00000000ee500000| Complete 
| 230|0x00000000ee600000, 0x00000000ee700000, 0x00000000ee700000|100%| E|CS|TAMS 0x00000000ee600000, 0x00000000ee600000| Complete 
| 231|0x00000000ee700000, 0x00000000ee800000, 0x00000000ee800000|100%| E|CS|TAMS 0x00000000ee700000, 0x00000000ee700000| Complete 
| 232|0x00000000ee800000, 0x00000000ee900000, 0x00000000ee900000|100%| E|CS|TAMS 0x00000000ee800000, 0x00000000ee800000| Complete 
| 233|0x00000000ee900000, 0x00000000eea00000, 0x00000000eea00000|100%| E|CS|TAMS 0x00000000ee900000, 0x00000000ee900000| Complete 
| 234|0x00000000eea00000, 0x00000000eeb00000, 0x00000000eeb00000|100%| E|CS|TAMS 0x00000000eea00000, 0x00000000eea00000| Complete 
| 235|0x00000000eeb00000, 0x00000000eec00000, 0x00000000eec00000|100%| E|CS|TAMS 0x00000000eeb00000, 0x00000000eeb00000| Complete 
| 236|0x00000000eec00000, 0x00000000eed00000, 0x00000000eed00000|100%| E|CS|TAMS 0x00000000eec00000, 0x00000000eec00000| Complete 
| 237|0x00000000eed00000, 0x00000000eee00000, 0x00000000eee00000|100%| E|CS|TAMS 0x00000000eed00000, 0x00000000eed00000| Complete 
| 238|0x00000000eee00000, 0x00000000eef00000, 0x00000000eef00000|100%| E|CS|TAMS 0x00000000eee00000, 0x00000000eee00000| Complete 
| 239|0x00000000eef00000, 0x00000000ef000000, 0x00000000ef000000|100%| E|CS|TAMS 0x00000000eef00000, 0x00000000eef00000| Complete 
| 240|0x00000000ef000000, 0x00000000ef100000, 0x00000000ef100000|100%| E|CS|TAMS 0x00000000ef000000, 0x00000000ef000000| Complete 
| 241|0x00000000ef100000, 0x00000000ef200000, 0x00000000ef200000|100%| E|CS|TAMS 0x00000000ef100000, 0x00000000ef100000| Complete 
| 242|0x00000000ef200000, 0x00000000ef300000, 0x00000000ef300000|100%| E|CS|TAMS 0x00000000ef200000, 0x00000000ef200000| Complete 
| 243|0x00000000ef300000, 0x00000000ef400000, 0x00000000ef400000|100%| E|CS|TAMS 0x00000000ef300000, 0x00000000ef300000| Complete 
| 244|0x00000000ef400000, 0x00000000ef500000, 0x00000000ef500000|100%| E|CS|TAMS 0x00000000ef400000, 0x00000000ef400000| Complete 
| 245|0x00000000ef500000, 0x00000000ef600000, 0x00000000ef600000|100%| E|CS|TAMS 0x00000000ef500000, 0x00000000ef500000| Complete 
| 246|0x00000000ef600000, 0x00000000ef700000, 0x00000000ef700000|100%| E|CS|TAMS 0x00000000ef600000, 0x00000000ef600000| Complete 
| 247|0x00000000ef700000, 0x00000000ef800000, 0x00000000ef800000|100%| E|CS|TAMS 0x00000000ef700000, 0x00000000ef700000| Complete 
| 248|0x00000000ef800000, 0x00000000ef900000, 0x00000000ef900000|100%| E|CS|TAMS 0x00000000ef800000, 0x00000000ef800000| Complete 
| 249|0x00000000ef900000, 0x00000000efa00000, 0x00000000efa00000|100%| E|CS|TAMS 0x00000000ef900000, 0x00000000ef900000| Complete 
| 250|0x00000000efa00000, 0x00000000efb00000, 0x00000000efb00000|100%| E|CS|TAMS 0x00000000efa00000, 0x00000000efa00000| Complete 
| 251|0x00000000efb00000, 0x00000000efc00000, 0x00000000efc00000|100%| E|CS|TAMS 0x00000000efb00000, 0x00000000efb00000| Complete 
| 252|0x00000000efc00000, 0x00000000efd00000, 0x00000000efd00000|100%| E|CS|TAMS 0x00000000efc00000, 0x00000000efc00000| Complete 
| 253|0x00000000efd00000, 0x00000000efe00000, 0x00000000efe00000|100%| E|CS|TAMS 0x00000000efd00000, 0x00000000efd00000| Complete 
| 254|0x00000000efe00000, 0x00000000eff00000, 0x00000000eff00000|100%| E|CS|TAMS 0x00000000efe00000, 0x00000000efe00000| Complete 
| 255|0x00000000eff00000, 0x00000000f0000000, 0x00000000f0000000|100%| E|CS|TAMS 0x00000000eff00000, 0x00000000eff00000| Complete 

Card table byte_map: [0x00000229ffe60000,0x00000229fff60000] _byte_map_base: 0x00000229ff760000

Marking Bits (Prev, Next): (CMBitMap*) 0x000002298147ca40, (CMBitMap*) 0x000002298147ca80
 Prev Bits: [0x0000022998070000, 0x0000022998870000)
 Next Bits: [0x0000022998870000, 0x0000022999070000)

Polling page: 0x00000229ff210000

Metaspace:

Usage:
  Non-class:     49.47 MB used.
      Class:      7.75 MB used.
       Both:     57.22 MB used.

Virtual space:
  Non-class space:       64.00 MB reserved,      49.81 MB ( 78%) committed,  1 nodes.
      Class space:      320.00 MB reserved,       8.06 MB (  3%) committed,  1 nodes.
             Both:      384.00 MB reserved,      57.88 MB ( 15%) committed. 

Chunk freelists:
   Non-Class:  13.97 MB
       Class:  7.84 MB
        Both:  21.81 MB

MaxMetaspaceSize: 384.00 MB
CompressedClassSpaceSize: 320.00 MB
Initial GC threshold: 21.00 MB
Current GC threshold: 58.88 MB
CDS: on
MetaspaceReclaimPolicy: balanced
 - commit_granule_bytes: 65536.
 - commit_granule_words: 8192.
 - virtual_space_node_default_size: 8388608.
 - enlarge_chunks_in_place: 1.
 - new_chunks_are_fully_committed: 0.
 - uncommit_free_chunks: 1.
 - use_allocation_guard: 0.
 - handle_deallocations: 1.


Internal statistics:

num_allocs_failed_limit: 6.
num_arena_births: 906.
num_arena_deaths: 0.
num_vsnodes_births: 2.
num_vsnodes_deaths: 0.
num_space_committed: 926.
num_space_uncommitted: 0.
num_chunks_returned_to_freelist: 6.
num_chunks_taken_from_freelist: 3484.
num_chunk_merges: 6.
num_chunk_splits: 2170.
num_chunks_enlarged: 1285.
num_inconsistent_stats: 0.

CodeHeap 'non-profiled nmethods': size=120000Kb used=9690Kb max_used=9690Kb free=110309Kb
 bounds [0x0000022990a40000, 0x00000229913c0000, 0x0000022997f70000]
CodeHeap 'profiled nmethods': size=120000Kb used=22296Kb max_used=25119Kb free=97703Kb
 bounds [0x0000022988f70000, 0x000002298a800000, 0x00000229904a0000]
CodeHeap 'non-nmethods': size=5760Kb used=2332Kb max_used=2405Kb free=3427Kb
 bounds [0x00000229904a0000, 0x0000022990710000, 0x0000022990a40000]
 total_blobs=12453 nmethods=11610 adapters=754
 compilation: enabled
              stopped_count=0, restarted_count=0
 full_count=0

Compilation events (20 events):
Event: 7438.826 Thread 0x00000229b947f2d0 nmethod 14110 0x00000229913ad690 code [0x00000229913ad820, 0x00000229913adac8]
Event: 7438.842 Thread 0x00000229b947f2d0 14111       4       java.util.Properties::containsKey (9 bytes)
Event: 7438.849 Thread 0x00000229b947f2d0 nmethod 14111 0x00000229913adc90 code [0x00000229913ade20, 0x00000229913ae118]
Event: 7438.854 Thread 0x000002299b64ed80 14112       3       io.spring.gradle.dependencymanagement.org.apache.maven.model.io.xpp3.MavenXpp3Reader::parseResource (409 bytes)
Event: 7438.858 Thread 0x000002299b64ed80 nmethod 14112 0x0000022989ee3410 code [0x0000022989ee3a20, 0x0000022989ee6978]
Event: 7438.899 Thread 0x000002299b64e3c0 nmethod 14107 0x00000229913ae410 code [0x00000229913ae700, 0x00000229913b0350]
Event: 7438.956 Thread 0x00000229b947f2d0 14113       4       org.gradle.api.internal.artifacts.ivyservice.modulecache.ModuleComponentAtRepositoryKey::equals (59 bytes)
Event: 7438.967 Thread 0x00000229b947f2d0 nmethod 14113 0x00000229913b2190 code [0x00000229913b2340, 0x00000229913b2b58]
Event: 7438.982 Thread 0x000002299b64ed80 14114       1       io.spring.gradle.dependencymanagement.org.apache.maven.model.PatternSet::setIncludes (6 bytes)
Event: 7438.983 Thread 0x000002299b64ed80 nmethod 14114 0x000002299129da90 code [0x000002299129dc20, 0x000002299129dd38]
Event: 7439.001 Thread 0x00000229b947f2d0 14115       4       java.util.HashMap$Values::iterator (12 bytes)
Event: 7439.007 Thread 0x00000229b947f2d0 nmethod 14115 0x00000229913b3010 code [0x00000229913b31a0, 0x00000229913b3418]
Event: 7439.041 Thread 0x00000229b947f2d0 14116       4       io.spring.gradle.dependencymanagement.org.apache.maven.model.RepositoryPolicy::setLocation (186 bytes)
Event: 7439.058 Thread 0x000002299b64e3c0 14117       4       io.spring.gradle.dependencymanagement.org.apache.maven.model.io.xpp3.MavenXpp3ReaderEx::parsePlugin (797 bytes)
Event: 7439.062 Thread 0x00000229b947f2d0 nmethod 14116 0x00000229913b3610 code [0x00000229913b37c0, 0x00000229913b41e8]
Event: 7439.116 Thread 0x00000229b947f2d0 14118       4       java.util.regex.CharPredicates$$Lambda$17/0x800000025::is (5 bytes)
Event: 7439.120 Thread 0x00000229b947f2d0 nmethod 14118 0x00000229913b4510 code [0x00000229913b46a0, 0x00000229913b4798]
Event: 7439.173 Thread 0x00000229b947f2d0 14119   !   4       java.io.FileInputStream::close (69 bytes)
Event: 7439.192 Thread 0x00000229b947f2d0 nmethod 14119 0x00000229913b4910 code [0x00000229913b4ae0, 0x00000229913b5888]
Event: 7439.193 Thread 0x00000229b947f2d0 14120   !   4       io.spring.gradle.dependencymanagement.org.apache.maven.model.Repository::clone (87 bytes)

GC Heap History (20 events):
Event: 15.927 GC heap before
{Heap before GC invocations=7 (full 0):
 garbage-first heap   total 262144K, used 181606K [0x00000000e0000000, 0x0000000100000000)
  region size 1024K, 153 young (156672K), 10 survivors (10240K)
 Metaspace       used 48699K, committed 49216K, reserved 393216K
  class space    used 6928K, committed 7168K, reserved 327680K
}
Event: 15.957 GC heap after
{Heap after GC invocations=8 (full 0):
 garbage-first heap   total 262144K, used 41935K [0x00000000e0000000, 0x0000000100000000)
  region size 1024K, 19 young (19456K), 19 survivors (19456K)
 Metaspace       used 48699K, committed 49216K, reserved 393216K
  class space    used 6928K, committed 7168K, reserved 327680K
}
Event: 20.859 GC heap before
{Heap before GC invocations=8 (full 0):
 garbage-first heap   total 262144K, used 178127K [0x00000000e0000000, 0x0000000100000000)
  region size 1024K, 153 young (156672K), 19 survivors (19456K)
 Metaspace       used 54821K, committed 55360K, reserved 393216K
  class space    used 7683K, committed 7936K, reserved 327680K
}
Event: 20.899 GC heap after
{Heap after GC invocations=9 (full 0):
 garbage-first heap   total 262144K, used 52381K [0x00000000e0000000, 0x0000000100000000)
  region size 1024K, 20 young (20480K), 20 survivors (20480K)
 Metaspace       used 54821K, committed 55360K, reserved 393216K
  class space    used 7683K, committed 7936K, reserved 327680K
}
Event: 60.017 GC heap before
{Heap before GC invocations=9 (full 0):
 garbage-first heap   total 262144K, used 188573K [0x00000000e0000000, 0x0000000100000000)
  region size 1024K, 153 young (156672K), 20 survivors (20480K)
 Metaspace       used 56658K, committed 57216K, reserved 393216K
  class space    used 7863K, committed 8128K, reserved 327680K
}
Event: 60.058 GC heap after
{Heap after GC invocations=10 (full 0):
 garbage-first heap   total 262144K, used 54101K [0x00000000e0000000, 0x0000000100000000)
  region size 1024K, 5 young (5120K), 5 survivors (5120K)
 Metaspace       used 56658K, committed 57216K, reserved 393216K
  class space    used 7863K, committed 8128K, reserved 327680K
}
Event: 65.935 GC heap before
{Heap before GC invocations=10 (full 0):
 garbage-first heap   total 262144K, used 203605K [0x00000000e0000000, 0x0000000100000000)
  region size 1024K, 152 young (155648K), 5 survivors (5120K)
 Metaspace       used 57391K, committed 57984K, reserved 393216K
  class space    used 7875K, committed 8128K, reserved 327680K
}
Event: 65.964 GC heap after
{Heap after GC invocations=11 (full 0):
 garbage-first heap   total 262144K, used 66236K [0x00000000e0000000, 0x0000000100000000)
  region size 1024K, 17 young (17408K), 17 survivors (17408K)
 Metaspace       used 57391K, committed 57984K, reserved 393216K
  class space    used 7875K, committed 8128K, reserved 327680K
}
Event: 85.422 GC heap before
{Heap before GC invocations=11 (full 0):
 garbage-first heap   total 262144K, used 203452K [0x00000000e0000000, 0x0000000100000000)
  region size 1024K, 152 young (155648K), 17 survivors (17408K)
 Metaspace       used 57861K, committed 58432K, reserved 393216K
  class space    used 7910K, committed 8192K, reserved 327680K
}
Event: 85.446 GC heap after
{Heap after GC invocations=12 (full 0):
 garbage-first heap   total 262144K, used 63334K [0x00000000e0000000, 0x0000000100000000)
  region size 1024K, 10 young (10240K), 10 survivors (10240K)
 Metaspace       used 57861K, committed 58432K, reserved 393216K
  class space    used 7910K, committed 8192K, reserved 327680K
}
Event: 275.292 GC heap before
{Heap before GC invocations=12 (full 0):
 garbage-first heap   total 262144K, used 203622K [0x00000000e0000000, 0x0000000100000000)
  region size 1024K, 148 young (151552K), 10 survivors (10240K)
 Metaspace       used 58101K, committed 58752K, reserved 393216K
  class space    used 7915K, committed 8256K, reserved 327680K
}
Event: 275.300 GC heap after
{Heap after GC invocations=13 (full 0):
 garbage-first heap   total 262144K, used 58214K [0x00000000e0000000, 0x0000000100000000)
  region size 1024K, 5 young (5120K), 5 survivors (5120K)
 Metaspace       used 58101K, committed 58752K, reserved 393216K
  class space    used 7915K, committed 8256K, reserved 327680K
}
Event: 277.030 GC heap before
{Heap before GC invocations=13 (full 0):
 garbage-first heap   total 262144K, used 206694K [0x00000000e0000000, 0x0000000100000000)
  region size 1024K, 151 young (154624K), 5 survivors (5120K)
 Metaspace       used 58157K, committed 58816K, reserved 393216K
  class space    used 7917K, committed 8256K, reserved 327680K
}
Event: 277.052 GC heap after
{Heap after GC invocations=14 (full 0):
 garbage-first heap   total 262144K, used 69284K [0x00000000e0000000, 0x0000000100000000)
  region size 1024K, 16 young (16384K), 16 survivors (16384K)
 Metaspace       used 58157K, committed 58816K, reserved 393216K
  class space    used 7917K, committed 8256K, reserved 327680K
}
Event: 6055.377 GC heap before
{Heap before GC invocations=14 (full 0):
 garbage-first heap   total 262144K, used 204452K [0x00000000e0000000, 0x0000000100000000)
  region size 1024K, 149 young (152576K), 16 survivors (16384K)
 Metaspace       used 58393K, committed 59072K, reserved 393216K
  class space    used 7918K, committed 8256K, reserved 327680K
}
Event: 6055.444 GC heap after
{Heap after GC invocations=15 (full 0):
 garbage-first heap   total 262144K, used 55869K [0x00000000e0000000, 0x0000000100000000)
  region size 1024K, 2 young (2048K), 2 survivors (2048K)
 Metaspace       used 58393K, committed 59072K, reserved 393216K
  class space    used 7918K, committed 8256K, reserved 327680K
}
Event: 7326.549 GC heap before
{Heap before GC invocations=15 (full 0):
 garbage-first heap   total 262144K, used 208445K [0x00000000e0000000, 0x0000000100000000)
  region size 1024K, 152 young (155648K), 2 survivors (2048K)
 Metaspace       used 58452K, committed 59072K, reserved 393216K
  class space    used 7919K, committed 8256K, reserved 327680K
}
Event: 7326.643 GC heap after
{Heap after GC invocations=16 (full 0):
 garbage-first heap   total 262144K, used 66273K [0x00000000e0000000, 0x0000000100000000)
  region size 1024K, 13 young (13312K), 13 survivors (13312K)
 Metaspace       used 58452K, committed 59072K, reserved 393216K
  class space    used 7919K, committed 8256K, reserved 327680K
}
Event: 7436.590 GC heap before
{Heap before GC invocations=16 (full 0):
 garbage-first heap   total 262144K, used 205537K [0x00000000e0000000, 0x0000000100000000)
  region size 1024K, 150 young (153600K), 13 survivors (13312K)
 Metaspace       used 58583K, committed 59264K, reserved 393216K
  class space    used 7931K, committed 8256K, reserved 327680K
}
Event: 7436.605 GC heap after
{Heap after GC invocations=17 (full 0):
 garbage-first heap   total 262144K, used 62973K [0x00000000e0000000, 0x0000000100000000)
  region size 1024K, 9 young (9216K), 9 survivors (9216K)
 Metaspace       used 58583K, committed 59264K, reserved 393216K
  class space    used 7931K, committed 8256K, reserved 327680K
}

Dll operation events (15 events):
Event: 0.041 Loaded shared library C:\Users\Giang\.jdks\corretto-17.0.10\bin\java.dll
Event: 0.077 Loaded shared library C:\Users\Giang\.jdks\corretto-17.0.10\bin\jsvml.dll
Event: 0.240 Loaded shared library C:\Users\Giang\.jdks\corretto-17.0.10\bin\zip.dll
Event: 0.245 Loaded shared library C:\Users\Giang\.jdks\corretto-17.0.10\bin\instrument.dll
Event: 0.253 Loaded shared library C:\Users\Giang\.jdks\corretto-17.0.10\bin\net.dll
Event: 0.258 Loaded shared library C:\Users\Giang\.jdks\corretto-17.0.10\bin\nio.dll
Event: 0.265 Loaded shared library C:\Users\Giang\.jdks\corretto-17.0.10\bin\zip.dll
Event: 0.911 Loaded shared library C:\Users\Giang\.jdks\corretto-17.0.10\bin\jimage.dll
Event: 1.171 Loaded shared library C:\Users\Giang\.jdks\corretto-17.0.10\bin\verify.dll
Event: 1.876 Loaded shared library C:\Users\Giang\.gradle\native\c067742578af261105cb4f569cf0c3c89f3d7b1fecec35dd04571415982c5e48\windows-amd64\native-platform.dll
Event: 1.894 Loaded shared library C:\Users\Giang\.gradle\native\100fb08df4bc3b14c8652ba06237920a3bd2aa13389f12d3474272988ae205f9\windows-amd64\native-platform-file-events.dll
Event: 4.619 Loaded shared library C:\Users\Giang\.jdks\corretto-17.0.10\bin\management.dll
Event: 4.629 Loaded shared library C:\Users\Giang\.jdks\corretto-17.0.10\bin\management_ext.dll
Event: 5.104 Loaded shared library C:\Users\Giang\.jdks\corretto-17.0.10\bin\extnet.dll
Event: 5.413 Loaded shared library C:\Users\Giang\.jdks\corretto-17.0.10\bin\sunmscapi.dll

Deoptimization events (20 events):
Event: 7434.858 Thread 0x00000229b94743e0 DEOPT PACKING pc=0x000002298904223d sp=0x00000033dd1f85b0
Event: 7434.858 Thread 0x00000229b94743e0 DEOPT UNPACKING pc=0x00000229904f7143 sp=0x00000033dd1f7a48 mode 0
Event: 7436.110 Thread 0x00000229b9479f00 Uncommon trap: trap_request=0xffffffd6 fr.pc=0x0000022991360370 relative=0x0000000000000ad0
Event: 7436.110 Thread 0x00000229b9479f00 Uncommon trap: reason=array_check action=maybe_recompile pc=0x0000022991360370 method=com.google.common.collect.RegularImmutableMap.fromEntryArrayCheckingBucketOverflow(I[Ljava/util/Map$Entry;Z)Lcom/google/common/collect/ImmutableMap; @ 220 c2
Event: 7436.110 Thread 0x00000229b9479f00 DEOPT PACKING pc=0x0000022991360370 sp=0x00000033deef87a0
Event: 7436.110 Thread 0x00000229b9479f00 DEOPT UNPACKING pc=0x00000229904f69a3 sp=0x00000033deef8748 mode 2
Event: 7436.110 Thread 0x00000229b9479f00 Uncommon trap: trap_request=0xffffffd6 fr.pc=0x0000022991360370 relative=0x0000000000000ad0
Event: 7436.110 Thread 0x00000229b9479f00 Uncommon trap: reason=array_check action=maybe_recompile pc=0x0000022991360370 method=com.google.common.collect.RegularImmutableMap.fromEntryArrayCheckingBucketOverflow(I[Ljava/util/Map$Entry;Z)Lcom/google/common/collect/ImmutableMap; @ 220 c2
Event: 7436.110 Thread 0x00000229b9479f00 DEOPT PACKING pc=0x0000022991360370 sp=0x00000033deef87a0
Event: 7436.110 Thread 0x00000229b9479f00 DEOPT UNPACKING pc=0x00000229904f69a3 sp=0x00000033deef8748 mode 2
Event: 7436.110 Thread 0x00000229b9479f00 Uncommon trap: trap_request=0xffffffd6 fr.pc=0x0000022991360370 relative=0x0000000000000ad0
Event: 7436.110 Thread 0x00000229b9479f00 Uncommon trap: reason=array_check action=maybe_recompile pc=0x0000022991360370 method=com.google.common.collect.RegularImmutableMap.fromEntryArrayCheckingBucketOverflow(I[Ljava/util/Map$Entry;Z)Lcom/google/common/collect/ImmutableMap; @ 220 c2
Event: 7436.110 Thread 0x00000229b9479f00 DEOPT PACKING pc=0x0000022991360370 sp=0x00000033deef87a0
Event: 7436.110 Thread 0x00000229b9479f00 DEOPT UNPACKING pc=0x00000229904f69a3 sp=0x00000033deef8748 mode 2
Event: 7436.110 Thread 0x00000229b9479f00 Uncommon trap: trap_request=0xffffffd6 fr.pc=0x0000022991360370 relative=0x0000000000000ad0
Event: 7436.110 Thread 0x00000229b9479f00 Uncommon trap: reason=array_check action=maybe_recompile pc=0x0000022991360370 method=com.google.common.collect.RegularImmutableMap.fromEntryArrayCheckingBucketOverflow(I[Ljava/util/Map$Entry;Z)Lcom/google/common/collect/ImmutableMap; @ 220 c2
Event: 7436.110 Thread 0x00000229b9479f00 DEOPT PACKING pc=0x0000022991360370 sp=0x00000033deef87a0
Event: 7436.110 Thread 0x00000229b9479f00 DEOPT UNPACKING pc=0x00000229904f69a3 sp=0x00000033deef8748 mode 2
Event: 7436.527 Thread 0x00000229b9479f00 DEOPT PACKING pc=0x00000229894295ae sp=0x00000033deef9850
Event: 7436.527 Thread 0x00000229b9479f00 DEOPT UNPACKING pc=0x00000229904f7143 sp=0x00000033deef8d68 mode 0

Classes unloaded (0 events):
No events

Classes redefined (0 events):
No events

Internal exceptions (20 events):
Event: 274.548 Thread 0x000002299bac32b0 Exception <a 'sun/nio/fs/WindowsException'{0x00000000e8e3b788}> (0x00000000e8e3b788) 
thrown [s\src\hotspot\share\prims\jni.cpp, line 516]
Event: 274.549 Thread 0x000002299bac32b0 Exception <a 'sun/nio/fs/WindowsException'{0x00000000e8e3cd10}> (0x00000000e8e3cd10) 
thrown [s\src\hotspot\share\prims\jni.cpp, line 516]
Event: 274.549 Thread 0x000002299bac32b0 Exception <a 'sun/nio/fs/WindowsException'{0x00000000e8e3e278}> (0x00000000e8e3e278) 
thrown [s\src\hotspot\share\prims\jni.cpp, line 516]
Event: 274.939 Thread 0x000002299bac32b0 Exception <a 'java/lang/NoClassDefFoundError'{0x00000000e8990bd0}: org/jetbrains/kotlin/gradle/plugin/KotlinPluginWrapper> (0x00000000e8990bd0) 
thrown [s\src\hotspot\share\oops\constantPool.cpp, line 835]
Event: 274.939 Thread 0x000002299bac32b0 Exception <a 'java/lang/NoClassDefFoundError'{0x00000000e8992cc8}: org/graalvm/buildtools/gradle/NativeImagePlugin> (0x00000000e8992cc8) 
thrown [s\src\hotspot\share\oops\constantPool.cpp, line 835]
Event: 274.939 Thread 0x000002299bac32b0 Exception <a 'java/lang/NoClassDefFoundError'{0x00000000e8994db0}: org/cyclonedx/gradle/CycloneDxPlugin> (0x00000000e8994db0) 
thrown [s\src\hotspot\share\oops\constantPool.cpp, line 835]
Event: 7320.798 Thread 0x00000229b7f356d0 Exception <a 'sun/nio/fs/WindowsException'{0x00000000ee52d650}> (0x00000000ee52d650) 
thrown [s\src\hotspot\share\prims\jni.cpp, line 516]
Event: 7320.803 Thread 0x00000229b7f356d0 Exception <a 'sun/nio/fs/WindowsException'{0x00000000ee52ebc8}> (0x00000000ee52ebc8) 
thrown [s\src\hotspot\share\prims\jni.cpp, line 516]
Event: 7320.804 Thread 0x00000229b7f356d0 Exception <a 'sun/nio/fs/WindowsException'{0x00000000ee530140}> (0x00000000ee530140) 
thrown [s\src\hotspot\share\prims\jni.cpp, line 516]
Event: 7320.804 Thread 0x00000229b7f356d0 Exception <a 'sun/nio/fs/WindowsException'{0x00000000ee531698}> (0x00000000ee531698) 
thrown [s\src\hotspot\share\prims\jni.cpp, line 516]
Event: 7321.872 Thread 0x00000229b7f356d0 Exception <a 'java/lang/NoClassDefFoundError'{0x00000000ee0570d0}: org/jetbrains/kotlin/gradle/plugin/KotlinPluginWrapper> (0x00000000ee0570d0) 
thrown [s\src\hotspot\share\oops\constantPool.cpp, line 835]
Event: 7321.873 Thread 0x00000229b7f356d0 Exception <a 'java/lang/NoClassDefFoundError'{0x00000000ee0591c8}: org/graalvm/buildtools/gradle/NativeImagePlugin> (0x00000000ee0591c8) 
thrown [s\src\hotspot\share\oops\constantPool.cpp, line 835]
Event: 7321.873 Thread 0x00000229b7f356d0 Exception <a 'java/lang/NoClassDefFoundError'{0x00000000ee05b2b0}: org/cyclonedx/gradle/CycloneDxPlugin> (0x00000000ee05b2b0) 
thrown [s\src\hotspot\share\oops\constantPool.cpp, line 835]
Event: 7434.830 Thread 0x00000229b94743e0 Exception <a 'sun/nio/fs/WindowsException'{0x00000000ebbbb448}> (0x00000000ebbbb448) 
thrown [s\src\hotspot\share\prims\jni.cpp, line 516]
Event: 7434.830 Thread 0x00000229b94743e0 Exception <a 'sun/nio/fs/WindowsException'{0x00000000ebbbc9c0}> (0x00000000ebbbc9c0) 
thrown [s\src\hotspot\share\prims\jni.cpp, line 516]
Event: 7434.831 Thread 0x00000229b94743e0 Exception <a 'sun/nio/fs/WindowsException'{0x00000000ebbbdf38}> (0x00000000ebbbdf38) 
thrown [s\src\hotspot\share\prims\jni.cpp, line 516]
Event: 7434.831 Thread 0x00000229b94743e0 Exception <a 'sun/nio/fs/WindowsException'{0x00000000ebbbf490}> (0x00000000ebbbf490) 
thrown [s\src\hotspot\share\prims\jni.cpp, line 516]
Event: 7435.021 Thread 0x00000229b94743e0 Exception <a 'java/lang/NoClassDefFoundError'{0x00000000eb6ee648}: org/jetbrains/kotlin/gradle/plugin/KotlinPluginWrapper> (0x00000000eb6ee648) 
thrown [s\src\hotspot\share\oops\constantPool.cpp, line 835]
Event: 7435.021 Thread 0x00000229b94743e0 Exception <a 'java/lang/NoClassDefFoundError'{0x00000000eb6f0740}: org/graalvm/buildtools/gradle/NativeImagePlugin> (0x00000000eb6f0740) 
thrown [s\src\hotspot\share\oops\constantPool.cpp, line 835]
Event: 7435.021 Thread 0x00000229b94743e0 Exception <a 'java/lang/NoClassDefFoundError'{0x00000000eb6f2828}: org/cyclonedx/gradle/CycloneDxPlugin> (0x00000000eb6f2828) 
thrown [s\src\hotspot\share\oops\constantPool.cpp, line 835]

VM Operations (20 events):
Event: 7328.676 Executing VM operation: Cleanup
Event: 7328.676 Executing VM operation: Cleanup done
Event: 7336.584 Executing VM operation: HandshakeAllThreads
Event: 7336.584 Executing VM operation: HandshakeAllThreads done
Event: 7435.384 Executing VM operation: Cleanup
Event: 7435.384 Executing VM operation: Cleanup done
Event: 7436.264 Executing VM operation: HandshakeAllThreads
Event: 7436.264 Executing VM operation: HandshakeAllThreads done
Event: 7436.559 Executing VM operation: HandshakeAllThreads
Event: 7436.580 Executing VM operation: HandshakeAllThreads done
Event: 7436.580 Executing VM operation: Cleanup
Event: 7436.581 Executing VM operation: Cleanup done
Event: 7436.590 Executing VM operation: G1CollectForAllocation
Event: 7436.605 Executing VM operation: G1CollectForAllocation done
Event: 7436.757 Executing VM operation: HandshakeAllThreads
Event: 7436.758 Executing VM operation: HandshakeAllThreads done
Event: 7437.763 Executing VM operation: Cleanup
Event: 7437.763 Executing VM operation: Cleanup done
Event: 7438.773 Executing VM operation: Cleanup
Event: 7438.774 Executing VM operation: Cleanup done

Events (20 events):
Event: 7436.794 Thread 0x000002299b651e40 flushing nmethod 0x000002298a5b8310
Event: 7436.794 Thread 0x000002299b651e40 flushing nmethod 0x000002298a5b9590
Event: 7436.794 Thread 0x000002299b651e40 flushing nmethod 0x000002298a5be390
Event: 7436.794 Thread 0x000002299b651e40 flushing nmethod 0x000002298a5bea90
Event: 7436.794 Thread 0x000002299b651e40 flushing nmethod 0x000002298a5c4890
Event: 7436.794 Thread 0x000002299b651e40 flushing nmethod 0x000002298a5c5690
Event: 7436.795 Thread 0x000002299b651e40 flushing nmethod 0x000002298a60ed10
Event: 7436.795 Thread 0x000002299b651e40 flushing nmethod 0x000002298a677b90
Event: 7436.795 Thread 0x000002299b651e40 flushing nmethod 0x000002298a679b90
Event: 7436.795 Thread 0x000002299b651e40 flushing nmethod 0x000002298a67f110
Event: 7436.795 Thread 0x000002299b651e40 flushing nmethod 0x000002298a680110
Event: 7436.795 Thread 0x000002299b651e40 flushing nmethod 0x000002298a684890
Event: 7436.795 Thread 0x000002299b651e40 flushing nmethod 0x000002298a685090
Event: 7436.795 Thread 0x000002299b651e40 flushing nmethod 0x000002298a693d10
Event: 7436.795 Thread 0x000002299b651e40 flushing nmethod 0x000002298a6bb210
Event: 7436.795 Thread 0x000002299b651e40 flushing nmethod 0x000002298a6f1090
Event: 7436.795 Thread 0x000002299b651e40 flushing nmethod 0x000002298a70d810
Event: 7436.795 Thread 0x000002299b651e40 flushing nmethod 0x000002298a713510
Event: 7436.796 Thread 0x000002299b651e40 flushing nmethod 0x000002298a75c810
Event: 7436.873 Thread 0x00000229b947f2d0 Thread added: 0x00000229b947f2d0


Dynamic libraries:
0x00007ff609040000 - 0x00007ff60904e000 	C:\Users\Giang\.jdks\corretto-17.0.10\bin\java.exe
0x00007fff66810000 - 0x00007fff66a08000 	C:\Windows\SYSTEM32\ntdll.dll
0x00007fff65ae0000 - 0x00007fff65ba1000 	C:\Windows\System32\KERNEL32.DLL
0x00007fff63fc0000 - 0x00007fff642bd000 	C:\Windows\System32\KERNELBASE.dll
0x00007fff63ec0000 - 0x00007fff63fc0000 	C:\Windows\System32\ucrtbase.dll
0x00007fff5fb20000 - 0x00007fff5fb37000 	C:\Users\Giang\.jdks\corretto-17.0.10\bin\jli.dll
0x00007fff65f20000 - 0x00007fff660bd000 	C:\Windows\System32\USER32.dll
0x00007fff642c0000 - 0x00007fff642e2000 	C:\Windows\System32\win32u.dll
0x00007fff65ce0000 - 0x00007fff65d0b000 	C:\Windows\System32\GDI32.dll
0x00007fff64360000 - 0x00007fff64477000 	C:\Windows\System32\gdi32full.dll
0x00007fff647a0000 - 0x00007fff6483d000 	C:\Windows\System32\msvcp_win.dll
0x00007fff5fb40000 - 0x00007fff5fb5b000 	C:\Users\Giang\.jdks\corretto-17.0.10\bin\VCRUNTIME140.dll
0x00007fff53f10000 - 0x00007fff541aa000 	C:\Windows\WinSxS\amd64_microsoft.windows.common-controls_6595b64144ccf1df_6.0.19041.4355_none_60b8b9eb71f62e16\COMCTL32.dll
0x00007fff64970000 - 0x00007fff64a0e000 	C:\Windows\System32\msvcrt.dll
0x00007fff65bb0000 - 0x00007fff65bdf000 	C:\Windows\System32\IMM32.DLL
0x00007fff603b0000 - 0x00007fff603bc000 	C:\Users\Giang\.jdks\corretto-17.0.10\bin\vcruntime140_1.dll
0x00007fff59b40000 - 0x00007fff59bcd000 	C:\Users\Giang\.jdks\corretto-17.0.10\bin\msvcp140.dll
0x00007fff2b300000 - 0x00007fff2bf62000 	C:\Users\Giang\.jdks\corretto-17.0.10\bin\server\jvm.dll
0x00007fff64a10000 - 0x00007fff64ac0000 	C:\Windows\System32\ADVAPI32.dll
0x00007fff660c0000 - 0x00007fff66160000 	C:\Windows\System32\sechost.dll
0x00007fff65070000 - 0x00007fff65193000 	C:\Windows\System32\RPCRT4.dll
0x00007fff64610000 - 0x00007fff64637000 	C:\Windows\System32\bcrypt.dll
0x00007fff63440000 - 0x00007fff6348b000 	C:\Windows\SYSTEM32\POWRPROF.dll
0x00007fff60030000 - 0x00007fff60039000 	C:\Windows\SYSTEM32\WSOCK32.dll
0x00007fff65dd0000 - 0x00007fff65e3b000 	C:\Windows\System32\WS2_32.dll
0x00007fff54360000 - 0x00007fff54387000 	C:\Windows\SYSTEM32\WINMM.dll
0x00007fff5b330000 - 0x00007fff5b33a000 	C:\Windows\SYSTEM32\VERSION.dll
0x00007fff632b0000 - 0x00007fff632c2000 	C:\Windows\SYSTEM32\UMPDC.dll
0x00007fff61d40000 - 0x00007fff61d52000 	C:\Windows\SYSTEM32\kernel.appcore.dll
0x00007fff5d310000 - 0x00007fff5d31a000 	C:\Users\Giang\.jdks\corretto-17.0.10\bin\jimage.dll
0x00007fff4f430000 - 0x00007fff4f614000 	C:\Windows\SYSTEM32\DBGHELP.DLL
0x00007fff4e9c0000 - 0x00007fff4e9f4000 	C:\Windows\SYSTEM32\dbgcore.DLL
0x00007fff64480000 - 0x00007fff64502000 	C:\Windows\System32\bcryptPrimitives.dll
0x00007fff5cc80000 - 0x00007fff5cc8e000 	C:\Users\Giang\.jdks\corretto-17.0.10\bin\instrument.dll
0x00007fff59b10000 - 0x00007fff59b35000 	C:\Users\Giang\.jdks\corretto-17.0.10\bin\java.dll
0x00007fff482f0000 - 0x00007fff483c7000 	C:\Users\Giang\.jdks\corretto-17.0.10\bin\jsvml.dll
0x00007fff651a0000 - 0x00007fff6590f000 	C:\Windows\System32\SHELL32.dll
0x00007fff61f40000 - 0x00007fff626df000 	C:\Windows\SYSTEM32\windows.storage.dll
0x00007fff64ac0000 - 0x00007fff64e13000 	C:\Windows\System32\combase.dll
0x00007fff638e0000 - 0x00007fff6390e000 	C:\Windows\SYSTEM32\Wldp.dll
0x00007fff648a0000 - 0x00007fff6496d000 	C:\Windows\System32\OLEAUT32.dll
0x00007fff665d0000 - 0x00007fff6667d000 	C:\Windows\System32\SHCORE.dll
0x00007fff65d10000 - 0x00007fff65d65000 	C:\Windows\System32\shlwapi.dll
0x00007fff63df0000 - 0x00007fff63e14000 	C:\Windows\SYSTEM32\profapi.dll
0x00007fff59af0000 - 0x00007fff59b08000 	C:\Users\Giang\.jdks\corretto-17.0.10\bin\zip.dll
0x00007fff4b4b0000 - 0x00007fff4b4c9000 	C:\Users\Giang\.jdks\corretto-17.0.10\bin\net.dll
0x00007fff5b100000 - 0x00007fff5b20d000 	C:\Windows\SYSTEM32\WINHTTP.dll
0x00007fff63640000 - 0x00007fff636aa000 	C:\Windows\system32\mswsock.dll
0x00007fff4b1b0000 - 0x00007fff4b1c6000 	C:\Users\Giang\.jdks\corretto-17.0.10\bin\nio.dll
0x00007fff53570000 - 0x00007fff53580000 	C:\Users\Giang\.jdks\corretto-17.0.10\bin\verify.dll
0x00007fff603d0000 - 0x00007fff603f7000 	C:\Users\Giang\.gradle\native\c067742578af261105cb4f569cf0c3c89f3d7b1fecec35dd04571415982c5e48\windows-amd64\native-platform.dll
0x00007fff32710000 - 0x00007fff32854000 	C:\Users\Giang\.gradle\native\100fb08df4bc3b14c8652ba06237920a3bd2aa13389f12d3474272988ae205f9\windows-amd64\native-platform-file-events.dll
0x00007fff52e30000 - 0x00007fff52e39000 	C:\Users\Giang\.jdks\corretto-17.0.10\bin\management.dll
0x00007fff4efb0000 - 0x00007fff4efbb000 	C:\Users\Giang\.jdks\corretto-17.0.10\bin\management_ext.dll
0x00007fff667c0000 - 0x00007fff667c8000 	C:\Windows\System32\PSAPI.DLL
0x00007fff63830000 - 0x00007fff63848000 	C:\Windows\SYSTEM32\CRYPTSP.dll
0x00007fff62ef0000 - 0x00007fff62f24000 	C:\Windows\system32\rsaenh.dll
0x00007fff63da0000 - 0x00007fff63dce000 	C:\Windows\SYSTEM32\USERENV.dll
0x00007fff63850000 - 0x00007fff6385c000 	C:\Windows\SYSTEM32\CRYPTBASE.dll
0x00007fff632d0000 - 0x00007fff6330b000 	C:\Windows\SYSTEM32\IPHLPAPI.DLL
0x00007fff65be0000 - 0x00007fff65be8000 	C:\Windows\System32\NSI.dll
0x00007fff5b710000 - 0x00007fff5b727000 	C:\Windows\SYSTEM32\dhcpcsvc6.DLL
0x00007fff5c040000 - 0x00007fff5c05d000 	C:\Windows\SYSTEM32\dhcpcsvc.DLL
0x00007fff63320000 - 0x00007fff633ea000 	C:\Windows\SYSTEM32\DNSAPI.dll
0x00007fff4e7c0000 - 0x00007fff4e7c9000 	C:\Users\Giang\.jdks\corretto-17.0.10\bin\extnet.dll
0x00007fff5fa20000 - 0x00007fff5fa2e000 	C:\Users\Giang\.jdks\corretto-17.0.10\bin\sunmscapi.dll
0x00007fff64640000 - 0x00007fff6479e000 	C:\Windows\System32\CRYPT32.dll
0x00007fff63950000 - 0x00007fff63979000 	C:\Windows\SYSTEM32\ncrypt.dll
0x00007fff63910000 - 0x00007fff6394b000 	C:\Windows\SYSTEM32\NTASN1.dll
0x00007fff5fa60000 - 0x00007fff5fa67000 	C:\Windows\system32\wshunix.dll

dbghelp: loaded successfully - version: 4.0.5 - missing functions: none
symbol engine: initialized successfully - sym options: 0x614 - pdb path: .;C:\Users\Giang\.jdks\corretto-17.0.10\bin;C:\Windows\SYSTEM32;C:\Windows\WinSxS\amd64_microsoft.windows.common-controls_6595b64144ccf1df_6.0.19041.4355_none_60b8b9eb71f62e16;C:\Users\Giang\.jdks\corretto-17.0.10\bin\server;C:\Users\Giang\.gradle\native\c067742578af261105cb4f569cf0c3c89f3d7b1fecec35dd04571415982c5e48\windows-amd64;C:\Users\Giang\.gradle\native\100fb08df4bc3b14c8652ba06237920a3bd2aa13389f12d3474272988ae205f9\windows-amd64

VM Arguments:
jvm_args: --add-opens=java.base/java.util=ALL-UNNAMED --add-opens=java.base/java.lang=ALL-UNNAMED --add-opens=java.base/java.lang.invoke=ALL-UNNAMED --add-opens=java.prefs/java.util.prefs=ALL-UNNAMED --add-opens=java.base/java.nio.charset=ALL-UNNAMED --add-opens=java.base/java.net=ALL-UNNAMED --add-opens=java.base/java.util.concurrent.atomic=ALL-UNNAMED -XX:MaxMetaspaceSize=384m -XX:+HeapDumpOnOutOfMemoryError -Xms256m -Xmx512m -Dfile.encoding=windows-1252 -Duser.country=US -Duser.language=en -Duser.variant -javaagent:C:\Users\Giang\.gradle\wrapper\dists\gradle-8.8-bin\dl7vupf4psengwqhwktix4v1\gradle-8.8\lib\agents\gradle-instrumentation-agent-8.8.jar 
java_command: org.gradle.launcher.daemon.bootstrap.GradleDaemon 8.8
java_class_path (initial): C:\Users\Giang\.gradle\wrapper\dists\gradle-8.8-bin\dl7vupf4psengwqhwktix4v1\gradle-8.8\lib\gradle-launcher-8.8.jar
Launcher Type: SUN_STANDARD

[Global flags]
     intx CICompilerCount                          = 3                                         {product} {ergonomic}
   size_t CompressedClassSpaceSize                 = 335544320                                 {product} {ergonomic}
     uint ConcGCThreads                            = 1                                         {product} {ergonomic}
     uint G1ConcRefinementThreads                  = 4                                         {product} {ergonomic}
   size_t G1HeapRegionSize                         = 1048576                                   {product} {ergonomic}
    uintx GCDrainStackTargetSize                   = 64                                        {product} {ergonomic}
     bool HeapDumpOnOutOfMemoryError               = true                                   {manageable} {command line}
   size_t InitialHeapSize                          = 268435456                                 {product} {command line}
   size_t MarkStackSize                            = 4194304                                   {product} {ergonomic}
   size_t MaxHeapSize                              = 536870912                                 {product} {command line}
   size_t MaxMetaspaceSize                         = 402653184                                 {product} {command line}
   size_t MaxNewSize                               = 321912832                                 {product} {ergonomic}
   size_t MinHeapDeltaBytes                        = 1048576                                   {product} {ergonomic}
   size_t MinHeapSize                              = 268435456                                 {product} {command line}
    uintx NonNMethodCodeHeapSize                   = 5832780                                {pd product} {ergonomic}
    uintx NonProfiledCodeHeapSize                  = 122912730                              {pd product} {ergonomic}
    uintx ProfiledCodeHeapSize                     = 122912730                              {pd product} {ergonomic}
    uintx ReservedCodeCacheSize                    = 251658240                              {pd product} {ergonomic}
     bool SegmentedCodeCache                       = true                                      {product} {ergonomic}
   size_t SoftMaxHeapSize                          = 536870912                              {manageable} {ergonomic}
     bool UseCompressedClassPointers               = true                           {product lp64_product} {ergonomic}
     bool UseCompressedOops                        = true                           {product lp64_product} {ergonomic}
     bool UseG1GC                                  = true                                      {product} {ergonomic}
     bool UseLargePagesIndividualAllocation        = false                                  {pd product} {ergonomic}

Logging:
Log output configuration:
 #0: stdout all=warning uptime,level,tags
 #1: stderr all=off uptime,level,tags

Environment Variables:
PATH=C:\Program Files\Common Files\Oracle\Java\javapath;C:\Windows\system32;C:\Windows;C:\Windows\System32\Wbem;C:\Windows\System32\WindowsPowerShell\v1.0\;C:\Windows\System32\OpenSSH\;C:\Program Files\MySQL\MySQL Server 8.0\bin;%JAVA_HOME%\bin;C:\Gradle\gradle-6.8\bin;C:\Program Files\Git\cmd;C:\Program Files\Java\jdk-17\bin;C:\Program Files\nodejs\;C:\Program Files\MySQL\MySQL Shell 8.0\bin\;C:\Users\Giang\AppData\Local\Microsoft\WindowsApps;C:\Users\Giang\AppData\Local\GitHubDesktop\bin;D:\Microsoft VS Code\bin;C:\Users\Giang\AppData\Roaming\npm
USERNAME=Giang
OS=Windows_NT
PROCESSOR_IDENTIFIER=Intel64 Family 6 Model 61 Stepping 4, GenuineIntel
TMP=C:\Users\Giang\AppData\Local\Temp
TEMP=C:\Users\Giang\AppData\Local\Temp



Periodic native trim disabled


---------------  S Y S T E M  ---------------

OS:
 Windows 10 , 64 bit Build 19041 (10.0.19041.4717)
OS uptime: 0 days 6:04 hours

CPU: total 4 (initial active 4) (2 cores per cpu, 2 threads per core) family 6 model 61 stepping 4 microcode 0x2d, cx8, cmov, fxsr, ht, mmx, 3dnowpref, sse, sse2, sse3, ssse3, sse4.1, sse4.2, popcnt, lzcnt, tsc, tscinvbit, avx, avx2, aes, erms, clmul, bmi1, bmi2, rtm, adx, fma, vzeroupper, clflush
Processor Information for all 4 processors :
  Max Mhz: 2594, Current Mhz: 2594, Mhz Limit: 2594

Memory: 4k page, system-wide physical 7887M (560M free)
TotalPageFile size 15055M (AvailPageFile size 0M)
current process WorkingSet (physical memory assigned to process): 345M, peak: 449M
current process commit charge ("private bytes"): 509M, peak: 518M

vm_info: OpenJDK 64-Bit Server VM (17.0.10+7-LTS) for windows-amd64 JRE (17.0.10+7-LTS), built on Jan 10 2024 22:11:07 by "Administrator" with MS VC++ 16.10 / 16.11 (VS2019)

END.
