#
# There is insufficient memory for the Java Runtime Environment to continue.
# Native memory allocation (malloc) failed to allocate 32744 bytes for ChunkPool::allocate
# Possible reasons:
#   The system is out of physical RAM or swap space
#   The process is running with CompressedOops enabled, and the Java Heap may be blocking the growth of the native heap
# Possible solutions:
#   Reduce memory load on the system
#   Increase physical memory or swap space
#   Check if swap backing store is full
#   Decrease Java heap size (-Xmx/-Xms)
#   Decrease number of Java threads
#   Decrease Java thread stack sizes (-Xss)
#   Set larger code cache with -XX:ReservedCodeCacheSize=
#   JVM is running with Unscaled Compressed Oops mode in which the Java heap is
#     placed in the first 4GB address space. The Java Heap base address is the
#     maximum limit for the native heap growth. Please use -XX:HeapBaseMinAddress
#     to set the Java Heap base and to place the Java Heap above 4GB virtual address.
# This output file may be truncated or incomplete.
#
#  Out of Memory Error (arena.cpp:79), pid=4616, tid=5808
#
# JRE version: OpenJDK Runtime Environment Corretto-17.0.10.7.1 (17.0.10+7) (build 17.0.10+7-LTS)
# Java VM: OpenJDK 64-Bit Server VM Corretto-17.0.10.7.1 (17.0.10+7-LTS, mixed mode, sharing, tiered, compressed oops, compressed class ptrs, g1 gc, windows-amd64)
# No core dump will be written. Minidumps are not enabled by default on client versions of Windows
#

---------------  S U M M A R Y ------------

Command Line: --add-opens=java.base/java.util=ALL-UNNAMED --add-opens=java.base/java.lang=ALL-UNNAMED --add-opens=java.base/java.lang.invoke=ALL-UNNAMED --add-opens=java.prefs/java.util.prefs=ALL-UNNAMED --add-opens=java.base/java.nio.charset=ALL-UNNAMED --add-opens=java.base/java.net=ALL-UNNAMED --add-opens=java.base/java.util.concurrent.atomic=ALL-UNNAMED -XX:MaxMetaspaceSize=384m -XX:+HeapDumpOnOutOfMemoryError -Xms256m -Xmx512m -Dfile.encoding=windows-1252 -Duser.country=US -Duser.language=en -Duser.variant -javaagent:C:\Users\Giang\.gradle\wrapper\dists\gradle-8.8-bin\dl7vupf4psengwqhwktix4v1\gradle-8.8\lib\agents\gradle-instrumentation-agent-8.8.jar org.gradle.launcher.daemon.bootstrap.GradleDaemon 8.8

Host: Intel(R) Core(TM) i7-5600U CPU @ 2.60GHz, 4 cores, 7G,  Windows 10 , 64 bit Build 19041 (10.0.19041.4597)
Time: Fri Aug  9 13:35:46 2024 SE Asia Standard Time elapsed time: 57.949652 seconds (0d 0h 0m 57s)

---------------  T H R E A D  ---------------

Current thread (0x0000012235d511a0):  JavaThread "C2 CompilerThread0" daemon [_thread_in_native, id=5808, stack(0x0000000c70d00000,0x0000000c70e00000)]


Current CompileTask:
C2:  57949 6520  s    4       java.io.BufferedInputStream::read (113 bytes)

Stack: [0x0000000c70d00000,0x0000000c70e00000]
Native frames: (J=compiled Java code, j=interpreted, Vv=VM code, C=native code)
V  [jvm.dll+0x67d2c9]
V  [jvm.dll+0x834b1a]
V  [jvm.dll+0x8365de]
V  [jvm.dll+0x836c43]
V  [jvm.dll+0x2477ff]
V  [jvm.dll+0xac711]
V  [jvm.dll+0xacb5c]
V  [jvm.dll+0x11ef88]
V  [jvm.dll+0x6a6c31]
V  [jvm.dll+0x1bd03e]
V  [jvm.dll+0x21a049]
V  [jvm.dll+0x219311]
V  [jvm.dll+0x1a502d]
V  [jvm.dll+0x2290de]
V  [jvm.dll+0x2272ac]
V  [jvm.dll+0x7e9bd7]
V  [jvm.dll+0x7e3fda]
V  [jvm.dll+0x67c1b5]
C  [ucrtbase.dll+0x21bb2]
C  [KERNEL32.DLL+0x17374]
C  [ntdll.dll+0x4cc91]


---------------  P R O C E S S  ---------------

Threads class SMR info:
_java_thread_list=0x000001225192d9b0, length=54, elements={
0x0000012219b1d0f0, 0x0000012235d339d0, 0x0000012235d35860, 0x0000012235d4a470,
0x0000012235d4c760, 0x0000012235d4f230, 0x0000012235d4fbf0, 0x0000012235d511a0,
0x0000012235d51c50, 0x000001224f025ee0, 0x000001224f0a28a0, 0x000001224f1717e0,
0x000001224f141450, 0x0000012250221e20, 0x000001224ff4c070, 0x0000012250096af0,
0x00000122504109f0, 0x000001224fbae9c0, 0x000001224f0824c0, 0x000001225040c890,
0x000001225040cda0, 0x000001225040c380, 0x0000012250409b00, 0x000001225040a010,
0x000001225040a520, 0x000001225040aa30, 0x000001225040af40, 0x000001225040b960,
0x000001225040b450, 0x00000122507d5e40, 0x00000122507d5930, 0x00000122507d86c0,
0x00000122507d2ba0, 0x00000122507d3fe0, 0x00000122507d6860, 0x00000122507d30b0,
0x00000122507d7ca0, 0x00000122507d81b0, 0x00000122507d7280, 0x00000122507d90e0,
0x00000122507d35c0, 0x00000122507d1c70, 0x00000122507d2690, 0x00000122507d4f10,
0x00000122507d95f0, 0x00000122507d2180, 0x00000122507d5420, 0x00000122507d3ad0,
0x0000012250bebf60, 0x0000012250be7d90, 0x0000012250be82a0, 0x0000012250be6950,
0x0000012250be8cc0, 0x0000012250be6e60
}

Java Threads: ( => current thread )
  0x0000012219b1d0f0 JavaThread "main" [_thread_blocked, id=3656, stack(0x0000000c70000000,0x0000000c70100000)]
  0x0000012235d339d0 JavaThread "Reference Handler" daemon [_thread_blocked, id=7536, stack(0x0000000c70700000,0x0000000c70800000)]
  0x0000012235d35860 JavaThread "Finalizer" daemon [_thread_blocked, id=5196, stack(0x0000000c70800000,0x0000000c70900000)]
  0x0000012235d4a470 JavaThread "Signal Dispatcher" daemon [_thread_blocked, id=12528, stack(0x0000000c70900000,0x0000000c70a00000)]
  0x0000012235d4c760 JavaThread "Attach Listener" daemon [_thread_blocked, id=8112, stack(0x0000000c70a00000,0x0000000c70b00000)]
  0x0000012235d4f230 JavaThread "Service Thread" daemon [_thread_blocked, id=11584, stack(0x0000000c70b00000,0x0000000c70c00000)]
  0x0000012235d4fbf0 JavaThread "Monitor Deflation Thread" daemon [_thread_blocked, id=9960, stack(0x0000000c70c00000,0x0000000c70d00000)]
=>0x0000012235d511a0 JavaThread "C2 CompilerThread0" daemon [_thread_in_native, id=5808, stack(0x0000000c70d00000,0x0000000c70e00000)]
  0x0000012235d51c50 JavaThread "C1 CompilerThread0" daemon [_thread_blocked, id=2080, stack(0x0000000c70e00000,0x0000000c70f00000)]
  0x000001224f025ee0 JavaThread "Sweeper thread" daemon [_thread_blocked, id=4796, stack(0x0000000c70f00000,0x0000000c71000000)]
  0x000001224f0a28a0 JavaThread "Common-Cleaner" daemon [_thread_blocked, id=13712, stack(0x0000000c71000000,0x0000000c71100000)]
  0x000001224f1717e0 JavaThread "Notification Thread" daemon [_thread_blocked, id=12548, stack(0x0000000c71100000,0x0000000c71200000)]
  0x000001224f141450 JavaThread "Daemon health stats" [_thread_blocked, id=5516, stack(0x0000000c71600000,0x0000000c71700000)]
  0x0000012250221e20 JavaThread "Incoming local TCP Connector on port 52134" [_thread_in_native, id=12840, stack(0x0000000c71700000,0x0000000c71800000)]
  0x000001224ff4c070 JavaThread "Daemon periodic checks" [_thread_blocked, id=4548, stack(0x0000000c71800000,0x0000000c71900000)]
  0x0000012250096af0 JavaThread "Daemon" [_thread_blocked, id=12844, stack(0x0000000c71900000,0x0000000c71a00000)]
  0x00000122504109f0 JavaThread "Handler for socket connection from /127.0.0.1:52134 to /127.0.0.1:52135" [_thread_in_native, id=12948, stack(0x0000000c71a00000,0x0000000c71b00000)]
  0x000001224fbae9c0 JavaThread "Cancel handler" [_thread_blocked, id=3300, stack(0x0000000c71b00000,0x0000000c71c00000)]
  0x000001224f0824c0 JavaThread "Daemon worker" [_thread_blocked, id=12712, stack(0x0000000c71c00000,0x0000000c71d00000)]
  0x000001225040c890 JavaThread "Asynchronous log dispatcher for DefaultDaemonConnection: socket connection from /127.0.0.1:52134 to /127.0.0.1:52135" [_thread_blocked, id=10708, stack(0x0000000c71d00000,0x0000000c71e00000)]
  0x000001225040cda0 JavaThread "Stdin handler" [_thread_blocked, id=12396, stack(0x0000000c71e00000,0x0000000c71f00000)]
  0x000001225040c380 JavaThread "Daemon client event forwarder" [_thread_blocked, id=8980, stack(0x0000000c71f00000,0x0000000c72000000)]
  0x0000012250409b00 JavaThread "Cache worker for journal cache (C:\Users\Giang\.gradle\caches\journal-1)" [_thread_blocked, id=13812, stack(0x0000000c72000000,0x0000000c72100000)]
  0x000001225040a010 JavaThread "File lock request listener" [_thread_in_native, id=8524, stack(0x0000000c72100000,0x0000000c72200000)]
  0x000001225040a520 JavaThread "File lock release action executor" [_thread_blocked, id=8232, stack(0x0000000c72200000,0x0000000c72300000)]
  0x000001225040aa30 JavaThread "Cache worker for file hash cache (C:\Users\Giang\.gradle\caches\8.8\fileHashes)" [_thread_blocked, id=12412, stack(0x0000000c72300000,0x0000000c72400000)]
  0x000001225040af40 JavaThread "Cache worker for file hash cache (D:\OJT\day1\OJT_BE\.gradle\8.8\fileHashes)" [_thread_blocked, id=7576, stack(0x0000000c72500000,0x0000000c72600000)]
  0x000001225040b960 JavaThread "File watcher server" daemon [_thread_in_native, id=9364, stack(0x0000000c72400000,0x0000000c72500000)]
  0x000001225040b450 JavaThread "File watcher consumer" daemon [_thread_blocked, id=2780, stack(0x0000000c72600000,0x0000000c72700000)]
  0x00000122507d5e40 JavaThread "Cache worker for checksums cache (D:\OJT\day1\OJT_BE\.gradle\8.8\checksums)" [_thread_blocked, id=13900, stack(0x0000000c72700000,0x0000000c72800000)]
  0x00000122507d5930 JavaThread "Cache worker for file content cache (C:\Users\Giang\.gradle\caches\8.8\fileContent)" [_thread_blocked, id=9944, stack(0x0000000c72800000,0x0000000c72900000)]
  0x00000122507d86c0 JavaThread "Cache worker for cache directory md-rule (C:\Users\Giang\.gradle\caches\8.8\md-rule)" [_thread_blocked, id=10792, stack(0x0000000c72900000,0x0000000c72a00000)]
  0x00000122507d2ba0 JavaThread "Cache worker for cache directory md-supplier (C:\Users\Giang\.gradle\caches\8.8\md-supplier)" [_thread_blocked, id=3492, stack(0x0000000c72a00000,0x0000000c72b00000)]
  0x00000122507d3fe0 JavaThread "jar transforms" [_thread_blocked, id=10492, stack(0x0000000c72b00000,0x0000000c72c00000)]
  0x00000122507d6860 JavaThread "jar transforms Thread 2" [_thread_blocked, id=12728, stack(0x0000000c72d00000,0x0000000c72e00000)]
  0x00000122507d30b0 JavaThread "jar transforms Thread 3" [_thread_blocked, id=12692, stack(0x0000000c72c00000,0x0000000c72d00000)]
  0x00000122507d7ca0 JavaThread "jar transforms Thread 4" [_thread_blocked, id=13328, stack(0x0000000c6fe00000,0x0000000c6ff00000)]
  0x00000122507d81b0 JavaThread "Cache worker for Build Output Cleanup Cache (D:\OJT\day1\OJT_BE\.gradle\buildOutputCleanup)" [_thread_blocked, id=13764, stack(0x0000000c73100000,0x0000000c73200000)]
  0x00000122507d7280 JavaThread "Unconstrained build operations" [_thread_blocked, id=11880, stack(0x0000000c73200000,0x0000000c73300000)]
  0x00000122507d90e0 JavaThread "Unconstrained build operations Thread 2" [_thread_blocked, id=10280, stack(0x0000000c73300000,0x0000000c73400000)]
  0x00000122507d35c0 JavaThread "Unconstrained build operations Thread 3" [_thread_blocked, id=12208, stack(0x0000000c73400000,0x0000000c73500000)]
  0x00000122507d1c70 JavaThread "Unconstrained build operations Thread 4" [_thread_blocked, id=13304, stack(0x0000000c73500000,0x0000000c73600000)]
  0x00000122507d2690 JavaThread "Unconstrained build operations Thread 5" [_thread_blocked, id=11092, stack(0x0000000c73600000,0x0000000c73700000)]
  0x00000122507d4f10 JavaThread "Unconstrained build operations Thread 6" [_thread_blocked, id=13744, stack(0x0000000c73700000,0x0000000c73800000)]
  0x00000122507d95f0 JavaThread "Unconstrained build operations Thread 7" [_thread_blocked, id=216, stack(0x0000000c73800000,0x0000000c73900000)]
  0x00000122507d2180 JavaThread "Unconstrained build operations Thread 8" [_thread_blocked, id=13372, stack(0x0000000c73900000,0x0000000c73a00000)]
  0x00000122507d5420 JavaThread "Unconstrained build operations Thread 9" [_thread_blocked, id=11860, stack(0x0000000c73a00000,0x0000000c73b00000)]
  0x00000122507d3ad0 JavaThread "Memory manager" [_thread_blocked, id=13012, stack(0x0000000c73b00000,0x0000000c73c00000)]
  0x0000012250bebf60 JavaThread "ForkJoinPool.commonPool-worker-1" daemon [_thread_blocked, id=428, stack(0x0000000c73d00000,0x0000000c73e00000)]
  0x0000012250be7d90 JavaThread "ForkJoinPool.commonPool-worker-2" daemon [_thread_blocked, id=10904, stack(0x0000000c73e00000,0x0000000c73f00000)]
  0x0000012250be82a0 JavaThread "ForkJoinPool.commonPool-worker-3" daemon [_thread_blocked, id=13600, stack(0x0000000c73f00000,0x0000000c74000000)]
  0x0000012250be6950 JavaThread "Exec process" daemon [_thread_in_native, id=8220, stack(0x0000000c74000000,0x0000000c74100000)]
  0x0000012250be8cc0 JavaThread "Exec process Thread 2" daemon [_thread_in_native, id=10864, stack(0x0000000c74100000,0x0000000c74200000)]
  0x0000012250be6e60 JavaThread "Exec process Thread 3" daemon [_thread_in_native, id=5204, stack(0x0000000c74200000,0x0000000c74300000)]

Other Threads:
  0x0000012235d2f970 VMThread "VM Thread" [stack: 0x0000000c70600000,0x0000000c70700000] [id=2436]
  0x000001224f14dd40 WatcherThread [stack: 0x0000000c71200000,0x0000000c71300000] [id=2496]
  0x0000012219b4ce50 GCTaskThread "GC Thread#0" [stack: 0x0000000c70100000,0x0000000c70200000] [id=3280]
  0x000001224f1fd490 GCTaskThread "GC Thread#1" [stack: 0x0000000c71300000,0x0000000c71400000] [id=9256]
  0x000001224f220e00 GCTaskThread "GC Thread#2" [stack: 0x0000000c71400000,0x0000000c71500000] [id=13420]
  0x000001224f360520 GCTaskThread "GC Thread#3" [stack: 0x0000000c71500000,0x0000000c71600000] [id=4668]
  0x0000012219b53db0 ConcurrentGCThread "G1 Main Marker" [stack: 0x0000000c70200000,0x0000000c70300000] [id=6304]
  0x0000012219b55f80 ConcurrentGCThread "G1 Conc#0" [stack: 0x0000000c70300000,0x0000000c70400000] [id=11484]
  0x0000012219bde9f0 ConcurrentGCThread "G1 Refine#0" [stack: 0x0000000c70400000,0x0000000c70500000] [id=1224]
  0x0000012250cdb010 ConcurrentGCThread "G1 Refine#1" [stack: 0x0000000c72e00000,0x0000000c72f00000] [id=10588]
  0x00000122525874e0 ConcurrentGCThread "G1 Refine#2" [stack: 0x0000000c73c00000,0x0000000c73d00000] [id=9968]
  0x0000012235bf2a20 ConcurrentGCThread "G1 Service" [stack: 0x0000000c70500000,0x0000000c70600000] [id=14056]

Threads with active compile tasks:
C2 CompilerThread0    58031 6520  s    4       java.io.BufferedInputStream::read (113 bytes)

VM state: not at safepoint (normal execution)

VM Mutex/Monitor currently owned by a thread: None

Heap address: 0x00000000e0000000, size: 512 MB, Compressed Oops mode: 32-bit

CDS archive(s) mapped at: [0x0000012236000000-0x0000012236bb0000-0x0000012236bb0000), size 12255232, SharedBaseAddress: 0x0000012236000000, ArchiveRelocationMode: 1.
Compressed class space mapped at: 0x0000012237000000-0x000001224b000000, reserved size: 335544320
Narrow klass base: 0x0000012236000000, Narrow klass shift: 0, Narrow klass range: 0x100000000

GC Precious Log:
 CPUs: 4 total, 4 available
 Memory: 7887M
 Large Page Support: Disabled
 NUMA Support: Disabled
 Compressed Oops: Enabled (32-bit)
 Heap Region Size: 1M
 Heap Min Capacity: 256M
 Heap Initial Capacity: 256M
 Heap Max Capacity: 512M
 Pre-touch: Disabled
 Parallel Workers: 4
 Concurrent Workers: 1
 Concurrent Refinement Workers: 4
 Periodic GC: Disabled

Heap:
 garbage-first heap   total 262144K, used 56026K [0x00000000e0000000, 0x0000000100000000)
  region size 1024K, 16 young (16384K), 2 survivors (2048K)
 Metaspace       used 50268K, committed 50752K, reserved 393216K
  class space    used 7168K, committed 7424K, reserved 327680K

Heap Regions: E=young(eden), S=young(survivor), O=old, HS=humongous(starts), HC=humongous(continues), CS=collection set, F=free, OA=open archive, CA=closed archive, TAMS=top-at-mark-start (previous, next)
|   0|0x00000000e0000000, 0x00000000e0100000, 0x00000000e0100000|100%|HS|  |TAMS 0x00000000e0100000, 0x00000000e0000000| Complete 
|   1|0x00000000e0100000, 0x00000000e0200000, 0x00000000e0200000|100%|HC|  |TAMS 0x00000000e0200000, 0x00000000e0100000| Complete 
|   2|0x00000000e0200000, 0x00000000e0300000, 0x00000000e0300000|100%|HC|  |TAMS 0x00000000e0300000, 0x00000000e0200000| Complete 
|   3|0x00000000e0300000, 0x00000000e0400000, 0x00000000e0400000|100%|HC|  |TAMS 0x00000000e0400000, 0x00000000e0300000| Complete 
|   4|0x00000000e0400000, 0x00000000e0500000, 0x00000000e0500000|100%| O|  |TAMS 0x00000000e0500000, 0x00000000e0400000| Untracked 
|   5|0x00000000e0500000, 0x00000000e0600000, 0x00000000e0600000|100%| O|  |TAMS 0x00000000e0500000, 0x00000000e0500000| Untracked 
|   6|0x00000000e0600000, 0x00000000e0700000, 0x00000000e0700000|100%| O|  |TAMS 0x00000000e0700000, 0x00000000e0600000| Untracked 
|   7|0x00000000e0700000, 0x00000000e0800000, 0x00000000e0800000|100%| O|  |TAMS 0x00000000e0800000, 0x00000000e0700000| Untracked 
|   8|0x00000000e0800000, 0x00000000e0900000, 0x00000000e0900000|100%| O|  |TAMS 0x00000000e0900000, 0x00000000e0800000| Untracked 
|   9|0x00000000e0900000, 0x00000000e0a00000, 0x00000000e0a00000|100%| O|  |TAMS 0x00000000e0a00000, 0x00000000e0900000| Untracked 
|  10|0x00000000e0a00000, 0x00000000e0b00000, 0x00000000e0b00000|100%| O|  |TAMS 0x00000000e0b00000, 0x00000000e0a00000| Untracked 
|  11|0x00000000e0b00000, 0x00000000e0c00000, 0x00000000e0c00000|100%| O|  |TAMS 0x00000000e0c00000, 0x00000000e0b00000| Untracked 
|  12|0x00000000e0c00000, 0x00000000e0d00000, 0x00000000e0d00000|100%|HS|  |TAMS 0x00000000e0d00000, 0x00000000e0c00000| Complete 
|  13|0x00000000e0d00000, 0x00000000e0e00000, 0x00000000e0e00000|100%| O|  |TAMS 0x00000000e0e00000, 0x00000000e0d00000| Untracked 
|  14|0x00000000e0e00000, 0x00000000e0f00000, 0x00000000e0f00000|100%| O|  |TAMS 0x00000000e0f00000, 0x00000000e0e00000| Untracked 
|  15|0x00000000e0f00000, 0x00000000e1000000, 0x00000000e1000000|100%| O|  |TAMS 0x00000000e1000000, 0x00000000e0f00000| Untracked 
|  16|0x00000000e1000000, 0x00000000e1100000, 0x00000000e1100000|100%| O|  |TAMS 0x00000000e1100000, 0x00000000e1000000| Untracked 
|  17|0x00000000e1100000, 0x00000000e1200000, 0x00000000e1200000|100%| O|  |TAMS 0x00000000e1200000, 0x00000000e1100000| Untracked 
|  18|0x00000000e1200000, 0x00000000e1300000, 0x00000000e1300000|100%| O|  |TAMS 0x00000000e1300000, 0x00000000e1200000| Untracked 
|  19|0x00000000e1300000, 0x00000000e1400000, 0x00000000e1400000|100%| O|  |TAMS 0x00000000e1400000, 0x00000000e1300000| Untracked 
|  20|0x00000000e1400000, 0x00000000e1500000, 0x00000000e1500000|100%| O|  |TAMS 0x00000000e1500000, 0x00000000e1400000| Untracked 
|  21|0x00000000e1500000, 0x00000000e1600000, 0x00000000e1600000|100%| O|  |TAMS 0x00000000e1600000, 0x00000000e1500000| Untracked 
|  22|0x00000000e1600000, 0x00000000e1700000, 0x00000000e1700000|100%| O|  |TAMS 0x00000000e1700000, 0x00000000e1600000| Untracked 
|  23|0x00000000e1700000, 0x00000000e1800000, 0x00000000e1800000|100%| O|  |TAMS 0x00000000e1800000, 0x00000000e1700000| Untracked 
|  24|0x00000000e1800000, 0x00000000e1900000, 0x00000000e1900000|100%| O|  |TAMS 0x00000000e1900000, 0x00000000e1800000| Untracked 
|  25|0x00000000e1900000, 0x00000000e1a00000, 0x00000000e1a00000|100%| O|  |TAMS 0x00000000e1a00000, 0x00000000e1900000| Untracked 
|  26|0x00000000e1a00000, 0x00000000e1b00000, 0x00000000e1b00000|100%| O|  |TAMS 0x00000000e1b00000, 0x00000000e1a00000| Untracked 
|  27|0x00000000e1b00000, 0x00000000e1c00000, 0x00000000e1c00000|100%| O|  |TAMS 0x00000000e1c00000, 0x00000000e1b00000| Untracked 
|  28|0x00000000e1c00000, 0x00000000e1d00000, 0x00000000e1d00000|100%| O|  |TAMS 0x00000000e1d00000, 0x00000000e1c00000| Untracked 
|  29|0x00000000e1d00000, 0x00000000e1e00000, 0x00000000e1e00000|100%| O|  |TAMS 0x00000000e1e00000, 0x00000000e1d00000| Untracked 
|  30|0x00000000e1e00000, 0x00000000e1f00000, 0x00000000e1f00000|100%| O|  |TAMS 0x00000000e1f00000, 0x00000000e1e00000| Untracked 
|  31|0x00000000e1f00000, 0x00000000e1f00000, 0x00000000e2000000|  0%| F|  |TAMS 0x00000000e1f00000, 0x00000000e1f00000| Untracked 
|  32|0x00000000e2000000, 0x00000000e2100000, 0x00000000e2100000|100%| O|  |TAMS 0x00000000e204ce00, 0x00000000e2000000| Untracked 
|  33|0x00000000e2100000, 0x00000000e2200000, 0x00000000e2200000|100%| O|  |TAMS 0x00000000e2100000, 0x00000000e2100000| Untracked 
|  34|0x00000000e2200000, 0x00000000e2300000, 0x00000000e2300000|100%| O|  |TAMS 0x00000000e2200000, 0x00000000e2200000| Untracked 
|  35|0x00000000e2300000, 0x00000000e2400000, 0x00000000e2400000|100%| O|  |TAMS 0x00000000e2300000, 0x00000000e2300000| Untracked 
|  36|0x00000000e2400000, 0x00000000e2500000, 0x00000000e2500000|100%| O|  |TAMS 0x00000000e2400000, 0x00000000e2400000| Untracked 
|  37|0x00000000e2500000, 0x00000000e2600000, 0x00000000e2600000|100%| O|  |TAMS 0x00000000e2500000, 0x00000000e2500000| Untracked 
|  38|0x00000000e2600000, 0x00000000e2700000, 0x00000000e2700000|100%| O|  |TAMS 0x00000000e2600000, 0x00000000e2600000| Untracked 
|  39|0x00000000e2700000, 0x00000000e2800000, 0x00000000e2800000|100%| O|  |TAMS 0x00000000e2700000, 0x00000000e2700000| Untracked 
|  40|0x00000000e2800000, 0x00000000e2900000, 0x00000000e2900000|100%| O|  |TAMS 0x00000000e2800000, 0x00000000e2800000| Untracked 
|  41|0x00000000e2900000, 0x00000000e2964800, 0x00000000e2a00000| 39%| O|  |TAMS 0x00000000e2900000, 0x00000000e2900000| Untracked 
|  42|0x00000000e2a00000, 0x00000000e2a00000, 0x00000000e2b00000|  0%| F|  |TAMS 0x00000000e2a00000, 0x00000000e2a00000| Untracked 
|  43|0x00000000e2b00000, 0x00000000e2b00000, 0x00000000e2c00000|  0%| F|  |TAMS 0x00000000e2b00000, 0x00000000e2b00000| Untracked 
|  44|0x00000000e2c00000, 0x00000000e2c00000, 0x00000000e2d00000|  0%| F|  |TAMS 0x00000000e2c00000, 0x00000000e2c00000| Untracked 
|  45|0x00000000e2d00000, 0x00000000e2d00000, 0x00000000e2e00000|  0%| F|  |TAMS 0x00000000e2d00000, 0x00000000e2d00000| Untracked 
|  46|0x00000000e2e00000, 0x00000000e2e00000, 0x00000000e2f00000|  0%| F|  |TAMS 0x00000000e2e00000, 0x00000000e2e00000| Untracked 
|  47|0x00000000e2f00000, 0x00000000e2f00000, 0x00000000e3000000|  0%| F|  |TAMS 0x00000000e2f00000, 0x00000000e2f00000| Untracked 
|  48|0x00000000e3000000, 0x00000000e3000000, 0x00000000e3100000|  0%| F|  |TAMS 0x00000000e3000000, 0x00000000e3000000| Untracked 
|  49|0x00000000e3100000, 0x00000000e3100000, 0x00000000e3200000|  0%| F|  |TAMS 0x00000000e3100000, 0x00000000e3100000| Untracked 
|  50|0x00000000e3200000, 0x00000000e3200000, 0x00000000e3300000|  0%| F|  |TAMS 0x00000000e3200000, 0x00000000e3200000| Untracked 
|  51|0x00000000e3300000, 0x00000000e3300000, 0x00000000e3400000|  0%| F|  |TAMS 0x00000000e3300000, 0x00000000e3300000| Untracked 
|  52|0x00000000e3400000, 0x00000000e3400000, 0x00000000e3500000|  0%| F|  |TAMS 0x00000000e3400000, 0x00000000e3400000| Untracked 
|  53|0x00000000e3500000, 0x00000000e3500000, 0x00000000e3600000|  0%| F|  |TAMS 0x00000000e3500000, 0x00000000e3500000| Untracked 
|  54|0x00000000e3600000, 0x00000000e3600000, 0x00000000e3700000|  0%| F|  |TAMS 0x00000000e3600000, 0x00000000e3600000| Untracked 
|  55|0x00000000e3700000, 0x00000000e3700000, 0x00000000e3800000|  0%| F|  |TAMS 0x00000000e3700000, 0x00000000e3700000| Untracked 
|  56|0x00000000e3800000, 0x00000000e3800000, 0x00000000e3900000|  0%| F|  |TAMS 0x00000000e3800000, 0x00000000e3800000| Untracked 
|  57|0x00000000e3900000, 0x00000000e3900000, 0x00000000e3a00000|  0%| F|  |TAMS 0x00000000e3900000, 0x00000000e3900000| Untracked 
|  58|0x00000000e3a00000, 0x00000000e3a00000, 0x00000000e3b00000|  0%| F|  |TAMS 0x00000000e3a00000, 0x00000000e3a00000| Untracked 
|  59|0x00000000e3b00000, 0x00000000e3b00000, 0x00000000e3c00000|  0%| F|  |TAMS 0x00000000e3b00000, 0x00000000e3b00000| Untracked 
|  60|0x00000000e3c00000, 0x00000000e3c00000, 0x00000000e3d00000|  0%| F|  |TAMS 0x00000000e3c00000, 0x00000000e3c00000| Untracked 
|  61|0x00000000e3d00000, 0x00000000e3d00000, 0x00000000e3e00000|  0%| F|  |TAMS 0x00000000e3d00000, 0x00000000e3d00000| Untracked 
|  62|0x00000000e3e00000, 0x00000000e3e00000, 0x00000000e3f00000|  0%| F|  |TAMS 0x00000000e3e00000, 0x00000000e3e00000| Untracked 
|  63|0x00000000e3f00000, 0x00000000e3f00000, 0x00000000e4000000|  0%| F|  |TAMS 0x00000000e3f00000, 0x00000000e3f00000| Untracked 
|  64|0x00000000e4000000, 0x00000000e4000000, 0x00000000e4100000|  0%| F|  |TAMS 0x00000000e4000000, 0x00000000e4000000| Untracked 
|  65|0x00000000e4100000, 0x00000000e4100000, 0x00000000e4200000|  0%| F|  |TAMS 0x00000000e4100000, 0x00000000e4100000| Untracked 
|  66|0x00000000e4200000, 0x00000000e4200000, 0x00000000e4300000|  0%| F|  |TAMS 0x00000000e4200000, 0x00000000e4200000| Untracked 
|  67|0x00000000e4300000, 0x00000000e4300000, 0x00000000e4400000|  0%| F|  |TAMS 0x00000000e4300000, 0x00000000e4300000| Untracked 
|  68|0x00000000e4400000, 0x00000000e4400000, 0x00000000e4500000|  0%| F|  |TAMS 0x00000000e4400000, 0x00000000e4400000| Untracked 
|  69|0x00000000e4500000, 0x00000000e4500000, 0x00000000e4600000|  0%| F|  |TAMS 0x00000000e4500000, 0x00000000e4500000| Untracked 
|  70|0x00000000e4600000, 0x00000000e4600000, 0x00000000e4700000|  0%| F|  |TAMS 0x00000000e4600000, 0x00000000e4600000| Untracked 
|  71|0x00000000e4700000, 0x00000000e4700000, 0x00000000e4800000|  0%| F|  |TAMS 0x00000000e4700000, 0x00000000e4700000| Untracked 
|  72|0x00000000e4800000, 0x00000000e4800000, 0x00000000e4900000|  0%| F|  |TAMS 0x00000000e4800000, 0x00000000e4800000| Untracked 
|  73|0x00000000e4900000, 0x00000000e4900000, 0x00000000e4a00000|  0%| F|  |TAMS 0x00000000e4900000, 0x00000000e4900000| Untracked 
|  74|0x00000000e4a00000, 0x00000000e4a00000, 0x00000000e4b00000|  0%| F|  |TAMS 0x00000000e4a00000, 0x00000000e4a00000| Untracked 
|  75|0x00000000e4b00000, 0x00000000e4b00000, 0x00000000e4c00000|  0%| F|  |TAMS 0x00000000e4b00000, 0x00000000e4b00000| Untracked 
|  76|0x00000000e4c00000, 0x00000000e4c00000, 0x00000000e4d00000|  0%| F|  |TAMS 0x00000000e4c00000, 0x00000000e4c00000| Untracked 
|  77|0x00000000e4d00000, 0x00000000e4d00000, 0x00000000e4e00000|  0%| F|  |TAMS 0x00000000e4d00000, 0x00000000e4d00000| Untracked 
|  78|0x00000000e4e00000, 0x00000000e4e00000, 0x00000000e4f00000|  0%| F|  |TAMS 0x00000000e4e00000, 0x00000000e4e00000| Untracked 
|  79|0x00000000e4f00000, 0x00000000e4f00000, 0x00000000e5000000|  0%| F|  |TAMS 0x00000000e4f00000, 0x00000000e4f00000| Untracked 
|  80|0x00000000e5000000, 0x00000000e5000000, 0x00000000e5100000|  0%| F|  |TAMS 0x00000000e5000000, 0x00000000e5000000| Untracked 
|  81|0x00000000e5100000, 0x00000000e5100000, 0x00000000e5200000|  0%| F|  |TAMS 0x00000000e5100000, 0x00000000e5100000| Untracked 
|  82|0x00000000e5200000, 0x00000000e5200000, 0x00000000e5300000|  0%| F|  |TAMS 0x00000000e5200000, 0x00000000e5200000| Untracked 
|  83|0x00000000e5300000, 0x00000000e5300000, 0x00000000e5400000|  0%| F|  |TAMS 0x00000000e5300000, 0x00000000e5300000| Untracked 
|  84|0x00000000e5400000, 0x00000000e5400000, 0x00000000e5500000|  0%| F|  |TAMS 0x00000000e5400000, 0x00000000e5400000| Untracked 
|  85|0x00000000e5500000, 0x00000000e5500000, 0x00000000e5600000|  0%| F|  |TAMS 0x00000000e5500000, 0x00000000e5500000| Untracked 
|  86|0x00000000e5600000, 0x00000000e5600000, 0x00000000e5700000|  0%| F|  |TAMS 0x00000000e5600000, 0x00000000e5600000| Untracked 
|  87|0x00000000e5700000, 0x00000000e5700000, 0x00000000e5800000|  0%| F|  |TAMS 0x00000000e5700000, 0x00000000e5700000| Untracked 
|  88|0x00000000e5800000, 0x00000000e5800000, 0x00000000e5900000|  0%| F|  |TAMS 0x00000000e5800000, 0x00000000e5800000| Untracked 
|  89|0x00000000e5900000, 0x00000000e5900000, 0x00000000e5a00000|  0%| F|  |TAMS 0x00000000e5900000, 0x00000000e5900000| Untracked 
|  90|0x00000000e5a00000, 0x00000000e5a00000, 0x00000000e5b00000|  0%| F|  |TAMS 0x00000000e5a00000, 0x00000000e5a00000| Untracked 
|  91|0x00000000e5b00000, 0x00000000e5b00000, 0x00000000e5c00000|  0%| F|  |TAMS 0x00000000e5b00000, 0x00000000e5b00000| Untracked 
|  92|0x00000000e5c00000, 0x00000000e5c00000, 0x00000000e5d00000|  0%| F|  |TAMS 0x00000000e5c00000, 0x00000000e5c00000| Untracked 
|  93|0x00000000e5d00000, 0x00000000e5d00000, 0x00000000e5e00000|  0%| F|  |TAMS 0x00000000e5d00000, 0x00000000e5d00000| Untracked 
|  94|0x00000000e5e00000, 0x00000000e5e00000, 0x00000000e5f00000|  0%| F|  |TAMS 0x00000000e5e00000, 0x00000000e5e00000| Untracked 
|  95|0x00000000e5f00000, 0x00000000e5f00000, 0x00000000e6000000|  0%| F|  |TAMS 0x00000000e5f00000, 0x00000000e5f00000| Untracked 
|  96|0x00000000e6000000, 0x00000000e6000000, 0x00000000e6100000|  0%| F|  |TAMS 0x00000000e6000000, 0x00000000e6000000| Untracked 
|  97|0x00000000e6100000, 0x00000000e6100000, 0x00000000e6200000|  0%| F|  |TAMS 0x00000000e6100000, 0x00000000e6100000| Untracked 
|  98|0x00000000e6200000, 0x00000000e6200000, 0x00000000e6300000|  0%| F|  |TAMS 0x00000000e6200000, 0x00000000e6200000| Untracked 
|  99|0x00000000e6300000, 0x00000000e6300000, 0x00000000e6400000|  0%| F|  |TAMS 0x00000000e6300000, 0x00000000e6300000| Untracked 
| 100|0x00000000e6400000, 0x00000000e6400000, 0x00000000e6500000|  0%| F|  |TAMS 0x00000000e6400000, 0x00000000e6400000| Untracked 
| 101|0x00000000e6500000, 0x00000000e6500000, 0x00000000e6600000|  0%| F|  |TAMS 0x00000000e6500000, 0x00000000e6500000| Untracked 
| 102|0x00000000e6600000, 0x00000000e6600000, 0x00000000e6700000|  0%| F|  |TAMS 0x00000000e6600000, 0x00000000e6600000| Untracked 
| 103|0x00000000e6700000, 0x00000000e6700000, 0x00000000e6800000|  0%| F|  |TAMS 0x00000000e6700000, 0x00000000e6700000| Untracked 
| 104|0x00000000e6800000, 0x00000000e6800000, 0x00000000e6900000|  0%| F|  |TAMS 0x00000000e6800000, 0x00000000e6800000| Untracked 
| 105|0x00000000e6900000, 0x00000000e6900000, 0x00000000e6a00000|  0%| F|  |TAMS 0x00000000e6900000, 0x00000000e6900000| Untracked 
| 106|0x00000000e6a00000, 0x00000000e6a00000, 0x00000000e6b00000|  0%| F|  |TAMS 0x00000000e6a00000, 0x00000000e6a00000| Untracked 
| 107|0x00000000e6b00000, 0x00000000e6b00000, 0x00000000e6c00000|  0%| F|  |TAMS 0x00000000e6b00000, 0x00000000e6b00000| Untracked 
| 108|0x00000000e6c00000, 0x00000000e6c00000, 0x00000000e6d00000|  0%| F|  |TAMS 0x00000000e6c00000, 0x00000000e6c00000| Untracked 
| 109|0x00000000e6d00000, 0x00000000e6d00000, 0x00000000e6e00000|  0%| F|  |TAMS 0x00000000e6d00000, 0x00000000e6d00000| Untracked 
| 110|0x00000000e6e00000, 0x00000000e6e00000, 0x00000000e6f00000|  0%| F|  |TAMS 0x00000000e6e00000, 0x00000000e6e00000| Untracked 
| 111|0x00000000e6f00000, 0x00000000e6f00000, 0x00000000e7000000|  0%| F|  |TAMS 0x00000000e6f00000, 0x00000000e6f00000| Untracked 
| 112|0x00000000e7000000, 0x00000000e7000000, 0x00000000e7100000|  0%| F|  |TAMS 0x00000000e7000000, 0x00000000e7000000| Untracked 
| 113|0x00000000e7100000, 0x00000000e7100000, 0x00000000e7200000|  0%| F|  |TAMS 0x00000000e7100000, 0x00000000e7100000| Untracked 
| 114|0x00000000e7200000, 0x00000000e7200000, 0x00000000e7300000|  0%| F|  |TAMS 0x00000000e7200000, 0x00000000e7200000| Untracked 
| 115|0x00000000e7300000, 0x00000000e7300000, 0x00000000e7400000|  0%| F|  |TAMS 0x00000000e7300000, 0x00000000e7300000| Untracked 
| 116|0x00000000e7400000, 0x00000000e7400000, 0x00000000e7500000|  0%| F|  |TAMS 0x00000000e7400000, 0x00000000e7400000| Untracked 
| 117|0x00000000e7500000, 0x00000000e7500000, 0x00000000e7600000|  0%| F|  |TAMS 0x00000000e7500000, 0x00000000e7500000| Untracked 
| 118|0x00000000e7600000, 0x00000000e7600000, 0x00000000e7700000|  0%| F|  |TAMS 0x00000000e7600000, 0x00000000e7600000| Untracked 
| 119|0x00000000e7700000, 0x00000000e7700000, 0x00000000e7800000|  0%| F|  |TAMS 0x00000000e7700000, 0x00000000e7700000| Untracked 
| 120|0x00000000e7800000, 0x00000000e7800000, 0x00000000e7900000|  0%| F|  |TAMS 0x00000000e7800000, 0x00000000e7800000| Untracked 
| 121|0x00000000e7900000, 0x00000000e7900000, 0x00000000e7a00000|  0%| F|  |TAMS 0x00000000e7900000, 0x00000000e7900000| Untracked 
| 122|0x00000000e7a00000, 0x00000000e7a00000, 0x00000000e7b00000|  0%| F|  |TAMS 0x00000000e7a00000, 0x00000000e7a00000| Untracked 
| 123|0x00000000e7b00000, 0x00000000e7b00000, 0x00000000e7c00000|  0%| F|  |TAMS 0x00000000e7b00000, 0x00000000e7b00000| Untracked 
| 124|0x00000000e7c00000, 0x00000000e7c00000, 0x00000000e7d00000|  0%| F|  |TAMS 0x00000000e7c00000, 0x00000000e7c00000| Untracked 
| 125|0x00000000e7d00000, 0x00000000e7d00000, 0x00000000e7e00000|  0%| F|  |TAMS 0x00000000e7d00000, 0x00000000e7d00000| Untracked 
| 126|0x00000000e7e00000, 0x00000000e7e00000, 0x00000000e7f00000|  0%| F|  |TAMS 0x00000000e7e00000, 0x00000000e7e00000| Untracked 
| 127|0x00000000e7f00000, 0x00000000e7f00000, 0x00000000e8000000|  0%| F|  |TAMS 0x00000000e7f00000, 0x00000000e7f00000| Untracked 
| 128|0x00000000e8000000, 0x00000000e8000000, 0x00000000e8100000|  0%| F|  |TAMS 0x00000000e8000000, 0x00000000e8000000| Untracked 
| 129|0x00000000e8100000, 0x00000000e8100000, 0x00000000e8200000|  0%| F|  |TAMS 0x00000000e8100000, 0x00000000e8100000| Untracked 
| 130|0x00000000e8200000, 0x00000000e8200000, 0x00000000e8300000|  0%| F|  |TAMS 0x00000000e8200000, 0x00000000e8200000| Untracked 
| 131|0x00000000e8300000, 0x00000000e8300000, 0x00000000e8400000|  0%| F|  |TAMS 0x00000000e8300000, 0x00000000e8300000| Untracked 
| 132|0x00000000e8400000, 0x00000000e8400000, 0x00000000e8500000|  0%| F|  |TAMS 0x00000000e8400000, 0x00000000e8400000| Untracked 
| 133|0x00000000e8500000, 0x00000000e8500000, 0x00000000e8600000|  0%| F|  |TAMS 0x00000000e8500000, 0x00000000e8500000| Untracked 
| 134|0x00000000e8600000, 0x00000000e8600000, 0x00000000e8700000|  0%| F|  |TAMS 0x00000000e8600000, 0x00000000e8600000| Untracked 
| 135|0x00000000e8700000, 0x00000000e8700000, 0x00000000e8800000|  0%| F|  |TAMS 0x00000000e8700000, 0x00000000e8700000| Untracked 
| 136|0x00000000e8800000, 0x00000000e8800000, 0x00000000e8900000|  0%| F|  |TAMS 0x00000000e8800000, 0x00000000e8800000| Untracked 
| 137|0x00000000e8900000, 0x00000000e8900000, 0x00000000e8a00000|  0%| F|  |TAMS 0x00000000e8900000, 0x00000000e8900000| Untracked 
| 138|0x00000000e8a00000, 0x00000000e8a00000, 0x00000000e8b00000|  0%| F|  |TAMS 0x00000000e8a00000, 0x00000000e8a00000| Untracked 
| 139|0x00000000e8b00000, 0x00000000e8b00000, 0x00000000e8c00000|  0%| F|  |TAMS 0x00000000e8b00000, 0x00000000e8b00000| Untracked 
| 140|0x00000000e8c00000, 0x00000000e8c00000, 0x00000000e8d00000|  0%| F|  |TAMS 0x00000000e8c00000, 0x00000000e8c00000| Untracked 
| 141|0x00000000e8d00000, 0x00000000e8d00000, 0x00000000e8e00000|  0%| F|  |TAMS 0x00000000e8d00000, 0x00000000e8d00000| Untracked 
| 142|0x00000000e8e00000, 0x00000000e8e00000, 0x00000000e8f00000|  0%| F|  |TAMS 0x00000000e8e00000, 0x00000000e8e00000| Untracked 
| 143|0x00000000e8f00000, 0x00000000e8f00000, 0x00000000e9000000|  0%| F|  |TAMS 0x00000000e8f00000, 0x00000000e8f00000| Untracked 
| 144|0x00000000e9000000, 0x00000000e9000000, 0x00000000e9100000|  0%| F|  |TAMS 0x00000000e9000000, 0x00000000e9000000| Untracked 
| 145|0x00000000e9100000, 0x00000000e9100000, 0x00000000e9200000|  0%| F|  |TAMS 0x00000000e9100000, 0x00000000e9100000| Untracked 
| 146|0x00000000e9200000, 0x00000000e9200000, 0x00000000e9300000|  0%| F|  |TAMS 0x00000000e9200000, 0x00000000e9200000| Untracked 
| 147|0x00000000e9300000, 0x00000000e9300000, 0x00000000e9400000|  0%| F|  |TAMS 0x00000000e9300000, 0x00000000e9300000| Untracked 
| 148|0x00000000e9400000, 0x00000000e9400000, 0x00000000e9500000|  0%| F|  |TAMS 0x00000000e9400000, 0x00000000e9400000| Untracked 
| 149|0x00000000e9500000, 0x00000000e9500000, 0x00000000e9600000|  0%| F|  |TAMS 0x00000000e9500000, 0x00000000e9500000| Untracked 
| 150|0x00000000e9600000, 0x00000000e9600000, 0x00000000e9700000|  0%| F|  |TAMS 0x00000000e9600000, 0x00000000e9600000| Untracked 
| 151|0x00000000e9700000, 0x00000000e9700000, 0x00000000e9800000|  0%| F|  |TAMS 0x00000000e9700000, 0x00000000e9700000| Untracked 
| 152|0x00000000e9800000, 0x00000000e9800000, 0x00000000e9900000|  0%| F|  |TAMS 0x00000000e9800000, 0x00000000e9800000| Untracked 
| 153|0x00000000e9900000, 0x00000000e9900000, 0x00000000e9a00000|  0%| F|  |TAMS 0x00000000e9900000, 0x00000000e9900000| Untracked 
| 154|0x00000000e9a00000, 0x00000000e9a00000, 0x00000000e9b00000|  0%| F|  |TAMS 0x00000000e9a00000, 0x00000000e9a00000| Untracked 
| 155|0x00000000e9b00000, 0x00000000e9b00000, 0x00000000e9c00000|  0%| F|  |TAMS 0x00000000e9b00000, 0x00000000e9b00000| Untracked 
| 156|0x00000000e9c00000, 0x00000000e9c00000, 0x00000000e9d00000|  0%| F|  |TAMS 0x00000000e9c00000, 0x00000000e9c00000| Untracked 
| 157|0x00000000e9d00000, 0x00000000e9d00000, 0x00000000e9e00000|  0%| F|  |TAMS 0x00000000e9d00000, 0x00000000e9d00000| Untracked 
| 158|0x00000000e9e00000, 0x00000000e9e00000, 0x00000000e9f00000|  0%| F|  |TAMS 0x00000000e9e00000, 0x00000000e9e00000| Untracked 
| 159|0x00000000e9f00000, 0x00000000e9f00000, 0x00000000ea000000|  0%| F|  |TAMS 0x00000000e9f00000, 0x00000000e9f00000| Untracked 
| 160|0x00000000ea000000, 0x00000000ea000000, 0x00000000ea100000|  0%| F|  |TAMS 0x00000000ea000000, 0x00000000ea000000| Untracked 
| 161|0x00000000ea100000, 0x00000000ea100000, 0x00000000ea200000|  0%| F|  |TAMS 0x00000000ea100000, 0x00000000ea100000| Untracked 
| 162|0x00000000ea200000, 0x00000000ea200000, 0x00000000ea300000|  0%| F|  |TAMS 0x00000000ea200000, 0x00000000ea200000| Untracked 
| 163|0x00000000ea300000, 0x00000000ea300000, 0x00000000ea400000|  0%| F|  |TAMS 0x00000000ea300000, 0x00000000ea300000| Untracked 
| 164|0x00000000ea400000, 0x00000000ea400000, 0x00000000ea500000|  0%| F|  |TAMS 0x00000000ea400000, 0x00000000ea400000| Untracked 
| 165|0x00000000ea500000, 0x00000000ea500000, 0x00000000ea600000|  0%| F|  |TAMS 0x00000000ea500000, 0x00000000ea500000| Untracked 
| 166|0x00000000ea600000, 0x00000000ea600000, 0x00000000ea700000|  0%| F|  |TAMS 0x00000000ea600000, 0x00000000ea600000| Untracked 
| 167|0x00000000ea700000, 0x00000000ea700000, 0x00000000ea800000|  0%| F|  |TAMS 0x00000000ea700000, 0x00000000ea700000| Untracked 
| 168|0x00000000ea800000, 0x00000000ea800000, 0x00000000ea900000|  0%| F|  |TAMS 0x00000000ea800000, 0x00000000ea800000| Untracked 
| 169|0x00000000ea900000, 0x00000000ea900000, 0x00000000eaa00000|  0%| F|  |TAMS 0x00000000ea900000, 0x00000000ea900000| Untracked 
| 170|0x00000000eaa00000, 0x00000000eaa00000, 0x00000000eab00000|  0%| F|  |TAMS 0x00000000eaa00000, 0x00000000eaa00000| Untracked 
| 171|0x00000000eab00000, 0x00000000eab00000, 0x00000000eac00000|  0%| F|  |TAMS 0x00000000eab00000, 0x00000000eab00000| Untracked 
| 172|0x00000000eac00000, 0x00000000eac00000, 0x00000000ead00000|  0%| F|  |TAMS 0x00000000eac00000, 0x00000000eac00000| Untracked 
| 173|0x00000000ead00000, 0x00000000ead00000, 0x00000000eae00000|  0%| F|  |TAMS 0x00000000ead00000, 0x00000000ead00000| Untracked 
| 174|0x00000000eae00000, 0x00000000eae00000, 0x00000000eaf00000|  0%| F|  |TAMS 0x00000000eae00000, 0x00000000eae00000| Untracked 
| 175|0x00000000eaf00000, 0x00000000eaf00000, 0x00000000eb000000|  0%| F|  |TAMS 0x00000000eaf00000, 0x00000000eaf00000| Untracked 
| 176|0x00000000eb000000, 0x00000000eb000000, 0x00000000eb100000|  0%| F|  |TAMS 0x00000000eb000000, 0x00000000eb000000| Untracked 
| 177|0x00000000eb100000, 0x00000000eb100000, 0x00000000eb200000|  0%| F|  |TAMS 0x00000000eb100000, 0x00000000eb100000| Untracked 
| 178|0x00000000eb200000, 0x00000000eb200000, 0x00000000eb300000|  0%| F|  |TAMS 0x00000000eb200000, 0x00000000eb200000| Untracked 
| 179|0x00000000eb300000, 0x00000000eb300000, 0x00000000eb400000|  0%| F|  |TAMS 0x00000000eb300000, 0x00000000eb300000| Untracked 
| 180|0x00000000eb400000, 0x00000000eb400000, 0x00000000eb500000|  0%| F|  |TAMS 0x00000000eb400000, 0x00000000eb400000| Untracked 
| 181|0x00000000eb500000, 0x00000000eb500000, 0x00000000eb600000|  0%| F|  |TAMS 0x00000000eb500000, 0x00000000eb500000| Untracked 
| 182|0x00000000eb600000, 0x00000000eb600000, 0x00000000eb700000|  0%| F|  |TAMS 0x00000000eb600000, 0x00000000eb600000| Untracked 
| 183|0x00000000eb700000, 0x00000000eb700000, 0x00000000eb800000|  0%| F|  |TAMS 0x00000000eb700000, 0x00000000eb700000| Untracked 
| 184|0x00000000eb800000, 0x00000000eb800000, 0x00000000eb900000|  0%| F|  |TAMS 0x00000000eb800000, 0x00000000eb800000| Untracked 
| 185|0x00000000eb900000, 0x00000000eb900000, 0x00000000eba00000|  0%| F|  |TAMS 0x00000000eb900000, 0x00000000eb900000| Untracked 
| 186|0x00000000eba00000, 0x00000000eba00000, 0x00000000ebb00000|  0%| F|  |TAMS 0x00000000eba00000, 0x00000000eba00000| Untracked 
| 187|0x00000000ebb00000, 0x00000000ebb00000, 0x00000000ebc00000|  0%| F|  |TAMS 0x00000000ebb00000, 0x00000000ebb00000| Untracked 
| 188|0x00000000ebc00000, 0x00000000ebc00000, 0x00000000ebd00000|  0%| F|  |TAMS 0x00000000ebc00000, 0x00000000ebc00000| Untracked 
| 189|0x00000000ebd00000, 0x00000000ebd00000, 0x00000000ebe00000|  0%| F|  |TAMS 0x00000000ebd00000, 0x00000000ebd00000| Untracked 
| 190|0x00000000ebe00000, 0x00000000ebe00000, 0x00000000ebf00000|  0%| F|  |TAMS 0x00000000ebe00000, 0x00000000ebe00000| Untracked 
| 191|0x00000000ebf00000, 0x00000000ebf00000, 0x00000000ec000000|  0%| F|  |TAMS 0x00000000ebf00000, 0x00000000ebf00000| Untracked 
| 192|0x00000000ec000000, 0x00000000ec000000, 0x00000000ec100000|  0%| F|  |TAMS 0x00000000ec000000, 0x00000000ec000000| Untracked 
| 193|0x00000000ec100000, 0x00000000ec100000, 0x00000000ec200000|  0%| F|  |TAMS 0x00000000ec100000, 0x00000000ec100000| Untracked 
| 194|0x00000000ec200000, 0x00000000ec200000, 0x00000000ec300000|  0%| F|  |TAMS 0x00000000ec200000, 0x00000000ec200000| Untracked 
| 195|0x00000000ec300000, 0x00000000ec300000, 0x00000000ec400000|  0%| F|  |TAMS 0x00000000ec300000, 0x00000000ec300000| Untracked 
| 196|0x00000000ec400000, 0x00000000ec400000, 0x00000000ec500000|  0%| F|  |TAMS 0x00000000ec400000, 0x00000000ec400000| Untracked 
| 197|0x00000000ec500000, 0x00000000ec500000, 0x00000000ec600000|  0%| F|  |TAMS 0x00000000ec500000, 0x00000000ec500000| Untracked 
| 198|0x00000000ec600000, 0x00000000ec600000, 0x00000000ec700000|  0%| F|  |TAMS 0x00000000ec600000, 0x00000000ec600000| Untracked 
| 199|0x00000000ec700000, 0x00000000ec700000, 0x00000000ec800000|  0%| F|  |TAMS 0x00000000ec700000, 0x00000000ec700000| Untracked 
| 200|0x00000000ec800000, 0x00000000ec800000, 0x00000000ec900000|  0%| F|  |TAMS 0x00000000ec800000, 0x00000000ec800000| Untracked 
| 201|0x00000000ec900000, 0x00000000ec900000, 0x00000000eca00000|  0%| F|  |TAMS 0x00000000ec900000, 0x00000000ec900000| Untracked 
| 202|0x00000000eca00000, 0x00000000eca00000, 0x00000000ecb00000|  0%| F|  |TAMS 0x00000000eca00000, 0x00000000eca00000| Untracked 
| 203|0x00000000ecb00000, 0x00000000ecb00000, 0x00000000ecc00000|  0%| F|  |TAMS 0x00000000ecb00000, 0x00000000ecb00000| Untracked 
| 204|0x00000000ecc00000, 0x00000000ecc00000, 0x00000000ecd00000|  0%| F|  |TAMS 0x00000000ecc00000, 0x00000000ecc00000| Untracked 
| 205|0x00000000ecd00000, 0x00000000ecd00000, 0x00000000ece00000|  0%| F|  |TAMS 0x00000000ecd00000, 0x00000000ecd00000| Untracked 
| 206|0x00000000ece00000, 0x00000000ece00000, 0x00000000ecf00000|  0%| F|  |TAMS 0x00000000ece00000, 0x00000000ece00000| Untracked 
| 207|0x00000000ecf00000, 0x00000000ecf00000, 0x00000000ed000000|  0%| F|  |TAMS 0x00000000ecf00000, 0x00000000ecf00000| Untracked 
| 208|0x00000000ed000000, 0x00000000ed000000, 0x00000000ed100000|  0%| F|  |TAMS 0x00000000ed000000, 0x00000000ed000000| Untracked 
| 209|0x00000000ed100000, 0x00000000ed100000, 0x00000000ed200000|  0%| F|  |TAMS 0x00000000ed100000, 0x00000000ed100000| Untracked 
| 210|0x00000000ed200000, 0x00000000ed200000, 0x00000000ed300000|  0%| F|  |TAMS 0x00000000ed200000, 0x00000000ed200000| Untracked 
| 211|0x00000000ed300000, 0x00000000ed300000, 0x00000000ed400000|  0%| F|  |TAMS 0x00000000ed300000, 0x00000000ed300000| Untracked 
| 212|0x00000000ed400000, 0x00000000ed400000, 0x00000000ed500000|  0%| F|  |TAMS 0x00000000ed400000, 0x00000000ed400000| Untracked 
| 213|0x00000000ed500000, 0x00000000ed500000, 0x00000000ed600000|  0%| F|  |TAMS 0x00000000ed500000, 0x00000000ed500000| Untracked 
| 214|0x00000000ed600000, 0x00000000ed600000, 0x00000000ed700000|  0%| F|  |TAMS 0x00000000ed600000, 0x00000000ed600000| Untracked 
| 215|0x00000000ed700000, 0x00000000ed700000, 0x00000000ed800000|  0%| F|  |TAMS 0x00000000ed700000, 0x00000000ed700000| Untracked 
| 216|0x00000000ed800000, 0x00000000ed800000, 0x00000000ed900000|  0%| F|  |TAMS 0x00000000ed800000, 0x00000000ed800000| Untracked 
| 217|0x00000000ed900000, 0x00000000ed900000, 0x00000000eda00000|  0%| F|  |TAMS 0x00000000ed900000, 0x00000000ed900000| Untracked 
| 218|0x00000000eda00000, 0x00000000eda00000, 0x00000000edb00000|  0%| F|  |TAMS 0x00000000eda00000, 0x00000000eda00000| Untracked 
| 219|0x00000000edb00000, 0x00000000edb00000, 0x00000000edc00000|  0%| F|  |TAMS 0x00000000edb00000, 0x00000000edb00000| Untracked 
| 220|0x00000000edc00000, 0x00000000edc00000, 0x00000000edd00000|  0%| F|  |TAMS 0x00000000edc00000, 0x00000000edc00000| Untracked 
| 221|0x00000000edd00000, 0x00000000edd00000, 0x00000000ede00000|  0%| F|  |TAMS 0x00000000edd00000, 0x00000000edd00000| Untracked 
| 222|0x00000000ede00000, 0x00000000ede00000, 0x00000000edf00000|  0%| F|  |TAMS 0x00000000ede00000, 0x00000000ede00000| Untracked 
| 223|0x00000000edf00000, 0x00000000edf00000, 0x00000000ee000000|  0%| F|  |TAMS 0x00000000edf00000, 0x00000000edf00000| Untracked 
| 224|0x00000000ee000000, 0x00000000ee000000, 0x00000000ee100000|  0%| F|  |TAMS 0x00000000ee000000, 0x00000000ee000000| Untracked 
| 225|0x00000000ee100000, 0x00000000ee100000, 0x00000000ee200000|  0%| F|  |TAMS 0x00000000ee100000, 0x00000000ee100000| Untracked 
| 226|0x00000000ee200000, 0x00000000ee200000, 0x00000000ee300000|  0%| F|  |TAMS 0x00000000ee200000, 0x00000000ee200000| Untracked 
| 227|0x00000000ee300000, 0x00000000ee300000, 0x00000000ee400000|  0%| F|  |TAMS 0x00000000ee300000, 0x00000000ee300000| Untracked 
| 228|0x00000000ee400000, 0x00000000ee400000, 0x00000000ee500000|  0%| F|  |TAMS 0x00000000ee400000, 0x00000000ee400000| Untracked 
| 229|0x00000000ee500000, 0x00000000ee500000, 0x00000000ee600000|  0%| F|  |TAMS 0x00000000ee500000, 0x00000000ee500000| Untracked 
| 230|0x00000000ee600000, 0x00000000ee600000, 0x00000000ee700000|  0%| F|  |TAMS 0x00000000ee600000, 0x00000000ee600000| Untracked 
| 231|0x00000000ee700000, 0x00000000ee700000, 0x00000000ee800000|  0%| F|  |TAMS 0x00000000ee700000, 0x00000000ee700000| Untracked 
| 232|0x00000000ee800000, 0x00000000ee800000, 0x00000000ee900000|  0%| F|  |TAMS 0x00000000ee800000, 0x00000000ee800000| Untracked 
| 233|0x00000000ee900000, 0x00000000ee900000, 0x00000000eea00000|  0%| F|  |TAMS 0x00000000ee900000, 0x00000000ee900000| Untracked 
| 234|0x00000000eea00000, 0x00000000eea00000, 0x00000000eeb00000|  0%| F|  |TAMS 0x00000000eea00000, 0x00000000eea00000| Untracked 
| 235|0x00000000eeb00000, 0x00000000eeb00000, 0x00000000eec00000|  0%| F|  |TAMS 0x00000000eeb00000, 0x00000000eeb00000| Untracked 
| 236|0x00000000eec00000, 0x00000000eec00000, 0x00000000eed00000|  0%| F|  |TAMS 0x00000000eec00000, 0x00000000eec00000| Untracked 
| 237|0x00000000eed00000, 0x00000000eed00000, 0x00000000eee00000|  0%| F|  |TAMS 0x00000000eed00000, 0x00000000eed00000| Untracked 
| 238|0x00000000eee00000, 0x00000000eee00000, 0x00000000eef00000|  0%| F|  |TAMS 0x00000000eee00000, 0x00000000eee00000| Untracked 
| 239|0x00000000eef00000, 0x00000000eef00000, 0x00000000ef000000|  0%| F|  |TAMS 0x00000000eef00000, 0x00000000eef00000| Untracked 
| 240|0x00000000ef000000, 0x00000000ef0f7d20, 0x00000000ef100000| 96%| E|  |TAMS 0x00000000ef000000, 0x00000000ef000000| Complete 
| 241|0x00000000ef100000, 0x00000000ef200000, 0x00000000ef200000|100%| E|CS|TAMS 0x00000000ef100000, 0x00000000ef100000| Complete 
| 242|0x00000000ef200000, 0x00000000ef300000, 0x00000000ef300000|100%| E|CS|TAMS 0x00000000ef200000, 0x00000000ef200000| Complete 
| 243|0x00000000ef300000, 0x00000000ef400000, 0x00000000ef400000|100%| E|CS|TAMS 0x00000000ef300000, 0x00000000ef300000| Complete 
| 244|0x00000000ef400000, 0x00000000ef500000, 0x00000000ef500000|100%| E|CS|TAMS 0x00000000ef400000, 0x00000000ef400000| Complete 
| 245|0x00000000ef500000, 0x00000000ef600000, 0x00000000ef600000|100%| E|CS|TAMS 0x00000000ef500000, 0x00000000ef500000| Complete 
| 246|0x00000000ef600000, 0x00000000ef700000, 0x00000000ef700000|100%| E|CS|TAMS 0x00000000ef600000, 0x00000000ef600000| Complete 
| 247|0x00000000ef700000, 0x00000000ef800000, 0x00000000ef800000|100%| E|CS|TAMS 0x00000000ef700000, 0x00000000ef700000| Complete 
| 248|0x00000000ef800000, 0x00000000ef900000, 0x00000000ef900000|100%| E|CS|TAMS 0x00000000ef800000, 0x00000000ef800000| Complete 
| 249|0x00000000ef900000, 0x00000000efa00000, 0x00000000efa00000|100%| E|CS|TAMS 0x00000000ef900000, 0x00000000ef900000| Complete 
| 250|0x00000000efa00000, 0x00000000efb00000, 0x00000000efb00000|100%| E|CS|TAMS 0x00000000efa00000, 0x00000000efa00000| Complete 
| 251|0x00000000efb00000, 0x00000000efc00000, 0x00000000efc00000|100%| E|CS|TAMS 0x00000000efb00000, 0x00000000efb00000| Complete 
| 252|0x00000000efc00000, 0x00000000efc52130, 0x00000000efd00000| 32%| S|CS|TAMS 0x00000000efc00000, 0x00000000efc00000| Complete 
| 253|0x00000000efd00000, 0x00000000efe00000, 0x00000000efe00000|100%| S|CS|TAMS 0x00000000efd00000, 0x00000000efd00000| Complete 
| 254|0x00000000efe00000, 0x00000000eff00000, 0x00000000eff00000|100%| E|CS|TAMS 0x00000000efe00000, 0x00000000efe00000| Complete 
| 255|0x00000000eff00000, 0x00000000f0000000, 0x00000000f0000000|100%| E|CS|TAMS 0x00000000eff00000, 0x00000000eff00000| Complete 

Card table byte_map: [0x0000012232570000,0x0000012232670000] _byte_map_base: 0x0000012231e70000

Marking Bits (Prev, Next): (CMBitMap*) 0x0000012219b4d470, (CMBitMap*) 0x0000012219b4d4b0
 Prev Bits: [0x0000012232770000, 0x0000012232f70000)
 Next Bits: [0x0000012232f70000, 0x0000012233770000)

Polling page: 0x0000012219be0000

Metaspace:

Usage:
  Non-class:     42.09 MB used.
      Class:      7.00 MB used.
       Both:     49.09 MB used.

Virtual space:
  Non-class space:       64.00 MB reserved,      42.31 MB ( 66%) committed,  1 nodes.
      Class space:      320.00 MB reserved,       7.25 MB (  2%) committed,  1 nodes.
             Both:      384.00 MB reserved,      49.56 MB ( 13%) committed. 

Chunk freelists:
   Non-Class:  5.31 MB
       Class:  8.62 MB
        Both:  13.94 MB

MaxMetaspaceSize: 384.00 MB
CompressedClassSpaceSize: 320.00 MB
Initial GC threshold: 21.00 MB
Current GC threshold: 59.62 MB
CDS: on
MetaspaceReclaimPolicy: balanced
 - commit_granule_bytes: 65536.
 - commit_granule_words: 8192.
 - virtual_space_node_default_size: 8388608.
 - enlarge_chunks_in_place: 1.
 - new_chunks_are_fully_committed: 0.
 - uncommit_free_chunks: 1.
 - use_allocation_guard: 0.
 - handle_deallocations: 1.


Internal statistics:

num_allocs_failed_limit: 9.
num_arena_births: 588.
num_arena_deaths: 0.
num_vsnodes_births: 2.
num_vsnodes_deaths: 0.
num_space_committed: 793.
num_space_uncommitted: 0.
num_chunks_returned_to_freelist: 9.
num_chunks_taken_from_freelist: 2656.
num_chunk_merges: 9.
num_chunk_splits: 1721.
num_chunks_enlarged: 1130.
num_inconsistent_stats: 0.

CodeHeap 'non-profiled nmethods': size=120000Kb used=3226Kb max_used=3226Kb free=116773Kb
 bounds [0x000001222a920000, 0x000001222ac50000, 0x0000012231e50000]
CodeHeap 'profiled nmethods': size=120000Kb used=11463Kb max_used=11463Kb free=108536Kb
 bounds [0x0000012222e50000, 0x0000012223990000, 0x000001222a380000]
CodeHeap 'non-nmethods': size=5760Kb used=2320Kb max_used=2375Kb free=3439Kb
 bounds [0x000001222a380000, 0x000001222a5f0000, 0x000001222a920000]
 total_blobs=6577 nmethods=5738 adapters=749
 compilation: enabled
              stopped_count=0, restarted_count=0
 full_count=0

Compilation events (20 events):
Event: 55.272 Thread 0x0000012235d511a0 nmethod 6448 0x000001222ac44310 code [0x000001222ac44500, 0x000001222ac44d90]
Event: 55.272 Thread 0x0000012235d511a0 6487       4       jdk.internal.org.objectweb.asm.ByteVector::enlarge (51 bytes)
Event: 55.276 Thread 0x0000012235d511a0 nmethod 6487 0x000001222ac45310 code [0x000001222ac454a0, 0x000001222ac45878]
Event: 55.276 Thread 0x0000012235d511a0 6496       4       jdk.internal.misc.Unsafe::getReferenceAcquire (7 bytes)
Event: 55.277 Thread 0x0000012235d511a0 nmethod 6496 0x000001222ac45990 code [0x000001222ac45b00, 0x000001222ac45bf8]
Event: 56.372 Thread 0x0000012235d51c50 6513       3       java.io.FileInputStream::read (8 bytes)
Event: 56.372 Thread 0x0000012235d51c50 nmethod 6513 0x000001222397da10 code [0x000001222397dba0, 0x000001222397dce8]
Event: 56.518 Thread 0x0000012235d511a0 6514       4       java.util.zip.ZipUtils::get16 (21 bytes)
Event: 56.526 Thread 0x0000012235d511a0 nmethod 6514 0x000001222ac45c90 code [0x000001222ac45e00, 0x000001222ac45eb8]
Event: 56.555 Thread 0x0000012235d51c50 6515       3       java.lang.ThreadLocal::get (38 bytes)
Event: 56.556 Thread 0x0000012235d51c50 nmethod 6515 0x000001222397dd90 code [0x000001222397df60, 0x000001222397e298]
Event: 56.652 Thread 0x0000012235d51c50 6516       3       org.objectweb.asm.MethodWriter::visitCode (1 bytes)
Event: 56.653 Thread 0x0000012235d51c50 nmethod 6516 0x000001222397e410 code [0x000001222397e5a0, 0x000001222397e6b8]
Event: 56.703 Thread 0x0000012235d51c50 6517       3       org.gradle.internal.dispatch.ProxyDispatchAdapter$DispatchingInvocationHandler::invoke (184 bytes)
Event: 56.707 Thread 0x0000012235d51c50 nmethod 6517 0x000001222397e790 code [0x000001222397ec60, 0x0000012223981208]
Event: 57.242 Thread 0x0000012235d51c50 6518       1       org.gradle.internal.concurrent.AbstractManagedExecutor::access$100 (5 bytes)
Event: 57.243 Thread 0x0000012235d51c50 nmethod 6518 0x000001222ac45f90 code [0x000001222ac46120, 0x000001222ac461d8]
Event: 57.687 Thread 0x0000012235d511a0 6519       4       java.io.BufferedInputStream::read1 (108 bytes)
Event: 57.689 Thread 0x0000012235d511a0 nmethod 6519 0x000001222ac46290 code [0x000001222ac46440, 0x000001222ac466e8]
Event: 57.690 Thread 0x0000012235d511a0 6520  s    4       java.io.BufferedInputStream::read (113 bytes)

GC Heap History (18 events):
Event: 1.447 GC heap before
{Heap before GC invocations=0 (full 0):
 garbage-first heap   total 262144K, used 13312K [0x00000000e0000000, 0x0000000100000000)
  region size 1024K, 13 young (13312K), 0 survivors (0K)
 Metaspace       used 795K, committed 896K, reserved 393216K
  class space    used 61K, committed 128K, reserved 327680K
}
Event: 1.457 GC heap after
{Heap after GC invocations=1 (full 0):
 garbage-first heap   total 262144K, used 1688K [0x00000000e0000000, 0x0000000100000000)
  region size 1024K, 2 young (2048K), 2 survivors (2048K)
 Metaspace       used 795K, committed 896K, reserved 393216K
  class space    used 61K, committed 128K, reserved 327680K
}
Event: 2.938 GC heap before
{Heap before GC invocations=1 (full 0):
 garbage-first heap   total 262144K, used 22168K [0x00000000e0000000, 0x0000000100000000)
  region size 1024K, 19 young (19456K), 2 survivors (2048K)
 Metaspace       used 3262K, committed 3392K, reserved 393216K
  class space    used 411K, committed 512K, reserved 327680K
}
Event: 2.946 GC heap after
{Heap after GC invocations=2 (full 0):
 garbage-first heap   total 262144K, used 11382K [0x00000000e0000000, 0x0000000100000000)
  region size 1024K, 3 young (3072K), 3 survivors (3072K)
 Metaspace       used 3262K, committed 3392K, reserved 393216K
  class space    used 411K, committed 512K, reserved 327680K
}
Event: 4.933 GC heap before
{Heap before GC invocations=2 (full 0):
 garbage-first heap   total 262144K, used 42102K [0x00000000e0000000, 0x0000000100000000)
  region size 1024K, 33 young (33792K), 3 survivors (3072K)
 Metaspace       used 4074K, committed 4352K, reserved 393216K
  class space    used 503K, committed 640K, reserved 327680K
}
Event: 4.938 GC heap after
{Heap after GC invocations=3 (full 0):
 garbage-first heap   total 262144K, used 12454K [0x00000000e0000000, 0x0000000100000000)
  region size 1024K, 1 young (1024K), 1 survivors (1024K)
 Metaspace       used 4074K, committed 4352K, reserved 393216K
  class space    used 503K, committed 640K, reserved 327680K
}
Event: 18.910 GC heap before
{Heap before GC invocations=3 (full 0):
 garbage-first heap   total 262144K, used 132262K [0x00000000e0000000, 0x0000000100000000)
  region size 1024K, 117 young (119808K), 1 survivors (1024K)
 Metaspace       used 21230K, committed 21504K, reserved 393216K
  class space    used 3121K, committed 3264K, reserved 327680K
}
Event: 18.928 GC heap after
{Heap after GC invocations=4 (full 0):
 garbage-first heap   total 262144K, used 23987K [0x00000000e0000000, 0x0000000100000000)
  region size 1024K, 12 young (12288K), 12 survivors (12288K)
 Metaspace       used 21230K, committed 21504K, reserved 393216K
  class space    used 3121K, committed 3264K, reserved 327680K
}
Event: 35.931 GC heap before
{Heap before GC invocations=5 (full 0):
 garbage-first heap   total 262144K, used 147891K [0x00000000e0000000, 0x0000000100000000)
  region size 1024K, 130 young (133120K), 12 survivors (12288K)
 Metaspace       used 35857K, committed 36160K, reserved 393216K
  class space    used 4984K, committed 5120K, reserved 327680K
}
Event: 35.956 GC heap after
{Heap after GC invocations=6 (full 0):
 garbage-first heap   total 262144K, used 33265K [0x00000000e0000000, 0x0000000100000000)
  region size 1024K, 10 young (10240K), 10 survivors (10240K)
 Metaspace       used 35857K, committed 36160K, reserved 393216K
  class space    used 4984K, committed 5120K, reserved 327680K
}
Event: 36.226 GC heap before
{Heap before GC invocations=6 (full 0):
 garbage-first heap   total 262144K, used 34289K [0x00000000e0000000, 0x0000000100000000)
  region size 1024K, 12 young (12288K), 10 survivors (10240K)
 Metaspace       used 36088K, committed 36416K, reserved 393216K
  class space    used 5031K, committed 5184K, reserved 327680K
}
Event: 36.237 GC heap after
{Heap after GC invocations=7 (full 0):
 garbage-first heap   total 262144K, used 33475K [0x00000000e0000000, 0x0000000100000000)
  region size 1024K, 2 young (2048K), 2 survivors (2048K)
 Metaspace       used 36088K, committed 36416K, reserved 393216K
  class space    used 5031K, committed 5184K, reserved 327680K
}
Event: 36.638 GC heap before
{Heap before GC invocations=7 (full 0):
 garbage-first heap   total 262144K, used 34499K [0x00000000e0000000, 0x0000000100000000)
  region size 1024K, 4 young (4096K), 2 survivors (2048K)
 Metaspace       used 36208K, committed 36480K, reserved 393216K
  class space    used 5055K, committed 5184K, reserved 327680K
}
Event: 36.642 GC heap after
{Heap after GC invocations=8 (full 0):
 garbage-first heap   total 262144K, used 32469K [0x00000000e0000000, 0x0000000100000000)
  region size 1024K, 1 young (1024K), 1 survivors (1024K)
 Metaspace       used 36208K, committed 36480K, reserved 393216K
  class space    used 5055K, committed 5184K, reserved 327680K
}
Event: 54.281 GC heap before
{Heap before GC invocations=9 (full 0):
 garbage-first heap   total 262144K, used 190165K [0x00000000e0000000, 0x0000000100000000)
  region size 1024K, 153 young (156672K), 1 survivors (1024K)
 Metaspace       used 48816K, committed 49344K, reserved 393216K
  class space    used 6921K, committed 7168K, reserved 327680K
}
Event: 54.298 GC heap after
{Heap after GC invocations=10 (full 0):
 garbage-first heap   total 262144K, used 42000K [0x00000000e0000000, 0x0000000100000000)
  region size 1024K, 10 young (10240K), 10 survivors (10240K)
 Metaspace       used 48816K, committed 49344K, reserved 393216K
  class space    used 6921K, committed 7168K, reserved 327680K
}
Event: 54.416 GC heap before
{Heap before GC invocations=10 (full 0):
 garbage-first heap   total 262144K, used 44048K [0x00000000e0000000, 0x0000000100000000)
  region size 1024K, 12 young (12288K), 10 survivors (10240K)
 Metaspace       used 48979K, committed 49472K, reserved 393216K
  class space    used 6956K, committed 7168K, reserved 327680K
}
Event: 54.432 GC heap after
{Heap after GC invocations=11 (full 0):
 garbage-first heap   total 262144K, used 42714K [0x00000000e0000000, 0x0000000100000000)
  region size 1024K, 2 young (2048K), 2 survivors (2048K)
 Metaspace       used 48979K, committed 49472K, reserved 393216K
  class space    used 6956K, committed 7168K, reserved 327680K
}

Dll operation events (15 events):
Event: 0.022 Loaded shared library C:\Users\Giang\.jdks\corretto-17.0.10\bin\java.dll
Event: 0.069 Loaded shared library C:\Users\Giang\.jdks\corretto-17.0.10\bin\jsvml.dll
Event: 0.223 Loaded shared library C:\Users\Giang\.jdks\corretto-17.0.10\bin\zip.dll
Event: 0.230 Loaded shared library C:\Users\Giang\.jdks\corretto-17.0.10\bin\instrument.dll
Event: 0.237 Loaded shared library C:\Users\Giang\.jdks\corretto-17.0.10\bin\net.dll
Event: 0.239 Loaded shared library C:\Users\Giang\.jdks\corretto-17.0.10\bin\nio.dll
Event: 0.245 Loaded shared library C:\Users\Giang\.jdks\corretto-17.0.10\bin\zip.dll
Event: 1.461 Loaded shared library C:\Users\Giang\.jdks\corretto-17.0.10\bin\jimage.dll
Event: 1.751 Loaded shared library C:\Users\Giang\.jdks\corretto-17.0.10\bin\verify.dll
Event: 2.327 Loaded shared library C:\Users\Giang\.gradle\native\c067742578af261105cb4f569cf0c3c89f3d7b1fecec35dd04571415982c5e48\windows-amd64\native-platform.dll
Event: 2.434 Loaded shared library C:\Users\Giang\.gradle\native\100fb08df4bc3b14c8652ba06237920a3bd2aa13389f12d3474272988ae205f9\windows-amd64\native-platform-file-events.dll
Event: 6.149 Loaded shared library C:\Users\Giang\.jdks\corretto-17.0.10\bin\management.dll
Event: 6.152 Loaded shared library C:\Users\Giang\.jdks\corretto-17.0.10\bin\management_ext.dll
Event: 7.073 Loaded shared library C:\Users\Giang\.jdks\corretto-17.0.10\bin\extnet.dll
Event: 7.699 Loaded shared library C:\Users\Giang\.jdks\corretto-17.0.10\bin\sunmscapi.dll

Deoptimization events (20 events):
Event: 56.371 Thread 0x0000012250be6e60 Uncommon trap: trap_request=0xffffffde fr.pc=0x000001222aae2398 relative=0x0000000000000818
Event: 56.371 Thread 0x0000012250be6e60 Uncommon trap: reason=class_check action=maybe_recompile pc=0x000001222aae2398 method=java.io.BufferedInputStream.read1([BII)I @ 39 c2
Event: 56.371 Thread 0x0000012250be6e60 DEOPT PACKING pc=0x000001222aae2398 sp=0x0000000c742ff100
Event: 56.371 Thread 0x0000012250be6e60 DEOPT UNPACKING pc=0x000001222a3d69a3 sp=0x0000000c742ff018 mode 2
Event: 56.372 Thread 0x0000012250be6e60 Uncommon trap: trap_request=0xffffffde fr.pc=0x000001222aae2398 relative=0x0000000000000818
Event: 56.372 Thread 0x0000012250be6e60 Uncommon trap: reason=class_check action=maybe_recompile pc=0x000001222aae2398 method=java.io.BufferedInputStream.read1([BII)I @ 39 c2
Event: 56.372 Thread 0x0000012250be6e60 DEOPT PACKING pc=0x000001222aae2398 sp=0x0000000c742ff100
Event: 56.372 Thread 0x0000012250be6e60 DEOPT UNPACKING pc=0x000001222a3d69a3 sp=0x0000000c742ff018 mode 2
Event: 56.372 Thread 0x0000012250be6e60 Uncommon trap: trap_request=0xffffffde fr.pc=0x000001222aae2398 relative=0x0000000000000818
Event: 56.372 Thread 0x0000012250be6e60 Uncommon trap: reason=class_check action=maybe_recompile pc=0x000001222aae2398 method=java.io.BufferedInputStream.read1([BII)I @ 39 c2
Event: 56.372 Thread 0x0000012250be6e60 DEOPT PACKING pc=0x000001222aae2398 sp=0x0000000c742ff100
Event: 56.372 Thread 0x0000012250be6e60 DEOPT UNPACKING pc=0x000001222a3d69a3 sp=0x0000000c742ff018 mode 2
Event: 56.373 Thread 0x0000012250be6e60 Uncommon trap: trap_request=0xffffffde fr.pc=0x000001222aadf368 relative=0x00000000000001a8
Event: 56.373 Thread 0x0000012250be6e60 Uncommon trap: reason=class_check action=maybe_recompile pc=0x000001222aadf368 method=java.io.BufferedInputStream.read1([BII)I @ 39 c2
Event: 56.373 Thread 0x0000012250be6e60 DEOPT PACKING pc=0x000001222aadf368 sp=0x0000000c742ff060
Event: 56.373 Thread 0x0000012250be6e60 DEOPT UNPACKING pc=0x000001222a3d69a3 sp=0x0000000c742ff008 mode 2
Event: 56.504 Thread 0x0000012250be82a0 Uncommon trap: trap_request=0xffffff45 fr.pc=0x000001222ac13ec8 relative=0x0000000000005bc8
Event: 56.504 Thread 0x0000012250be82a0 Uncommon trap: reason=unstable_if action=reinterpret pc=0x000001222ac13ec8 method=java.lang.String.split(Ljava/lang/String;I)[Ljava/lang/String; @ 42 c2
Event: 56.504 Thread 0x0000012250be82a0 DEOPT PACKING pc=0x000001222ac13ec8 sp=0x0000000c73ffe440
Event: 56.504 Thread 0x0000012250be82a0 DEOPT UNPACKING pc=0x000001222a3d69a3 sp=0x0000000c73ffe458 mode 2

Classes unloaded (0 events):
No events

Classes redefined (0 events):
No events

Internal exceptions (20 events):
Event: 54.001 Thread 0x000001224f0824c0 Exception <a 'java/lang/ClassNotFoundException'{0x00000000e6b72f88}: org/gradle/api/internal/artifacts/dsl/dependencies/DefaultDependencyHandler_DecoratedBeanInfo> (0x00000000e6b72f88) 
thrown [s\src\hotspot\share\classfile\systemDictionary.cpp, line 256]
Event: 54.005 Thread 0x000001224f0824c0 Exception <a 'java/lang/ClassNotFoundException'{0x00000000e6b8a960}: org/gradle/api/internal/artifacts/dsl/dependencies/DefaultDependencyHandlerBeanInfo> (0x00000000e6b8a960) 
thrown [s\src\hotspot\share\classfile\systemDictionary.cpp, line 256]
Event: 54.006 Thread 0x000001224f0824c0 Exception <a 'java/lang/ClassNotFoundException'{0x00000000e6ba2030}: org/gradle/api/internal/artifacts/dsl/dependencies/DefaultDependencyHandlerCustomizer> (0x00000000e6ba2030) 
thrown [s\src\hotspot\share\classfile\systemDictionary.cpp, line 256]
Event: 54.010 Thread 0x000001224f0824c0 Exception <a 'java/lang/ClassNotFoundException'{0x00000000e6be1de8}: org/gradle/api/internal/artifacts/dsl/dependencies/DefaultDependencyHandler_DecoratedCustomizer> (0x00000000e6be1de8) 
thrown [s\src\hotspot\share\classfile\systemDictionary.cpp, line 256]
Event: 54.250 Thread 0x000001224f0824c0 Exception <a 'java/lang/ClassNotFoundException'{0x00000000e6790140}: org/gradle/api/internal/tasks/DefaultTaskContainer_DecoratedBeanInfo> (0x00000000e6790140) 
thrown [s\src\hotspot\share\classfile\systemDictionary.cpp, line 256]
Event: 54.252 Thread 0x000001224f0824c0 Exception <a 'java/lang/ClassNotFoundException'{0x00000000e67a20a8}: org/gradle/api/internal/tasks/DefaultTaskContainerBeanInfo> (0x00000000e67a20a8) 
thrown [s\src\hotspot\share\classfile\systemDictionary.cpp, line 256]
Event: 54.253 Thread 0x000001224f0824c0 Exception <a 'java/lang/ClassNotFoundException'{0x00000000e67b4030}: org/gradle/api/internal/tasks/DefaultTaskCollectionBeanInfo> (0x00000000e67b4030) 
thrown [s\src\hotspot\share\classfile\systemDictionary.cpp, line 256]
Event: 54.276 Thread 0x000001224f0824c0 Exception <a 'java/lang/ClassNotFoundException'{0x00000000e67c6238}: org/gradle/api/internal/tasks/DefaultTaskCollectionCustomizer> (0x00000000e67c6238) 
thrown [s\src\hotspot\share\classfile\systemDictionary.cpp, line 256]
Event: 54.322 Thread 0x000001224f0824c0 Exception <a 'java/lang/ClassNotFoundException'{0x00000000eff0c9e0}: org/gradle/api/internal/tasks/DefaultTaskContainerCustomizer> (0x00000000eff0c9e0) 
thrown [s\src\hotspot\share\classfile\systemDictionary.cpp, line 256]
Event: 54.332 Thread 0x000001224f0824c0 Exception <a 'java/lang/ClassNotFoundException'{0x00000000eff73720}: org/gradle/api/internal/tasks/DefaultTaskContainer_DecoratedCustomizer> (0x00000000eff73720) 
thrown [s\src\hotspot\share\classfile\systemDictionary.cpp, line 256]
Event: 54.709 Thread 0x000001224f0824c0 Exception <a 'java/lang/NoSuchMethodError'{0x00000000ef80c468}: 'int java.lang.invoke.DirectMethodHandle$Holder.invokeSpecialIFC(java.lang.Object, java.lang.Object, java.lang.Object, java.lang.Object, java.lang.Object)'> (0x00000000ef80c468) 
thrown [s\src\hotspot\share\interpreter\linkResolver.cpp, line 759]
Event: 54.994 Thread 0x000001224f0824c0 Exception <a 'java/lang/NoSuchMethodError'{0x00000000ef412d50}: 'java.lang.Object java.lang.invoke.DirectMethodHandle$Holder.newInvokeSpecial(java.lang.Object, java.lang.Object, java.lang.Object, java.lang.Object, java.lang.Object, java.lang.Object, int)'> (0x00000000ef412d50) 
thrown [s\src\hotspot\share\interpreter\linkResolver.cpp, line 759]
Event: 54.994 Thread 0x000001224f0824c0 Exception <a 'java/lang/NoSuchMethodError'{0x00000000ef418588}: 'java.lang.Object java.lang.invoke.DirectMethodHandle$Holder.invokeSpecial(java.lang.Object, java.lang.Object, java.lang.Object, java.lang.Object, java.lang.Object, java.lang.Object, java.lang.Object, int)'> (0x00000000ef418588) 
thrown [s\src\hotspot\share\interpreter\linkResolver.cpp, line 759]
Event: 54.994 Thread 0x000001224f0824c0 Exception <a 'java/lang/NoSuchMethodError'{0x00000000ef41d9a8}: 'java.lang.Object java.lang.invoke.Invokers$Holder.linkToTargetMethod(java.lang.Object, java.lang.Object, java.lang.Object, java.lang.Object, java.lang.Object, int, java.lang.Object)'> (0x00000000ef41d9a8) 
thrown [s\src\hotspot\share\interpreter\linkResolver.cpp, line 759]
Event: 55.047 Thread 0x000001224f0824c0 Implicit null exception at 0x000001222ab6fb4b to 0x000001222ab6fb70
Event: 55.049 Thread 0x0000012250bebf60 Implicit null exception at 0x000001222abe635d to 0x000001222abe64b0
Event: 55.120 Thread 0x0000012250be6950 Exception <a 'java/lang/NoSuchMethodError'{0x00000000ef2bb138}: 'void java.lang.invoke.DirectMethodHandle$Holder.invokeStatic(java.lang.Object, long)'> (0x00000000ef2bb138) 
thrown [s\src\hotspot\share\interpreter\linkResolver.cpp, line 759]
Event: 55.122 Thread 0x0000012250be6950 Exception <a 'java/lang/NoSuchMethodError'{0x00000000ef2c60b0}: 'java.lang.Object java.lang.invoke.DirectMethodHandle$Holder.invokeStatic(java.lang.Object, java.lang.Object, long, java.lang.Object)'> (0x00000000ef2c60b0) 
thrown [s\src\hotspot\share\interpreter\linkResolver.cpp, line 759]
Event: 55.123 Thread 0x0000012250be6950 Exception <a 'java/lang/NoSuchMethodError'{0x00000000ef2c9888}: 'java.lang.Object java.lang.invoke.DirectMethodHandle$Holder.invokeStaticInit(java.lang.Object, java.lang.Object, long, java.lang.Object)'> (0x00000000ef2c9888) 
thrown [s\src\hotspot\share\interpreter\linkResolver.cpp, line 759]
Event: 56.503 Thread 0x0000012250be6950 Exception <a 'java/lang/NoSuchMethodError'{0x00000000ef2dc540}: 'void java.lang.invoke.DirectMethodHandle$Holder.invokeSpecial(java.lang.Object, java.lang.Object, int)'> (0x00000000ef2dc540) 
thrown [s\src\hotspot\share\interpreter\linkResolver.cpp, line 759]

VM Operations (20 events):
Event: 48.519 Executing VM operation: Cleanup
Event: 48.783 Executing VM operation: Cleanup done
Event: 49.403 Executing VM operation: ICBufferFull
Event: 49.403 Executing VM operation: ICBufferFull done
Event: 50.406 Executing VM operation: Cleanup
Event: 50.407 Executing VM operation: Cleanup done
Event: 51.417 Executing VM operation: Cleanup
Event: 51.494 Executing VM operation: Cleanup done
Event: 52.505 Executing VM operation: Cleanup
Event: 52.505 Executing VM operation: Cleanup done
Event: 53.513 Executing VM operation: Cleanup
Event: 53.514 Executing VM operation: Cleanup done
Event: 54.281 Executing VM operation: G1CollectForAllocation
Event: 54.304 Executing VM operation: G1CollectForAllocation done
Event: 54.415 Executing VM operation: G1CollectForAllocation
Event: 54.432 Executing VM operation: G1CollectForAllocation done
Event: 56.432 Executing VM operation: Cleanup
Event: 56.432 Executing VM operation: Cleanup done
Event: 57.439 Executing VM operation: Cleanup
Event: 57.439 Executing VM operation: Cleanup done

Events (20 events):
Event: 55.005 loading class java/util/stream/ReferencePipeline$15
Event: 55.006 loading class java/util/stream/ReferencePipeline$15 done
Event: 55.015 Thread 0x0000012250bebf60 Thread added: 0x0000012250bebf60
Event: 55.015 loading class java/util/stream/ReferencePipeline$15$1
Event: 55.015 loading class java/util/stream/ReferencePipeline$15$1 done
Event: 55.044 Thread 0x0000012250be7d90 Thread added: 0x0000012250be7d90
Event: 55.048 Thread 0x0000012250be82a0 Thread added: 0x0000012250be82a0
Event: 55.094 Thread 0x0000012250be6950 Thread added: 0x0000012250be6950
Event: 55.108 loading class java/lang/ProcessImpl
Event: 55.109 loading class java/lang/ProcessImpl done
Event: 55.121 loading class java/lang/ProcessHandleImpl
Event: 55.121 loading class java/lang/ProcessHandleImpl done
Event: 55.123 loading class java/lang/ProcessImpl$2
Event: 55.123 loading class java/lang/ProcessImpl$2 done
Event: 55.124 loading class java/lang/Process$PipeInputStream
Event: 55.124 loading class java/lang/Process$PipeInputStream done
Event: 55.124 loading class jdk/internal/event/ProcessStartEvent
Event: 55.124 loading class jdk/internal/event/ProcessStartEvent done
Event: 55.129 Thread 0x0000012250be8cc0 Thread added: 0x0000012250be8cc0
Event: 55.130 Thread 0x0000012250be6e60 Thread added: 0x0000012250be6e60


Dynamic libraries:
0x00007ff743a90000 - 0x00007ff743a9e000 	C:\Users\Giang\.jdks\corretto-17.0.10\bin\java.exe
0x00007ffc95cd0000 - 0x00007ffc95ec8000 	C:\Windows\SYSTEM32\ntdll.dll
0x00007ffc944d0000 - 0x00007ffc94591000 	C:\Windows\System32\KERNEL32.DLL
0x00007ffc93540000 - 0x00007ffc93836000 	C:\Windows\System32\KERNELBASE.dll
0x00007ffc938b0000 - 0x00007ffc939b0000 	C:\Windows\System32\ucrtbase.dll
0x00007ffc8c430000 - 0x00007ffc8c44b000 	C:\Users\Giang\.jdks\corretto-17.0.10\bin\VCRUNTIME140.dll
0x00007ffc8b8d0000 - 0x00007ffc8b8e7000 	C:\Users\Giang\.jdks\corretto-17.0.10\bin\jli.dll
0x00007ffc95440000 - 0x00007ffc955df000 	C:\Windows\System32\USER32.dll
0x00007ffc93460000 - 0x00007ffc93482000 	C:\Windows\System32\win32u.dll
0x00007ffc95c60000 - 0x00007ffc95c8b000 	C:\Windows\System32\GDI32.dll
0x00007ffc85240000 - 0x00007ffc854da000 	C:\Windows\WinSxS\amd64_microsoft.windows.common-controls_6595b64144ccf1df_6.0.19041.4355_none_60b8b9eb71f62e16\COMCTL32.dll
0x00007ffc93be0000 - 0x00007ffc93cf7000 	C:\Windows\System32\gdi32full.dll
0x00007ffc93b10000 - 0x00007ffc93bad000 	C:\Windows\System32\msvcp_win.dll
0x00007ffc955e0000 - 0x00007ffc9567e000 	C:\Windows\System32\msvcrt.dll
0x00007ffc94a90000 - 0x00007ffc94abf000 	C:\Windows\System32\IMM32.DLL
0x00007ffc8c110000 - 0x00007ffc8c11c000 	C:\Users\Giang\.jdks\corretto-17.0.10\bin\vcruntime140_1.dll
0x00007ffc72c40000 - 0x00007ffc72ccd000 	C:\Users\Giang\.jdks\corretto-17.0.10\bin\msvcp140.dll
0x00007ffc54ab0000 - 0x00007ffc55712000 	C:\Users\Giang\.jdks\corretto-17.0.10\bin\server\jvm.dll
0x00007ffc94950000 - 0x00007ffc94a00000 	C:\Windows\System32\ADVAPI32.dll
0x00007ffc958c0000 - 0x00007ffc95960000 	C:\Windows\System32\sechost.dll
0x00007ffc95aa0000 - 0x00007ffc95bc3000 	C:\Windows\System32\RPCRT4.dll
0x00007ffc93bb0000 - 0x00007ffc93bd7000 	C:\Windows\System32\bcrypt.dll
0x00007ffc90a20000 - 0x00007ffc90a29000 	C:\Windows\SYSTEM32\WSOCK32.dll
0x00007ffc928b0000 - 0x00007ffc928fb000 	C:\Windows\SYSTEM32\POWRPROF.dll
0x00007ffc957a0000 - 0x00007ffc9580b000 	C:\Windows\System32\WS2_32.dll
0x00007ffc856a0000 - 0x00007ffc856c7000 	C:\Windows\SYSTEM32\WINMM.dll
0x00007ffc89ee0000 - 0x00007ffc89eea000 	C:\Windows\SYSTEM32\VERSION.dll
0x00007ffc92770000 - 0x00007ffc92782000 	C:\Windows\SYSTEM32\UMPDC.dll
0x00007ffc91200000 - 0x00007ffc91212000 	C:\Windows\SYSTEM32\kernel.appcore.dll
0x00007ffc8b330000 - 0x00007ffc8b33a000 	C:\Users\Giang\.jdks\corretto-17.0.10\bin\jimage.dll
0x00007ffc80590000 - 0x00007ffc80774000 	C:\Windows\SYSTEM32\DBGHELP.DLL
0x00007ffc7ff00000 - 0x00007ffc7ff34000 	C:\Windows\SYSTEM32\dbgcore.DLL
0x00007ffc933d0000 - 0x00007ffc93452000 	C:\Windows\System32\bcryptPrimitives.dll
0x00007ffc86560000 - 0x00007ffc8656e000 	C:\Users\Giang\.jdks\corretto-17.0.10\bin\instrument.dll
0x00007ffc84da0000 - 0x00007ffc84dc5000 	C:\Users\Giang\.jdks\corretto-17.0.10\bin\java.dll
0x00007ffc65900000 - 0x00007ffc659d7000 	C:\Users\Giang\.jdks\corretto-17.0.10\bin\jsvml.dll
0x00007ffc94c70000 - 0x00007ffc953dc000 	C:\Windows\System32\SHELL32.dll
0x00007ffc91400000 - 0x00007ffc91b9e000 	C:\Windows\SYSTEM32\windows.storage.dll
0x00007ffc93d00000 - 0x00007ffc94053000 	C:\Windows\System32\combase.dll
0x00007ffc92da0000 - 0x00007ffc92dce000 	C:\Windows\SYSTEM32\Wldp.dll
0x00007ffc94b40000 - 0x00007ffc94c0d000 	C:\Windows\System32\OLEAUT32.dll
0x00007ffc948a0000 - 0x00007ffc9494d000 	C:\Windows\System32\SHCORE.dll
0x00007ffc95a40000 - 0x00007ffc95a95000 	C:\Windows\System32\shlwapi.dll
0x00007ffc932b0000 - 0x00007ffc932d4000 	C:\Windows\SYSTEM32\profapi.dll
0x00007ffc84f00000 - 0x00007ffc84f18000 	C:\Users\Giang\.jdks\corretto-17.0.10\bin\zip.dll
0x00007ffc84c50000 - 0x00007ffc84c69000 	C:\Users\Giang\.jdks\corretto-17.0.10\bin\net.dll
0x00007ffc892e0000 - 0x00007ffc893ea000 	C:\Windows\SYSTEM32\WINHTTP.dll
0x00007ffc92b00000 - 0x00007ffc92b6a000 	C:\Windows\system32\mswsock.dll
0x00007ffc84c30000 - 0x00007ffc84c46000 	C:\Users\Giang\.jdks\corretto-17.0.10\bin\nio.dll
0x00007ffc84c20000 - 0x00007ffc84c30000 	C:\Users\Giang\.jdks\corretto-17.0.10\bin\verify.dll
0x00007ffc84e60000 - 0x00007ffc84e87000 	C:\Users\Giang\.gradle\native\c067742578af261105cb4f569cf0c3c89f3d7b1fecec35dd04571415982c5e48\windows-amd64\native-platform.dll
0x00007ffc5e050000 - 0x00007ffc5e194000 	C:\Users\Giang\.gradle\native\100fb08df4bc3b14c8652ba06237920a3bd2aa13389f12d3474272988ae205f9\windows-amd64\native-platform-file-events.dll
0x00007ffc84c10000 - 0x00007ffc84c19000 	C:\Users\Giang\.jdks\corretto-17.0.10\bin\management.dll
0x00007ffc84c00000 - 0x00007ffc84c0b000 	C:\Users\Giang\.jdks\corretto-17.0.10\bin\management_ext.dll
0x00007ffc945a0000 - 0x00007ffc945a8000 	C:\Windows\System32\PSAPI.DLL
0x00007ffc92cf0000 - 0x00007ffc92d08000 	C:\Windows\SYSTEM32\CRYPTSP.dll
0x00007ffc923b0000 - 0x00007ffc923e4000 	C:\Windows\system32\rsaenh.dll
0x00007ffc93260000 - 0x00007ffc9328e000 	C:\Windows\SYSTEM32\USERENV.dll
0x00007ffc92d10000 - 0x00007ffc92d1c000 	C:\Windows\SYSTEM32\CRYPTBASE.dll
0x00007ffc92790000 - 0x00007ffc927cb000 	C:\Windows\SYSTEM32\IPHLPAPI.DLL
0x00007ffc94a00000 - 0x00007ffc94a08000 	C:\Windows\System32\NSI.dll
0x00007ffc89f70000 - 0x00007ffc89f87000 	C:\Windows\SYSTEM32\dhcpcsvc6.DLL
0x00007ffc8b160000 - 0x00007ffc8b17d000 	C:\Windows\SYSTEM32\dhcpcsvc.DLL
0x00007ffc927e0000 - 0x00007ffc928aa000 	C:\Windows\SYSTEM32\DNSAPI.dll
0x00007ffc84910000 - 0x00007ffc84919000 	C:\Users\Giang\.jdks\corretto-17.0.10\bin\extnet.dll
0x00007ffc84900000 - 0x00007ffc8490e000 	C:\Users\Giang\.jdks\corretto-17.0.10\bin\sunmscapi.dll
0x00007ffc939b0000 - 0x00007ffc93b0e000 	C:\Windows\System32\CRYPT32.dll
0x00007ffc92e10000 - 0x00007ffc92e39000 	C:\Windows\SYSTEM32\ncrypt.dll
0x00007ffc92dd0000 - 0x00007ffc92e0b000 	C:\Windows\SYSTEM32\NTASN1.dll
0x00007ffc8d470000 - 0x00007ffc8d477000 	C:\Windows\system32\wshunix.dll

dbghelp: loaded successfully - version: 4.0.5 - missing functions: none
symbol engine: initialized successfully - sym options: 0x614 - pdb path: .;C:\Users\Giang\.jdks\corretto-17.0.10\bin;C:\Windows\SYSTEM32;C:\Windows\WinSxS\amd64_microsoft.windows.common-controls_6595b64144ccf1df_6.0.19041.4355_none_60b8b9eb71f62e16;C:\Users\Giang\.jdks\corretto-17.0.10\bin\server;C:\Users\Giang\.gradle\native\c067742578af261105cb4f569cf0c3c89f3d7b1fecec35dd04571415982c5e48\windows-amd64;C:\Users\Giang\.gradle\native\100fb08df4bc3b14c8652ba06237920a3bd2aa13389f12d3474272988ae205f9\windows-amd64

VM Arguments:
jvm_args: --add-opens=java.base/java.util=ALL-UNNAMED --add-opens=java.base/java.lang=ALL-UNNAMED --add-opens=java.base/java.lang.invoke=ALL-UNNAMED --add-opens=java.prefs/java.util.prefs=ALL-UNNAMED --add-opens=java.base/java.nio.charset=ALL-UNNAMED --add-opens=java.base/java.net=ALL-UNNAMED --add-opens=java.base/java.util.concurrent.atomic=ALL-UNNAMED -XX:MaxMetaspaceSize=384m -XX:+HeapDumpOnOutOfMemoryError -Xms256m -Xmx512m -Dfile.encoding=windows-1252 -Duser.country=US -Duser.language=en -Duser.variant -javaagent:C:\Users\Giang\.gradle\wrapper\dists\gradle-8.8-bin\dl7vupf4psengwqhwktix4v1\gradle-8.8\lib\agents\gradle-instrumentation-agent-8.8.jar 
java_command: org.gradle.launcher.daemon.bootstrap.GradleDaemon 8.8
java_class_path (initial): C:\Users\Giang\.gradle\wrapper\dists\gradle-8.8-bin\dl7vupf4psengwqhwktix4v1\gradle-8.8\lib\gradle-launcher-8.8.jar
Launcher Type: SUN_STANDARD

[Global flags]
     intx CICompilerCount                          = 3                                         {product} {ergonomic}
   size_t CompressedClassSpaceSize                 = 335544320                                 {product} {ergonomic}
     uint ConcGCThreads                            = 1                                         {product} {ergonomic}
     uint G1ConcRefinementThreads                  = 4                                         {product} {ergonomic}
   size_t G1HeapRegionSize                         = 1048576                                   {product} {ergonomic}
    uintx GCDrainStackTargetSize                   = 64                                        {product} {ergonomic}
     bool HeapDumpOnOutOfMemoryError               = true                                   {manageable} {command line}
   size_t InitialHeapSize                          = 268435456                                 {product} {command line}
   size_t MarkStackSize                            = 4194304                                   {product} {ergonomic}
   size_t MaxHeapSize                              = 536870912                                 {product} {command line}
   size_t MaxMetaspaceSize                         = 402653184                                 {product} {command line}
   size_t MaxNewSize                               = 321912832                                 {product} {ergonomic}
   size_t MinHeapDeltaBytes                        = 1048576                                   {product} {ergonomic}
   size_t MinHeapSize                              = 268435456                                 {product} {command line}
    uintx NonNMethodCodeHeapSize                   = 5832780                                {pd product} {ergonomic}
    uintx NonProfiledCodeHeapSize                  = 122912730                              {pd product} {ergonomic}
    uintx ProfiledCodeHeapSize                     = 122912730                              {pd product} {ergonomic}
    uintx ReservedCodeCacheSize                    = 251658240                              {pd product} {ergonomic}
     bool SegmentedCodeCache                       = true                                      {product} {ergonomic}
   size_t SoftMaxHeapSize                          = 536870912                              {manageable} {ergonomic}
     bool UseCompressedClassPointers               = true                           {product lp64_product} {ergonomic}
     bool UseCompressedOops                        = true                           {product lp64_product} {ergonomic}
     bool UseG1GC                                  = true                                      {product} {ergonomic}
     bool UseLargePagesIndividualAllocation        = false                                  {pd product} {ergonomic}

Logging:
Log output configuration:
 #0: stdout all=warning uptime,level,tags
 #1: stderr all=off uptime,level,tags

Environment Variables:
PATH=C:\Program Files\Common Files\Oracle\Java\javapath;C:\Windows\system32;C:\Windows;C:\Windows\System32\Wbem;C:\Windows\System32\WindowsPowerShell\v1.0\;C:\Windows\System32\OpenSSH\;C:\Program Files\MySQL\MySQL Server 8.0\bin;%JAVA_HOME%\bin;C:\Gradle\gradle-6.8\bin;C:\Program Files\Git\cmd;C:\Program Files\Java\jdk-17\bin;C:\Program Files\nodejs\;C:\Program Files\MySQL\MySQL Shell 8.0\bin\;C:\Users\Giang\AppData\Local\Microsoft\WindowsApps;C:\Users\Giang\AppData\Local\GitHubDesktop\bin;D:\Microsoft VS Code\bin;C:\Users\Giang\AppData\Roaming\npm
USERNAME=Giang
OS=Windows_NT
PROCESSOR_IDENTIFIER=Intel64 Family 6 Model 61 Stepping 4, GenuineIntel
TMP=C:\Users\Giang\AppData\Local\Temp
TEMP=C:\Users\Giang\AppData\Local\Temp



Periodic native trim disabled


---------------  S Y S T E M  ---------------

OS:
 Windows 10 , 64 bit Build 19041 (10.0.19041.4597)
OS uptime: 0 days 2:52 hours

CPU: total 4 (initial active 4) (2 cores per cpu, 2 threads per core) family 6 model 61 stepping 4 microcode 0x2d, cx8, cmov, fxsr, ht, mmx, 3dnowpref, sse, sse2, sse3, ssse3, sse4.1, sse4.2, popcnt, lzcnt, tsc, tscinvbit, avx, avx2, aes, erms, clmul, bmi1, bmi2, rtm, adx, fma, vzeroupper, clflush
Processor Information for all 4 processors :
  Max Mhz: 2594, Current Mhz: 2594, Mhz Limit: 2594

Memory: 4k page, system-wide physical 7887M (227M free)
TotalPageFile size 15055M (AvailPageFile size 4M)
current process WorkingSet (physical memory assigned to process): 356M, peak: 379M
current process commit charge ("private bytes"): 441M, peak: 465M

vm_info: OpenJDK 64-Bit Server VM (17.0.10+7-LTS) for windows-amd64 JRE (17.0.10+7-LTS), built on Jan 10 2024 22:11:07 by "Administrator" with MS VC++ 16.10 / 16.11 (VS2019)

END.
