#
# There is insufficient memory for the Java Runtime Environment to continue.
# Native memory allocation (malloc) failed to allocate 1065456 bytes for Chunk::new
# Possible reasons:
#   The system is out of physical RAM or swap space
#   The process is running with CompressedOops enabled, and the Java Heap may be blocking the growth of the native heap
# Possible solutions:
#   Reduce memory load on the system
#   Increase physical memory or swap space
#   Check if swap backing store is full
#   Decrease Java heap size (-Xmx/-Xms)
#   Decrease number of Java threads
#   Decrease Java thread stack sizes (-Xss)
#   Set larger code cache with -XX:ReservedCodeCacheSize=
#   JVM is running with Unscaled Compressed Oops mode in which the Java heap is
#     placed in the first 4GB address space. The Java Heap base address is the
#     maximum limit for the native heap growth. Please use -XX:HeapBaseMinAddress
#     to set the Java Heap base and to place the Java Heap above 4GB virtual address.
# This output file may be truncated or incomplete.
#
#  Out of Memory Error (arena.cpp:191), pid=3924, tid=884
#
# JRE version: OpenJDK Runtime Environment Corretto-17.0.10.7.1 (17.0.10+7) (build 17.0.10+7-LTS)
# Java VM: OpenJDK 64-Bit Server VM Corretto-17.0.10.7.1 (17.0.10+7-LTS, mixed mode, sharing, tiered, compressed oops, compressed class ptrs, g1 gc, windows-amd64)
# No core dump will be written. Minidumps are not enabled by default on client versions of Windows
#

---------------  S U M M A R Y ------------

Command Line: --add-opens=java.base/java.util=ALL-UNNAMED --add-opens=java.base/java.lang=ALL-UNNAMED --add-opens=java.base/java.lang.invoke=ALL-UNNAMED --add-opens=java.prefs/java.util.prefs=ALL-UNNAMED --add-opens=java.base/java.nio.charset=ALL-UNNAMED --add-opens=java.base/java.net=ALL-UNNAMED --add-opens=java.base/java.util.concurrent.atomic=ALL-UNNAMED -XX:MaxMetaspaceSize=384m -XX:+HeapDumpOnOutOfMemoryError -Xms256m -Xmx512m -Dfile.encoding=windows-1252 -Duser.country=US -Duser.language=en -Duser.variant -javaagent:C:\Users\Giang\.gradle\wrapper\dists\gradle-8.8-bin\dl7vupf4psengwqhwktix4v1\gradle-8.8\lib\agents\gradle-instrumentation-agent-8.8.jar org.gradle.launcher.daemon.bootstrap.GradleDaemon 8.8

Host: Intel(R) Core(TM) i7-5600U CPU @ 2.60GHz, 4 cores, 7G,  Windows 10 , 64 bit Build 19041 (10.0.19041.4717)
Time: Thu Aug 15 15:06:13 2024 SE Asia Standard Time elapsed time: 36.446952 seconds (0d 0h 0m 36s)

---------------  T H R E A D  ---------------

Current thread (0x000001f44ffc0640):  JavaThread "C2 CompilerThread0" daemon [_thread_in_native, id=884, stack(0x0000003406600000,0x0000003406700000)]


Current CompileTask:
C2:  36447 5829       4       org.objectweb.asm.MethodWriter::computeAllFrames (510 bytes)

Stack: [0x0000003406600000,0x0000003406700000]
Native frames: (J=compiled Java code, j=interpreted, Vv=VM code, C=native code)
V  [jvm.dll+0x67d2c9]
V  [jvm.dll+0x834b1a]
V  [jvm.dll+0x8365de]
V  [jvm.dll+0x836c43]
V  [jvm.dll+0x2477ff]
V  [jvm.dll+0xac514]
V  [jvm.dll+0xacb5c]
V  [jvm.dll+0x366782]
V  [jvm.dll+0x330bfa]
V  [jvm.dll+0x33009a]
V  [jvm.dll+0x219ef1]
V  [jvm.dll+0x219311]
V  [jvm.dll+0x1a502d]
V  [jvm.dll+0x2290de]
V  [jvm.dll+0x2272ac]
V  [jvm.dll+0x7e9bd7]
V  [jvm.dll+0x7e3fda]
V  [jvm.dll+0x67c1b5]
C  [ucrtbase.dll+0x21bb2]
C  [KERNEL32.DLL+0x17374]
C  [ntdll.dll+0x4cc91]


---------------  P R O C E S S  ---------------

Threads class SMR info:
_java_thread_list=0x000001f46ae036e0, length=47, elements={
0x000001f435cc11a0, 0x000001f44ffa3f20, 0x000001f44ffa5cc0, 0x000001f44ffbafa0,
0x000001f44ffbc080, 0x000001f44ffbe960, 0x000001f44ffbf230, 0x000001f44ffc0640,
0x000001f44ffc1000, 0x000001f450140040, 0x000001f4501c2b40, 0x000001f45020f710,
0x000001f46a3d1190, 0x000001f4504ffbc0, 0x000001f46a1a88c0, 0x000001f46a3672b0,
0x000001f45055f770, 0x000001f45055fc80, 0x000001f45055ed50, 0x000001f4505610c0,
0x000001f4505615d0, 0x000001f450561ae0, 0x000001f450560190, 0x000001f450561ff0,
0x000001f450560bb0, 0x000001f4505606a0, 0x000001f450562500, 0x000001f46c887ed0,
0x000001f46c88cac0, 0x000001f46c88cfd0, 0x000001f46c88c0a0, 0x000001f46c88c5b0,
0x000001f46c88a750, 0x000001f46c88d4e0, 0x000001f46c886070, 0x000001f46c88a240,
0x000001f46c886580, 0x000001f46c88b680, 0x000001f46c88ac60, 0x000001f46c889d30,
0x000001f46c88b170, 0x000001f46c8879c0, 0x000001f46c88bb90, 0x000001f46c8883e0,
0x000001f46c8888f0, 0x000001f46c888e00, 0x000001f46c889310
}

Java Threads: ( => current thread )
  0x000001f435cc11a0 JavaThread "main" [_thread_blocked, id=15252, stack(0x0000003405900000,0x0000003405a00000)]
  0x000001f44ffa3f20 JavaThread "Reference Handler" daemon [_thread_blocked, id=7628, stack(0x0000003406000000,0x0000003406100000)]
  0x000001f44ffa5cc0 JavaThread "Finalizer" daemon [_thread_blocked, id=10668, stack(0x0000003406100000,0x0000003406200000)]
  0x000001f44ffbafa0 JavaThread "Signal Dispatcher" daemon [_thread_blocked, id=14344, stack(0x0000003406200000,0x0000003406300000)]
  0x000001f44ffbc080 JavaThread "Attach Listener" daemon [_thread_blocked, id=14156, stack(0x0000003406300000,0x0000003406400000)]
  0x000001f44ffbe960 JavaThread "Service Thread" daemon [_thread_blocked, id=7860, stack(0x0000003406400000,0x0000003406500000)]
  0x000001f44ffbf230 JavaThread "Monitor Deflation Thread" daemon [_thread_blocked, id=6752, stack(0x0000003406500000,0x0000003406600000)]
=>0x000001f44ffc0640 JavaThread "C2 CompilerThread0" daemon [_thread_in_native, id=884, stack(0x0000003406600000,0x0000003406700000)]
  0x000001f44ffc1000 JavaThread "C1 CompilerThread0" daemon [_thread_blocked, id=10304, stack(0x0000003406700000,0x0000003406800000)]
  0x000001f450140040 JavaThread "Sweeper thread" daemon [_thread_blocked, id=13788, stack(0x0000003406800000,0x0000003406900000)]
  0x000001f4501c2b40 JavaThread "Common-Cleaner" daemon [_thread_blocked, id=7884, stack(0x0000003406900000,0x0000003406a00000)]
  0x000001f45020f710 JavaThread "Notification Thread" daemon [_thread_blocked, id=12892, stack(0x0000003406a00000,0x0000003406b00000)]
  0x000001f46a3d1190 JavaThread "Daemon health stats" [_thread_blocked, id=5300, stack(0x0000003406f00000,0x0000003407000000)]
  0x000001f4504ffbc0 JavaThread "Incoming local TCP Connector on port 64331" [_thread_in_native, id=5508, stack(0x0000003407000000,0x0000003407100000)]
  0x000001f46a1a88c0 JavaThread "Daemon periodic checks" [_thread_blocked, id=13728, stack(0x0000003407100000,0x0000003407200000)]
  0x000001f46a3672b0 JavaThread "Daemon" [_thread_blocked, id=13444, stack(0x0000003407200000,0x0000003407300000)]
  0x000001f45055f770 JavaThread "Handler for socket connection from /127.0.0.1:64331 to /127.0.0.1:64332" [_thread_in_native, id=7536, stack(0x0000003407300000,0x0000003407400000)]
  0x000001f45055fc80 JavaThread "Cancel handler" [_thread_blocked, id=656, stack(0x0000003407400000,0x0000003407500000)]
  0x000001f45055ed50 JavaThread "Daemon worker" [_thread_in_vm, id=588, stack(0x0000003407500000,0x0000003407600000)]
  0x000001f4505610c0 JavaThread "Asynchronous log dispatcher for DefaultDaemonConnection: socket connection from /127.0.0.1:64331 to /127.0.0.1:64332" [_thread_blocked, id=5388, stack(0x0000003407600000,0x0000003407700000)]
  0x000001f4505615d0 JavaThread "Stdin handler" [_thread_blocked, id=1108, stack(0x0000003407700000,0x0000003407800000)]
  0x000001f450561ae0 JavaThread "Daemon client event forwarder" [_thread_blocked, id=9620, stack(0x0000003407800000,0x0000003407900000)]
  0x000001f450560190 JavaThread "Cache worker for journal cache (C:\Users\Giang\.gradle\caches\journal-1)" [_thread_blocked, id=13220, stack(0x0000003407900000,0x0000003407a00000)]
  0x000001f450561ff0 JavaThread "File lock request listener" [_thread_in_native, id=5932, stack(0x0000003407a00000,0x0000003407b00000)]
  0x000001f450560bb0 JavaThread "Cache worker for file hash cache (C:\Users\Giang\.gradle\caches\8.8\fileHashes)" [_thread_blocked, id=3792, stack(0x0000003407b00000,0x0000003407c00000)]
  0x000001f4505606a0 JavaThread "File lock release action executor" [_thread_blocked, id=11992, stack(0x0000003407c00000,0x0000003407d00000)]
  0x000001f450562500 JavaThread "Cache worker for file hash cache (D:\OJT\day1\OJT_BE\.gradle\8.8\fileHashes)" [_thread_blocked, id=15884, stack(0x0000003407d00000,0x0000003407e00000)]
  0x000001f46c887ed0 JavaThread "File watcher server" daemon [_thread_in_native, id=11092, stack(0x0000003407e00000,0x0000003407f00000)]
  0x000001f46c88cac0 JavaThread "File watcher consumer" daemon [_thread_blocked, id=6076, stack(0x0000003407f00000,0x0000003408000000)]
  0x000001f46c88cfd0 JavaThread "Cache worker for checksums cache (D:\OJT\day1\OJT_BE\.gradle\8.8\checksums)" [_thread_blocked, id=13048, stack(0x0000003408000000,0x0000003408100000)]
  0x000001f46c88c0a0 JavaThread "Cache worker for file content cache (C:\Users\Giang\.gradle\caches\8.8\fileContent)" [_thread_blocked, id=10128, stack(0x0000003408100000,0x0000003408200000)]
  0x000001f46c88c5b0 JavaThread "Cache worker for cache directory md-rule (C:\Users\Giang\.gradle\caches\8.8\md-rule)" [_thread_blocked, id=13980, stack(0x0000003408200000,0x0000003408300000)]
  0x000001f46c88a750 JavaThread "Cache worker for cache directory md-supplier (C:\Users\Giang\.gradle\caches\8.8\md-supplier)" [_thread_blocked, id=13684, stack(0x0000003408300000,0x0000003408400000)]
  0x000001f46c88d4e0 JavaThread "jar transforms" [_thread_blocked, id=10148, stack(0x0000003408400000,0x0000003408500000)]
  0x000001f46c886070 JavaThread "jar transforms Thread 2" [_thread_blocked, id=12876, stack(0x0000003408500000,0x0000003408600000)]
  0x000001f46c88a240 JavaThread "jar transforms Thread 3" [_thread_blocked, id=15032, stack(0x0000003408600000,0x0000003408700000)]
  0x000001f46c886580 JavaThread "jar transforms Thread 4" [_thread_blocked, id=7992, stack(0x0000003408700000,0x0000003408800000)]
  0x000001f46c88b680 JavaThread "Cache worker for Build Output Cleanup Cache (D:\OJT\day1\OJT_BE\.gradle\buildOutputCleanup)" [_thread_blocked, id=8028, stack(0x0000003408900000,0x0000003408a00000)]
  0x000001f46c88ac60 JavaThread "Unconstrained build operations" [_thread_blocked, id=6504, stack(0x0000003408a00000,0x0000003408b00000)]
  0x000001f46c889d30 JavaThread "Unconstrained build operations Thread 2" [_thread_blocked, id=3900, stack(0x0000003408b00000,0x0000003408c00000)]
  0x000001f46c88b170 JavaThread "Unconstrained build operations Thread 3" [_thread_blocked, id=8564, stack(0x0000003408c00000,0x0000003408d00000)]
  0x000001f46c8879c0 JavaThread "Unconstrained build operations Thread 4" [_thread_blocked, id=7532, stack(0x0000003408d00000,0x0000003408e00000)]
  0x000001f46c88bb90 JavaThread "Unconstrained build operations Thread 5" [_thread_blocked, id=2284, stack(0x0000003408e00000,0x0000003408f00000)]
  0x000001f46c8883e0 JavaThread "Unconstrained build operations Thread 6" [_thread_blocked, id=11860, stack(0x0000003408f00000,0x0000003409000000)]
  0x000001f46c8888f0 JavaThread "Unconstrained build operations Thread 7" [_thread_blocked, id=7396, stack(0x0000003409000000,0x0000003409100000)]
  0x000001f46c888e00 JavaThread "Unconstrained build operations Thread 8" [_thread_blocked, id=10752, stack(0x0000003409100000,0x0000003409200000)]
  0x000001f46c889310 JavaThread "Unconstrained build operations Thread 9" [_thread_blocked, id=6760, stack(0x0000003409200000,0x0000003409300000)]

Other Threads:
  0x000001f44ffa0870 VMThread "VM Thread" [stack: 0x0000003405f00000,0x0000003406000000] [id=13308]
  0x000001f45029af70 WatcherThread [stack: 0x0000003406b00000,0x0000003406c00000] [id=14532]
  0x000001f435cefc90 GCTaskThread "GC Thread#0" [stack: 0x0000003405a00000,0x0000003405b00000] [id=14052]
  0x000001f450348670 GCTaskThread "GC Thread#1" [stack: 0x0000003406c00000,0x0000003406d00000] [id=15728]
  0x000001f45031d520 GCTaskThread "GC Thread#2" [stack: 0x0000003406d00000,0x0000003406e00000] [id=2408]
  0x000001f450441ee0 GCTaskThread "GC Thread#3" [stack: 0x0000003406e00000,0x0000003406f00000] [id=6708]
  0x000001f435cf5b00 ConcurrentGCThread "G1 Main Marker" [stack: 0x0000003405b00000,0x0000003405c00000] [id=13700]
  0x000001f435cf6430 ConcurrentGCThread "G1 Conc#0" [stack: 0x0000003405c00000,0x0000003405d00000] [id=9224]
  0x000001f44fe62c70 ConcurrentGCThread "G1 Refine#0" [stack: 0x0000003405d00000,0x0000003405e00000] [id=5016]
  0x000001f46b8a3c90 ConcurrentGCThread "G1 Refine#1" [stack: 0x0000003408800000,0x0000003408900000] [id=15572]
  0x000001f44fe634b0 ConcurrentGCThread "G1 Service" [stack: 0x0000003405e00000,0x0000003405f00000] [id=7920]

Threads with active compile tasks:
C2 CompilerThread0    36505 5829       4       org.objectweb.asm.MethodWriter::computeAllFrames (510 bytes)

VM state: not at safepoint (normal execution)

VM Mutex/Monitor currently owned by a thread:  ([mutex/lock_event])
[0x000001f435cbddb0] MethodCompileQueue_lock - owner thread: 0x000001f45055ed50

Heap address: 0x00000000e0000000, size: 512 MB, Compressed Oops mode: 32-bit

CDS archive(s) mapped at: [0x000001f451000000-0x000001f451bb0000-0x000001f451bb0000), size 12255232, SharedBaseAddress: 0x000001f451000000, ArchiveRelocationMode: 1.
Compressed class space mapped at: 0x000001f452000000-0x000001f466000000, reserved size: 335544320
Narrow klass base: 0x000001f451000000, Narrow klass shift: 0, Narrow klass range: 0x100000000

GC Precious Log:
 CPUs: 4 total, 4 available
 Memory: 7887M
 Large Page Support: Disabled
 NUMA Support: Disabled
 Compressed Oops: Enabled (32-bit)
 Heap Region Size: 1M
 Heap Min Capacity: 256M
 Heap Initial Capacity: 256M
 Heap Max Capacity: 512M
 Pre-touch: Disabled
 Parallel Workers: 4
 Concurrent Workers: 1
 Concurrent Refinement Workers: 4
 Periodic GC: Disabled

Heap:
 garbage-first heap   total 262144K, used 136102K [0x00000000e0000000, 0x0000000100000000)
  region size 1024K, 102 young (104448K), 1 survivors (1024K)
 Metaspace       used 45960K, committed 46464K, reserved 393216K
  class space    used 6485K, committed 6720K, reserved 327680K

Heap Regions: E=young(eden), S=young(survivor), O=old, HS=humongous(starts), HC=humongous(continues), CS=collection set, F=free, OA=open archive, CA=closed archive, TAMS=top-at-mark-start (previous, next)
|   0|0x00000000e0000000, 0x00000000e0100000, 0x00000000e0100000|100%|HS|  |TAMS 0x00000000e0100000, 0x00000000e0000000| Complete 
|   1|0x00000000e0100000, 0x00000000e0200000, 0x00000000e0200000|100%|HC|  |TAMS 0x00000000e0200000, 0x00000000e0100000| Complete 
|   2|0x00000000e0200000, 0x00000000e0300000, 0x00000000e0300000|100%|HC|  |TAMS 0x00000000e0300000, 0x00000000e0200000| Complete 
|   3|0x00000000e0300000, 0x00000000e0400000, 0x00000000e0400000|100%|HC|  |TAMS 0x00000000e0400000, 0x00000000e0300000| Complete 
|   4|0x00000000e0400000, 0x00000000e0500000, 0x00000000e0500000|100%| O|  |TAMS 0x00000000e0500000, 0x00000000e0400000| Untracked 
|   5|0x00000000e0500000, 0x00000000e0600000, 0x00000000e0600000|100%|HS|  |TAMS 0x00000000e0500000, 0x00000000e0500000| Complete 
|   6|0x00000000e0600000, 0x00000000e0700000, 0x00000000e0700000|100%| O|  |TAMS 0x00000000e0700000, 0x00000000e0600000| Untracked 
|   7|0x00000000e0700000, 0x00000000e0800000, 0x00000000e0800000|100%| O|  |TAMS 0x00000000e0800000, 0x00000000e0700000| Untracked 
|   8|0x00000000e0800000, 0x00000000e0900000, 0x00000000e0900000|100%| O|  |TAMS 0x00000000e0900000, 0x00000000e0800000| Untracked 
|   9|0x00000000e0900000, 0x00000000e0a00000, 0x00000000e0a00000|100%| O|  |TAMS 0x00000000e0a00000, 0x00000000e0900000| Untracked 
|  10|0x00000000e0a00000, 0x00000000e0b00000, 0x00000000e0b00000|100%| O|  |TAMS 0x00000000e0b00000, 0x00000000e0a00000| Untracked 
|  11|0x00000000e0b00000, 0x00000000e0c00000, 0x00000000e0c00000|100%| O|  |TAMS 0x00000000e0c00000, 0x00000000e0b00000| Untracked 
|  12|0x00000000e0c00000, 0x00000000e0d00000, 0x00000000e0d00000|100%|HS|  |TAMS 0x00000000e0d00000, 0x00000000e0c00000| Complete 
|  13|0x00000000e0d00000, 0x00000000e0e00000, 0x00000000e0e00000|100%| O|  |TAMS 0x00000000e0e00000, 0x00000000e0d00000| Untracked 
|  14|0x00000000e0e00000, 0x00000000e0f00000, 0x00000000e0f00000|100%| O|  |TAMS 0x00000000e0f00000, 0x00000000e0e00000| Untracked 
|  15|0x00000000e0f00000, 0x00000000e1000000, 0x00000000e1000000|100%| O|  |TAMS 0x00000000e1000000, 0x00000000e0f00000| Untracked 
|  16|0x00000000e1000000, 0x00000000e1100000, 0x00000000e1100000|100%| O|  |TAMS 0x00000000e1100000, 0x00000000e1000000| Untracked 
|  17|0x00000000e1100000, 0x00000000e1200000, 0x00000000e1200000|100%| O|  |TAMS 0x00000000e1200000, 0x00000000e1100000| Untracked 
|  18|0x00000000e1200000, 0x00000000e1300000, 0x00000000e1300000|100%| O|  |TAMS 0x00000000e1300000, 0x00000000e1200000| Untracked 
|  19|0x00000000e1300000, 0x00000000e1400000, 0x00000000e1400000|100%| O|  |TAMS 0x00000000e1400000, 0x00000000e1300000| Untracked 
|  20|0x00000000e1400000, 0x00000000e1500000, 0x00000000e1500000|100%| O|  |TAMS 0x00000000e1500000, 0x00000000e1400000| Untracked 
|  21|0x00000000e1500000, 0x00000000e1600000, 0x00000000e1600000|100%| O|  |TAMS 0x00000000e1600000, 0x00000000e1500000| Untracked 
|  22|0x00000000e1600000, 0x00000000e1700000, 0x00000000e1700000|100%| O|  |TAMS 0x00000000e1700000, 0x00000000e1600000| Untracked 
|  23|0x00000000e1700000, 0x00000000e1800000, 0x00000000e1800000|100%| O|  |TAMS 0x00000000e1800000, 0x00000000e1700000| Untracked 
|  24|0x00000000e1800000, 0x00000000e1900000, 0x00000000e1900000|100%| O|  |TAMS 0x00000000e1900000, 0x00000000e1800000| Untracked 
|  25|0x00000000e1900000, 0x00000000e1a00000, 0x00000000e1a00000|100%| O|  |TAMS 0x00000000e1a00000, 0x00000000e1900000| Untracked 
|  26|0x00000000e1a00000, 0x00000000e1b00000, 0x00000000e1b00000|100%| O|  |TAMS 0x00000000e1b00000, 0x00000000e1a00000| Untracked 
|  27|0x00000000e1b00000, 0x00000000e1c00000, 0x00000000e1c00000|100%| O|  |TAMS 0x00000000e1c00000, 0x00000000e1b00000| Untracked 
|  28|0x00000000e1c00000, 0x00000000e1d00000, 0x00000000e1d00000|100%| O|  |TAMS 0x00000000e1d00000, 0x00000000e1c00000| Untracked 
|  29|0x00000000e1d00000, 0x00000000e1e00000, 0x00000000e1e00000|100%| O|  |TAMS 0x00000000e1e00000, 0x00000000e1d00000| Untracked 
|  30|0x00000000e1e00000, 0x00000000e1f00000, 0x00000000e1f00000|100%| O|  |TAMS 0x00000000e1f00000, 0x00000000e1e00000| Untracked 
|  31|0x00000000e1f00000, 0x00000000e2000000, 0x00000000e2000000|100%| O|  |TAMS 0x00000000e2000000, 0x00000000e1f00000| Untracked 
|  32|0x00000000e2000000, 0x00000000e2095600, 0x00000000e2100000| 58%| O|  |TAMS 0x00000000e2095600, 0x00000000e2000000| Untracked 
|  33|0x00000000e2100000, 0x00000000e2200000, 0x00000000e2200000|100%|HS|  |TAMS 0x00000000e2100000, 0x00000000e2100000| Complete 
|  34|0x00000000e2200000, 0x00000000e2200000, 0x00000000e2300000|  0%| F|  |TAMS 0x00000000e2200000, 0x00000000e2200000| Untracked 
|  35|0x00000000e2300000, 0x00000000e2300000, 0x00000000e2400000|  0%| F|  |TAMS 0x00000000e2300000, 0x00000000e2300000| Untracked 
|  36|0x00000000e2400000, 0x00000000e2400000, 0x00000000e2500000|  0%| F|  |TAMS 0x00000000e2400000, 0x00000000e2400000| Untracked 
|  37|0x00000000e2500000, 0x00000000e2500000, 0x00000000e2600000|  0%| F|  |TAMS 0x00000000e2500000, 0x00000000e2500000| Untracked 
|  38|0x00000000e2600000, 0x00000000e2600000, 0x00000000e2700000|  0%| F|  |TAMS 0x00000000e2600000, 0x00000000e2600000| Untracked 
|  39|0x00000000e2700000, 0x00000000e2700000, 0x00000000e2800000|  0%| F|  |TAMS 0x00000000e2700000, 0x00000000e2700000| Untracked 
|  40|0x00000000e2800000, 0x00000000e2800000, 0x00000000e2900000|  0%| F|  |TAMS 0x00000000e2800000, 0x00000000e2800000| Untracked 
|  41|0x00000000e2900000, 0x00000000e2900000, 0x00000000e2a00000|  0%| F|  |TAMS 0x00000000e2900000, 0x00000000e2900000| Untracked 
|  42|0x00000000e2a00000, 0x00000000e2a00000, 0x00000000e2b00000|  0%| F|  |TAMS 0x00000000e2a00000, 0x00000000e2a00000| Untracked 
|  43|0x00000000e2b00000, 0x00000000e2b00000, 0x00000000e2c00000|  0%| F|  |TAMS 0x00000000e2b00000, 0x00000000e2b00000| Untracked 
|  44|0x00000000e2c00000, 0x00000000e2c00000, 0x00000000e2d00000|  0%| F|  |TAMS 0x00000000e2c00000, 0x00000000e2c00000| Untracked 
|  45|0x00000000e2d00000, 0x00000000e2d00000, 0x00000000e2e00000|  0%| F|  |TAMS 0x00000000e2d00000, 0x00000000e2d00000| Untracked 
|  46|0x00000000e2e00000, 0x00000000e2e00000, 0x00000000e2f00000|  0%| F|  |TAMS 0x00000000e2e00000, 0x00000000e2e00000| Untracked 
|  47|0x00000000e2f00000, 0x00000000e2f00000, 0x00000000e3000000|  0%| F|  |TAMS 0x00000000e2f00000, 0x00000000e2f00000| Untracked 
|  48|0x00000000e3000000, 0x00000000e3000000, 0x00000000e3100000|  0%| F|  |TAMS 0x00000000e3000000, 0x00000000e3000000| Untracked 
|  49|0x00000000e3100000, 0x00000000e3100000, 0x00000000e3200000|  0%| F|  |TAMS 0x00000000e3100000, 0x00000000e3100000| Untracked 
|  50|0x00000000e3200000, 0x00000000e3200000, 0x00000000e3300000|  0%| F|  |TAMS 0x00000000e3200000, 0x00000000e3200000| Untracked 
|  51|0x00000000e3300000, 0x00000000e3300000, 0x00000000e3400000|  0%| F|  |TAMS 0x00000000e3300000, 0x00000000e3300000| Untracked 
|  52|0x00000000e3400000, 0x00000000e3400000, 0x00000000e3500000|  0%| F|  |TAMS 0x00000000e3400000, 0x00000000e3400000| Untracked 
|  53|0x00000000e3500000, 0x00000000e3500000, 0x00000000e3600000|  0%| F|  |TAMS 0x00000000e3500000, 0x00000000e3500000| Untracked 
|  54|0x00000000e3600000, 0x00000000e3600000, 0x00000000e3700000|  0%| F|  |TAMS 0x00000000e3600000, 0x00000000e3600000| Untracked 
|  55|0x00000000e3700000, 0x00000000e3700000, 0x00000000e3800000|  0%| F|  |TAMS 0x00000000e3700000, 0x00000000e3700000| Untracked 
|  56|0x00000000e3800000, 0x00000000e3800000, 0x00000000e3900000|  0%| F|  |TAMS 0x00000000e3800000, 0x00000000e3800000| Untracked 
|  57|0x00000000e3900000, 0x00000000e3900000, 0x00000000e3a00000|  0%| F|  |TAMS 0x00000000e3900000, 0x00000000e3900000| Untracked 
|  58|0x00000000e3a00000, 0x00000000e3a00000, 0x00000000e3b00000|  0%| F|  |TAMS 0x00000000e3a00000, 0x00000000e3a00000| Untracked 
|  59|0x00000000e3b00000, 0x00000000e3b00000, 0x00000000e3c00000|  0%| F|  |TAMS 0x00000000e3b00000, 0x00000000e3b00000| Untracked 
|  60|0x00000000e3c00000, 0x00000000e3c00000, 0x00000000e3d00000|  0%| F|  |TAMS 0x00000000e3c00000, 0x00000000e3c00000| Untracked 
|  61|0x00000000e3d00000, 0x00000000e3d00000, 0x00000000e3e00000|  0%| F|  |TAMS 0x00000000e3d00000, 0x00000000e3d00000| Untracked 
|  62|0x00000000e3e00000, 0x00000000e3e00000, 0x00000000e3f00000|  0%| F|  |TAMS 0x00000000e3e00000, 0x00000000e3e00000| Untracked 
|  63|0x00000000e3f00000, 0x00000000e3f00000, 0x00000000e4000000|  0%| F|  |TAMS 0x00000000e3f00000, 0x00000000e3f00000| Untracked 
|  64|0x00000000e4000000, 0x00000000e4000000, 0x00000000e4100000|  0%| F|  |TAMS 0x00000000e4000000, 0x00000000e4000000| Untracked 
|  65|0x00000000e4100000, 0x00000000e4100000, 0x00000000e4200000|  0%| F|  |TAMS 0x00000000e4100000, 0x00000000e4100000| Untracked 
|  66|0x00000000e4200000, 0x00000000e4200000, 0x00000000e4300000|  0%| F|  |TAMS 0x00000000e4200000, 0x00000000e4200000| Untracked 
|  67|0x00000000e4300000, 0x00000000e4300000, 0x00000000e4400000|  0%| F|  |TAMS 0x00000000e4300000, 0x00000000e4300000| Untracked 
|  68|0x00000000e4400000, 0x00000000e4400000, 0x00000000e4500000|  0%| F|  |TAMS 0x00000000e4400000, 0x00000000e4400000| Untracked 
|  69|0x00000000e4500000, 0x00000000e4500000, 0x00000000e4600000|  0%| F|  |TAMS 0x00000000e4500000, 0x00000000e4500000| Untracked 
|  70|0x00000000e4600000, 0x00000000e4600000, 0x00000000e4700000|  0%| F|  |TAMS 0x00000000e4600000, 0x00000000e4600000| Untracked 
|  71|0x00000000e4700000, 0x00000000e4700000, 0x00000000e4800000|  0%| F|  |TAMS 0x00000000e4700000, 0x00000000e4700000| Untracked 
|  72|0x00000000e4800000, 0x00000000e4800000, 0x00000000e4900000|  0%| F|  |TAMS 0x00000000e4800000, 0x00000000e4800000| Untracked 
|  73|0x00000000e4900000, 0x00000000e4900000, 0x00000000e4a00000|  0%| F|  |TAMS 0x00000000e4900000, 0x00000000e4900000| Untracked 
|  74|0x00000000e4a00000, 0x00000000e4a00000, 0x00000000e4b00000|  0%| F|  |TAMS 0x00000000e4a00000, 0x00000000e4a00000| Untracked 
|  75|0x00000000e4b00000, 0x00000000e4b00000, 0x00000000e4c00000|  0%| F|  |TAMS 0x00000000e4b00000, 0x00000000e4b00000| Untracked 
|  76|0x00000000e4c00000, 0x00000000e4c00000, 0x00000000e4d00000|  0%| F|  |TAMS 0x00000000e4c00000, 0x00000000e4c00000| Untracked 
|  77|0x00000000e4d00000, 0x00000000e4d00000, 0x00000000e4e00000|  0%| F|  |TAMS 0x00000000e4d00000, 0x00000000e4d00000| Untracked 
|  78|0x00000000e4e00000, 0x00000000e4e00000, 0x00000000e4f00000|  0%| F|  |TAMS 0x00000000e4e00000, 0x00000000e4e00000| Untracked 
|  79|0x00000000e4f00000, 0x00000000e4f00000, 0x00000000e5000000|  0%| F|  |TAMS 0x00000000e4f00000, 0x00000000e4f00000| Untracked 
|  80|0x00000000e5000000, 0x00000000e5000000, 0x00000000e5100000|  0%| F|  |TAMS 0x00000000e5000000, 0x00000000e5000000| Untracked 
|  81|0x00000000e5100000, 0x00000000e5100000, 0x00000000e5200000|  0%| F|  |TAMS 0x00000000e5100000, 0x00000000e5100000| Untracked 
|  82|0x00000000e5200000, 0x00000000e5200000, 0x00000000e5300000|  0%| F|  |TAMS 0x00000000e5200000, 0x00000000e5200000| Untracked 
|  83|0x00000000e5300000, 0x00000000e5300000, 0x00000000e5400000|  0%| F|  |TAMS 0x00000000e5300000, 0x00000000e5300000| Untracked 
|  84|0x00000000e5400000, 0x00000000e5400000, 0x00000000e5500000|  0%| F|  |TAMS 0x00000000e5400000, 0x00000000e5400000| Untracked 
|  85|0x00000000e5500000, 0x00000000e5500000, 0x00000000e5600000|  0%| F|  |TAMS 0x00000000e5500000, 0x00000000e5500000| Untracked 
|  86|0x00000000e5600000, 0x00000000e5600000, 0x00000000e5700000|  0%| F|  |TAMS 0x00000000e5600000, 0x00000000e5600000| Untracked 
|  87|0x00000000e5700000, 0x00000000e5700000, 0x00000000e5800000|  0%| F|  |TAMS 0x00000000e5700000, 0x00000000e5700000| Untracked 
|  88|0x00000000e5800000, 0x00000000e5800000, 0x00000000e5900000|  0%| F|  |TAMS 0x00000000e5800000, 0x00000000e5800000| Untracked 
|  89|0x00000000e5900000, 0x00000000e5900000, 0x00000000e5a00000|  0%| F|  |TAMS 0x00000000e5900000, 0x00000000e5900000| Untracked 
|  90|0x00000000e5a00000, 0x00000000e5a00000, 0x00000000e5b00000|  0%| F|  |TAMS 0x00000000e5a00000, 0x00000000e5a00000| Untracked 
|  91|0x00000000e5b00000, 0x00000000e5b00000, 0x00000000e5c00000|  0%| F|  |TAMS 0x00000000e5b00000, 0x00000000e5b00000| Untracked 
|  92|0x00000000e5c00000, 0x00000000e5c00000, 0x00000000e5d00000|  0%| F|  |TAMS 0x00000000e5c00000, 0x00000000e5c00000| Untracked 
|  93|0x00000000e5d00000, 0x00000000e5d00000, 0x00000000e5e00000|  0%| F|  |TAMS 0x00000000e5d00000, 0x00000000e5d00000| Untracked 
|  94|0x00000000e5e00000, 0x00000000e5e00000, 0x00000000e5f00000|  0%| F|  |TAMS 0x00000000e5e00000, 0x00000000e5e00000| Untracked 
|  95|0x00000000e5f00000, 0x00000000e5f00000, 0x00000000e6000000|  0%| F|  |TAMS 0x00000000e5f00000, 0x00000000e5f00000| Untracked 
|  96|0x00000000e6000000, 0x00000000e6000000, 0x00000000e6100000|  0%| F|  |TAMS 0x00000000e6000000, 0x00000000e6000000| Untracked 
|  97|0x00000000e6100000, 0x00000000e6100000, 0x00000000e6200000|  0%| F|  |TAMS 0x00000000e6100000, 0x00000000e6100000| Untracked 
|  98|0x00000000e6200000, 0x00000000e6200000, 0x00000000e6300000|  0%| F|  |TAMS 0x00000000e6200000, 0x00000000e6200000| Untracked 
|  99|0x00000000e6300000, 0x00000000e6300000, 0x00000000e6400000|  0%| F|  |TAMS 0x00000000e6300000, 0x00000000e6300000| Untracked 
| 100|0x00000000e6400000, 0x00000000e6400000, 0x00000000e6500000|  0%| F|  |TAMS 0x00000000e6400000, 0x00000000e6400000| Untracked 
| 101|0x00000000e6500000, 0x00000000e6500000, 0x00000000e6600000|  0%| F|  |TAMS 0x00000000e6500000, 0x00000000e6500000| Untracked 
| 102|0x00000000e6600000, 0x00000000e6600000, 0x00000000e6700000|  0%| F|  |TAMS 0x00000000e6600000, 0x00000000e6600000| Untracked 
| 103|0x00000000e6700000, 0x00000000e6700000, 0x00000000e6800000|  0%| F|  |TAMS 0x00000000e6700000, 0x00000000e6700000| Untracked 
| 104|0x00000000e6800000, 0x00000000e6800000, 0x00000000e6900000|  0%| F|  |TAMS 0x00000000e6800000, 0x00000000e6800000| Untracked 
| 105|0x00000000e6900000, 0x00000000e6900000, 0x00000000e6a00000|  0%| F|  |TAMS 0x00000000e6900000, 0x00000000e6900000| Untracked 
| 106|0x00000000e6a00000, 0x00000000e6a00000, 0x00000000e6b00000|  0%| F|  |TAMS 0x00000000e6a00000, 0x00000000e6a00000| Untracked 
| 107|0x00000000e6b00000, 0x00000000e6b00000, 0x00000000e6c00000|  0%| F|  |TAMS 0x00000000e6b00000, 0x00000000e6b00000| Untracked 
| 108|0x00000000e6c00000, 0x00000000e6c00000, 0x00000000e6d00000|  0%| F|  |TAMS 0x00000000e6c00000, 0x00000000e6c00000| Untracked 
| 109|0x00000000e6d00000, 0x00000000e6d00000, 0x00000000e6e00000|  0%| F|  |TAMS 0x00000000e6d00000, 0x00000000e6d00000| Untracked 
| 110|0x00000000e6e00000, 0x00000000e6e00000, 0x00000000e6f00000|  0%| F|  |TAMS 0x00000000e6e00000, 0x00000000e6e00000| Untracked 
| 111|0x00000000e6f00000, 0x00000000e6f00000, 0x00000000e7000000|  0%| F|  |TAMS 0x00000000e6f00000, 0x00000000e6f00000| Untracked 
| 112|0x00000000e7000000, 0x00000000e7000000, 0x00000000e7100000|  0%| F|  |TAMS 0x00000000e7000000, 0x00000000e7000000| Untracked 
| 113|0x00000000e7100000, 0x00000000e7100000, 0x00000000e7200000|  0%| F|  |TAMS 0x00000000e7100000, 0x00000000e7100000| Untracked 
| 114|0x00000000e7200000, 0x00000000e7200000, 0x00000000e7300000|  0%| F|  |TAMS 0x00000000e7200000, 0x00000000e7200000| Untracked 
| 115|0x00000000e7300000, 0x00000000e7300000, 0x00000000e7400000|  0%| F|  |TAMS 0x00000000e7300000, 0x00000000e7300000| Untracked 
| 116|0x00000000e7400000, 0x00000000e7400000, 0x00000000e7500000|  0%| F|  |TAMS 0x00000000e7400000, 0x00000000e7400000| Untracked 
| 117|0x00000000e7500000, 0x00000000e7500000, 0x00000000e7600000|  0%| F|  |TAMS 0x00000000e7500000, 0x00000000e7500000| Untracked 
| 118|0x00000000e7600000, 0x00000000e7600000, 0x00000000e7700000|  0%| F|  |TAMS 0x00000000e7600000, 0x00000000e7600000| Untracked 
| 119|0x00000000e7700000, 0x00000000e7700000, 0x00000000e7800000|  0%| F|  |TAMS 0x00000000e7700000, 0x00000000e7700000| Untracked 
| 120|0x00000000e7800000, 0x00000000e7800000, 0x00000000e7900000|  0%| F|  |TAMS 0x00000000e7800000, 0x00000000e7800000| Untracked 
| 121|0x00000000e7900000, 0x00000000e7900000, 0x00000000e7a00000|  0%| F|  |TAMS 0x00000000e7900000, 0x00000000e7900000| Untracked 
| 122|0x00000000e7a00000, 0x00000000e7a00000, 0x00000000e7b00000|  0%| F|  |TAMS 0x00000000e7a00000, 0x00000000e7a00000| Untracked 
| 123|0x00000000e7b00000, 0x00000000e7b00000, 0x00000000e7c00000|  0%| F|  |TAMS 0x00000000e7b00000, 0x00000000e7b00000| Untracked 
| 124|0x00000000e7c00000, 0x00000000e7c00000, 0x00000000e7d00000|  0%| F|  |TAMS 0x00000000e7c00000, 0x00000000e7c00000| Untracked 
| 125|0x00000000e7d00000, 0x00000000e7d00000, 0x00000000e7e00000|  0%| F|  |TAMS 0x00000000e7d00000, 0x00000000e7d00000| Untracked 
| 126|0x00000000e7e00000, 0x00000000e7e00000, 0x00000000e7f00000|  0%| F|  |TAMS 0x00000000e7e00000, 0x00000000e7e00000| Untracked 
| 127|0x00000000e7f00000, 0x00000000e7f00000, 0x00000000e8000000|  0%| F|  |TAMS 0x00000000e7f00000, 0x00000000e7f00000| Untracked 
| 128|0x00000000e8000000, 0x00000000e8000000, 0x00000000e8100000|  0%| F|  |TAMS 0x00000000e8000000, 0x00000000e8000000| Untracked 
| 129|0x00000000e8100000, 0x00000000e8100000, 0x00000000e8200000|  0%| F|  |TAMS 0x00000000e8100000, 0x00000000e8100000| Untracked 
| 130|0x00000000e8200000, 0x00000000e8200000, 0x00000000e8300000|  0%| F|  |TAMS 0x00000000e8200000, 0x00000000e8200000| Untracked 
| 131|0x00000000e8300000, 0x00000000e8300000, 0x00000000e8400000|  0%| F|  |TAMS 0x00000000e8300000, 0x00000000e8300000| Untracked 
| 132|0x00000000e8400000, 0x00000000e8400000, 0x00000000e8500000|  0%| F|  |TAMS 0x00000000e8400000, 0x00000000e8400000| Untracked 
| 133|0x00000000e8500000, 0x00000000e8500000, 0x00000000e8600000|  0%| F|  |TAMS 0x00000000e8500000, 0x00000000e8500000| Untracked 
| 134|0x00000000e8600000, 0x00000000e8600000, 0x00000000e8700000|  0%| F|  |TAMS 0x00000000e8600000, 0x00000000e8600000| Untracked 
| 135|0x00000000e8700000, 0x00000000e8700000, 0x00000000e8800000|  0%| F|  |TAMS 0x00000000e8700000, 0x00000000e8700000| Untracked 
| 136|0x00000000e8800000, 0x00000000e8800000, 0x00000000e8900000|  0%| F|  |TAMS 0x00000000e8800000, 0x00000000e8800000| Untracked 
| 137|0x00000000e8900000, 0x00000000e8900000, 0x00000000e8a00000|  0%| F|  |TAMS 0x00000000e8900000, 0x00000000e8900000| Untracked 
| 138|0x00000000e8a00000, 0x00000000e8a00000, 0x00000000e8b00000|  0%| F|  |TAMS 0x00000000e8a00000, 0x00000000e8a00000| Untracked 
| 139|0x00000000e8b00000, 0x00000000e8b00000, 0x00000000e8c00000|  0%| F|  |TAMS 0x00000000e8b00000, 0x00000000e8b00000| Untracked 
| 140|0x00000000e8c00000, 0x00000000e8c00000, 0x00000000e8d00000|  0%| F|  |TAMS 0x00000000e8c00000, 0x00000000e8c00000| Untracked 
| 141|0x00000000e8d00000, 0x00000000e8d00000, 0x00000000e8e00000|  0%| F|  |TAMS 0x00000000e8d00000, 0x00000000e8d00000| Untracked 
| 142|0x00000000e8e00000, 0x00000000e8e00000, 0x00000000e8f00000|  0%| F|  |TAMS 0x00000000e8e00000, 0x00000000e8e00000| Untracked 
| 143|0x00000000e8f00000, 0x00000000e8f00000, 0x00000000e9000000|  0%| F|  |TAMS 0x00000000e8f00000, 0x00000000e8f00000| Untracked 
| 144|0x00000000e9000000, 0x00000000e9000000, 0x00000000e9100000|  0%| F|  |TAMS 0x00000000e9000000, 0x00000000e9000000| Untracked 
| 145|0x00000000e9100000, 0x00000000e9100000, 0x00000000e9200000|  0%| F|  |TAMS 0x00000000e9100000, 0x00000000e9100000| Untracked 
| 146|0x00000000e9200000, 0x00000000e9200000, 0x00000000e9300000|  0%| F|  |TAMS 0x00000000e9200000, 0x00000000e9200000| Untracked 
| 147|0x00000000e9300000, 0x00000000e9300000, 0x00000000e9400000|  0%| F|  |TAMS 0x00000000e9300000, 0x00000000e9300000| Untracked 
| 148|0x00000000e9400000, 0x00000000e9400000, 0x00000000e9500000|  0%| F|  |TAMS 0x00000000e9400000, 0x00000000e9400000| Untracked 
| 149|0x00000000e9500000, 0x00000000e9500000, 0x00000000e9600000|  0%| F|  |TAMS 0x00000000e9500000, 0x00000000e9500000| Untracked 
| 150|0x00000000e9600000, 0x00000000e9600000, 0x00000000e9700000|  0%| F|  |TAMS 0x00000000e9600000, 0x00000000e9600000| Untracked 
| 151|0x00000000e9700000, 0x00000000e9700000, 0x00000000e9800000|  0%| F|  |TAMS 0x00000000e9700000, 0x00000000e9700000| Untracked 
| 152|0x00000000e9800000, 0x00000000e9800000, 0x00000000e9900000|  0%| F|  |TAMS 0x00000000e9800000, 0x00000000e9800000| Untracked 
| 153|0x00000000e9900000, 0x00000000e9900000, 0x00000000e9a00000|  0%| F|  |TAMS 0x00000000e9900000, 0x00000000e9900000| Untracked 
| 154|0x00000000e9a00000, 0x00000000e9b00000, 0x00000000e9b00000|100%| E|  |TAMS 0x00000000e9a00000, 0x00000000e9a00000| Complete 
| 155|0x00000000e9b00000, 0x00000000e9c00000, 0x00000000e9c00000|100%| E|CS|TAMS 0x00000000e9b00000, 0x00000000e9b00000| Complete 
| 156|0x00000000e9c00000, 0x00000000e9d00000, 0x00000000e9d00000|100%| E|CS|TAMS 0x00000000e9c00000, 0x00000000e9c00000| Complete 
| 157|0x00000000e9d00000, 0x00000000e9e00000, 0x00000000e9e00000|100%| E|CS|TAMS 0x00000000e9d00000, 0x00000000e9d00000| Complete 
| 158|0x00000000e9e00000, 0x00000000e9f00000, 0x00000000e9f00000|100%| E|CS|TAMS 0x00000000e9e00000, 0x00000000e9e00000| Complete 
| 159|0x00000000e9f00000, 0x00000000ea000000, 0x00000000ea000000|100%| E|CS|TAMS 0x00000000e9f00000, 0x00000000e9f00000| Complete 
| 160|0x00000000ea000000, 0x00000000ea100000, 0x00000000ea100000|100%| E|CS|TAMS 0x00000000ea000000, 0x00000000ea000000| Complete 
| 161|0x00000000ea100000, 0x00000000ea200000, 0x00000000ea200000|100%| E|CS|TAMS 0x00000000ea100000, 0x00000000ea100000| Complete 
| 162|0x00000000ea200000, 0x00000000ea300000, 0x00000000ea300000|100%| E|CS|TAMS 0x00000000ea200000, 0x00000000ea200000| Complete 
| 163|0x00000000ea300000, 0x00000000ea400000, 0x00000000ea400000|100%| E|CS|TAMS 0x00000000ea300000, 0x00000000ea300000| Complete 
| 164|0x00000000ea400000, 0x00000000ea500000, 0x00000000ea500000|100%| E|CS|TAMS 0x00000000ea400000, 0x00000000ea400000| Complete 
| 165|0x00000000ea500000, 0x00000000ea600000, 0x00000000ea600000|100%| E|CS|TAMS 0x00000000ea500000, 0x00000000ea500000| Complete 
| 166|0x00000000ea600000, 0x00000000ea700000, 0x00000000ea700000|100%| E|CS|TAMS 0x00000000ea600000, 0x00000000ea600000| Complete 
| 167|0x00000000ea700000, 0x00000000ea800000, 0x00000000ea800000|100%| E|CS|TAMS 0x00000000ea700000, 0x00000000ea700000| Complete 
| 168|0x00000000ea800000, 0x00000000ea900000, 0x00000000ea900000|100%| E|CS|TAMS 0x00000000ea800000, 0x00000000ea800000| Complete 
| 169|0x00000000ea900000, 0x00000000eaa00000, 0x00000000eaa00000|100%| E|CS|TAMS 0x00000000ea900000, 0x00000000ea900000| Complete 
| 170|0x00000000eaa00000, 0x00000000eab00000, 0x00000000eab00000|100%| E|CS|TAMS 0x00000000eaa00000, 0x00000000eaa00000| Complete 
| 171|0x00000000eab00000, 0x00000000eac00000, 0x00000000eac00000|100%| E|CS|TAMS 0x00000000eab00000, 0x00000000eab00000| Complete 
| 172|0x00000000eac00000, 0x00000000ead00000, 0x00000000ead00000|100%| E|CS|TAMS 0x00000000eac00000, 0x00000000eac00000| Complete 
| 173|0x00000000ead00000, 0x00000000eae00000, 0x00000000eae00000|100%| E|CS|TAMS 0x00000000ead00000, 0x00000000ead00000| Complete 
| 174|0x00000000eae00000, 0x00000000eaf00000, 0x00000000eaf00000|100%| E|  |TAMS 0x00000000eae00000, 0x00000000eae00000| Complete 
| 175|0x00000000eaf00000, 0x00000000eb000000, 0x00000000eb000000|100%| E|CS|TAMS 0x00000000eaf00000, 0x00000000eaf00000| Complete 
| 176|0x00000000eb000000, 0x00000000eb100000, 0x00000000eb100000|100%| E|CS|TAMS 0x00000000eb000000, 0x00000000eb000000| Complete 
| 177|0x00000000eb100000, 0x00000000eb200000, 0x00000000eb200000|100%| E|CS|TAMS 0x00000000eb100000, 0x00000000eb100000| Complete 
| 178|0x00000000eb200000, 0x00000000eb300000, 0x00000000eb300000|100%| E|CS|TAMS 0x00000000eb200000, 0x00000000eb200000| Complete 
| 179|0x00000000eb300000, 0x00000000eb400000, 0x00000000eb400000|100%| E|CS|TAMS 0x00000000eb300000, 0x00000000eb300000| Complete 
| 180|0x00000000eb400000, 0x00000000eb500000, 0x00000000eb500000|100%| E|CS|TAMS 0x00000000eb400000, 0x00000000eb400000| Complete 
| 181|0x00000000eb500000, 0x00000000eb600000, 0x00000000eb600000|100%| E|CS|TAMS 0x00000000eb500000, 0x00000000eb500000| Complete 
| 182|0x00000000eb600000, 0x00000000eb700000, 0x00000000eb700000|100%| E|CS|TAMS 0x00000000eb600000, 0x00000000eb600000| Complete 
| 183|0x00000000eb700000, 0x00000000eb800000, 0x00000000eb800000|100%| E|CS|TAMS 0x00000000eb700000, 0x00000000eb700000| Complete 
| 184|0x00000000eb800000, 0x00000000eb900000, 0x00000000eb900000|100%| E|CS|TAMS 0x00000000eb800000, 0x00000000eb800000| Complete 
| 185|0x00000000eb900000, 0x00000000eba00000, 0x00000000eba00000|100%| E|CS|TAMS 0x00000000eb900000, 0x00000000eb900000| Complete 
| 186|0x00000000eba00000, 0x00000000ebb00000, 0x00000000ebb00000|100%| E|CS|TAMS 0x00000000eba00000, 0x00000000eba00000| Complete 
| 187|0x00000000ebb00000, 0x00000000ebc00000, 0x00000000ebc00000|100%| E|CS|TAMS 0x00000000ebb00000, 0x00000000ebb00000| Complete 
| 188|0x00000000ebc00000, 0x00000000ebd00000, 0x00000000ebd00000|100%| E|CS|TAMS 0x00000000ebc00000, 0x00000000ebc00000| Complete 
| 189|0x00000000ebd00000, 0x00000000ebe00000, 0x00000000ebe00000|100%| E|CS|TAMS 0x00000000ebd00000, 0x00000000ebd00000| Complete 
| 190|0x00000000ebe00000, 0x00000000ebf00000, 0x00000000ebf00000|100%| E|CS|TAMS 0x00000000ebe00000, 0x00000000ebe00000| Complete 
| 191|0x00000000ebf00000, 0x00000000ec000000, 0x00000000ec000000|100%| E|CS|TAMS 0x00000000ebf00000, 0x00000000ebf00000| Complete 
| 192|0x00000000ec000000, 0x00000000ec100000, 0x00000000ec100000|100%| E|CS|TAMS 0x00000000ec000000, 0x00000000ec000000| Complete 
| 193|0x00000000ec100000, 0x00000000ec200000, 0x00000000ec200000|100%| E|CS|TAMS 0x00000000ec100000, 0x00000000ec100000| Complete 
| 194|0x00000000ec200000, 0x00000000ec300000, 0x00000000ec300000|100%| E|CS|TAMS 0x00000000ec200000, 0x00000000ec200000| Complete 
| 195|0x00000000ec300000, 0x00000000ec400000, 0x00000000ec400000|100%| E|CS|TAMS 0x00000000ec300000, 0x00000000ec300000| Complete 
| 196|0x00000000ec400000, 0x00000000ec500000, 0x00000000ec500000|100%| E|CS|TAMS 0x00000000ec400000, 0x00000000ec400000| Complete 
| 197|0x00000000ec500000, 0x00000000ec600000, 0x00000000ec600000|100%| E|CS|TAMS 0x00000000ec500000, 0x00000000ec500000| Complete 
| 198|0x00000000ec600000, 0x00000000ec700000, 0x00000000ec700000|100%| E|CS|TAMS 0x00000000ec600000, 0x00000000ec600000| Complete 
| 199|0x00000000ec700000, 0x00000000ec800000, 0x00000000ec800000|100%| E|CS|TAMS 0x00000000ec700000, 0x00000000ec700000| Complete 
| 200|0x00000000ec800000, 0x00000000ec900000, 0x00000000ec900000|100%| E|CS|TAMS 0x00000000ec800000, 0x00000000ec800000| Complete 
| 201|0x00000000ec900000, 0x00000000eca00000, 0x00000000eca00000|100%| E|CS|TAMS 0x00000000ec900000, 0x00000000ec900000| Complete 
| 202|0x00000000eca00000, 0x00000000ecb00000, 0x00000000ecb00000|100%| E|CS|TAMS 0x00000000eca00000, 0x00000000eca00000| Complete 
| 203|0x00000000ecb00000, 0x00000000ecc00000, 0x00000000ecc00000|100%| E|CS|TAMS 0x00000000ecb00000, 0x00000000ecb00000| Complete 
| 204|0x00000000ecc00000, 0x00000000ecd00000, 0x00000000ecd00000|100%| E|CS|TAMS 0x00000000ecc00000, 0x00000000ecc00000| Complete 
| 205|0x00000000ecd00000, 0x00000000ece00000, 0x00000000ece00000|100%| E|CS|TAMS 0x00000000ecd00000, 0x00000000ecd00000| Complete 
| 206|0x00000000ece00000, 0x00000000ecf00000, 0x00000000ecf00000|100%| E|CS|TAMS 0x00000000ece00000, 0x00000000ece00000| Complete 
| 207|0x00000000ecf00000, 0x00000000ed000000, 0x00000000ed000000|100%| E|CS|TAMS 0x00000000ecf00000, 0x00000000ecf00000| Complete 
| 208|0x00000000ed000000, 0x00000000ed100000, 0x00000000ed100000|100%| E|CS|TAMS 0x00000000ed000000, 0x00000000ed000000| Complete 
| 209|0x00000000ed100000, 0x00000000ed200000, 0x00000000ed200000|100%| E|CS|TAMS 0x00000000ed100000, 0x00000000ed100000| Complete 
| 210|0x00000000ed200000, 0x00000000ed300000, 0x00000000ed300000|100%| E|CS|TAMS 0x00000000ed200000, 0x00000000ed200000| Complete 
| 211|0x00000000ed300000, 0x00000000ed400000, 0x00000000ed400000|100%| E|CS|TAMS 0x00000000ed300000, 0x00000000ed300000| Complete 
| 212|0x00000000ed400000, 0x00000000ed500000, 0x00000000ed500000|100%| E|CS|TAMS 0x00000000ed400000, 0x00000000ed400000| Complete 
| 213|0x00000000ed500000, 0x00000000ed600000, 0x00000000ed600000|100%| E|CS|TAMS 0x00000000ed500000, 0x00000000ed500000| Complete 
| 214|0x00000000ed600000, 0x00000000ed700000, 0x00000000ed700000|100%| E|CS|TAMS 0x00000000ed600000, 0x00000000ed600000| Complete 
| 215|0x00000000ed700000, 0x00000000ed800000, 0x00000000ed800000|100%| E|CS|TAMS 0x00000000ed700000, 0x00000000ed700000| Complete 
| 216|0x00000000ed800000, 0x00000000ed900000, 0x00000000ed900000|100%| E|CS|TAMS 0x00000000ed800000, 0x00000000ed800000| Complete 
| 217|0x00000000ed900000, 0x00000000eda00000, 0x00000000eda00000|100%| E|CS|TAMS 0x00000000ed900000, 0x00000000ed900000| Complete 
| 218|0x00000000eda00000, 0x00000000edb00000, 0x00000000edb00000|100%| E|CS|TAMS 0x00000000eda00000, 0x00000000eda00000| Complete 
| 219|0x00000000edb00000, 0x00000000edc00000, 0x00000000edc00000|100%| E|CS|TAMS 0x00000000edb00000, 0x00000000edb00000| Complete 
| 220|0x00000000edc00000, 0x00000000edd00000, 0x00000000edd00000|100%| E|CS|TAMS 0x00000000edc00000, 0x00000000edc00000| Complete 
| 221|0x00000000edd00000, 0x00000000ede00000, 0x00000000ede00000|100%| E|CS|TAMS 0x00000000edd00000, 0x00000000edd00000| Complete 
| 222|0x00000000ede00000, 0x00000000edf00000, 0x00000000edf00000|100%| E|CS|TAMS 0x00000000ede00000, 0x00000000ede00000| Complete 
| 223|0x00000000edf00000, 0x00000000ee000000, 0x00000000ee000000|100%| E|CS|TAMS 0x00000000edf00000, 0x00000000edf00000| Complete 
| 224|0x00000000ee000000, 0x00000000ee100000, 0x00000000ee100000|100%| E|CS|TAMS 0x00000000ee000000, 0x00000000ee000000| Complete 
| 225|0x00000000ee100000, 0x00000000ee200000, 0x00000000ee200000|100%| E|CS|TAMS 0x00000000ee100000, 0x00000000ee100000| Complete 
| 226|0x00000000ee200000, 0x00000000ee300000, 0x00000000ee300000|100%| E|CS|TAMS 0x00000000ee200000, 0x00000000ee200000| Complete 
| 227|0x00000000ee300000, 0x00000000ee400000, 0x00000000ee400000|100%| E|CS|TAMS 0x00000000ee300000, 0x00000000ee300000| Complete 
| 228|0x00000000ee400000, 0x00000000ee500000, 0x00000000ee500000|100%| E|CS|TAMS 0x00000000ee400000, 0x00000000ee400000| Complete 
| 229|0x00000000ee500000, 0x00000000ee600000, 0x00000000ee600000|100%| E|CS|TAMS 0x00000000ee500000, 0x00000000ee500000| Complete 
| 230|0x00000000ee600000, 0x00000000ee700000, 0x00000000ee700000|100%| E|CS|TAMS 0x00000000ee600000, 0x00000000ee600000| Complete 
| 231|0x00000000ee700000, 0x00000000ee800000, 0x00000000ee800000|100%| E|CS|TAMS 0x00000000ee700000, 0x00000000ee700000| Complete 
| 232|0x00000000ee800000, 0x00000000ee900000, 0x00000000ee900000|100%| E|CS|TAMS 0x00000000ee800000, 0x00000000ee800000| Complete 
| 233|0x00000000ee900000, 0x00000000eea00000, 0x00000000eea00000|100%| E|CS|TAMS 0x00000000ee900000, 0x00000000ee900000| Complete 
| 234|0x00000000eea00000, 0x00000000eeb00000, 0x00000000eeb00000|100%| E|CS|TAMS 0x00000000eea00000, 0x00000000eea00000| Complete 
| 235|0x00000000eeb00000, 0x00000000eec00000, 0x00000000eec00000|100%| E|CS|TAMS 0x00000000eeb00000, 0x00000000eeb00000| Complete 
| 236|0x00000000eec00000, 0x00000000eed00000, 0x00000000eed00000|100%| E|CS|TAMS 0x00000000eec00000, 0x00000000eec00000| Complete 
| 237|0x00000000eed00000, 0x00000000eee00000, 0x00000000eee00000|100%| E|CS|TAMS 0x00000000eed00000, 0x00000000eed00000| Complete 
| 238|0x00000000eee00000, 0x00000000eef00000, 0x00000000eef00000|100%| E|CS|TAMS 0x00000000eee00000, 0x00000000eee00000| Complete 
| 239|0x00000000eef00000, 0x00000000ef000000, 0x00000000ef000000|100%| E|CS|TAMS 0x00000000eef00000, 0x00000000eef00000| Complete 
| 240|0x00000000ef000000, 0x00000000ef100000, 0x00000000ef100000|100%| E|CS|TAMS 0x00000000ef000000, 0x00000000ef000000| Complete 
| 241|0x00000000ef100000, 0x00000000ef200000, 0x00000000ef200000|100%| E|CS|TAMS 0x00000000ef100000, 0x00000000ef100000| Complete 
| 242|0x00000000ef200000, 0x00000000ef300000, 0x00000000ef300000|100%| E|CS|TAMS 0x00000000ef200000, 0x00000000ef200000| Complete 
| 243|0x00000000ef300000, 0x00000000ef400000, 0x00000000ef400000|100%| E|CS|TAMS 0x00000000ef300000, 0x00000000ef300000| Complete 
| 244|0x00000000ef400000, 0x00000000ef500000, 0x00000000ef500000|100%| E|CS|TAMS 0x00000000ef400000, 0x00000000ef400000| Complete 
| 245|0x00000000ef500000, 0x00000000ef600000, 0x00000000ef600000|100%| E|CS|TAMS 0x00000000ef500000, 0x00000000ef500000| Complete 
| 246|0x00000000ef600000, 0x00000000ef700000, 0x00000000ef700000|100%| E|CS|TAMS 0x00000000ef600000, 0x00000000ef600000| Complete 
| 247|0x00000000ef700000, 0x00000000ef800000, 0x00000000ef800000|100%| E|CS|TAMS 0x00000000ef700000, 0x00000000ef700000| Complete 
| 248|0x00000000ef800000, 0x00000000ef900000, 0x00000000ef900000|100%| E|CS|TAMS 0x00000000ef800000, 0x00000000ef800000| Complete 
| 249|0x00000000ef900000, 0x00000000efa00000, 0x00000000efa00000|100%| E|CS|TAMS 0x00000000ef900000, 0x00000000ef900000| Complete 
| 250|0x00000000efa00000, 0x00000000efa54420, 0x00000000efb00000| 32%| S|CS|TAMS 0x00000000efa00000, 0x00000000efa00000| Complete 
| 251|0x00000000efb00000, 0x00000000efc00000, 0x00000000efc00000|100%| E|CS|TAMS 0x00000000efb00000, 0x00000000efb00000| Complete 
| 252|0x00000000efc00000, 0x00000000efd00000, 0x00000000efd00000|100%| E|CS|TAMS 0x00000000efc00000, 0x00000000efc00000| Complete 
| 253|0x00000000efd00000, 0x00000000efe00000, 0x00000000efe00000|100%| E|CS|TAMS 0x00000000efd00000, 0x00000000efd00000| Complete 
| 254|0x00000000efe00000, 0x00000000eff00000, 0x00000000eff00000|100%| E|CS|TAMS 0x00000000efe00000, 0x00000000efe00000| Complete 
| 255|0x00000000eff00000, 0x00000000f0000000, 0x00000000f0000000|100%| E|CS|TAMS 0x00000000eff00000, 0x00000000eff00000| Complete 

Card table byte_map: [0x000001f44c7e0000,0x000001f44c8e0000] _byte_map_base: 0x000001f44c0e0000

Marking Bits (Prev, Next): (CMBitMap*) 0x000001f435cf11d0, (CMBitMap*) 0x000001f435cf1210
 Prev Bits: [0x000001f44c9e0000, 0x000001f44d1e0000)
 Next Bits: [0x000001f44d1e0000, 0x000001f44d9e0000)

Polling page: 0x000001f433ae0000

Metaspace:

Usage:
  Non-class:     38.55 MB used.
      Class:      6.33 MB used.
       Both:     44.88 MB used.

Virtual space:
  Non-class space:       64.00 MB reserved,      38.81 MB ( 61%) committed,  1 nodes.
      Class space:      320.00 MB reserved,       6.56 MB (  2%) committed,  1 nodes.
             Both:      384.00 MB reserved,      45.38 MB ( 12%) committed. 

Chunk freelists:
   Non-Class:  8.65 MB
       Class:  9.29 MB
        Both:  17.95 MB

MaxMetaspaceSize: 384.00 MB
CompressedClassSpaceSize: 320.00 MB
Initial GC threshold: 21.00 MB
Current GC threshold: 59.31 MB
CDS: on
MetaspaceReclaimPolicy: balanced
 - commit_granule_bytes: 65536.
 - commit_granule_words: 8192.
 - virtual_space_node_default_size: 8388608.
 - enlarge_chunks_in_place: 1.
 - new_chunks_are_fully_committed: 0.
 - uncommit_free_chunks: 1.
 - use_allocation_guard: 0.
 - handle_deallocations: 1.


Internal statistics:

num_allocs_failed_limit: 9.
num_arena_births: 534.
num_arena_deaths: 0.
num_vsnodes_births: 2.
num_vsnodes_deaths: 0.
num_space_committed: 726.
num_space_uncommitted: 0.
num_chunks_returned_to_freelist: 9.
num_chunks_taken_from_freelist: 2348.
num_chunk_merges: 9.
num_chunk_splits: 1547.
num_chunks_enlarged: 1054.
num_inconsistent_stats: 0.

CodeHeap 'non-profiled nmethods': size=120000Kb used=2521Kb max_used=3115Kb free=117478Kb
 bounds [0x000001f4452b0000, 0x000001f4455c0000, 0x000001f44c7e0000]
CodeHeap 'profiled nmethods': size=120000Kb used=9798Kb max_used=10651Kb free=110201Kb
 bounds [0x000001f43d7e0000, 0x000001f43e250000, 0x000001f444d10000]
CodeHeap 'non-nmethods': size=5760Kb used=2319Kb max_used=2356Kb free=3440Kb
 bounds [0x000001f444d10000, 0x000001f444f80000, 0x000001f4452b0000]
 total_blobs=5854 nmethods=5022 adapters=744
 compilation: enabled
              stopped_count=0, restarted_count=0
 full_count=0

Compilation events (20 events):
Event: 36.267 Thread 0x000001f44ffc1000 5827       1       org.gradle.api.internal.collections.AbstractIterationOrderRetainingElementSource$Element::isRealized (5 bytes)
Event: 36.267 Thread 0x000001f44ffc1000 nmethod 5827 0x000001f4452ffb90 code [0x000001f4452ffd20, 0x000001f4452ffdf8]
Event: 36.272 Thread 0x000001f44ffc0640 5828       4       org.gradle.internal.reflect.MethodSet$MethodKey::<init> (6 bytes)
Event: 36.275 Thread 0x000001f44ffc0640 nmethod 5828 0x000001f4452ff590 code [0x000001f4452ff720, 0x000001f4452ffa38]
Event: 36.287 Thread 0x000001f44ffc0640 5829       4       org.objectweb.asm.MethodWriter::computeAllFrames (510 bytes)
Event: 36.289 Thread 0x000001f44ffc1000 5830       3       org.objectweb.asm.ClassWriter::toByteArray (1535 bytes)
Event: 36.301 Thread 0x000001f44ffc1000 nmethod 5830 0x000001f43dda8e10 code [0x000001f43dda9720, 0x000001f43ddad758]
Event: 36.301 Thread 0x000001f44ffc1000 5832       3       com.google.common.reflect.TypeResolver$TypeTable::resolve (20 bytes)
Event: 36.301 Thread 0x000001f44ffc1000 nmethod 5832 0x000001f43dcd8110 code [0x000001f43dcd82e0, 0x000001f43dcd87c8]
Event: 36.301 Thread 0x000001f44ffc1000 5834       3       com.google.common.reflect.TypeResolver$TypeTable$1::<init> (15 bytes)
Event: 36.302 Thread 0x000001f44ffc1000 nmethod 5834 0x000001f43d8d0c90 code [0x000001f43d8d0e40, 0x000001f43d8d1198]
Event: 36.305 Thread 0x000001f44ffc1000 5835       3       com.google.common.collect.AbstractSetMultimap::wrapCollection (14 bytes)
Event: 36.306 Thread 0x000001f44ffc1000 nmethod 5835 0x000001f43dda8610 code [0x000001f43dda87c0, 0x000001f43dda8a88]
Event: 36.335 Thread 0x000001f44ffc1000 5836       1       sun.reflect.generics.tree.ClassSignature::getFormalTypeParameters (5 bytes)
Event: 36.335 Thread 0x000001f44ffc1000 nmethod 5836 0x000001f4452ff290 code [0x000001f4452ff420, 0x000001f4452ff4f8]
Event: 36.434 Thread 0x000001f44ffc1000 5837       3       org.gradle.internal.instantiation.generator.AsmBackedClassGenerator$ClassBuilderImpl::access$5600 (4 bytes)
Event: 36.435 Thread 0x000001f44ffc1000 nmethod 5837 0x000001f43da0d110 code [0x000001f43da0d2a0, 0x000001f43da0d398]
Event: 36.440 Thread 0x000001f44ffc1000 5838       3       sun.reflect.annotation.AnnotationParser::toArray (18 bytes)
Event: 36.440 Thread 0x000001f44ffc1000 nmethod 5838 0x000001f43dcd7a90 code [0x000001f43dcd7c60, 0x000001f43dcd7ff8]
Event: 36.444 Thread 0x000001f44ffc1000 5840       3       java.lang.reflect.Executable::isSynthetic (8 bytes)

GC Heap History (16 events):
Event: 3.511 GC heap before
{Heap before GC invocations=0 (full 0):
 garbage-first heap   total 262144K, used 13312K [0x00000000e0000000, 0x0000000100000000)
  region size 1024K, 13 young (13312K), 0 survivors (0K)
 Metaspace       used 794K, committed 896K, reserved 393216K
  class space    used 61K, committed 128K, reserved 327680K
}
Event: 3.527 GC heap after
{Heap after GC invocations=1 (full 0):
 garbage-first heap   total 262144K, used 1672K [0x00000000e0000000, 0x0000000100000000)
  region size 1024K, 2 young (2048K), 2 survivors (2048K)
 Metaspace       used 794K, committed 896K, reserved 393216K
  class space    used 61K, committed 128K, reserved 327680K
}
Event: 6.128 GC heap before
{Heap before GC invocations=1 (full 0):
 garbage-first heap   total 262144K, used 22152K [0x00000000e0000000, 0x0000000100000000)
  region size 1024K, 19 young (19456K), 2 survivors (2048K)
 Metaspace       used 3278K, committed 3456K, reserved 393216K
  class space    used 413K, committed 512K, reserved 327680K
}
Event: 6.137 GC heap after
{Heap after GC invocations=2 (full 0):
 garbage-first heap   total 262144K, used 11216K [0x00000000e0000000, 0x0000000100000000)
  region size 1024K, 3 young (3072K), 3 survivors (3072K)
 Metaspace       used 3278K, committed 3456K, reserved 393216K
  class space    used 413K, committed 512K, reserved 327680K
}
Event: 7.956 GC heap before
{Heap before GC invocations=2 (full 0):
 garbage-first heap   total 262144K, used 41936K [0x00000000e0000000, 0x0000000100000000)
  region size 1024K, 33 young (33792K), 3 survivors (3072K)
 Metaspace       used 4088K, committed 4352K, reserved 393216K
  class space    used 506K, committed 640K, reserved 327680K
}
Event: 7.960 GC heap after
{Heap after GC invocations=3 (full 0):
 garbage-first heap   total 262144K, used 12320K [0x00000000e0000000, 0x0000000100000000)
  region size 1024K, 1 young (1024K), 1 survivors (1024K)
 Metaspace       used 4088K, committed 4352K, reserved 393216K
  class space    used 506K, committed 640K, reserved 327680K
}
Event: 19.824 GC heap before
{Heap before GC invocations=3 (full 0):
 garbage-first heap   total 262144K, used 124960K [0x00000000e0000000, 0x0000000100000000)
  region size 1024K, 109 young (111616K), 1 survivors (1024K)
 Metaspace       used 20252K, committed 20608K, reserved 393216K
  class space    used 2958K, committed 3136K, reserved 327680K
}
Event: 19.842 GC heap after
{Heap after GC invocations=4 (full 0):
 garbage-first heap   total 262144K, used 23604K [0x00000000e0000000, 0x0000000100000000)
  region size 1024K, 11 young (11264K), 11 survivors (11264K)
 Metaspace       used 20252K, committed 20608K, reserved 393216K
  class space    used 2958K, committed 3136K, reserved 327680K
}
Event: 20.112 GC heap before
{Heap before GC invocations=4 (full 0):
 garbage-first heap   total 262144K, used 30772K [0x00000000e0000000, 0x0000000100000000)
  region size 1024K, 19 young (19456K), 11 survivors (11264K)
 Metaspace       used 21221K, committed 21504K, reserved 393216K
  class space    used 3130K, committed 3264K, reserved 327680K
}
Event: 20.123 GC heap after
{Heap after GC invocations=5 (full 0):
 garbage-first heap   total 262144K, used 24867K [0x00000000e0000000, 0x0000000100000000)
  region size 1024K, 12 young (12288K), 12 survivors (12288K)
 Metaspace       used 21221K, committed 21504K, reserved 393216K
  class space    used 3130K, committed 3264K, reserved 327680K
}
Event: 27.893 GC heap before
{Heap before GC invocations=6 (full 0):
 garbage-first heap   total 262144K, used 145699K [0x00000000e0000000, 0x0000000100000000)
  region size 1024K, 127 young (130048K), 12 survivors (12288K)
 Metaspace       used 35594K, committed 35968K, reserved 393216K
  class space    used 4955K, committed 5120K, reserved 327680K
}
Event: 27.919 GC heap after
{Heap after GC invocations=7 (full 0):
 garbage-first heap   total 262144K, used 33866K [0x00000000e0000000, 0x0000000100000000)
  region size 1024K, 11 young (11264K), 11 survivors (11264K)
 Metaspace       used 35594K, committed 35968K, reserved 393216K
  class space    used 4955K, committed 5120K, reserved 327680K
}
Event: 27.990 GC heap before
{Heap before GC invocations=7 (full 0):
 garbage-first heap   total 262144K, used 34890K [0x00000000e0000000, 0x0000000100000000)
  region size 1024K, 12 young (12288K), 11 survivors (11264K)
 Metaspace       used 35694K, committed 36096K, reserved 393216K
  class space    used 4969K, committed 5120K, reserved 327680K
}
Event: 28.004 GC heap after
{Heap after GC invocations=8 (full 0):
 garbage-first heap   total 262144K, used 33804K [0x00000000e0000000, 0x0000000100000000)
  region size 1024K, 2 young (2048K), 2 survivors (2048K)
 Metaspace       used 35694K, committed 36096K, reserved 393216K
  class space    used 4969K, committed 5120K, reserved 327680K
}
Event: 28.093 GC heap before
{Heap before GC invocations=8 (full 0):
 garbage-first heap   total 262144K, used 35852K [0x00000000e0000000, 0x0000000100000000)
  region size 1024K, 5 young (5120K), 2 survivors (2048K)
 Metaspace       used 35898K, committed 36288K, reserved 393216K
  class space    used 5006K, committed 5184K, reserved 327680K
}
Event: 28.096 GC heap after
{Heap after GC invocations=9 (full 0):
 garbage-first heap   total 262144K, used 32678K [0x00000000e0000000, 0x0000000100000000)
  region size 1024K, 1 young (1024K), 1 survivors (1024K)
 Metaspace       used 35898K, committed 36288K, reserved 393216K
  class space    used 5006K, committed 5184K, reserved 327680K
}

Dll operation events (15 events):
Event: 0.052 Loaded shared library C:\Users\Giang\.jdks\corretto-17.0.10\bin\java.dll
Event: 0.181 Loaded shared library C:\Users\Giang\.jdks\corretto-17.0.10\bin\jsvml.dll
Event: 0.794 Loaded shared library C:\Users\Giang\.jdks\corretto-17.0.10\bin\zip.dll
Event: 0.805 Loaded shared library C:\Users\Giang\.jdks\corretto-17.0.10\bin\instrument.dll
Event: 0.829 Loaded shared library C:\Users\Giang\.jdks\corretto-17.0.10\bin\net.dll
Event: 0.834 Loaded shared library C:\Users\Giang\.jdks\corretto-17.0.10\bin\nio.dll
Event: 0.864 Loaded shared library C:\Users\Giang\.jdks\corretto-17.0.10\bin\zip.dll
Event: 3.530 Loaded shared library C:\Users\Giang\.jdks\corretto-17.0.10\bin\jimage.dll
Event: 4.052 Loaded shared library C:\Users\Giang\.jdks\corretto-17.0.10\bin\verify.dll
Event: 4.779 Loaded shared library C:\Users\Giang\.gradle\native\c067742578af261105cb4f569cf0c3c89f3d7b1fecec35dd04571415982c5e48\windows-amd64\native-platform.dll
Event: 5.076 Loaded shared library C:\Users\Giang\.gradle\native\100fb08df4bc3b14c8652ba06237920a3bd2aa13389f12d3474272988ae205f9\windows-amd64\native-platform-file-events.dll
Event: 9.218 Loaded shared library C:\Users\Giang\.jdks\corretto-17.0.10\bin\management.dll
Event: 9.223 Loaded shared library C:\Users\Giang\.jdks\corretto-17.0.10\bin\management_ext.dll
Event: 12.211 Loaded shared library C:\Users\Giang\.jdks\corretto-17.0.10\bin\extnet.dll
Event: 15.082 Loaded shared library C:\Users\Giang\.jdks\corretto-17.0.10\bin\sunmscapi.dll

Deoptimization events (20 events):
Event: 35.224 Thread 0x000001f46c888e00 Uncommon trap: trap_request=0xffffff45 fr.pc=0x000001f44536bda4 relative=0x0000000000000f04
Event: 35.224 Thread 0x000001f46c888e00 Uncommon trap: reason=unstable_if action=reinterpret pc=0x000001f44536bda4 method=java.util.concurrent.ConcurrentHashMap.addCount(JI)V @ 7 c2
Event: 35.224 Thread 0x000001f46c888e00 DEOPT PACKING pc=0x000001f44536bda4 sp=0x00000034091fd820
Event: 35.224 Thread 0x000001f46c888e00 DEOPT UNPACKING pc=0x000001f444d669a3 sp=0x00000034091fd6f0 mode 2
Event: 35.267 Thread 0x000001f46c8888f0 DEOPT PACKING pc=0x000001f43dc914dc sp=0x00000034090fd9e0
Event: 35.267 Thread 0x000001f46c8888f0 DEOPT UNPACKING pc=0x000001f444d67143 sp=0x00000034090fcf60 mode 0
Event: 35.376 Thread 0x000001f45055ed50 DEOPT PACKING pc=0x000001f43dc914dc sp=0x00000034075f7330
Event: 35.376 Thread 0x000001f45055ed50 DEOPT UNPACKING pc=0x000001f444d67143 sp=0x00000034075f68b0 mode 0
Event: 35.463 Thread 0x000001f450560bb0 DEOPT PACKING pc=0x000001f43e17da71 sp=0x0000003407bfe7d0
Event: 35.463 Thread 0x000001f450560bb0 DEOPT UNPACKING pc=0x000001f444d67143 sp=0x0000003407bfdc70 mode 0
Event: 35.557 Thread 0x000001f450560bb0 DEOPT PACKING pc=0x000001f43e0d75c3 sp=0x0000003407bfe7e0
Event: 35.557 Thread 0x000001f450560bb0 DEOPT UNPACKING pc=0x000001f444d67143 sp=0x0000003407bfdc68 mode 0
Event: 35.561 Thread 0x000001f45055ed50 Uncommon trap: trap_request=0xffffffc6 fr.pc=0x000001f445324dd8 relative=0x0000000000001df8
Event: 35.561 Thread 0x000001f45055ed50 Uncommon trap: reason=bimorphic_or_optimized_type_check action=maybe_recompile pc=0x000001f445324dd8 method=java.util.HashMap.putVal(ILjava/lang/Object;Ljava/lang/Object;ZZ)Ljava/lang/Object; @ 91 c2
Event: 35.561 Thread 0x000001f45055ed50 DEOPT PACKING pc=0x000001f445324dd8 sp=0x00000034075f8be0
Event: 35.561 Thread 0x000001f45055ed50 DEOPT UNPACKING pc=0x000001f444d669a3 sp=0x00000034075f8aa8 mode 2
Event: 35.561 Thread 0x000001f45055ed50 Uncommon trap: trap_request=0xffffffc6 fr.pc=0x000001f445324dd8 relative=0x0000000000001df8
Event: 35.561 Thread 0x000001f45055ed50 Uncommon trap: reason=bimorphic_or_optimized_type_check action=maybe_recompile pc=0x000001f445324dd8 method=java.util.HashMap.putVal(ILjava/lang/Object;Ljava/lang/Object;ZZ)Ljava/lang/Object; @ 91 c2
Event: 35.561 Thread 0x000001f45055ed50 DEOPT PACKING pc=0x000001f445324dd8 sp=0x00000034075f8be0
Event: 35.561 Thread 0x000001f45055ed50 DEOPT UNPACKING pc=0x000001f444d669a3 sp=0x00000034075f8aa8 mode 2

Classes unloaded (0 events):
No events

Classes redefined (0 events):
No events

Internal exceptions (20 events):
Event: 32.056 Thread 0x000001f45055ed50 Exception <a 'java/lang/NoSuchMethodError'{0x00000000ec8240e0}: 'java.lang.Object java.lang.invoke.DirectMethodHandle$Holder.invokeSpecial(java.lang.Object, java.lang.Object, java.lang.Object, java.lang.Object, java.lang.Object, java.lang.Object, int)'> (0x00000000ec8240e0) 
thrown [s\src\hotspot\share\interpreter\linkResolver.cpp, line 759]
Event: 32.104 Thread 0x000001f45055ed50 Exception <a 'java/lang/NoSuchMethodError'{0x00000000ec881310}: 'java.lang.Object java.lang.invoke.DirectMethodHandle$Holder.invokeSpecial(java.lang.Object, java.lang.Object, java.lang.Object, java.lang.Object, java.lang.Object, long)'> (0x00000000ec881310) 
thrown [s\src\hotspot\share\interpreter\linkResolver.cpp, line 759]
Event: 32.108 Thread 0x000001f45055ed50 Exception <a 'java/lang/NoSuchMethodError'{0x00000000ec8aaa20}: 'void java.lang.invoke.DirectMethodHandle$Holder.invokeStatic(java.lang.Object, java.lang.Object, java.lang.Object, int, java.lang.Object)'> (0x00000000ec8aaa20) 
thrown [s\src\hotspot\share\interpreter\linkResolver.cpp, line 759]
Event: 32.610 Thread 0x000001f45055ed50 Exception <a 'java/lang/NoSuchMethodError'{0x00000000ec2d3d78}: 'java.lang.Object java.lang.invoke.DirectMethodHandle$Holder.invokeSpecial(java.lang.Object, java.lang.Object, java.lang.Object, java.lang.Object, int, java.lang.Object)'> (0x00000000ec2d3d78) 
thrown [s\src\hotspot\share\interpreter\linkResolver.cpp, line 759]
Event: 32.610 Thread 0x000001f45055ed50 Exception <a 'java/lang/NoSuchMethodError'{0x00000000ec2dc770}: 'java.lang.Object java.lang.invoke.DirectMethodHandle$Holder.newInvokeSpecial(java.lang.Object, java.lang.Object, java.lang.Object, java.lang.Object, int)'> (0x00000000ec2dc770) 
thrown [s\src\hotspot\share\interpreter\linkResolver.cpp, line 759]
Event: 32.611 Thread 0x000001f45055ed50 Exception <a 'java/lang/NoSuchMethodError'{0x00000000ec2e1620}: 'java.lang.Object java.lang.invoke.DirectMethodHandle$Holder.invokeSpecial(java.lang.Object, java.lang.Object, java.lang.Object, java.lang.Object, java.lang.Object, int)'> (0x00000000ec2e1620) 
thrown [s\src\hotspot\share\interpreter\linkResolver.cpp, line 759]
Event: 32.611 Thread 0x000001f45055ed50 Exception <a 'java/lang/NoSuchMethodError'{0x00000000ec2e5e08}: 'java.lang.Object java.lang.invoke.Invokers$Holder.linkToTargetMethod(java.lang.Object, java.lang.Object, java.lang.Object, int, java.lang.Object)'> (0x00000000ec2e5e08) 
thrown [s\src\hotspot\share\interpreter\linkResolver.cpp, line 759]
Event: 32.875 Thread 0x000001f45055ed50 Exception <a 'java/lang/NoSuchMethodError'{0x00000000ebf1a8d8}: 'int java.lang.invoke.DirectMethodHandle$Holder.invokeInterface(java.lang.Object, java.lang.Object, java.lang.Object, java.lang.Object)'> (0x00000000ebf1a8d8) 
thrown [s\src\hotspot\share\interpreter\linkResolver.cpp, line 759]
Event: 32.994 Thread 0x000001f45055ed50 Exception <a 'java/lang/NoSuchMethodError'{0x00000000ebedd470}: 'java.lang.Object java.lang.invoke.DirectMethodHandle$Holder.invokeStatic(java.lang.Object, long, java.lang.Object)'> (0x00000000ebedd470) 
thrown [s\src\hotspot\share\interpreter\linkResolver.cpp, line 759]
Event: 32.995 Thread 0x000001f45055ed50 Exception <a 'java/lang/NoSuchMethodError'{0x00000000ebee51a8}: 'java.lang.Object java.lang.invoke.DirectMethodHandle$Holder.newInvokeSpecial(java.lang.Object, long)'> (0x00000000ebee51a8) 
thrown [s\src\hotspot\share\interpreter\linkResolver.cpp, line 759]
Event: 33.006 Thread 0x000001f45055ed50 Exception <a 'java/lang/NoSuchMethodError'{0x00000000ebd41bb0}: 'java.lang.Object java.lang.invoke.DirectMethodHandle$Holder.newInvokeSpecial(java.lang.Object, java.lang.Object, java.lang.Object, java.lang.Object, java.lang.Object, long)'> (0x00000000ebd41bb0) 
thrown [s\src\hotspot\share\interpreter\linkResolver.cpp, line 759]
Event: 33.007 Thread 0x000001f45055ed50 Exception <a 'java/lang/NoSuchMethodError'{0x00000000ebd46a78}: 'java.lang.Object java.lang.invoke.DirectMethodHandle$Holder.invokeSpecial(java.lang.Object, java.lang.Object, java.lang.Object, java.lang.Object, java.lang.Object, java.lang.Object, long)'> (0x00000000ebd46a78) 
thrown [s\src\hotspot\share\interpreter\linkResolver.cpp, line 759]
Event: 33.014 Thread 0x000001f45055ed50 Exception <a 'java/lang/NoSuchMethodError'{0x00000000ebd94170}: 'java.lang.Object java.lang.invoke.DirectMethodHandle$Holder.newInvokeSpecial(java.lang.Object, java.lang.Object, java.lang.Object, long)'> (0x00000000ebd94170) 
thrown [s\src\hotspot\share\interpreter\linkResolver.cpp, line 759]
Event: 33.015 Thread 0x000001f45055ed50 Exception <a 'java/lang/NoSuchMethodError'{0x00000000ebd99168}: 'java.lang.Object java.lang.invoke.DirectMethodHandle$Holder.invokeSpecial(java.lang.Object, java.lang.Object, java.lang.Object, java.lang.Object, long)'> (0x00000000ebd99168) 
thrown [s\src\hotspot\share\interpreter\linkResolver.cpp, line 759]
Event: 33.015 Thread 0x000001f45055ed50 Exception <a 'java/lang/NoSuchMethodError'{0x00000000ebd9d848}: 'java.lang.Object java.lang.invoke.Invokers$Holder.linkToTargetMethod(java.lang.Object, java.lang.Object, long, java.lang.Object)'> (0x00000000ebd9d848) 
thrown [s\src\hotspot\share\interpreter\linkResolver.cpp, line 759]
Event: 33.117 Thread 0x000001f45055ed50 Exception <a 'java/lang/NoSuchMethodError'{0x00000000ebbc92c8}: 'java.lang.Object java.lang.invoke.DirectMethodHandle$Holder.invokeSpecial(java.lang.Object, java.lang.Object, long, java.lang.Object, java.lang.Object)'> (0x00000000ebbc92c8) 
thrown [s\src\hotspot\share\interpreter\linkResolver.cpp, line 759]
Event: 33.338 Thread 0x000001f45055ed50 Exception <a 'java/lang/NoSuchMethodError'{0x00000000eb9931f8}: 'java.lang.Object java.lang.invoke.DirectMethodHandle$Holder.newInvokeSpecial(java.lang.Object, java.lang.Object, int)'> (0x00000000eb9931f8) 
thrown [s\src\hotspot\share\interpreter\linkResolver.cpp, line 759]
Event: 34.767 Thread 0x000001f45055ed50 Exception <a 'java/lang/NoSuchMethodError'{0x00000000eb309610}: 'java.lang.Object java.lang.invoke.DirectMethodHandle$Holder.newInvokeSpecial(java.lang.Object, java.lang.Object, java.lang.Object, java.lang.Object, int, java.lang.Object)'> (0x00000000eb309610) 
thrown [s\src\hotspot\share\interpreter\linkResolver.cpp, line 759]
Event: 34.768 Thread 0x000001f45055ed50 Exception <a 'java/lang/NoSuchMethodError'{0x00000000eb30e678}: 'java.lang.Object java.lang.invoke.Invokers$Holder.linkToTargetMethod(java.lang.Object, java.lang.Object, java.lang.Object, int, java.lang.Object, java.lang.Object)'> (0x00000000eb30e678) 
thrown [s\src\hotspot\share\interpreter\linkResolver.cpp, line 759]
Event: 35.151 Thread 0x000001f45055ed50 Exception <a 'java/lang/NoSuchMethodError'{0x00000000eac48bc8}: 'java.lang.Object java.lang.invoke.DirectMethodHandle$Holder.invokeSpecialIFC(java.lang.Object, java.lang.Object, java.lang.Object)'> (0x00000000eac48bc8) 
thrown [s\src\hotspot\share\interpreter\linkResolver.cpp, line 759]

VM Operations (20 events):
Event: 32.860 Executing VM operation: HandshakeAllThreads
Event: 32.860 Executing VM operation: HandshakeAllThreads done
Event: 32.874 Executing VM operation: HandshakeAllThreads
Event: 32.874 Executing VM operation: HandshakeAllThreads done
Event: 33.884 Executing VM operation: Cleanup
Event: 33.987 Executing VM operation: Cleanup done
Event: 34.695 Executing VM operation: HandshakeAllThreads
Event: 34.695 Executing VM operation: HandshakeAllThreads done
Event: 35.066 Executing VM operation: HandshakeAllThreads
Event: 35.066 Executing VM operation: HandshakeAllThreads done
Event: 35.066 Executing VM operation: Cleanup
Event: 35.069 Executing VM operation: Cleanup done
Event: 35.086 Executing VM operation: HandshakeAllThreads
Event: 35.111 Executing VM operation: HandshakeAllThreads done
Event: 35.157 Executing VM operation: HandshakeAllThreads
Event: 35.212 Executing VM operation: HandshakeAllThreads done
Event: 35.316 Executing VM operation: ICBufferFull
Event: 35.317 Executing VM operation: ICBufferFull done
Event: 36.026 Executing VM operation: ICBufferFull
Event: 36.026 Executing VM operation: ICBufferFull done

Events (20 events):
Event: 35.221 Thread 0x000001f450140040 flushing nmethod 0x000001f43e07ad10
Event: 35.221 Thread 0x000001f450140040 flushing nmethod 0x000001f43e07b090
Event: 35.221 Thread 0x000001f450140040 flushing nmethod 0x000001f43e081e90
Event: 35.221 Thread 0x000001f450140040 flushing nmethod 0x000001f43e082290
Event: 35.221 Thread 0x000001f450140040 flushing nmethod 0x000001f43e083090
Event: 35.221 Thread 0x000001f450140040 flushing nmethod 0x000001f43e083590
Event: 35.221 Thread 0x000001f450140040 flushing nmethod 0x000001f43e084390
Event: 35.221 Thread 0x000001f450140040 flushing nmethod 0x000001f43e084810
Event: 35.222 Thread 0x000001f450140040 flushing nmethod 0x000001f43e0bb790
Event: 35.222 Thread 0x000001f450140040 flushing nmethod 0x000001f43e134c90
Event: 35.222 Thread 0x000001f450140040 flushing nmethod 0x000001f43e13a110
Event: 35.222 Thread 0x000001f450140040 flushing nmethod 0x000001f43e182810
Event: 35.565 loading class java/util/stream/SortedOps
Event: 35.566 loading class java/util/stream/SortedOps done
Event: 35.566 loading class java/util/stream/SortedOps$OfRef
Event: 35.566 loading class java/util/stream/SortedOps$OfRef done
Event: 35.567 loading class java/util/stream/SortedOps$SizedRefSortingSink
Event: 35.567 loading class java/util/stream/SortedOps$AbstractRefSortingSink
Event: 35.568 loading class java/util/stream/SortedOps$AbstractRefSortingSink done
Event: 35.568 loading class java/util/stream/SortedOps$SizedRefSortingSink done


Dynamic libraries:
0x00007ff796860000 - 0x00007ff79686e000 	C:\Users\Giang\.jdks\corretto-17.0.10\bin\java.exe
0x00007ff94b450000 - 0x00007ff94b648000 	C:\Windows\SYSTEM32\ntdll.dll
0x00007ff949ec0000 - 0x00007ff949f81000 	C:\Windows\System32\KERNEL32.DLL
0x00007ff948d60000 - 0x00007ff94905d000 	C:\Windows\System32\KERNELBASE.dll
0x00007ff949060000 - 0x00007ff949160000 	C:\Windows\System32\ucrtbase.dll
0x00007ff9392a0000 - 0x00007ff9392b7000 	C:\Users\Giang\.jdks\corretto-17.0.10\bin\jli.dll
0x00007ff94a5c0000 - 0x00007ff94a75d000 	C:\Windows\System32\USER32.dll
0x00007ff949160000 - 0x00007ff949182000 	C:\Windows\System32\win32u.dll
0x00007ff94b160000 - 0x00007ff94b18b000 	C:\Windows\System32\GDI32.dll
0x00007ff949190000 - 0x00007ff9492a7000 	C:\Windows\System32\gdi32full.dll
0x00007ff949360000 - 0x00007ff9493fd000 	C:\Windows\System32\msvcp_win.dll
0x00007ff935e00000 - 0x00007ff935e1b000 	C:\Users\Giang\.jdks\corretto-17.0.10\bin\VCRUNTIME140.dll
0x00007ff9370e0000 - 0x00007ff93737a000 	C:\Windows\WinSxS\amd64_microsoft.windows.common-controls_6595b64144ccf1df_6.0.19041.4355_none_60b8b9eb71f62e16\COMCTL32.dll
0x00007ff94a930000 - 0x00007ff94a9ce000 	C:\Windows\System32\msvcrt.dll
0x00007ff94a230000 - 0x00007ff94a25f000 	C:\Windows\System32\IMM32.DLL
0x00007ff946160000 - 0x00007ff94616c000 	C:\Users\Giang\.jdks\corretto-17.0.10\bin\vcruntime140_1.dll
0x00007ff921540000 - 0x00007ff9215cd000 	C:\Users\Giang\.jdks\corretto-17.0.10\bin\msvcp140.dll
0x00007ff90f390000 - 0x00007ff90fff2000 	C:\Users\Giang\.jdks\corretto-17.0.10\bin\server\jvm.dll
0x00007ff94b360000 - 0x00007ff94b410000 	C:\Windows\System32\ADVAPI32.dll
0x00007ff94b2c0000 - 0x00007ff94b360000 	C:\Windows\System32\sechost.dll
0x00007ff94a260000 - 0x00007ff94a383000 	C:\Windows\System32\RPCRT4.dll
0x00007ff949400000 - 0x00007ff949427000 	C:\Windows\System32\bcrypt.dll
0x00007ff948080000 - 0x00007ff9480cb000 	C:\Windows\SYSTEM32\POWRPROF.dll
0x00007ff943950000 - 0x00007ff943959000 	C:\Windows\SYSTEM32\WSOCK32.dll
0x00007ff94a430000 - 0x00007ff94a49b000 	C:\Windows\System32\WS2_32.dll
0x00007ff93cba0000 - 0x00007ff93cbc7000 	C:\Windows\SYSTEM32\WINMM.dll
0x00007ff941500000 - 0x00007ff94150a000 	C:\Windows\SYSTEM32\VERSION.dll
0x00007ff947ef0000 - 0x00007ff947f02000 	C:\Windows\SYSTEM32\UMPDC.dll
0x00007ff946980000 - 0x00007ff946992000 	C:\Windows\SYSTEM32\kernel.appcore.dll
0x00007ff943980000 - 0x00007ff94398a000 	C:\Users\Giang\.jdks\corretto-17.0.10\bin\jimage.dll
0x00007ff940080000 - 0x00007ff940264000 	C:\Windows\SYSTEM32\DBGHELP.DLL
0x00007ff940040000 - 0x00007ff940074000 	C:\Windows\SYSTEM32\dbgcore.DLL
0x00007ff948c60000 - 0x00007ff948ce2000 	C:\Windows\System32\bcryptPrimitives.dll
0x00007ff943530000 - 0x00007ff94353e000 	C:\Users\Giang\.jdks\corretto-17.0.10\bin\instrument.dll
0x00007ff92e2d0000 - 0x00007ff92e2f5000 	C:\Users\Giang\.jdks\corretto-17.0.10\bin\java.dll
0x00007ff91e050000 - 0x00007ff91e127000 	C:\Users\Giang\.jdks\corretto-17.0.10\bin\jsvml.dll
0x00007ff94a9d0000 - 0x00007ff94b13f000 	C:\Windows\System32\SHELL32.dll
0x00007ff946b80000 - 0x00007ff94731f000 	C:\Windows\SYSTEM32\windows.storage.dll
0x00007ff949ab0000 - 0x00007ff949e03000 	C:\Windows\System32\combase.dll
0x00007ff948520000 - 0x00007ff94854e000 	C:\Windows\SYSTEM32\Wldp.dll
0x00007ff94b190000 - 0x00007ff94b25d000 	C:\Windows\System32\OLEAUT32.dll
0x00007ff949e10000 - 0x00007ff949ebd000 	C:\Windows\System32\SHCORE.dll
0x00007ff94a1d0000 - 0x00007ff94a225000 	C:\Windows\System32\shlwapi.dll
0x00007ff948a30000 - 0x00007ff948a54000 	C:\Windows\SYSTEM32\profapi.dll
0x00007ff934460000 - 0x00007ff934478000 	C:\Users\Giang\.jdks\corretto-17.0.10\bin\zip.dll
0x00007ff933e40000 - 0x00007ff933e59000 	C:\Users\Giang\.jdks\corretto-17.0.10\bin\net.dll
0x00007ff9402e0000 - 0x00007ff9403ed000 	C:\Windows\SYSTEM32\WINHTTP.dll
0x00007ff948280000 - 0x00007ff9482ea000 	C:\Windows\system32\mswsock.dll
0x00007ff9335c0000 - 0x00007ff9335d6000 	C:\Users\Giang\.jdks\corretto-17.0.10\bin\nio.dll
0x00007ff943670000 - 0x00007ff943680000 	C:\Users\Giang\.jdks\corretto-17.0.10\bin\verify.dll
0x00007ff942c60000 - 0x00007ff942c87000 	C:\Users\Giang\.gradle\native\c067742578af261105cb4f569cf0c3c89f3d7b1fecec35dd04571415982c5e48\windows-amd64\native-platform.dll
0x00007ff91c2b0000 - 0x00007ff91c3f4000 	C:\Users\Giang\.gradle\native\100fb08df4bc3b14c8652ba06237920a3bd2aa13389f12d3474272988ae205f9\windows-amd64\native-platform-file-events.dll
0x00007ff943340000 - 0x00007ff943349000 	C:\Users\Giang\.jdks\corretto-17.0.10\bin\management.dll
0x00007ff9432c0000 - 0x00007ff9432cb000 	C:\Users\Giang\.jdks\corretto-17.0.10\bin\management_ext.dll
0x00007ff94a420000 - 0x00007ff94a428000 	C:\Windows\System32\PSAPI.DLL
0x00007ff948470000 - 0x00007ff948488000 	C:\Windows\SYSTEM32\CRYPTSP.dll
0x00007ff947b30000 - 0x00007ff947b64000 	C:\Windows\system32\rsaenh.dll
0x00007ff9489a0000 - 0x00007ff9489ce000 	C:\Windows\SYSTEM32\USERENV.dll
0x00007ff948490000 - 0x00007ff94849c000 	C:\Windows\SYSTEM32\CRYPTBASE.dll
0x00007ff947f10000 - 0x00007ff947f4b000 	C:\Windows\SYSTEM32\IPHLPAPI.DLL
0x00007ff949aa0000 - 0x00007ff949aa8000 	C:\Windows\System32\NSI.dll
0x00007ff940f00000 - 0x00007ff940f17000 	C:\Windows\SYSTEM32\dhcpcsvc6.DLL
0x00007ff941110000 - 0x00007ff94112d000 	C:\Windows\SYSTEM32\dhcpcsvc.DLL
0x00007ff947f60000 - 0x00007ff94802a000 	C:\Windows\SYSTEM32\DNSAPI.dll
0x00007ff9432b0000 - 0x00007ff9432b9000 	C:\Users\Giang\.jdks\corretto-17.0.10\bin\extnet.dll
0x00007ff942c50000 - 0x00007ff942c5e000 	C:\Users\Giang\.jdks\corretto-17.0.10\bin\sunmscapi.dll
0x00007ff948b00000 - 0x00007ff948c5e000 	C:\Windows\System32\CRYPT32.dll
0x00007ff948590000 - 0x00007ff9485b9000 	C:\Windows\SYSTEM32\ncrypt.dll
0x00007ff948550000 - 0x00007ff94858b000 	C:\Windows\SYSTEM32\NTASN1.dll
0x00007ff941d90000 - 0x00007ff941d97000 	C:\Windows\system32\wshunix.dll

dbghelp: loaded successfully - version: 4.0.5 - missing functions: none
symbol engine: initialized successfully - sym options: 0x614 - pdb path: .;C:\Users\Giang\.jdks\corretto-17.0.10\bin;C:\Windows\SYSTEM32;C:\Windows\WinSxS\amd64_microsoft.windows.common-controls_6595b64144ccf1df_6.0.19041.4355_none_60b8b9eb71f62e16;C:\Users\Giang\.jdks\corretto-17.0.10\bin\server;C:\Users\Giang\.gradle\native\c067742578af261105cb4f569cf0c3c89f3d7b1fecec35dd04571415982c5e48\windows-amd64;C:\Users\Giang\.gradle\native\100fb08df4bc3b14c8652ba06237920a3bd2aa13389f12d3474272988ae205f9\windows-amd64

VM Arguments:
jvm_args: --add-opens=java.base/java.util=ALL-UNNAMED --add-opens=java.base/java.lang=ALL-UNNAMED --add-opens=java.base/java.lang.invoke=ALL-UNNAMED --add-opens=java.prefs/java.util.prefs=ALL-UNNAMED --add-opens=java.base/java.nio.charset=ALL-UNNAMED --add-opens=java.base/java.net=ALL-UNNAMED --add-opens=java.base/java.util.concurrent.atomic=ALL-UNNAMED -XX:MaxMetaspaceSize=384m -XX:+HeapDumpOnOutOfMemoryError -Xms256m -Xmx512m -Dfile.encoding=windows-1252 -Duser.country=US -Duser.language=en -Duser.variant -javaagent:C:\Users\Giang\.gradle\wrapper\dists\gradle-8.8-bin\dl7vupf4psengwqhwktix4v1\gradle-8.8\lib\agents\gradle-instrumentation-agent-8.8.jar 
java_command: org.gradle.launcher.daemon.bootstrap.GradleDaemon 8.8
java_class_path (initial): C:\Users\Giang\.gradle\wrapper\dists\gradle-8.8-bin\dl7vupf4psengwqhwktix4v1\gradle-8.8\lib\gradle-launcher-8.8.jar
Launcher Type: SUN_STANDARD

[Global flags]
     intx CICompilerCount                          = 3                                         {product} {ergonomic}
   size_t CompressedClassSpaceSize                 = 335544320                                 {product} {ergonomic}
     uint ConcGCThreads                            = 1                                         {product} {ergonomic}
     uint G1ConcRefinementThreads                  = 4                                         {product} {ergonomic}
   size_t G1HeapRegionSize                         = 1048576                                   {product} {ergonomic}
    uintx GCDrainStackTargetSize                   = 64                                        {product} {ergonomic}
     bool HeapDumpOnOutOfMemoryError               = true                                   {manageable} {command line}
   size_t InitialHeapSize                          = 268435456                                 {product} {command line}
   size_t MarkStackSize                            = 4194304                                   {product} {ergonomic}
   size_t MaxHeapSize                              = 536870912                                 {product} {command line}
   size_t MaxMetaspaceSize                         = 402653184                                 {product} {command line}
   size_t MaxNewSize                               = 321912832                                 {product} {ergonomic}
   size_t MinHeapDeltaBytes                        = 1048576                                   {product} {ergonomic}
   size_t MinHeapSize                              = 268435456                                 {product} {command line}
    uintx NonNMethodCodeHeapSize                   = 5832780                                {pd product} {ergonomic}
    uintx NonProfiledCodeHeapSize                  = 122912730                              {pd product} {ergonomic}
    uintx ProfiledCodeHeapSize                     = 122912730                              {pd product} {ergonomic}
    uintx ReservedCodeCacheSize                    = 251658240                              {pd product} {ergonomic}
     bool SegmentedCodeCache                       = true                                      {product} {ergonomic}
   size_t SoftMaxHeapSize                          = 536870912                              {manageable} {ergonomic}
     bool UseCompressedClassPointers               = true                           {product lp64_product} {ergonomic}
     bool UseCompressedOops                        = true                           {product lp64_product} {ergonomic}
     bool UseG1GC                                  = true                                      {product} {ergonomic}
     bool UseLargePagesIndividualAllocation        = false                                  {pd product} {ergonomic}

Logging:
Log output configuration:
 #0: stdout all=warning uptime,level,tags
 #1: stderr all=off uptime,level,tags

Environment Variables:
PATH=C:\Program Files\Common Files\Oracle\Java\javapath;C:\Windows\system32;C:\Windows;C:\Windows\System32\Wbem;C:\Windows\System32\WindowsPowerShell\v1.0\;C:\Windows\System32\OpenSSH\;C:\Program Files\MySQL\MySQL Server 8.0\bin;%JAVA_HOME%\bin;C:\Gradle\gradle-6.8\bin;C:\Program Files\Git\cmd;C:\Program Files\Java\jdk-17\bin;C:\Program Files\nodejs\;C:\Program Files\MySQL\MySQL Shell 8.0\bin\;C:\Users\Giang\AppData\Local\Microsoft\WindowsApps;C:\Users\Giang\AppData\Local\GitHubDesktop\bin;D:\Microsoft VS Code\bin;C:\Users\Giang\AppData\Roaming\npm
USERNAME=Giang
OS=Windows_NT
PROCESSOR_IDENTIFIER=Intel64 Family 6 Model 61 Stepping 4, GenuineIntel
TMP=C:\Users\Giang\AppData\Local\Temp
TEMP=C:\Users\Giang\AppData\Local\Temp



Periodic native trim disabled


---------------  S Y S T E M  ---------------

OS:
 Windows 10 , 64 bit Build 19041 (10.0.19041.4717)
OS uptime: 0 days 7:04 hours

CPU: total 4 (initial active 4) (2 cores per cpu, 2 threads per core) family 6 model 61 stepping 4 microcode 0x2d, cx8, cmov, fxsr, ht, mmx, 3dnowpref, sse, sse2, sse3, ssse3, sse4.1, sse4.2, popcnt, lzcnt, tsc, tscinvbit, avx, avx2, aes, erms, clmul, bmi1, bmi2, rtm, adx, fma, vzeroupper, clflush
Processor Information for all 4 processors :
  Max Mhz: 2594, Current Mhz: 2594, Mhz Limit: 2594

Memory: 4k page, system-wide physical 7887M (252M free)
TotalPageFile size 15055M (AvailPageFile size 5M)
current process WorkingSet (physical memory assigned to process): 325M, peak: 326M
current process commit charge ("private bytes"): 446M, peak: 447M

vm_info: OpenJDK 64-Bit Server VM (17.0.10+7-LTS) for windows-amd64 JRE (17.0.10+7-LTS), built on Jan 10 2024 22:11:07 by "Administrator" with MS VC++ 16.10 / 16.11 (VS2019)

END.
