#
# There is insufficient memory for the Java Runtime Environment to continue.
# Native memory allocation (malloc) failed to allocate 2038624 bytes for Chunk::new
# Possible reasons:
#   The system is out of physical RAM or swap space
#   The process is running with CompressedOops enabled, and the Java Heap may be blocking the growth of the native heap
# Possible solutions:
#   Reduce memory load on the system
#   Increase physical memory or swap space
#   Check if swap backing store is full
#   Decrease Java heap size (-Xmx/-Xms)
#   Decrease number of Java threads
#   Decrease Java thread stack sizes (-Xss)
#   Set larger code cache with -XX:ReservedCodeCacheSize=
#   JVM is running with Unscaled Compressed Oops mode in which the Java heap is
#     placed in the first 4GB address space. The Java Heap base address is the
#     maximum limit for the native heap growth. Please use -XX:HeapBaseMinAddress
#     to set the Java Heap base and to place the Java Heap above 4GB virtual address.
# This output file may be truncated or incomplete.
#
#  Out of Memory Error (arena.cpp:191), pid=12364, tid=2852
#
# JRE version: OpenJDK Runtime Environment Corretto-17.0.10.7.1 (17.0.10+7) (build 17.0.10+7-LTS)
# Java VM: OpenJDK 64-Bit Server VM Corretto-17.0.10.7.1 (17.0.10+7-LTS, mixed mode, sharing, tiered, compressed oops, compressed class ptrs, g1 gc, windows-amd64)
# No core dump will be written. Minidumps are not enabled by default on client versions of Windows
#

---------------  S U M M A R Y ------------

Command Line: --add-opens=java.base/java.util=ALL-UNNAMED --add-opens=java.base/java.lang=ALL-UNNAMED --add-opens=java.base/java.lang.invoke=ALL-UNNAMED --add-opens=java.prefs/java.util.prefs=ALL-UNNAMED --add-opens=java.base/java.nio.charset=ALL-UNNAMED --add-opens=java.base/java.net=ALL-UNNAMED --add-opens=java.base/java.util.concurrent.atomic=ALL-UNNAMED -XX:MaxMetaspaceSize=384m -XX:+HeapDumpOnOutOfMemoryError -Xms256m -Xmx512m -Dfile.encoding=windows-1252 -Duser.country=US -Duser.language=en -Duser.variant -javaagent:C:\Users\Giang\.gradle\wrapper\dists\gradle-8.8-bin\dl7vupf4psengwqhwktix4v1\gradle-8.8\lib\agents\gradle-instrumentation-agent-8.8.jar org.gradle.launcher.daemon.bootstrap.GradleDaemon 8.8

Host: Intel(R) Core(TM) i7-5600U CPU @ 2.60GHz, 4 cores, 7G,  Windows 10 , 64 bit Build 19041 (10.0.19041.4717)
Time: Thu Aug 15 10:53:50 2024 SE Asia Standard Time elapsed time: 43.231904 seconds (0d 0h 0m 43s)

---------------  T H R E A D  ---------------

Current thread (0x000001ddc178e810):  JavaThread "C2 CompilerThread0" daemon [_thread_in_native, id=2852, stack(0x0000009e90300000,0x0000009e90400000)]


Current CompileTask:
C2:  43232 5935   !   4       com.google.common.reflect.TypeVisitor::visit (225 bytes)

Stack: [0x0000009e90300000,0x0000009e90400000]
Native frames: (J=compiled Java code, j=interpreted, Vv=VM code, C=native code)
V  [jvm.dll+0x67d2c9]
V  [jvm.dll+0x834b1a]
V  [jvm.dll+0x8365de]
V  [jvm.dll+0x836c43]
V  [jvm.dll+0x2477ff]
V  [jvm.dll+0xac514]
V  [jvm.dll+0xacb5c]
V  [jvm.dll+0x3667d7]
V  [jvm.dll+0x330bfa]
V  [jvm.dll+0x33009a]
V  [jvm.dll+0x219ef1]
V  [jvm.dll+0x219311]
V  [jvm.dll+0x1a502d]
V  [jvm.dll+0x2290de]
V  [jvm.dll+0x2272ac]
V  [jvm.dll+0x7e9bd7]
V  [jvm.dll+0x7e3fda]
V  [jvm.dll+0x67c1b5]
C  [ucrtbase.dll+0x21bb2]
C  [KERNEL32.DLL+0x17374]
C  [ntdll.dll+0x4cc91]


---------------  P R O C E S S  ---------------

Threads class SMR info:
_java_thread_list=0x000001ddddecb8c0, length=48, elements={
0x000001dda7490f60, 0x000001ddc1773a30, 0x000001ddc17757d0, 0x000001ddc1789ee0,
0x000001ddc178a9b0, 0x000001ddc178d290, 0x000001ddc178db60, 0x000001ddc178e810,
0x000001ddc178f1d0, 0x000001ddc1918070, 0x000001ddc1995810, 0x000001ddc1a28200,
0x000001dddb92a560, 0x000001dddb8934c0, 0x000001ddc1b96ef0, 0x000001dddc507e40,
0x000001dddb8fc0b0, 0x000001dddc54ee40, 0x000001dddc54f860, 0x000001dddc54e930,
0x000001dddc550790, 0x000001dddc54df10, 0x000001dddc54d4f0, 0x000001dddc550280,
0x000001dddc54f350, 0x000001dddc54fd70, 0x000001dddc54da00, 0x000001dddc550ca0,
0x000001dddd5a7470, 0x000001dddd5a7980, 0x000001dddd5a4bf0, 0x000001dddd5a7e90,
0x000001dddd5a46e0, 0x000001dddd5a5100, 0x000001dddd5a5610, 0x000001dddd5a6030,
0x000001dddd5a6a50, 0x000001dddd5a6540, 0x000001ddc19811c0, 0x000001ddc19807a0,
0x000001ddc1980cb0, 0x000001ddc1981be0, 0x000001ddc197da10, 0x000001ddc197e940,
0x000001ddc197b190, 0x000001ddc19816d0, 0x000001ddc197ee50, 0x000001ddc197bbb0
}

Java Threads: ( => current thread )
  0x000001dda7490f60 JavaThread "main" [_thread_blocked, id=11672, stack(0x0000009e8f500000,0x0000009e8f600000)]
  0x000001ddc1773a30 JavaThread "Reference Handler" daemon [_thread_blocked, id=10388, stack(0x0000009e8fd00000,0x0000009e8fe00000)]
  0x000001ddc17757d0 JavaThread "Finalizer" daemon [_thread_blocked, id=5980, stack(0x0000009e8fe00000,0x0000009e8ff00000)]
  0x000001ddc1789ee0 JavaThread "Signal Dispatcher" daemon [_thread_blocked, id=7472, stack(0x0000009e8ff00000,0x0000009e90000000)]
  0x000001ddc178a9b0 JavaThread "Attach Listener" daemon [_thread_blocked, id=8920, stack(0x0000009e90000000,0x0000009e90100000)]
  0x000001ddc178d290 JavaThread "Service Thread" daemon [_thread_blocked, id=10304, stack(0x0000009e90100000,0x0000009e90200000)]
  0x000001ddc178db60 JavaThread "Monitor Deflation Thread" daemon [_thread_blocked, id=7584, stack(0x0000009e90200000,0x0000009e90300000)]
=>0x000001ddc178e810 JavaThread "C2 CompilerThread0" daemon [_thread_in_native, id=2852, stack(0x0000009e90300000,0x0000009e90400000)]
  0x000001ddc178f1d0 JavaThread "C1 CompilerThread0" daemon [_thread_blocked, id=12860, stack(0x0000009e90400000,0x0000009e90500000)]
  0x000001ddc1918070 JavaThread "Sweeper thread" daemon [_thread_blocked, id=10328, stack(0x0000009e90500000,0x0000009e90600000)]
  0x000001ddc1995810 JavaThread "Common-Cleaner" daemon [_thread_blocked, id=13772, stack(0x0000009e90600000,0x0000009e90700000)]
  0x000001ddc1a28200 JavaThread "Notification Thread" daemon [_thread_blocked, id=1192, stack(0x0000009e90700000,0x0000009e90800000)]
  0x000001dddb92a560 JavaThread "Daemon health stats" [_thread_blocked, id=652, stack(0x0000009e90d00000,0x0000009e90e00000)]
  0x000001dddb8934c0 JavaThread "Incoming local TCP Connector on port 56222" [_thread_in_native, id=9300, stack(0x0000009e90c00000,0x0000009e90d00000)]
  0x000001ddc1b96ef0 JavaThread "Daemon periodic checks" [_thread_blocked, id=7460, stack(0x0000009e90e00000,0x0000009e90f00000)]
  0x000001dddc507e40 JavaThread "Daemon" [_thread_blocked, id=5388, stack(0x0000009e90f00000,0x0000009e91000000)]
  0x000001dddb8fc0b0 JavaThread "Handler for socket connection from /127.0.0.1:56222 to /127.0.0.1:56223" [_thread_in_native, id=11220, stack(0x0000009e91000000,0x0000009e91100000)]
  0x000001dddc54ee40 JavaThread "Cancel handler" [_thread_blocked, id=12368, stack(0x0000009e91100000,0x0000009e91200000)]
  0x000001dddc54f860 JavaThread "Daemon worker" [_thread_in_vm, id=13216, stack(0x0000009e91200000,0x0000009e91300000)]
  0x000001dddc54e930 JavaThread "Asynchronous log dispatcher for DefaultDaemonConnection: socket connection from /127.0.0.1:56222 to /127.0.0.1:56223" [_thread_blocked, id=3204, stack(0x0000009e91300000,0x0000009e91400000)]
  0x000001dddc550790 JavaThread "Stdin handler" [_thread_blocked, id=13032, stack(0x0000009e91400000,0x0000009e91500000)]
  0x000001dddc54df10 JavaThread "Daemon client event forwarder" [_thread_blocked, id=8040, stack(0x0000009e91500000,0x0000009e91600000)]
  0x000001dddc54d4f0 JavaThread "Cache worker for journal cache (C:\Users\Giang\.gradle\caches\journal-1)" [_thread_blocked, id=14128, stack(0x0000009e91600000,0x0000009e91700000)]
  0x000001dddc550280 JavaThread "File lock request listener" [_thread_in_native, id=10648, stack(0x0000009e91700000,0x0000009e91800000)]
  0x000001dddc54f350 JavaThread "Cache worker for file hash cache (C:\Users\Giang\.gradle\caches\8.8\fileHashes)" [_thread_blocked, id=8840, stack(0x0000009e91900000,0x0000009e91a00000)]
  0x000001dddc54fd70 JavaThread "Cache worker for file hash cache (D:\OJT\day1\OJT_BE\.gradle\8.8\fileHashes)" [_thread_blocked, id=384, stack(0x0000009e91a00000,0x0000009e91b00000)]
  0x000001dddc54da00 JavaThread "File lock release action executor" [_thread_blocked, id=10516, stack(0x0000009e91b00000,0x0000009e91c00000)]
  0x000001dddc550ca0 JavaThread "File watcher server" daemon [_thread_in_native, id=12016, stack(0x0000009e91c00000,0x0000009e91d00000)]
  0x000001dddd5a7470 JavaThread "File watcher consumer" daemon [_thread_blocked, id=1744, stack(0x0000009e91d00000,0x0000009e91e00000)]
  0x000001dddd5a7980 JavaThread "Cache worker for checksums cache (D:\OJT\day1\OJT_BE\.gradle\8.8\checksums)" [_thread_blocked, id=11588, stack(0x0000009e91800000,0x0000009e91900000)]
  0x000001dddd5a4bf0 JavaThread "Cache worker for file content cache (C:\Users\Giang\.gradle\caches\8.8\fileContent)" [_thread_blocked, id=5884, stack(0x0000009e91e00000,0x0000009e91f00000)]
  0x000001dddd5a7e90 JavaThread "Cache worker for cache directory md-rule (C:\Users\Giang\.gradle\caches\8.8\md-rule)" [_thread_blocked, id=13956, stack(0x0000009e91f00000,0x0000009e92000000)]
  0x000001dddd5a46e0 JavaThread "Cache worker for cache directory md-supplier (C:\Users\Giang\.gradle\caches\8.8\md-supplier)" [_thread_blocked, id=13288, stack(0x0000009e92000000,0x0000009e92100000)]
  0x000001dddd5a5100 JavaThread "jar transforms" [_thread_blocked, id=9496, stack(0x0000009e92200000,0x0000009e92300000)]
  0x000001dddd5a5610 JavaThread "jar transforms Thread 2" [_thread_blocked, id=804, stack(0x0000009e92300000,0x0000009e92400000)]
  0x000001dddd5a6030 JavaThread "jar transforms Thread 3" [_thread_blocked, id=10892, stack(0x0000009e92100000,0x0000009e92200000)]
  0x000001dddd5a6a50 JavaThread "jar transforms Thread 4" [_thread_blocked, id=13016, stack(0x0000009e92400000,0x0000009e92500000)]
  0x000001dddd5a6540 JavaThread "Cache worker for Build Output Cleanup Cache (D:\OJT\day1\OJT_BE\.gradle\buildOutputCleanup)" [_thread_blocked, id=14160, stack(0x0000009e92500000,0x0000009e92600000)]
  0x000001ddc19811c0 JavaThread "Unconstrained build operations" [_thread_blocked, id=11080, stack(0x0000009e92600000,0x0000009e92700000)]
  0x000001ddc19807a0 JavaThread "Unconstrained build operations Thread 2" [_thread_blocked, id=4488, stack(0x0000009e92700000,0x0000009e92800000)]
  0x000001ddc1980cb0 JavaThread "Unconstrained build operations Thread 3" [_thread_blocked, id=11768, stack(0x0000009e92800000,0x0000009e92900000)]
  0x000001ddc1981be0 JavaThread "Unconstrained build operations Thread 4" [_thread_blocked, id=12104, stack(0x0000009e92900000,0x0000009e92a00000)]
  0x000001ddc197da10 JavaThread "Unconstrained build operations Thread 5" [_thread_blocked, id=4596, stack(0x0000009e92a00000,0x0000009e92b00000)]
  0x000001ddc197e940 JavaThread "Unconstrained build operations Thread 6" [_thread_blocked, id=8964, stack(0x0000009e92b00000,0x0000009e92c00000)]
  0x000001ddc197b190 JavaThread "Unconstrained build operations Thread 7" [_thread_blocked, id=12792, stack(0x0000009e92c00000,0x0000009e92d00000)]
  0x000001ddc19816d0 JavaThread "Unconstrained build operations Thread 8" [_thread_blocked, id=12492, stack(0x0000009e92d00000,0x0000009e92e00000)]
  0x000001ddc197ee50 JavaThread "Unconstrained build operations Thread 9" [_thread_blocked, id=4452, stack(0x0000009e92e00000,0x0000009e92f00000)]
  0x000001ddc197bbb0 JavaThread "Memory manager" [_thread_blocked, id=2344, stack(0x0000009e92f00000,0x0000009e93000000)]

Other Threads:
  0x000001ddc176fac0 VMThread "VM Thread" [stack: 0x0000009e8fc00000,0x0000009e8fd00000] [id=13852]
  0x000001ddc1a9b3f0 WatcherThread [stack: 0x0000009e90800000,0x0000009e90900000] [id=12852]
  0x000001dda74bfcb0 GCTaskThread "GC Thread#0" [stack: 0x0000009e8f700000,0x0000009e8f800000] [id=14064]
  0x000001ddc1b272a0 GCTaskThread "GC Thread#1" [stack: 0x0000009e90900000,0x0000009e90a00000] [id=10356]
  0x000001ddc1aedc20 GCTaskThread "GC Thread#2" [stack: 0x0000009e90a00000,0x0000009e90b00000] [id=14268]
  0x000001ddc1b811f0 GCTaskThread "GC Thread#3" [stack: 0x0000009e90b00000,0x0000009e90c00000] [id=6740]
  0x000001dda74c5b20 ConcurrentGCThread "G1 Main Marker" [stack: 0x0000009e8f800000,0x0000009e8f900000] [id=10884]
  0x000001dda74c6450 ConcurrentGCThread "G1 Conc#0" [stack: 0x0000009e8f900000,0x0000009e8fa00000] [id=8608]
  0x000001dda754d550 ConcurrentGCThread "G1 Refine#0" [stack: 0x0000009e8fa00000,0x0000009e8fb00000] [id=1812]
  0x000001dda754de90 ConcurrentGCThread "G1 Service" [stack: 0x0000009e8fb00000,0x0000009e8fc00000] [id=10180]

Threads with active compile tasks:
C2 CompilerThread0    43290 5935   !   4       com.google.common.reflect.TypeVisitor::visit (225 bytes)

VM state: not at safepoint (normal execution)

VM Mutex/Monitor currently owned by a thread: None

Heap address: 0x00000000e0000000, size: 512 MB, Compressed Oops mode: 32-bit

CDS archive(s) mapped at: [0x000001ddc2000000-0x000001ddc2bb0000-0x000001ddc2bb0000), size 12255232, SharedBaseAddress: 0x000001ddc2000000, ArchiveRelocationMode: 1.
Compressed class space mapped at: 0x000001ddc3000000-0x000001ddd7000000, reserved size: 335544320
Narrow klass base: 0x000001ddc2000000, Narrow klass shift: 0, Narrow klass range: 0x100000000

GC Precious Log:
 CPUs: 4 total, 4 available
 Memory: 7887M
 Large Page Support: Disabled
 NUMA Support: Disabled
 Compressed Oops: Enabled (32-bit)
 Heap Region Size: 1M
 Heap Min Capacity: 256M
 Heap Initial Capacity: 256M
 Heap Max Capacity: 512M
 Pre-touch: Disabled
 Parallel Workers: 4
 Concurrent Workers: 1
 Concurrent Refinement Workers: 4
 Periodic GC: Disabled

Heap:
 garbage-first heap   total 262144K, used 153399K [0x00000000e0000000, 0x0000000100000000)
  region size 1024K, 118 young (120832K), 1 survivors (1024K)
 Metaspace       used 47489K, committed 48000K, reserved 393216K
  class space    used 6731K, committed 6976K, reserved 327680K

Heap Regions: E=young(eden), S=young(survivor), O=old, HS=humongous(starts), HC=humongous(continues), CS=collection set, F=free, OA=open archive, CA=closed archive, TAMS=top-at-mark-start (previous, next)
|   0|0x00000000e0000000, 0x00000000e0100000, 0x00000000e0100000|100%|HS|  |TAMS 0x00000000e0100000, 0x00000000e0000000| Complete 
|   1|0x00000000e0100000, 0x00000000e0200000, 0x00000000e0200000|100%|HC|  |TAMS 0x00000000e0200000, 0x00000000e0100000| Complete 
|   2|0x00000000e0200000, 0x00000000e0300000, 0x00000000e0300000|100%|HC|  |TAMS 0x00000000e0300000, 0x00000000e0200000| Complete 
|   3|0x00000000e0300000, 0x00000000e0400000, 0x00000000e0400000|100%|HC|  |TAMS 0x00000000e0400000, 0x00000000e0300000| Complete 
|   4|0x00000000e0400000, 0x00000000e0500000, 0x00000000e0500000|100%| O|  |TAMS 0x00000000e0500000, 0x00000000e0400000| Untracked 
|   5|0x00000000e0500000, 0x00000000e0600000, 0x00000000e0600000|100%| O|  |TAMS 0x00000000e0600000, 0x00000000e0500000| Untracked 
|   6|0x00000000e0600000, 0x00000000e0700000, 0x00000000e0700000|100%|HS|  |TAMS 0x00000000e0600000, 0x00000000e0600000| Complete 
|   7|0x00000000e0700000, 0x00000000e0800000, 0x00000000e0800000|100%| O|  |TAMS 0x00000000e0800000, 0x00000000e0700000| Untracked 
|   8|0x00000000e0800000, 0x00000000e0900000, 0x00000000e0900000|100%| O|  |TAMS 0x00000000e0900000, 0x00000000e0800000| Untracked 
|   9|0x00000000e0900000, 0x00000000e0a00000, 0x00000000e0a00000|100%| O|  |TAMS 0x00000000e0a00000, 0x00000000e0900000| Untracked 
|  10|0x00000000e0a00000, 0x00000000e0b00000, 0x00000000e0b00000|100%| O|  |TAMS 0x00000000e0b00000, 0x00000000e0a00000| Untracked 
|  11|0x00000000e0b00000, 0x00000000e0c00000, 0x00000000e0c00000|100%| O|  |TAMS 0x00000000e0c00000, 0x00000000e0b00000| Untracked 
|  12|0x00000000e0c00000, 0x00000000e0d00000, 0x00000000e0d00000|100%|HS|  |TAMS 0x00000000e0d00000, 0x00000000e0c00000| Complete 
|  13|0x00000000e0d00000, 0x00000000e0e00000, 0x00000000e0e00000|100%| O|  |TAMS 0x00000000e0e00000, 0x00000000e0d00000| Untracked 
|  14|0x00000000e0e00000, 0x00000000e0f00000, 0x00000000e0f00000|100%| O|  |TAMS 0x00000000e0f00000, 0x00000000e0e00000| Untracked 
|  15|0x00000000e0f00000, 0x00000000e1000000, 0x00000000e1000000|100%| O|  |TAMS 0x00000000e1000000, 0x00000000e0f00000| Untracked 
|  16|0x00000000e1000000, 0x00000000e1100000, 0x00000000e1100000|100%| O|  |TAMS 0x00000000e1100000, 0x00000000e1000000| Untracked 
|  17|0x00000000e1100000, 0x00000000e1200000, 0x00000000e1200000|100%| O|  |TAMS 0x00000000e1200000, 0x00000000e1100000| Untracked 
|  18|0x00000000e1200000, 0x00000000e1300000, 0x00000000e1300000|100%| O|  |TAMS 0x00000000e1300000, 0x00000000e1200000| Untracked 
|  19|0x00000000e1300000, 0x00000000e1400000, 0x00000000e1400000|100%| O|  |TAMS 0x00000000e1400000, 0x00000000e1300000| Untracked 
|  20|0x00000000e1400000, 0x00000000e1500000, 0x00000000e1500000|100%| O|  |TAMS 0x00000000e1500000, 0x00000000e1400000| Untracked 
|  21|0x00000000e1500000, 0x00000000e1600000, 0x00000000e1600000|100%| O|  |TAMS 0x00000000e1600000, 0x00000000e1500000| Untracked 
|  22|0x00000000e1600000, 0x00000000e1700000, 0x00000000e1700000|100%| O|  |TAMS 0x00000000e1700000, 0x00000000e1600000| Untracked 
|  23|0x00000000e1700000, 0x00000000e1800000, 0x00000000e1800000|100%| O|  |TAMS 0x00000000e1800000, 0x00000000e1700000| Untracked 
|  24|0x00000000e1800000, 0x00000000e1900000, 0x00000000e1900000|100%| O|  |TAMS 0x00000000e1900000, 0x00000000e1800000| Untracked 
|  25|0x00000000e1900000, 0x00000000e1a00000, 0x00000000e1a00000|100%| O|  |TAMS 0x00000000e1a00000, 0x00000000e1900000| Untracked 
|  26|0x00000000e1a00000, 0x00000000e1b00000, 0x00000000e1b00000|100%| O|  |TAMS 0x00000000e1b00000, 0x00000000e1a00000| Untracked 
|  27|0x00000000e1b00000, 0x00000000e1c00000, 0x00000000e1c00000|100%| O|  |TAMS 0x00000000e1c00000, 0x00000000e1b00000| Untracked 
|  28|0x00000000e1c00000, 0x00000000e1d00000, 0x00000000e1d00000|100%| O|  |TAMS 0x00000000e1d00000, 0x00000000e1c00000| Untracked 
|  29|0x00000000e1d00000, 0x00000000e1e00000, 0x00000000e1e00000|100%| O|  |TAMS 0x00000000e1e00000, 0x00000000e1d00000| Untracked 
|  30|0x00000000e1e00000, 0x00000000e1f00000, 0x00000000e1f00000|100%| O|  |TAMS 0x00000000e1f00000, 0x00000000e1e00000| Untracked 
|  31|0x00000000e1f00000, 0x00000000e2000000, 0x00000000e2000000|100%| O|  |TAMS 0x00000000e2000000, 0x00000000e1f00000| Complete 
|  32|0x00000000e2000000, 0x00000000e204e600, 0x00000000e2100000| 30%| O|  |TAMS 0x00000000e204e600, 0x00000000e2000000| Untracked 
|  33|0x00000000e2100000, 0x00000000e2200000, 0x00000000e2200000|100%|HS|  |TAMS 0x00000000e2100000, 0x00000000e2100000| Complete 
|  34|0x00000000e2200000, 0x00000000e2200000, 0x00000000e2300000|  0%| F|  |TAMS 0x00000000e2200000, 0x00000000e2200000| Untracked 
|  35|0x00000000e2300000, 0x00000000e2300000, 0x00000000e2400000|  0%| F|  |TAMS 0x00000000e2300000, 0x00000000e2300000| Untracked 
|  36|0x00000000e2400000, 0x00000000e2400000, 0x00000000e2500000|  0%| F|  |TAMS 0x00000000e2400000, 0x00000000e2400000| Untracked 
|  37|0x00000000e2500000, 0x00000000e2500000, 0x00000000e2600000|  0%| F|  |TAMS 0x00000000e2500000, 0x00000000e2500000| Untracked 
|  38|0x00000000e2600000, 0x00000000e2600000, 0x00000000e2700000|  0%| F|  |TAMS 0x00000000e2600000, 0x00000000e2600000| Untracked 
|  39|0x00000000e2700000, 0x00000000e2700000, 0x00000000e2800000|  0%| F|  |TAMS 0x00000000e2700000, 0x00000000e2700000| Untracked 
|  40|0x00000000e2800000, 0x00000000e2800000, 0x00000000e2900000|  0%| F|  |TAMS 0x00000000e2800000, 0x00000000e2800000| Untracked 
|  41|0x00000000e2900000, 0x00000000e2900000, 0x00000000e2a00000|  0%| F|  |TAMS 0x00000000e2900000, 0x00000000e2900000| Untracked 
|  42|0x00000000e2a00000, 0x00000000e2a00000, 0x00000000e2b00000|  0%| F|  |TAMS 0x00000000e2a00000, 0x00000000e2a00000| Untracked 
|  43|0x00000000e2b00000, 0x00000000e2b00000, 0x00000000e2c00000|  0%| F|  |TAMS 0x00000000e2b00000, 0x00000000e2b00000| Untracked 
|  44|0x00000000e2c00000, 0x00000000e2c00000, 0x00000000e2d00000|  0%| F|  |TAMS 0x00000000e2c00000, 0x00000000e2c00000| Untracked 
|  45|0x00000000e2d00000, 0x00000000e2d00000, 0x00000000e2e00000|  0%| F|  |TAMS 0x00000000e2d00000, 0x00000000e2d00000| Untracked 
|  46|0x00000000e2e00000, 0x00000000e2e00000, 0x00000000e2f00000|  0%| F|  |TAMS 0x00000000e2e00000, 0x00000000e2e00000| Untracked 
|  47|0x00000000e2f00000, 0x00000000e2f00000, 0x00000000e3000000|  0%| F|  |TAMS 0x00000000e2f00000, 0x00000000e2f00000| Untracked 
|  48|0x00000000e3000000, 0x00000000e3000000, 0x00000000e3100000|  0%| F|  |TAMS 0x00000000e3000000, 0x00000000e3000000| Untracked 
|  49|0x00000000e3100000, 0x00000000e3100000, 0x00000000e3200000|  0%| F|  |TAMS 0x00000000e3100000, 0x00000000e3100000| Untracked 
|  50|0x00000000e3200000, 0x00000000e3200000, 0x00000000e3300000|  0%| F|  |TAMS 0x00000000e3200000, 0x00000000e3200000| Untracked 
|  51|0x00000000e3300000, 0x00000000e3300000, 0x00000000e3400000|  0%| F|  |TAMS 0x00000000e3300000, 0x00000000e3300000| Untracked 
|  52|0x00000000e3400000, 0x00000000e3400000, 0x00000000e3500000|  0%| F|  |TAMS 0x00000000e3400000, 0x00000000e3400000| Untracked 
|  53|0x00000000e3500000, 0x00000000e3500000, 0x00000000e3600000|  0%| F|  |TAMS 0x00000000e3500000, 0x00000000e3500000| Untracked 
|  54|0x00000000e3600000, 0x00000000e3600000, 0x00000000e3700000|  0%| F|  |TAMS 0x00000000e3600000, 0x00000000e3600000| Untracked 
|  55|0x00000000e3700000, 0x00000000e3700000, 0x00000000e3800000|  0%| F|  |TAMS 0x00000000e3700000, 0x00000000e3700000| Untracked 
|  56|0x00000000e3800000, 0x00000000e3800000, 0x00000000e3900000|  0%| F|  |TAMS 0x00000000e3800000, 0x00000000e3800000| Untracked 
|  57|0x00000000e3900000, 0x00000000e3900000, 0x00000000e3a00000|  0%| F|  |TAMS 0x00000000e3900000, 0x00000000e3900000| Untracked 
|  58|0x00000000e3a00000, 0x00000000e3a00000, 0x00000000e3b00000|  0%| F|  |TAMS 0x00000000e3a00000, 0x00000000e3a00000| Untracked 
|  59|0x00000000e3b00000, 0x00000000e3b00000, 0x00000000e3c00000|  0%| F|  |TAMS 0x00000000e3b00000, 0x00000000e3b00000| Untracked 
|  60|0x00000000e3c00000, 0x00000000e3c00000, 0x00000000e3d00000|  0%| F|  |TAMS 0x00000000e3c00000, 0x00000000e3c00000| Untracked 
|  61|0x00000000e3d00000, 0x00000000e3d00000, 0x00000000e3e00000|  0%| F|  |TAMS 0x00000000e3d00000, 0x00000000e3d00000| Untracked 
|  62|0x00000000e3e00000, 0x00000000e3e00000, 0x00000000e3f00000|  0%| F|  |TAMS 0x00000000e3e00000, 0x00000000e3e00000| Untracked 
|  63|0x00000000e3f00000, 0x00000000e3f00000, 0x00000000e4000000|  0%| F|  |TAMS 0x00000000e3f00000, 0x00000000e3f00000| Untracked 
|  64|0x00000000e4000000, 0x00000000e4000000, 0x00000000e4100000|  0%| F|  |TAMS 0x00000000e4000000, 0x00000000e4000000| Untracked 
|  65|0x00000000e4100000, 0x00000000e4100000, 0x00000000e4200000|  0%| F|  |TAMS 0x00000000e4100000, 0x00000000e4100000| Untracked 
|  66|0x00000000e4200000, 0x00000000e4200000, 0x00000000e4300000|  0%| F|  |TAMS 0x00000000e4200000, 0x00000000e4200000| Untracked 
|  67|0x00000000e4300000, 0x00000000e4300000, 0x00000000e4400000|  0%| F|  |TAMS 0x00000000e4300000, 0x00000000e4300000| Untracked 
|  68|0x00000000e4400000, 0x00000000e4400000, 0x00000000e4500000|  0%| F|  |TAMS 0x00000000e4400000, 0x00000000e4400000| Untracked 
|  69|0x00000000e4500000, 0x00000000e4500000, 0x00000000e4600000|  0%| F|  |TAMS 0x00000000e4500000, 0x00000000e4500000| Untracked 
|  70|0x00000000e4600000, 0x00000000e4600000, 0x00000000e4700000|  0%| F|  |TAMS 0x00000000e4600000, 0x00000000e4600000| Untracked 
|  71|0x00000000e4700000, 0x00000000e4700000, 0x00000000e4800000|  0%| F|  |TAMS 0x00000000e4700000, 0x00000000e4700000| Untracked 
|  72|0x00000000e4800000, 0x00000000e4800000, 0x00000000e4900000|  0%| F|  |TAMS 0x00000000e4800000, 0x00000000e4800000| Untracked 
|  73|0x00000000e4900000, 0x00000000e4900000, 0x00000000e4a00000|  0%| F|  |TAMS 0x00000000e4900000, 0x00000000e4900000| Untracked 
|  74|0x00000000e4a00000, 0x00000000e4a00000, 0x00000000e4b00000|  0%| F|  |TAMS 0x00000000e4a00000, 0x00000000e4a00000| Untracked 
|  75|0x00000000e4b00000, 0x00000000e4b00000, 0x00000000e4c00000|  0%| F|  |TAMS 0x00000000e4b00000, 0x00000000e4b00000| Untracked 
|  76|0x00000000e4c00000, 0x00000000e4c00000, 0x00000000e4d00000|  0%| F|  |TAMS 0x00000000e4c00000, 0x00000000e4c00000| Untracked 
|  77|0x00000000e4d00000, 0x00000000e4d00000, 0x00000000e4e00000|  0%| F|  |TAMS 0x00000000e4d00000, 0x00000000e4d00000| Untracked 
|  78|0x00000000e4e00000, 0x00000000e4e00000, 0x00000000e4f00000|  0%| F|  |TAMS 0x00000000e4e00000, 0x00000000e4e00000| Untracked 
|  79|0x00000000e4f00000, 0x00000000e4f00000, 0x00000000e5000000|  0%| F|  |TAMS 0x00000000e4f00000, 0x00000000e4f00000| Untracked 
|  80|0x00000000e5000000, 0x00000000e5000000, 0x00000000e5100000|  0%| F|  |TAMS 0x00000000e5000000, 0x00000000e5000000| Untracked 
|  81|0x00000000e5100000, 0x00000000e5100000, 0x00000000e5200000|  0%| F|  |TAMS 0x00000000e5100000, 0x00000000e5100000| Untracked 
|  82|0x00000000e5200000, 0x00000000e5200000, 0x00000000e5300000|  0%| F|  |TAMS 0x00000000e5200000, 0x00000000e5200000| Untracked 
|  83|0x00000000e5300000, 0x00000000e5300000, 0x00000000e5400000|  0%| F|  |TAMS 0x00000000e5300000, 0x00000000e5300000| Untracked 
|  84|0x00000000e5400000, 0x00000000e5400000, 0x00000000e5500000|  0%| F|  |TAMS 0x00000000e5400000, 0x00000000e5400000| Untracked 
|  85|0x00000000e5500000, 0x00000000e5500000, 0x00000000e5600000|  0%| F|  |TAMS 0x00000000e5500000, 0x00000000e5500000| Untracked 
|  86|0x00000000e5600000, 0x00000000e5600000, 0x00000000e5700000|  0%| F|  |TAMS 0x00000000e5600000, 0x00000000e5600000| Untracked 
|  87|0x00000000e5700000, 0x00000000e5700000, 0x00000000e5800000|  0%| F|  |TAMS 0x00000000e5700000, 0x00000000e5700000| Untracked 
|  88|0x00000000e5800000, 0x00000000e5800000, 0x00000000e5900000|  0%| F|  |TAMS 0x00000000e5800000, 0x00000000e5800000| Untracked 
|  89|0x00000000e5900000, 0x00000000e5900000, 0x00000000e5a00000|  0%| F|  |TAMS 0x00000000e5900000, 0x00000000e5900000| Untracked 
|  90|0x00000000e5a00000, 0x00000000e5a00000, 0x00000000e5b00000|  0%| F|  |TAMS 0x00000000e5a00000, 0x00000000e5a00000| Untracked 
|  91|0x00000000e5b00000, 0x00000000e5b00000, 0x00000000e5c00000|  0%| F|  |TAMS 0x00000000e5b00000, 0x00000000e5b00000| Untracked 
|  92|0x00000000e5c00000, 0x00000000e5c00000, 0x00000000e5d00000|  0%| F|  |TAMS 0x00000000e5c00000, 0x00000000e5c00000| Untracked 
|  93|0x00000000e5d00000, 0x00000000e5d00000, 0x00000000e5e00000|  0%| F|  |TAMS 0x00000000e5d00000, 0x00000000e5d00000| Untracked 
|  94|0x00000000e5e00000, 0x00000000e5e00000, 0x00000000e5f00000|  0%| F|  |TAMS 0x00000000e5e00000, 0x00000000e5e00000| Untracked 
|  95|0x00000000e5f00000, 0x00000000e5f00000, 0x00000000e6000000|  0%| F|  |TAMS 0x00000000e5f00000, 0x00000000e5f00000| Untracked 
|  96|0x00000000e6000000, 0x00000000e6000000, 0x00000000e6100000|  0%| F|  |TAMS 0x00000000e6000000, 0x00000000e6000000| Untracked 
|  97|0x00000000e6100000, 0x00000000e6100000, 0x00000000e6200000|  0%| F|  |TAMS 0x00000000e6100000, 0x00000000e6100000| Untracked 
|  98|0x00000000e6200000, 0x00000000e6200000, 0x00000000e6300000|  0%| F|  |TAMS 0x00000000e6200000, 0x00000000e6200000| Untracked 
|  99|0x00000000e6300000, 0x00000000e6300000, 0x00000000e6400000|  0%| F|  |TAMS 0x00000000e6300000, 0x00000000e6300000| Untracked 
| 100|0x00000000e6400000, 0x00000000e6400000, 0x00000000e6500000|  0%| F|  |TAMS 0x00000000e6400000, 0x00000000e6400000| Untracked 
| 101|0x00000000e6500000, 0x00000000e6500000, 0x00000000e6600000|  0%| F|  |TAMS 0x00000000e6500000, 0x00000000e6500000| Untracked 
| 102|0x00000000e6600000, 0x00000000e6600000, 0x00000000e6700000|  0%| F|  |TAMS 0x00000000e6600000, 0x00000000e6600000| Untracked 
| 103|0x00000000e6700000, 0x00000000e6700000, 0x00000000e6800000|  0%| F|  |TAMS 0x00000000e6700000, 0x00000000e6700000| Untracked 
| 104|0x00000000e6800000, 0x00000000e6800000, 0x00000000e6900000|  0%| F|  |TAMS 0x00000000e6800000, 0x00000000e6800000| Untracked 
| 105|0x00000000e6900000, 0x00000000e6900000, 0x00000000e6a00000|  0%| F|  |TAMS 0x00000000e6900000, 0x00000000e6900000| Untracked 
| 106|0x00000000e6a00000, 0x00000000e6a00000, 0x00000000e6b00000|  0%| F|  |TAMS 0x00000000e6a00000, 0x00000000e6a00000| Untracked 
| 107|0x00000000e6b00000, 0x00000000e6b00000, 0x00000000e6c00000|  0%| F|  |TAMS 0x00000000e6b00000, 0x00000000e6b00000| Untracked 
| 108|0x00000000e6c00000, 0x00000000e6c00000, 0x00000000e6d00000|  0%| F|  |TAMS 0x00000000e6c00000, 0x00000000e6c00000| Untracked 
| 109|0x00000000e6d00000, 0x00000000e6d00000, 0x00000000e6e00000|  0%| F|  |TAMS 0x00000000e6d00000, 0x00000000e6d00000| Untracked 
| 110|0x00000000e6e00000, 0x00000000e6e00000, 0x00000000e6f00000|  0%| F|  |TAMS 0x00000000e6e00000, 0x00000000e6e00000| Untracked 
| 111|0x00000000e6f00000, 0x00000000e6f00000, 0x00000000e7000000|  0%| F|  |TAMS 0x00000000e6f00000, 0x00000000e6f00000| Untracked 
| 112|0x00000000e7000000, 0x00000000e7000000, 0x00000000e7100000|  0%| F|  |TAMS 0x00000000e7000000, 0x00000000e7000000| Untracked 
| 113|0x00000000e7100000, 0x00000000e7100000, 0x00000000e7200000|  0%| F|  |TAMS 0x00000000e7100000, 0x00000000e7100000| Untracked 
| 114|0x00000000e7200000, 0x00000000e7200000, 0x00000000e7300000|  0%| F|  |TAMS 0x00000000e7200000, 0x00000000e7200000| Untracked 
| 115|0x00000000e7300000, 0x00000000e7300000, 0x00000000e7400000|  0%| F|  |TAMS 0x00000000e7300000, 0x00000000e7300000| Untracked 
| 116|0x00000000e7400000, 0x00000000e7400000, 0x00000000e7500000|  0%| F|  |TAMS 0x00000000e7400000, 0x00000000e7400000| Untracked 
| 117|0x00000000e7500000, 0x00000000e7500000, 0x00000000e7600000|  0%| F|  |TAMS 0x00000000e7500000, 0x00000000e7500000| Untracked 
| 118|0x00000000e7600000, 0x00000000e7600000, 0x00000000e7700000|  0%| F|  |TAMS 0x00000000e7600000, 0x00000000e7600000| Untracked 
| 119|0x00000000e7700000, 0x00000000e7700000, 0x00000000e7800000|  0%| F|  |TAMS 0x00000000e7700000, 0x00000000e7700000| Untracked 
| 120|0x00000000e7800000, 0x00000000e7800000, 0x00000000e7900000|  0%| F|  |TAMS 0x00000000e7800000, 0x00000000e7800000| Untracked 
| 121|0x00000000e7900000, 0x00000000e7900000, 0x00000000e7a00000|  0%| F|  |TAMS 0x00000000e7900000, 0x00000000e7900000| Untracked 
| 122|0x00000000e7a00000, 0x00000000e7a00000, 0x00000000e7b00000|  0%| F|  |TAMS 0x00000000e7a00000, 0x00000000e7a00000| Untracked 
| 123|0x00000000e7b00000, 0x00000000e7b00000, 0x00000000e7c00000|  0%| F|  |TAMS 0x00000000e7b00000, 0x00000000e7b00000| Untracked 
| 124|0x00000000e7c00000, 0x00000000e7c00000, 0x00000000e7d00000|  0%| F|  |TAMS 0x00000000e7c00000, 0x00000000e7c00000| Untracked 
| 125|0x00000000e7d00000, 0x00000000e7d00000, 0x00000000e7e00000|  0%| F|  |TAMS 0x00000000e7d00000, 0x00000000e7d00000| Untracked 
| 126|0x00000000e7e00000, 0x00000000e7e00000, 0x00000000e7f00000|  0%| F|  |TAMS 0x00000000e7e00000, 0x00000000e7e00000| Untracked 
| 127|0x00000000e7f00000, 0x00000000e7f00000, 0x00000000e8000000|  0%| F|  |TAMS 0x00000000e7f00000, 0x00000000e7f00000| Untracked 
| 128|0x00000000e8000000, 0x00000000e8000000, 0x00000000e8100000|  0%| F|  |TAMS 0x00000000e8000000, 0x00000000e8000000| Untracked 
| 129|0x00000000e8100000, 0x00000000e8100000, 0x00000000e8200000|  0%| F|  |TAMS 0x00000000e8100000, 0x00000000e8100000| Untracked 
| 130|0x00000000e8200000, 0x00000000e8200000, 0x00000000e8300000|  0%| F|  |TAMS 0x00000000e8200000, 0x00000000e8200000| Untracked 
| 131|0x00000000e8300000, 0x00000000e8300000, 0x00000000e8400000|  0%| F|  |TAMS 0x00000000e8300000, 0x00000000e8300000| Untracked 
| 132|0x00000000e8400000, 0x00000000e8400000, 0x00000000e8500000|  0%| F|  |TAMS 0x00000000e8400000, 0x00000000e8400000| Untracked 
| 133|0x00000000e8500000, 0x00000000e8500000, 0x00000000e8600000|  0%| F|  |TAMS 0x00000000e8500000, 0x00000000e8500000| Untracked 
| 134|0x00000000e8600000, 0x00000000e8600000, 0x00000000e8700000|  0%| F|  |TAMS 0x00000000e8600000, 0x00000000e8600000| Untracked 
| 135|0x00000000e8700000, 0x00000000e8700000, 0x00000000e8800000|  0%| F|  |TAMS 0x00000000e8700000, 0x00000000e8700000| Untracked 
| 136|0x00000000e8800000, 0x00000000e8800000, 0x00000000e8900000|  0%| F|  |TAMS 0x00000000e8800000, 0x00000000e8800000| Untracked 
| 137|0x00000000e8900000, 0x00000000e8900000, 0x00000000e8a00000|  0%| F|  |TAMS 0x00000000e8900000, 0x00000000e8900000| Untracked 
| 138|0x00000000e8a00000, 0x00000000e8a80800, 0x00000000e8b00000| 50%| E|  |TAMS 0x00000000e8a00000, 0x00000000e8a00000| Complete 
| 139|0x00000000e8b00000, 0x00000000e8c00000, 0x00000000e8c00000|100%| E|CS|TAMS 0x00000000e8b00000, 0x00000000e8b00000| Complete 
| 140|0x00000000e8c00000, 0x00000000e8d00000, 0x00000000e8d00000|100%| E|CS|TAMS 0x00000000e8c00000, 0x00000000e8c00000| Complete 
| 141|0x00000000e8d00000, 0x00000000e8e00000, 0x00000000e8e00000|100%| E|CS|TAMS 0x00000000e8d00000, 0x00000000e8d00000| Complete 
| 142|0x00000000e8e00000, 0x00000000e8f00000, 0x00000000e8f00000|100%| E|CS|TAMS 0x00000000e8e00000, 0x00000000e8e00000| Complete 
| 143|0x00000000e8f00000, 0x00000000e9000000, 0x00000000e9000000|100%| E|CS|TAMS 0x00000000e8f00000, 0x00000000e8f00000| Complete 
| 144|0x00000000e9000000, 0x00000000e9100000, 0x00000000e9100000|100%| E|CS|TAMS 0x00000000e9000000, 0x00000000e9000000| Complete 
| 145|0x00000000e9100000, 0x00000000e9200000, 0x00000000e9200000|100%| E|CS|TAMS 0x00000000e9100000, 0x00000000e9100000| Complete 
| 146|0x00000000e9200000, 0x00000000e9300000, 0x00000000e9300000|100%| E|CS|TAMS 0x00000000e9200000, 0x00000000e9200000| Complete 
| 147|0x00000000e9300000, 0x00000000e9400000, 0x00000000e9400000|100%| E|CS|TAMS 0x00000000e9300000, 0x00000000e9300000| Complete 
| 148|0x00000000e9400000, 0x00000000e9500000, 0x00000000e9500000|100%| E|CS|TAMS 0x00000000e9400000, 0x00000000e9400000| Complete 
| 149|0x00000000e9500000, 0x00000000e9600000, 0x00000000e9600000|100%| E|CS|TAMS 0x00000000e9500000, 0x00000000e9500000| Complete 
| 150|0x00000000e9600000, 0x00000000e9700000, 0x00000000e9700000|100%| E|CS|TAMS 0x00000000e9600000, 0x00000000e9600000| Complete 
| 151|0x00000000e9700000, 0x00000000e9800000, 0x00000000e9800000|100%| E|CS|TAMS 0x00000000e9700000, 0x00000000e9700000| Complete 
| 152|0x00000000e9800000, 0x00000000e9900000, 0x00000000e9900000|100%| E|CS|TAMS 0x00000000e9800000, 0x00000000e9800000| Complete 
| 153|0x00000000e9900000, 0x00000000e9a00000, 0x00000000e9a00000|100%| E|CS|TAMS 0x00000000e9900000, 0x00000000e9900000| Complete 
| 154|0x00000000e9a00000, 0x00000000e9b00000, 0x00000000e9b00000|100%| E|CS|TAMS 0x00000000e9a00000, 0x00000000e9a00000| Complete 
| 155|0x00000000e9b00000, 0x00000000e9c00000, 0x00000000e9c00000|100%| E|CS|TAMS 0x00000000e9b00000, 0x00000000e9b00000| Complete 
| 156|0x00000000e9c00000, 0x00000000e9d00000, 0x00000000e9d00000|100%| E|CS|TAMS 0x00000000e9c00000, 0x00000000e9c00000| Complete 
| 157|0x00000000e9d00000, 0x00000000e9e00000, 0x00000000e9e00000|100%| E|CS|TAMS 0x00000000e9d00000, 0x00000000e9d00000| Complete 
| 158|0x00000000e9e00000, 0x00000000e9f00000, 0x00000000e9f00000|100%| E|CS|TAMS 0x00000000e9e00000, 0x00000000e9e00000| Complete 
| 159|0x00000000e9f00000, 0x00000000ea000000, 0x00000000ea000000|100%| E|CS|TAMS 0x00000000e9f00000, 0x00000000e9f00000| Complete 
| 160|0x00000000ea000000, 0x00000000ea100000, 0x00000000ea100000|100%| E|CS|TAMS 0x00000000ea000000, 0x00000000ea000000| Complete 
| 161|0x00000000ea100000, 0x00000000ea200000, 0x00000000ea200000|100%| E|CS|TAMS 0x00000000ea100000, 0x00000000ea100000| Complete 
| 162|0x00000000ea200000, 0x00000000ea300000, 0x00000000ea300000|100%| E|CS|TAMS 0x00000000ea200000, 0x00000000ea200000| Complete 
| 163|0x00000000ea300000, 0x00000000ea400000, 0x00000000ea400000|100%| E|CS|TAMS 0x00000000ea300000, 0x00000000ea300000| Complete 
| 164|0x00000000ea400000, 0x00000000ea500000, 0x00000000ea500000|100%| E|CS|TAMS 0x00000000ea400000, 0x00000000ea400000| Complete 
| 165|0x00000000ea500000, 0x00000000ea600000, 0x00000000ea600000|100%| E|CS|TAMS 0x00000000ea500000, 0x00000000ea500000| Complete 
| 166|0x00000000ea600000, 0x00000000ea700000, 0x00000000ea700000|100%| E|CS|TAMS 0x00000000ea600000, 0x00000000ea600000| Complete 
| 167|0x00000000ea700000, 0x00000000ea800000, 0x00000000ea800000|100%| E|CS|TAMS 0x00000000ea700000, 0x00000000ea700000| Complete 
| 168|0x00000000ea800000, 0x00000000ea900000, 0x00000000ea900000|100%| E|CS|TAMS 0x00000000ea800000, 0x00000000ea800000| Complete 
| 169|0x00000000ea900000, 0x00000000eaa00000, 0x00000000eaa00000|100%| E|CS|TAMS 0x00000000ea900000, 0x00000000ea900000| Complete 
| 170|0x00000000eaa00000, 0x00000000eab00000, 0x00000000eab00000|100%| E|CS|TAMS 0x00000000eaa00000, 0x00000000eaa00000| Complete 
| 171|0x00000000eab00000, 0x00000000eac00000, 0x00000000eac00000|100%| E|CS|TAMS 0x00000000eab00000, 0x00000000eab00000| Complete 
| 172|0x00000000eac00000, 0x00000000ead00000, 0x00000000ead00000|100%| E|CS|TAMS 0x00000000eac00000, 0x00000000eac00000| Complete 
| 173|0x00000000ead00000, 0x00000000eae00000, 0x00000000eae00000|100%| E|CS|TAMS 0x00000000ead00000, 0x00000000ead00000| Complete 
| 174|0x00000000eae00000, 0x00000000eaf00000, 0x00000000eaf00000|100%| E|CS|TAMS 0x00000000eae00000, 0x00000000eae00000| Complete 
| 175|0x00000000eaf00000, 0x00000000eb000000, 0x00000000eb000000|100%| E|CS|TAMS 0x00000000eaf00000, 0x00000000eaf00000| Complete 
| 176|0x00000000eb000000, 0x00000000eb100000, 0x00000000eb100000|100%| E|CS|TAMS 0x00000000eb000000, 0x00000000eb000000| Complete 
| 177|0x00000000eb100000, 0x00000000eb200000, 0x00000000eb200000|100%| E|CS|TAMS 0x00000000eb100000, 0x00000000eb100000| Complete 
| 178|0x00000000eb200000, 0x00000000eb300000, 0x00000000eb300000|100%| E|CS|TAMS 0x00000000eb200000, 0x00000000eb200000| Complete 
| 179|0x00000000eb300000, 0x00000000eb400000, 0x00000000eb400000|100%| E|CS|TAMS 0x00000000eb300000, 0x00000000eb300000| Complete 
| 180|0x00000000eb400000, 0x00000000eb500000, 0x00000000eb500000|100%| E|CS|TAMS 0x00000000eb400000, 0x00000000eb400000| Complete 
| 181|0x00000000eb500000, 0x00000000eb600000, 0x00000000eb600000|100%| E|CS|TAMS 0x00000000eb500000, 0x00000000eb500000| Complete 
| 182|0x00000000eb600000, 0x00000000eb700000, 0x00000000eb700000|100%| E|CS|TAMS 0x00000000eb600000, 0x00000000eb600000| Complete 
| 183|0x00000000eb700000, 0x00000000eb800000, 0x00000000eb800000|100%| E|CS|TAMS 0x00000000eb700000, 0x00000000eb700000| Complete 
| 184|0x00000000eb800000, 0x00000000eb900000, 0x00000000eb900000|100%| E|CS|TAMS 0x00000000eb800000, 0x00000000eb800000| Complete 
| 185|0x00000000eb900000, 0x00000000eba00000, 0x00000000eba00000|100%| E|CS|TAMS 0x00000000eb900000, 0x00000000eb900000| Complete 
| 186|0x00000000eba00000, 0x00000000ebb00000, 0x00000000ebb00000|100%| E|CS|TAMS 0x00000000eba00000, 0x00000000eba00000| Complete 
| 187|0x00000000ebb00000, 0x00000000ebc00000, 0x00000000ebc00000|100%| E|CS|TAMS 0x00000000ebb00000, 0x00000000ebb00000| Complete 
| 188|0x00000000ebc00000, 0x00000000ebd00000, 0x00000000ebd00000|100%| E|CS|TAMS 0x00000000ebc00000, 0x00000000ebc00000| Complete 
| 189|0x00000000ebd00000, 0x00000000ebe00000, 0x00000000ebe00000|100%| E|CS|TAMS 0x00000000ebd00000, 0x00000000ebd00000| Complete 
| 190|0x00000000ebe00000, 0x00000000ebf00000, 0x00000000ebf00000|100%| E|CS|TAMS 0x00000000ebe00000, 0x00000000ebe00000| Complete 
| 191|0x00000000ebf00000, 0x00000000ec000000, 0x00000000ec000000|100%| E|CS|TAMS 0x00000000ebf00000, 0x00000000ebf00000| Complete 
| 192|0x00000000ec000000, 0x00000000ec100000, 0x00000000ec100000|100%| E|CS|TAMS 0x00000000ec000000, 0x00000000ec000000| Complete 
| 193|0x00000000ec100000, 0x00000000ec200000, 0x00000000ec200000|100%| E|CS|TAMS 0x00000000ec100000, 0x00000000ec100000| Complete 
| 194|0x00000000ec200000, 0x00000000ec300000, 0x00000000ec300000|100%| E|CS|TAMS 0x00000000ec200000, 0x00000000ec200000| Complete 
| 195|0x00000000ec300000, 0x00000000ec400000, 0x00000000ec400000|100%| E|CS|TAMS 0x00000000ec300000, 0x00000000ec300000| Complete 
| 196|0x00000000ec400000, 0x00000000ec500000, 0x00000000ec500000|100%| E|CS|TAMS 0x00000000ec400000, 0x00000000ec400000| Complete 
| 197|0x00000000ec500000, 0x00000000ec600000, 0x00000000ec600000|100%| E|CS|TAMS 0x00000000ec500000, 0x00000000ec500000| Complete 
| 198|0x00000000ec600000, 0x00000000ec700000, 0x00000000ec700000|100%| E|CS|TAMS 0x00000000ec600000, 0x00000000ec600000| Complete 
| 199|0x00000000ec700000, 0x00000000ec800000, 0x00000000ec800000|100%| E|CS|TAMS 0x00000000ec700000, 0x00000000ec700000| Complete 
| 200|0x00000000ec800000, 0x00000000ec900000, 0x00000000ec900000|100%| E|CS|TAMS 0x00000000ec800000, 0x00000000ec800000| Complete 
| 201|0x00000000ec900000, 0x00000000eca00000, 0x00000000eca00000|100%| E|CS|TAMS 0x00000000ec900000, 0x00000000ec900000| Complete 
| 202|0x00000000eca00000, 0x00000000ecb00000, 0x00000000ecb00000|100%| E|CS|TAMS 0x00000000eca00000, 0x00000000eca00000| Complete 
| 203|0x00000000ecb00000, 0x00000000ecc00000, 0x00000000ecc00000|100%| E|CS|TAMS 0x00000000ecb00000, 0x00000000ecb00000| Complete 
| 204|0x00000000ecc00000, 0x00000000ecd00000, 0x00000000ecd00000|100%| E|CS|TAMS 0x00000000ecc00000, 0x00000000ecc00000| Complete 
| 205|0x00000000ecd00000, 0x00000000ece00000, 0x00000000ece00000|100%| E|CS|TAMS 0x00000000ecd00000, 0x00000000ecd00000| Complete 
| 206|0x00000000ece00000, 0x00000000ecf00000, 0x00000000ecf00000|100%| E|CS|TAMS 0x00000000ece00000, 0x00000000ece00000| Complete 
| 207|0x00000000ecf00000, 0x00000000ed000000, 0x00000000ed000000|100%| E|CS|TAMS 0x00000000ecf00000, 0x00000000ecf00000| Complete 
| 208|0x00000000ed000000, 0x00000000ed100000, 0x00000000ed100000|100%| E|CS|TAMS 0x00000000ed000000, 0x00000000ed000000| Complete 
| 209|0x00000000ed100000, 0x00000000ed200000, 0x00000000ed200000|100%| E|CS|TAMS 0x00000000ed100000, 0x00000000ed100000| Complete 
| 210|0x00000000ed200000, 0x00000000ed300000, 0x00000000ed300000|100%| E|CS|TAMS 0x00000000ed200000, 0x00000000ed200000| Complete 
| 211|0x00000000ed300000, 0x00000000ed400000, 0x00000000ed400000|100%| E|CS|TAMS 0x00000000ed300000, 0x00000000ed300000| Complete 
| 212|0x00000000ed400000, 0x00000000ed500000, 0x00000000ed500000|100%| E|CS|TAMS 0x00000000ed400000, 0x00000000ed400000| Complete 
| 213|0x00000000ed500000, 0x00000000ed600000, 0x00000000ed600000|100%| E|CS|TAMS 0x00000000ed500000, 0x00000000ed500000| Complete 
| 214|0x00000000ed600000, 0x00000000ed700000, 0x00000000ed700000|100%| E|CS|TAMS 0x00000000ed600000, 0x00000000ed600000| Complete 
| 215|0x00000000ed700000, 0x00000000ed800000, 0x00000000ed800000|100%| E|CS|TAMS 0x00000000ed700000, 0x00000000ed700000| Complete 
| 216|0x00000000ed800000, 0x00000000ed900000, 0x00000000ed900000|100%| E|CS|TAMS 0x00000000ed800000, 0x00000000ed800000| Complete 
| 217|0x00000000ed900000, 0x00000000eda00000, 0x00000000eda00000|100%| E|CS|TAMS 0x00000000ed900000, 0x00000000ed900000| Complete 
| 218|0x00000000eda00000, 0x00000000edb00000, 0x00000000edb00000|100%| E|CS|TAMS 0x00000000eda00000, 0x00000000eda00000| Complete 
| 219|0x00000000edb00000, 0x00000000edc00000, 0x00000000edc00000|100%| E|CS|TAMS 0x00000000edb00000, 0x00000000edb00000| Complete 
| 220|0x00000000edc00000, 0x00000000edd00000, 0x00000000edd00000|100%| E|CS|TAMS 0x00000000edc00000, 0x00000000edc00000| Complete 
| 221|0x00000000edd00000, 0x00000000ede00000, 0x00000000ede00000|100%| E|CS|TAMS 0x00000000edd00000, 0x00000000edd00000| Complete 
| 222|0x00000000ede00000, 0x00000000edf00000, 0x00000000edf00000|100%| E|CS|TAMS 0x00000000ede00000, 0x00000000ede00000| Complete 
| 223|0x00000000edf00000, 0x00000000ee000000, 0x00000000ee000000|100%| E|CS|TAMS 0x00000000edf00000, 0x00000000edf00000| Complete 
| 224|0x00000000ee000000, 0x00000000ee100000, 0x00000000ee100000|100%| E|CS|TAMS 0x00000000ee000000, 0x00000000ee000000| Complete 
| 225|0x00000000ee100000, 0x00000000ee200000, 0x00000000ee200000|100%| E|CS|TAMS 0x00000000ee100000, 0x00000000ee100000| Complete 
| 226|0x00000000ee200000, 0x00000000ee300000, 0x00000000ee300000|100%| E|CS|TAMS 0x00000000ee200000, 0x00000000ee200000| Complete 
| 227|0x00000000ee300000, 0x00000000ee400000, 0x00000000ee400000|100%| E|CS|TAMS 0x00000000ee300000, 0x00000000ee300000| Complete 
| 228|0x00000000ee400000, 0x00000000ee500000, 0x00000000ee500000|100%| E|CS|TAMS 0x00000000ee400000, 0x00000000ee400000| Complete 
| 229|0x00000000ee500000, 0x00000000ee600000, 0x00000000ee600000|100%| E|CS|TAMS 0x00000000ee500000, 0x00000000ee500000| Complete 
| 230|0x00000000ee600000, 0x00000000ee700000, 0x00000000ee700000|100%| E|CS|TAMS 0x00000000ee600000, 0x00000000ee600000| Complete 
| 231|0x00000000ee700000, 0x00000000ee800000, 0x00000000ee800000|100%| E|CS|TAMS 0x00000000ee700000, 0x00000000ee700000| Complete 
| 232|0x00000000ee800000, 0x00000000ee900000, 0x00000000ee900000|100%| E|CS|TAMS 0x00000000ee800000, 0x00000000ee800000| Complete 
| 233|0x00000000ee900000, 0x00000000eea00000, 0x00000000eea00000|100%| E|CS|TAMS 0x00000000ee900000, 0x00000000ee900000| Complete 
| 234|0x00000000eea00000, 0x00000000eeb00000, 0x00000000eeb00000|100%| E|CS|TAMS 0x00000000eea00000, 0x00000000eea00000| Complete 
| 235|0x00000000eeb00000, 0x00000000eec00000, 0x00000000eec00000|100%| E|CS|TAMS 0x00000000eeb00000, 0x00000000eeb00000| Complete 
| 236|0x00000000eec00000, 0x00000000eed00000, 0x00000000eed00000|100%| E|CS|TAMS 0x00000000eec00000, 0x00000000eec00000| Complete 
| 237|0x00000000eed00000, 0x00000000eee00000, 0x00000000eee00000|100%| E|CS|TAMS 0x00000000eed00000, 0x00000000eed00000| Complete 
| 238|0x00000000eee00000, 0x00000000eef00000, 0x00000000eef00000|100%| E|CS|TAMS 0x00000000eee00000, 0x00000000eee00000| Complete 
| 239|0x00000000eef00000, 0x00000000ef000000, 0x00000000ef000000|100%| E|CS|TAMS 0x00000000eef00000, 0x00000000eef00000| Complete 
| 240|0x00000000ef000000, 0x00000000ef100000, 0x00000000ef100000|100%| E|CS|TAMS 0x00000000ef000000, 0x00000000ef000000| Complete 
| 241|0x00000000ef100000, 0x00000000ef200000, 0x00000000ef200000|100%| E|CS|TAMS 0x00000000ef100000, 0x00000000ef100000| Complete 
| 242|0x00000000ef200000, 0x00000000ef300000, 0x00000000ef300000|100%| E|CS|TAMS 0x00000000ef200000, 0x00000000ef200000| Complete 
| 243|0x00000000ef300000, 0x00000000ef400000, 0x00000000ef400000|100%| E|CS|TAMS 0x00000000ef300000, 0x00000000ef300000| Complete 
| 244|0x00000000ef400000, 0x00000000ef500000, 0x00000000ef500000|100%| E|CS|TAMS 0x00000000ef400000, 0x00000000ef400000| Complete 
| 245|0x00000000ef500000, 0x00000000ef600000, 0x00000000ef600000|100%| E|CS|TAMS 0x00000000ef500000, 0x00000000ef500000| Complete 
| 246|0x00000000ef600000, 0x00000000ef700000, 0x00000000ef700000|100%| E|CS|TAMS 0x00000000ef600000, 0x00000000ef600000| Complete 
| 247|0x00000000ef700000, 0x00000000ef800000, 0x00000000ef800000|100%| E|CS|TAMS 0x00000000ef700000, 0x00000000ef700000| Complete 
| 248|0x00000000ef800000, 0x00000000ef900000, 0x00000000ef900000|100%| E|CS|TAMS 0x00000000ef800000, 0x00000000ef800000| Complete 
| 249|0x00000000ef900000, 0x00000000efa00000, 0x00000000efa00000|100%| E|CS|TAMS 0x00000000ef900000, 0x00000000ef900000| Complete 
| 250|0x00000000efa00000, 0x00000000efa7f800, 0x00000000efb00000| 49%| S|CS|TAMS 0x00000000efa00000, 0x00000000efa00000| Complete 
| 251|0x00000000efb00000, 0x00000000efc00000, 0x00000000efc00000|100%| E|CS|TAMS 0x00000000efb00000, 0x00000000efb00000| Complete 
| 252|0x00000000efc00000, 0x00000000efd00000, 0x00000000efd00000|100%| E|CS|TAMS 0x00000000efc00000, 0x00000000efc00000| Complete 
| 253|0x00000000efd00000, 0x00000000efe00000, 0x00000000efe00000|100%| E|CS|TAMS 0x00000000efd00000, 0x00000000efd00000| Complete 
| 254|0x00000000efe00000, 0x00000000eff00000, 0x00000000eff00000|100%| E|CS|TAMS 0x00000000efe00000, 0x00000000efe00000| Complete 
| 255|0x00000000eff00000, 0x00000000f0000000, 0x00000000f0000000|100%| E|CS|TAMS 0x00000000eff00000, 0x00000000eff00000| Complete 

Card table byte_map: [0x000001ddbdfb0000,0x000001ddbe0b0000] _byte_map_base: 0x000001ddbd8b0000

Marking Bits (Prev, Next): (CMBitMap*) 0x000001dda74c11f0, (CMBitMap*) 0x000001dda74c1230
 Prev Bits: [0x000001ddbe1b0000, 0x000001ddbe9b0000)
 Next Bits: [0x000001ddbe9b0000, 0x000001ddbf1b0000)

Polling page: 0x000001dda5450000

Metaspace:

Usage:
  Non-class:     39.80 MB used.
      Class:      6.57 MB used.
       Both:     46.38 MB used.

Virtual space:
  Non-class space:       64.00 MB reserved,      40.06 MB ( 63%) committed,  1 nodes.
      Class space:      320.00 MB reserved,       6.81 MB (  2%) committed,  1 nodes.
             Both:      384.00 MB reserved,      46.88 MB ( 12%) committed. 

Chunk freelists:
   Non-Class:  7.79 MB
       Class:  9.06 MB
        Both:  16.85 MB

MaxMetaspaceSize: 384.00 MB
CompressedClassSpaceSize: 320.00 MB
Initial GC threshold: 21.00 MB
Current GC threshold: 59.31 MB
CDS: on
MetaspaceReclaimPolicy: balanced
 - commit_granule_bytes: 65536.
 - commit_granule_words: 8192.
 - virtual_space_node_default_size: 8388608.
 - enlarge_chunks_in_place: 1.
 - new_chunks_are_fully_committed: 0.
 - uncommit_free_chunks: 1.
 - use_allocation_guard: 0.
 - handle_deallocations: 1.


Internal statistics:

num_allocs_failed_limit: 9.
num_arena_births: 542.
num_arena_deaths: 0.
num_vsnodes_births: 2.
num_vsnodes_deaths: 0.
num_space_committed: 750.
num_space_uncommitted: 0.
num_chunks_returned_to_freelist: 9.
num_chunks_taken_from_freelist: 2396.
num_chunk_merges: 9.
num_chunk_splits: 1602.
num_chunks_enlarged: 1103.
num_inconsistent_stats: 0.

CodeHeap 'non-profiled nmethods': size=120000Kb used=2644Kb max_used=3017Kb free=117356Kb
 bounds [0x000001ddb6a80000, 0x000001ddb6d80000, 0x000001ddbdfb0000]
CodeHeap 'profiled nmethods': size=120000Kb used=10085Kb max_used=10317Kb free=109914Kb
 bounds [0x000001ddaefb0000, 0x000001ddaf9d0000, 0x000001ddb64e0000]
CodeHeap 'non-nmethods': size=5760Kb used=2322Kb max_used=2361Kb free=3437Kb
 bounds [0x000001ddb64e0000, 0x000001ddb6750000, 0x000001ddb6a80000]
 total_blobs=5992 nmethods=5156 adapters=747
 compilation: enabled
              stopped_count=0, restarted_count=0
 full_count=0

Compilation events (20 events):
Event: 43.154 Thread 0x000001ddc178f1d0 5954       3       com.google.common.collect.ImmutableSet$EmptySetBuilderImpl::add (13 bytes)
Event: 43.154 Thread 0x000001ddc178f1d0 nmethod 5954 0x000001ddaf097210 code [0x000001ddaf0973e0, 0x000001ddaf0977a8]
Event: 43.167 Thread 0x000001ddc178f1d0 5955       3       java.lang.reflect.Proxy$ProxyBuilder::ensureAccess (39 bytes)
Event: 43.168 Thread 0x000001ddc178f1d0 nmethod 5955 0x000001ddaf096390 code [0x000001ddaf0965e0, 0x000001ddaf096e28]
Event: 43.173 Thread 0x000001ddc178f1d0 5956       1       org.apache.commons.lang.text.StrBuilder::length (5 bytes)
Event: 43.173 Thread 0x000001ddc178f1d0 nmethod 5956 0x000001ddb6c62d10 code [0x000001ddb6c62ea0, 0x000001ddb6c62f78]
Event: 43.175 Thread 0x000001ddc178f1d0 5957       1       org.gradle.api.internal.artifacts.configurations.DefaultConfiguration::getName (5 bytes)
Event: 43.175 Thread 0x000001ddc178f1d0 nmethod 5957 0x000001ddb6bd4190 code [0x000001ddb6bd4320, 0x000001ddb6bd43f8]
Event: 43.176 Thread 0x000001ddc178f1d0 5958       3       org.gradle.internal.instantiation.generator.ParamsMatchingConstructorSelector::forParams (481 bytes)
Event: 43.179 Thread 0x000001ddc178f1d0 nmethod 5958 0x000001ddaf260810 code [0x000001ddaf260d80, 0x000001ddaf264058]
Event: 43.179 Thread 0x000001ddc178f1d0 5959       3       org.gradle.internal.instantiation.generator.ParamsMatchingConstructorSelector::vetoParameters (1 bytes)
Event: 43.179 Thread 0x000001ddc178f1d0 nmethod 5959 0x000001ddaf096010 code [0x000001ddaf0961a0, 0x000001ddaf0962b8]
Event: 43.186 Thread 0x000001ddc178f1d0 5960       3       org.gradle.api.internal.attributes.DefaultImmutableAttributesFactory::concat (12 bytes)
Event: 43.187 Thread 0x000001ddc178f1d0 nmethod 5960 0x000001ddaf095c10 code [0x000001ddaf095dc0, 0x000001ddaf095f58]
Event: 43.187 Thread 0x000001ddc178f1d0 5962       3       java.lang.Boolean::hashCode (14 bytes)
Event: 43.187 Thread 0x000001ddc178f1d0 nmethod 5962 0x000001ddaf095890 code [0x000001ddaf095a20, 0x000001ddaf095b98]
Event: 43.187 Thread 0x000001ddc178f1d0 5961       3       org.gradle.api.internal.attributes.DefaultImmutableAttributesFactory::isolate (40 bytes)
Event: 43.187 Thread 0x000001ddc178f1d0 nmethod 5961 0x000001ddaf25fc90 code [0x000001ddaf25fe80, 0x000001ddaf2605c8]
Event: 43.189 Thread 0x000001ddc178f1d0 5963       3       com.google.common.collect.ImmutableSet$Builder::add (6 bytes)
Event: 43.190 Thread 0x000001ddc178f1d0 nmethod 5963 0x000001ddaf25f890 code [0x000001ddaf25fa40, 0x000001ddaf25fc08]

GC Heap History (14 events):
Event: 1.358 GC heap before
{Heap before GC invocations=0 (full 0):
 garbage-first heap   total 262144K, used 13312K [0x00000000e0000000, 0x0000000100000000)
  region size 1024K, 13 young (13312K), 0 survivors (0K)
 Metaspace       used 791K, committed 896K, reserved 393216K
  class space    used 61K, committed 128K, reserved 327680K
}
Event: 1.502 GC heap after
{Heap after GC invocations=1 (full 0):
 garbage-first heap   total 262144K, used 1692K [0x00000000e0000000, 0x0000000100000000)
  region size 1024K, 2 young (2048K), 2 survivors (2048K)
 Metaspace       used 791K, committed 896K, reserved 393216K
  class space    used 61K, committed 128K, reserved 327680K
}
Event: 7.081 GC heap before
{Heap before GC invocations=1 (full 0):
 garbage-first heap   total 262144K, used 22172K [0x00000000e0000000, 0x0000000100000000)
  region size 1024K, 19 young (19456K), 2 survivors (2048K)
 Metaspace       used 3266K, committed 3392K, reserved 393216K
  class space    used 411K, committed 512K, reserved 327680K
}
Event: 7.103 GC heap after
{Heap after GC invocations=2 (full 0):
 garbage-first heap   total 262144K, used 11466K [0x00000000e0000000, 0x0000000100000000)
  region size 1024K, 3 young (3072K), 3 survivors (3072K)
 Metaspace       used 3266K, committed 3392K, reserved 393216K
  class space    used 411K, committed 512K, reserved 327680K
}
Event: 11.622 GC heap before
{Heap before GC invocations=2 (full 0):
 garbage-first heap   total 262144K, used 40138K [0x00000000e0000000, 0x0000000100000000)
  region size 1024K, 31 young (31744K), 3 survivors (3072K)
 Metaspace       used 4090K, committed 4352K, reserved 393216K
  class space    used 503K, committed 640K, reserved 327680K
}
Event: 11.626 GC heap after
{Heap after GC invocations=3 (full 0):
 garbage-first heap   total 262144K, used 12440K [0x00000000e0000000, 0x0000000100000000)
  region size 1024K, 1 young (1024K), 1 survivors (1024K)
 Metaspace       used 4090K, committed 4352K, reserved 393216K
  class space    used 503K, committed 640K, reserved 327680K
}
Event: 25.139 GC heap before
{Heap before GC invocations=3 (full 0):
 garbage-first heap   total 262144K, used 135320K [0x00000000e0000000, 0x0000000100000000)
  region size 1024K, 120 young (122880K), 1 survivors (1024K)
 Metaspace       used 21247K, committed 21504K, reserved 393216K
  class space    used 3125K, committed 3264K, reserved 327680K
}
Event: 25.162 GC heap after
{Heap after GC invocations=4 (full 0):
 garbage-first heap   total 262144K, used 24043K [0x00000000e0000000, 0x0000000100000000)
  region size 1024K, 12 young (12288K), 12 survivors (12288K)
 Metaspace       used 21247K, committed 21504K, reserved 393216K
  class space    used 3125K, committed 3264K, reserved 327680K
}
Event: 31.345 GC heap before
{Heap before GC invocations=5 (full 0):
 garbage-first heap   total 262144K, used 143851K [0x00000000e0000000, 0x0000000100000000)
  region size 1024K, 126 young (129024K), 12 survivors (12288K)
 Metaspace       used 35629K, committed 35968K, reserved 393216K
  class space    used 4954K, committed 5120K, reserved 327680K
}
Event: 31.374 GC heap after
{Heap after GC invocations=6 (full 0):
 garbage-first heap   total 262144K, used 34140K [0x00000000e0000000, 0x0000000100000000)
  region size 1024K, 11 young (11264K), 11 survivors (11264K)
 Metaspace       used 35629K, committed 35968K, reserved 393216K
  class space    used 4954K, committed 5120K, reserved 327680K
}
Event: 31.406 GC heap before
{Heap before GC invocations=6 (full 0):
 garbage-first heap   total 262144K, used 35164K [0x00000000e0000000, 0x0000000100000000)
  region size 1024K, 12 young (12288K), 11 survivors (11264K)
 Metaspace       used 35731K, committed 36096K, reserved 393216K
  class space    used 4970K, committed 5120K, reserved 327680K
}
Event: 31.418 GC heap after
{Heap after GC invocations=7 (full 0):
 garbage-first heap   total 262144K, used 33481K [0x00000000e0000000, 0x0000000100000000)
  region size 1024K, 2 young (2048K), 2 survivors (2048K)
 Metaspace       used 35731K, committed 36096K, reserved 393216K
  class space    used 4970K, committed 5120K, reserved 327680K
}
Event: 31.531 GC heap before
{Heap before GC invocations=7 (full 0):
 garbage-first heap   total 262144K, used 35529K [0x00000000e0000000, 0x0000000100000000)
  region size 1024K, 5 young (5120K), 2 survivors (2048K)
 Metaspace       used 35934K, committed 36288K, reserved 393216K
  class space    used 5002K, committed 5184K, reserved 327680K
}
Event: 31.534 GC heap after
{Heap after GC invocations=8 (full 0):
 garbage-first heap   total 262144K, used 32567K [0x00000000e0000000, 0x0000000100000000)
  region size 1024K, 1 young (1024K), 1 survivors (1024K)
 Metaspace       used 35934K, committed 36288K, reserved 393216K
  class space    used 5002K, committed 5184K, reserved 327680K
}

Dll operation events (15 events):
Event: 0.023 Loaded shared library C:\Users\Giang\.jdks\corretto-17.0.10\bin\java.dll
Event: 0.066 Loaded shared library C:\Users\Giang\.jdks\corretto-17.0.10\bin\jsvml.dll
Event: 0.275 Loaded shared library C:\Users\Giang\.jdks\corretto-17.0.10\bin\zip.dll
Event: 0.280 Loaded shared library C:\Users\Giang\.jdks\corretto-17.0.10\bin\instrument.dll
Event: 0.288 Loaded shared library C:\Users\Giang\.jdks\corretto-17.0.10\bin\net.dll
Event: 0.289 Loaded shared library C:\Users\Giang\.jdks\corretto-17.0.10\bin\nio.dll
Event: 0.298 Loaded shared library C:\Users\Giang\.jdks\corretto-17.0.10\bin\zip.dll
Event: 1.506 Loaded shared library C:\Users\Giang\.jdks\corretto-17.0.10\bin\jimage.dll
Event: 2.034 Loaded shared library C:\Users\Giang\.jdks\corretto-17.0.10\bin\verify.dll
Event: 2.529 Loaded shared library C:\Users\Giang\.gradle\native\c067742578af261105cb4f569cf0c3c89f3d7b1fecec35dd04571415982c5e48\windows-amd64\native-platform.dll
Event: 2.538 Loaded shared library C:\Users\Giang\.gradle\native\100fb08df4bc3b14c8652ba06237920a3bd2aa13389f12d3474272988ae205f9\windows-amd64\native-platform-file-events.dll
Event: 12.680 Loaded shared library C:\Users\Giang\.jdks\corretto-17.0.10\bin\management.dll
Event: 12.688 Loaded shared library C:\Users\Giang\.jdks\corretto-17.0.10\bin\management_ext.dll
Event: 13.501 Loaded shared library C:\Users\Giang\.jdks\corretto-17.0.10\bin\extnet.dll
Event: 14.160 Loaded shared library C:\Users\Giang\.jdks\corretto-17.0.10\bin\sunmscapi.dll

Deoptimization events (20 events):
Event: 42.815 Thread 0x000001dddc54f860 Uncommon trap: trap_request=0xffffffde fr.pc=0x000001ddb6cc7fe0 relative=0x0000000000000660
Event: 42.815 Thread 0x000001dddc54f860 Uncommon trap: reason=class_check action=maybe_recompile pc=0x000001ddb6cc7fe0 method=java.util.regex.Matcher.search(I)Z @ 121 c2
Event: 42.815 Thread 0x000001dddc54f860 DEOPT PACKING pc=0x000001ddb6cc7fe0 sp=0x0000009e912f86c0
Event: 42.815 Thread 0x000001dddc54f860 DEOPT UNPACKING pc=0x000001ddb65369a3 sp=0x0000009e912f8628 mode 2
Event: 42.815 Thread 0x000001dddc54f860 Uncommon trap: trap_request=0xffffffde fr.pc=0x000001ddb6cc7fe0 relative=0x0000000000000660
Event: 42.815 Thread 0x000001dddc54f860 Uncommon trap: reason=class_check action=maybe_recompile pc=0x000001ddb6cc7fe0 method=java.util.regex.Matcher.search(I)Z @ 121 c2
Event: 42.815 Thread 0x000001dddc54f860 DEOPT PACKING pc=0x000001ddb6cc7fe0 sp=0x0000009e912f86c0
Event: 42.815 Thread 0x000001dddc54f860 DEOPT UNPACKING pc=0x000001ddb65369a3 sp=0x0000009e912f8628 mode 2
Event: 42.825 Thread 0x000001dddc54f860 Uncommon trap: trap_request=0xffffffde fr.pc=0x000001ddb6cc7fe0 relative=0x0000000000000660
Event: 42.825 Thread 0x000001dddc54f860 Uncommon trap: reason=class_check action=maybe_recompile pc=0x000001ddb6cc7fe0 method=java.util.regex.Matcher.search(I)Z @ 121 c2
Event: 42.825 Thread 0x000001dddc54f860 DEOPT PACKING pc=0x000001ddb6cc7fe0 sp=0x0000009e912f8660
Event: 42.825 Thread 0x000001dddc54f860 DEOPT UNPACKING pc=0x000001ddb65369a3 sp=0x0000009e912f85c8 mode 2
Event: 42.825 Thread 0x000001dddc54f860 Uncommon trap: trap_request=0xffffffde fr.pc=0x000001ddb6cc7fe0 relative=0x0000000000000660
Event: 42.825 Thread 0x000001dddc54f860 Uncommon trap: reason=class_check action=maybe_recompile pc=0x000001ddb6cc7fe0 method=java.util.regex.Matcher.search(I)Z @ 121 c2
Event: 42.825 Thread 0x000001dddc54f860 DEOPT PACKING pc=0x000001ddb6cc7fe0 sp=0x0000009e912f8660
Event: 42.825 Thread 0x000001dddc54f860 DEOPT UNPACKING pc=0x000001ddb65369a3 sp=0x0000009e912f85c8 mode 2
Event: 42.934 Thread 0x000001dddc54f860 Uncommon trap: trap_request=0xffffffde fr.pc=0x000001ddb6cb7b90 relative=0x0000000000000630
Event: 42.934 Thread 0x000001dddc54f860 Uncommon trap: reason=class_check action=maybe_recompile pc=0x000001ddb6cb7b90 method=java.util.regex.Matcher.search(I)Z @ 121 c2
Event: 42.934 Thread 0x000001dddc54f860 DEOPT PACKING pc=0x000001ddb6cb7b90 sp=0x0000009e912f8640
Event: 42.935 Thread 0x000001dddc54f860 DEOPT UNPACKING pc=0x000001ddb65369a3 sp=0x0000009e912f8620 mode 2

Classes unloaded (0 events):
No events

Classes redefined (0 events):
No events

Internal exceptions (20 events):
Event: 40.052 Thread 0x000001dddc54f860 Exception <a 'java/lang/NoSuchMethodError'{0x00000000ec9f4f78}: 'java.lang.Object java.lang.invoke.DirectMethodHandle$Holder.invokeSpecial(java.lang.Object, java.lang.Object, java.lang.Object, java.lang.Object, java.lang.Object, java.lang.Object, int)'> (0x00000000ec9f4f78) 
thrown [s\src\hotspot\share\interpreter\linkResolver.cpp, line 759]
Event: 40.065 Thread 0x000001dddc54f860 Exception <a 'java/lang/NoSuchMethodError'{0x00000000ec852570}: 'java.lang.Object java.lang.invoke.DirectMethodHandle$Holder.invokeSpecial(java.lang.Object, java.lang.Object, java.lang.Object, java.lang.Object, java.lang.Object, long)'> (0x00000000ec852570) 
thrown [s\src\hotspot\share\interpreter\linkResolver.cpp, line 759]
Event: 40.068 Thread 0x000001dddc54f860 Exception <a 'java/lang/NoSuchMethodError'{0x00000000ec87bcc0}: 'void java.lang.invoke.DirectMethodHandle$Holder.invokeStatic(java.lang.Object, java.lang.Object, java.lang.Object, int, java.lang.Object)'> (0x00000000ec87bcc0) 
thrown [s\src\hotspot\share\interpreter\linkResolver.cpp, line 759]
Event: 40.290 Thread 0x000001dddc54f860 Exception <a 'java/lang/NoSuchMethodError'{0x00000000ec2a6138}: 'java.lang.Object java.lang.invoke.DirectMethodHandle$Holder.invokeSpecial(java.lang.Object, java.lang.Object, java.lang.Object, java.lang.Object, int, java.lang.Object)'> (0x00000000ec2a6138) 
thrown [s\src\hotspot\share\interpreter\linkResolver.cpp, line 759]
Event: 40.291 Thread 0x000001dddc54f860 Exception <a 'java/lang/NoSuchMethodError'{0x00000000ec2aee30}: 'java.lang.Object java.lang.invoke.DirectMethodHandle$Holder.newInvokeSpecial(java.lang.Object, java.lang.Object, java.lang.Object, java.lang.Object, int)'> (0x00000000ec2aee30) 
thrown [s\src\hotspot\share\interpreter\linkResolver.cpp, line 759]
Event: 40.291 Thread 0x000001dddc54f860 Exception <a 'java/lang/NoSuchMethodError'{0x00000000ec2b3d28}: 'java.lang.Object java.lang.invoke.DirectMethodHandle$Holder.invokeSpecial(java.lang.Object, java.lang.Object, java.lang.Object, java.lang.Object, java.lang.Object, int)'> (0x00000000ec2b3d28) 
thrown [s\src\hotspot\share\interpreter\linkResolver.cpp, line 759]
Event: 40.292 Thread 0x000001dddc54f860 Exception <a 'java/lang/NoSuchMethodError'{0x00000000ec2b8558}: 'java.lang.Object java.lang.invoke.Invokers$Holder.linkToTargetMethod(java.lang.Object, java.lang.Object, java.lang.Object, int, java.lang.Object)'> (0x00000000ec2b8558) 
thrown [s\src\hotspot\share\interpreter\linkResolver.cpp, line 759]
Event: 40.423 Thread 0x000001dddc54f860 Exception <a 'java/lang/NoSuchMethodError'{0x00000000ec0ee8f8}: 'int java.lang.invoke.DirectMethodHandle$Holder.invokeInterface(java.lang.Object, java.lang.Object, java.lang.Object, java.lang.Object)'> (0x00000000ec0ee8f8) 
thrown [s\src\hotspot\share\interpreter\linkResolver.cpp, line 759]
Event: 40.520 Thread 0x000001dddc54f860 Exception <a 'java/lang/NoSuchMethodError'{0x00000000ebeb8878}: 'java.lang.Object java.lang.invoke.DirectMethodHandle$Holder.invokeStatic(java.lang.Object, long, java.lang.Object)'> (0x00000000ebeb8878) 
thrown [s\src\hotspot\share\interpreter\linkResolver.cpp, line 759]
Event: 40.520 Thread 0x000001dddc54f860 Exception <a 'java/lang/NoSuchMethodError'{0x00000000ebec06d0}: 'java.lang.Object java.lang.invoke.DirectMethodHandle$Holder.newInvokeSpecial(java.lang.Object, long)'> (0x00000000ebec06d0) 
thrown [s\src\hotspot\share\interpreter\linkResolver.cpp, line 759]
Event: 40.528 Thread 0x000001dddc54f860 Exception <a 'java/lang/NoSuchMethodError'{0x00000000ebd1d728}: 'java.lang.Object java.lang.invoke.DirectMethodHandle$Holder.newInvokeSpecial(java.lang.Object, java.lang.Object, java.lang.Object, java.lang.Object, java.lang.Object, long)'> (0x00000000ebd1d728) 
thrown [s\src\hotspot\share\interpreter\linkResolver.cpp, line 759]
Event: 40.529 Thread 0x000001dddc54f860 Exception <a 'java/lang/NoSuchMethodError'{0x00000000ebd22638}: 'java.lang.Object java.lang.invoke.DirectMethodHandle$Holder.invokeSpecial(java.lang.Object, java.lang.Object, java.lang.Object, java.lang.Object, java.lang.Object, java.lang.Object, long)'> (0x00000000ebd22638) 
thrown [s\src\hotspot\share\interpreter\linkResolver.cpp, line 759]
Event: 40.542 Thread 0x000001dddc54f860 Exception <a 'java/lang/NoSuchMethodError'{0x00000000ebd6eb78}: 'java.lang.Object java.lang.invoke.DirectMethodHandle$Holder.newInvokeSpecial(java.lang.Object, java.lang.Object, java.lang.Object, long)'> (0x00000000ebd6eb78) 
thrown [s\src\hotspot\share\interpreter\linkResolver.cpp, line 759]
Event: 40.543 Thread 0x000001dddc54f860 Exception <a 'java/lang/NoSuchMethodError'{0x00000000ebd73bb8}: 'java.lang.Object java.lang.invoke.DirectMethodHandle$Holder.invokeSpecial(java.lang.Object, java.lang.Object, java.lang.Object, java.lang.Object, long)'> (0x00000000ebd73bb8) 
thrown [s\src\hotspot\share\interpreter\linkResolver.cpp, line 759]
Event: 40.543 Thread 0x000001dddc54f860 Exception <a 'java/lang/NoSuchMethodError'{0x00000000ebd782e0}: 'java.lang.Object java.lang.invoke.Invokers$Holder.linkToTargetMethod(java.lang.Object, java.lang.Object, long, java.lang.Object)'> (0x00000000ebd782e0) 
thrown [s\src\hotspot\share\interpreter\linkResolver.cpp, line 759]
Event: 40.657 Thread 0x000001dddc54f860 Exception <a 'java/lang/NoSuchMethodError'{0x00000000ebba7588}: 'java.lang.Object java.lang.invoke.DirectMethodHandle$Holder.invokeSpecial(java.lang.Object, java.lang.Object, long, java.lang.Object, java.lang.Object)'> (0x00000000ebba7588) 
thrown [s\src\hotspot\share\interpreter\linkResolver.cpp, line 759]
Event: 40.883 Thread 0x000001dddc54f860 Exception <a 'java/lang/NoSuchMethodError'{0x00000000eb968998}: 'java.lang.Object java.lang.invoke.DirectMethodHandle$Holder.newInvokeSpecial(java.lang.Object, java.lang.Object, int)'> (0x00000000eb968998) 
thrown [s\src\hotspot\share\interpreter\linkResolver.cpp, line 759]
Event: 41.125 Thread 0x000001dddc54f860 Exception <a 'java/lang/NoSuchMethodError'{0x00000000eb44b540}: 'java.lang.Object java.lang.invoke.DirectMethodHandle$Holder.newInvokeSpecial(java.lang.Object, java.lang.Object, java.lang.Object, java.lang.Object, int, java.lang.Object)'> (0x00000000eb44b540) 
thrown [s\src\hotspot\share\interpreter\linkResolver.cpp, line 759]
Event: 41.125 Thread 0x000001dddc54f860 Exception <a 'java/lang/NoSuchMethodError'{0x00000000eb4505f0}: 'java.lang.Object java.lang.invoke.Invokers$Holder.linkToTargetMethod(java.lang.Object, java.lang.Object, java.lang.Object, int, java.lang.Object, java.lang.Object)'> (0x00000000eb4505f0) 
thrown [s\src\hotspot\share\interpreter\linkResolver.cpp, line 759]
Event: 41.367 Thread 0x000001dddc54f860 Exception <a 'java/lang/NoSuchMethodError'{0x00000000ead6b560}: 'java.lang.Object java.lang.invoke.DirectMethodHandle$Holder.invokeSpecialIFC(java.lang.Object, java.lang.Object, java.lang.Object)'> (0x00000000ead6b560) 
thrown [s\src\hotspot\share\interpreter\linkResolver.cpp, line 759]

VM Operations (20 events):
Event: 40.395 Executing VM operation: HandshakeAllThreads
Event: 40.396 Executing VM operation: HandshakeAllThreads done
Event: 40.420 Executing VM operation: HandshakeAllThreads
Event: 40.421 Executing VM operation: HandshakeAllThreads done
Event: 41.050 Executing VM operation: ICBufferFull
Event: 41.072 Executing VM operation: ICBufferFull done
Event: 41.076 Executing VM operation: HandshakeAllThreads
Event: 41.076 Executing VM operation: HandshakeAllThreads done
Event: 41.095 Executing VM operation: HandshakeAllThreads
Event: 41.096 Executing VM operation: HandshakeAllThreads done
Event: 41.111 Executing VM operation: HandshakeAllThreads
Event: 41.111 Executing VM operation: HandshakeAllThreads done
Event: 41.165 Executing VM operation: HandshakeAllThreads
Event: 41.165 Executing VM operation: HandshakeAllThreads done
Event: 41.383 Executing VM operation: ICBufferFull
Event: 41.384 Executing VM operation: ICBufferFull done
Event: 41.831 Executing VM operation: ICBufferFull
Event: 41.831 Executing VM operation: ICBufferFull done
Event: 42.844 Executing VM operation: Cleanup
Event: 42.848 Executing VM operation: Cleanup done

Events (20 events):
Event: 42.117 loading class javax/xml/parsers/FactoryFinder done
Event: 42.118 loading class javax/xml/parsers/FactoryFinder$1
Event: 42.118 loading class javax/xml/parsers/FactoryFinder$1 done
Event: 42.119 loading class com/sun/org/apache/xerces/internal/jaxp/DocumentBuilderFactoryImpl
Event: 42.120 loading class com/sun/org/apache/xerces/internal/jaxp/DocumentBuilderFactoryImpl done
Event: 42.120 loading class com/sun/org/apache/xerces/internal/utils/XMLSecurityManager
Event: 42.122 loading class com/sun/org/apache/xerces/internal/utils/XMLSecurityManager done
Event: 42.122 loading class com/sun/org/apache/xerces/internal/utils/XMLSecurityManager$Limit
Event: 42.123 loading class com/sun/org/apache/xerces/internal/utils/XMLSecurityManager$Limit done
Event: 42.123 loading class com/sun/org/apache/xerces/internal/utils/XMLSecurityManager$NameMap
Event: 42.123 loading class com/sun/org/apache/xerces/internal/utils/XMLSecurityManager$NameMap done
Event: 42.124 loading class com/sun/org/apache/xerces/internal/utils/XMLSecurityPropertyManager
Event: 42.124 loading class com/sun/org/apache/xerces/internal/utils/XMLSecurityPropertyManager done
Event: 42.124 loading class com/sun/org/apache/xerces/internal/utils/XMLSecurityPropertyManager$State
Event: 42.124 loading class com/sun/org/apache/xerces/internal/utils/XMLSecurityPropertyManager$State done
Event: 42.124 loading class com/sun/org/apache/xerces/internal/utils/XMLSecurityPropertyManager$Property
Event: 42.124 loading class com/sun/org/apache/xerces/internal/utils/XMLSecurityPropertyManager$Property done
Event: 42.458 loading class java/util/regex/Pattern$SliceI
Event: 42.458 loading class java/util/regex/Pattern$SliceI done
Event: 42.500 Thread 0x000001ddc197bbb0 Thread added: 0x000001ddc197bbb0


Dynamic libraries:
0x00007ff7fe3d0000 - 0x00007ff7fe3de000 	C:\Users\Giang\.jdks\corretto-17.0.10\bin\java.exe
0x00007ff94b450000 - 0x00007ff94b648000 	C:\Windows\SYSTEM32\ntdll.dll
0x00007ff949ec0000 - 0x00007ff949f81000 	C:\Windows\System32\KERNEL32.DLL
0x00007ff948d60000 - 0x00007ff94905d000 	C:\Windows\System32\KERNELBASE.dll
0x00007ff949060000 - 0x00007ff949160000 	C:\Windows\System32\ucrtbase.dll
0x00007ff942680000 - 0x00007ff942697000 	C:\Users\Giang\.jdks\corretto-17.0.10\bin\jli.dll
0x00007ff94a5c0000 - 0x00007ff94a75d000 	C:\Windows\System32\USER32.dll
0x00007ff949160000 - 0x00007ff949182000 	C:\Windows\System32\win32u.dll
0x00007ff94b160000 - 0x00007ff94b18b000 	C:\Windows\System32\GDI32.dll
0x00007ff949190000 - 0x00007ff9492a7000 	C:\Windows\System32\gdi32full.dll
0x00007ff949360000 - 0x00007ff9493fd000 	C:\Windows\System32\msvcp_win.dll
0x00007ff93c9e0000 - 0x00007ff93c9fb000 	C:\Users\Giang\.jdks\corretto-17.0.10\bin\VCRUNTIME140.dll
0x00007ff9370e0000 - 0x00007ff93737a000 	C:\Windows\WinSxS\amd64_microsoft.windows.common-controls_6595b64144ccf1df_6.0.19041.4355_none_60b8b9eb71f62e16\COMCTL32.dll
0x00007ff94a930000 - 0x00007ff94a9ce000 	C:\Windows\System32\msvcrt.dll
0x00007ff94a230000 - 0x00007ff94a25f000 	C:\Windows\System32\IMM32.DLL
0x00007ff9439d0000 - 0x00007ff9439dc000 	C:\Users\Giang\.jdks\corretto-17.0.10\bin\vcruntime140_1.dll
0x00007ff93c880000 - 0x00007ff93c90d000 	C:\Users\Giang\.jdks\corretto-17.0.10\bin\msvcp140.dll
0x00007ff8ec680000 - 0x00007ff8ed2e2000 	C:\Users\Giang\.jdks\corretto-17.0.10\bin\server\jvm.dll
0x00007ff94b360000 - 0x00007ff94b410000 	C:\Windows\System32\ADVAPI32.dll
0x00007ff94b2c0000 - 0x00007ff94b360000 	C:\Windows\System32\sechost.dll
0x00007ff94a260000 - 0x00007ff94a383000 	C:\Windows\System32\RPCRT4.dll
0x00007ff949400000 - 0x00007ff949427000 	C:\Windows\System32\bcrypt.dll
0x00007ff948080000 - 0x00007ff9480cb000 	C:\Windows\SYSTEM32\POWRPROF.dll
0x00007ff930030000 - 0x00007ff930039000 	C:\Windows\SYSTEM32\WSOCK32.dll
0x00007ff94a430000 - 0x00007ff94a49b000 	C:\Windows\System32\WS2_32.dll
0x00007ff93cba0000 - 0x00007ff93cbc7000 	C:\Windows\SYSTEM32\WINMM.dll
0x00007ff941500000 - 0x00007ff94150a000 	C:\Windows\SYSTEM32\VERSION.dll
0x00007ff947ef0000 - 0x00007ff947f02000 	C:\Windows\SYSTEM32\UMPDC.dll
0x00007ff946980000 - 0x00007ff946992000 	C:\Windows\SYSTEM32\kernel.appcore.dll
0x00007ff942670000 - 0x00007ff94267a000 	C:\Users\Giang\.jdks\corretto-17.0.10\bin\jimage.dll
0x00007ff940080000 - 0x00007ff940264000 	C:\Windows\SYSTEM32\DBGHELP.DLL
0x00007ff940040000 - 0x00007ff940074000 	C:\Windows\SYSTEM32\dbgcore.DLL
0x00007ff948c60000 - 0x00007ff948ce2000 	C:\Windows\System32\bcryptPrimitives.dll
0x00007ff9425e0000 - 0x00007ff9425ee000 	C:\Users\Giang\.jdks\corretto-17.0.10\bin\instrument.dll
0x00007ff93c9b0000 - 0x00007ff93c9d5000 	C:\Users\Giang\.jdks\corretto-17.0.10\bin\java.dll
0x00007ff93c6c0000 - 0x00007ff93c797000 	C:\Users\Giang\.jdks\corretto-17.0.10\bin\jsvml.dll
0x00007ff94a9d0000 - 0x00007ff94b13f000 	C:\Windows\System32\SHELL32.dll
0x00007ff946b80000 - 0x00007ff94731f000 	C:\Windows\SYSTEM32\windows.storage.dll
0x00007ff949ab0000 - 0x00007ff949e03000 	C:\Windows\System32\combase.dll
0x00007ff948520000 - 0x00007ff94854e000 	C:\Windows\SYSTEM32\Wldp.dll
0x00007ff94b190000 - 0x00007ff94b25d000 	C:\Windows\System32\OLEAUT32.dll
0x00007ff949e10000 - 0x00007ff949ebd000 	C:\Windows\System32\SHCORE.dll
0x00007ff94a1d0000 - 0x00007ff94a225000 	C:\Windows\System32\shlwapi.dll
0x00007ff948a30000 - 0x00007ff948a54000 	C:\Windows\SYSTEM32\profapi.dll
0x00007ff93c990000 - 0x00007ff93c9a8000 	C:\Users\Giang\.jdks\corretto-17.0.10\bin\zip.dll
0x00007ff93c970000 - 0x00007ff93c989000 	C:\Users\Giang\.jdks\corretto-17.0.10\bin\net.dll
0x00007ff9402e0000 - 0x00007ff9403ed000 	C:\Windows\SYSTEM32\WINHTTP.dll
0x00007ff948280000 - 0x00007ff9482ea000 	C:\Windows\system32\mswsock.dll
0x00007ff93c860000 - 0x00007ff93c876000 	C:\Users\Giang\.jdks\corretto-17.0.10\bin\nio.dll
0x00007ff9425c0000 - 0x00007ff9425d0000 	C:\Users\Giang\.jdks\corretto-17.0.10\bin\verify.dll
0x00007ff9426a0000 - 0x00007ff9426c7000 	C:\Users\Giang\.gradle\native\c067742578af261105cb4f569cf0c3c89f3d7b1fecec35dd04571415982c5e48\windows-amd64\native-platform.dll
0x00007ff92e730000 - 0x00007ff92e874000 	C:\Users\Giang\.gradle\native\100fb08df4bc3b14c8652ba06237920a3bd2aa13389f12d3474272988ae205f9\windows-amd64\native-platform-file-events.dll
0x00007ff9421f0000 - 0x00007ff9421f9000 	C:\Users\Giang\.jdks\corretto-17.0.10\bin\management.dll
0x00007ff9420f0000 - 0x00007ff9420fb000 	C:\Users\Giang\.jdks\corretto-17.0.10\bin\management_ext.dll
0x00007ff94a420000 - 0x00007ff94a428000 	C:\Windows\System32\PSAPI.DLL
0x00007ff948470000 - 0x00007ff948488000 	C:\Windows\SYSTEM32\CRYPTSP.dll
0x00007ff947b30000 - 0x00007ff947b64000 	C:\Windows\system32\rsaenh.dll
0x00007ff9489a0000 - 0x00007ff9489ce000 	C:\Windows\SYSTEM32\USERENV.dll
0x00007ff948490000 - 0x00007ff94849c000 	C:\Windows\SYSTEM32\CRYPTBASE.dll
0x00007ff947f10000 - 0x00007ff947f4b000 	C:\Windows\SYSTEM32\IPHLPAPI.DLL
0x00007ff949aa0000 - 0x00007ff949aa8000 	C:\Windows\System32\NSI.dll
0x00007ff940f00000 - 0x00007ff940f17000 	C:\Windows\SYSTEM32\dhcpcsvc6.DLL
0x00007ff941110000 - 0x00007ff94112d000 	C:\Windows\SYSTEM32\dhcpcsvc.DLL
0x00007ff947f60000 - 0x00007ff94802a000 	C:\Windows\SYSTEM32\DNSAPI.dll
0x00007ff9411f0000 - 0x00007ff9411f9000 	C:\Users\Giang\.jdks\corretto-17.0.10\bin\extnet.dll
0x00007ff93fc70000 - 0x00007ff93fc7e000 	C:\Users\Giang\.jdks\corretto-17.0.10\bin\sunmscapi.dll
0x00007ff948b00000 - 0x00007ff948c5e000 	C:\Windows\System32\CRYPT32.dll
0x00007ff948590000 - 0x00007ff9485b9000 	C:\Windows\SYSTEM32\ncrypt.dll
0x00007ff948550000 - 0x00007ff94858b000 	C:\Windows\SYSTEM32\NTASN1.dll
0x00007ff928340000 - 0x00007ff928347000 	C:\Windows\system32\wshunix.dll

dbghelp: loaded successfully - version: 4.0.5 - missing functions: none
symbol engine: initialized successfully - sym options: 0x614 - pdb path: .;C:\Users\Giang\.jdks\corretto-17.0.10\bin;C:\Windows\SYSTEM32;C:\Windows\WinSxS\amd64_microsoft.windows.common-controls_6595b64144ccf1df_6.0.19041.4355_none_60b8b9eb71f62e16;C:\Users\Giang\.jdks\corretto-17.0.10\bin\server;C:\Users\Giang\.gradle\native\c067742578af261105cb4f569cf0c3c89f3d7b1fecec35dd04571415982c5e48\windows-amd64;C:\Users\Giang\.gradle\native\100fb08df4bc3b14c8652ba06237920a3bd2aa13389f12d3474272988ae205f9\windows-amd64

VM Arguments:
jvm_args: --add-opens=java.base/java.util=ALL-UNNAMED --add-opens=java.base/java.lang=ALL-UNNAMED --add-opens=java.base/java.lang.invoke=ALL-UNNAMED --add-opens=java.prefs/java.util.prefs=ALL-UNNAMED --add-opens=java.base/java.nio.charset=ALL-UNNAMED --add-opens=java.base/java.net=ALL-UNNAMED --add-opens=java.base/java.util.concurrent.atomic=ALL-UNNAMED -XX:MaxMetaspaceSize=384m -XX:+HeapDumpOnOutOfMemoryError -Xms256m -Xmx512m -Dfile.encoding=windows-1252 -Duser.country=US -Duser.language=en -Duser.variant -javaagent:C:\Users\Giang\.gradle\wrapper\dists\gradle-8.8-bin\dl7vupf4psengwqhwktix4v1\gradle-8.8\lib\agents\gradle-instrumentation-agent-8.8.jar 
java_command: org.gradle.launcher.daemon.bootstrap.GradleDaemon 8.8
java_class_path (initial): C:\Users\Giang\.gradle\wrapper\dists\gradle-8.8-bin\dl7vupf4psengwqhwktix4v1\gradle-8.8\lib\gradle-launcher-8.8.jar
Launcher Type: SUN_STANDARD

[Global flags]
     intx CICompilerCount                          = 3                                         {product} {ergonomic}
   size_t CompressedClassSpaceSize                 = 335544320                                 {product} {ergonomic}
     uint ConcGCThreads                            = 1                                         {product} {ergonomic}
     uint G1ConcRefinementThreads                  = 4                                         {product} {ergonomic}
   size_t G1HeapRegionSize                         = 1048576                                   {product} {ergonomic}
    uintx GCDrainStackTargetSize                   = 64                                        {product} {ergonomic}
     bool HeapDumpOnOutOfMemoryError               = true                                   {manageable} {command line}
   size_t InitialHeapSize                          = 268435456                                 {product} {command line}
   size_t MarkStackSize                            = 4194304                                   {product} {ergonomic}
   size_t MaxHeapSize                              = 536870912                                 {product} {command line}
   size_t MaxMetaspaceSize                         = 402653184                                 {product} {command line}
   size_t MaxNewSize                               = 321912832                                 {product} {ergonomic}
   size_t MinHeapDeltaBytes                        = 1048576                                   {product} {ergonomic}
   size_t MinHeapSize                              = 268435456                                 {product} {command line}
    uintx NonNMethodCodeHeapSize                   = 5832780                                {pd product} {ergonomic}
    uintx NonProfiledCodeHeapSize                  = 122912730                              {pd product} {ergonomic}
    uintx ProfiledCodeHeapSize                     = 122912730                              {pd product} {ergonomic}
    uintx ReservedCodeCacheSize                    = 251658240                              {pd product} {ergonomic}
     bool SegmentedCodeCache                       = true                                      {product} {ergonomic}
   size_t SoftMaxHeapSize                          = 536870912                              {manageable} {ergonomic}
     bool UseCompressedClassPointers               = true                           {product lp64_product} {ergonomic}
     bool UseCompressedOops                        = true                           {product lp64_product} {ergonomic}
     bool UseG1GC                                  = true                                      {product} {ergonomic}
     bool UseLargePagesIndividualAllocation        = false                                  {pd product} {ergonomic}

Logging:
Log output configuration:
 #0: stdout all=warning uptime,level,tags
 #1: stderr all=off uptime,level,tags

Environment Variables:
PATH=C:\Program Files\Common Files\Oracle\Java\javapath;C:\Windows\system32;C:\Windows;C:\Windows\System32\Wbem;C:\Windows\System32\WindowsPowerShell\v1.0\;C:\Windows\System32\OpenSSH\;C:\Program Files\MySQL\MySQL Server 8.0\bin;%JAVA_HOME%\bin;C:\Gradle\gradle-6.8\bin;C:\Program Files\Git\cmd;C:\Program Files\Java\jdk-17\bin;C:\Program Files\nodejs\;C:\Program Files\MySQL\MySQL Shell 8.0\bin\;C:\Users\Giang\AppData\Local\Microsoft\WindowsApps;C:\Users\Giang\AppData\Local\GitHubDesktop\bin;D:\Microsoft VS Code\bin;C:\Users\Giang\AppData\Roaming\npm
USERNAME=Giang
OS=Windows_NT
PROCESSOR_IDENTIFIER=Intel64 Family 6 Model 61 Stepping 4, GenuineIntel
TMP=C:\Users\Giang\AppData\Local\Temp
TEMP=C:\Users\Giang\AppData\Local\Temp



Periodic native trim disabled


---------------  S Y S T E M  ---------------

OS:
 Windows 10 , 64 bit Build 19041 (10.0.19041.4717)
OS uptime: 0 days 2:52 hours

CPU: total 4 (initial active 4) (2 cores per cpu, 2 threads per core) family 6 model 61 stepping 4 microcode 0x2d, cx8, cmov, fxsr, ht, mmx, 3dnowpref, sse, sse2, sse3, ssse3, sse4.1, sse4.2, popcnt, lzcnt, tsc, tscinvbit, avx, avx2, aes, erms, clmul, bmi1, bmi2, rtm, adx, fma, vzeroupper, clflush
Processor Information for all 4 processors :
  Max Mhz: 2594, Current Mhz: 2594, Mhz Limit: 2594

Memory: 4k page, system-wide physical 7887M (286M free)
TotalPageFile size 15055M (AvailPageFile size 3M)
current process WorkingSet (physical memory assigned to process): 332M, peak: 332M
current process commit charge ("private bytes"): 457M, peak: 459M

vm_info: OpenJDK 64-Bit Server VM (17.0.10+7-LTS) for windows-amd64 JRE (17.0.10+7-LTS), built on Jan 10 2024 22:11:07 by "Administrator" with MS VC++ 16.10 / 16.11 (VS2019)

END.
