#
# There is insufficient memory for the Java Runtime Environment to continue.
# Native memory allocation (malloc) failed to allocate 1054784 bytes for Chunk::new
# Possible reasons:
#   The system is out of physical RAM or swap space
#   The process is running with CompressedOops enabled, and the Java Heap may be blocking the growth of the native heap
# Possible solutions:
#   Reduce memory load on the system
#   Increase physical memory or swap space
#   Check if swap backing store is full
#   Decrease Java heap size (-Xmx/-Xms)
#   Decrease number of Java threads
#   Decrease Java thread stack sizes (-Xss)
#   Set larger code cache with -XX:ReservedCodeCacheSize=
#   JVM is running with Unscaled Compressed Oops mode in which the Java heap is
#     placed in the first 4GB address space. The Java Heap base address is the
#     maximum limit for the native heap growth. Please use -XX:HeapBaseMinAddress
#     to set the Java Heap base and to place the Java Heap above 4GB virtual address.
# This output file may be truncated or incomplete.
#
#  Out of Memory Error (arena.cpp:191), pid=9248, tid=14164
#
# JRE version: OpenJDK Runtime Environment Corretto-17.0.10.7.1 (17.0.10+7) (build 17.0.10+7-LTS)
# Java VM: OpenJDK 64-Bit Server VM Corretto-17.0.10.7.1 (17.0.10+7-LTS, mixed mode, sharing, tiered, compressed oops, compressed class ptrs, g1 gc, windows-amd64)
# No core dump will be written. Minidumps are not enabled by default on client versions of Windows
#

---------------  S U M M A R Y ------------

Command Line: --add-opens=java.base/java.util=ALL-UNNAMED --add-opens=java.base/java.lang=ALL-UNNAMED --add-opens=java.base/java.lang.invoke=ALL-UNNAMED --add-opens=java.prefs/java.util.prefs=ALL-UNNAMED --add-opens=java.base/java.nio.charset=ALL-UNNAMED --add-opens=java.base/java.net=ALL-UNNAMED --add-opens=java.base/java.util.concurrent.atomic=ALL-UNNAMED -XX:MaxMetaspaceSize=384m -XX:+HeapDumpOnOutOfMemoryError -Xms256m -Xmx512m -Dfile.encoding=windows-1252 -Duser.country=US -Duser.language=en -Duser.variant -javaagent:C:\Users\Giang\.gradle\wrapper\dists\gradle-8.8-bin\dl7vupf4psengwqhwktix4v1\gradle-8.8\lib\agents\gradle-instrumentation-agent-8.8.jar org.gradle.launcher.daemon.bootstrap.GradleDaemon 8.8

Host: Intel(R) Core(TM) i7-5600U CPU @ 2.60GHz, 4 cores, 7G,  Windows 10 , 64 bit Build 19041 (10.0.19041.4597)
Time: Tue Aug 13 14:03:37 2024 SE Asia Standard Time elapsed time: 54.074785 seconds (0d 0h 0m 54s)

---------------  T H R E A D  ---------------

Current thread (0x0000020a834df960):  JavaThread "C2 CompilerThread0" daemon [_thread_in_native, id=14164, stack(0x000000ce6f600000,0x000000ce6f700000)]


Current CompileTask:
C2:  54074 9934       4       io.spring.gradle.dependencymanagement.org.codehaus.plexus.util.xml.Xpp3DomBuilder::build (413 bytes)

Stack: [0x000000ce6f600000,0x000000ce6f700000]
Native frames: (J=compiled Java code, j=interpreted, Vv=VM code, C=native code)
V  [jvm.dll+0x67d2c9]
V  [jvm.dll+0x834b1a]
V  [jvm.dll+0x8365de]
V  [jvm.dll+0x836c43]
V  [jvm.dll+0x2477ff]
V  [jvm.dll+0xac514]
V  [jvm.dll+0xacb5c]
V  [jvm.dll+0x3667d7]
V  [jvm.dll+0x330bfa]
V  [jvm.dll+0x33009a]
V  [jvm.dll+0x219ef1]
V  [jvm.dll+0x219311]
V  [jvm.dll+0x1a502d]
V  [jvm.dll+0x2290de]
V  [jvm.dll+0x2272ac]
V  [jvm.dll+0x7e9bd7]
V  [jvm.dll+0x7e3fda]
V  [jvm.dll+0x67c1b5]
C  [ucrtbase.dll+0x21bb2]
C  [KERNEL32.DLL+0x17374]
C  [ntdll.dll+0x4cc91]


---------------  P R O C E S S  ---------------

Threads class SMR info:
_java_thread_list=0x0000020a839cc410, length=90, elements={
0x0000020ae91bf5c0, 0x0000020a834b8340, 0x0000020a834ba0e0, 0x0000020a834cd8c0,
0x0000020a834d02a0, 0x0000020a834d0b70, 0x0000020a834d1440, 0x0000020a834df960,
0x0000020a834e0320, 0x0000020a834ec420, 0x0000020a836edef0, 0x0000020a837c2950,
0x0000020a9e56f690, 0x0000020a837ce990, 0x0000020a9d02d550, 0x0000020a9dddb510,
0x0000020a9da8fde0, 0x0000020a9da8f3c0, 0x0000020a9da8df80, 0x0000020a9da8f8d0,
0x0000020a9da8d050, 0x0000020a9da8e9a0, 0x0000020a9da902f0, 0x0000020a9da8d560,
0x0000020a9da8da70, 0x0000020a9da90800, 0x0000020a9da8eeb0, 0x0000020a9d0385a0,
0x0000020a9d03dbb0, 0x0000020a9d03a910, 0x0000020a9d03b840, 0x0000020a9d03ae20,
0x0000020a9d03eae0, 0x0000020a9d03e5d0, 0x0000020a9d03bd50, 0x0000020a9d03c770,
0x0000020a9d03eff0, 0x0000020a9d03f500, 0x0000020a9d038ab0, 0x0000020a9d03cc80,
0x0000020a9d03e0c0, 0x0000020a9d038090, 0x0000020a9d03d6a0, 0x0000020a9d03fa10,
0x0000020a9d038fc0, 0x0000020a9d0394d0, 0x0000020a9d0399e0, 0x0000020a9d039ef0,
0x0000020a9fe45930, 0x0000020a9fe45e40, 0x0000020a9fe47790, 0x0000020a9fe46d70,
0x0000020a9fe47ca0, 0x0000020a9fe45420, 0x0000020a9fe46350, 0x0000020a9fe46860,
0x0000020a9fe486c0, 0x0000020a9fe47280, 0x0000020a9fe44f10, 0x0000020aa05f4310,
0x0000020aa05f1a90, 0x0000020aa05f2ed0, 0x0000020aa05f3e00, 0x0000020aa05f4820,
0x0000020aa05f29c0, 0x0000020aa05f1070, 0x0000020aa05f1580, 0x0000020aa05f33e0,
0x0000020aa05f1fa0, 0x0000020aa05f24b0, 0x0000020aa05f38f0, 0x0000020a9fd79ee0,
0x0000020a9fd7bd40, 0x0000020a9fd7a900, 0x0000020a9fd7f4f0, 0x0000020a9fd7c250,
0x0000020a9fd7a3f0, 0x0000020a9fd7d690, 0x0000020a9fd794c0, 0x0000020a9fd7dba0,
0x0000020a9fd799d0, 0x0000020a9fd78080, 0x0000020a9fd78fb0, 0x0000020a9fd7c760,
0x0000020a9fd7e0b0, 0x0000020a9fd7ae10, 0x0000020a9fd7e5c0, 0x0000020a9fd7b320,
0x0000020a9fd7d180, 0x0000020a9fd78aa0
}

Java Threads: ( => current thread )
  0x0000020ae91bf5c0 JavaThread "main" [_thread_blocked, id=728, stack(0x000000ce6e900000,0x000000ce6ea00000)]
  0x0000020a834b8340 JavaThread "Reference Handler" daemon [_thread_blocked, id=4404, stack(0x000000ce6f000000,0x000000ce6f100000)]
  0x0000020a834ba0e0 JavaThread "Finalizer" daemon [_thread_blocked, id=14348, stack(0x000000ce6f100000,0x000000ce6f200000)]
  0x0000020a834cd8c0 JavaThread "Signal Dispatcher" daemon [_thread_blocked, id=11784, stack(0x000000ce6f200000,0x000000ce6f300000)]
  0x0000020a834d02a0 JavaThread "Attach Listener" daemon [_thread_blocked, id=11084, stack(0x000000ce6f300000,0x000000ce6f400000)]
  0x0000020a834d0b70 JavaThread "Service Thread" daemon [_thread_blocked, id=1292, stack(0x000000ce6f400000,0x000000ce6f500000)]
  0x0000020a834d1440 JavaThread "Monitor Deflation Thread" daemon [_thread_blocked, id=12092, stack(0x000000ce6f500000,0x000000ce6f600000)]
=>0x0000020a834df960 JavaThread "C2 CompilerThread0" daemon [_thread_in_native, id=14164, stack(0x000000ce6f600000,0x000000ce6f700000)]
  0x0000020a834e0320 JavaThread "C1 CompilerThread0" daemon [_thread_blocked, id=12884, stack(0x000000ce6f700000,0x000000ce6f800000)]
  0x0000020a834ec420 JavaThread "Sweeper thread" daemon [_thread_blocked, id=9924, stack(0x000000ce6f800000,0x000000ce6f900000)]
  0x0000020a836edef0 JavaThread "Common-Cleaner" daemon [_thread_blocked, id=14740, stack(0x000000ce6f900000,0x000000ce6fa00000)]
  0x0000020a837c2950 JavaThread "Notification Thread" daemon [_thread_blocked, id=7780, stack(0x000000ce6fa00000,0x000000ce6fb00000)]
  0x0000020a9e56f690 JavaThread "Daemon health stats" [_thread_blocked, id=9032, stack(0x000000ce6fc00000,0x000000ce6fd00000)]
  0x0000020a837ce990 JavaThread "Incoming local TCP Connector on port 59000" [_thread_in_native, id=10640, stack(0x000000ce70000000,0x000000ce70100000)]
  0x0000020a9d02d550 JavaThread "Daemon periodic checks" [_thread_blocked, id=10716, stack(0x000000ce70100000,0x000000ce70200000)]
  0x0000020a9dddb510 JavaThread "Daemon" [_thread_blocked, id=6044, stack(0x000000ce70200000,0x000000ce70300000)]
  0x0000020a9da8fde0 JavaThread "Handler for socket connection from /127.0.0.1:59000 to /127.0.0.1:59002" [_thread_in_native, id=9752, stack(0x000000ce70300000,0x000000ce70400000)]
  0x0000020a9da8f3c0 JavaThread "Cancel handler" [_thread_blocked, id=14752, stack(0x000000ce70400000,0x000000ce70500000)]
  0x0000020a9da8df80 JavaThread "Daemon worker" [_thread_blocked, id=536, stack(0x000000ce70500000,0x000000ce70600000)]
  0x0000020a9da8f8d0 JavaThread "Asynchronous log dispatcher for DefaultDaemonConnection: socket connection from /127.0.0.1:59000 to /127.0.0.1:59002" [_thread_blocked, id=10312, stack(0x000000ce70600000,0x000000ce70700000)]
  0x0000020a9da8d050 JavaThread "Stdin handler" [_thread_blocked, id=14944, stack(0x000000ce70700000,0x000000ce70800000)]
  0x0000020a9da8e9a0 JavaThread "Daemon client event forwarder" [_thread_blocked, id=15236, stack(0x000000ce70800000,0x000000ce70900000)]
  0x0000020a9da902f0 JavaThread "Cache worker for journal cache (C:\Users\Giang\.gradle\caches\journal-1)" [_thread_blocked, id=2028, stack(0x000000ce70900000,0x000000ce70a00000)]
  0x0000020a9da8d560 JavaThread "File lock request listener" [_thread_in_native, id=1864, stack(0x000000ce70a00000,0x000000ce70b00000)]
  0x0000020a9da8da70 JavaThread "Cache worker for file hash cache (C:\Users\Giang\.gradle\caches\8.8\fileHashes)" [_thread_blocked, id=11652, stack(0x000000ce70b00000,0x000000ce70c00000)]
  0x0000020a9da90800 JavaThread "File lock release action executor" [_thread_blocked, id=14528, stack(0x000000ce70c00000,0x000000ce70d00000)]
  0x0000020a9da8eeb0 JavaThread "Cache worker for file hash cache (D:\OJT\day1\OJT_BE\.gradle\8.8\fileHashes)" [_thread_blocked, id=10016, stack(0x000000ce70d00000,0x000000ce70e00000)]
  0x0000020a9d0385a0 JavaThread "File watcher server" daemon [_thread_in_native, id=12800, stack(0x000000ce70e00000,0x000000ce70f00000)]
  0x0000020a9d03dbb0 JavaThread "File watcher consumer" daemon [_thread_blocked, id=5540, stack(0x000000ce70f00000,0x000000ce71000000)]
  0x0000020a9d03a910 JavaThread "Cache worker for checksums cache (D:\OJT\day1\OJT_BE\.gradle\8.8\checksums)" [_thread_blocked, id=14532, stack(0x000000ce71000000,0x000000ce71100000)]
  0x0000020a9d03b840 JavaThread "Cache worker for file content cache (C:\Users\Giang\.gradle\caches\8.8\fileContent)" [_thread_blocked, id=14172, stack(0x000000ce71100000,0x000000ce71200000)]
  0x0000020a9d03ae20 JavaThread "Cache worker for cache directory md-rule (C:\Users\Giang\.gradle\caches\8.8\md-rule)" [_thread_blocked, id=6020, stack(0x000000ce71200000,0x000000ce71300000)]
  0x0000020a9d03eae0 JavaThread "Cache worker for cache directory md-supplier (C:\Users\Giang\.gradle\caches\8.8\md-supplier)" [_thread_blocked, id=2348, stack(0x000000ce71300000,0x000000ce71400000)]
  0x0000020a9d03e5d0 JavaThread "jar transforms" [_thread_blocked, id=12756, stack(0x000000ce71400000,0x000000ce71500000)]
  0x0000020a9d03bd50 JavaThread "jar transforms Thread 2" [_thread_blocked, id=7972, stack(0x000000ce71500000,0x000000ce71600000)]
  0x0000020a9d03c770 JavaThread "jar transforms Thread 3" [_thread_blocked, id=2508, stack(0x000000ce71600000,0x000000ce71700000)]
  0x0000020a9d03eff0 JavaThread "jar transforms Thread 4" [_thread_blocked, id=14136, stack(0x000000ce71700000,0x000000ce71800000)]
  0x0000020a9d03f500 JavaThread "Cache worker for Build Output Cleanup Cache (D:\OJT\day1\OJT_BE\.gradle\buildOutputCleanup)" [_thread_blocked, id=11308, stack(0x000000ce71900000,0x000000ce71a00000)]
  0x0000020a9d038ab0 JavaThread "Unconstrained build operations" [_thread_blocked, id=14884, stack(0x000000ce71a00000,0x000000ce71b00000)]
  0x0000020a9d03cc80 JavaThread "Unconstrained build operations Thread 2" [_thread_blocked, id=14204, stack(0x000000ce71b00000,0x000000ce71c00000)]
  0x0000020a9d03e0c0 JavaThread "Unconstrained build operations Thread 3" [_thread_blocked, id=10188, stack(0x000000ce71c00000,0x000000ce71d00000)]
  0x0000020a9d038090 JavaThread "Unconstrained build operations Thread 4" [_thread_blocked, id=4044, stack(0x000000ce71d00000,0x000000ce71e00000)]
  0x0000020a9d03d6a0 JavaThread "Unconstrained build operations Thread 5" [_thread_blocked, id=9732, stack(0x000000ce71e00000,0x000000ce71f00000)]
  0x0000020a9d03fa10 JavaThread "Unconstrained build operations Thread 6" [_thread_blocked, id=15324, stack(0x000000ce71f00000,0x000000ce72000000)]
  0x0000020a9d038fc0 JavaThread "Unconstrained build operations Thread 7" [_thread_blocked, id=10284, stack(0x000000ce72000000,0x000000ce72100000)]
  0x0000020a9d0394d0 JavaThread "Unconstrained build operations Thread 8" [_thread_blocked, id=14508, stack(0x000000ce72100000,0x000000ce72200000)]
  0x0000020a9d0399e0 JavaThread "Unconstrained build operations Thread 9" [_thread_blocked, id=5836, stack(0x000000ce72200000,0x000000ce72300000)]
  0x0000020a9d039ef0 JavaThread "Memory manager" [_thread_blocked, id=10784, stack(0x000000ce72300000,0x000000ce72400000)]
  0x0000020a9fe45930 JavaThread "ForkJoinPool.commonPool-worker-1" daemon [_thread_blocked, id=13924, stack(0x000000ce72600000,0x000000ce72700000)]
  0x0000020a9fe45e40 JavaThread "ForkJoinPool.commonPool-worker-2" daemon [_thread_blocked, id=14996, stack(0x000000ce72700000,0x000000ce72800000)]
  0x0000020a9fe47790 JavaThread "ForkJoinPool.commonPool-worker-3" daemon [_thread_blocked, id=8524, stack(0x000000ce72800000,0x000000ce72900000)]
  0x0000020a9fe46d70 JavaThread "Exec process" [_thread_blocked, id=12576, stack(0x000000ce72900000,0x000000ce72a00000)]
  0x0000020a9fe47ca0 JavaThread "Exec process Thread 2" [_thread_blocked, id=9580, stack(0x000000ce72a00000,0x000000ce72b00000)]
  0x0000020a9fe45420 JavaThread "Exec process Thread 3" [_thread_blocked, id=11032, stack(0x000000ce72b00000,0x000000ce72c00000)]
  0x0000020a9fe46350 JavaThread "included builds" [_thread_blocked, id=14872, stack(0x000000ce72c00000,0x000000ce72d00000)]
  0x0000020a9fe46860 JavaThread "Execution worker" [_thread_in_vm, id=9272, stack(0x000000ce72d00000,0x000000ce72e00000)]
  0x0000020a9fe486c0 JavaThread "Execution worker Thread 2" [_thread_blocked, id=15344, stack(0x000000ce72e00000,0x000000ce72f00000)]
  0x0000020a9fe47280 JavaThread "Execution worker Thread 3" [_thread_blocked, id=12100, stack(0x000000ce72f00000,0x000000ce73000000)]
  0x0000020a9fe44f10 JavaThread "Cache worker for execution history cache (D:\OJT\day1\OJT_BE\.gradle\8.8\executionHistory)" [_thread_blocked, id=15348, stack(0x000000ce73000000,0x000000ce73100000)]
  0x0000020aa05f4310 JavaThread "Unconstrained build operations Thread 10" [_thread_blocked, id=3380, stack(0x000000ce73100000,0x000000ce73200000)]
  0x0000020aa05f1a90 JavaThread "Unconstrained build operations Thread 11" [_thread_blocked, id=10592, stack(0x000000ce73200000,0x000000ce73300000)]
  0x0000020aa05f2ed0 JavaThread "Unconstrained build operations Thread 12" [_thread_blocked, id=14560, stack(0x000000ce73300000,0x000000ce73400000)]
  0x0000020aa05f3e00 JavaThread "Unconstrained build operations Thread 13" [_thread_blocked, id=12928, stack(0x000000ce73400000,0x000000ce73500000)]
  0x0000020aa05f4820 JavaThread "Unconstrained build operations Thread 14" [_thread_blocked, id=944, stack(0x000000ce73500000,0x000000ce73600000)]
  0x0000020aa05f29c0 JavaThread "Unconstrained build operations Thread 15" [_thread_blocked, id=14048, stack(0x000000ce73600000,0x000000ce73700000)]
  0x0000020aa05f1070 JavaThread "Unconstrained build operations Thread 16" [_thread_blocked, id=124, stack(0x000000ce73700000,0x000000ce73800000)]
  0x0000020aa05f1580 JavaThread "Unconstrained build operations Thread 17" [_thread_blocked, id=14664, stack(0x000000ce73800000,0x000000ce73900000)]
  0x0000020aa05f33e0 JavaThread "Unconstrained build operations Thread 18" [_thread_blocked, id=14992, stack(0x000000ce73900000,0x000000ce73a00000)]
  0x0000020aa05f1fa0 JavaThread "Unconstrained build operations Thread 19" [_thread_blocked, id=6264, stack(0x000000ce73a00000,0x000000ce73b00000)]
  0x0000020aa05f24b0 JavaThread "Unconstrained build operations Thread 20" [_thread_blocked, id=5688, stack(0x000000ce73b00000,0x000000ce73c00000)]
  0x0000020aa05f38f0 JavaThread "Unconstrained build operations Thread 21" [_thread_blocked, id=14960, stack(0x000000ce73c00000,0x000000ce73d00000)]
  0x0000020a9fd79ee0 JavaThread "Unconstrained build operations Thread 22" [_thread_blocked, id=5200, stack(0x000000ce73d00000,0x000000ce73e00000)]
  0x0000020a9fd7bd40 JavaThread "Unconstrained build operations Thread 23" [_thread_blocked, id=9012, stack(0x000000ce73e00000,0x000000ce73f00000)]
  0x0000020a9fd7a900 JavaThread "Unconstrained build operations Thread 24" [_thread_blocked, id=14748, stack(0x000000ce73f00000,0x000000ce74000000)]
  0x0000020a9fd7f4f0 JavaThread "Unconstrained build operations Thread 25" [_thread_blocked, id=3436, stack(0x000000ce74000000,0x000000ce74100000)]
  0x0000020a9fd7c250 JavaThread "Unconstrained build operations Thread 26" [_thread_blocked, id=7612, stack(0x000000ce74100000,0x000000ce74200000)]
  0x0000020a9fd7a3f0 JavaThread "Unconstrained build operations Thread 27" [_thread_blocked, id=13520, stack(0x000000ce74200000,0x000000ce74300000)]
  0x0000020a9fd7d690 JavaThread "Unconstrained build operations Thread 28" [_thread_blocked, id=13864, stack(0x000000ce74300000,0x000000ce74400000)]
  0x0000020a9fd794c0 JavaThread "Unconstrained build operations Thread 29" [_thread_blocked, id=7112, stack(0x000000ce74400000,0x000000ce74500000)]
  0x0000020a9fd7dba0 JavaThread "Unconstrained build operations Thread 30" [_thread_blocked, id=7580, stack(0x000000ce74500000,0x000000ce74600000)]
  0x0000020a9fd799d0 JavaThread "Unconstrained build operations Thread 31" [_thread_blocked, id=3668, stack(0x000000ce74600000,0x000000ce74700000)]
  0x0000020a9fd78080 JavaThread "Unconstrained build operations Thread 32" [_thread_blocked, id=9556, stack(0x000000ce74700000,0x000000ce74800000)]
  0x0000020a9fd78fb0 JavaThread "Unconstrained build operations Thread 33" [_thread_blocked, id=1044, stack(0x000000ce74800000,0x000000ce74900000)]
  0x0000020a9fd7c760 JavaThread "Unconstrained build operations Thread 34" [_thread_blocked, id=12552, stack(0x000000ce74900000,0x000000ce74a00000)]
  0x0000020a9fd7e0b0 JavaThread "Unconstrained build operations Thread 35" [_thread_blocked, id=8088, stack(0x000000ce74a00000,0x000000ce74b00000)]
  0x0000020a9fd7ae10 JavaThread "Unconstrained build operations Thread 36" [_thread_blocked, id=14488, stack(0x000000ce74b00000,0x000000ce74c00000)]
  0x0000020a9fd7e5c0 JavaThread "Unconstrained build operations Thread 37" [_thread_blocked, id=12084, stack(0x000000ce74c00000,0x000000ce74d00000)]
  0x0000020a9fd7b320 JavaThread "Unconstrained build operations Thread 38" [_thread_blocked, id=2016, stack(0x000000ce74d00000,0x000000ce74e00000)]
  0x0000020a9fd7d180 JavaThread "Unconstrained build operations Thread 39" [_thread_blocked, id=13612, stack(0x000000ce74e00000,0x000000ce74f00000)]
  0x0000020a9fd78aa0 JavaThread "Unconstrained build operations Thread 40" [_thread_blocked, id=15016, stack(0x000000ce74f00000,0x000000ce75000000)]

Other Threads:
  0x0000020a834b4820 VMThread "VM Thread" [stack: 0x000000ce6ef00000,0x000000ce6f000000] [id=9644]
  0x0000020a837c2e30 WatcherThread [stack: 0x000000ce6fb00000,0x000000ce6fc00000] [id=3420]
  0x0000020ae91f2410 GCTaskThread "GC Thread#0" [stack: 0x000000ce6ea00000,0x000000ce6eb00000] [id=6592]
  0x0000020a83772a50 GCTaskThread "GC Thread#1" [stack: 0x000000ce6fd00000,0x000000ce6fe00000] [id=6212]
  0x0000020a83a2db10 GCTaskThread "GC Thread#2" [stack: 0x000000ce6fe00000,0x000000ce6ff00000] [id=15056]
  0x0000020a83857820 GCTaskThread "GC Thread#3" [stack: 0x000000ce6ff00000,0x000000ce70000000] [id=7564]
  0x0000020ae91f8a20 ConcurrentGCThread "G1 Main Marker" [stack: 0x000000ce6eb00000,0x000000ce6ec00000] [id=14920]
  0x0000020ae91f9350 ConcurrentGCThread "G1 Conc#0" [stack: 0x000000ce6ec00000,0x000000ce6ed00000] [id=11176]
  0x0000020ae927e6b0 ConcurrentGCThread "G1 Refine#0" [stack: 0x000000ce6ed00000,0x000000ce6ee00000] [id=9004]
  0x0000020a9d877cf0 ConcurrentGCThread "G1 Refine#1" [stack: 0x000000ce71800000,0x000000ce71900000] [id=11728]
  0x0000020a8337b670 ConcurrentGCThread "G1 Service" [stack: 0x000000ce6ee00000,0x000000ce6ef00000] [id=13600]

Threads with active compile tasks:
C2 CompilerThread0    54139 9934       4       io.spring.gradle.dependencymanagement.org.codehaus.plexus.util.xml.Xpp3DomBuilder::build (413 bytes)

VM state: not at safepoint (normal execution)

VM Mutex/Monitor currently owned by a thread: None

Heap address: 0x00000000e0000000, size: 512 MB, Compressed Oops mode: 32-bit

CDS archive(s) mapped at: [0x0000020a84000000-0x0000020a84bb0000-0x0000020a84bb0000), size 12255232, SharedBaseAddress: 0x0000020a84000000, ArchiveRelocationMode: 1.
Compressed class space mapped at: 0x0000020a85000000-0x0000020a99000000, reserved size: 335544320
Narrow klass base: 0x0000020a84000000, Narrow klass shift: 0, Narrow klass range: 0x100000000

GC Precious Log:
 CPUs: 4 total, 4 available
 Memory: 7887M
 Large Page Support: Disabled
 NUMA Support: Disabled
 Compressed Oops: Enabled (32-bit)
 Heap Region Size: 1M
 Heap Min Capacity: 256M
 Heap Initial Capacity: 256M
 Heap Max Capacity: 512M
 Pre-touch: Disabled
 Parallel Workers: 4
 Concurrent Workers: 1
 Concurrent Refinement Workers: 4
 Periodic GC: Disabled

Heap:
 garbage-first heap   total 262144K, used 119545K [0x00000000e0000000, 0x0000000100000000)
  region size 1024K, 78 young (79872K), 13 survivors (13312K)
 Metaspace       used 55610K, committed 56192K, reserved 393216K
  class space    used 7669K, committed 7936K, reserved 327680K

Heap Regions: E=young(eden), S=young(survivor), O=old, HS=humongous(starts), HC=humongous(continues), CS=collection set, F=free, OA=open archive, CA=closed archive, TAMS=top-at-mark-start (previous, next)
|   0|0x00000000e0000000, 0x00000000e0100000, 0x00000000e0100000|100%|HS|  |TAMS 0x00000000e0100000, 0x00000000e0000000| Complete 
|   1|0x00000000e0100000, 0x00000000e0200000, 0x00000000e0200000|100%|HC|  |TAMS 0x00000000e0200000, 0x00000000e0100000| Complete 
|   2|0x00000000e0200000, 0x00000000e0300000, 0x00000000e0300000|100%|HC|  |TAMS 0x00000000e0300000, 0x00000000e0200000| Complete 
|   3|0x00000000e0300000, 0x00000000e0400000, 0x00000000e0400000|100%|HC|  |TAMS 0x00000000e0400000, 0x00000000e0300000| Complete 
|   4|0x00000000e0400000, 0x00000000e0500000, 0x00000000e0500000|100%| O|  |TAMS 0x00000000e0500000, 0x00000000e0400000| Untracked 
|   5|0x00000000e0500000, 0x00000000e0600000, 0x00000000e0600000|100%| O|  |TAMS 0x00000000e0600000, 0x00000000e0500000| Untracked 
|   6|0x00000000e0600000, 0x00000000e0700000, 0x00000000e0700000|100%| O|  |TAMS 0x00000000e0700000, 0x00000000e0600000| Untracked 
|   7|0x00000000e0700000, 0x00000000e0800000, 0x00000000e0800000|100%| O|  |TAMS 0x00000000e0800000, 0x00000000e0700000| Untracked 
|   8|0x00000000e0800000, 0x00000000e0900000, 0x00000000e0900000|100%| O|  |TAMS 0x00000000e0800000, 0x00000000e0800000| Untracked 
|   9|0x00000000e0900000, 0x00000000e0a00000, 0x00000000e0a00000|100%| O|  |TAMS 0x00000000e0a00000, 0x00000000e0900000| Untracked 
|  10|0x00000000e0a00000, 0x00000000e0b00000, 0x00000000e0b00000|100%| O|  |TAMS 0x00000000e0b00000, 0x00000000e0a00000| Untracked 
|  11|0x00000000e0b00000, 0x00000000e0c00000, 0x00000000e0c00000|100%|HS|  |TAMS 0x00000000e0c00000, 0x00000000e0b00000| Complete 
|  12|0x00000000e0c00000, 0x00000000e0d00000, 0x00000000e0d00000|100%| O|  |TAMS 0x00000000e0d00000, 0x00000000e0c00000| Untracked 
|  13|0x00000000e0d00000, 0x00000000e0e00000, 0x00000000e0e00000|100%| O|  |TAMS 0x00000000e0e00000, 0x00000000e0d00000| Untracked 
|  14|0x00000000e0e00000, 0x00000000e0f00000, 0x00000000e0f00000|100%| O|  |TAMS 0x00000000e0f00000, 0x00000000e0e00000| Untracked 
|  15|0x00000000e0f00000, 0x00000000e1000000, 0x00000000e1000000|100%| O|  |TAMS 0x00000000e1000000, 0x00000000e0f00000| Untracked 
|  16|0x00000000e1000000, 0x00000000e1100000, 0x00000000e1100000|100%| O|  |TAMS 0x00000000e1100000, 0x00000000e1000000| Untracked 
|  17|0x00000000e1100000, 0x00000000e1200000, 0x00000000e1200000|100%| O|  |TAMS 0x00000000e1200000, 0x00000000e1100000| Untracked 
|  18|0x00000000e1200000, 0x00000000e1300000, 0x00000000e1300000|100%| O|  |TAMS 0x00000000e1300000, 0x00000000e1200000| Untracked 
|  19|0x00000000e1300000, 0x00000000e1400000, 0x00000000e1400000|100%| O|  |TAMS 0x00000000e1400000, 0x00000000e1300000| Untracked 
|  20|0x00000000e1400000, 0x00000000e1500000, 0x00000000e1500000|100%| O|  |TAMS 0x00000000e1500000, 0x00000000e1400000| Untracked 
|  21|0x00000000e1500000, 0x00000000e1600000, 0x00000000e1600000|100%| O|  |TAMS 0x00000000e1600000, 0x00000000e1500000| Untracked 
|  22|0x00000000e1600000, 0x00000000e1700000, 0x00000000e1700000|100%| O|  |TAMS 0x00000000e1700000, 0x00000000e1600000| Untracked 
|  23|0x00000000e1700000, 0x00000000e1800000, 0x00000000e1800000|100%| O|  |TAMS 0x00000000e1800000, 0x00000000e1700000| Untracked 
|  24|0x00000000e1800000, 0x00000000e1900000, 0x00000000e1900000|100%| O|  |TAMS 0x00000000e1900000, 0x00000000e1800000| Untracked 
|  25|0x00000000e1900000, 0x00000000e1a00000, 0x00000000e1a00000|100%| O|  |TAMS 0x00000000e1a00000, 0x00000000e1900000| Untracked 
|  26|0x00000000e1a00000, 0x00000000e1b00000, 0x00000000e1b00000|100%| O|  |TAMS 0x00000000e1b00000, 0x00000000e1a00000| Untracked 
|  27|0x00000000e1b00000, 0x00000000e1c00000, 0x00000000e1c00000|100%| O|  |TAMS 0x00000000e1c00000, 0x00000000e1b00000| Untracked 
|  28|0x00000000e1c00000, 0x00000000e1d00000, 0x00000000e1d00000|100%| O|  |TAMS 0x00000000e1d00000, 0x00000000e1c00000| Untracked 
|  29|0x00000000e1d00000, 0x00000000e1e00000, 0x00000000e1e00000|100%| O|  |TAMS 0x00000000e1e00000, 0x00000000e1d00000| Untracked 
|  30|0x00000000e1e00000, 0x00000000e1f00000, 0x00000000e1f00000|100%| O|  |TAMS 0x00000000e1f00000, 0x00000000e1e00000| Untracked 
|  31|0x00000000e1f00000, 0x00000000e1f00000, 0x00000000e2000000|  0%| F|  |TAMS 0x00000000e1f00000, 0x00000000e1f00000| Untracked 
|  32|0x00000000e2000000, 0x00000000e2100000, 0x00000000e2100000|100%| O|  |TAMS 0x00000000e204f000, 0x00000000e2000000| Untracked 
|  33|0x00000000e2100000, 0x00000000e2200000, 0x00000000e2200000|100%| O|  |TAMS 0x00000000e2100000, 0x00000000e2100000| Untracked 
|  34|0x00000000e2200000, 0x00000000e2300000, 0x00000000e2300000|100%| O|  |TAMS 0x00000000e2200000, 0x00000000e2200000| Untracked 
|  35|0x00000000e2300000, 0x00000000e2400000, 0x00000000e2400000|100%| O|  |TAMS 0x00000000e2300000, 0x00000000e2300000| Untracked 
|  36|0x00000000e2400000, 0x00000000e2500000, 0x00000000e2500000|100%| O|  |TAMS 0x00000000e2400000, 0x00000000e2400000| Untracked 
|  37|0x00000000e2500000, 0x00000000e2600000, 0x00000000e2600000|100%| O|  |TAMS 0x00000000e2500000, 0x00000000e2500000| Untracked 
|  38|0x00000000e2600000, 0x00000000e2700000, 0x00000000e2700000|100%| O|  |TAMS 0x00000000e2600000, 0x00000000e2600000| Untracked 
|  39|0x00000000e2700000, 0x00000000e2800000, 0x00000000e2800000|100%| O|  |TAMS 0x00000000e2700000, 0x00000000e2700000| Untracked 
|  40|0x00000000e2800000, 0x00000000e2900000, 0x00000000e2900000|100%| O|  |TAMS 0x00000000e2800000, 0x00000000e2800000| Untracked 
|  41|0x00000000e2900000, 0x00000000e2978e00, 0x00000000e2a00000| 47%| O|  |TAMS 0x00000000e2900000, 0x00000000e2900000| Untracked 
|  42|0x00000000e2a00000, 0x00000000e2a00000, 0x00000000e2b00000|  0%| F|  |TAMS 0x00000000e2a00000, 0x00000000e2a00000| Untracked 
|  43|0x00000000e2b00000, 0x00000000e2b00000, 0x00000000e2c00000|  0%| F|  |TAMS 0x00000000e2b00000, 0x00000000e2b00000| Untracked 
|  44|0x00000000e2c00000, 0x00000000e2c00000, 0x00000000e2d00000|  0%| F|  |TAMS 0x00000000e2c00000, 0x00000000e2c00000| Untracked 
|  45|0x00000000e2d00000, 0x00000000e2d00000, 0x00000000e2e00000|  0%| F|  |TAMS 0x00000000e2d00000, 0x00000000e2d00000| Untracked 
|  46|0x00000000e2e00000, 0x00000000e2e00000, 0x00000000e2f00000|  0%| F|  |TAMS 0x00000000e2e00000, 0x00000000e2e00000| Untracked 
|  47|0x00000000e2f00000, 0x00000000e2f00000, 0x00000000e3000000|  0%| F|  |TAMS 0x00000000e2f00000, 0x00000000e2f00000| Untracked 
|  48|0x00000000e3000000, 0x00000000e3000000, 0x00000000e3100000|  0%| F|  |TAMS 0x00000000e3000000, 0x00000000e3000000| Untracked 
|  49|0x00000000e3100000, 0x00000000e3100000, 0x00000000e3200000|  0%| F|  |TAMS 0x00000000e3100000, 0x00000000e3100000| Untracked 
|  50|0x00000000e3200000, 0x00000000e3200000, 0x00000000e3300000|  0%| F|  |TAMS 0x00000000e3200000, 0x00000000e3200000| Untracked 
|  51|0x00000000e3300000, 0x00000000e3300000, 0x00000000e3400000|  0%| F|  |TAMS 0x00000000e3300000, 0x00000000e3300000| Untracked 
|  52|0x00000000e3400000, 0x00000000e3400000, 0x00000000e3500000|  0%| F|  |TAMS 0x00000000e3400000, 0x00000000e3400000| Untracked 
|  53|0x00000000e3500000, 0x00000000e3500000, 0x00000000e3600000|  0%| F|  |TAMS 0x00000000e3500000, 0x00000000e3500000| Untracked 
|  54|0x00000000e3600000, 0x00000000e3600000, 0x00000000e3700000|  0%| F|  |TAMS 0x00000000e3600000, 0x00000000e3600000| Untracked 
|  55|0x00000000e3700000, 0x00000000e3700000, 0x00000000e3800000|  0%| F|  |TAMS 0x00000000e3700000, 0x00000000e3700000| Untracked 
|  56|0x00000000e3800000, 0x00000000e3800000, 0x00000000e3900000|  0%| F|  |TAMS 0x00000000e3800000, 0x00000000e3800000| Untracked 
|  57|0x00000000e3900000, 0x00000000e3900000, 0x00000000e3a00000|  0%| F|  |TAMS 0x00000000e3900000, 0x00000000e3900000| Untracked 
|  58|0x00000000e3a00000, 0x00000000e3a00000, 0x00000000e3b00000|  0%| F|  |TAMS 0x00000000e3a00000, 0x00000000e3a00000| Untracked 
|  59|0x00000000e3b00000, 0x00000000e3b00000, 0x00000000e3c00000|  0%| F|  |TAMS 0x00000000e3b00000, 0x00000000e3b00000| Untracked 
|  60|0x00000000e3c00000, 0x00000000e3c00000, 0x00000000e3d00000|  0%| F|  |TAMS 0x00000000e3c00000, 0x00000000e3c00000| Untracked 
|  61|0x00000000e3d00000, 0x00000000e3d00000, 0x00000000e3e00000|  0%| F|  |TAMS 0x00000000e3d00000, 0x00000000e3d00000| Untracked 
|  62|0x00000000e3e00000, 0x00000000e3e00000, 0x00000000e3f00000|  0%| F|  |TAMS 0x00000000e3e00000, 0x00000000e3e00000| Untracked 
|  63|0x00000000e3f00000, 0x00000000e3f00000, 0x00000000e4000000|  0%| F|  |TAMS 0x00000000e3f00000, 0x00000000e3f00000| Untracked 
|  64|0x00000000e4000000, 0x00000000e4000000, 0x00000000e4100000|  0%| F|  |TAMS 0x00000000e4000000, 0x00000000e4000000| Untracked 
|  65|0x00000000e4100000, 0x00000000e4100000, 0x00000000e4200000|  0%| F|  |TAMS 0x00000000e4100000, 0x00000000e4100000| Untracked 
|  66|0x00000000e4200000, 0x00000000e4200000, 0x00000000e4300000|  0%| F|  |TAMS 0x00000000e4200000, 0x00000000e4200000| Untracked 
|  67|0x00000000e4300000, 0x00000000e4300000, 0x00000000e4400000|  0%| F|  |TAMS 0x00000000e4300000, 0x00000000e4300000| Untracked 
|  68|0x00000000e4400000, 0x00000000e4400000, 0x00000000e4500000|  0%| F|  |TAMS 0x00000000e4400000, 0x00000000e4400000| Untracked 
|  69|0x00000000e4500000, 0x00000000e4500000, 0x00000000e4600000|  0%| F|  |TAMS 0x00000000e4500000, 0x00000000e4500000| Untracked 
|  70|0x00000000e4600000, 0x00000000e4600000, 0x00000000e4700000|  0%| F|  |TAMS 0x00000000e4600000, 0x00000000e4600000| Untracked 
|  71|0x00000000e4700000, 0x00000000e4700000, 0x00000000e4800000|  0%| F|  |TAMS 0x00000000e4700000, 0x00000000e4700000| Untracked 
|  72|0x00000000e4800000, 0x00000000e4800000, 0x00000000e4900000|  0%| F|  |TAMS 0x00000000e4800000, 0x00000000e4800000| Untracked 
|  73|0x00000000e4900000, 0x00000000e4900000, 0x00000000e4a00000|  0%| F|  |TAMS 0x00000000e4900000, 0x00000000e4900000| Untracked 
|  74|0x00000000e4a00000, 0x00000000e4a00000, 0x00000000e4b00000|  0%| F|  |TAMS 0x00000000e4a00000, 0x00000000e4a00000| Untracked 
|  75|0x00000000e4b00000, 0x00000000e4b00000, 0x00000000e4c00000|  0%| F|  |TAMS 0x00000000e4b00000, 0x00000000e4b00000| Untracked 
|  76|0x00000000e4c00000, 0x00000000e4c00000, 0x00000000e4d00000|  0%| F|  |TAMS 0x00000000e4c00000, 0x00000000e4c00000| Untracked 
|  77|0x00000000e4d00000, 0x00000000e4d00000, 0x00000000e4e00000|  0%| F|  |TAMS 0x00000000e4d00000, 0x00000000e4d00000| Untracked 
|  78|0x00000000e4e00000, 0x00000000e4e00000, 0x00000000e4f00000|  0%| F|  |TAMS 0x00000000e4e00000, 0x00000000e4e00000| Untracked 
|  79|0x00000000e4f00000, 0x00000000e4f00000, 0x00000000e5000000|  0%| F|  |TAMS 0x00000000e4f00000, 0x00000000e4f00000| Untracked 
|  80|0x00000000e5000000, 0x00000000e5000000, 0x00000000e5100000|  0%| F|  |TAMS 0x00000000e5000000, 0x00000000e5000000| Untracked 
|  81|0x00000000e5100000, 0x00000000e5100000, 0x00000000e5200000|  0%| F|  |TAMS 0x00000000e5100000, 0x00000000e5100000| Untracked 
|  82|0x00000000e5200000, 0x00000000e5200000, 0x00000000e5300000|  0%| F|  |TAMS 0x00000000e5200000, 0x00000000e5200000| Untracked 
|  83|0x00000000e5300000, 0x00000000e5300000, 0x00000000e5400000|  0%| F|  |TAMS 0x00000000e5300000, 0x00000000e5300000| Untracked 
|  84|0x00000000e5400000, 0x00000000e5400000, 0x00000000e5500000|  0%| F|  |TAMS 0x00000000e5400000, 0x00000000e5400000| Untracked 
|  85|0x00000000e5500000, 0x00000000e5500000, 0x00000000e5600000|  0%| F|  |TAMS 0x00000000e5500000, 0x00000000e5500000| Untracked 
|  86|0x00000000e5600000, 0x00000000e5600000, 0x00000000e5700000|  0%| F|  |TAMS 0x00000000e5600000, 0x00000000e5600000| Untracked 
|  87|0x00000000e5700000, 0x00000000e5700000, 0x00000000e5800000|  0%| F|  |TAMS 0x00000000e5700000, 0x00000000e5700000| Untracked 
|  88|0x00000000e5800000, 0x00000000e5800000, 0x00000000e5900000|  0%| F|  |TAMS 0x00000000e5800000, 0x00000000e5800000| Untracked 
|  89|0x00000000e5900000, 0x00000000e5900000, 0x00000000e5a00000|  0%| F|  |TAMS 0x00000000e5900000, 0x00000000e5900000| Untracked 
|  90|0x00000000e5a00000, 0x00000000e5a45978, 0x00000000e5b00000| 27%| S|CS|TAMS 0x00000000e5a00000, 0x00000000e5a00000| Complete 
|  91|0x00000000e5b00000, 0x00000000e5c00000, 0x00000000e5c00000|100%| S|CS|TAMS 0x00000000e5b00000, 0x00000000e5b00000| Complete 
|  92|0x00000000e5c00000, 0x00000000e5d00000, 0x00000000e5d00000|100%| S|CS|TAMS 0x00000000e5c00000, 0x00000000e5c00000| Complete 
|  93|0x00000000e5d00000, 0x00000000e5e00000, 0x00000000e5e00000|100%| S|CS|TAMS 0x00000000e5d00000, 0x00000000e5d00000| Complete 
|  94|0x00000000e5e00000, 0x00000000e5f00000, 0x00000000e5f00000|100%| S|CS|TAMS 0x00000000e5e00000, 0x00000000e5e00000| Complete 
|  95|0x00000000e5f00000, 0x00000000e6000000, 0x00000000e6000000|100%| S|CS|TAMS 0x00000000e5f00000, 0x00000000e5f00000| Complete 
|  96|0x00000000e6000000, 0x00000000e6100000, 0x00000000e6100000|100%| S|CS|TAMS 0x00000000e6000000, 0x00000000e6000000| Complete 
|  97|0x00000000e6100000, 0x00000000e6200000, 0x00000000e6200000|100%| S|CS|TAMS 0x00000000e6100000, 0x00000000e6100000| Complete 
|  98|0x00000000e6200000, 0x00000000e6300000, 0x00000000e6300000|100%| S|CS|TAMS 0x00000000e6200000, 0x00000000e6200000| Complete 
|  99|0x00000000e6300000, 0x00000000e6400000, 0x00000000e6400000|100%| S|CS|TAMS 0x00000000e6300000, 0x00000000e6300000| Complete 
| 100|0x00000000e6400000, 0x00000000e6500000, 0x00000000e6500000|100%| S|CS|TAMS 0x00000000e6400000, 0x00000000e6400000| Complete 
| 101|0x00000000e6500000, 0x00000000e6600000, 0x00000000e6600000|100%| S|CS|TAMS 0x00000000e6500000, 0x00000000e6500000| Complete 
| 102|0x00000000e6600000, 0x00000000e6700000, 0x00000000e6700000|100%| S|CS|TAMS 0x00000000e6600000, 0x00000000e6600000| Complete 
| 103|0x00000000e6700000, 0x00000000e6700000, 0x00000000e6800000|  0%| F|  |TAMS 0x00000000e6700000, 0x00000000e6700000| Untracked 
| 104|0x00000000e6800000, 0x00000000e6800000, 0x00000000e6900000|  0%| F|  |TAMS 0x00000000e6800000, 0x00000000e6800000| Untracked 
| 105|0x00000000e6900000, 0x00000000e6900000, 0x00000000e6a00000|  0%| F|  |TAMS 0x00000000e6900000, 0x00000000e6900000| Untracked 
| 106|0x00000000e6a00000, 0x00000000e6a00000, 0x00000000e6b00000|  0%| F|  |TAMS 0x00000000e6a00000, 0x00000000e6a00000| Untracked 
| 107|0x00000000e6b00000, 0x00000000e6b00000, 0x00000000e6c00000|  0%| F|  |TAMS 0x00000000e6b00000, 0x00000000e6b00000| Untracked 
| 108|0x00000000e6c00000, 0x00000000e6c00000, 0x00000000e6d00000|  0%| F|  |TAMS 0x00000000e6c00000, 0x00000000e6c00000| Untracked 
| 109|0x00000000e6d00000, 0x00000000e6d00000, 0x00000000e6e00000|  0%| F|  |TAMS 0x00000000e6d00000, 0x00000000e6d00000| Untracked 
| 110|0x00000000e6e00000, 0x00000000e6e00000, 0x00000000e6f00000|  0%| F|  |TAMS 0x00000000e6e00000, 0x00000000e6e00000| Untracked 
| 111|0x00000000e6f00000, 0x00000000e6f00000, 0x00000000e7000000|  0%| F|  |TAMS 0x00000000e6f00000, 0x00000000e6f00000| Untracked 
| 112|0x00000000e7000000, 0x00000000e7000000, 0x00000000e7100000|  0%| F|  |TAMS 0x00000000e7000000, 0x00000000e7000000| Untracked 
| 113|0x00000000e7100000, 0x00000000e7100000, 0x00000000e7200000|  0%| F|  |TAMS 0x00000000e7100000, 0x00000000e7100000| Untracked 
| 114|0x00000000e7200000, 0x00000000e7200000, 0x00000000e7300000|  0%| F|  |TAMS 0x00000000e7200000, 0x00000000e7200000| Untracked 
| 115|0x00000000e7300000, 0x00000000e7300000, 0x00000000e7400000|  0%| F|  |TAMS 0x00000000e7300000, 0x00000000e7300000| Untracked 
| 116|0x00000000e7400000, 0x00000000e7400000, 0x00000000e7500000|  0%| F|  |TAMS 0x00000000e7400000, 0x00000000e7400000| Untracked 
| 117|0x00000000e7500000, 0x00000000e7500000, 0x00000000e7600000|  0%| F|  |TAMS 0x00000000e7500000, 0x00000000e7500000| Untracked 
| 118|0x00000000e7600000, 0x00000000e7600000, 0x00000000e7700000|  0%| F|  |TAMS 0x00000000e7600000, 0x00000000e7600000| Untracked 
| 119|0x00000000e7700000, 0x00000000e7700000, 0x00000000e7800000|  0%| F|  |TAMS 0x00000000e7700000, 0x00000000e7700000| Untracked 
| 120|0x00000000e7800000, 0x00000000e7800000, 0x00000000e7900000|  0%| F|  |TAMS 0x00000000e7800000, 0x00000000e7800000| Untracked 
| 121|0x00000000e7900000, 0x00000000e7900000, 0x00000000e7a00000|  0%| F|  |TAMS 0x00000000e7900000, 0x00000000e7900000| Untracked 
| 122|0x00000000e7a00000, 0x00000000e7a00000, 0x00000000e7b00000|  0%| F|  |TAMS 0x00000000e7a00000, 0x00000000e7a00000| Untracked 
| 123|0x00000000e7b00000, 0x00000000e7b00000, 0x00000000e7c00000|  0%| F|  |TAMS 0x00000000e7b00000, 0x00000000e7b00000| Untracked 
| 124|0x00000000e7c00000, 0x00000000e7c00000, 0x00000000e7d00000|  0%| F|  |TAMS 0x00000000e7c00000, 0x00000000e7c00000| Untracked 
| 125|0x00000000e7d00000, 0x00000000e7d00000, 0x00000000e7e00000|  0%| F|  |TAMS 0x00000000e7d00000, 0x00000000e7d00000| Untracked 
| 126|0x00000000e7e00000, 0x00000000e7e00000, 0x00000000e7f00000|  0%| F|  |TAMS 0x00000000e7e00000, 0x00000000e7e00000| Untracked 
| 127|0x00000000e7f00000, 0x00000000e7f00000, 0x00000000e8000000|  0%| F|  |TAMS 0x00000000e7f00000, 0x00000000e7f00000| Untracked 
| 128|0x00000000e8000000, 0x00000000e8000000, 0x00000000e8100000|  0%| F|  |TAMS 0x00000000e8000000, 0x00000000e8000000| Untracked 
| 129|0x00000000e8100000, 0x00000000e8100000, 0x00000000e8200000|  0%| F|  |TAMS 0x00000000e8100000, 0x00000000e8100000| Untracked 
| 130|0x00000000e8200000, 0x00000000e8200000, 0x00000000e8300000|  0%| F|  |TAMS 0x00000000e8200000, 0x00000000e8200000| Untracked 
| 131|0x00000000e8300000, 0x00000000e8300000, 0x00000000e8400000|  0%| F|  |TAMS 0x00000000e8300000, 0x00000000e8300000| Untracked 
| 132|0x00000000e8400000, 0x00000000e8400000, 0x00000000e8500000|  0%| F|  |TAMS 0x00000000e8400000, 0x00000000e8400000| Untracked 
| 133|0x00000000e8500000, 0x00000000e8500000, 0x00000000e8600000|  0%| F|  |TAMS 0x00000000e8500000, 0x00000000e8500000| Untracked 
| 134|0x00000000e8600000, 0x00000000e8600000, 0x00000000e8700000|  0%| F|  |TAMS 0x00000000e8600000, 0x00000000e8600000| Untracked 
| 135|0x00000000e8700000, 0x00000000e8700000, 0x00000000e8800000|  0%| F|  |TAMS 0x00000000e8700000, 0x00000000e8700000| Untracked 
| 136|0x00000000e8800000, 0x00000000e8800000, 0x00000000e8900000|  0%| F|  |TAMS 0x00000000e8800000, 0x00000000e8800000| Untracked 
| 137|0x00000000e8900000, 0x00000000e8900000, 0x00000000e8a00000|  0%| F|  |TAMS 0x00000000e8900000, 0x00000000e8900000| Untracked 
| 138|0x00000000e8a00000, 0x00000000e8a00000, 0x00000000e8b00000|  0%| F|  |TAMS 0x00000000e8a00000, 0x00000000e8a00000| Untracked 
| 139|0x00000000e8b00000, 0x00000000e8b00000, 0x00000000e8c00000|  0%| F|  |TAMS 0x00000000e8b00000, 0x00000000e8b00000| Untracked 
| 140|0x00000000e8c00000, 0x00000000e8c00000, 0x00000000e8d00000|  0%| F|  |TAMS 0x00000000e8c00000, 0x00000000e8c00000| Untracked 
| 141|0x00000000e8d00000, 0x00000000e8d00000, 0x00000000e8e00000|  0%| F|  |TAMS 0x00000000e8d00000, 0x00000000e8d00000| Untracked 
| 142|0x00000000e8e00000, 0x00000000e8e00000, 0x00000000e8f00000|  0%| F|  |TAMS 0x00000000e8e00000, 0x00000000e8e00000| Untracked 
| 143|0x00000000e8f00000, 0x00000000e8f00000, 0x00000000e9000000|  0%| F|  |TAMS 0x00000000e8f00000, 0x00000000e8f00000| Untracked 
| 144|0x00000000e9000000, 0x00000000e9000000, 0x00000000e9100000|  0%| F|  |TAMS 0x00000000e9000000, 0x00000000e9000000| Untracked 
| 145|0x00000000e9100000, 0x00000000e9100000, 0x00000000e9200000|  0%| F|  |TAMS 0x00000000e9100000, 0x00000000e9100000| Untracked 
| 146|0x00000000e9200000, 0x00000000e9200000, 0x00000000e9300000|  0%| F|  |TAMS 0x00000000e9200000, 0x00000000e9200000| Untracked 
| 147|0x00000000e9300000, 0x00000000e9300000, 0x00000000e9400000|  0%| F|  |TAMS 0x00000000e9300000, 0x00000000e9300000| Untracked 
| 148|0x00000000e9400000, 0x00000000e9400000, 0x00000000e9500000|  0%| F|  |TAMS 0x00000000e9400000, 0x00000000e9400000| Untracked 
| 149|0x00000000e9500000, 0x00000000e9500000, 0x00000000e9600000|  0%| F|  |TAMS 0x00000000e9500000, 0x00000000e9500000| Untracked 
| 150|0x00000000e9600000, 0x00000000e9600000, 0x00000000e9700000|  0%| F|  |TAMS 0x00000000e9600000, 0x00000000e9600000| Untracked 
| 151|0x00000000e9700000, 0x00000000e9700000, 0x00000000e9800000|  0%| F|  |TAMS 0x00000000e9700000, 0x00000000e9700000| Untracked 
| 152|0x00000000e9800000, 0x00000000e9800000, 0x00000000e9900000|  0%| F|  |TAMS 0x00000000e9800000, 0x00000000e9800000| Untracked 
| 153|0x00000000e9900000, 0x00000000e9900000, 0x00000000e9a00000|  0%| F|  |TAMS 0x00000000e9900000, 0x00000000e9900000| Untracked 
| 154|0x00000000e9a00000, 0x00000000e9a00000, 0x00000000e9b00000|  0%| F|  |TAMS 0x00000000e9a00000, 0x00000000e9a00000| Untracked 
| 155|0x00000000e9b00000, 0x00000000e9b00000, 0x00000000e9c00000|  0%| F|  |TAMS 0x00000000e9b00000, 0x00000000e9b00000| Untracked 
| 156|0x00000000e9c00000, 0x00000000e9c00000, 0x00000000e9d00000|  0%| F|  |TAMS 0x00000000e9c00000, 0x00000000e9c00000| Untracked 
| 157|0x00000000e9d00000, 0x00000000e9d00000, 0x00000000e9e00000|  0%| F|  |TAMS 0x00000000e9d00000, 0x00000000e9d00000| Untracked 
| 158|0x00000000e9e00000, 0x00000000e9e00000, 0x00000000e9f00000|  0%| F|  |TAMS 0x00000000e9e00000, 0x00000000e9e00000| Untracked 
| 159|0x00000000e9f00000, 0x00000000e9f00000, 0x00000000ea000000|  0%| F|  |TAMS 0x00000000e9f00000, 0x00000000e9f00000| Untracked 
| 160|0x00000000ea000000, 0x00000000ea000000, 0x00000000ea100000|  0%| F|  |TAMS 0x00000000ea000000, 0x00000000ea000000| Untracked 
| 161|0x00000000ea100000, 0x00000000ea100000, 0x00000000ea200000|  0%| F|  |TAMS 0x00000000ea100000, 0x00000000ea100000| Untracked 
| 162|0x00000000ea200000, 0x00000000ea200000, 0x00000000ea300000|  0%| F|  |TAMS 0x00000000ea200000, 0x00000000ea200000| Untracked 
| 163|0x00000000ea300000, 0x00000000ea300000, 0x00000000ea400000|  0%| F|  |TAMS 0x00000000ea300000, 0x00000000ea300000| Untracked 
| 164|0x00000000ea400000, 0x00000000ea400000, 0x00000000ea500000|  0%| F|  |TAMS 0x00000000ea400000, 0x00000000ea400000| Untracked 
| 165|0x00000000ea500000, 0x00000000ea500000, 0x00000000ea600000|  0%| F|  |TAMS 0x00000000ea500000, 0x00000000ea500000| Untracked 
| 166|0x00000000ea600000, 0x00000000ea600000, 0x00000000ea700000|  0%| F|  |TAMS 0x00000000ea600000, 0x00000000ea600000| Untracked 
| 167|0x00000000ea700000, 0x00000000ea700000, 0x00000000ea800000|  0%| F|  |TAMS 0x00000000ea700000, 0x00000000ea700000| Untracked 
| 168|0x00000000ea800000, 0x00000000ea800000, 0x00000000ea900000|  0%| F|  |TAMS 0x00000000ea800000, 0x00000000ea800000| Untracked 
| 169|0x00000000ea900000, 0x00000000ea900000, 0x00000000eaa00000|  0%| F|  |TAMS 0x00000000ea900000, 0x00000000ea900000| Untracked 
| 170|0x00000000eaa00000, 0x00000000eaa00000, 0x00000000eab00000|  0%| F|  |TAMS 0x00000000eaa00000, 0x00000000eaa00000| Untracked 
| 171|0x00000000eab00000, 0x00000000eab00000, 0x00000000eac00000|  0%| F|  |TAMS 0x00000000eab00000, 0x00000000eab00000| Untracked 
| 172|0x00000000eac00000, 0x00000000eac00000, 0x00000000ead00000|  0%| F|  |TAMS 0x00000000eac00000, 0x00000000eac00000| Untracked 
| 173|0x00000000ead00000, 0x00000000ead00000, 0x00000000eae00000|  0%| F|  |TAMS 0x00000000ead00000, 0x00000000ead00000| Untracked 
| 174|0x00000000eae00000, 0x00000000eae00000, 0x00000000eaf00000|  0%| F|  |TAMS 0x00000000eae00000, 0x00000000eae00000| Untracked 
| 175|0x00000000eaf00000, 0x00000000eaf00000, 0x00000000eb000000|  0%| F|  |TAMS 0x00000000eaf00000, 0x00000000eaf00000| Untracked 
| 176|0x00000000eb000000, 0x00000000eb000000, 0x00000000eb100000|  0%| F|  |TAMS 0x00000000eb000000, 0x00000000eb000000| Untracked 
| 177|0x00000000eb100000, 0x00000000eb100000, 0x00000000eb200000|  0%| F|  |TAMS 0x00000000eb100000, 0x00000000eb100000| Untracked 
| 178|0x00000000eb200000, 0x00000000eb200000, 0x00000000eb300000|  0%| F|  |TAMS 0x00000000eb200000, 0x00000000eb200000| Untracked 
| 179|0x00000000eb300000, 0x00000000eb300000, 0x00000000eb400000|  0%| F|  |TAMS 0x00000000eb300000, 0x00000000eb300000| Untracked 
| 180|0x00000000eb400000, 0x00000000eb400000, 0x00000000eb500000|  0%| F|  |TAMS 0x00000000eb400000, 0x00000000eb400000| Untracked 
| 181|0x00000000eb500000, 0x00000000eb500000, 0x00000000eb600000|  0%| F|  |TAMS 0x00000000eb500000, 0x00000000eb500000| Untracked 
| 182|0x00000000eb600000, 0x00000000eb600000, 0x00000000eb700000|  0%| F|  |TAMS 0x00000000eb600000, 0x00000000eb600000| Untracked 
| 183|0x00000000eb700000, 0x00000000eb700000, 0x00000000eb800000|  0%| F|  |TAMS 0x00000000eb700000, 0x00000000eb700000| Untracked 
| 184|0x00000000eb800000, 0x00000000eb800000, 0x00000000eb900000|  0%| F|  |TAMS 0x00000000eb800000, 0x00000000eb800000| Untracked 
| 185|0x00000000eb900000, 0x00000000eb900000, 0x00000000eba00000|  0%| F|  |TAMS 0x00000000eb900000, 0x00000000eb900000| Untracked 
| 186|0x00000000eba00000, 0x00000000eba00000, 0x00000000ebb00000|  0%| F|  |TAMS 0x00000000eba00000, 0x00000000eba00000| Untracked 
| 187|0x00000000ebb00000, 0x00000000ebb00000, 0x00000000ebc00000|  0%| F|  |TAMS 0x00000000ebb00000, 0x00000000ebb00000| Untracked 
| 188|0x00000000ebc00000, 0x00000000ebc00000, 0x00000000ebd00000|  0%| F|  |TAMS 0x00000000ebc00000, 0x00000000ebc00000| Untracked 
| 189|0x00000000ebd00000, 0x00000000ebd00000, 0x00000000ebe00000|  0%| F|  |TAMS 0x00000000ebd00000, 0x00000000ebd00000| Untracked 
| 190|0x00000000ebe00000, 0x00000000ebe00000, 0x00000000ebf00000|  0%| F|  |TAMS 0x00000000ebe00000, 0x00000000ebe00000| Untracked 
| 191|0x00000000ebf00000, 0x00000000ec000000, 0x00000000ec000000|100%| E|  |TAMS 0x00000000ebf00000, 0x00000000ebf00000| Complete 
| 192|0x00000000ec000000, 0x00000000ec100000, 0x00000000ec100000|100%| E|CS|TAMS 0x00000000ec000000, 0x00000000ec000000| Complete 
| 193|0x00000000ec100000, 0x00000000ec200000, 0x00000000ec200000|100%| E|CS|TAMS 0x00000000ec100000, 0x00000000ec100000| Complete 
| 194|0x00000000ec200000, 0x00000000ec300000, 0x00000000ec300000|100%| E|CS|TAMS 0x00000000ec200000, 0x00000000ec200000| Complete 
| 195|0x00000000ec300000, 0x00000000ec400000, 0x00000000ec400000|100%| E|CS|TAMS 0x00000000ec300000, 0x00000000ec300000| Complete 
| 196|0x00000000ec400000, 0x00000000ec500000, 0x00000000ec500000|100%| E|CS|TAMS 0x00000000ec400000, 0x00000000ec400000| Complete 
| 197|0x00000000ec500000, 0x00000000ec600000, 0x00000000ec600000|100%| E|CS|TAMS 0x00000000ec500000, 0x00000000ec500000| Complete 
| 198|0x00000000ec600000, 0x00000000ec700000, 0x00000000ec700000|100%| E|CS|TAMS 0x00000000ec600000, 0x00000000ec600000| Complete 
| 199|0x00000000ec700000, 0x00000000ec800000, 0x00000000ec800000|100%| E|CS|TAMS 0x00000000ec700000, 0x00000000ec700000| Complete 
| 200|0x00000000ec800000, 0x00000000ec900000, 0x00000000ec900000|100%| E|CS|TAMS 0x00000000ec800000, 0x00000000ec800000| Complete 
| 201|0x00000000ec900000, 0x00000000eca00000, 0x00000000eca00000|100%| E|CS|TAMS 0x00000000ec900000, 0x00000000ec900000| Complete 
| 202|0x00000000eca00000, 0x00000000ecb00000, 0x00000000ecb00000|100%| E|CS|TAMS 0x00000000eca00000, 0x00000000eca00000| Complete 
| 203|0x00000000ecb00000, 0x00000000ecc00000, 0x00000000ecc00000|100%| E|CS|TAMS 0x00000000ecb00000, 0x00000000ecb00000| Complete 
| 204|0x00000000ecc00000, 0x00000000ecd00000, 0x00000000ecd00000|100%| E|CS|TAMS 0x00000000ecc00000, 0x00000000ecc00000| Complete 
| 205|0x00000000ecd00000, 0x00000000ece00000, 0x00000000ece00000|100%| E|CS|TAMS 0x00000000ecd00000, 0x00000000ecd00000| Complete 
| 206|0x00000000ece00000, 0x00000000ecf00000, 0x00000000ecf00000|100%| E|CS|TAMS 0x00000000ece00000, 0x00000000ece00000| Complete 
| 207|0x00000000ecf00000, 0x00000000ed000000, 0x00000000ed000000|100%| E|CS|TAMS 0x00000000ecf00000, 0x00000000ecf00000| Complete 
| 208|0x00000000ed000000, 0x00000000ed100000, 0x00000000ed100000|100%| E|CS|TAMS 0x00000000ed000000, 0x00000000ed000000| Complete 
| 209|0x00000000ed100000, 0x00000000ed200000, 0x00000000ed200000|100%| E|CS|TAMS 0x00000000ed100000, 0x00000000ed100000| Complete 
| 210|0x00000000ed200000, 0x00000000ed300000, 0x00000000ed300000|100%| E|CS|TAMS 0x00000000ed200000, 0x00000000ed200000| Complete 
| 211|0x00000000ed300000, 0x00000000ed400000, 0x00000000ed400000|100%| E|CS|TAMS 0x00000000ed300000, 0x00000000ed300000| Complete 
| 212|0x00000000ed400000, 0x00000000ed500000, 0x00000000ed500000|100%| E|CS|TAMS 0x00000000ed400000, 0x00000000ed400000| Complete 
| 213|0x00000000ed500000, 0x00000000ed600000, 0x00000000ed600000|100%| E|CS|TAMS 0x00000000ed500000, 0x00000000ed500000| Complete 
| 214|0x00000000ed600000, 0x00000000ed700000, 0x00000000ed700000|100%| E|CS|TAMS 0x00000000ed600000, 0x00000000ed600000| Complete 
| 215|0x00000000ed700000, 0x00000000ed800000, 0x00000000ed800000|100%| E|CS|TAMS 0x00000000ed700000, 0x00000000ed700000| Complete 
| 216|0x00000000ed800000, 0x00000000ed900000, 0x00000000ed900000|100%| E|CS|TAMS 0x00000000ed800000, 0x00000000ed800000| Complete 
| 217|0x00000000ed900000, 0x00000000eda00000, 0x00000000eda00000|100%| E|CS|TAMS 0x00000000ed900000, 0x00000000ed900000| Complete 
| 218|0x00000000eda00000, 0x00000000edb00000, 0x00000000edb00000|100%| E|CS|TAMS 0x00000000eda00000, 0x00000000eda00000| Complete 
| 219|0x00000000edb00000, 0x00000000edc00000, 0x00000000edc00000|100%| E|CS|TAMS 0x00000000edb00000, 0x00000000edb00000| Complete 
| 220|0x00000000edc00000, 0x00000000edd00000, 0x00000000edd00000|100%| E|CS|TAMS 0x00000000edc00000, 0x00000000edc00000| Complete 
| 221|0x00000000edd00000, 0x00000000ede00000, 0x00000000ede00000|100%| E|CS|TAMS 0x00000000edd00000, 0x00000000edd00000| Complete 
| 222|0x00000000ede00000, 0x00000000edf00000, 0x00000000edf00000|100%| E|CS|TAMS 0x00000000ede00000, 0x00000000ede00000| Complete 
| 223|0x00000000edf00000, 0x00000000ee000000, 0x00000000ee000000|100%| E|CS|TAMS 0x00000000edf00000, 0x00000000edf00000| Complete 
| 224|0x00000000ee000000, 0x00000000ee100000, 0x00000000ee100000|100%| E|CS|TAMS 0x00000000ee000000, 0x00000000ee000000| Complete 
| 225|0x00000000ee100000, 0x00000000ee200000, 0x00000000ee200000|100%| E|CS|TAMS 0x00000000ee100000, 0x00000000ee100000| Complete 
| 226|0x00000000ee200000, 0x00000000ee300000, 0x00000000ee300000|100%| E|CS|TAMS 0x00000000ee200000, 0x00000000ee200000| Complete 
| 227|0x00000000ee300000, 0x00000000ee400000, 0x00000000ee400000|100%| E|CS|TAMS 0x00000000ee300000, 0x00000000ee300000| Complete 
| 228|0x00000000ee400000, 0x00000000ee500000, 0x00000000ee500000|100%| E|CS|TAMS 0x00000000ee400000, 0x00000000ee400000| Complete 
| 229|0x00000000ee500000, 0x00000000ee600000, 0x00000000ee600000|100%| E|CS|TAMS 0x00000000ee500000, 0x00000000ee500000| Complete 
| 230|0x00000000ee600000, 0x00000000ee700000, 0x00000000ee700000|100%| E|CS|TAMS 0x00000000ee600000, 0x00000000ee600000| Complete 
| 231|0x00000000ee700000, 0x00000000ee800000, 0x00000000ee800000|100%| E|CS|TAMS 0x00000000ee700000, 0x00000000ee700000| Complete 
| 232|0x00000000ee800000, 0x00000000ee900000, 0x00000000ee900000|100%| E|CS|TAMS 0x00000000ee800000, 0x00000000ee800000| Complete 
| 233|0x00000000ee900000, 0x00000000eea00000, 0x00000000eea00000|100%| E|CS|TAMS 0x00000000ee900000, 0x00000000ee900000| Complete 
| 234|0x00000000eea00000, 0x00000000eeb00000, 0x00000000eeb00000|100%| E|CS|TAMS 0x00000000eea00000, 0x00000000eea00000| Complete 
| 235|0x00000000eeb00000, 0x00000000eec00000, 0x00000000eec00000|100%| E|CS|TAMS 0x00000000eeb00000, 0x00000000eeb00000| Complete 
| 236|0x00000000eec00000, 0x00000000eed00000, 0x00000000eed00000|100%| E|CS|TAMS 0x00000000eec00000, 0x00000000eec00000| Complete 
| 237|0x00000000eed00000, 0x00000000eee00000, 0x00000000eee00000|100%| E|CS|TAMS 0x00000000eed00000, 0x00000000eed00000| Complete 
| 238|0x00000000eee00000, 0x00000000eef00000, 0x00000000eef00000|100%| E|CS|TAMS 0x00000000eee00000, 0x00000000eee00000| Complete 
| 239|0x00000000eef00000, 0x00000000ef000000, 0x00000000ef000000|100%| E|CS|TAMS 0x00000000eef00000, 0x00000000eef00000| Complete 
| 240|0x00000000ef000000, 0x00000000ef100000, 0x00000000ef100000|100%| E|CS|TAMS 0x00000000ef000000, 0x00000000ef000000| Complete 
| 241|0x00000000ef100000, 0x00000000ef200000, 0x00000000ef200000|100%| E|CS|TAMS 0x00000000ef100000, 0x00000000ef100000| Complete 
| 242|0x00000000ef200000, 0x00000000ef300000, 0x00000000ef300000|100%| E|CS|TAMS 0x00000000ef200000, 0x00000000ef200000| Complete 
| 243|0x00000000ef300000, 0x00000000ef400000, 0x00000000ef400000|100%| E|CS|TAMS 0x00000000ef300000, 0x00000000ef300000| Complete 
| 244|0x00000000ef400000, 0x00000000ef500000, 0x00000000ef500000|100%| E|CS|TAMS 0x00000000ef400000, 0x00000000ef400000| Complete 
| 245|0x00000000ef500000, 0x00000000ef600000, 0x00000000ef600000|100%| E|CS|TAMS 0x00000000ef500000, 0x00000000ef500000| Complete 
| 246|0x00000000ef600000, 0x00000000ef700000, 0x00000000ef700000|100%| E|CS|TAMS 0x00000000ef600000, 0x00000000ef600000| Complete 
| 247|0x00000000ef700000, 0x00000000ef800000, 0x00000000ef800000|100%| E|CS|TAMS 0x00000000ef700000, 0x00000000ef700000| Complete 
| 248|0x00000000ef800000, 0x00000000ef900000, 0x00000000ef900000|100%| E|CS|TAMS 0x00000000ef800000, 0x00000000ef800000| Complete 
| 249|0x00000000ef900000, 0x00000000efa00000, 0x00000000efa00000|100%| E|CS|TAMS 0x00000000ef900000, 0x00000000ef900000| Complete 
| 250|0x00000000efa00000, 0x00000000efb00000, 0x00000000efb00000|100%| E|CS|TAMS 0x00000000efa00000, 0x00000000efa00000| Complete 
| 251|0x00000000efb00000, 0x00000000efc00000, 0x00000000efc00000|100%| E|CS|TAMS 0x00000000efb00000, 0x00000000efb00000| Complete 
| 252|0x00000000efc00000, 0x00000000efd00000, 0x00000000efd00000|100%| E|CS|TAMS 0x00000000efc00000, 0x00000000efc00000| Complete 
| 253|0x00000000efd00000, 0x00000000efe00000, 0x00000000efe00000|100%| E|CS|TAMS 0x00000000efd00000, 0x00000000efd00000| Complete 
| 254|0x00000000efe00000, 0x00000000eff00000, 0x00000000eff00000|100%| E|CS|TAMS 0x00000000efe00000, 0x00000000efe00000| Complete 
| 255|0x00000000eff00000, 0x00000000f0000000, 0x00000000f0000000|100%| E|CS|TAMS 0x00000000eff00000, 0x00000000eff00000| Complete 

Card table byte_map: [0x0000020affce0000,0x0000020affde0000] _byte_map_base: 0x0000020aff5e0000

Marking Bits (Prev, Next): (CMBitMap*) 0x0000020ae91f3950, (CMBitMap*) 0x0000020ae91f3990
 Prev Bits: [0x0000020a80000000, 0x0000020a80800000)
 Next Bits: [0x0000020a80800000, 0x0000020a81000000)

Polling page: 0x0000020ae7010000

Metaspace:

Usage:
  Non-class:     46.82 MB used.
      Class:      7.49 MB used.
       Both:     54.31 MB used.

Virtual space:
  Non-class space:       64.00 MB reserved,      47.12 MB ( 74%) committed,  1 nodes.
      Class space:      320.00 MB reserved,       7.75 MB (  2%) committed,  1 nodes.
             Both:      384.00 MB reserved,      54.88 MB ( 14%) committed. 

Chunk freelists:
   Non-Class:  32.00 KB
       Class:  8.15 MB
        Both:  8.18 MB

MaxMetaspaceSize: 384.00 MB
CompressedClassSpaceSize: 320.00 MB
Initial GC threshold: 21.00 MB
Current GC threshold: 59.50 MB
CDS: on
MetaspaceReclaimPolicy: balanced
 - commit_granule_bytes: 65536.
 - commit_granule_words: 8192.
 - virtual_space_node_default_size: 8388608.
 - enlarge_chunks_in_place: 1.
 - new_chunks_are_fully_committed: 0.
 - uncommit_free_chunks: 1.
 - use_allocation_guard: 0.
 - handle_deallocations: 1.


Internal statistics:

num_allocs_failed_limit: 9.
num_arena_births: 646.
num_arena_deaths: 0.
num_vsnodes_births: 2.
num_vsnodes_deaths: 0.
num_space_committed: 878.
num_space_uncommitted: 0.
num_chunks_returned_to_freelist: 9.
num_chunks_taken_from_freelist: 2958.
num_chunk_merges: 9.
num_chunk_splits: 1909.
num_chunks_enlarged: 1236.
num_inconsistent_stats: 0.

CodeHeap 'non-profiled nmethods': size=120000Kb used=4782Kb max_used=4782Kb free=115217Kb
 bounds [0x0000020af87b0000, 0x0000020af8c60000, 0x0000020affce0000]
CodeHeap 'profiled nmethods': size=120000Kb used=19120Kb max_used=19120Kb free=100880Kb
 bounds [0x0000020af0ce0000, 0x0000020af1f90000, 0x0000020af8210000]
CodeHeap 'non-nmethods': size=5760Kb used=2323Kb max_used=2380Kb free=3436Kb
 bounds [0x0000020af8210000, 0x0000020af8480000, 0x0000020af87b0000]
 total_blobs=10003 nmethods=9164 adapters=751
 compilation: enabled
              stopped_count=0, restarted_count=0
 full_count=0

Compilation events (20 events):
Event: 54.039 Thread 0x0000020a834e0320 9984       1       io.spring.gradle.dependencymanagement.org.apache.maven.model.ActivationProperty::setValue (6 bytes)
Event: 54.039 Thread 0x0000020a834e0320 nmethod 9984 0x0000020af8c5ac90 code [0x0000020af8c5ae20, 0x0000020af8c5af38]
Event: 54.041 Thread 0x0000020a834e0320 9985       3       io.spring.gradle.dependencymanagement.org.apache.maven.model.building.DefaultModelBuilder::build (1080 bytes)
Event: 54.055 Thread 0x0000020a834e0320 nmethod 9985 0x0000020af1f5ee10 code [0x0000020af1f5fa60, 0x0000020af1f67df8]
Event: 54.056 Thread 0x0000020a834e0320 9986       3       org.gradle.api.internal.artifacts.ivyservice.ivyresolve.RepositoryChainArtifactResolver$$Lambda$823/0x0000020a8562bb48::get (20 bytes)
Event: 54.056 Thread 0x0000020a834e0320 nmethod 9986 0x0000020af1f6af90 code [0x0000020af1f6b160, 0x0000020af1f6b4b8]
Event: 54.056 Thread 0x0000020a834e0320 9987       3       org.gradle.api.internal.artifacts.ivyservice.ivyresolve.RepositoryChainArtifactResolver::lambda$resolveArtifact$0 (13 bytes)
Event: 54.057 Thread 0x0000020a834e0320 nmethod 9987 0x0000020af1f6b690 code [0x0000020af1f6b860, 0x0000020af1f6bb38]
Event: 54.057 Thread 0x0000020a834e0320 9988       3       org.gradle.api.internal.artifacts.ivyservice.ivyresolve.RepositoryChainArtifactResolver::resolveArtifactLater (57 bytes)
Event: 54.058 Thread 0x0000020a834e0320 nmethod 9988 0x0000020af1f6bc90 code [0x0000020af1f6bee0, 0x0000020af1f6cc88]
Event: 54.058 Thread 0x0000020a834e0320 9989       3       org.gradle.internal.resolve.result.DefaultBuildableArtifactFileResolveResult::<init> (5 bytes)
Event: 54.058 Thread 0x0000020a834e0320 nmethod 9989 0x0000020af1f6d010 code [0x0000020af1f6d1c0, 0x0000020af1f6d3f8]
Event: 54.058 Thread 0x0000020a834e0320 9990       3       org.gradle.api.internal.artifacts.ivyservice.ivyresolve.ErrorHandlingModuleComponentRepository$ErrorHandlingModuleComponentRepositoryAccess::resolveArtifact (28 bytes)
Event: 54.060 Thread 0x0000020a834e0320 nmethod 9990 0x0000020af1f6d510 code [0x0000020af1f6d7e0, 0x0000020af1f6ea48]
Event: 54.060 Thread 0x0000020a834e0320 9991   !   3       org.gradle.internal.dispatch.ProxyDispatchAdapter::<init> (152 bytes)
Event: 54.064 Thread 0x0000020a834e0320 nmethod 9991 0x0000020af1f6f090 code [0x0000020af1f6f500, 0x0000020af1f71cf8]
Event: 54.069 Thread 0x0000020a834e0320 9992       3       org.gradle.api.internal.artifacts.ivyservice.modulecache.artifacts.DefaultModuleArtifactCache::lookup (14 bytes)
Event: 54.069 Thread 0x0000020a834e0320 nmethod 9992 0x0000020af1f72c10 code [0x0000020af1f72de0, 0x0000020af1f73218]
Event: 54.069 Thread 0x0000020a834e0320 9993       3       org.gradle.internal.resource.cached.AbstractCachedIndex$$Lambda$828/0x0000020a8562d0b0::<init> (15 bytes)
Event: 54.070 Thread 0x0000020a834e0320 nmethod 9993 0x0000020af1f73390 code [0x0000020af1f73540, 0x0000020af1f73758]

GC Heap History (20 events):
Event: 1.062 GC heap before
{Heap before GC invocations=0 (full 0):
 garbage-first heap   total 262144K, used 13312K [0x00000000e0000000, 0x0000000100000000)
  region size 1024K, 13 young (13312K), 0 survivors (0K)
 Metaspace       used 792K, committed 896K, reserved 393216K
  class space    used 61K, committed 128K, reserved 327680K
}
Event: 1.068 GC heap after
{Heap after GC invocations=1 (full 0):
 garbage-first heap   total 262144K, used 1724K [0x00000000e0000000, 0x0000000100000000)
  region size 1024K, 2 young (2048K), 2 survivors (2048K)
 Metaspace       used 792K, committed 896K, reserved 393216K
  class space    used 61K, committed 128K, reserved 327680K
}
Event: 2.353 GC heap before
{Heap before GC invocations=1 (full 0):
 garbage-first heap   total 262144K, used 22204K [0x00000000e0000000, 0x0000000100000000)
  region size 1024K, 19 young (19456K), 2 survivors (2048K)
 Metaspace       used 3266K, committed 3392K, reserved 393216K
  class space    used 411K, committed 512K, reserved 327680K
}
Event: 2.360 GC heap after
{Heap after GC invocations=2 (full 0):
 garbage-first heap   total 262144K, used 11046K [0x00000000e0000000, 0x0000000100000000)
  region size 1024K, 3 young (3072K), 3 survivors (3072K)
 Metaspace       used 3266K, committed 3392K, reserved 393216K
  class space    used 411K, committed 512K, reserved 327680K
}
Event: 3.589 GC heap before
{Heap before GC invocations=2 (full 0):
 garbage-first heap   total 262144K, used 41766K [0x00000000e0000000, 0x0000000100000000)
  region size 1024K, 33 young (33792K), 3 survivors (3072K)
 Metaspace       used 4068K, committed 4288K, reserved 393216K
  class space    used 503K, committed 640K, reserved 327680K
}
Event: 3.593 GC heap after
{Heap after GC invocations=3 (full 0):
 garbage-first heap   total 262144K, used 12040K [0x00000000e0000000, 0x0000000100000000)
  region size 1024K, 1 young (1024K), 1 survivors (1024K)
 Metaspace       used 4068K, committed 4288K, reserved 393216K
  class space    used 503K, committed 640K, reserved 327680K
}
Event: 16.279 GC heap before
{Heap before GC invocations=3 (full 0):
 garbage-first heap   total 262144K, used 132872K [0x00000000e0000000, 0x0000000100000000)
  region size 1024K, 118 young (120832K), 1 survivors (1024K)
 Metaspace       used 21206K, committed 21504K, reserved 393216K
  class space    used 3118K, committed 3264K, reserved 327680K
}
Event: 16.300 GC heap after
{Heap after GC invocations=4 (full 0):
 garbage-first heap   total 262144K, used 23863K [0x00000000e0000000, 0x0000000100000000)
  region size 1024K, 12 young (12288K), 12 survivors (12288K)
 Metaspace       used 21206K, committed 21504K, reserved 393216K
  class space    used 3118K, committed 3264K, reserved 327680K
}
Event: 24.726 GC heap before
{Heap before GC invocations=5 (full 0):
 garbage-first heap   total 262144K, used 145719K [0x00000000e0000000, 0x0000000100000000)
  region size 1024K, 128 young (131072K), 12 survivors (12288K)
 Metaspace       used 35728K, committed 36096K, reserved 393216K
  class space    used 4962K, committed 5120K, reserved 327680K
}
Event: 24.755 GC heap after
{Heap after GC invocations=6 (full 0):
 garbage-first heap   total 262144K, used 32815K [0x00000000e0000000, 0x0000000100000000)
  region size 1024K, 10 young (10240K), 10 survivors (10240K)
 Metaspace       used 35728K, committed 36096K, reserved 393216K
  class space    used 4962K, committed 5120K, reserved 327680K
}
Event: 24.878 GC heap before
{Heap before GC invocations=6 (full 0):
 garbage-first heap   total 262144K, used 33839K [0x00000000e0000000, 0x0000000100000000)
  region size 1024K, 12 young (12288K), 10 survivors (10240K)
 Metaspace       used 35949K, committed 36288K, reserved 393216K
  class space    used 4998K, committed 5120K, reserved 327680K
}
Event: 24.928 GC heap after
{Heap after GC invocations=7 (full 0):
 garbage-first heap   total 262144K, used 33493K [0x00000000e0000000, 0x0000000100000000)
  region size 1024K, 2 young (2048K), 2 survivors (2048K)
 Metaspace       used 35949K, committed 36288K, reserved 393216K
  class space    used 4998K, committed 5120K, reserved 327680K
}
Event: 25.038 GC heap before
{Heap before GC invocations=7 (full 0):
 garbage-first heap   total 262144K, used 34517K [0x00000000e0000000, 0x0000000100000000)
  region size 1024K, 4 young (4096K), 2 survivors (2048K)
 Metaspace       used 36082K, committed 36416K, reserved 393216K
  class space    used 5027K, committed 5184K, reserved 327680K
}
Event: 25.041 GC heap after
{Heap after GC invocations=8 (full 0):
 garbage-first heap   total 262144K, used 32492K [0x00000000e0000000, 0x0000000100000000)
  region size 1024K, 1 young (1024K), 1 survivors (1024K)
 Metaspace       used 36082K, committed 36416K, reserved 393216K
  class space    used 5027K, committed 5184K, reserved 327680K
}
Event: 37.136 GC heap before
{Heap before GC invocations=9 (full 0):
 garbage-first heap   total 262144K, used 189164K [0x00000000e0000000, 0x0000000100000000)
  region size 1024K, 153 young (156672K), 1 survivors (1024K)
 Metaspace       used 48814K, committed 49280K, reserved 393216K
  class space    used 6916K, committed 7104K, reserved 327680K
}
Event: 37.153 GC heap after
{Heap after GC invocations=10 (full 0):
 garbage-first heap   total 262144K, used 42017K [0x00000000e0000000, 0x0000000100000000)
  region size 1024K, 10 young (10240K), 10 survivors (10240K)
 Metaspace       used 48814K, committed 49280K, reserved 393216K
  class space    used 6916K, committed 7104K, reserved 327680K
}
Event: 37.435 GC heap before
{Heap before GC invocations=10 (full 0):
 garbage-first heap   total 262144K, used 44065K [0x00000000e0000000, 0x0000000100000000)
  region size 1024K, 12 young (12288K), 10 survivors (10240K)
 Metaspace       used 48834K, committed 49344K, reserved 393216K
  class space    used 6921K, committed 7168K, reserved 327680K
}
Event: 37.450 GC heap after
{Heap after GC invocations=11 (full 0):
 garbage-first heap   total 262144K, used 42467K [0x00000000e0000000, 0x0000000100000000)
  region size 1024K, 1 young (1024K), 1 survivors (1024K)
 Metaspace       used 48834K, committed 49344K, reserved 393216K
  class space    used 6921K, committed 7168K, reserved 327680K
}
Event: 51.570 GC heap before
{Heap before GC invocations=11 (full 0):
 garbage-first heap   total 262144K, used 197091K [0x00000000e0000000, 0x0000000100000000)
  region size 1024K, 153 young (156672K), 1 survivors (1024K)
 Metaspace       used 55132K, committed 55680K, reserved 393216K
  class space    used 7669K, committed 7936K, reserved 327680K
}
Event: 51.592 GC heap after
{Heap after GC invocations=12 (full 0):
 garbage-first heap   total 262144K, used 54009K [0x00000000e0000000, 0x0000000100000000)
  region size 1024K, 13 young (13312K), 13 survivors (13312K)
 Metaspace       used 55132K, committed 55680K, reserved 393216K
  class space    used 7669K, committed 7936K, reserved 327680K
}

Dll operation events (15 events):
Event: 0.062 Loaded shared library C:\Users\Giang\.jdks\corretto-17.0.10\bin\java.dll
Event: 0.185 Loaded shared library C:\Users\Giang\.jdks\corretto-17.0.10\bin\jsvml.dll
Event: 0.442 Loaded shared library C:\Users\Giang\.jdks\corretto-17.0.10\bin\zip.dll
Event: 0.454 Loaded shared library C:\Users\Giang\.jdks\corretto-17.0.10\bin\instrument.dll
Event: 0.466 Loaded shared library C:\Users\Giang\.jdks\corretto-17.0.10\bin\net.dll
Event: 0.474 Loaded shared library C:\Users\Giang\.jdks\corretto-17.0.10\bin\nio.dll
Event: 0.485 Loaded shared library C:\Users\Giang\.jdks\corretto-17.0.10\bin\zip.dll
Event: 1.080 Loaded shared library C:\Users\Giang\.jdks\corretto-17.0.10\bin\jimage.dll
Event: 1.453 Loaded shared library C:\Users\Giang\.jdks\corretto-17.0.10\bin\verify.dll
Event: 1.877 Loaded shared library C:\Users\Giang\.gradle\native\c067742578af261105cb4f569cf0c3c89f3d7b1fecec35dd04571415982c5e48\windows-amd64\native-platform.dll
Event: 1.912 Loaded shared library C:\Users\Giang\.gradle\native\100fb08df4bc3b14c8652ba06237920a3bd2aa13389f12d3474272988ae205f9\windows-amd64\native-platform-file-events.dll
Event: 6.674 Loaded shared library C:\Users\Giang\.jdks\corretto-17.0.10\bin\management.dll
Event: 6.696 Loaded shared library C:\Users\Giang\.jdks\corretto-17.0.10\bin\management_ext.dll
Event: 7.814 Loaded shared library C:\Users\Giang\.jdks\corretto-17.0.10\bin\extnet.dll
Event: 10.233 Loaded shared library C:\Users\Giang\.jdks\corretto-17.0.10\bin\sunmscapi.dll

Deoptimization events (20 events):
Event: 51.793 Thread 0x0000020a9fe46860 DEOPT PACKING pc=0x0000020af8a01e28 sp=0x000000ce72dfaa80
Event: 51.793 Thread 0x0000020a9fe46860 DEOPT UNPACKING pc=0x0000020af82669a3 sp=0x000000ce72dfaa40 mode 2
Event: 52.598 Thread 0x0000020a9fe46860 DEOPT PACKING pc=0x0000020af1639959 sp=0x000000ce72df89e0
Event: 52.598 Thread 0x0000020a9fe46860 DEOPT UNPACKING pc=0x0000020af8267143 sp=0x000000ce72df7ef8 mode 0
Event: 53.452 Thread 0x0000020a9fe46860 Uncommon trap: trap_request=0xffffffbe fr.pc=0x0000020af8c48c1c relative=0x00000000000003fc
Event: 53.452 Thread 0x0000020a9fe46860 Uncommon trap: reason=profile_predicate action=maybe_recompile pc=0x0000020af8c48c1c method=java.util.regex.Pattern$Slice.match(Ljava/util/regex/Matcher;ILjava/lang/CharSequence;)Z @ 18 c2
Event: 53.452 Thread 0x0000020a9fe46860 DEOPT PACKING pc=0x0000020af8c48c1c sp=0x000000ce72df9bc0
Event: 53.452 Thread 0x0000020a9fe46860 DEOPT UNPACKING pc=0x0000020af82669a3 sp=0x000000ce72df9b50 mode 2
Event: 53.452 Thread 0x0000020a9fe46860 Uncommon trap: trap_request=0xffffffbe fr.pc=0x0000020af8c48c1c relative=0x00000000000003fc
Event: 53.452 Thread 0x0000020a9fe46860 Uncommon trap: reason=profile_predicate action=maybe_recompile pc=0x0000020af8c48c1c method=java.util.regex.Pattern$Slice.match(Ljava/util/regex/Matcher;ILjava/lang/CharSequence;)Z @ 18 c2
Event: 53.452 Thread 0x0000020a9fe46860 DEOPT PACKING pc=0x0000020af8c48c1c sp=0x000000ce72df9bc0
Event: 53.452 Thread 0x0000020a9fe46860 DEOPT UNPACKING pc=0x0000020af82669a3 sp=0x000000ce72df9b50 mode 2
Event: 53.452 Thread 0x0000020a9fe46860 Uncommon trap: trap_request=0xffffffbe fr.pc=0x0000020af8c48c1c relative=0x00000000000003fc
Event: 53.452 Thread 0x0000020a9fe46860 Uncommon trap: reason=profile_predicate action=maybe_recompile pc=0x0000020af8c48c1c method=java.util.regex.Pattern$Slice.match(Ljava/util/regex/Matcher;ILjava/lang/CharSequence;)Z @ 18 c2
Event: 53.453 Thread 0x0000020a9fe46860 DEOPT PACKING pc=0x0000020af8c48c1c sp=0x000000ce72df9bc0
Event: 53.453 Thread 0x0000020a9fe46860 DEOPT UNPACKING pc=0x0000020af82669a3 sp=0x000000ce72df9b50 mode 2
Event: 53.453 Thread 0x0000020a9fe46860 Uncommon trap: trap_request=0xffffffbe fr.pc=0x0000020af8c48c1c relative=0x00000000000003fc
Event: 53.453 Thread 0x0000020a9fe46860 Uncommon trap: reason=profile_predicate action=maybe_recompile pc=0x0000020af8c48c1c method=java.util.regex.Pattern$Slice.match(Ljava/util/regex/Matcher;ILjava/lang/CharSequence;)Z @ 18 c2
Event: 53.453 Thread 0x0000020a9fe46860 DEOPT PACKING pc=0x0000020af8c48c1c sp=0x000000ce72df9bc0
Event: 53.453 Thread 0x0000020a9fe46860 DEOPT UNPACKING pc=0x0000020af82669a3 sp=0x000000ce72df9b50 mode 2

Classes unloaded (0 events):
No events

Classes redefined (0 events):
No events

Internal exceptions (20 events):
Event: 40.961 Thread 0x0000020a9da8df80 Exception <a 'java/lang/ClassNotFoundException'{0x00000000eebbc2c0}: com/google/common/collect/ImmutableListCustomizer> (0x00000000eebbc2c0) 
thrown [s\src\hotspot\share\classfile\systemDictionary.cpp, line 256]
Event: 40.979 Thread 0x0000020a9da8df80 Exception <a 'java/lang/ClassNotFoundException'{0x00000000eebfc860}: com/google/common/collect/RegularImmutableListCustomizer> (0x00000000eebfc860) 
thrown [s\src\hotspot\share\classfile\systemDictionary.cpp, line 256]
Event: 41.119 Thread 0x0000020a9fe46350 Exception <a 'java/lang/NoSuchMethodError'{0x00000000ee8a06a0}: 'void java.lang.invoke.DirectMethodHandle$Holder.invokeSpecial(java.lang.Object, java.lang.Object, java.lang.Object, java.lang.Object, int, java.lang.Object, java.lang.Object)'> (0x00000000ee8a06a0) 
thrown [s\src\hotspot\share\interpreter\linkResolver.cpp, line 759]
Event: 41.188 Thread 0x0000020a9fe46860 Exception <a 'java/lang/NoSuchMethodError'{0x00000000ee757940}: 'void java.lang.invoke.DirectMethodHandle$Holder.invokeInterface(java.lang.Object, java.lang.Object, java.lang.Object, java.lang.Object)'> (0x00000000ee757940) 
thrown [s\src\hotspot\share\interpreter\linkResolver.cpp, line 759]
Event: 41.470 Thread 0x0000020a9da8e9a0 Exception <a 'java/lang/NoSuchMethodError'{0x00000000ee5c5bf8}: static Lorg/gradle/internal/build/event/types/DefaultTaskStartedProgressEvent;.<clinit>()V> (0x00000000ee5c5bf8) 
thrown [s\src\hotspot\share\prims\jni.cpp, line 1107]
Event: 41.473 Thread 0x0000020a9da8e9a0 Exception <a 'java/lang/NoSuchMethodError'{0x00000000ee5c7c60}: static Lorg/gradle/internal/build/event/types/AbstractProgressEvent;.<clinit>()V> (0x00000000ee5c7c60) 
thrown [s\src\hotspot\share\prims\jni.cpp, line 1107]
Event: 41.474 Thread 0x0000020a9da8e9a0 Exception <a 'java/lang/NoSuchMethodError'{0x00000000ee5d2760}: static Lorg/gradle/internal/build/event/types/DefaultTaskDescriptor;.<clinit>()V> (0x00000000ee5d2760) 
thrown [s\src\hotspot\share\prims\jni.cpp, line 1107]
Event: 41.482 Thread 0x0000020a9da8e9a0 Exception <a 'java/lang/NoSuchMethodError'{0x00000000ee424340}: static Lorg/gradle/internal/operations/OperationIdentifier;.<clinit>()V> (0x00000000ee424340) 
thrown [s\src\hotspot\share\prims\jni.cpp, line 1107]
Event: 41.483 Thread 0x0000020a9da8e9a0 Exception <a 'java/lang/NoSuchMethodError'{0x00000000ee42df58}: static Lorg/gradle/internal/build/event/types/DefaultBinaryPluginIdentifier;.<clinit>()V> (0x00000000ee42df58) 
thrown [s\src\hotspot\share\prims\jni.cpp, line 1107]
Event: 41.846 Thread 0x0000020a9fe46860 Exception <a 'java/lang/IncompatibleClassChangeError'{0x00000000edfde5c0}: Found class java.lang.Object, but interface was expected> (0x00000000edfde5c0) 
thrown [s\src\hotspot\share\interpreter\linkResolver.cpp, line 826]
Event: 41.850 Thread 0x0000020a9fe46860 Exception <a 'java/lang/NoSuchMethodError'{0x00000000ede54fd8}: static Ljava/lang/Object;.<clinit>()V> (0x00000000ede54fd8) 
thrown [s\src\hotspot\share\prims\jni.cpp, line 1107]
Event: 44.460 Thread 0x0000020a9fe46860 Implicit null exception at 0x0000020af8ac74cf to 0x0000020af8ac85a4
Event: 44.575 Thread 0x0000020a9fe46860 Exception <a 'java/lang/ClassNotFoundException'{0x00000000ed0f9210}: org/gradle/api/internal/plugins/NaggingBasePluginConventionBeanInfo> (0x00000000ed0f9210) 
thrown [s\src\hotspot\share\classfile\systemDictionary.cpp, line 256]
Event: 44.579 Thread 0x0000020a9fe46860 Exception <a 'java/lang/ClassNotFoundException'{0x00000000ecf06420}: org/gradle/api/plugins/BasePluginConventionBeanInfo> (0x00000000ecf06420) 
thrown [s\src\hotspot\share\classfile\systemDictionary.cpp, line 256]
Event: 44.581 Thread 0x0000020a9fe46860 Exception <a 'java/lang/ClassNotFoundException'{0x00000000ecf133a8}: org/gradle/api/plugins/BasePluginConventionCustomizer> (0x00000000ecf133a8) 
thrown [s\src\hotspot\share\classfile\systemDictionary.cpp, line 256]
Event: 44.583 Thread 0x0000020a9fe46860 Exception <a 'java/lang/ClassNotFoundException'{0x00000000ecf294d8}: org/gradle/api/internal/plugins/NaggingBasePluginConventionCustomizer> (0x00000000ecf294d8) 
thrown [s\src\hotspot\share\classfile\systemDictionary.cpp, line 256]
Event: 44.593 Thread 0x0000020a9fe46860 Exception <a 'java/lang/ClassNotFoundException'{0x00000000ecf6cc28}: org/gradle/api/plugins/internal/NaggingJavaPluginConventionBeanInfo> (0x00000000ecf6cc28) 
thrown [s\src\hotspot\share\classfile\systemDictionary.cpp, line 256]
Event: 44.596 Thread 0x0000020a9fe46860 Exception <a 'java/lang/ClassNotFoundException'{0x00000000ecf79940}: org/gradle/api/plugins/JavaPluginConventionBeanInfo> (0x00000000ecf79940) 
thrown [s\src\hotspot\share\classfile\systemDictionary.cpp, line 256]
Event: 44.607 Thread 0x0000020a9fe46860 Exception <a 'java/lang/ClassNotFoundException'{0x00000000ecf868c8}: org/gradle/api/plugins/JavaPluginConventionCustomizer> (0x00000000ecf868c8) 
thrown [s\src\hotspot\share\classfile\systemDictionary.cpp, line 256]
Event: 44.612 Thread 0x0000020a9fe46860 Exception <a 'java/lang/ClassNotFoundException'{0x00000000ecfa6940}: org/gradle/api/plugins/internal/NaggingJavaPluginConventionCustomizer> (0x00000000ecfa6940) 
thrown [s\src\hotspot\share\classfile\systemDictionary.cpp, line 256]

VM Operations (20 events):
Event: 47.158 Executing VM operation: ICBufferFull
Event: 47.159 Executing VM operation: ICBufferFull done
Event: 47.700 Executing VM operation: HandshakeAllThreads
Event: 47.700 Executing VM operation: HandshakeAllThreads done
Event: 47.709 Executing VM operation: ICBufferFull
Event: 47.709 Executing VM operation: ICBufferFull done
Event: 47.814 Executing VM operation: HandshakeAllThreads
Event: 47.815 Executing VM operation: HandshakeAllThreads done
Event: 48.825 Executing VM operation: Cleanup
Event: 48.825 Executing VM operation: Cleanup done
Event: 49.833 Executing VM operation: Cleanup
Event: 49.833 Executing VM operation: Cleanup done
Event: 50.849 Executing VM operation: Cleanup
Event: 50.849 Executing VM operation: Cleanup done
Event: 51.570 Executing VM operation: G1CollectForAllocation
Event: 51.592 Executing VM operation: G1CollectForAllocation done
Event: 52.602 Executing VM operation: Cleanup
Event: 52.602 Executing VM operation: Cleanup done
Event: 53.604 Executing VM operation: Cleanup
Event: 53.605 Executing VM operation: Cleanup done

Events (20 events):
Event: 45.402 Thread 0x0000020a9fd7a900 Thread added: 0x0000020a9fd7a900
Event: 45.416 Thread 0x0000020a9fd7f4f0 Thread added: 0x0000020a9fd7f4f0
Event: 45.446 Thread 0x0000020a9fd7c250 Thread added: 0x0000020a9fd7c250
Event: 45.463 Thread 0x0000020a9fd7a3f0 Thread added: 0x0000020a9fd7a3f0
Event: 45.491 Thread 0x0000020a9fd7d690 Thread added: 0x0000020a9fd7d690
Event: 45.520 Thread 0x0000020a9fd794c0 Thread added: 0x0000020a9fd794c0
Event: 45.537 Thread 0x0000020a9fd7dba0 Thread added: 0x0000020a9fd7dba0
Event: 45.560 Thread 0x0000020a9fd799d0 Thread added: 0x0000020a9fd799d0
Event: 45.569 Thread 0x0000020a9fd78080 Thread added: 0x0000020a9fd78080
Event: 45.580 Thread 0x0000020a9fd78fb0 Thread added: 0x0000020a9fd78fb0
Event: 45.592 Thread 0x0000020a9fd7c760 Thread added: 0x0000020a9fd7c760
Event: 45.604 Thread 0x0000020a9fd7e0b0 Thread added: 0x0000020a9fd7e0b0
Event: 45.626 Thread 0x0000020a9fd7ae10 Thread added: 0x0000020a9fd7ae10
Event: 45.642 Thread 0x0000020a9fd7e5c0 Thread added: 0x0000020a9fd7e5c0
Event: 45.650 Thread 0x0000020a9fd7b320 Thread added: 0x0000020a9fd7b320
Event: 45.661 Thread 0x0000020a9fd7d180 Thread added: 0x0000020a9fd7d180
Event: 45.685 Thread 0x0000020a9fd78aa0 Thread added: 0x0000020a9fd78aa0
Event: 47.711 Thread 0x0000020a834ec420 flushing nmethod 0x0000020af15b3c90
Event: 50.160 loading class sun/nio/cs/ISO_8859_1$Decoder
Event: 50.161 loading class sun/nio/cs/ISO_8859_1$Decoder done


Dynamic libraries:
0x00007ff73e940000 - 0x00007ff73e94e000 	C:\Users\Giang\.jdks\corretto-17.0.10\bin\java.exe
0x00007fff44770000 - 0x00007fff44968000 	C:\Windows\SYSTEM32\ntdll.dll
0x00007fff444c0000 - 0x00007fff44581000 	C:\Windows\System32\KERNEL32.DLL
0x00007fff41e20000 - 0x00007fff42116000 	C:\Windows\System32\KERNELBASE.dll
0x00007fff42120000 - 0x00007fff42220000 	C:\Windows\System32\ucrtbase.dll
0x00007fff3c770000 - 0x00007fff3c787000 	C:\Users\Giang\.jdks\corretto-17.0.10\bin\jli.dll
0x00007fff3c790000 - 0x00007fff3c7ab000 	C:\Users\Giang\.jdks\corretto-17.0.10\bin\VCRUNTIME140.dll
0x00007fff44590000 - 0x00007fff4472f000 	C:\Windows\System32\USER32.dll
0x00007fff42770000 - 0x00007fff42792000 	C:\Windows\System32\win32u.dll
0x00007fff44430000 - 0x00007fff4445b000 	C:\Windows\System32\GDI32.dll
0x00007fff42650000 - 0x00007fff42767000 	C:\Windows\System32\gdi32full.dll
0x00007fff422c0000 - 0x00007fff4235d000 	C:\Windows\System32\msvcp_win.dll
0x00007fff32060000 - 0x00007fff322fa000 	C:\Windows\WinSxS\amd64_microsoft.windows.common-controls_6595b64144ccf1df_6.0.19041.4355_none_60b8b9eb71f62e16\COMCTL32.dll
0x00007fff433b0000 - 0x00007fff4344e000 	C:\Windows\System32\msvcrt.dll
0x00007fff427a0000 - 0x00007fff427cf000 	C:\Windows\System32\IMM32.DLL
0x00007fff3e360000 - 0x00007fff3e36c000 	C:\Users\Giang\.jdks\corretto-17.0.10\bin\vcruntime140_1.dll
0x00007fff3c6e0000 - 0x00007fff3c76d000 	C:\Users\Giang\.jdks\corretto-17.0.10\bin\msvcp140.dll
0x00007fff10dc0000 - 0x00007fff11a22000 	C:\Users\Giang\.jdks\corretto-17.0.10\bin\server\jvm.dll
0x00007fff43300000 - 0x00007fff433b0000 	C:\Windows\System32\ADVAPI32.dll
0x00007fff42900000 - 0x00007fff429a0000 	C:\Windows\System32\sechost.dll
0x00007fff427d0000 - 0x00007fff428f3000 	C:\Windows\System32\RPCRT4.dll
0x00007fff42220000 - 0x00007fff42247000 	C:\Windows\System32\bcrypt.dll
0x00007fff413a0000 - 0x00007fff413eb000 	C:\Windows\SYSTEM32\POWRPROF.dll
0x00007fff324b0000 - 0x00007fff324d7000 	C:\Windows\SYSTEM32\WINMM.dll
0x00007fff39580000 - 0x00007fff3958a000 	C:\Windows\SYSTEM32\VERSION.dll
0x00007fff3e2b0000 - 0x00007fff3e2b9000 	C:\Windows\SYSTEM32\WSOCK32.dll
0x00007fff43c00000 - 0x00007fff43c6b000 	C:\Windows\System32\ws2_32.DLL
0x00007fff41210000 - 0x00007fff41222000 	C:\Windows\SYSTEM32\UMPDC.dll
0x00007fff3fca0000 - 0x00007fff3fcb2000 	C:\Windows\SYSTEM32\kernel.appcore.dll
0x00007fff3e2c0000 - 0x00007fff3e2ca000 	C:\Users\Giang\.jdks\corretto-17.0.10\bin\jimage.dll
0x00007fff2d7d0000 - 0x00007fff2d9b4000 	C:\Windows\SYSTEM32\DBGHELP.DLL
0x00007fff2d1c0000 - 0x00007fff2d1f4000 	C:\Windows\SYSTEM32\dbgcore.DLL
0x00007fff42570000 - 0x00007fff425f2000 	C:\Windows\System32\bcryptPrimitives.dll
0x00007fff3c6d0000 - 0x00007fff3c6de000 	C:\Users\Giang\.jdks\corretto-17.0.10\bin\instrument.dll
0x00007fff3c6a0000 - 0x00007fff3c6c5000 	C:\Users\Giang\.jdks\corretto-17.0.10\bin\java.dll
0x00007fff25d10000 - 0x00007fff25de7000 	C:\Users\Giang\.jdks\corretto-17.0.10\bin\jsvml.dll
0x00007fff42b90000 - 0x00007fff432fc000 	C:\Windows\System32\SHELL32.dll
0x00007fff3fea0000 - 0x00007fff4063e000 	C:\Windows\SYSTEM32\windows.storage.dll
0x00007fff43500000 - 0x00007fff43853000 	C:\Windows\System32\combase.dll
0x00007fff41840000 - 0x00007fff4186e000 	C:\Windows\SYSTEM32\Wldp.dll
0x00007fff44140000 - 0x00007fff4420d000 	C:\Windows\System32\OLEAUT32.dll
0x00007fff429b0000 - 0x00007fff42a5d000 	C:\Windows\System32\SHCORE.dll
0x00007fff44460000 - 0x00007fff444b5000 	C:\Windows\System32\shlwapi.dll
0x00007fff41d50000 - 0x00007fff41d74000 	C:\Windows\SYSTEM32\profapi.dll
0x00007fff3c680000 - 0x00007fff3c698000 	C:\Users\Giang\.jdks\corretto-17.0.10\bin\zip.dll
0x00007fff3a440000 - 0x00007fff3a459000 	C:\Users\Giang\.jdks\corretto-17.0.10\bin\net.dll
0x00007fff38f20000 - 0x00007fff3902a000 	C:\Windows\SYSTEM32\WINHTTP.dll
0x00007fff415a0000 - 0x00007fff4160a000 	C:\Windows\system32\mswsock.dll
0x00007fff31900000 - 0x00007fff31916000 	C:\Users\Giang\.jdks\corretto-17.0.10\bin\nio.dll
0x00007fff3a8f0000 - 0x00007fff3a900000 	C:\Users\Giang\.jdks\corretto-17.0.10\bin\verify.dll
0x00007fff3e2d0000 - 0x00007fff3e2f7000 	C:\Users\Giang\.gradle\native\c067742578af261105cb4f569cf0c3c89f3d7b1fecec35dd04571415982c5e48\windows-amd64\native-platform.dll
0x00007fff14940000 - 0x00007fff14a84000 	C:\Users\Giang\.gradle\native\100fb08df4bc3b14c8652ba06237920a3bd2aa13389f12d3474272988ae205f9\windows-amd64\native-platform-file-events.dll
0x00007fff3a430000 - 0x00007fff3a439000 	C:\Users\Giang\.jdks\corretto-17.0.10\bin\management.dll
0x00007fff318f0000 - 0x00007fff318fb000 	C:\Users\Giang\.jdks\corretto-17.0.10\bin\management_ext.dll
0x00007fff438c0000 - 0x00007fff438c8000 	C:\Windows\System32\PSAPI.DLL
0x00007fff41790000 - 0x00007fff417a8000 	C:\Windows\SYSTEM32\CRYPTSP.dll
0x00007fff40e50000 - 0x00007fff40e84000 	C:\Windows\system32\rsaenh.dll
0x00007fff41d00000 - 0x00007fff41d2e000 	C:\Windows\SYSTEM32\USERENV.dll
0x00007fff417b0000 - 0x00007fff417bc000 	C:\Windows\SYSTEM32\CRYPTBASE.dll
0x00007fff41230000 - 0x00007fff4126b000 	C:\Windows\SYSTEM32\IPHLPAPI.DLL
0x00007fff429a0000 - 0x00007fff429a8000 	C:\Windows\System32\NSI.dll
0x00007fff39130000 - 0x00007fff39147000 	C:\Windows\SYSTEM32\dhcpcsvc6.DLL
0x00007fff39a60000 - 0x00007fff39a7d000 	C:\Windows\SYSTEM32\dhcpcsvc.DLL
0x00007fff41280000 - 0x00007fff4134a000 	C:\Windows\SYSTEM32\DNSAPI.dll
0x00007fff30910000 - 0x00007fff30919000 	C:\Users\Giang\.jdks\corretto-17.0.10\bin\extnet.dll
0x00007fff30520000 - 0x00007fff3052e000 	C:\Users\Giang\.jdks\corretto-17.0.10\bin\sunmscapi.dll
0x00007fff42410000 - 0x00007fff4256e000 	C:\Windows\System32\CRYPT32.dll
0x00007fff418b0000 - 0x00007fff418d9000 	C:\Windows\SYSTEM32\ncrypt.dll
0x00007fff41870000 - 0x00007fff418ab000 	C:\Windows\SYSTEM32\NTASN1.dll
0x00007fff3dc80000 - 0x00007fff3dc87000 	C:\Windows\system32\wshunix.dll

dbghelp: loaded successfully - version: 4.0.5 - missing functions: none
symbol engine: initialized successfully - sym options: 0x614 - pdb path: .;C:\Users\Giang\.jdks\corretto-17.0.10\bin;C:\Windows\SYSTEM32;C:\Windows\WinSxS\amd64_microsoft.windows.common-controls_6595b64144ccf1df_6.0.19041.4355_none_60b8b9eb71f62e16;C:\Users\Giang\.jdks\corretto-17.0.10\bin\server;C:\Users\Giang\.gradle\native\c067742578af261105cb4f569cf0c3c89f3d7b1fecec35dd04571415982c5e48\windows-amd64;C:\Users\Giang\.gradle\native\100fb08df4bc3b14c8652ba06237920a3bd2aa13389f12d3474272988ae205f9\windows-amd64

VM Arguments:
jvm_args: --add-opens=java.base/java.util=ALL-UNNAMED --add-opens=java.base/java.lang=ALL-UNNAMED --add-opens=java.base/java.lang.invoke=ALL-UNNAMED --add-opens=java.prefs/java.util.prefs=ALL-UNNAMED --add-opens=java.base/java.nio.charset=ALL-UNNAMED --add-opens=java.base/java.net=ALL-UNNAMED --add-opens=java.base/java.util.concurrent.atomic=ALL-UNNAMED -XX:MaxMetaspaceSize=384m -XX:+HeapDumpOnOutOfMemoryError -Xms256m -Xmx512m -Dfile.encoding=windows-1252 -Duser.country=US -Duser.language=en -Duser.variant -javaagent:C:\Users\Giang\.gradle\wrapper\dists\gradle-8.8-bin\dl7vupf4psengwqhwktix4v1\gradle-8.8\lib\agents\gradle-instrumentation-agent-8.8.jar 
java_command: org.gradle.launcher.daemon.bootstrap.GradleDaemon 8.8
java_class_path (initial): C:\Users\Giang\.gradle\wrapper\dists\gradle-8.8-bin\dl7vupf4psengwqhwktix4v1\gradle-8.8\lib\gradle-launcher-8.8.jar
Launcher Type: SUN_STANDARD

[Global flags]
     intx CICompilerCount                          = 3                                         {product} {ergonomic}
   size_t CompressedClassSpaceSize                 = 335544320                                 {product} {ergonomic}
     uint ConcGCThreads                            = 1                                         {product} {ergonomic}
     uint G1ConcRefinementThreads                  = 4                                         {product} {ergonomic}
   size_t G1HeapRegionSize                         = 1048576                                   {product} {ergonomic}
    uintx GCDrainStackTargetSize                   = 64                                        {product} {ergonomic}
     bool HeapDumpOnOutOfMemoryError               = true                                   {manageable} {command line}
   size_t InitialHeapSize                          = 268435456                                 {product} {command line}
   size_t MarkStackSize                            = 4194304                                   {product} {ergonomic}
   size_t MaxHeapSize                              = 536870912                                 {product} {command line}
   size_t MaxMetaspaceSize                         = 402653184                                 {product} {command line}
   size_t MaxNewSize                               = 321912832                                 {product} {ergonomic}
   size_t MinHeapDeltaBytes                        = 1048576                                   {product} {ergonomic}
   size_t MinHeapSize                              = 268435456                                 {product} {command line}
    uintx NonNMethodCodeHeapSize                   = 5832780                                {pd product} {ergonomic}
    uintx NonProfiledCodeHeapSize                  = 122912730                              {pd product} {ergonomic}
    uintx ProfiledCodeHeapSize                     = 122912730                              {pd product} {ergonomic}
    uintx ReservedCodeCacheSize                    = 251658240                              {pd product} {ergonomic}
     bool SegmentedCodeCache                       = true                                      {product} {ergonomic}
   size_t SoftMaxHeapSize                          = 536870912                              {manageable} {ergonomic}
     bool UseCompressedClassPointers               = true                           {product lp64_product} {ergonomic}
     bool UseCompressedOops                        = true                           {product lp64_product} {ergonomic}
     bool UseG1GC                                  = true                                      {product} {ergonomic}
     bool UseLargePagesIndividualAllocation        = false                                  {pd product} {ergonomic}

Logging:
Log output configuration:
 #0: stdout all=warning uptime,level,tags
 #1: stderr all=off uptime,level,tags

Environment Variables:
PATH=C:\Program Files\Common Files\Oracle\Java\javapath;C:\Windows\system32;C:\Windows;C:\Windows\System32\Wbem;C:\Windows\System32\WindowsPowerShell\v1.0\;C:\Windows\System32\OpenSSH\;C:\Program Files\MySQL\MySQL Server 8.0\bin;%JAVA_HOME%\bin;C:\Gradle\gradle-6.8\bin;C:\Program Files\Git\cmd;C:\Program Files\Java\jdk-17\bin;C:\Program Files\nodejs\;C:\Program Files\MySQL\MySQL Shell 8.0\bin\;C:\Users\Giang\AppData\Local\Microsoft\WindowsApps;C:\Users\Giang\AppData\Local\GitHubDesktop\bin;D:\Microsoft VS Code\bin;C:\Users\Giang\AppData\Roaming\npm
USERNAME=Giang
OS=Windows_NT
PROCESSOR_IDENTIFIER=Intel64 Family 6 Model 61 Stepping 4, GenuineIntel
TMP=C:\Users\Giang\AppData\Local\Temp
TEMP=C:\Users\Giang\AppData\Local\Temp



Periodic native trim disabled


---------------  S Y S T E M  ---------------

OS:
 Windows 10 , 64 bit Build 19041 (10.0.19041.4597)
OS uptime: 0 days 5:15 hours

CPU: total 4 (initial active 4) (2 cores per cpu, 2 threads per core) family 6 model 61 stepping 4 microcode 0x2d, cx8, cmov, fxsr, ht, mmx, 3dnowpref, sse, sse2, sse3, ssse3, sse4.1, sse4.2, popcnt, lzcnt, tsc, tscinvbit, avx, avx2, aes, erms, clmul, bmi1, bmi2, rtm, adx, fma, vzeroupper, clflush
Processor Information for all 4 processors :
  Max Mhz: 2594, Current Mhz: 2594, Mhz Limit: 2594

Memory: 4k page, system-wide physical 7887M (312M free)
TotalPageFile size 15055M (AvailPageFile size 4M)
current process WorkingSet (physical memory assigned to process): 394M, peak: 394M
current process commit charge ("private bytes"): 482M, peak: 485M

vm_info: OpenJDK 64-Bit Server VM (17.0.10+7-LTS) for windows-amd64 JRE (17.0.10+7-LTS), built on Jan 10 2024 22:11:07 by "Administrator" with MS VC++ 16.10 / 16.11 (VS2019)

END.
