#
# There is insufficient memory for the Java Runtime Environment to continue.
# Native memory allocation (mmap) failed to map 2031616 bytes for G1 virtual space
# Possible reasons:
#   The system is out of physical RAM or swap space
#   The process is running with CompressedOops enabled, and the Java Heap may be blocking the growth of the native heap
# Possible solutions:
#   Reduce memory load on the system
#   Increase physical memory or swap space
#   Check if swap backing store is full
#   Decrease Java heap size (-Xmx/-Xms)
#   Decrease number of Java threads
#   Decrease Java thread stack sizes (-Xss)
#   Set larger code cache with -XX:ReservedCodeCacheSize=
#   JVM is running with Unscaled Compressed Oops mode in which the Java heap is
#     placed in the first 4GB address space. The Java Heap base address is the
#     maximum limit for the native heap growth. Please use -XX:HeapBaseMinAddress
#     to set the Java Heap base and to place the Java Heap above 4GB virtual address.
# This output file may be truncated or incomplete.
#
#  Out of Memory Error (os_windows.cpp:3613), pid=9684, tid=12796
#
# JRE version:  (17.0.10+7) (build )
# Java VM: OpenJDK 64-Bit Server VM (17.0.10+7-LTS, mixed mode, emulated-client, sharing, tiered, compressed oops, compressed class ptrs, g1 gc, windows-amd64)
# No core dump will be written. Minidumps are not enabled by default on client versions of Windows
#

---------------  S U M M A R Y ------------

Command Line: -XX:TieredStopAtLevel=1 -Dspring.output.ansi.enabled=always -Dcom.sun.management.jmxremote -Dspring.jmx.enabled=true -Dspring.liveBeansView.mbeanDomain -Dspring.application.admin.enabled=true -Dmanagement.endpoints.jmx.exposure.include=* -javaagent:C:\Program Files\JetBrains\IntelliJ IDEA 2023.3.4\lib\idea_rt.jar=61097:C:\Program Files\JetBrains\IntelliJ IDEA 2023.3.4\bin -Dfile.encoding=UTF-8 com.example.ojt.OjtApplication

Host: Intel(R) Core(TM) i7-5600U CPU @ 2.60GHz, 4 cores, 7G,  Windows 10 , 64 bit Build 19041 (10.0.19041.4717)
Time: Sun Aug 18 01:33:50 2024 SE Asia Standard Time elapsed time: 0.059282 seconds (0d 0h 0m 0s)

---------------  T H R E A D  ---------------

Current thread (0x00000245adade880):  JavaThread "Unknown thread" [_thread_in_vm, id=12796, stack(0x000000e11f100000,0x000000e11f200000)]

Stack: [0x000000e11f100000,0x000000e11f200000]
Native frames: (J=compiled Java code, j=interpreted, Vv=VM code, C=native code)
V  [jvm.dll+0x67d2c9]
V  [jvm.dll+0x834b1a]
V  [jvm.dll+0x8365de]
V  [jvm.dll+0x836c43]
V  [jvm.dll+0x2477ff]
V  [jvm.dll+0x67a109]
V  [jvm.dll+0x66eb7a]
V  [jvm.dll+0x30764b]
V  [jvm.dll+0x30eaf6]
V  [jvm.dll+0x35e853]
V  [jvm.dll+0x35ea6f]
V  [jvm.dll+0x2de248]
V  [jvm.dll+0x2df1b4]
V  [jvm.dll+0x806381]
V  [jvm.dll+0x36c6f1]
V  [jvm.dll+0x7e4e26]
V  [jvm.dll+0x3eff3f]
V  [jvm.dll+0x3f1b71]
C  [jli.dll+0x528f]
C  [ucrtbase.dll+0x21bb2]
C  [KERNEL32.DLL+0x17374]
C  [ntdll.dll+0x4cc91]


---------------  P R O C E S S  ---------------

Threads class SMR info:
_java_thread_list=0x00007ffa93abee98, length=0, elements={
}

Java Threads: ( => current thread )

Other Threads:
  0x00000245adb38f10 GCTaskThread "GC Thread#0" [stack: 0x000000e11f200000,0x000000e11f300000] [id=6456]
  0x00000245ab9edd00 ConcurrentGCThread "G1 Main Marker" [stack: 0x000000e11f300000,0x000000e11f400000] [id=7704]
  0x00000245ab9ee720 ConcurrentGCThread "G1 Conc#0" [stack: 0x000000e11f400000,0x000000e11f500000] [id=4972]

[error occurred during error reporting (printing all threads), id 0xc0000005, EXCEPTION_ACCESS_VIOLATION (0xc0000005) at pc=0x00007ffa9327ec87]

VM state: not at safepoint (not fully initialized)

VM Mutex/Monitor currently owned by a thread:  ([mutex/lock_event])
[0x00000245adad93f0] Heap_lock - owner thread: 0x00000245adade880

Heap address: 0x0000000084c00000, size: 1972 MB, Compressed Oops mode: 32-bit

CDS archive(s) mapped at: [0x0000000000000000-0x0000000000000000-0x0000000000000000), size 0, SharedBaseAddress: 0x0000000800000000, ArchiveRelocationMode: 1.
Narrow klass base: 0x0000000000000000, Narrow klass shift: 0, Narrow klass range: 0x0

GC Precious Log:
<Empty>

Heap:
 garbage-first heap   total 0K, used 0K [0x0000000084c00000, 0x0000000100000000)
  region size 1024K, 0 young (0K), 0 survivors (0K)

[error occurred during error reporting (printing heap information), id 0xc0000005, EXCEPTION_ACCESS_VIOLATION (0xc0000005) at pc=0x00007ffa93666fb9]

GC Heap History (0 events):
No events

Dll operation events (1 events):
Event: 0.045 Loaded shared library C:\Users\Giang\.jdks\corretto-17.0.10\bin\java.dll

Deoptimization events (0 events):
No events

Classes unloaded (0 events):
No events

Classes redefined (0 events):
No events

Internal exceptions (0 events):
No events

VM Operations (0 events):
No events

Events (0 events):
No events


Dynamic libraries:
0x00007ff601760000 - 0x00007ff60176e000 	C:\Users\Giang\.jdks\corretto-17.0.10\bin\java.exe
0x00007ffb010f0000 - 0x00007ffb012e8000 	C:\Windows\SYSTEM32\ntdll.dll
0x00007ffb00940000 - 0x00007ffb00a01000 	C:\Windows\System32\KERNEL32.DLL
0x00007ffafe870000 - 0x00007ffafeb6d000 	C:\Windows\System32\KERNELBASE.dll
0x00007ffafeec0000 - 0x00007ffafefc0000 	C:\Windows\System32\ucrtbase.dll
0x00007ffaf82b0000 - 0x00007ffaf82c7000 	C:\Users\Giang\.jdks\corretto-17.0.10\bin\jli.dll
0x00007ffaef940000 - 0x00007ffaef95b000 	C:\Users\Giang\.jdks\corretto-17.0.10\bin\VCRUNTIME140.dll
0x00007ffaff5f0000 - 0x00007ffaff78d000 	C:\Windows\System32\USER32.dll
0x00007ffafe840000 - 0x00007ffafe862000 	C:\Windows\System32\win32u.dll
0x00007ffb00fb0000 - 0x00007ffb00fdb000 	C:\Windows\System32\GDI32.dll
0x00007ffafecc0000 - 0x00007ffafedd7000 	C:\Windows\System32\gdi32full.dll
0x00007ffafe7a0000 - 0x00007ffafe83d000 	C:\Windows\System32\msvcp_win.dll
0x00007ffaf07e0000 - 0x00007ffaf0a7a000 	C:\Windows\WinSxS\amd64_microsoft.windows.common-controls_6595b64144ccf1df_6.0.19041.4355_none_60b8b9eb71f62e16\COMCTL32.dll
0x00007ffb004c0000 - 0x00007ffb0055e000 	C:\Windows\System32\msvcrt.dll
0x00007ffb00a10000 - 0x00007ffb00a3f000 	C:\Windows\System32\IMM32.DLL
0x00007ffaf82a0000 - 0x00007ffaf82ac000 	C:\Users\Giang\.jdks\corretto-17.0.10\bin\vcruntime140_1.dll
0x00007ffad6050000 - 0x00007ffad60dd000 	C:\Users\Giang\.jdks\corretto-17.0.10\bin\msvcp140.dll
0x00007ffa92f90000 - 0x00007ffa93bf2000 	C:\Users\Giang\.jdks\corretto-17.0.10\bin\server\jvm.dll
0x00007ffb00d40000 - 0x00007ffb00df0000 	C:\Windows\System32\ADVAPI32.dll
0x00007ffb00750000 - 0x00007ffb007f0000 	C:\Windows\System32\sechost.dll
0x00007ffb007f0000 - 0x00007ffb00913000 	C:\Windows\System32\RPCRT4.dll
0x00007ffafeb70000 - 0x00007ffafeb97000 	C:\Windows\System32\bcrypt.dll
0x00007ffafdcd0000 - 0x00007ffafdd1b000 	C:\Windows\SYSTEM32\POWRPROF.dll
0x00007ffafade0000 - 0x00007ffafade9000 	C:\Windows\SYSTEM32\WSOCK32.dll
0x00007ffb00cd0000 - 0x00007ffb00d3b000 	C:\Windows\System32\WS2_32.dll
0x00007ffaf0c30000 - 0x00007ffaf0c57000 	C:\Windows\SYSTEM32\WINMM.dll
0x00007ffaf5930000 - 0x00007ffaf593a000 	C:\Windows\SYSTEM32\VERSION.dll
0x00007ffafdb90000 - 0x00007ffafdba2000 	C:\Windows\SYSTEM32\UMPDC.dll
0x00007ffafc540000 - 0x00007ffafc552000 	C:\Windows\SYSTEM32\kernel.appcore.dll
0x00007ffaf8260000 - 0x00007ffaf826a000 	C:\Users\Giang\.jdks\corretto-17.0.10\bin\jimage.dll
0x00007ffaec3e0000 - 0x00007ffaec5c4000 	C:\Windows\SYSTEM32\DBGHELP.DLL
0x00007ffaec2a0000 - 0x00007ffaec2d4000 	C:\Windows\SYSTEM32\dbgcore.DLL
0x00007ffafee30000 - 0x00007ffafeeb2000 	C:\Windows\System32\bcryptPrimitives.dll
0x00007ffaf81d0000 - 0x00007ffaf81de000 	C:\Users\Giang\.jdks\corretto-17.0.10\bin\instrument.dll
0x00007ffadd690000 - 0x00007ffadd6b5000 	C:\Users\Giang\.jdks\corretto-17.0.10\bin\java.dll

dbghelp: loaded successfully - version: 4.0.5 - missing functions: none
symbol engine: initialized successfully - sym options: 0x614 - pdb path: .;C:\Users\Giang\.jdks\corretto-17.0.10\bin;C:\Windows\SYSTEM32;C:\Windows\WinSxS\amd64_microsoft.windows.common-controls_6595b64144ccf1df_6.0.19041.4355_none_60b8b9eb71f62e16;C:\Users\Giang\.jdks\corretto-17.0.10\bin\server

VM Arguments:
jvm_args: -XX:TieredStopAtLevel=1 -Dspring.output.ansi.enabled=always -Dcom.sun.management.jmxremote -Dspring.jmx.enabled=true -Dspring.liveBeansView.mbeanDomain -Dspring.application.admin.enabled=true -Dmanagement.endpoints.jmx.exposure.include=* -javaagent:C:\Program Files\JetBrains\IntelliJ IDEA 2023.3.4\lib\idea_rt.jar=61097:C:\Program Files\JetBrains\IntelliJ IDEA 2023.3.4\bin -Dfile.encoding=UTF-8 
java_command: com.example.ojt.OjtApplication
java_class_path (initial): D:\OJT\day1\OJT_BE\build\classes\java\main;D:\OJT\day1\OJT_BE\build\resources\main;C:\Users\Giang\.gradle\caches\modules-2\files-2.1\org.projectlombok\lombok\1.18.32\17d46b3e205515e1e8efd3ee4d57ce8018914163\lombok-1.18.32.jar;C:\Users\Giang\.gradle\caches\modules-2\files-2.1\org.springframework.boot\spring-boot-starter-data-jpa\3.3.0\daa6f75f99e68f11f473a5681955764ff4d4b024\spring-boot-starter-data-jpa-3.3.0.jar;C:\Users\Giang\.gradle\caches\modules-2\files-2.1\org.springframework.boot\spring-boot-starter-mail\3.3.0\2e77c77004830b85b494957d9caff2fcd6631ddf\spring-boot-starter-mail-3.3.0.jar;C:\Users\Giang\.gradle\caches\modules-2\files-2.1\org.springframework.boot\spring-boot-starter-security\3.3.0\2d20fb8d3b186343c689a16bd26798cb32309c8\spring-boot-starter-security-3.3.0.jar;C:\Users\Giang\.gradle\caches\modules-2\files-2.1\org.springframework.boot\spring-boot-starter-hateoas\3.3.0\4ef192b6776dbf76ad4f428836abd0746695e8fc\spring-boot-starter-hateoas-3.3.0.jar;C:\Users\Giang\.gradle\caches\modules-2\files-2.1\org.springframework.boot\spring-boot-starter-web\3.3.0\d8f587bc52e6c31dc4f161a49ce8f5e19f8853a9\spring-boot-starter-web-3.3.0.jar;C:\Users\Giang\.gradle\caches\modules-2\files-2.1\org.springframework.boot\spring-boot-starter-validation\3.3.0\567b0ee4be72f0888addbbb52f66979d5e6ecf1\spring-boot-starter-validation-3.3.0.jar;C:\Users\Giang\.gradle\caches\modules-2\files-2.1\io.jsonwebtoken\jjwt\0.9.1\54d2abfc3e63a28824d35bf600d6a5d627da681a\jjwt-0.9.1.jar;C:\Users\Giang\.gradle\caches\modules-2\files-2.1\javax.xml.bind\jaxb-api\2.3.1\8531ad5ac454cc2deb9d4d32c40c4d7451939b5d\jaxb-api-2.3.1.jar;C:\Users\Giang\.gradle\caches\modules-2\files-2.1\org.apache.commons\commons-lang3\3.12.0\c6842c86792ff03b9f1d1fe2aab8dc23aa6c6f0e\commons-lang3-3.12.0.jar;C:\Users\Giang\.gradle\caches\modules-2\files-2.1\com.google.firebase\firebase-admin\8.1.0\59a89fa404b2575d8f85187e07c0675aa55ee7a1\firebase-admin-8.1.0.jar;C:\Users\Giang\.gradle\caches\modules
Launcher Type: SUN_STANDARD

[Global flags]
     intx CICompilerCount                          = 3                                         {product} {ergonomic}
     uint ConcGCThreads                            = 1                                         {product} {ergonomic}
     uint G1ConcRefinementThreads                  = 4                                         {product} {ergonomic}
   size_t G1HeapRegionSize                         = 1048576                                   {product} {ergonomic}
    uintx GCDrainStackTargetSize                   = 64                                        {product} {ergonomic}
   size_t InitialHeapSize                          = 130023424                                 {product} {ergonomic}
     bool ManagementServer                         = true                                      {product} {command line}
   size_t MarkStackSize                            = 4194304                                   {product} {ergonomic}
   size_t MaxHeapSize                              = 2067791872                                {product} {ergonomic}
   size_t MinHeapDeltaBytes                        = 1048576                                   {product} {ergonomic}
   size_t MinHeapSize                              = 8388608                                   {product} {ergonomic}
    uintx NonProfiledCodeHeapSize                  = 0                                      {pd product} {ergonomic}
     bool ProfileInterpreter                       = false                                  {pd product} {command line}
    uintx ProfiledCodeHeapSize                     = 0                                      {pd product} {ergonomic}
   size_t SoftMaxHeapSize                          = 2067791872                             {manageable} {ergonomic}
     intx TieredStopAtLevel                        = 1                                         {product} {command line}
     bool UseCompressedClassPointers               = true                           {product lp64_product} {ergonomic}
     bool UseCompressedOops                        = true                           {product lp64_product} {ergonomic}
     bool UseG1GC                                  = true                                      {product} {ergonomic}
     bool UseLargePagesIndividualAllocation        = false                                  {pd product} {ergonomic}

Logging:
Log output configuration:
 #0: stdout all=warning uptime,level,tags
 #1: stderr all=off uptime,level,tags

Environment Variables:
PATH=C:\Program Files\Common Files\Oracle\Java\javapath;C:\Windows\system32;C:\Windows;C:\Windows\System32\Wbem;C:\Windows\System32\WindowsPowerShell\v1.0\;C:\Windows\System32\OpenSSH\;C:\Program Files\MySQL\MySQL Server 8.0\bin;%JAVA_HOME%\bin;C:\Gradle\gradle-6.8\bin;C:\Program Files\Git\cmd;C:\Program Files\Java\jdk-17\bin;C:\Program Files\nodejs\;C:\Program Files\MySQL\MySQL Shell 8.0\bin\;C:\Users\Giang\AppData\Local\Microsoft\WindowsApps;C:\Users\Giang\AppData\Local\GitHubDesktop\bin;D:\Microsoft VS Code\bin;C:\Users\Giang\AppData\Roaming\npm
USERNAME=Giang
OS=Windows_NT
PROCESSOR_IDENTIFIER=Intel64 Family 6 Model 61 Stepping 4, GenuineIntel
TMP=C:\Users\Giang\AppData\Local\Temp
TEMP=C:\Users\Giang\AppData\Local\Temp



Periodic native trim disabled


---------------  S Y S T E M  ---------------

OS:
 Windows 10 , 64 bit Build 19041 (10.0.19041.4717)
OS uptime: 0 days 5:22 hours

CPU: total 4 (initial active 4) (2 cores per cpu, 2 threads per core) family 6 model 61 stepping 4 microcode 0x2d, cx8, cmov, fxsr, ht, mmx, 3dnowpref, sse, sse2, sse3, ssse3, sse4.1, sse4.2, popcnt, lzcnt, tsc, tscinvbit, avx, avx2, aes, erms, clmul, bmi1, bmi2, rtm, adx, fma, vzeroupper, clflush
Processor Information for all 4 processors :
  Max Mhz: 2594, Current Mhz: 2594, Mhz Limit: 492

Memory: 4k page, system-wide physical 7887M (311M free)
TotalPageFile size 15055M (AvailPageFile size 11M)
current process WorkingSet (physical memory assigned to process): 10M, peak: 10M
current process commit charge ("private bytes"): 171M, peak: 173M

vm_info: OpenJDK 64-Bit Server VM (17.0.10+7-LTS) for windows-amd64 JRE (17.0.10+7-LTS), built on Jan 10 2024 22:11:07 by "Administrator" with MS VC++ 16.10 / 16.11 (VS2019)

END.
