#
# There is insufficient memory for the Java Runtime Environment to continue.
# Native memory allocation (malloc) failed to allocate 1663536 bytes for Chunk::new
# Possible reasons:
#   The system is out of physical RAM or swap space
#   The process is running with CompressedOops enabled, and the Java Heap may be blocking the growth of the native heap
# Possible solutions:
#   Reduce memory load on the system
#   Increase physical memory or swap space
#   Check if swap backing store is full
#   Decrease Java heap size (-Xmx/-Xms)
#   Decrease number of Java threads
#   Decrease Java thread stack sizes (-Xss)
#   Set larger code cache with -XX:ReservedCodeCacheSize=
#   JVM is running with Unscaled Compressed Oops mode in which the Java heap is
#     placed in the first 4GB address space. The Java Heap base address is the
#     maximum limit for the native heap growth. Please use -XX:HeapBaseMinAddress
#     to set the Java Heap base and to place the Java Heap above 4GB virtual address.
# This output file may be truncated or incomplete.
#
#  Out of Memory Error (arena.cpp:191), pid=1740, tid=16416
#
# JRE version: OpenJDK Runtime Environment Corretto-17.0.10.7.1 (17.0.10+7) (build 17.0.10+7-LTS)
# Java VM: OpenJDK 64-Bit Server VM Corretto-17.0.10.7.1 (17.0.10+7-LTS, mixed mode, sharing, tiered, compressed oops, compressed class ptrs, g1 gc, windows-amd64)
# No core dump will be written. Minidumps are not enabled by default on client versions of Windows
#

---------------  S U M M A R Y ------------

Command Line: --add-opens=java.base/java.util=ALL-UNNAMED --add-opens=java.base/java.lang=ALL-UNNAMED --add-opens=java.base/java.lang.invoke=ALL-UNNAMED --add-opens=java.prefs/java.util.prefs=ALL-UNNAMED --add-opens=java.base/java.nio.charset=ALL-UNNAMED --add-opens=java.base/java.net=ALL-UNNAMED --add-opens=java.base/java.util.concurrent.atomic=ALL-UNNAMED -XX:MaxMetaspaceSize=384m -XX:+HeapDumpOnOutOfMemoryError -Xms256m -Xmx512m -Dfile.encoding=windows-1252 -Duser.country=US -Duser.language=en -Duser.variant -javaagent:C:\Users\Giang\.gradle\wrapper\dists\gradle-8.8-bin\dl7vupf4psengwqhwktix4v1\gradle-8.8\lib\agents\gradle-instrumentation-agent-8.8.jar org.gradle.launcher.daemon.bootstrap.GradleDaemon 8.8

Host: Intel(R) Core(TM) i7-5600U CPU @ 2.60GHz, 4 cores, 7G,  Windows 10 , 64 bit Build 19041 (10.0.19041.4597)
Time: Thu Aug  8 14:13:44 2024 SE Asia Standard Time elapsed time: 49.629317 seconds (0d 0h 0m 49s)

---------------  T H R E A D  ---------------

Current thread (0x000001b563bd0c00):  JavaThread "C2 CompilerThread0" daemon [_thread_in_native, id=16416, stack(0x0000008b54600000,0x0000008b54700000)]


Current CompileTask:
C2:  49629 6431       4       org.gradle.internal.reflect.ClassInspector::inspectClass (179 bytes)

Stack: [0x0000008b54600000,0x0000008b54700000]
Native frames: (J=compiled Java code, j=interpreted, Vv=VM code, C=native code)
V  [jvm.dll+0x67d2c9]
V  [jvm.dll+0x834b1a]
V  [jvm.dll+0x8365de]
V  [jvm.dll+0x836c43]
V  [jvm.dll+0x2477ff]
V  [jvm.dll+0xac514]
V  [jvm.dll+0xacb5c]
V  [jvm.dll+0x366782]
V  [jvm.dll+0x330bfa]
V  [jvm.dll+0x33009a]
V  [jvm.dll+0x219ef1]
V  [jvm.dll+0x219311]
V  [jvm.dll+0x1a502d]
V  [jvm.dll+0x2290de]
V  [jvm.dll+0x2272ac]
V  [jvm.dll+0x7e9bd7]
V  [jvm.dll+0x7e3fda]
V  [jvm.dll+0x67c1b5]
C  [ucrtbase.dll+0x21bb2]
C  [KERNEL32.DLL+0x17374]
C  [ntdll.dll+0x4cc91]


---------------  P R O C E S S  ---------------

Threads class SMR info:
_java_thread_list=0x000001b57f81ab70, length=51, elements={
0x000001b5479a04f0, 0x000001b563bb5510, 0x000001b563bb78c0, 0x000001b563bcc180,
0x000001b563bccc50, 0x000001b563bcd720, 0x000001b563bd0000, 0x000001b563bd0c00,
0x000001b563bd15c0, 0x000001b57d020060, 0x000001b57d0a8b00, 0x000001b57d1163c0,
0x000001b57dfde740, 0x000001b57e795fe0, 0x000001b57e052810, 0x000001b57dbd3020,
0x000001b57d739990, 0x000001b57d2ca890, 0x000001b57d2c8a30, 0x000001b57d2c8f40,
0x000001b57d2c9450, 0x000001b57d2c9960, 0x000001b57d2c9e70, 0x000001b57d2cb2b0,
0x000001b57d2ca380, 0x000001b57d2cbcd0, 0x000001b57d2cb7c0, 0x000001b57d2c8520,
0x000001b57f108ed0, 0x000001b57f109e00, 0x000001b57f10dac0, 0x000001b57f10bc60,
0x000001b57f10dfd0, 0x000001b57f10a310, 0x000001b57f107fa0, 0x000001b57f10c170,
0x000001b57f10ad30, 0x000001b57f1098f0, 0x000001b57f1093e0, 0x000001b57f1089c0,
0x000001b57f10d0a0, 0x000001b57f10d5b0, 0x000001b57f10e4e0, 0x000001b57f10e9f0,
0x000001b57f107580, 0x000001b57f107a90, 0x000001b57f1084b0, 0x000001b500762100,
0x000001b5007602a0, 0x000001b50075e440, 0x000001b500761bf0
}
_to_delete_list=0x000001b57f81a3f0, length=50, elements={
0x000001b5479a04f0, 0x000001b563bb5510, 0x000001b563bb78c0, 0x000001b563bcc180,
0x000001b563bccc50, 0x000001b563bcd720, 0x000001b563bd0000, 0x000001b563bd0c00,
0x000001b563bd15c0, 0x000001b57d020060, 0x000001b57d0a8b00, 0x000001b57d1163c0,
0x000001b57dfde740, 0x000001b57e795fe0, 0x000001b57e052810, 0x000001b57dbd3020,
0x000001b57d739990, 0x000001b57d2ca890, 0x000001b57d2c8a30, 0x000001b57d2c8f40,
0x000001b57d2c9450, 0x000001b57d2c9960, 0x000001b57d2c9e70, 0x000001b57d2cb2b0,
0x000001b57d2ca380, 0x000001b57d2cbcd0, 0x000001b57d2cb7c0, 0x000001b57d2c8520,
0x000001b57f108ed0, 0x000001b57f109e00, 0x000001b57f10dac0, 0x000001b57f10bc60,
0x000001b57f10dfd0, 0x000001b57f10a310, 0x000001b57f107fa0, 0x000001b57f10c170,
0x000001b57f10ad30, 0x000001b57f1098f0, 0x000001b57f1093e0, 0x000001b57f1089c0,
0x000001b57f10d0a0, 0x000001b57f10d5b0, 0x000001b57f10e4e0, 0x000001b57f10e9f0,
0x000001b57f107580, 0x000001b57f107a90, 0x000001b57f1084b0, 0x000001b500762100,
0x000001b5007602a0, 0x000001b50075e440
}

Java Threads: ( => current thread )
  0x000001b5479a04f0 JavaThread "main" [_thread_blocked, id=19488, stack(0x0000008b53900000,0x0000008b53a00000)]
  0x000001b563bb5510 JavaThread "Reference Handler" daemon [_thread_blocked, id=6140, stack(0x0000008b54000000,0x0000008b54100000)]
  0x000001b563bb78c0 JavaThread "Finalizer" daemon [_thread_blocked, id=19504, stack(0x0000008b54100000,0x0000008b54200000)]
  0x000001b563bcc180 JavaThread "Signal Dispatcher" daemon [_thread_blocked, id=3944, stack(0x0000008b54200000,0x0000008b54300000)]
  0x000001b563bccc50 JavaThread "Attach Listener" daemon [_thread_blocked, id=13172, stack(0x0000008b54300000,0x0000008b54400000)]
  0x000001b563bcd720 JavaThread "Service Thread" daemon [_thread_blocked, id=19044, stack(0x0000008b54400000,0x0000008b54500000)]
  0x000001b563bd0000 JavaThread "Monitor Deflation Thread" daemon [_thread_blocked, id=20512, stack(0x0000008b54500000,0x0000008b54600000)]
=>0x000001b563bd0c00 JavaThread "C2 CompilerThread0" daemon [_thread_in_native, id=16416, stack(0x0000008b54600000,0x0000008b54700000)]
  0x000001b563bd15c0 JavaThread "C1 CompilerThread0" daemon [_thread_blocked, id=16784, stack(0x0000008b54700000,0x0000008b54800000)]
  0x000001b57d020060 JavaThread "Sweeper thread" daemon [_thread_blocked, id=6908, stack(0x0000008b54800000,0x0000008b54900000)]
  0x000001b57d0a8b00 JavaThread "Common-Cleaner" daemon [_thread_blocked, id=17516, stack(0x0000008b54900000,0x0000008b54a00000)]
  0x000001b57d1163c0 JavaThread "Notification Thread" daemon [_thread_blocked, id=4228, stack(0x0000008b54a00000,0x0000008b54b00000)]
  0x000001b57dfde740 JavaThread "Daemon health stats" [_thread_blocked, id=8148, stack(0x0000008b54f00000,0x0000008b55000000)]
  0x000001b57e795fe0 JavaThread "Incoming local TCP Connector on port 50734" [_thread_in_native, id=8868, stack(0x0000008b55000000,0x0000008b55100000)]
  0x000001b57e052810 JavaThread "Daemon periodic checks" [_thread_blocked, id=13140, stack(0x0000008b55100000,0x0000008b55200000)]
  0x000001b57dbd3020 JavaThread "Daemon" [_thread_blocked, id=14812, stack(0x0000008b55200000,0x0000008b55300000)]
  0x000001b57d739990 JavaThread "Handler for socket connection from /127.0.0.1:50734 to /127.0.0.1:50735" [_thread_in_native, id=2896, stack(0x0000008b55300000,0x0000008b55400000)]
  0x000001b57d2ca890 JavaThread "Cancel handler" [_thread_blocked, id=13268, stack(0x0000008b55400000,0x0000008b55500000)]
  0x000001b57d2c8a30 JavaThread "Daemon worker" [_thread_in_native, id=17152, stack(0x0000008b55500000,0x0000008b55600000)]
  0x000001b57d2c8f40 JavaThread "Asynchronous log dispatcher for DefaultDaemonConnection: socket connection from /127.0.0.1:50734 to /127.0.0.1:50735" [_thread_blocked, id=12160, stack(0x0000008b55600000,0x0000008b55700000)]
  0x000001b57d2c9450 JavaThread "Stdin handler" [_thread_blocked, id=15808, stack(0x0000008b55700000,0x0000008b55800000)]
  0x000001b57d2c9960 JavaThread "Daemon client event forwarder" [_thread_blocked, id=15304, stack(0x0000008b55800000,0x0000008b55900000)]
  0x000001b57d2c9e70 JavaThread "Cache worker for journal cache (C:\Users\Giang\.gradle\caches\journal-1)" [_thread_blocked, id=7476, stack(0x0000008b55900000,0x0000008b55a00000)]
  0x000001b57d2cb2b0 JavaThread "File lock request listener" [_thread_in_native, id=17956, stack(0x0000008b55a00000,0x0000008b55b00000)]
  0x000001b57d2ca380 JavaThread "Cache worker for file hash cache (C:\Users\Giang\.gradle\caches\8.8\fileHashes)" [_thread_blocked, id=18796, stack(0x0000008b55b00000,0x0000008b55c00000)]
  0x000001b57d2cbcd0 JavaThread "File lock release action executor" [_thread_blocked, id=4284, stack(0x0000008b55c00000,0x0000008b55d00000)]
  0x000001b57d2cb7c0 JavaThread "Cache worker for file hash cache (D:\OJT\day1\OJT_BE\.gradle\8.8\fileHashes)" [_thread_blocked, id=18924, stack(0x0000008b55d00000,0x0000008b55e00000)]
  0x000001b57d2c8520 JavaThread "File watcher server" daemon [_thread_in_native, id=14532, stack(0x0000008b55e00000,0x0000008b55f00000)]
  0x000001b57f108ed0 JavaThread "File watcher consumer" daemon [_thread_blocked, id=468, stack(0x0000008b55f00000,0x0000008b56000000)]
  0x000001b57f109e00 JavaThread "Cache worker for checksums cache (D:\OJT\day1\OJT_BE\.gradle\8.8\checksums)" [_thread_blocked, id=14968, stack(0x0000008b56000000,0x0000008b56100000)]
  0x000001b57f10dac0 JavaThread "Cache worker for file content cache (C:\Users\Giang\.gradle\caches\8.8\fileContent)" [_thread_blocked, id=14940, stack(0x0000008b56100000,0x0000008b56200000)]
  0x000001b57f10bc60 JavaThread "Cache worker for cache directory md-rule (C:\Users\Giang\.gradle\caches\8.8\md-rule)" [_thread_blocked, id=20532, stack(0x0000008b56200000,0x0000008b56300000)]
  0x000001b57f10dfd0 JavaThread "Cache worker for cache directory md-supplier (C:\Users\Giang\.gradle\caches\8.8\md-supplier)" [_thread_blocked, id=18448, stack(0x0000008b56300000,0x0000008b56400000)]
  0x000001b57f10a310 JavaThread "jar transforms" [_thread_blocked, id=9556, stack(0x0000008b56400000,0x0000008b56500000)]
  0x000001b57f107fa0 JavaThread "jar transforms Thread 2" [_thread_blocked, id=12720, stack(0x0000008b56500000,0x0000008b56600000)]
  0x000001b57f10c170 JavaThread "jar transforms Thread 3" [_thread_blocked, id=5528, stack(0x0000008b56600000,0x0000008b56700000)]
  0x000001b57f10ad30 JavaThread "jar transforms Thread 4" [_thread_blocked, id=1100, stack(0x0000008b56700000,0x0000008b56800000)]
  0x000001b57f1098f0 JavaThread "Cache worker for Build Output Cleanup Cache (D:\OJT\day1\OJT_BE\.gradle\buildOutputCleanup)" [_thread_blocked, id=15216, stack(0x0000008b56900000,0x0000008b56a00000)]
  0x000001b57f1093e0 JavaThread "Unconstrained build operations" [_thread_blocked, id=11856, stack(0x0000008b56c00000,0x0000008b56d00000)]
  0x000001b57f1089c0 JavaThread "Unconstrained build operations Thread 2" [_thread_blocked, id=9536, stack(0x0000008b56d00000,0x0000008b56e00000)]
  0x000001b57f10d0a0 JavaThread "Unconstrained build operations Thread 3" [_thread_blocked, id=3664, stack(0x0000008b56e00000,0x0000008b56f00000)]
  0x000001b57f10d5b0 JavaThread "Unconstrained build operations Thread 4" [_thread_blocked, id=1680, stack(0x0000008b56f00000,0x0000008b57000000)]
  0x000001b57f10e4e0 JavaThread "Unconstrained build operations Thread 5" [_thread_blocked, id=8592, stack(0x0000008b57000000,0x0000008b57100000)]
  0x000001b57f10e9f0 JavaThread "Unconstrained build operations Thread 6" [_thread_blocked, id=14412, stack(0x0000008b57100000,0x0000008b57200000)]
  0x000001b57f107580 JavaThread "Unconstrained build operations Thread 7" [_thread_blocked, id=11532, stack(0x0000008b57200000,0x0000008b57300000)]
  0x000001b57f107a90 JavaThread "Unconstrained build operations Thread 8" [_thread_blocked, id=5280, stack(0x0000008b57300000,0x0000008b57400000)]
  0x000001b57f1084b0 JavaThread "Unconstrained build operations Thread 9" [_thread_blocked, id=20272, stack(0x0000008b57400000,0x0000008b57500000)]
  0x000001b500762100 JavaThread "Memory manager" [_thread_blocked, id=12356, stack(0x0000008b57500000,0x0000008b57600000)]
  0x000001b5007602a0 JavaThread "ForkJoinPool.commonPool-worker-1" daemon [_thread_blocked, id=19728, stack(0x0000008b57700000,0x0000008b57800000)]
  0x000001b50075e440 JavaThread "ForkJoinPool.commonPool-worker-2" daemon [_thread_blocked, id=4232, stack(0x0000008b57800000,0x0000008b57900000)]
  0x000001b500761bf0 JavaThread "ForkJoinPool.commonPool-worker-3" daemon [_thread_blocked, id=16744, stack(0x0000008b57900000,0x0000008b57a00000)]

Other Threads:
  0x000001b563bb1d40 VMThread "VM Thread" [stack: 0x0000008b53f00000,0x0000008b54000000] [id=14676]
  0x000001b5479a13c0 WatcherThread [stack: 0x0000008b54b00000,0x0000008b54c00000] [id=18708]
  0x000001b5479cc2c0 GCTaskThread "GC Thread#0" [stack: 0x0000008b53a00000,0x0000008b53b00000] [id=14804]
  0x000001b57d253440 GCTaskThread "GC Thread#1" [stack: 0x0000008b54c00000,0x0000008b54d00000] [id=21148]
  0x000001b57d3b95a0 GCTaskThread "GC Thread#2" [stack: 0x0000008b54d00000,0x0000008b54e00000] [id=18944]
  0x000001b57d271920 GCTaskThread "GC Thread#3" [stack: 0x0000008b54e00000,0x0000008b54f00000] [id=17360]
  0x000001b5479d5150 ConcurrentGCThread "G1 Main Marker" [stack: 0x0000008b53b00000,0x0000008b53c00000] [id=18600]
  0x000001b5479d5a80 ConcurrentGCThread "G1 Conc#0" [stack: 0x0000008b53c00000,0x0000008b53d00000] [id=2100]
  0x000001b563a784f0 ConcurrentGCThread "G1 Refine#0" [stack: 0x0000008b53d00000,0x0000008b53e00000] [id=4492]
  0x000001b500622ba0 ConcurrentGCThread "G1 Refine#1" [stack: 0x0000008b56800000,0x0000008b56900000] [id=14728]
  0x000001b500380070 ConcurrentGCThread "G1 Refine#2" [stack: 0x0000008b57600000,0x0000008b57700000] [id=3696]
  0x000001b563a78e30 ConcurrentGCThread "G1 Service" [stack: 0x0000008b53e00000,0x0000008b53f00000] [id=16968]

Threads with active compile tasks:
C2 CompilerThread0    49680 6431       4       org.gradle.internal.reflect.ClassInspector::inspectClass (179 bytes)

VM state: not at safepoint (normal execution)

VM Mutex/Monitor currently owned by a thread: None

Heap address: 0x00000000e0000000, size: 512 MB, Compressed Oops mode: 32-bit

CDS archive(s) mapped at: [0x000001b564000000-0x000001b564bb0000-0x000001b564bb0000), size 12255232, SharedBaseAddress: 0x000001b564000000, ArchiveRelocationMode: 1.
Compressed class space mapped at: 0x000001b565000000-0x000001b579000000, reserved size: 335544320
Narrow klass base: 0x000001b564000000, Narrow klass shift: 0, Narrow klass range: 0x100000000

GC Precious Log:
 CPUs: 4 total, 4 available
 Memory: 7887M
 Large Page Support: Disabled
 NUMA Support: Disabled
 Compressed Oops: Enabled (32-bit)
 Heap Region Size: 1M
 Heap Min Capacity: 256M
 Heap Initial Capacity: 256M
 Heap Max Capacity: 512M
 Pre-touch: Disabled
 Parallel Workers: 4
 Concurrent Workers: 1
 Concurrent Refinement Workers: 4
 Periodic GC: Disabled

Heap:
 garbage-first heap   total 262144K, used 56789K [0x00000000e0000000, 0x0000000100000000)
  region size 1024K, 16 young (16384K), 1 survivors (1024K)
 Metaspace       used 49910K, committed 50496K, reserved 393216K
  class space    used 7129K, committed 7360K, reserved 327680K

Heap Regions: E=young(eden), S=young(survivor), O=old, HS=humongous(starts), HC=humongous(continues), CS=collection set, F=free, OA=open archive, CA=closed archive, TAMS=top-at-mark-start (previous, next)
|   0|0x00000000e0000000, 0x00000000e0100000, 0x00000000e0100000|100%|HS|  |TAMS 0x00000000e0100000, 0x00000000e0000000| Complete 
|   1|0x00000000e0100000, 0x00000000e0200000, 0x00000000e0200000|100%|HC|  |TAMS 0x00000000e0200000, 0x00000000e0100000| Complete 
|   2|0x00000000e0200000, 0x00000000e0300000, 0x00000000e0300000|100%|HC|  |TAMS 0x00000000e0300000, 0x00000000e0200000| Complete 
|   3|0x00000000e0300000, 0x00000000e0400000, 0x00000000e0400000|100%|HC|  |TAMS 0x00000000e0400000, 0x00000000e0300000| Complete 
|   4|0x00000000e0400000, 0x00000000e0500000, 0x00000000e0500000|100%| O|  |TAMS 0x00000000e0500000, 0x00000000e0400000| Untracked 
|   5|0x00000000e0500000, 0x00000000e0600000, 0x00000000e0600000|100%| O|  |TAMS 0x00000000e0500000, 0x00000000e0500000| Untracked 
|   6|0x00000000e0600000, 0x00000000e0700000, 0x00000000e0700000|100%| O|  |TAMS 0x00000000e0700000, 0x00000000e0600000| Untracked 
|   7|0x00000000e0700000, 0x00000000e0800000, 0x00000000e0800000|100%| O|  |TAMS 0x00000000e0800000, 0x00000000e0700000| Untracked 
|   8|0x00000000e0800000, 0x00000000e0900000, 0x00000000e0900000|100%| O|  |TAMS 0x00000000e0900000, 0x00000000e0800000| Untracked 
|   9|0x00000000e0900000, 0x00000000e0a00000, 0x00000000e0a00000|100%| O|  |TAMS 0x00000000e0a00000, 0x00000000e0900000| Untracked 
|  10|0x00000000e0a00000, 0x00000000e0b00000, 0x00000000e0b00000|100%| O|  |TAMS 0x00000000e0b00000, 0x00000000e0a00000| Untracked 
|  11|0x00000000e0b00000, 0x00000000e0c00000, 0x00000000e0c00000|100%|HS|  |TAMS 0x00000000e0c00000, 0x00000000e0b00000| Complete 
|  12|0x00000000e0c00000, 0x00000000e0d00000, 0x00000000e0d00000|100%| O|  |TAMS 0x00000000e0d00000, 0x00000000e0c00000| Untracked 
|  13|0x00000000e0d00000, 0x00000000e0e00000, 0x00000000e0e00000|100%| O|  |TAMS 0x00000000e0e00000, 0x00000000e0d00000| Untracked 
|  14|0x00000000e0e00000, 0x00000000e0f00000, 0x00000000e0f00000|100%| O|  |TAMS 0x00000000e0f00000, 0x00000000e0e00000| Untracked 
|  15|0x00000000e0f00000, 0x00000000e1000000, 0x00000000e1000000|100%| O|  |TAMS 0x00000000e1000000, 0x00000000e0f00000| Untracked 
|  16|0x00000000e1000000, 0x00000000e1100000, 0x00000000e1100000|100%| O|  |TAMS 0x00000000e1100000, 0x00000000e1000000| Untracked 
|  17|0x00000000e1100000, 0x00000000e1200000, 0x00000000e1200000|100%| O|  |TAMS 0x00000000e1200000, 0x00000000e1100000| Untracked 
|  18|0x00000000e1200000, 0x00000000e1200000, 0x00000000e1300000|  0%| F|  |TAMS 0x00000000e1200000, 0x00000000e1200000| Untracked 
|  19|0x00000000e1300000, 0x00000000e1400000, 0x00000000e1400000|100%| O|  |TAMS 0x00000000e1400000, 0x00000000e1300000| Untracked 
|  20|0x00000000e1400000, 0x00000000e1500000, 0x00000000e1500000|100%| O|  |TAMS 0x00000000e1500000, 0x00000000e1400000| Untracked 
|  21|0x00000000e1500000, 0x00000000e1600000, 0x00000000e1600000|100%| O|  |TAMS 0x00000000e1600000, 0x00000000e1500000| Untracked 
|  22|0x00000000e1600000, 0x00000000e1700000, 0x00000000e1700000|100%| O|  |TAMS 0x00000000e1700000, 0x00000000e1600000| Untracked 
|  23|0x00000000e1700000, 0x00000000e1800000, 0x00000000e1800000|100%| O|  |TAMS 0x00000000e1800000, 0x00000000e1700000| Untracked 
|  24|0x00000000e1800000, 0x00000000e1900000, 0x00000000e1900000|100%| O|  |TAMS 0x00000000e1900000, 0x00000000e1800000| Untracked 
|  25|0x00000000e1900000, 0x00000000e1a00000, 0x00000000e1a00000|100%| O|  |TAMS 0x00000000e1a00000, 0x00000000e1900000| Untracked 
|  26|0x00000000e1a00000, 0x00000000e1b00000, 0x00000000e1b00000|100%| O|  |TAMS 0x00000000e1b00000, 0x00000000e1a00000| Untracked 
|  27|0x00000000e1b00000, 0x00000000e1c00000, 0x00000000e1c00000|100%| O|  |TAMS 0x00000000e1c00000, 0x00000000e1b00000| Untracked 
|  28|0x00000000e1c00000, 0x00000000e1d00000, 0x00000000e1d00000|100%| O|  |TAMS 0x00000000e1d00000, 0x00000000e1c00000| Untracked 
|  29|0x00000000e1d00000, 0x00000000e1e00000, 0x00000000e1e00000|100%| O|  |TAMS 0x00000000e1e00000, 0x00000000e1d00000| Untracked 
|  30|0x00000000e1e00000, 0x00000000e1f00000, 0x00000000e1f00000|100%| O|  |TAMS 0x00000000e1f00000, 0x00000000e1e00000| Untracked 
|  31|0x00000000e1f00000, 0x00000000e2000000, 0x00000000e2000000|100%| O|  |TAMS 0x00000000e2000000, 0x00000000e1f00000| Untracked 
|  32|0x00000000e2000000, 0x00000000e2100000, 0x00000000e2100000|100%| O|  |TAMS 0x00000000e2098e00, 0x00000000e2000000| Untracked 
|  33|0x00000000e2100000, 0x00000000e2200000, 0x00000000e2200000|100%| O|  |TAMS 0x00000000e2100000, 0x00000000e2100000| Untracked 
|  34|0x00000000e2200000, 0x00000000e2300000, 0x00000000e2300000|100%| O|  |TAMS 0x00000000e2200000, 0x00000000e2200000| Untracked 
|  35|0x00000000e2300000, 0x00000000e2400000, 0x00000000e2400000|100%| O|  |TAMS 0x00000000e2300000, 0x00000000e2300000| Untracked 
|  36|0x00000000e2400000, 0x00000000e2500000, 0x00000000e2500000|100%| O|  |TAMS 0x00000000e2400000, 0x00000000e2400000| Untracked 
|  37|0x00000000e2500000, 0x00000000e2600000, 0x00000000e2600000|100%| O|  |TAMS 0x00000000e2500000, 0x00000000e2500000| Untracked 
|  38|0x00000000e2600000, 0x00000000e2700000, 0x00000000e2700000|100%| O|  |TAMS 0x00000000e2600000, 0x00000000e2600000| Untracked 
|  39|0x00000000e2700000, 0x00000000e2800000, 0x00000000e2800000|100%| O|  |TAMS 0x00000000e2700000, 0x00000000e2700000| Untracked 
|  40|0x00000000e2800000, 0x00000000e2900000, 0x00000000e2900000|100%| O|  |TAMS 0x00000000e2800000, 0x00000000e2800000| Untracked 
|  41|0x00000000e2900000, 0x00000000e2975400, 0x00000000e2a00000| 45%| O|  |TAMS 0x00000000e2900000, 0x00000000e2900000| Untracked 
|  42|0x00000000e2a00000, 0x00000000e2a00000, 0x00000000e2b00000|  0%| F|  |TAMS 0x00000000e2a00000, 0x00000000e2a00000| Untracked 
|  43|0x00000000e2b00000, 0x00000000e2b00000, 0x00000000e2c00000|  0%| F|  |TAMS 0x00000000e2b00000, 0x00000000e2b00000| Untracked 
|  44|0x00000000e2c00000, 0x00000000e2c00000, 0x00000000e2d00000|  0%| F|  |TAMS 0x00000000e2c00000, 0x00000000e2c00000| Untracked 
|  45|0x00000000e2d00000, 0x00000000e2d00000, 0x00000000e2e00000|  0%| F|  |TAMS 0x00000000e2d00000, 0x00000000e2d00000| Untracked 
|  46|0x00000000e2e00000, 0x00000000e2e00000, 0x00000000e2f00000|  0%| F|  |TAMS 0x00000000e2e00000, 0x00000000e2e00000| Untracked 
|  47|0x00000000e2f00000, 0x00000000e2f00000, 0x00000000e3000000|  0%| F|  |TAMS 0x00000000e2f00000, 0x00000000e2f00000| Untracked 
|  48|0x00000000e3000000, 0x00000000e3000000, 0x00000000e3100000|  0%| F|  |TAMS 0x00000000e3000000, 0x00000000e3000000| Untracked 
|  49|0x00000000e3100000, 0x00000000e3100000, 0x00000000e3200000|  0%| F|  |TAMS 0x00000000e3100000, 0x00000000e3100000| Untracked 
|  50|0x00000000e3200000, 0x00000000e3200000, 0x00000000e3300000|  0%| F|  |TAMS 0x00000000e3200000, 0x00000000e3200000| Untracked 
|  51|0x00000000e3300000, 0x00000000e3300000, 0x00000000e3400000|  0%| F|  |TAMS 0x00000000e3300000, 0x00000000e3300000| Untracked 
|  52|0x00000000e3400000, 0x00000000e3400000, 0x00000000e3500000|  0%| F|  |TAMS 0x00000000e3400000, 0x00000000e3400000| Untracked 
|  53|0x00000000e3500000, 0x00000000e3500000, 0x00000000e3600000|  0%| F|  |TAMS 0x00000000e3500000, 0x00000000e3500000| Untracked 
|  54|0x00000000e3600000, 0x00000000e3600000, 0x00000000e3700000|  0%| F|  |TAMS 0x00000000e3600000, 0x00000000e3600000| Untracked 
|  55|0x00000000e3700000, 0x00000000e3700000, 0x00000000e3800000|  0%| F|  |TAMS 0x00000000e3700000, 0x00000000e3700000| Untracked 
|  56|0x00000000e3800000, 0x00000000e3800000, 0x00000000e3900000|  0%| F|  |TAMS 0x00000000e3800000, 0x00000000e3800000| Untracked 
|  57|0x00000000e3900000, 0x00000000e3900000, 0x00000000e3a00000|  0%| F|  |TAMS 0x00000000e3900000, 0x00000000e3900000| Untracked 
|  58|0x00000000e3a00000, 0x00000000e3a00000, 0x00000000e3b00000|  0%| F|  |TAMS 0x00000000e3a00000, 0x00000000e3a00000| Untracked 
|  59|0x00000000e3b00000, 0x00000000e3b00000, 0x00000000e3c00000|  0%| F|  |TAMS 0x00000000e3b00000, 0x00000000e3b00000| Untracked 
|  60|0x00000000e3c00000, 0x00000000e3c00000, 0x00000000e3d00000|  0%| F|  |TAMS 0x00000000e3c00000, 0x00000000e3c00000| Untracked 
|  61|0x00000000e3d00000, 0x00000000e3d00000, 0x00000000e3e00000|  0%| F|  |TAMS 0x00000000e3d00000, 0x00000000e3d00000| Untracked 
|  62|0x00000000e3e00000, 0x00000000e3e00000, 0x00000000e3f00000|  0%| F|  |TAMS 0x00000000e3e00000, 0x00000000e3e00000| Untracked 
|  63|0x00000000e3f00000, 0x00000000e3f00000, 0x00000000e4000000|  0%| F|  |TAMS 0x00000000e3f00000, 0x00000000e3f00000| Untracked 
|  64|0x00000000e4000000, 0x00000000e4000000, 0x00000000e4100000|  0%| F|  |TAMS 0x00000000e4000000, 0x00000000e4000000| Untracked 
|  65|0x00000000e4100000, 0x00000000e4100000, 0x00000000e4200000|  0%| F|  |TAMS 0x00000000e4100000, 0x00000000e4100000| Untracked 
|  66|0x00000000e4200000, 0x00000000e4200000, 0x00000000e4300000|  0%| F|  |TAMS 0x00000000e4200000, 0x00000000e4200000| Untracked 
|  67|0x00000000e4300000, 0x00000000e4300000, 0x00000000e4400000|  0%| F|  |TAMS 0x00000000e4300000, 0x00000000e4300000| Untracked 
|  68|0x00000000e4400000, 0x00000000e4400000, 0x00000000e4500000|  0%| F|  |TAMS 0x00000000e4400000, 0x00000000e4400000| Untracked 
|  69|0x00000000e4500000, 0x00000000e4500000, 0x00000000e4600000|  0%| F|  |TAMS 0x00000000e4500000, 0x00000000e4500000| Untracked 
|  70|0x00000000e4600000, 0x00000000e4600000, 0x00000000e4700000|  0%| F|  |TAMS 0x00000000e4600000, 0x00000000e4600000| Untracked 
|  71|0x00000000e4700000, 0x00000000e4700000, 0x00000000e4800000|  0%| F|  |TAMS 0x00000000e4700000, 0x00000000e4700000| Untracked 
|  72|0x00000000e4800000, 0x00000000e4800000, 0x00000000e4900000|  0%| F|  |TAMS 0x00000000e4800000, 0x00000000e4800000| Untracked 
|  73|0x00000000e4900000, 0x00000000e4900000, 0x00000000e4a00000|  0%| F|  |TAMS 0x00000000e4900000, 0x00000000e4900000| Untracked 
|  74|0x00000000e4a00000, 0x00000000e4a00000, 0x00000000e4b00000|  0%| F|  |TAMS 0x00000000e4a00000, 0x00000000e4a00000| Untracked 
|  75|0x00000000e4b00000, 0x00000000e4b00000, 0x00000000e4c00000|  0%| F|  |TAMS 0x00000000e4b00000, 0x00000000e4b00000| Untracked 
|  76|0x00000000e4c00000, 0x00000000e4c00000, 0x00000000e4d00000|  0%| F|  |TAMS 0x00000000e4c00000, 0x00000000e4c00000| Untracked 
|  77|0x00000000e4d00000, 0x00000000e4d00000, 0x00000000e4e00000|  0%| F|  |TAMS 0x00000000e4d00000, 0x00000000e4d00000| Untracked 
|  78|0x00000000e4e00000, 0x00000000e4e00000, 0x00000000e4f00000|  0%| F|  |TAMS 0x00000000e4e00000, 0x00000000e4e00000| Untracked 
|  79|0x00000000e4f00000, 0x00000000e4f00000, 0x00000000e5000000|  0%| F|  |TAMS 0x00000000e4f00000, 0x00000000e4f00000| Untracked 
|  80|0x00000000e5000000, 0x00000000e5000000, 0x00000000e5100000|  0%| F|  |TAMS 0x00000000e5000000, 0x00000000e5000000| Untracked 
|  81|0x00000000e5100000, 0x00000000e5100000, 0x00000000e5200000|  0%| F|  |TAMS 0x00000000e5100000, 0x00000000e5100000| Untracked 
|  82|0x00000000e5200000, 0x00000000e5200000, 0x00000000e5300000|  0%| F|  |TAMS 0x00000000e5200000, 0x00000000e5200000| Untracked 
|  83|0x00000000e5300000, 0x00000000e5300000, 0x00000000e5400000|  0%| F|  |TAMS 0x00000000e5300000, 0x00000000e5300000| Untracked 
|  84|0x00000000e5400000, 0x00000000e5400000, 0x00000000e5500000|  0%| F|  |TAMS 0x00000000e5400000, 0x00000000e5400000| Untracked 
|  85|0x00000000e5500000, 0x00000000e5500000, 0x00000000e5600000|  0%| F|  |TAMS 0x00000000e5500000, 0x00000000e5500000| Untracked 
|  86|0x00000000e5600000, 0x00000000e5600000, 0x00000000e5700000|  0%| F|  |TAMS 0x00000000e5600000, 0x00000000e5600000| Untracked 
|  87|0x00000000e5700000, 0x00000000e5700000, 0x00000000e5800000|  0%| F|  |TAMS 0x00000000e5700000, 0x00000000e5700000| Untracked 
|  88|0x00000000e5800000, 0x00000000e5800000, 0x00000000e5900000|  0%| F|  |TAMS 0x00000000e5800000, 0x00000000e5800000| Untracked 
|  89|0x00000000e5900000, 0x00000000e5900000, 0x00000000e5a00000|  0%| F|  |TAMS 0x00000000e5900000, 0x00000000e5900000| Untracked 
|  90|0x00000000e5a00000, 0x00000000e5a00000, 0x00000000e5b00000|  0%| F|  |TAMS 0x00000000e5a00000, 0x00000000e5a00000| Untracked 
|  91|0x00000000e5b00000, 0x00000000e5b00000, 0x00000000e5c00000|  0%| F|  |TAMS 0x00000000e5b00000, 0x00000000e5b00000| Untracked 
|  92|0x00000000e5c00000, 0x00000000e5c00000, 0x00000000e5d00000|  0%| F|  |TAMS 0x00000000e5c00000, 0x00000000e5c00000| Untracked 
|  93|0x00000000e5d00000, 0x00000000e5d00000, 0x00000000e5e00000|  0%| F|  |TAMS 0x00000000e5d00000, 0x00000000e5d00000| Untracked 
|  94|0x00000000e5e00000, 0x00000000e5e00000, 0x00000000e5f00000|  0%| F|  |TAMS 0x00000000e5e00000, 0x00000000e5e00000| Untracked 
|  95|0x00000000e5f00000, 0x00000000e5f00000, 0x00000000e6000000|  0%| F|  |TAMS 0x00000000e5f00000, 0x00000000e5f00000| Untracked 
|  96|0x00000000e6000000, 0x00000000e6000000, 0x00000000e6100000|  0%| F|  |TAMS 0x00000000e6000000, 0x00000000e6000000| Untracked 
|  97|0x00000000e6100000, 0x00000000e6100000, 0x00000000e6200000|  0%| F|  |TAMS 0x00000000e6100000, 0x00000000e6100000| Untracked 
|  98|0x00000000e6200000, 0x00000000e6200000, 0x00000000e6300000|  0%| F|  |TAMS 0x00000000e6200000, 0x00000000e6200000| Untracked 
|  99|0x00000000e6300000, 0x00000000e6300000, 0x00000000e6400000|  0%| F|  |TAMS 0x00000000e6300000, 0x00000000e6300000| Untracked 
| 100|0x00000000e6400000, 0x00000000e6400000, 0x00000000e6500000|  0%| F|  |TAMS 0x00000000e6400000, 0x00000000e6400000| Untracked 
| 101|0x00000000e6500000, 0x00000000e6500000, 0x00000000e6600000|  0%| F|  |TAMS 0x00000000e6500000, 0x00000000e6500000| Untracked 
| 102|0x00000000e6600000, 0x00000000e6600000, 0x00000000e6700000|  0%| F|  |TAMS 0x00000000e6600000, 0x00000000e6600000| Untracked 
| 103|0x00000000e6700000, 0x00000000e6700000, 0x00000000e6800000|  0%| F|  |TAMS 0x00000000e6700000, 0x00000000e6700000| Untracked 
| 104|0x00000000e6800000, 0x00000000e6800000, 0x00000000e6900000|  0%| F|  |TAMS 0x00000000e6800000, 0x00000000e6800000| Untracked 
| 105|0x00000000e6900000, 0x00000000e6900000, 0x00000000e6a00000|  0%| F|  |TAMS 0x00000000e6900000, 0x00000000e6900000| Untracked 
| 106|0x00000000e6a00000, 0x00000000e6a00000, 0x00000000e6b00000|  0%| F|  |TAMS 0x00000000e6a00000, 0x00000000e6a00000| Untracked 
| 107|0x00000000e6b00000, 0x00000000e6b00000, 0x00000000e6c00000|  0%| F|  |TAMS 0x00000000e6b00000, 0x00000000e6b00000| Untracked 
| 108|0x00000000e6c00000, 0x00000000e6c00000, 0x00000000e6d00000|  0%| F|  |TAMS 0x00000000e6c00000, 0x00000000e6c00000| Untracked 
| 109|0x00000000e6d00000, 0x00000000e6d00000, 0x00000000e6e00000|  0%| F|  |TAMS 0x00000000e6d00000, 0x00000000e6d00000| Untracked 
| 110|0x00000000e6e00000, 0x00000000e6e00000, 0x00000000e6f00000|  0%| F|  |TAMS 0x00000000e6e00000, 0x00000000e6e00000| Untracked 
| 111|0x00000000e6f00000, 0x00000000e6f00000, 0x00000000e7000000|  0%| F|  |TAMS 0x00000000e6f00000, 0x00000000e6f00000| Untracked 
| 112|0x00000000e7000000, 0x00000000e7000000, 0x00000000e7100000|  0%| F|  |TAMS 0x00000000e7000000, 0x00000000e7000000| Untracked 
| 113|0x00000000e7100000, 0x00000000e7100000, 0x00000000e7200000|  0%| F|  |TAMS 0x00000000e7100000, 0x00000000e7100000| Untracked 
| 114|0x00000000e7200000, 0x00000000e7200000, 0x00000000e7300000|  0%| F|  |TAMS 0x00000000e7200000, 0x00000000e7200000| Untracked 
| 115|0x00000000e7300000, 0x00000000e7300000, 0x00000000e7400000|  0%| F|  |TAMS 0x00000000e7300000, 0x00000000e7300000| Untracked 
| 116|0x00000000e7400000, 0x00000000e7400000, 0x00000000e7500000|  0%| F|  |TAMS 0x00000000e7400000, 0x00000000e7400000| Untracked 
| 117|0x00000000e7500000, 0x00000000e7500000, 0x00000000e7600000|  0%| F|  |TAMS 0x00000000e7500000, 0x00000000e7500000| Untracked 
| 118|0x00000000e7600000, 0x00000000e7600000, 0x00000000e7700000|  0%| F|  |TAMS 0x00000000e7600000, 0x00000000e7600000| Untracked 
| 119|0x00000000e7700000, 0x00000000e7700000, 0x00000000e7800000|  0%| F|  |TAMS 0x00000000e7700000, 0x00000000e7700000| Untracked 
| 120|0x00000000e7800000, 0x00000000e7800000, 0x00000000e7900000|  0%| F|  |TAMS 0x00000000e7800000, 0x00000000e7800000| Untracked 
| 121|0x00000000e7900000, 0x00000000e7900000, 0x00000000e7a00000|  0%| F|  |TAMS 0x00000000e7900000, 0x00000000e7900000| Untracked 
| 122|0x00000000e7a00000, 0x00000000e7a00000, 0x00000000e7b00000|  0%| F|  |TAMS 0x00000000e7a00000, 0x00000000e7a00000| Untracked 
| 123|0x00000000e7b00000, 0x00000000e7b00000, 0x00000000e7c00000|  0%| F|  |TAMS 0x00000000e7b00000, 0x00000000e7b00000| Untracked 
| 124|0x00000000e7c00000, 0x00000000e7c00000, 0x00000000e7d00000|  0%| F|  |TAMS 0x00000000e7c00000, 0x00000000e7c00000| Untracked 
| 125|0x00000000e7d00000, 0x00000000e7d00000, 0x00000000e7e00000|  0%| F|  |TAMS 0x00000000e7d00000, 0x00000000e7d00000| Untracked 
| 126|0x00000000e7e00000, 0x00000000e7e00000, 0x00000000e7f00000|  0%| F|  |TAMS 0x00000000e7e00000, 0x00000000e7e00000| Untracked 
| 127|0x00000000e7f00000, 0x00000000e7f00000, 0x00000000e8000000|  0%| F|  |TAMS 0x00000000e7f00000, 0x00000000e7f00000| Untracked 
| 128|0x00000000e8000000, 0x00000000e8000000, 0x00000000e8100000|  0%| F|  |TAMS 0x00000000e8000000, 0x00000000e8000000| Untracked 
| 129|0x00000000e8100000, 0x00000000e8100000, 0x00000000e8200000|  0%| F|  |TAMS 0x00000000e8100000, 0x00000000e8100000| Untracked 
| 130|0x00000000e8200000, 0x00000000e8200000, 0x00000000e8300000|  0%| F|  |TAMS 0x00000000e8200000, 0x00000000e8200000| Untracked 
| 131|0x00000000e8300000, 0x00000000e8300000, 0x00000000e8400000|  0%| F|  |TAMS 0x00000000e8300000, 0x00000000e8300000| Untracked 
| 132|0x00000000e8400000, 0x00000000e8400000, 0x00000000e8500000|  0%| F|  |TAMS 0x00000000e8400000, 0x00000000e8400000| Untracked 
| 133|0x00000000e8500000, 0x00000000e8500000, 0x00000000e8600000|  0%| F|  |TAMS 0x00000000e8500000, 0x00000000e8500000| Untracked 
| 134|0x00000000e8600000, 0x00000000e8600000, 0x00000000e8700000|  0%| F|  |TAMS 0x00000000e8600000, 0x00000000e8600000| Untracked 
| 135|0x00000000e8700000, 0x00000000e8700000, 0x00000000e8800000|  0%| F|  |TAMS 0x00000000e8700000, 0x00000000e8700000| Untracked 
| 136|0x00000000e8800000, 0x00000000e8800000, 0x00000000e8900000|  0%| F|  |TAMS 0x00000000e8800000, 0x00000000e8800000| Untracked 
| 137|0x00000000e8900000, 0x00000000e8900000, 0x00000000e8a00000|  0%| F|  |TAMS 0x00000000e8900000, 0x00000000e8900000| Untracked 
| 138|0x00000000e8a00000, 0x00000000e8a00000, 0x00000000e8b00000|  0%| F|  |TAMS 0x00000000e8a00000, 0x00000000e8a00000| Untracked 
| 139|0x00000000e8b00000, 0x00000000e8b00000, 0x00000000e8c00000|  0%| F|  |TAMS 0x00000000e8b00000, 0x00000000e8b00000| Untracked 
| 140|0x00000000e8c00000, 0x00000000e8c00000, 0x00000000e8d00000|  0%| F|  |TAMS 0x00000000e8c00000, 0x00000000e8c00000| Untracked 
| 141|0x00000000e8d00000, 0x00000000e8d00000, 0x00000000e8e00000|  0%| F|  |TAMS 0x00000000e8d00000, 0x00000000e8d00000| Untracked 
| 142|0x00000000e8e00000, 0x00000000e8e00000, 0x00000000e8f00000|  0%| F|  |TAMS 0x00000000e8e00000, 0x00000000e8e00000| Untracked 
| 143|0x00000000e8f00000, 0x00000000e8f00000, 0x00000000e9000000|  0%| F|  |TAMS 0x00000000e8f00000, 0x00000000e8f00000| Untracked 
| 144|0x00000000e9000000, 0x00000000e9000000, 0x00000000e9100000|  0%| F|  |TAMS 0x00000000e9000000, 0x00000000e9000000| Untracked 
| 145|0x00000000e9100000, 0x00000000e9100000, 0x00000000e9200000|  0%| F|  |TAMS 0x00000000e9100000, 0x00000000e9100000| Untracked 
| 146|0x00000000e9200000, 0x00000000e9200000, 0x00000000e9300000|  0%| F|  |TAMS 0x00000000e9200000, 0x00000000e9200000| Untracked 
| 147|0x00000000e9300000, 0x00000000e9300000, 0x00000000e9400000|  0%| F|  |TAMS 0x00000000e9300000, 0x00000000e9300000| Untracked 
| 148|0x00000000e9400000, 0x00000000e9400000, 0x00000000e9500000|  0%| F|  |TAMS 0x00000000e9400000, 0x00000000e9400000| Untracked 
| 149|0x00000000e9500000, 0x00000000e9500000, 0x00000000e9600000|  0%| F|  |TAMS 0x00000000e9500000, 0x00000000e9500000| Untracked 
| 150|0x00000000e9600000, 0x00000000e9600000, 0x00000000e9700000|  0%| F|  |TAMS 0x00000000e9600000, 0x00000000e9600000| Untracked 
| 151|0x00000000e9700000, 0x00000000e9700000, 0x00000000e9800000|  0%| F|  |TAMS 0x00000000e9700000, 0x00000000e9700000| Untracked 
| 152|0x00000000e9800000, 0x00000000e9800000, 0x00000000e9900000|  0%| F|  |TAMS 0x00000000e9800000, 0x00000000e9800000| Untracked 
| 153|0x00000000e9900000, 0x00000000e9900000, 0x00000000e9a00000|  0%| F|  |TAMS 0x00000000e9900000, 0x00000000e9900000| Untracked 
| 154|0x00000000e9a00000, 0x00000000e9a00000, 0x00000000e9b00000|  0%| F|  |TAMS 0x00000000e9a00000, 0x00000000e9a00000| Untracked 
| 155|0x00000000e9b00000, 0x00000000e9b00000, 0x00000000e9c00000|  0%| F|  |TAMS 0x00000000e9b00000, 0x00000000e9b00000| Untracked 
| 156|0x00000000e9c00000, 0x00000000e9c00000, 0x00000000e9d00000|  0%| F|  |TAMS 0x00000000e9c00000, 0x00000000e9c00000| Untracked 
| 157|0x00000000e9d00000, 0x00000000e9d00000, 0x00000000e9e00000|  0%| F|  |TAMS 0x00000000e9d00000, 0x00000000e9d00000| Untracked 
| 158|0x00000000e9e00000, 0x00000000e9e00000, 0x00000000e9f00000|  0%| F|  |TAMS 0x00000000e9e00000, 0x00000000e9e00000| Untracked 
| 159|0x00000000e9f00000, 0x00000000e9f00000, 0x00000000ea000000|  0%| F|  |TAMS 0x00000000e9f00000, 0x00000000e9f00000| Untracked 
| 160|0x00000000ea000000, 0x00000000ea000000, 0x00000000ea100000|  0%| F|  |TAMS 0x00000000ea000000, 0x00000000ea000000| Untracked 
| 161|0x00000000ea100000, 0x00000000ea100000, 0x00000000ea200000|  0%| F|  |TAMS 0x00000000ea100000, 0x00000000ea100000| Untracked 
| 162|0x00000000ea200000, 0x00000000ea200000, 0x00000000ea300000|  0%| F|  |TAMS 0x00000000ea200000, 0x00000000ea200000| Untracked 
| 163|0x00000000ea300000, 0x00000000ea300000, 0x00000000ea400000|  0%| F|  |TAMS 0x00000000ea300000, 0x00000000ea300000| Untracked 
| 164|0x00000000ea400000, 0x00000000ea400000, 0x00000000ea500000|  0%| F|  |TAMS 0x00000000ea400000, 0x00000000ea400000| Untracked 
| 165|0x00000000ea500000, 0x00000000ea500000, 0x00000000ea600000|  0%| F|  |TAMS 0x00000000ea500000, 0x00000000ea500000| Untracked 
| 166|0x00000000ea600000, 0x00000000ea600000, 0x00000000ea700000|  0%| F|  |TAMS 0x00000000ea600000, 0x00000000ea600000| Untracked 
| 167|0x00000000ea700000, 0x00000000ea700000, 0x00000000ea800000|  0%| F|  |TAMS 0x00000000ea700000, 0x00000000ea700000| Untracked 
| 168|0x00000000ea800000, 0x00000000ea800000, 0x00000000ea900000|  0%| F|  |TAMS 0x00000000ea800000, 0x00000000ea800000| Untracked 
| 169|0x00000000ea900000, 0x00000000ea900000, 0x00000000eaa00000|  0%| F|  |TAMS 0x00000000ea900000, 0x00000000ea900000| Untracked 
| 170|0x00000000eaa00000, 0x00000000eaa00000, 0x00000000eab00000|  0%| F|  |TAMS 0x00000000eaa00000, 0x00000000eaa00000| Untracked 
| 171|0x00000000eab00000, 0x00000000eab00000, 0x00000000eac00000|  0%| F|  |TAMS 0x00000000eab00000, 0x00000000eab00000| Untracked 
| 172|0x00000000eac00000, 0x00000000eac00000, 0x00000000ead00000|  0%| F|  |TAMS 0x00000000eac00000, 0x00000000eac00000| Untracked 
| 173|0x00000000ead00000, 0x00000000ead00000, 0x00000000eae00000|  0%| F|  |TAMS 0x00000000ead00000, 0x00000000ead00000| Untracked 
| 174|0x00000000eae00000, 0x00000000eae00000, 0x00000000eaf00000|  0%| F|  |TAMS 0x00000000eae00000, 0x00000000eae00000| Untracked 
| 175|0x00000000eaf00000, 0x00000000eaf00000, 0x00000000eb000000|  0%| F|  |TAMS 0x00000000eaf00000, 0x00000000eaf00000| Untracked 
| 176|0x00000000eb000000, 0x00000000eb000000, 0x00000000eb100000|  0%| F|  |TAMS 0x00000000eb000000, 0x00000000eb000000| Untracked 
| 177|0x00000000eb100000, 0x00000000eb100000, 0x00000000eb200000|  0%| F|  |TAMS 0x00000000eb100000, 0x00000000eb100000| Untracked 
| 178|0x00000000eb200000, 0x00000000eb200000, 0x00000000eb300000|  0%| F|  |TAMS 0x00000000eb200000, 0x00000000eb200000| Untracked 
| 179|0x00000000eb300000, 0x00000000eb300000, 0x00000000eb400000|  0%| F|  |TAMS 0x00000000eb300000, 0x00000000eb300000| Untracked 
| 180|0x00000000eb400000, 0x00000000eb400000, 0x00000000eb500000|  0%| F|  |TAMS 0x00000000eb400000, 0x00000000eb400000| Untracked 
| 181|0x00000000eb500000, 0x00000000eb500000, 0x00000000eb600000|  0%| F|  |TAMS 0x00000000eb500000, 0x00000000eb500000| Untracked 
| 182|0x00000000eb600000, 0x00000000eb600000, 0x00000000eb700000|  0%| F|  |TAMS 0x00000000eb600000, 0x00000000eb600000| Untracked 
| 183|0x00000000eb700000, 0x00000000eb700000, 0x00000000eb800000|  0%| F|  |TAMS 0x00000000eb700000, 0x00000000eb700000| Untracked 
| 184|0x00000000eb800000, 0x00000000eb800000, 0x00000000eb900000|  0%| F|  |TAMS 0x00000000eb800000, 0x00000000eb800000| Untracked 
| 185|0x00000000eb900000, 0x00000000eb900000, 0x00000000eba00000|  0%| F|  |TAMS 0x00000000eb900000, 0x00000000eb900000| Untracked 
| 186|0x00000000eba00000, 0x00000000eba00000, 0x00000000ebb00000|  0%| F|  |TAMS 0x00000000eba00000, 0x00000000eba00000| Untracked 
| 187|0x00000000ebb00000, 0x00000000ebb00000, 0x00000000ebc00000|  0%| F|  |TAMS 0x00000000ebb00000, 0x00000000ebb00000| Untracked 
| 188|0x00000000ebc00000, 0x00000000ebc00000, 0x00000000ebd00000|  0%| F|  |TAMS 0x00000000ebc00000, 0x00000000ebc00000| Untracked 
| 189|0x00000000ebd00000, 0x00000000ebd00000, 0x00000000ebe00000|  0%| F|  |TAMS 0x00000000ebd00000, 0x00000000ebd00000| Untracked 
| 190|0x00000000ebe00000, 0x00000000ebe00000, 0x00000000ebf00000|  0%| F|  |TAMS 0x00000000ebe00000, 0x00000000ebe00000| Untracked 
| 191|0x00000000ebf00000, 0x00000000ebf00000, 0x00000000ec000000|  0%| F|  |TAMS 0x00000000ebf00000, 0x00000000ebf00000| Untracked 
| 192|0x00000000ec000000, 0x00000000ec000000, 0x00000000ec100000|  0%| F|  |TAMS 0x00000000ec000000, 0x00000000ec000000| Untracked 
| 193|0x00000000ec100000, 0x00000000ec100000, 0x00000000ec200000|  0%| F|  |TAMS 0x00000000ec100000, 0x00000000ec100000| Untracked 
| 194|0x00000000ec200000, 0x00000000ec200000, 0x00000000ec300000|  0%| F|  |TAMS 0x00000000ec200000, 0x00000000ec200000| Untracked 
| 195|0x00000000ec300000, 0x00000000ec300000, 0x00000000ec400000|  0%| F|  |TAMS 0x00000000ec300000, 0x00000000ec300000| Untracked 
| 196|0x00000000ec400000, 0x00000000ec400000, 0x00000000ec500000|  0%| F|  |TAMS 0x00000000ec400000, 0x00000000ec400000| Untracked 
| 197|0x00000000ec500000, 0x00000000ec500000, 0x00000000ec600000|  0%| F|  |TAMS 0x00000000ec500000, 0x00000000ec500000| Untracked 
| 198|0x00000000ec600000, 0x00000000ec600000, 0x00000000ec700000|  0%| F|  |TAMS 0x00000000ec600000, 0x00000000ec600000| Untracked 
| 199|0x00000000ec700000, 0x00000000ec700000, 0x00000000ec800000|  0%| F|  |TAMS 0x00000000ec700000, 0x00000000ec700000| Untracked 
| 200|0x00000000ec800000, 0x00000000ec800000, 0x00000000ec900000|  0%| F|  |TAMS 0x00000000ec800000, 0x00000000ec800000| Untracked 
| 201|0x00000000ec900000, 0x00000000ec900000, 0x00000000eca00000|  0%| F|  |TAMS 0x00000000ec900000, 0x00000000ec900000| Untracked 
| 202|0x00000000eca00000, 0x00000000eca00000, 0x00000000ecb00000|  0%| F|  |TAMS 0x00000000eca00000, 0x00000000eca00000| Untracked 
| 203|0x00000000ecb00000, 0x00000000ecb00000, 0x00000000ecc00000|  0%| F|  |TAMS 0x00000000ecb00000, 0x00000000ecb00000| Untracked 
| 204|0x00000000ecc00000, 0x00000000ecc00000, 0x00000000ecd00000|  0%| F|  |TAMS 0x00000000ecc00000, 0x00000000ecc00000| Untracked 
| 205|0x00000000ecd00000, 0x00000000ecd00000, 0x00000000ece00000|  0%| F|  |TAMS 0x00000000ecd00000, 0x00000000ecd00000| Untracked 
| 206|0x00000000ece00000, 0x00000000ece00000, 0x00000000ecf00000|  0%| F|  |TAMS 0x00000000ece00000, 0x00000000ece00000| Untracked 
| 207|0x00000000ecf00000, 0x00000000ecf00000, 0x00000000ed000000|  0%| F|  |TAMS 0x00000000ecf00000, 0x00000000ecf00000| Untracked 
| 208|0x00000000ed000000, 0x00000000ed000000, 0x00000000ed100000|  0%| F|  |TAMS 0x00000000ed000000, 0x00000000ed000000| Untracked 
| 209|0x00000000ed100000, 0x00000000ed100000, 0x00000000ed200000|  0%| F|  |TAMS 0x00000000ed100000, 0x00000000ed100000| Untracked 
| 210|0x00000000ed200000, 0x00000000ed200000, 0x00000000ed300000|  0%| F|  |TAMS 0x00000000ed200000, 0x00000000ed200000| Untracked 
| 211|0x00000000ed300000, 0x00000000ed300000, 0x00000000ed400000|  0%| F|  |TAMS 0x00000000ed300000, 0x00000000ed300000| Untracked 
| 212|0x00000000ed400000, 0x00000000ed400000, 0x00000000ed500000|  0%| F|  |TAMS 0x00000000ed400000, 0x00000000ed400000| Untracked 
| 213|0x00000000ed500000, 0x00000000ed500000, 0x00000000ed600000|  0%| F|  |TAMS 0x00000000ed500000, 0x00000000ed500000| Untracked 
| 214|0x00000000ed600000, 0x00000000ed600000, 0x00000000ed700000|  0%| F|  |TAMS 0x00000000ed600000, 0x00000000ed600000| Untracked 
| 215|0x00000000ed700000, 0x00000000ed700000, 0x00000000ed800000|  0%| F|  |TAMS 0x00000000ed700000, 0x00000000ed700000| Untracked 
| 216|0x00000000ed800000, 0x00000000ed800000, 0x00000000ed900000|  0%| F|  |TAMS 0x00000000ed800000, 0x00000000ed800000| Untracked 
| 217|0x00000000ed900000, 0x00000000ed900000, 0x00000000eda00000|  0%| F|  |TAMS 0x00000000ed900000, 0x00000000ed900000| Untracked 
| 218|0x00000000eda00000, 0x00000000eda00000, 0x00000000edb00000|  0%| F|  |TAMS 0x00000000eda00000, 0x00000000eda00000| Untracked 
| 219|0x00000000edb00000, 0x00000000edb00000, 0x00000000edc00000|  0%| F|  |TAMS 0x00000000edb00000, 0x00000000edb00000| Untracked 
| 220|0x00000000edc00000, 0x00000000edc00000, 0x00000000edd00000|  0%| F|  |TAMS 0x00000000edc00000, 0x00000000edc00000| Untracked 
| 221|0x00000000edd00000, 0x00000000edd00000, 0x00000000ede00000|  0%| F|  |TAMS 0x00000000edd00000, 0x00000000edd00000| Untracked 
| 222|0x00000000ede00000, 0x00000000ede00000, 0x00000000edf00000|  0%| F|  |TAMS 0x00000000ede00000, 0x00000000ede00000| Untracked 
| 223|0x00000000edf00000, 0x00000000edf00000, 0x00000000ee000000|  0%| F|  |TAMS 0x00000000edf00000, 0x00000000edf00000| Untracked 
| 224|0x00000000ee000000, 0x00000000ee000000, 0x00000000ee100000|  0%| F|  |TAMS 0x00000000ee000000, 0x00000000ee000000| Untracked 
| 225|0x00000000ee100000, 0x00000000ee100000, 0x00000000ee200000|  0%| F|  |TAMS 0x00000000ee100000, 0x00000000ee100000| Untracked 
| 226|0x00000000ee200000, 0x00000000ee200000, 0x00000000ee300000|  0%| F|  |TAMS 0x00000000ee200000, 0x00000000ee200000| Untracked 
| 227|0x00000000ee300000, 0x00000000ee300000, 0x00000000ee400000|  0%| F|  |TAMS 0x00000000ee300000, 0x00000000ee300000| Untracked 
| 228|0x00000000ee400000, 0x00000000ee400000, 0x00000000ee500000|  0%| F|  |TAMS 0x00000000ee400000, 0x00000000ee400000| Untracked 
| 229|0x00000000ee500000, 0x00000000ee500000, 0x00000000ee600000|  0%| F|  |TAMS 0x00000000ee500000, 0x00000000ee500000| Untracked 
| 230|0x00000000ee600000, 0x00000000ee600000, 0x00000000ee700000|  0%| F|  |TAMS 0x00000000ee600000, 0x00000000ee600000| Untracked 
| 231|0x00000000ee700000, 0x00000000ee700000, 0x00000000ee800000|  0%| F|  |TAMS 0x00000000ee700000, 0x00000000ee700000| Untracked 
| 232|0x00000000ee800000, 0x00000000ee800000, 0x00000000ee900000|  0%| F|  |TAMS 0x00000000ee800000, 0x00000000ee800000| Untracked 
| 233|0x00000000ee900000, 0x00000000ee900000, 0x00000000eea00000|  0%| F|  |TAMS 0x00000000ee900000, 0x00000000ee900000| Untracked 
| 234|0x00000000eea00000, 0x00000000eea00000, 0x00000000eeb00000|  0%| F|  |TAMS 0x00000000eea00000, 0x00000000eea00000| Untracked 
| 235|0x00000000eeb00000, 0x00000000eeb00000, 0x00000000eec00000|  0%| F|  |TAMS 0x00000000eeb00000, 0x00000000eeb00000| Untracked 
| 236|0x00000000eec00000, 0x00000000eec00000, 0x00000000eed00000|  0%| F|  |TAMS 0x00000000eec00000, 0x00000000eec00000| Untracked 
| 237|0x00000000eed00000, 0x00000000eed00000, 0x00000000eee00000|  0%| F|  |TAMS 0x00000000eed00000, 0x00000000eed00000| Untracked 
| 238|0x00000000eee00000, 0x00000000eee00000, 0x00000000eef00000|  0%| F|  |TAMS 0x00000000eee00000, 0x00000000eee00000| Untracked 
| 239|0x00000000eef00000, 0x00000000eef00000, 0x00000000ef000000|  0%| F|  |TAMS 0x00000000eef00000, 0x00000000eef00000| Untracked 
| 240|0x00000000ef000000, 0x00000000ef0adb38, 0x00000000ef100000| 67%| E|  |TAMS 0x00000000ef000000, 0x00000000ef000000| Complete 
| 241|0x00000000ef100000, 0x00000000ef200000, 0x00000000ef200000|100%| E|CS|TAMS 0x00000000ef100000, 0x00000000ef100000| Complete 
| 242|0x00000000ef200000, 0x00000000ef300000, 0x00000000ef300000|100%| E|CS|TAMS 0x00000000ef200000, 0x00000000ef200000| Complete 
| 243|0x00000000ef300000, 0x00000000ef400000, 0x00000000ef400000|100%| E|CS|TAMS 0x00000000ef300000, 0x00000000ef300000| Complete 
| 244|0x00000000ef400000, 0x00000000ef500000, 0x00000000ef500000|100%| E|CS|TAMS 0x00000000ef400000, 0x00000000ef400000| Complete 
| 245|0x00000000ef500000, 0x00000000ef600000, 0x00000000ef600000|100%| E|CS|TAMS 0x00000000ef500000, 0x00000000ef500000| Complete 
| 246|0x00000000ef600000, 0x00000000ef700000, 0x00000000ef700000|100%| E|CS|TAMS 0x00000000ef600000, 0x00000000ef600000| Complete 
| 247|0x00000000ef700000, 0x00000000ef800000, 0x00000000ef800000|100%| E|CS|TAMS 0x00000000ef700000, 0x00000000ef700000| Complete 
| 248|0x00000000ef800000, 0x00000000ef900000, 0x00000000ef900000|100%| E|CS|TAMS 0x00000000ef800000, 0x00000000ef800000| Complete 
| 249|0x00000000ef900000, 0x00000000efa00000, 0x00000000efa00000|100%| E|CS|TAMS 0x00000000ef900000, 0x00000000ef900000| Complete 
| 250|0x00000000efa00000, 0x00000000efb00000, 0x00000000efb00000|100%| E|CS|TAMS 0x00000000efa00000, 0x00000000efa00000| Complete 
| 251|0x00000000efb00000, 0x00000000efc00000, 0x00000000efc00000|100%| E|CS|TAMS 0x00000000efb00000, 0x00000000efb00000| Complete 
| 252|0x00000000efc00000, 0x00000000efd00000, 0x00000000efd00000|100%| S|CS|TAMS 0x00000000efc00000, 0x00000000efc00000| Complete 
| 253|0x00000000efd00000, 0x00000000efe00000, 0x00000000efe00000|100%| E|CS|TAMS 0x00000000efd00000, 0x00000000efd00000| Complete 
| 254|0x00000000efe00000, 0x00000000eff00000, 0x00000000eff00000|100%| E|CS|TAMS 0x00000000efe00000, 0x00000000efe00000| Complete 
| 255|0x00000000eff00000, 0x00000000f0000000, 0x00000000f0000000|100%| E|CS|TAMS 0x00000000eff00000, 0x00000000eff00000| Complete 

Card table byte_map: [0x000001b5603f0000,0x000001b5604f0000] _byte_map_base: 0x000001b55fcf0000

Marking Bits (Prev, Next): (CMBitMap*) 0x000001b5479ce810, (CMBitMap*) 0x000001b5479ce850
 Prev Bits: [0x000001b5605f0000, 0x000001b560df0000)
 Next Bits: [0x000001b560df0000, 0x000001b5615f0000)

Polling page: 0x000001b547760000

Metaspace:

Usage:
  Non-class:     41.78 MB used.
      Class:      6.96 MB used.
       Both:     48.74 MB used.

Virtual space:
  Non-class space:       64.00 MB reserved,      42.12 MB ( 66%) committed,  1 nodes.
      Class space:      320.00 MB reserved,       7.19 MB (  2%) committed,  1 nodes.
             Both:      384.00 MB reserved,      49.31 MB ( 13%) committed. 

Chunk freelists:
   Non-Class:  5.55 MB
       Class:  8.66 MB
        Both:  14.21 MB

MaxMetaspaceSize: 384.00 MB
CompressedClassSpaceSize: 320.00 MB
Initial GC threshold: 21.00 MB
Current GC threshold: 59.31 MB
CDS: on
MetaspaceReclaimPolicy: balanced
 - commit_granule_bytes: 65536.
 - commit_granule_words: 8192.
 - virtual_space_node_default_size: 8388608.
 - enlarge_chunks_in_place: 1.
 - new_chunks_are_fully_committed: 0.
 - uncommit_free_chunks: 1.
 - use_allocation_guard: 0.
 - handle_deallocations: 1.


Internal statistics:

num_allocs_failed_limit: 9.
num_arena_births: 580.
num_arena_deaths: 0.
num_vsnodes_births: 2.
num_vsnodes_deaths: 0.
num_space_committed: 789.
num_space_uncommitted: 0.
num_chunks_returned_to_freelist: 9.
num_chunks_taken_from_freelist: 2619.
num_chunk_merges: 9.
num_chunk_splits: 1709.
num_chunks_enlarged: 1132.
num_inconsistent_stats: 0.

CodeHeap 'non-profiled nmethods': size=120000Kb used=3054Kb max_used=3137Kb free=116945Kb
 bounds [0x000001b5587a0000, 0x000001b558ac0000, 0x000001b55fcd0000]
CodeHeap 'profiled nmethods': size=120000Kb used=11168Kb max_used=11168Kb free=108831Kb
 bounds [0x000001b550cd0000, 0x000001b5517c0000, 0x000001b558200000]
CodeHeap 'non-nmethods': size=5760Kb used=2320Kb max_used=2376Kb free=3439Kb
 bounds [0x000001b558200000, 0x000001b558470000, 0x000001b5587a0000]
 total_blobs=6465 nmethods=5629 adapters=748
 compilation: enabled
              stopped_count=0, restarted_count=0
 full_count=0

Compilation events (20 events):
Event: 49.321 Thread 0x000001b563bd15c0 nmethod 6426 0x000001b5517b4610 code [0x000001b5517b4800, 0x000001b5517b4e88]
Event: 49.322 Thread 0x000001b563bd0c00 6427       4       java.lang.invoke.LambdaForm::uncustomize (57 bytes)
Event: 49.323 Thread 0x000001b563bd0c00 nmethod 6427 0x000001b5588e9a90 code [0x000001b5588e9c00, 0x000001b5588e9c98]
Event: 49.328 Thread 0x000001b563bd0c00 6429       4       jdk.internal.org.objectweb.asm.ByteVector::enlarge (51 bytes)
Event: 49.336 Thread 0x000001b563bd0c00 nmethod 6429 0x000001b5587f2810 code [0x000001b5587f29a0, 0x000001b5587f2d78]
Event: 49.336 Thread 0x000001b563bd0c00 6431       4       org.gradle.internal.reflect.ClassInspector::inspectClass (179 bytes)
Event: 49.365 Thread 0x000001b563bd15c0 6432       1       org.gradle.internal.instantiation.generator.AsmBackedClassGenerator$ClassBuilderImpl::access$7100 (5 bytes)
Event: 49.365 Thread 0x000001b563bd15c0 nmethod 6432 0x000001b5587f2510 code [0x000001b5587f26a0, 0x000001b5587f2758]
Event: 49.483 Thread 0x000001b563bd15c0 6435   !   3       org.gradle.internal.event.DefaultListenerManager$EventBroadcast$ListenerDispatch::dispatch (41 bytes)
Event: 49.483 Thread 0x000001b563bd15c0 nmethod 6435 0x000001b5517b5110 code [0x000001b5517b5300, 0x000001b5517b56f8]
Event: 49.483 Thread 0x000001b563bd15c0 6436       3       org.gradle.internal.event.DefaultListenerManager$EventBroadcast::access$500 (6 bytes)
Event: 49.484 Thread 0x000001b563bd15c0 nmethod 6436 0x000001b5517b5910 code [0x000001b5517b5aa0, 0x000001b5517b5bc8]
Event: 49.484 Thread 0x000001b563bd15c0 6437       3       org.gradle.internal.event.DefaultListenerManager$EventBroadcast::startNotification (50 bytes)
Event: 49.484 Thread 0x000001b563bd15c0 nmethod 6437 0x000001b5517b5c90 code [0x000001b5517b5e60, 0x000001b5517b6128]
Event: 49.513 Thread 0x000001b563bd15c0 6439       3       org.gradle.internal.instantiation.generator.AsmBackedClassGenerator$ClassBuilderImpl::access$2800 (4 bytes)
Event: 49.513 Thread 0x000001b563bd15c0 nmethod 6439 0x000001b5517b6290 code [0x000001b5517b6420, 0x000001b5517b6518]
Event: 49.515 Thread 0x000001b563bd15c0 6440       3       org.gradle.internal.event.DefaultListenerManager$EventBroadcast$ListenerDispatch::dispatch (9 bytes)
Event: 49.516 Thread 0x000001b563bd15c0 nmethod 6440 0x000001b5517b6590 code [0x000001b5517b6740, 0x000001b5517b6988]
Event: 49.571 Thread 0x000001b563bd15c0 6441       3       java.lang.ThreadLocal::get (38 bytes)
Event: 49.571 Thread 0x000001b563bd15c0 nmethod 6441 0x000001b5517b6a90 code [0x000001b5517b6c60, 0x000001b5517b6f98]

GC Heap History (18 events):
Event: 2.939 GC heap before
{Heap before GC invocations=0 (full 0):
 garbage-first heap   total 262144K, used 13312K [0x00000000e0000000, 0x0000000100000000)
  region size 1024K, 13 young (13312K), 0 survivors (0K)
 Metaspace       used 789K, committed 896K, reserved 393216K
  class space    used 61K, committed 128K, reserved 327680K
}
Event: 3.845 GC heap after
{Heap after GC invocations=1 (full 0):
 garbage-first heap   total 262144K, used 1664K [0x00000000e0000000, 0x0000000100000000)
  region size 1024K, 2 young (2048K), 2 survivors (2048K)
 Metaspace       used 789K, committed 896K, reserved 393216K
  class space    used 61K, committed 128K, reserved 327680K
}
Event: 6.273 GC heap before
{Heap before GC invocations=1 (full 0):
 garbage-first heap   total 262144K, used 22144K [0x00000000e0000000, 0x0000000100000000)
  region size 1024K, 19 young (19456K), 2 survivors (2048K)
 Metaspace       used 3250K, committed 3392K, reserved 393216K
  class space    used 411K, committed 512K, reserved 327680K
}
Event: 6.281 GC heap after
{Heap after GC invocations=2 (full 0):
 garbage-first heap   total 262144K, used 11360K [0x00000000e0000000, 0x0000000100000000)
  region size 1024K, 3 young (3072K), 3 survivors (3072K)
 Metaspace       used 3250K, committed 3392K, reserved 393216K
  class space    used 411K, committed 512K, reserved 327680K
}
Event: 7.836 GC heap before
{Heap before GC invocations=2 (full 0):
 garbage-first heap   total 262144K, used 42080K [0x00000000e0000000, 0x0000000100000000)
  region size 1024K, 33 young (33792K), 3 survivors (3072K)
 Metaspace       used 4081K, committed 4288K, reserved 393216K
  class space    used 503K, committed 640K, reserved 327680K
}
Event: 7.841 GC heap after
{Heap after GC invocations=3 (full 0):
 garbage-first heap   total 262144K, used 12258K [0x00000000e0000000, 0x0000000100000000)
  region size 1024K, 1 young (1024K), 1 survivors (1024K)
 Metaspace       used 4081K, committed 4288K, reserved 393216K
  class space    used 503K, committed 640K, reserved 327680K
}
Event: 24.627 GC heap before
{Heap before GC invocations=3 (full 0):
 garbage-first heap   total 262144K, used 133090K [0x00000000e0000000, 0x0000000100000000)
  region size 1024K, 118 young (120832K), 1 survivors (1024K)
 Metaspace       used 21234K, committed 21504K, reserved 393216K
  class space    used 3126K, committed 3264K, reserved 327680K
}
Event: 24.644 GC heap after
{Heap after GC invocations=4 (full 0):
 garbage-first heap   total 262144K, used 23735K [0x00000000e0000000, 0x0000000100000000)
  region size 1024K, 12 young (12288K), 12 survivors (12288K)
 Metaspace       used 21234K, committed 21504K, reserved 393216K
  class space    used 3126K, committed 3264K, reserved 327680K
}
Event: 38.065 GC heap before
{Heap before GC invocations=5 (full 0):
 garbage-first heap   total 262144K, used 143543K [0x00000000e0000000, 0x0000000100000000)
  region size 1024K, 126 young (129024K), 12 survivors (12288K)
 Metaspace       used 35590K, committed 35968K, reserved 393216K
  class space    used 4944K, committed 5120K, reserved 327680K
}
Event: 38.091 GC heap after
{Heap after GC invocations=6 (full 0):
 garbage-first heap   total 262144K, used 33197K [0x00000000e0000000, 0x0000000100000000)
  region size 1024K, 10 young (10240K), 10 survivors (10240K)
 Metaspace       used 35590K, committed 35968K, reserved 393216K
  class space    used 4944K, committed 5120K, reserved 327680K
}
Event: 38.188 GC heap before
{Heap before GC invocations=6 (full 0):
 garbage-first heap   total 262144K, used 35245K [0x00000000e0000000, 0x0000000100000000)
  region size 1024K, 12 young (12288K), 10 survivors (10240K)
 Metaspace       used 35766K, committed 36160K, reserved 393216K
  class space    used 4975K, committed 5120K, reserved 327680K
}
Event: 38.200 GC heap after
{Heap after GC invocations=7 (full 0):
 garbage-first heap   total 262144K, used 33776K [0x00000000e0000000, 0x0000000100000000)
  region size 1024K, 2 young (2048K), 2 survivors (2048K)
 Metaspace       used 35766K, committed 36160K, reserved 393216K
  class space    used 4975K, committed 5120K, reserved 327680K
}
Event: 38.255 GC heap before
{Heap before GC invocations=7 (full 0):
 garbage-first heap   total 262144K, used 34800K [0x00000000e0000000, 0x0000000100000000)
  region size 1024K, 4 young (4096K), 2 survivors (2048K)
 Metaspace       used 35911K, committed 36288K, reserved 393216K
  class space    used 5002K, committed 5184K, reserved 327680K
}
Event: 38.258 GC heap after
{Heap after GC invocations=8 (full 0):
 garbage-first heap   total 262144K, used 32667K [0x00000000e0000000, 0x0000000100000000)
  region size 1024K, 1 young (1024K), 1 survivors (1024K)
 Metaspace       used 35911K, committed 36288K, reserved 393216K
  class space    used 5002K, committed 5184K, reserved 327680K
}
Event: 48.697 GC heap before
{Heap before GC invocations=9 (full 0):
 garbage-first heap   total 262144K, used 189339K [0x00000000e0000000, 0x0000000100000000)
  region size 1024K, 153 young (156672K), 1 survivors (1024K)
 Metaspace       used 48808K, committed 49344K, reserved 393216K
  class space    used 6926K, committed 7168K, reserved 327680K
}
Event: 48.714 GC heap after
{Heap after GC invocations=10 (full 0):
 garbage-first heap   total 262144K, used 41571K [0x00000000e0000000, 0x0000000100000000)
  region size 1024K, 9 young (9216K), 9 survivors (9216K)
 Metaspace       used 48808K, committed 49344K, reserved 393216K
  class space    used 6926K, committed 7168K, reserved 327680K
}
Event: 48.875 GC heap before
{Heap before GC invocations=10 (full 0):
 garbage-first heap   total 262144K, used 44643K [0x00000000e0000000, 0x0000000100000000)
  region size 1024K, 12 young (12288K), 9 survivors (9216K)
 Metaspace       used 48847K, committed 49344K, reserved 393216K
  class space    used 6930K, committed 7168K, reserved 327680K
}
Event: 48.892 GC heap after
{Heap after GC invocations=11 (full 0):
 garbage-first heap   total 262144K, used 42453K [0x00000000e0000000, 0x0000000100000000)
  region size 1024K, 1 young (1024K), 1 survivors (1024K)
 Metaspace       used 48847K, committed 49344K, reserved 393216K
  class space    used 6930K, committed 7168K, reserved 327680K
}

Dll operation events (15 events):
Event: 0.013 Loaded shared library C:\Users\Giang\.jdks\corretto-17.0.10\bin\java.dll
Event: 0.073 Loaded shared library C:\Users\Giang\.jdks\corretto-17.0.10\bin\jsvml.dll
Event: 0.400 Loaded shared library C:\Users\Giang\.jdks\corretto-17.0.10\bin\zip.dll
Event: 0.404 Loaded shared library C:\Users\Giang\.jdks\corretto-17.0.10\bin\instrument.dll
Event: 0.410 Loaded shared library C:\Users\Giang\.jdks\corretto-17.0.10\bin\net.dll
Event: 0.412 Loaded shared library C:\Users\Giang\.jdks\corretto-17.0.10\bin\nio.dll
Event: 0.448 Loaded shared library C:\Users\Giang\.jdks\corretto-17.0.10\bin\zip.dll
Event: 3.854 Loaded shared library C:\Users\Giang\.jdks\corretto-17.0.10\bin\jimage.dll
Event: 4.460 Loaded shared library C:\Users\Giang\.jdks\corretto-17.0.10\bin\verify.dll
Event: 5.521 Loaded shared library C:\Users\Giang\.gradle\native\c067742578af261105cb4f569cf0c3c89f3d7b1fecec35dd04571415982c5e48\windows-amd64\native-platform.dll
Event: 5.532 Loaded shared library C:\Users\Giang\.gradle\native\100fb08df4bc3b14c8652ba06237920a3bd2aa13389f12d3474272988ae205f9\windows-amd64\native-platform-file-events.dll
Event: 10.086 Loaded shared library C:\Users\Giang\.jdks\corretto-17.0.10\bin\management.dll
Event: 10.089 Loaded shared library C:\Users\Giang\.jdks\corretto-17.0.10\bin\management_ext.dll
Event: 10.890 Loaded shared library C:\Users\Giang\.jdks\corretto-17.0.10\bin\extnet.dll
Event: 12.768 Loaded shared library C:\Users\Giang\.jdks\corretto-17.0.10\bin\sunmscapi.dll

Deoptimization events (20 events):
Event: 49.289 Thread 0x000001b57d2c8a30 Uncommon trap: trap_request=0xffffff45 fr.pc=0x000001b558a50188 relative=0x00000000000002c8
Event: 49.289 Thread 0x000001b57d2c8a30 Uncommon trap: reason=unstable_if action=reinterpret pc=0x000001b558a50188 method=org.gradle.internal.reflect.PropertyAccessorType.isSetterName(Ljava/lang/String;)Z @ 14 c2
Event: 49.289 Thread 0x000001b57d2c8a30 DEOPT PACKING pc=0x000001b558a50188 sp=0x0000008b555f9040
Event: 49.289 Thread 0x000001b57d2c8a30 DEOPT UNPACKING pc=0x000001b5582569a3 sp=0x0000008b555f8f98 mode 2
Event: 49.324 Thread 0x000001b57d2c8a30 Uncommon trap: trap_request=0xffffff45 fr.pc=0x000001b558a127fc relative=0x000000000000015c
Event: 49.324 Thread 0x000001b57d2c8a30 Uncommon trap: reason=unstable_if action=reinterpret pc=0x000001b558a127fc method=java.util.stream.AbstractPipeline.evaluate(Ljava/util/stream/TerminalOp;)Ljava/lang/Object; @ 53 c2
Event: 49.324 Thread 0x000001b57d2c8a30 DEOPT PACKING pc=0x000001b558a127fc sp=0x0000008b555f8210
Event: 49.324 Thread 0x000001b57d2c8a30 DEOPT UNPACKING pc=0x000001b5582569a3 sp=0x0000008b555f81d0 mode 2
Event: 49.324 Thread 0x000001b57d2c8a30 Uncommon trap: trap_request=0xffffff45 fr.pc=0x000001b558835a84 relative=0x0000000000000104
Event: 49.324 Thread 0x000001b57d2c8a30 Uncommon trap: reason=unstable_if action=reinterpret pc=0x000001b558835a84 method=java.util.stream.AbstractPipeline.sourceSpliterator(I)Ljava/util/Spliterator; @ 82 c2
Event: 49.324 Thread 0x000001b57d2c8a30 DEOPT PACKING pc=0x000001b558835a84 sp=0x0000008b555f8190
Event: 49.324 Thread 0x000001b57d2c8a30 DEOPT UNPACKING pc=0x000001b5582569a3 sp=0x0000008b555f8120 mode 2
Event: 49.376 Thread 0x000001b5007602a0 Uncommon trap: trap_request=0xffffff45 fr.pc=0x000001b5587c65dc relative=0x000000000000021c
Event: 49.376 Thread 0x000001b5007602a0 Uncommon trap: reason=unstable_if action=reinterpret pc=0x000001b5587c65dc method=java.lang.ThreadLocal.get()Ljava/lang/Object; @ 11 c2
Event: 49.377 Thread 0x000001b5007602a0 DEOPT PACKING pc=0x000001b5587c65dc sp=0x0000008b577feb20
Event: 49.377 Thread 0x000001b5007602a0 DEOPT UNPACKING pc=0x000001b5582569a3 sp=0x0000008b577feab8 mode 2
Event: 49.524 Thread 0x000001b50075e440 Uncommon trap: trap_request=0xffffff45 fr.pc=0x000001b558a0bd1c relative=0x000000000000007c
Event: 49.524 Thread 0x000001b50075e440 Uncommon trap: reason=unstable_if action=reinterpret pc=0x000001b558a0bd1c method=java.util.Spliterator.getExactSizeIfKnown()J @ 9 c2
Event: 49.524 Thread 0x000001b50075e440 DEOPT PACKING pc=0x000001b558a0bd1c sp=0x0000008b578feb10
Event: 49.524 Thread 0x000001b50075e440 DEOPT UNPACKING pc=0x000001b5582569a3 sp=0x0000008b578feaa8 mode 2

Classes unloaded (0 events):
No events

Classes redefined (0 events):
No events

Internal exceptions (20 events):
Event: 48.366 Thread 0x000001b57d2c8a30 Exception <a 'java/lang/ClassNotFoundException'{0x00000000e687b258}: org/gradle/api/internal/DefaultNamedDomainObjectListBeanInfo> (0x00000000e687b258) 
thrown [s\src\hotspot\share\classfile\systemDictionary.cpp, line 256]
Event: 48.368 Thread 0x000001b57d2c8a30 Exception <a 'java/lang/ClassNotFoundException'{0x00000000e688f5e8}: org/gradle/api/internal/DefaultNamedDomainObjectListCustomizer> (0x00000000e688f5e8) 
thrown [s\src\hotspot\share\classfile\systemDictionary.cpp, line 256]
Event: 48.371 Thread 0x000001b57d2c8a30 Exception <a 'java/lang/ClassNotFoundException'{0x00000000e68c4160}: org/gradle/api/internal/artifacts/DefaultArtifactRepositoryContainerCustomizer> (0x00000000e68c4160) 
thrown [s\src\hotspot\share\classfile\systemDictionary.cpp, line 256]
Event: 48.374 Thread 0x000001b57d2c8a30 Exception <a 'java/lang/ClassNotFoundException'{0x00000000e68edc70}: org/gradle/api/internal/artifacts/dsl/DefaultRepositoryHandlerCustomizer> (0x00000000e68edc70) 
thrown [s\src\hotspot\share\classfile\systemDictionary.cpp, line 256]
Event: 48.378 Thread 0x000001b57d2c8a30 Exception <a 'java/lang/ClassNotFoundException'{0x00000000e6725d50}: org/gradle/api/internal/artifacts/dsl/DefaultRepositoryHandler_DecoratedCustomizer> (0x00000000e6725d50) 
thrown [s\src\hotspot\share\classfile\systemDictionary.cpp, line 256]
Event: 48.678 Thread 0x000001b57d2c8a30 Exception <a 'java/lang/ClassNotFoundException'{0x00000000e67c1a78}: org/gradle/api/internal/artifacts/dsl/dependencies/DefaultDependencyHandler_DecoratedBeanInfo> (0x00000000e67c1a78) 
thrown [s\src\hotspot\share\classfile\systemDictionary.cpp, line 256]
Event: 48.688 Thread 0x000001b57d2c8a30 Exception <a 'java/lang/ClassNotFoundException'{0x00000000e67d9238}: org/gradle/api/internal/artifacts/dsl/dependencies/DefaultDependencyHandlerBeanInfo> (0x00000000e67d9238) 
thrown [s\src\hotspot\share\classfile\systemDictionary.cpp, line 256]
Event: 48.695 Thread 0x000001b57d2c8a30 Exception <a 'java/lang/ClassNotFoundException'{0x00000000e67f09b0}: org/gradle/api/internal/artifacts/dsl/dependencies/DefaultDependencyHandlerCustomizer> (0x00000000e67f09b0) 
thrown [s\src\hotspot\share\classfile\systemDictionary.cpp, line 256]
Event: 48.792 Thread 0x000001b57d2c8a30 Exception <a 'java/lang/ClassNotFoundException'{0x00000000eff31848}: org/gradle/api/internal/artifacts/dsl/dependencies/DefaultDependencyHandler_DecoratedCustomizer> (0x00000000eff31848) 
thrown [s\src\hotspot\share\classfile\systemDictionary.cpp, line 256]
Event: 48.898 Thread 0x000001b57d2c8a30 Exception <a 'java/lang/ClassNotFoundException'{0x00000000effe9ee0}: org/gradle/api/internal/tasks/DefaultTaskContainer_DecoratedBeanInfo> (0x00000000effe9ee0) 
thrown [s\src\hotspot\share\classfile\systemDictionary.cpp, line 256]
Event: 48.899 Thread 0x000001b57d2c8a30 Exception <a 'java/lang/ClassNotFoundException'{0x00000000efffbed8}: org/gradle/api/internal/tasks/DefaultTaskContainerBeanInfo> (0x00000000efffbed8) 
thrown [s\src\hotspot\share\classfile\systemDictionary.cpp, line 256]
Event: 48.900 Thread 0x000001b57d2c8a30 Exception <a 'java/lang/ClassNotFoundException'{0x00000000efe0e3b8}: org/gradle/api/internal/tasks/DefaultTaskCollectionBeanInfo> (0x00000000efe0e3b8) 
thrown [s\src\hotspot\share\classfile\systemDictionary.cpp, line 256]
Event: 48.901 Thread 0x000001b57d2c8a30 Exception <a 'java/lang/ClassNotFoundException'{0x00000000efe20650}: org/gradle/api/internal/tasks/DefaultTaskCollectionCustomizer> (0x00000000efe20650) 
thrown [s\src\hotspot\share\classfile\systemDictionary.cpp, line 256]
Event: 48.905 Thread 0x000001b57d2c8a30 Exception <a 'java/lang/ClassNotFoundException'{0x00000000efe666f8}: org/gradle/api/internal/tasks/DefaultTaskContainerCustomizer> (0x00000000efe666f8) 
thrown [s\src\hotspot\share\classfile\systemDictionary.cpp, line 256]
Event: 48.911 Thread 0x000001b57d2c8a30 Exception <a 'java/lang/ClassNotFoundException'{0x00000000efecb550}: org/gradle/api/internal/tasks/DefaultTaskContainer_DecoratedCustomizer> (0x00000000efecb550) 
thrown [s\src\hotspot\share\classfile\systemDictionary.cpp, line 256]
Event: 49.183 Thread 0x000001b57d2c8a30 Exception <a 'java/lang/NoSuchMethodError'{0x00000000ef660388}: 'int java.lang.invoke.DirectMethodHandle$Holder.invokeSpecialIFC(java.lang.Object, java.lang.Object, java.lang.Object, java.lang.Object, java.lang.Object)'> (0x00000000ef660388) 
thrown [s\src\hotspot\share\interpreter\linkResolver.cpp, line 759]
Event: 49.301 Thread 0x000001b57d2c8a30 Exception <a 'java/lang/NoSuchMethodError'{0x00000000ef28bb50}: 'java.lang.Object java.lang.invoke.DirectMethodHandle$Holder.newInvokeSpecial(java.lang.Object, java.lang.Object, java.lang.Object, java.lang.Object, java.lang.Object, java.lang.Object, int)'> (0x00000000ef28bb50) 
thrown [s\src\hotspot\share\interpreter\linkResolver.cpp, line 759]
Event: 49.302 Thread 0x000001b57d2c8a30 Exception <a 'java/lang/NoSuchMethodError'{0x00000000ef291340}: 'java.lang.Object java.lang.invoke.DirectMethodHandle$Holder.invokeSpecial(java.lang.Object, java.lang.Object, java.lang.Object, java.lang.Object, java.lang.Object, java.lang.Object, java.lang.Object, int)'> (0x00000000ef291340) 
thrown [s\src\hotspot\share\interpreter\linkResolver.cpp, line 759]
Event: 49.302 Thread 0x000001b57d2c8a30 Exception <a 'java/lang/NoSuchMethodError'{0x00000000ef296718}: 'java.lang.Object java.lang.invoke.Invokers$Holder.linkToTargetMethod(java.lang.Object, java.lang.Object, java.lang.Object, java.lang.Object, java.lang.Object, int, java.lang.Object)'> (0x00000000ef296718) 
thrown [s\src\hotspot\share\interpreter\linkResolver.cpp, line 759]
Event: 49.376 Thread 0x000001b5007602a0 Implicit null exception at 0x000001b5587c6403 to 0x000001b5587c65c8

VM Operations (20 events):
Event: 44.236 Executing VM operation: HandshakeAllThreads
Event: 44.248 Executing VM operation: HandshakeAllThreads done
Event: 44.325 Executing VM operation: HandshakeAllThreads
Event: 44.342 Executing VM operation: HandshakeAllThreads done
Event: 44.485 Executing VM operation: ICBufferFull
Event: 44.485 Executing VM operation: ICBufferFull done
Event: 44.994 Executing VM operation: ICBufferFull
Event: 44.994 Executing VM operation: ICBufferFull done
Event: 44.994 Executing VM operation: ICBufferFull
Event: 44.994 Executing VM operation: ICBufferFull done
Event: 45.996 Executing VM operation: Cleanup
Event: 46.014 Executing VM operation: Cleanup done
Event: 47.027 Executing VM operation: Cleanup
Event: 47.079 Executing VM operation: Cleanup done
Event: 48.082 Executing VM operation: Cleanup
Event: 48.082 Executing VM operation: Cleanup done
Event: 48.697 Executing VM operation: G1CollectForAllocation
Event: 48.714 Executing VM operation: G1CollectForAllocation done
Event: 48.875 Executing VM operation: G1CollectForAllocation
Event: 48.892 Executing VM operation: G1CollectForAllocation done

Events (20 events):
Event: 48.067 loading class org/xml/sax/Attributes done
Event: 48.239 loading class java/util/AbstractCollectionBeanInfo
Event: 48.239 loading class java/util/AbstractCollectionBeanInfo done
Event: 48.240 loading class java/util/AbstractCollectionBeanInfo
Event: 48.240 loading class java/util/AbstractCollectionBeanInfo done
Event: 48.240 loading class java/util/AbstractCollectionCustomizer
Event: 48.240 loading class java/util/AbstractCollectionCustomizer done
Event: 48.240 loading class java/util/AbstractCollectionCustomizer
Event: 48.240 loading class java/util/AbstractCollectionCustomizer done
Event: 48.241 loading class sun/reflect/generics/reflectiveObjects/GenericArrayTypeImpl
Event: 48.241 loading class sun/reflect/generics/reflectiveObjects/GenericArrayTypeImpl done
Event: 48.907 loading class sun/reflect/generics/tree/LongSignature
Event: 48.907 loading class sun/reflect/generics/tree/LongSignature done
Event: 49.311 loading class java/util/stream/ReferencePipeline$15
Event: 49.319 loading class java/util/stream/ReferencePipeline$15 done
Event: 49.327 Thread 0x000001b5007602a0 Thread added: 0x000001b5007602a0
Event: 49.327 loading class java/util/stream/ReferencePipeline$15$1
Event: 49.327 loading class java/util/stream/ReferencePipeline$15$1 done
Event: 49.331 Thread 0x000001b50075e440 Thread added: 0x000001b50075e440
Event: 49.376 Thread 0x000001b500761bf0 Thread added: 0x000001b500761bf0


Dynamic libraries:
0x00007ff78c7a0000 - 0x00007ff78c7ae000 	C:\Users\Giang\.jdks\corretto-17.0.10\bin\java.exe
0x00007ffc00f90000 - 0x00007ffc01188000 	C:\Windows\SYSTEM32\ntdll.dll
0x00007ffbffe40000 - 0x00007ffbfff01000 	C:\Windows\System32\KERNEL32.DLL
0x00007ffbfe920000 - 0x00007ffbfec16000 	C:\Windows\System32\KERNELBASE.dll
0x00007ffbfe790000 - 0x00007ffbfe890000 	C:\Windows\System32\ucrtbase.dll
0x00007ffbf9330000 - 0x00007ffbf9347000 	C:\Users\Giang\.jdks\corretto-17.0.10\bin\jli.dll
0x00007ffc008f0000 - 0x00007ffc00a8f000 	C:\Windows\System32\USER32.dll
0x00007ffbfee20000 - 0x00007ffbfee42000 	C:\Windows\System32\win32u.dll
0x00007ffc00b60000 - 0x00007ffc00b8b000 	C:\Windows\System32\GDI32.dll
0x00007ffbfe640000 - 0x00007ffbfe757000 	C:\Windows\System32\gdi32full.dll
0x00007ffbfed80000 - 0x00007ffbfee1d000 	C:\Windows\System32\msvcp_win.dll
0x00007ffbfa6a0000 - 0x00007ffbfa6bb000 	C:\Users\Giang\.jdks\corretto-17.0.10\bin\VCRUNTIME140.dll
0x00007ffbee8f0000 - 0x00007ffbeeb8a000 	C:\Windows\WinSxS\amd64_microsoft.windows.common-controls_6595b64144ccf1df_6.0.19041.4355_none_60b8b9eb71f62e16\COMCTL32.dll
0x00007ffbff260000 - 0x00007ffbff2fe000 	C:\Windows\System32\msvcrt.dll
0x00007ffc00b30000 - 0x00007ffc00b5f000 	C:\Windows\System32\IMM32.DLL
0x00007ffbfa9d0000 - 0x00007ffbfa9dc000 	C:\Users\Giang\.jdks\corretto-17.0.10\bin\vcruntime140_1.dll
0x00007ffbd5310000 - 0x00007ffbd539d000 	C:\Users\Giang\.jdks\corretto-17.0.10\bin\msvcp140.dll
0x00007ffba19e0000 - 0x00007ffba2642000 	C:\Users\Giang\.jdks\corretto-17.0.10\bin\server\jvm.dll
0x00007ffbff4d0000 - 0x00007ffbff580000 	C:\Windows\System32\ADVAPI32.dll
0x00007ffc00a90000 - 0x00007ffc00b30000 	C:\Windows\System32\sechost.dll
0x00007ffbff9f0000 - 0x00007ffbffb13000 	C:\Windows\System32\RPCRT4.dll
0x00007ffbfe760000 - 0x00007ffbfe787000 	C:\Windows\System32\bcrypt.dll
0x00007ffbfdb70000 - 0x00007ffbfdbbb000 	C:\Windows\SYSTEM32\POWRPROF.dll
0x00007ffbf9fb0000 - 0x00007ffbf9fb9000 	C:\Windows\SYSTEM32\WSOCK32.dll
0x00007ffbff460000 - 0x00007ffbff4cb000 	C:\Windows\System32\WS2_32.dll
0x00007ffbfbcc0000 - 0x00007ffbfbce7000 	C:\Windows\SYSTEM32\WINMM.dll
0x00007ffbf5c00000 - 0x00007ffbf5c0a000 	C:\Windows\SYSTEM32\VERSION.dll
0x00007ffbfda30000 - 0x00007ffbfda42000 	C:\Windows\SYSTEM32\UMPDC.dll
0x00007ffbfc4c0000 - 0x00007ffbfc4d2000 	C:\Windows\SYSTEM32\kernel.appcore.dll
0x00007ffbfa7c0000 - 0x00007ffbfa7ca000 	C:\Users\Giang\.jdks\corretto-17.0.10\bin\jimage.dll
0x00007ffbea630000 - 0x00007ffbea814000 	C:\Windows\SYSTEM32\DBGHELP.DLL
0x00007ffbe9eb0000 - 0x00007ffbe9ee4000 	C:\Windows\SYSTEM32\dbgcore.DLL
0x00007ffbfe890000 - 0x00007ffbfe912000 	C:\Windows\System32\bcryptPrimitives.dll
0x00007ffbf9420000 - 0x00007ffbf942e000 	C:\Users\Giang\.jdks\corretto-17.0.10\bin\instrument.dll
0x00007ffbf41f0000 - 0x00007ffbf4215000 	C:\Users\Giang\.jdks\corretto-17.0.10\bin\java.dll
0x00007ffbbfff0000 - 0x00007ffbc00c7000 	C:\Users\Giang\.jdks\corretto-17.0.10\bin\jsvml.dll
0x00007ffc00160000 - 0x00007ffc008cc000 	C:\Windows\System32\SHELL32.dll
0x00007ffbfc6c0000 - 0x00007ffbfce5e000 	C:\Windows\SYSTEM32\windows.storage.dll
0x00007ffc00bf0000 - 0x00007ffc00f43000 	C:\Windows\System32\combase.dll
0x00007ffbfe060000 - 0x00007ffbfe08e000 	C:\Windows\SYSTEM32\Wldp.dll
0x00007ffbff030000 - 0x00007ffbff0fd000 	C:\Windows\System32\OLEAUT32.dll
0x00007ffbffb20000 - 0x00007ffbffbcd000 	C:\Windows\System32\SHCORE.dll
0x00007ffbff100000 - 0x00007ffbff155000 	C:\Windows\System32\shlwapi.dll
0x00007ffbfe570000 - 0x00007ffbfe594000 	C:\Windows\SYSTEM32\profapi.dll
0x00007ffbf8400000 - 0x00007ffbf8418000 	C:\Users\Giang\.jdks\corretto-17.0.10\bin\zip.dll
0x00007ffbf7a30000 - 0x00007ffbf7a49000 	C:\Users\Giang\.jdks\corretto-17.0.10\bin\net.dll
0x00007ffbf4d90000 - 0x00007ffbf4e9a000 	C:\Windows\SYSTEM32\WINHTTP.dll
0x00007ffbfddc0000 - 0x00007ffbfde2a000 	C:\Windows\system32\mswsock.dll
0x00007ffbf42b0000 - 0x00007ffbf42c6000 	C:\Users\Giang\.jdks\corretto-17.0.10\bin\nio.dll
0x00007ffbf79f0000 - 0x00007ffbf7a00000 	C:\Users\Giang\.jdks\corretto-17.0.10\bin\verify.dll
0x00007ffbf7de0000 - 0x00007ffbf7e07000 	C:\Users\Giang\.gradle\native\c067742578af261105cb4f569cf0c3c89f3d7b1fecec35dd04571415982c5e48\windows-amd64\native-platform.dll
0x00007ffbbf940000 - 0x00007ffbbfa84000 	C:\Users\Giang\.gradle\native\100fb08df4bc3b14c8652ba06237920a3bd2aa13389f12d3474272988ae205f9\windows-amd64\native-platform-file-events.dll
0x00007ffbf77e0000 - 0x00007ffbf77e9000 	C:\Users\Giang\.jdks\corretto-17.0.10\bin\management.dll
0x00007ffbf7680000 - 0x00007ffbf768b000 	C:\Users\Giang\.jdks\corretto-17.0.10\bin\management_ext.dll
0x00007ffbffe30000 - 0x00007ffbffe38000 	C:\Windows\System32\PSAPI.DLL
0x00007ffbfdfb0000 - 0x00007ffbfdfc8000 	C:\Windows\SYSTEM32\CRYPTSP.dll
0x00007ffbfd670000 - 0x00007ffbfd6a4000 	C:\Windows\system32\rsaenh.dll
0x00007ffbfe520000 - 0x00007ffbfe54e000 	C:\Windows\SYSTEM32\USERENV.dll
0x00007ffbfdfd0000 - 0x00007ffbfdfdc000 	C:\Windows\SYSTEM32\CRYPTBASE.dll
0x00007ffbfda50000 - 0x00007ffbfda8b000 	C:\Windows\SYSTEM32\IPHLPAPI.DLL
0x00007ffbfefc0000 - 0x00007ffbfefc8000 	C:\Windows\System32\NSI.dll
0x00007ffbf5bc0000 - 0x00007ffbf5bd7000 	C:\Windows\SYSTEM32\dhcpcsvc6.DLL
0x00007ffbf65c0000 - 0x00007ffbf65dd000 	C:\Windows\SYSTEM32\dhcpcsvc.DLL
0x00007ffbfdaa0000 - 0x00007ffbfdb6a000 	C:\Windows\SYSTEM32\DNSAPI.dll
0x00007ffbf7400000 - 0x00007ffbf7409000 	C:\Users\Giang\.jdks\corretto-17.0.10\bin\extnet.dll
0x00007ffbf41e0000 - 0x00007ffbf41ee000 	C:\Users\Giang\.jdks\corretto-17.0.10\bin\sunmscapi.dll
0x00007ffbfec20000 - 0x00007ffbfed7e000 	C:\Windows\System32\CRYPT32.dll
0x00007ffbfe0d0000 - 0x00007ffbfe0f9000 	C:\Windows\SYSTEM32\ncrypt.dll
0x00007ffbfe090000 - 0x00007ffbfe0cb000 	C:\Windows\SYSTEM32\NTASN1.dll
0x00007ffbef990000 - 0x00007ffbef997000 	C:\Windows\system32\wshunix.dll

dbghelp: loaded successfully - version: 4.0.5 - missing functions: none
symbol engine: initialized successfully - sym options: 0x614 - pdb path: .;C:\Users\Giang\.jdks\corretto-17.0.10\bin;C:\Windows\SYSTEM32;C:\Windows\WinSxS\amd64_microsoft.windows.common-controls_6595b64144ccf1df_6.0.19041.4355_none_60b8b9eb71f62e16;C:\Users\Giang\.jdks\corretto-17.0.10\bin\server;C:\Users\Giang\.gradle\native\c067742578af261105cb4f569cf0c3c89f3d7b1fecec35dd04571415982c5e48\windows-amd64;C:\Users\Giang\.gradle\native\100fb08df4bc3b14c8652ba06237920a3bd2aa13389f12d3474272988ae205f9\windows-amd64

VM Arguments:
jvm_args: --add-opens=java.base/java.util=ALL-UNNAMED --add-opens=java.base/java.lang=ALL-UNNAMED --add-opens=java.base/java.lang.invoke=ALL-UNNAMED --add-opens=java.prefs/java.util.prefs=ALL-UNNAMED --add-opens=java.base/java.nio.charset=ALL-UNNAMED --add-opens=java.base/java.net=ALL-UNNAMED --add-opens=java.base/java.util.concurrent.atomic=ALL-UNNAMED -XX:MaxMetaspaceSize=384m -XX:+HeapDumpOnOutOfMemoryError -Xms256m -Xmx512m -Dfile.encoding=windows-1252 -Duser.country=US -Duser.language=en -Duser.variant -javaagent:C:\Users\Giang\.gradle\wrapper\dists\gradle-8.8-bin\dl7vupf4psengwqhwktix4v1\gradle-8.8\lib\agents\gradle-instrumentation-agent-8.8.jar 
java_command: org.gradle.launcher.daemon.bootstrap.GradleDaemon 8.8
java_class_path (initial): C:\Users\Giang\.gradle\wrapper\dists\gradle-8.8-bin\dl7vupf4psengwqhwktix4v1\gradle-8.8\lib\gradle-launcher-8.8.jar
Launcher Type: SUN_STANDARD

[Global flags]
     intx CICompilerCount                          = 3                                         {product} {ergonomic}
   size_t CompressedClassSpaceSize                 = 335544320                                 {product} {ergonomic}
     uint ConcGCThreads                            = 1                                         {product} {ergonomic}
     uint G1ConcRefinementThreads                  = 4                                         {product} {ergonomic}
   size_t G1HeapRegionSize                         = 1048576                                   {product} {ergonomic}
    uintx GCDrainStackTargetSize                   = 64                                        {product} {ergonomic}
     bool HeapDumpOnOutOfMemoryError               = true                                   {manageable} {command line}
   size_t InitialHeapSize                          = 268435456                                 {product} {command line}
   size_t MarkStackSize                            = 4194304                                   {product} {ergonomic}
   size_t MaxHeapSize                              = 536870912                                 {product} {command line}
   size_t MaxMetaspaceSize                         = 402653184                                 {product} {command line}
   size_t MaxNewSize                               = 321912832                                 {product} {ergonomic}
   size_t MinHeapDeltaBytes                        = 1048576                                   {product} {ergonomic}
   size_t MinHeapSize                              = 268435456                                 {product} {command line}
    uintx NonNMethodCodeHeapSize                   = 5832780                                {pd product} {ergonomic}
    uintx NonProfiledCodeHeapSize                  = 122912730                              {pd product} {ergonomic}
    uintx ProfiledCodeHeapSize                     = 122912730                              {pd product} {ergonomic}
    uintx ReservedCodeCacheSize                    = 251658240                              {pd product} {ergonomic}
     bool SegmentedCodeCache                       = true                                      {product} {ergonomic}
   size_t SoftMaxHeapSize                          = 536870912                              {manageable} {ergonomic}
     bool UseCompressedClassPointers               = true                           {product lp64_product} {ergonomic}
     bool UseCompressedOops                        = true                           {product lp64_product} {ergonomic}
     bool UseG1GC                                  = true                                      {product} {ergonomic}
     bool UseLargePagesIndividualAllocation        = false                                  {pd product} {ergonomic}

Logging:
Log output configuration:
 #0: stdout all=warning uptime,level,tags
 #1: stderr all=off uptime,level,tags

Environment Variables:
PATH=C:\Program Files\Common Files\Oracle\Java\javapath;C:\Windows\system32;C:\Windows;C:\Windows\System32\Wbem;C:\Windows\System32\WindowsPowerShell\v1.0\;C:\Windows\System32\OpenSSH\;C:\Program Files\MySQL\MySQL Server 8.0\bin;%JAVA_HOME%\bin;C:\Gradle\gradle-6.8\bin;C:\Program Files\Git\cmd;C:\Program Files\Java\jdk-17\bin;C:\Program Files\nodejs\;C:\Program Files\MySQL\MySQL Shell 8.0\bin\;C:\Users\Giang\AppData\Local\Microsoft\WindowsApps;C:\Users\Giang\AppData\Local\GitHubDesktop\bin;D:\Microsoft VS Code\bin;C:\Users\Giang\AppData\Roaming\npm
USERNAME=Giang
OS=Windows_NT
PROCESSOR_IDENTIFIER=Intel64 Family 6 Model 61 Stepping 4, GenuineIntel
TMP=C:\Users\Giang\AppData\Local\Temp
TEMP=C:\Users\Giang\AppData\Local\Temp



Periodic native trim disabled


---------------  S Y S T E M  ---------------

OS:
 Windows 10 , 64 bit Build 19041 (10.0.19041.4597)
OS uptime: 2 days 6:08 hours

CPU: total 4 (initial active 4) (2 cores per cpu, 2 threads per core) family 6 model 61 stepping 4 microcode 0x2d, cx8, cmov, fxsr, ht, mmx, 3dnowpref, sse, sse2, sse3, ssse3, sse4.1, sse4.2, popcnt, lzcnt, tsc, tscinvbit, avx, avx2, aes, erms, clmul, bmi1, bmi2, rtm, adx, fma, vzeroupper, clflush
Processor Information for all 4 processors :
  Max Mhz: 2594, Current Mhz: 2594, Mhz Limit: 2594

Memory: 4k page, system-wide physical 7887M (181M free)
TotalPageFile size 15055M (AvailPageFile size 3M)
current process WorkingSet (physical memory assigned to process): 374M, peak: 374M
current process commit charge ("private bytes"): 461M, peak: 462M

vm_info: OpenJDK 64-Bit Server VM (17.0.10+7-LTS) for windows-amd64 JRE (17.0.10+7-LTS), built on Jan 10 2024 22:11:07 by "Administrator" with MS VC++ 16.10 / 16.11 (VS2019)

END.
