#
# There is insufficient memory for the Java Runtime Environment to continue.
# Native memory allocation (malloc) failed to allocate 314256 bytes for Chunk::new
# Possible reasons:
#   The system is out of physical RAM or swap space
#   The process is running with CompressedOops enabled, and the Java Heap may be blocking the growth of the native heap
# Possible solutions:
#   Reduce memory load on the system
#   Increase physical memory or swap space
#   Check if swap backing store is full
#   Decrease Java heap size (-Xmx/-Xms)
#   Decrease number of Java threads
#   Decrease Java thread stack sizes (-Xss)
#   Set larger code cache with -XX:ReservedCodeCacheSize=
#   JVM is running with Unscaled Compressed Oops mode in which the Java heap is
#     placed in the first 4GB address space. The Java Heap base address is the
#     maximum limit for the native heap growth. Please use -XX:HeapBaseMinAddress
#     to set the Java Heap base and to place the Java Heap above 4GB virtual address.
# This output file may be truncated or incomplete.
#
#  Out of Memory Error (arena.cpp:191), pid=11792, tid=11432
#
# JRE version: OpenJDK Runtime Environment Corretto-17.0.10.7.1 (17.0.10+7) (build 17.0.10+7-LTS)
# Java VM: OpenJDK 64-Bit Server VM Corretto-17.0.10.7.1 (17.0.10+7-LTS, mixed mode, sharing, tiered, compressed oops, compressed class ptrs, g1 gc, windows-amd64)
# No core dump will be written. Minidumps are not enabled by default on client versions of Windows
#

---------------  S U M M A R Y ------------

Command Line: --add-opens=java.base/java.util=ALL-UNNAMED --add-opens=java.base/java.lang=ALL-UNNAMED --add-opens=java.base/java.lang.invoke=ALL-UNNAMED --add-opens=java.prefs/java.util.prefs=ALL-UNNAMED --add-opens=java.base/java.nio.charset=ALL-UNNAMED --add-opens=java.base/java.net=ALL-UNNAMED --add-opens=java.base/java.util.concurrent.atomic=ALL-UNNAMED -XX:MaxMetaspaceSize=384m -XX:+HeapDumpOnOutOfMemoryError -Xms256m -Xmx512m -Dfile.encoding=windows-1252 -Duser.country=US -Duser.language=en -Duser.variant -javaagent:C:\Users\Giang\.gradle\wrapper\dists\gradle-8.8-bin\dl7vupf4psengwqhwktix4v1\gradle-8.8\lib\agents\gradle-instrumentation-agent-8.8.jar org.gradle.launcher.daemon.bootstrap.GradleDaemon 8.8

Host: Intel(R) Core(TM) i7-5600U CPU @ 2.60GHz, 4 cores, 7G,  Windows 10 , 64 bit Build 19041 (10.0.19041.4597)
Time: Mon Aug 12 21:48:03 2024 SE Asia Standard Time elapsed time: 622.360906 seconds (0d 0h 10m 22s)

---------------  T H R E A D  ---------------

Current thread (0x000001f6ff5c1680):  JavaThread "C2 CompilerThread0" daemon [_thread_in_native, id=11432, stack(0x000000af92600000,0x000000af92700000)]


Current CompileTask:
C2: 622360 12902       4       sun.reflect.annotation.AnnotationInvocationHandler::invoke (178 bytes)

Stack: [0x000000af92600000,0x000000af92700000]
Native frames: (J=compiled Java code, j=interpreted, Vv=VM code, C=native code)
V  [jvm.dll+0x67d2c9]
V  [jvm.dll+0x834b1a]
V  [jvm.dll+0x8365de]
V  [jvm.dll+0x836c43]
V  [jvm.dll+0x2477ff]
V  [jvm.dll+0xac514]
V  [jvm.dll+0xacb5c]
V  [jvm.dll+0x366782]
V  [jvm.dll+0x330bfa]
V  [jvm.dll+0x33009a]
V  [jvm.dll+0x219ef1]
V  [jvm.dll+0x219311]
V  [jvm.dll+0x1a502d]
V  [jvm.dll+0x2290de]
V  [jvm.dll+0x2272ac]
V  [jvm.dll+0x7e9bd7]
V  [jvm.dll+0x7e3fda]
V  [jvm.dll+0x67c1b5]
C  [ucrtbase.dll+0x21bb2]
C  [KERNEL32.DLL+0x17374]
C  [ntdll.dll+0x4cc91]


---------------  P R O C E S S  ---------------

Threads class SMR info:
_java_thread_list=0x000001f69ba47f40, length=44, elements={
0x000001f6e52c0450, 0x000001f6ff5a3280, 0x000001f6ff5a5510, 0x000001f6ff5bbcd0,
0x000001f6ff5bcbb0, 0x000001f6ff5bd770, 0x000001f6ff5c0140, 0x000001f6ff5c1680,
0x000001f6ff5c6570, 0x000001f6ff5d0780, 0x000001f6ff58e9e0, 0x000001f6ff89e040,
0x000001f699efc730, 0x000001f69a52a0b0, 0x000001f69998f720, 0x000001f69a68e800,
0x000001f69a68fc40, 0x000001f69a68e2f0, 0x000001f69a690660, 0x000001f69a68f730,
0x000001f69a68d8d0, 0x000001f69ac2f780, 0x000001f69ac2d410, 0x000001f69ac2bfd0,
0x000001f69ac2c9f0, 0x000001f69beb5bd0, 0x000001f69c942f90, 0x000001f69c9485a0,
0x000001f69c9499e0, 0x000001f69c942570, 0x000001f69c942a80, 0x000001f69c9443d0,
0x000001f69c943ec0, 0x000001f69c9494d0, 0x000001f69beb4ca0, 0x000001f69c946230,
0x000001f69c942060, 0x000001f69c9434a0, 0x000001f69c9439b0, 0x000001f69c948ab0,
0x000001f69c946c50, 0x000001f69c948090, 0x000001f69c9448e0, 0x000001f69c944df0
}

Java Threads: ( => current thread )
  0x000001f6e52c0450 JavaThread "main" [_thread_blocked, id=10656, stack(0x000000af91800000,0x000000af91900000)]
  0x000001f6ff5a3280 JavaThread "Reference Handler" daemon [_thread_blocked, id=10440, stack(0x000000af91f00000,0x000000af92000000)]
  0x000001f6ff5a5510 JavaThread "Finalizer" daemon [_thread_blocked, id=6748, stack(0x000000af92000000,0x000000af92100000)]
  0x000001f6ff5bbcd0 JavaThread "Signal Dispatcher" daemon [_thread_blocked, id=13396, stack(0x000000af92200000,0x000000af92300000)]
  0x000001f6ff5bcbb0 JavaThread "Attach Listener" daemon [_thread_blocked, id=2208, stack(0x000000af92300000,0x000000af92400000)]
  0x000001f6ff5bd770 JavaThread "Service Thread" daemon [_thread_blocked, id=5060, stack(0x000000af92400000,0x000000af92500000)]
  0x000001f6ff5c0140 JavaThread "Monitor Deflation Thread" daemon [_thread_blocked, id=7588, stack(0x000000af92500000,0x000000af92600000)]
=>0x000001f6ff5c1680 JavaThread "C2 CompilerThread0" daemon [_thread_in_native, id=11432, stack(0x000000af92600000,0x000000af92700000)]
  0x000001f6ff5c6570 JavaThread "C1 CompilerThread0" daemon [_thread_blocked, id=12960, stack(0x000000af92700000,0x000000af92800000)]
  0x000001f6ff5d0780 JavaThread "Sweeper thread" daemon [_thread_blocked, id=1580, stack(0x000000af92800000,0x000000af92900000)]
  0x000001f6ff58e9e0 JavaThread "Common-Cleaner" daemon [_thread_blocked, id=9120, stack(0x000000af92900000,0x000000af92a00000)]
  0x000001f6ff89e040 JavaThread "Notification Thread" daemon [_thread_blocked, id=14160, stack(0x000000af92a00000,0x000000af92b00000)]
  0x000001f699efc730 JavaThread "Daemon health stats" [_thread_blocked, id=12244, stack(0x000000af93000000,0x000000af93100000)]
  0x000001f69a52a0b0 JavaThread "Incoming local TCP Connector on port 62755" [_thread_in_native, id=15084, stack(0x000000af92f00000,0x000000af93000000)]
  0x000001f69998f720 JavaThread "Daemon periodic checks" [_thread_blocked, id=7016, stack(0x000000af93100000,0x000000af93200000)]
  0x000001f69a68e800 JavaThread "Cache worker for journal cache (C:\Users\Giang\.gradle\caches\journal-1)" [_thread_blocked, id=6240, stack(0x000000af93900000,0x000000af93a00000)]
  0x000001f69a68fc40 JavaThread "File lock request listener" [_thread_in_native, id=8756, stack(0x000000af93a00000,0x000000af93b00000)]
  0x000001f69a68e2f0 JavaThread "Cache worker for file hash cache (C:\Users\Giang\.gradle\caches\8.8\fileHashes)" [_thread_blocked, id=11984, stack(0x000000af93b00000,0x000000af93c00000)]
  0x000001f69a690660 JavaThread "File watcher server" daemon [_thread_in_native, id=5840, stack(0x000000af93e00000,0x000000af93f00000)]
  0x000001f69a68f730 JavaThread "File watcher consumer" daemon [_thread_blocked, id=10068, stack(0x000000af93f00000,0x000000af94000000)]
  0x000001f69a68d8d0 JavaThread "Cache worker for file content cache (C:\Users\Giang\.gradle\caches\8.8\fileContent)" [_thread_blocked, id=7808, stack(0x000000af94000000,0x000000af94100000)]
  0x000001f69ac2f780 JavaThread "jar transforms" [_thread_blocked, id=3740, stack(0x000000af94400000,0x000000af94500000)]
  0x000001f69ac2d410 JavaThread "jar transforms Thread 2" [_thread_blocked, id=9820, stack(0x000000af94500000,0x000000af94600000)]
  0x000001f69ac2bfd0 JavaThread "jar transforms Thread 3" [_thread_blocked, id=12724, stack(0x000000af94600000,0x000000af94700000)]
  0x000001f69ac2c9f0 JavaThread "jar transforms Thread 4" [_thread_blocked, id=4432, stack(0x000000af94700000,0x000000af94800000)]
  0x000001f69beb5bd0 JavaThread "Memory manager" [_thread_blocked, id=5112, stack(0x000000af95200000,0x000000af95300000)]
  0x000001f69c942f90 JavaThread "Daemon Thread 2" [_thread_blocked, id=11400, stack(0x000000af91600000,0x000000af91700000)]
  0x000001f69c9485a0 JavaThread "Daemon worker Thread 2" [_thread_in_native, id=9996, stack(0x000000af93200000,0x000000af93300000)]
  0x000001f69c9499e0 JavaThread "ForkJoinPool.commonPool-worker-4" daemon [_thread_blocked, id=7636, stack(0x000000af94b00000,0x000000af94c00000)]
  0x000001f69c942570 JavaThread "ForkJoinPool.commonPool-worker-5" daemon [_thread_blocked, id=456, stack(0x000000af94c00000,0x000000af94d00000)]
  0x000001f69c942a80 JavaThread "ForkJoinPool.commonPool-worker-6" daemon [_thread_blocked, id=14580, stack(0x000000af94d00000,0x000000af94e00000)]
  0x000001f69c9443d0 JavaThread "included builds" [_thread_blocked, id=13684, stack(0x000000af94e00000,0x000000af94f00000)]
  0x000001f69c943ec0 JavaThread "VFS cleanup Thread 2" [_thread_blocked, id=12404, stack(0x000000af93300000,0x000000af93400000)]
  0x000001f69c9494d0 JavaThread "File lock release action executor" [_thread_blocked, id=2660, stack(0x000000af94200000,0x000000af94300000)]
  0x000001f69beb4ca0 JavaThread "included builds" [_thread_blocked, id=13900, stack(0x000000af95100000,0x000000af95200000)]
  0x000001f69c946230 JavaThread "Handler for socket connection from /127.0.0.1:62755 to /127.0.0.1:63128" [_thread_in_native, id=11480, stack(0x000000af92100000,0x000000af92200000)]
  0x000001f69c942060 JavaThread "Cancel handler" [_thread_blocked, id=11028, stack(0x000000af93400000,0x000000af93500000)]
  0x000001f69c9434a0 JavaThread "Asynchronous log dispatcher for DefaultDaemonConnection: socket connection from /127.0.0.1:62755 to /127.0.0.1:63128" [_thread_in_Java, id=12544, stack(0x000000af93500000,0x000000af93600000)]
  0x000001f69c9439b0 JavaThread "Stdin handler" [_thread_blocked, id=8896, stack(0x000000af93600000,0x000000af93700000)]
  0x000001f69c948ab0 JavaThread "Daemon client event forwarder" [_thread_blocked, id=2736, stack(0x000000af93700000,0x000000af93800000)]
  0x000001f69c946c50 JavaThread "Cache worker for file hash cache (D:\OJT\day1\OJT_BE\.gradle\8.8\fileHashes)" [_thread_blocked, id=9284, stack(0x000000af93800000,0x000000af93900000)]
  0x000001f69c948090 JavaThread "Cache worker for checksums cache (D:\OJT\day1\OJT_BE\.gradle\8.8\checksums)" [_thread_blocked, id=8040, stack(0x000000af93c00000,0x000000af93d00000)]
  0x000001f69c9448e0 JavaThread "Cache worker for cache directory md-rule (C:\Users\Giang\.gradle\caches\8.8\md-rule)" [_thread_blocked, id=6236, stack(0x000000af93d00000,0x000000af93e00000)]
  0x000001f69c944df0 JavaThread "Cache worker for cache directory md-supplier (C:\Users\Giang\.gradle\caches\8.8\md-supplier)" [_thread_blocked, id=780, stack(0x000000af94100000,0x000000af94200000)]

Other Threads:
  0x000001f6ff59f620 VMThread "VM Thread" [stack: 0x000000af91e00000,0x000000af91f00000] [id=11544]
  0x000001f6ff86a500 WatcherThread [stack: 0x000000af92b00000,0x000000af92c00000] [id=13108]
  0x000001f6e52ec220 GCTaskThread "GC Thread#0" [stack: 0x000000af91900000,0x000000af91a00000] [id=13480]
  0x000001f6ff9037b0 GCTaskThread "GC Thread#1" [stack: 0x000000af92c00000,0x000000af92d00000] [id=11848]
  0x000001f6ff95b220 GCTaskThread "GC Thread#2" [stack: 0x000000af92d00000,0x000000af92e00000] [id=328]
  0x000001f6ff95b4e0 GCTaskThread "GC Thread#3" [stack: 0x000000af92e00000,0x000000af92f00000] [id=8208]
  0x000001f6e52f4190 ConcurrentGCThread "G1 Main Marker" [stack: 0x000000af91a00000,0x000000af91b00000] [id=2716]
  0x000001f6e52f4bb0 ConcurrentGCThread "G1 Conc#0" [stack: 0x000000af91b00000,0x000000af91c00000] [id=15260]
  0x000001f6ff4624d0 ConcurrentGCThread "G1 Refine#0" [stack: 0x000000af91c00000,0x000000af91d00000] [id=14240]
  0x000001f69bb70a40 ConcurrentGCThread "G1 Refine#1" [stack: 0x000000af95300000,0x000000af95400000] [id=10896]
  0x000001f69bb71020 ConcurrentGCThread "G1 Refine#2" [stack: 0x000000af95400000,0x000000af95500000] [id=4192]
  0x000001f6ff462f00 ConcurrentGCThread "G1 Service" [stack: 0x000000af91d00000,0x000000af91e00000] [id=2416]

Threads with active compile tasks:
C2 CompilerThread0   622409 12902       4       sun.reflect.annotation.AnnotationInvocationHandler::invoke (178 bytes)

VM state: not at safepoint (normal execution)

VM Mutex/Monitor currently owned by a thread: None

Heap address: 0x00000000e0000000, size: 512 MB, Compressed Oops mode: 32-bit

CDS archive(s) mapped at: [0x000001f680000000-0x000001f680bb0000-0x000001f680bb0000), size 12255232, SharedBaseAddress: 0x000001f680000000, ArchiveRelocationMode: 1.
Compressed class space mapped at: 0x000001f681000000-0x000001f695000000, reserved size: 335544320
Narrow klass base: 0x000001f680000000, Narrow klass shift: 0, Narrow klass range: 0x100000000

GC Precious Log:
 CPUs: 4 total, 4 available
 Memory: 7887M
 Large Page Support: Disabled
 NUMA Support: Disabled
 Compressed Oops: Enabled (32-bit)
 Heap Region Size: 1M
 Heap Min Capacity: 256M
 Heap Initial Capacity: 256M
 Heap Max Capacity: 512M
 Pre-touch: Disabled
 Parallel Workers: 4
 Concurrent Workers: 1
 Concurrent Refinement Workers: 4
 Periodic GC: Disabled

Heap:
 garbage-first heap   total 262144K, used 159994K [0x00000000e0000000, 0x0000000100000000)
  region size 1024K, 106 young (108544K), 12 survivors (12288K)
 Metaspace       used 58094K, committed 58688K, reserved 393216K
  class space    used 7905K, committed 8192K, reserved 327680K

Heap Regions: E=young(eden), S=young(survivor), O=old, HS=humongous(starts), HC=humongous(continues), CS=collection set, F=free, OA=open archive, CA=closed archive, TAMS=top-at-mark-start (previous, next)
|   0|0x00000000e0000000, 0x00000000e0100000, 0x00000000e0100000|100%|HS|  |TAMS 0x00000000e0100000, 0x00000000e0000000| Complete 
|   1|0x00000000e0100000, 0x00000000e0200000, 0x00000000e0200000|100%|HC|  |TAMS 0x00000000e0200000, 0x00000000e0100000| Complete 
|   2|0x00000000e0200000, 0x00000000e0300000, 0x00000000e0300000|100%|HC|  |TAMS 0x00000000e0300000, 0x00000000e0200000| Complete 
|   3|0x00000000e0300000, 0x00000000e0400000, 0x00000000e0400000|100%|HC|  |TAMS 0x00000000e0400000, 0x00000000e0300000| Complete 
|   4|0x00000000e0400000, 0x00000000e0500000, 0x00000000e0500000|100%| O|  |TAMS 0x00000000e0500000, 0x00000000e0400000| Untracked 
|   5|0x00000000e0500000, 0x00000000e0600000, 0x00000000e0600000|100%| O|  |TAMS 0x00000000e0600000, 0x00000000e0500000| Untracked 
|   6|0x00000000e0600000, 0x00000000e0700000, 0x00000000e0700000|100%| O|  |TAMS 0x00000000e0600000, 0x00000000e0600000| Untracked 
|   7|0x00000000e0700000, 0x00000000e0800000, 0x00000000e0800000|100%| O|  |TAMS 0x00000000e0800000, 0x00000000e0700000| Untracked 
|   8|0x00000000e0800000, 0x00000000e0900000, 0x00000000e0900000|100%| O|  |TAMS 0x00000000e0900000, 0x00000000e0800000| Untracked 
|   9|0x00000000e0900000, 0x00000000e0a00000, 0x00000000e0a00000|100%| O|  |TAMS 0x00000000e0a00000, 0x00000000e0900000| Untracked 
|  10|0x00000000e0a00000, 0x00000000e0b00000, 0x00000000e0b00000|100%| O|  |TAMS 0x00000000e0b00000, 0x00000000e0a00000| Untracked 
|  11|0x00000000e0b00000, 0x00000000e0c00000, 0x00000000e0c00000|100%|HS|  |TAMS 0x00000000e0c00000, 0x00000000e0b00000| Complete 
|  12|0x00000000e0c00000, 0x00000000e0d00000, 0x00000000e0d00000|100%| O|  |TAMS 0x00000000e0d00000, 0x00000000e0c00000| Untracked 
|  13|0x00000000e0d00000, 0x00000000e0e00000, 0x00000000e0e00000|100%| O|  |TAMS 0x00000000e0e00000, 0x00000000e0d00000| Untracked 
|  14|0x00000000e0e00000, 0x00000000e0f00000, 0x00000000e0f00000|100%| O|  |TAMS 0x00000000e0f00000, 0x00000000e0e00000| Untracked 
|  15|0x00000000e0f00000, 0x00000000e1000000, 0x00000000e1000000|100%| O|  |TAMS 0x00000000e1000000, 0x00000000e0f00000| Untracked 
|  16|0x00000000e1000000, 0x00000000e1100000, 0x00000000e1100000|100%| O|  |TAMS 0x00000000e1100000, 0x00000000e1000000| Untracked 
|  17|0x00000000e1100000, 0x00000000e1200000, 0x00000000e1200000|100%| O|  |TAMS 0x00000000e1200000, 0x00000000e1100000| Untracked 
|  18|0x00000000e1200000, 0x00000000e1300000, 0x00000000e1300000|100%| O|  |TAMS 0x00000000e1200000, 0x00000000e1200000| Untracked 
|  19|0x00000000e1300000, 0x00000000e1400000, 0x00000000e1400000|100%| O|  |TAMS 0x00000000e1400000, 0x00000000e1300000| Untracked 
|  20|0x00000000e1400000, 0x00000000e1500000, 0x00000000e1500000|100%| O|  |TAMS 0x00000000e1500000, 0x00000000e1400000| Untracked 
|  21|0x00000000e1500000, 0x00000000e1600000, 0x00000000e1600000|100%| O|  |TAMS 0x00000000e1600000, 0x00000000e1500000| Untracked 
|  22|0x00000000e1600000, 0x00000000e1700000, 0x00000000e1700000|100%| O|  |TAMS 0x00000000e1700000, 0x00000000e1600000| Untracked 
|  23|0x00000000e1700000, 0x00000000e1800000, 0x00000000e1800000|100%| O|  |TAMS 0x00000000e1800000, 0x00000000e1700000| Untracked 
|  24|0x00000000e1800000, 0x00000000e1900000, 0x00000000e1900000|100%| O|  |TAMS 0x00000000e1900000, 0x00000000e1800000| Untracked 
|  25|0x00000000e1900000, 0x00000000e1a00000, 0x00000000e1a00000|100%| O|  |TAMS 0x00000000e1a00000, 0x00000000e1900000| Untracked 
|  26|0x00000000e1a00000, 0x00000000e1b00000, 0x00000000e1b00000|100%| O|  |TAMS 0x00000000e1b00000, 0x00000000e1a00000| Untracked 
|  27|0x00000000e1b00000, 0x00000000e1c00000, 0x00000000e1c00000|100%| O|  |TAMS 0x00000000e1c00000, 0x00000000e1b00000| Untracked 
|  28|0x00000000e1c00000, 0x00000000e1d00000, 0x00000000e1d00000|100%| O|  |TAMS 0x00000000e1d00000, 0x00000000e1c00000| Untracked 
|  29|0x00000000e1d00000, 0x00000000e1e00000, 0x00000000e1e00000|100%| O|  |TAMS 0x00000000e1e00000, 0x00000000e1d00000| Untracked 
|  30|0x00000000e1e00000, 0x00000000e1f00000, 0x00000000e1f00000|100%| O|  |TAMS 0x00000000e1f00000, 0x00000000e1e00000| Untracked 
|  31|0x00000000e1f00000, 0x00000000e2000000, 0x00000000e2000000|100%| O|  |TAMS 0x00000000e2000000, 0x00000000e1f00000| Untracked 
|  32|0x00000000e2000000, 0x00000000e2100000, 0x00000000e2100000|100%| O|  |TAMS 0x00000000e20f7000, 0x00000000e2000000| Untracked 
|  33|0x00000000e2100000, 0x00000000e2200000, 0x00000000e2200000|100%| O|  |TAMS 0x00000000e2100000, 0x00000000e2100000| Untracked 
|  34|0x00000000e2200000, 0x00000000e2300000, 0x00000000e2300000|100%| O|  |TAMS 0x00000000e2200000, 0x00000000e2200000| Untracked 
|  35|0x00000000e2300000, 0x00000000e2400000, 0x00000000e2400000|100%| O|  |TAMS 0x00000000e2300000, 0x00000000e2300000| Untracked 
|  36|0x00000000e2400000, 0x00000000e2500000, 0x00000000e2500000|100%| O|  |TAMS 0x00000000e2400000, 0x00000000e2400000| Untracked 
|  37|0x00000000e2500000, 0x00000000e2600000, 0x00000000e2600000|100%| O|  |TAMS 0x00000000e2500000, 0x00000000e2500000| Untracked 
|  38|0x00000000e2600000, 0x00000000e2700000, 0x00000000e2700000|100%| O|  |TAMS 0x00000000e2600000, 0x00000000e2600000| Untracked 
|  39|0x00000000e2700000, 0x00000000e2800000, 0x00000000e2800000|100%| O|  |TAMS 0x00000000e2700000, 0x00000000e2700000| Untracked 
|  40|0x00000000e2800000, 0x00000000e2900000, 0x00000000e2900000|100%| O|  |TAMS 0x00000000e2800000, 0x00000000e2800000| Untracked 
|  41|0x00000000e2900000, 0x00000000e2a00000, 0x00000000e2a00000|100%| O|  |TAMS 0x00000000e2900000, 0x00000000e2900000| Untracked 
|  42|0x00000000e2a00000, 0x00000000e2b00000, 0x00000000e2b00000|100%| O|  |TAMS 0x00000000e2a00000, 0x00000000e2a00000| Untracked 
|  43|0x00000000e2b00000, 0x00000000e2c00000, 0x00000000e2c00000|100%| O|  |TAMS 0x00000000e2b00000, 0x00000000e2b00000| Untracked 
|  44|0x00000000e2c00000, 0x00000000e2d00000, 0x00000000e2d00000|100%| O|  |TAMS 0x00000000e2c00000, 0x00000000e2c00000| Untracked 
|  45|0x00000000e2d00000, 0x00000000e2e00000, 0x00000000e2e00000|100%| O|  |TAMS 0x00000000e2d00000, 0x00000000e2d00000| Untracked 
|  46|0x00000000e2e00000, 0x00000000e2f00000, 0x00000000e2f00000|100%| O|  |TAMS 0x00000000e2e00000, 0x00000000e2e00000| Untracked 
|  47|0x00000000e2f00000, 0x00000000e3000000, 0x00000000e3000000|100%| O|  |TAMS 0x00000000e2f00000, 0x00000000e2f00000| Untracked 
|  48|0x00000000e3000000, 0x00000000e3100000, 0x00000000e3100000|100%| O|  |TAMS 0x00000000e3000000, 0x00000000e3000000| Untracked 
|  49|0x00000000e3100000, 0x00000000e3200000, 0x00000000e3200000|100%| O|  |TAMS 0x00000000e3100000, 0x00000000e3100000| Untracked 
|  50|0x00000000e3200000, 0x00000000e3300000, 0x00000000e3300000|100%| O|  |TAMS 0x00000000e3200000, 0x00000000e3200000| Untracked 
|  51|0x00000000e3300000, 0x00000000e33be800, 0x00000000e3400000| 74%| O|  |TAMS 0x00000000e3300000, 0x00000000e3300000| Untracked 
|  52|0x00000000e3400000, 0x00000000e3400000, 0x00000000e3500000|  0%| F|  |TAMS 0x00000000e3400000, 0x00000000e3400000| Untracked 
|  53|0x00000000e3500000, 0x00000000e3500000, 0x00000000e3600000|  0%| F|  |TAMS 0x00000000e3500000, 0x00000000e3500000| Untracked 
|  54|0x00000000e3600000, 0x00000000e3600000, 0x00000000e3700000|  0%| F|  |TAMS 0x00000000e3600000, 0x00000000e3600000| Untracked 
|  55|0x00000000e3700000, 0x00000000e3700000, 0x00000000e3800000|  0%| F|  |TAMS 0x00000000e3700000, 0x00000000e3700000| Untracked 
|  56|0x00000000e3800000, 0x00000000e3800000, 0x00000000e3900000|  0%| F|  |TAMS 0x00000000e3800000, 0x00000000e3800000| Untracked 
|  57|0x00000000e3900000, 0x00000000e3900000, 0x00000000e3a00000|  0%| F|  |TAMS 0x00000000e3900000, 0x00000000e3900000| Untracked 
|  58|0x00000000e3a00000, 0x00000000e3a00000, 0x00000000e3b00000|  0%| F|  |TAMS 0x00000000e3a00000, 0x00000000e3a00000| Untracked 
|  59|0x00000000e3b00000, 0x00000000e3b00000, 0x00000000e3c00000|  0%| F|  |TAMS 0x00000000e3b00000, 0x00000000e3b00000| Untracked 
|  60|0x00000000e3c00000, 0x00000000e3c00000, 0x00000000e3d00000|  0%| F|  |TAMS 0x00000000e3c00000, 0x00000000e3c00000| Untracked 
|  61|0x00000000e3d00000, 0x00000000e3d00000, 0x00000000e3e00000|  0%| F|  |TAMS 0x00000000e3d00000, 0x00000000e3d00000| Untracked 
|  62|0x00000000e3e00000, 0x00000000e3e00000, 0x00000000e3f00000|  0%| F|  |TAMS 0x00000000e3e00000, 0x00000000e3e00000| Untracked 
|  63|0x00000000e3f00000, 0x00000000e3f00000, 0x00000000e4000000|  0%| F|  |TAMS 0x00000000e3f00000, 0x00000000e3f00000| Untracked 
|  64|0x00000000e4000000, 0x00000000e4000000, 0x00000000e4100000|  0%| F|  |TAMS 0x00000000e4000000, 0x00000000e4000000| Untracked 
|  65|0x00000000e4100000, 0x00000000e4100000, 0x00000000e4200000|  0%| F|  |TAMS 0x00000000e4100000, 0x00000000e4100000| Untracked 
|  66|0x00000000e4200000, 0x00000000e4200000, 0x00000000e4300000|  0%| F|  |TAMS 0x00000000e4200000, 0x00000000e4200000| Untracked 
|  67|0x00000000e4300000, 0x00000000e4300000, 0x00000000e4400000|  0%| F|  |TAMS 0x00000000e4300000, 0x00000000e4300000| Untracked 
|  68|0x00000000e4400000, 0x00000000e4400000, 0x00000000e4500000|  0%| F|  |TAMS 0x00000000e4400000, 0x00000000e4400000| Untracked 
|  69|0x00000000e4500000, 0x00000000e4500000, 0x00000000e4600000|  0%| F|  |TAMS 0x00000000e4500000, 0x00000000e4500000| Untracked 
|  70|0x00000000e4600000, 0x00000000e4600000, 0x00000000e4700000|  0%| F|  |TAMS 0x00000000e4600000, 0x00000000e4600000| Untracked 
|  71|0x00000000e4700000, 0x00000000e4700000, 0x00000000e4800000|  0%| F|  |TAMS 0x00000000e4700000, 0x00000000e4700000| Untracked 
|  72|0x00000000e4800000, 0x00000000e4800000, 0x00000000e4900000|  0%| F|  |TAMS 0x00000000e4800000, 0x00000000e4800000| Untracked 
|  73|0x00000000e4900000, 0x00000000e4900000, 0x00000000e4a00000|  0%| F|  |TAMS 0x00000000e4900000, 0x00000000e4900000| Untracked 
|  74|0x00000000e4a00000, 0x00000000e4a00000, 0x00000000e4b00000|  0%| F|  |TAMS 0x00000000e4a00000, 0x00000000e4a00000| Untracked 
|  75|0x00000000e4b00000, 0x00000000e4b00000, 0x00000000e4c00000|  0%| F|  |TAMS 0x00000000e4b00000, 0x00000000e4b00000| Untracked 
|  76|0x00000000e4c00000, 0x00000000e4c00000, 0x00000000e4d00000|  0%| F|  |TAMS 0x00000000e4c00000, 0x00000000e4c00000| Untracked 
|  77|0x00000000e4d00000, 0x00000000e4d00000, 0x00000000e4e00000|  0%| F|  |TAMS 0x00000000e4d00000, 0x00000000e4d00000| Untracked 
|  78|0x00000000e4e00000, 0x00000000e4e00000, 0x00000000e4f00000|  0%| F|  |TAMS 0x00000000e4e00000, 0x00000000e4e00000| Untracked 
|  79|0x00000000e4f00000, 0x00000000e4f00000, 0x00000000e5000000|  0%| F|  |TAMS 0x00000000e4f00000, 0x00000000e4f00000| Untracked 
|  80|0x00000000e5000000, 0x00000000e5000000, 0x00000000e5100000|  0%| F|  |TAMS 0x00000000e5000000, 0x00000000e5000000| Untracked 
|  81|0x00000000e5100000, 0x00000000e5100000, 0x00000000e5200000|  0%| F|  |TAMS 0x00000000e5100000, 0x00000000e5100000| Untracked 
|  82|0x00000000e5200000, 0x00000000e5200000, 0x00000000e5300000|  0%| F|  |TAMS 0x00000000e5200000, 0x00000000e5200000| Untracked 
|  83|0x00000000e5300000, 0x00000000e5300000, 0x00000000e5400000|  0%| F|  |TAMS 0x00000000e5300000, 0x00000000e5300000| Untracked 
|  84|0x00000000e5400000, 0x00000000e5400000, 0x00000000e5500000|  0%| F|  |TAMS 0x00000000e5400000, 0x00000000e5400000| Untracked 
|  85|0x00000000e5500000, 0x00000000e5500000, 0x00000000e5600000|  0%| F|  |TAMS 0x00000000e5500000, 0x00000000e5500000| Untracked 
|  86|0x00000000e5600000, 0x00000000e5600000, 0x00000000e5700000|  0%| F|  |TAMS 0x00000000e5600000, 0x00000000e5600000| Untracked 
|  87|0x00000000e5700000, 0x00000000e5700000, 0x00000000e5800000|  0%| F|  |TAMS 0x00000000e5700000, 0x00000000e5700000| Untracked 
|  88|0x00000000e5800000, 0x00000000e5800000, 0x00000000e5900000|  0%| F|  |TAMS 0x00000000e5800000, 0x00000000e5800000| Untracked 
|  89|0x00000000e5900000, 0x00000000e5900000, 0x00000000e5a00000|  0%| F|  |TAMS 0x00000000e5900000, 0x00000000e5900000| Untracked 
|  90|0x00000000e5a00000, 0x00000000e5a00000, 0x00000000e5b00000|  0%| F|  |TAMS 0x00000000e5a00000, 0x00000000e5a00000| Untracked 
|  91|0x00000000e5b00000, 0x00000000e5b00000, 0x00000000e5c00000|  0%| F|  |TAMS 0x00000000e5b00000, 0x00000000e5b00000| Untracked 
|  92|0x00000000e5c00000, 0x00000000e5c00000, 0x00000000e5d00000|  0%| F|  |TAMS 0x00000000e5c00000, 0x00000000e5c00000| Untracked 
|  93|0x00000000e5d00000, 0x00000000e5d00000, 0x00000000e5e00000|  0%| F|  |TAMS 0x00000000e5d00000, 0x00000000e5d00000| Untracked 
|  94|0x00000000e5e00000, 0x00000000e5e00000, 0x00000000e5f00000|  0%| F|  |TAMS 0x00000000e5e00000, 0x00000000e5e00000| Untracked 
|  95|0x00000000e5f00000, 0x00000000e5f00000, 0x00000000e6000000|  0%| F|  |TAMS 0x00000000e5f00000, 0x00000000e5f00000| Untracked 
|  96|0x00000000e6000000, 0x00000000e6000000, 0x00000000e6100000|  0%| F|  |TAMS 0x00000000e6000000, 0x00000000e6000000| Untracked 
|  97|0x00000000e6100000, 0x00000000e6100000, 0x00000000e6200000|  0%| F|  |TAMS 0x00000000e6100000, 0x00000000e6100000| Untracked 
|  98|0x00000000e6200000, 0x00000000e6200000, 0x00000000e6300000|  0%| F|  |TAMS 0x00000000e6200000, 0x00000000e6200000| Untracked 
|  99|0x00000000e6300000, 0x00000000e6300000, 0x00000000e6400000|  0%| F|  |TAMS 0x00000000e6300000, 0x00000000e6300000| Untracked 
| 100|0x00000000e6400000, 0x00000000e6400000, 0x00000000e6500000|  0%| F|  |TAMS 0x00000000e6400000, 0x00000000e6400000| Untracked 
| 101|0x00000000e6500000, 0x00000000e6500000, 0x00000000e6600000|  0%| F|  |TAMS 0x00000000e6500000, 0x00000000e6500000| Untracked 
| 102|0x00000000e6600000, 0x00000000e6600000, 0x00000000e6700000|  0%| F|  |TAMS 0x00000000e6600000, 0x00000000e6600000| Untracked 
| 103|0x00000000e6700000, 0x00000000e6700000, 0x00000000e6800000|  0%| F|  |TAMS 0x00000000e6700000, 0x00000000e6700000| Untracked 
| 104|0x00000000e6800000, 0x00000000e6800000, 0x00000000e6900000|  0%| F|  |TAMS 0x00000000e6800000, 0x00000000e6800000| Untracked 
| 105|0x00000000e6900000, 0x00000000e6900000, 0x00000000e6a00000|  0%| F|  |TAMS 0x00000000e6900000, 0x00000000e6900000| Untracked 
| 106|0x00000000e6a00000, 0x00000000e6a00000, 0x00000000e6b00000|  0%| F|  |TAMS 0x00000000e6a00000, 0x00000000e6a00000| Untracked 
| 107|0x00000000e6b00000, 0x00000000e6b00000, 0x00000000e6c00000|  0%| F|  |TAMS 0x00000000e6b00000, 0x00000000e6b00000| Untracked 
| 108|0x00000000e6c00000, 0x00000000e6c00000, 0x00000000e6d00000|  0%| F|  |TAMS 0x00000000e6c00000, 0x00000000e6c00000| Untracked 
| 109|0x00000000e6d00000, 0x00000000e6d00000, 0x00000000e6e00000|  0%| F|  |TAMS 0x00000000e6d00000, 0x00000000e6d00000| Untracked 
| 110|0x00000000e6e00000, 0x00000000e6e80000, 0x00000000e6f00000| 50%| S|CS|TAMS 0x00000000e6e00000, 0x00000000e6e00000| Complete 
| 111|0x00000000e6f00000, 0x00000000e7000000, 0x00000000e7000000|100%| S|CS|TAMS 0x00000000e6f00000, 0x00000000e6f00000| Complete 
| 112|0x00000000e7000000, 0x00000000e7100000, 0x00000000e7100000|100%| S|CS|TAMS 0x00000000e7000000, 0x00000000e7000000| Complete 
| 113|0x00000000e7100000, 0x00000000e7200000, 0x00000000e7200000|100%| S|CS|TAMS 0x00000000e7100000, 0x00000000e7100000| Complete 
| 114|0x00000000e7200000, 0x00000000e7300000, 0x00000000e7300000|100%| S|CS|TAMS 0x00000000e7200000, 0x00000000e7200000| Complete 
| 115|0x00000000e7300000, 0x00000000e7400000, 0x00000000e7400000|100%| S|CS|TAMS 0x00000000e7300000, 0x00000000e7300000| Complete 
| 116|0x00000000e7400000, 0x00000000e7500000, 0x00000000e7500000|100%| S|CS|TAMS 0x00000000e7400000, 0x00000000e7400000| Complete 
| 117|0x00000000e7500000, 0x00000000e7600000, 0x00000000e7600000|100%| S|CS|TAMS 0x00000000e7500000, 0x00000000e7500000| Complete 
| 118|0x00000000e7600000, 0x00000000e7700000, 0x00000000e7700000|100%| S|CS|TAMS 0x00000000e7600000, 0x00000000e7600000| Complete 
| 119|0x00000000e7700000, 0x00000000e7800000, 0x00000000e7800000|100%| S|CS|TAMS 0x00000000e7700000, 0x00000000e7700000| Complete 
| 120|0x00000000e7800000, 0x00000000e7900000, 0x00000000e7900000|100%| S|CS|TAMS 0x00000000e7800000, 0x00000000e7800000| Complete 
| 121|0x00000000e7900000, 0x00000000e7a00000, 0x00000000e7a00000|100%| S|CS|TAMS 0x00000000e7900000, 0x00000000e7900000| Complete 
| 122|0x00000000e7a00000, 0x00000000e7a00000, 0x00000000e7b00000|  0%| F|  |TAMS 0x00000000e7a00000, 0x00000000e7a00000| Untracked 
| 123|0x00000000e7b00000, 0x00000000e7b00000, 0x00000000e7c00000|  0%| F|  |TAMS 0x00000000e7b00000, 0x00000000e7b00000| Untracked 
| 124|0x00000000e7c00000, 0x00000000e7c00000, 0x00000000e7d00000|  0%| F|  |TAMS 0x00000000e7c00000, 0x00000000e7c00000| Untracked 
| 125|0x00000000e7d00000, 0x00000000e7d00000, 0x00000000e7e00000|  0%| F|  |TAMS 0x00000000e7d00000, 0x00000000e7d00000| Untracked 
| 126|0x00000000e7e00000, 0x00000000e7e00000, 0x00000000e7f00000|  0%| F|  |TAMS 0x00000000e7e00000, 0x00000000e7e00000| Untracked 
| 127|0x00000000e7f00000, 0x00000000e7f00000, 0x00000000e8000000|  0%| F|  |TAMS 0x00000000e7f00000, 0x00000000e7f00000| Untracked 
| 128|0x00000000e8000000, 0x00000000e8000000, 0x00000000e8100000|  0%| F|  |TAMS 0x00000000e8000000, 0x00000000e8000000| Untracked 
| 129|0x00000000e8100000, 0x00000000e8100000, 0x00000000e8200000|  0%| F|  |TAMS 0x00000000e8100000, 0x00000000e8100000| Untracked 
| 130|0x00000000e8200000, 0x00000000e8200000, 0x00000000e8300000|  0%| F|  |TAMS 0x00000000e8200000, 0x00000000e8200000| Untracked 
| 131|0x00000000e8300000, 0x00000000e8300000, 0x00000000e8400000|  0%| F|  |TAMS 0x00000000e8300000, 0x00000000e8300000| Untracked 
| 132|0x00000000e8400000, 0x00000000e8400000, 0x00000000e8500000|  0%| F|  |TAMS 0x00000000e8400000, 0x00000000e8400000| Untracked 
| 133|0x00000000e8500000, 0x00000000e8500000, 0x00000000e8600000|  0%| F|  |TAMS 0x00000000e8500000, 0x00000000e8500000| Untracked 
| 134|0x00000000e8600000, 0x00000000e8600000, 0x00000000e8700000|  0%| F|  |TAMS 0x00000000e8600000, 0x00000000e8600000| Untracked 
| 135|0x00000000e8700000, 0x00000000e8700000, 0x00000000e8800000|  0%| F|  |TAMS 0x00000000e8700000, 0x00000000e8700000| Untracked 
| 136|0x00000000e8800000, 0x00000000e8800000, 0x00000000e8900000|  0%| F|  |TAMS 0x00000000e8800000, 0x00000000e8800000| Untracked 
| 137|0x00000000e8900000, 0x00000000e8900000, 0x00000000e8a00000|  0%| F|  |TAMS 0x00000000e8900000, 0x00000000e8900000| Untracked 
| 138|0x00000000e8a00000, 0x00000000e8a00000, 0x00000000e8b00000|  0%| F|  |TAMS 0x00000000e8a00000, 0x00000000e8a00000| Untracked 
| 139|0x00000000e8b00000, 0x00000000e8b00000, 0x00000000e8c00000|  0%| F|  |TAMS 0x00000000e8b00000, 0x00000000e8b00000| Untracked 
| 140|0x00000000e8c00000, 0x00000000e8c00000, 0x00000000e8d00000|  0%| F|  |TAMS 0x00000000e8c00000, 0x00000000e8c00000| Untracked 
| 141|0x00000000e8d00000, 0x00000000e8d00000, 0x00000000e8e00000|  0%| F|  |TAMS 0x00000000e8d00000, 0x00000000e8d00000| Untracked 
| 142|0x00000000e8e00000, 0x00000000e8e00000, 0x00000000e8f00000|  0%| F|  |TAMS 0x00000000e8e00000, 0x00000000e8e00000| Untracked 
| 143|0x00000000e8f00000, 0x00000000e8f00000, 0x00000000e9000000|  0%| F|  |TAMS 0x00000000e8f00000, 0x00000000e8f00000| Untracked 
| 144|0x00000000e9000000, 0x00000000e9000000, 0x00000000e9100000|  0%| F|  |TAMS 0x00000000e9000000, 0x00000000e9000000| Untracked 
| 145|0x00000000e9100000, 0x00000000e9100000, 0x00000000e9200000|  0%| F|  |TAMS 0x00000000e9100000, 0x00000000e9100000| Untracked 
| 146|0x00000000e9200000, 0x00000000e9200000, 0x00000000e9300000|  0%| F|  |TAMS 0x00000000e9200000, 0x00000000e9200000| Untracked 
| 147|0x00000000e9300000, 0x00000000e9300000, 0x00000000e9400000|  0%| F|  |TAMS 0x00000000e9300000, 0x00000000e9300000| Untracked 
| 148|0x00000000e9400000, 0x00000000e9400000, 0x00000000e9500000|  0%| F|  |TAMS 0x00000000e9400000, 0x00000000e9400000| Untracked 
| 149|0x00000000e9500000, 0x00000000e9500000, 0x00000000e9600000|  0%| F|  |TAMS 0x00000000e9500000, 0x00000000e9500000| Untracked 
| 150|0x00000000e9600000, 0x00000000e9600000, 0x00000000e9700000|  0%| F|  |TAMS 0x00000000e9600000, 0x00000000e9600000| Untracked 
| 151|0x00000000e9700000, 0x00000000e9700000, 0x00000000e9800000|  0%| F|  |TAMS 0x00000000e9700000, 0x00000000e9700000| Untracked 
| 152|0x00000000e9800000, 0x00000000e9800000, 0x00000000e9900000|  0%| F|  |TAMS 0x00000000e9800000, 0x00000000e9800000| Untracked 
| 153|0x00000000e9900000, 0x00000000e9900000, 0x00000000e9a00000|  0%| F|  |TAMS 0x00000000e9900000, 0x00000000e9900000| Untracked 
| 154|0x00000000e9a00000, 0x00000000e9a00000, 0x00000000e9b00000|  0%| F|  |TAMS 0x00000000e9a00000, 0x00000000e9a00000| Untracked 
| 155|0x00000000e9b00000, 0x00000000e9b00000, 0x00000000e9c00000|  0%| F|  |TAMS 0x00000000e9b00000, 0x00000000e9b00000| Untracked 
| 156|0x00000000e9c00000, 0x00000000e9c00000, 0x00000000e9d00000|  0%| F|  |TAMS 0x00000000e9c00000, 0x00000000e9c00000| Untracked 
| 157|0x00000000e9d00000, 0x00000000e9d00000, 0x00000000e9e00000|  0%| F|  |TAMS 0x00000000e9d00000, 0x00000000e9d00000| Untracked 
| 158|0x00000000e9e00000, 0x00000000e9e00000, 0x00000000e9f00000|  0%| F|  |TAMS 0x00000000e9e00000, 0x00000000e9e00000| Untracked 
| 159|0x00000000e9f00000, 0x00000000e9f00000, 0x00000000ea000000|  0%| F|  |TAMS 0x00000000e9f00000, 0x00000000e9f00000| Untracked 
| 160|0x00000000ea000000, 0x00000000ea000000, 0x00000000ea100000|  0%| F|  |TAMS 0x00000000ea000000, 0x00000000ea000000| Untracked 
| 161|0x00000000ea100000, 0x00000000ea100000, 0x00000000ea200000|  0%| F|  |TAMS 0x00000000ea100000, 0x00000000ea100000| Untracked 
| 162|0x00000000ea200000, 0x00000000ea26cbb8, 0x00000000ea300000| 42%| E|  |TAMS 0x00000000ea200000, 0x00000000ea200000| Complete 
| 163|0x00000000ea300000, 0x00000000ea400000, 0x00000000ea400000|100%| E|CS|TAMS 0x00000000ea300000, 0x00000000ea300000| Complete 
| 164|0x00000000ea400000, 0x00000000ea500000, 0x00000000ea500000|100%| E|CS|TAMS 0x00000000ea400000, 0x00000000ea400000| Complete 
| 165|0x00000000ea500000, 0x00000000ea600000, 0x00000000ea600000|100%| E|CS|TAMS 0x00000000ea500000, 0x00000000ea500000| Complete 
| 166|0x00000000ea600000, 0x00000000ea700000, 0x00000000ea700000|100%| E|CS|TAMS 0x00000000ea600000, 0x00000000ea600000| Complete 
| 167|0x00000000ea700000, 0x00000000ea800000, 0x00000000ea800000|100%| E|CS|TAMS 0x00000000ea700000, 0x00000000ea700000| Complete 
| 168|0x00000000ea800000, 0x00000000ea900000, 0x00000000ea900000|100%| E|CS|TAMS 0x00000000ea800000, 0x00000000ea800000| Complete 
| 169|0x00000000ea900000, 0x00000000eaa00000, 0x00000000eaa00000|100%| E|CS|TAMS 0x00000000ea900000, 0x00000000ea900000| Complete 
| 170|0x00000000eaa00000, 0x00000000eab00000, 0x00000000eab00000|100%| E|CS|TAMS 0x00000000eaa00000, 0x00000000eaa00000| Complete 
| 171|0x00000000eab00000, 0x00000000eac00000, 0x00000000eac00000|100%| E|CS|TAMS 0x00000000eab00000, 0x00000000eab00000| Complete 
| 172|0x00000000eac00000, 0x00000000ead00000, 0x00000000ead00000|100%| E|CS|TAMS 0x00000000eac00000, 0x00000000eac00000| Complete 
| 173|0x00000000ead00000, 0x00000000eae00000, 0x00000000eae00000|100%| E|CS|TAMS 0x00000000ead00000, 0x00000000ead00000| Complete 
| 174|0x00000000eae00000, 0x00000000eaf00000, 0x00000000eaf00000|100%| E|CS|TAMS 0x00000000eae00000, 0x00000000eae00000| Complete 
| 175|0x00000000eaf00000, 0x00000000eb000000, 0x00000000eb000000|100%| E|CS|TAMS 0x00000000eaf00000, 0x00000000eaf00000| Complete 
| 176|0x00000000eb000000, 0x00000000eb100000, 0x00000000eb100000|100%| E|CS|TAMS 0x00000000eb000000, 0x00000000eb000000| Complete 
| 177|0x00000000eb100000, 0x00000000eb200000, 0x00000000eb200000|100%| E|CS|TAMS 0x00000000eb100000, 0x00000000eb100000| Complete 
| 178|0x00000000eb200000, 0x00000000eb300000, 0x00000000eb300000|100%| E|CS|TAMS 0x00000000eb200000, 0x00000000eb200000| Complete 
| 179|0x00000000eb300000, 0x00000000eb400000, 0x00000000eb400000|100%| E|CS|TAMS 0x00000000eb300000, 0x00000000eb300000| Complete 
| 180|0x00000000eb400000, 0x00000000eb500000, 0x00000000eb500000|100%| E|CS|TAMS 0x00000000eb400000, 0x00000000eb400000| Complete 
| 181|0x00000000eb500000, 0x00000000eb600000, 0x00000000eb600000|100%| E|CS|TAMS 0x00000000eb500000, 0x00000000eb500000| Complete 
| 182|0x00000000eb600000, 0x00000000eb700000, 0x00000000eb700000|100%| E|CS|TAMS 0x00000000eb600000, 0x00000000eb600000| Complete 
| 183|0x00000000eb700000, 0x00000000eb800000, 0x00000000eb800000|100%| E|CS|TAMS 0x00000000eb700000, 0x00000000eb700000| Complete 
| 184|0x00000000eb800000, 0x00000000eb900000, 0x00000000eb900000|100%| E|CS|TAMS 0x00000000eb800000, 0x00000000eb800000| Complete 
| 185|0x00000000eb900000, 0x00000000eba00000, 0x00000000eba00000|100%| E|CS|TAMS 0x00000000eb900000, 0x00000000eb900000| Complete 
| 186|0x00000000eba00000, 0x00000000ebb00000, 0x00000000ebb00000|100%| E|CS|TAMS 0x00000000eba00000, 0x00000000eba00000| Complete 
| 187|0x00000000ebb00000, 0x00000000ebc00000, 0x00000000ebc00000|100%| E|CS|TAMS 0x00000000ebb00000, 0x00000000ebb00000| Complete 
| 188|0x00000000ebc00000, 0x00000000ebd00000, 0x00000000ebd00000|100%| E|CS|TAMS 0x00000000ebc00000, 0x00000000ebc00000| Complete 
| 189|0x00000000ebd00000, 0x00000000ebe00000, 0x00000000ebe00000|100%| E|CS|TAMS 0x00000000ebd00000, 0x00000000ebd00000| Complete 
| 190|0x00000000ebe00000, 0x00000000ebf00000, 0x00000000ebf00000|100%| E|CS|TAMS 0x00000000ebe00000, 0x00000000ebe00000| Complete 
| 191|0x00000000ebf00000, 0x00000000ec000000, 0x00000000ec000000|100%| E|CS|TAMS 0x00000000ebf00000, 0x00000000ebf00000| Complete 
| 192|0x00000000ec000000, 0x00000000ec100000, 0x00000000ec100000|100%| E|CS|TAMS 0x00000000ec000000, 0x00000000ec000000| Complete 
| 193|0x00000000ec100000, 0x00000000ec200000, 0x00000000ec200000|100%| E|CS|TAMS 0x00000000ec100000, 0x00000000ec100000| Complete 
| 194|0x00000000ec200000, 0x00000000ec300000, 0x00000000ec300000|100%| E|CS|TAMS 0x00000000ec200000, 0x00000000ec200000| Complete 
| 195|0x00000000ec300000, 0x00000000ec400000, 0x00000000ec400000|100%| E|CS|TAMS 0x00000000ec300000, 0x00000000ec300000| Complete 
| 196|0x00000000ec400000, 0x00000000ec500000, 0x00000000ec500000|100%| E|CS|TAMS 0x00000000ec400000, 0x00000000ec400000| Complete 
| 197|0x00000000ec500000, 0x00000000ec600000, 0x00000000ec600000|100%| E|CS|TAMS 0x00000000ec500000, 0x00000000ec500000| Complete 
| 198|0x00000000ec600000, 0x00000000ec700000, 0x00000000ec700000|100%| E|CS|TAMS 0x00000000ec600000, 0x00000000ec600000| Complete 
| 199|0x00000000ec700000, 0x00000000ec800000, 0x00000000ec800000|100%| E|CS|TAMS 0x00000000ec700000, 0x00000000ec700000| Complete 
| 200|0x00000000ec800000, 0x00000000ec900000, 0x00000000ec900000|100%| E|CS|TAMS 0x00000000ec800000, 0x00000000ec800000| Complete 
| 201|0x00000000ec900000, 0x00000000eca00000, 0x00000000eca00000|100%| E|CS|TAMS 0x00000000ec900000, 0x00000000ec900000| Complete 
| 202|0x00000000eca00000, 0x00000000ecb00000, 0x00000000ecb00000|100%| E|CS|TAMS 0x00000000eca00000, 0x00000000eca00000| Complete 
| 203|0x00000000ecb00000, 0x00000000ecc00000, 0x00000000ecc00000|100%| E|CS|TAMS 0x00000000ecb00000, 0x00000000ecb00000| Complete 
| 204|0x00000000ecc00000, 0x00000000ecd00000, 0x00000000ecd00000|100%| E|CS|TAMS 0x00000000ecc00000, 0x00000000ecc00000| Complete 
| 205|0x00000000ecd00000, 0x00000000ece00000, 0x00000000ece00000|100%| E|CS|TAMS 0x00000000ecd00000, 0x00000000ecd00000| Complete 
| 206|0x00000000ece00000, 0x00000000ecf00000, 0x00000000ecf00000|100%| E|CS|TAMS 0x00000000ece00000, 0x00000000ece00000| Complete 
| 207|0x00000000ecf00000, 0x00000000ed000000, 0x00000000ed000000|100%| E|CS|TAMS 0x00000000ecf00000, 0x00000000ecf00000| Complete 
| 208|0x00000000ed000000, 0x00000000ed100000, 0x00000000ed100000|100%| E|CS|TAMS 0x00000000ed000000, 0x00000000ed000000| Complete 
| 209|0x00000000ed100000, 0x00000000ed200000, 0x00000000ed200000|100%| E|CS|TAMS 0x00000000ed100000, 0x00000000ed100000| Complete 
| 210|0x00000000ed200000, 0x00000000ed300000, 0x00000000ed300000|100%| E|CS|TAMS 0x00000000ed200000, 0x00000000ed200000| Complete 
| 211|0x00000000ed300000, 0x00000000ed400000, 0x00000000ed400000|100%| E|CS|TAMS 0x00000000ed300000, 0x00000000ed300000| Complete 
| 212|0x00000000ed400000, 0x00000000ed500000, 0x00000000ed500000|100%| E|CS|TAMS 0x00000000ed400000, 0x00000000ed400000| Complete 
| 213|0x00000000ed500000, 0x00000000ed600000, 0x00000000ed600000|100%| E|CS|TAMS 0x00000000ed500000, 0x00000000ed500000| Complete 
| 214|0x00000000ed600000, 0x00000000ed700000, 0x00000000ed700000|100%| E|CS|TAMS 0x00000000ed600000, 0x00000000ed600000| Complete 
| 215|0x00000000ed700000, 0x00000000ed800000, 0x00000000ed800000|100%| E|CS|TAMS 0x00000000ed700000, 0x00000000ed700000| Complete 
| 216|0x00000000ed800000, 0x00000000ed900000, 0x00000000ed900000|100%| E|CS|TAMS 0x00000000ed800000, 0x00000000ed800000| Complete 
| 217|0x00000000ed900000, 0x00000000eda00000, 0x00000000eda00000|100%| E|CS|TAMS 0x00000000ed900000, 0x00000000ed900000| Complete 
| 218|0x00000000eda00000, 0x00000000edb00000, 0x00000000edb00000|100%| E|CS|TAMS 0x00000000eda00000, 0x00000000eda00000| Complete 
| 219|0x00000000edb00000, 0x00000000edc00000, 0x00000000edc00000|100%| E|CS|TAMS 0x00000000edb00000, 0x00000000edb00000| Complete 
| 220|0x00000000edc00000, 0x00000000edd00000, 0x00000000edd00000|100%| E|CS|TAMS 0x00000000edc00000, 0x00000000edc00000| Complete 
| 221|0x00000000edd00000, 0x00000000ede00000, 0x00000000ede00000|100%| E|CS|TAMS 0x00000000edd00000, 0x00000000edd00000| Complete 
| 222|0x00000000ede00000, 0x00000000edf00000, 0x00000000edf00000|100%| E|CS|TAMS 0x00000000ede00000, 0x00000000ede00000| Complete 
| 223|0x00000000edf00000, 0x00000000ee000000, 0x00000000ee000000|100%| E|CS|TAMS 0x00000000edf00000, 0x00000000edf00000| Complete 
| 224|0x00000000ee000000, 0x00000000ee100000, 0x00000000ee100000|100%| E|CS|TAMS 0x00000000ee000000, 0x00000000ee000000| Complete 
| 225|0x00000000ee100000, 0x00000000ee200000, 0x00000000ee200000|100%| E|CS|TAMS 0x00000000ee100000, 0x00000000ee100000| Complete 
| 226|0x00000000ee200000, 0x00000000ee300000, 0x00000000ee300000|100%| E|CS|TAMS 0x00000000ee200000, 0x00000000ee200000| Complete 
| 227|0x00000000ee300000, 0x00000000ee400000, 0x00000000ee400000|100%| E|CS|TAMS 0x00000000ee300000, 0x00000000ee300000| Complete 
| 228|0x00000000ee400000, 0x00000000ee500000, 0x00000000ee500000|100%| E|CS|TAMS 0x00000000ee400000, 0x00000000ee400000| Complete 
| 229|0x00000000ee500000, 0x00000000ee600000, 0x00000000ee600000|100%| E|CS|TAMS 0x00000000ee500000, 0x00000000ee500000| Complete 
| 230|0x00000000ee600000, 0x00000000ee700000, 0x00000000ee700000|100%| E|CS|TAMS 0x00000000ee600000, 0x00000000ee600000| Complete 
| 231|0x00000000ee700000, 0x00000000ee800000, 0x00000000ee800000|100%| E|CS|TAMS 0x00000000ee700000, 0x00000000ee700000| Complete 
| 232|0x00000000ee800000, 0x00000000ee900000, 0x00000000ee900000|100%| E|CS|TAMS 0x00000000ee800000, 0x00000000ee800000| Complete 
| 233|0x00000000ee900000, 0x00000000eea00000, 0x00000000eea00000|100%| E|CS|TAMS 0x00000000ee900000, 0x00000000ee900000| Complete 
| 234|0x00000000eea00000, 0x00000000eeb00000, 0x00000000eeb00000|100%| E|CS|TAMS 0x00000000eea00000, 0x00000000eea00000| Complete 
| 235|0x00000000eeb00000, 0x00000000eec00000, 0x00000000eec00000|100%| E|CS|TAMS 0x00000000eeb00000, 0x00000000eeb00000| Complete 
| 236|0x00000000eec00000, 0x00000000eed00000, 0x00000000eed00000|100%| E|CS|TAMS 0x00000000eec00000, 0x00000000eec00000| Complete 
| 237|0x00000000eed00000, 0x00000000eee00000, 0x00000000eee00000|100%| E|CS|TAMS 0x00000000eed00000, 0x00000000eed00000| Complete 
| 238|0x00000000eee00000, 0x00000000eef00000, 0x00000000eef00000|100%| E|CS|TAMS 0x00000000eee00000, 0x00000000eee00000| Complete 
| 239|0x00000000eef00000, 0x00000000ef000000, 0x00000000ef000000|100%| E|CS|TAMS 0x00000000eef00000, 0x00000000eef00000| Complete 
| 240|0x00000000ef000000, 0x00000000ef100000, 0x00000000ef100000|100%| E|CS|TAMS 0x00000000ef000000, 0x00000000ef000000| Complete 
| 241|0x00000000ef100000, 0x00000000ef200000, 0x00000000ef200000|100%| E|CS|TAMS 0x00000000ef100000, 0x00000000ef100000| Complete 
| 242|0x00000000ef200000, 0x00000000ef300000, 0x00000000ef300000|100%| E|CS|TAMS 0x00000000ef200000, 0x00000000ef200000| Complete 
| 243|0x00000000ef300000, 0x00000000ef400000, 0x00000000ef400000|100%| E|CS|TAMS 0x00000000ef300000, 0x00000000ef300000| Complete 
| 244|0x00000000ef400000, 0x00000000ef500000, 0x00000000ef500000|100%| E|CS|TAMS 0x00000000ef400000, 0x00000000ef400000| Complete 
| 245|0x00000000ef500000, 0x00000000ef600000, 0x00000000ef600000|100%| E|CS|TAMS 0x00000000ef500000, 0x00000000ef500000| Complete 
| 246|0x00000000ef600000, 0x00000000ef700000, 0x00000000ef700000|100%| E|CS|TAMS 0x00000000ef600000, 0x00000000ef600000| Complete 
| 247|0x00000000ef700000, 0x00000000ef800000, 0x00000000ef800000|100%| E|CS|TAMS 0x00000000ef700000, 0x00000000ef700000| Complete 
| 248|0x00000000ef800000, 0x00000000ef900000, 0x00000000ef900000|100%| E|CS|TAMS 0x00000000ef800000, 0x00000000ef800000| Complete 
| 249|0x00000000ef900000, 0x00000000efa00000, 0x00000000efa00000|100%| E|CS|TAMS 0x00000000ef900000, 0x00000000ef900000| Complete 
| 250|0x00000000efa00000, 0x00000000efb00000, 0x00000000efb00000|100%| E|CS|TAMS 0x00000000efa00000, 0x00000000efa00000| Complete 
| 251|0x00000000efb00000, 0x00000000efc00000, 0x00000000efc00000|100%| E|CS|TAMS 0x00000000efb00000, 0x00000000efb00000| Complete 
| 252|0x00000000efc00000, 0x00000000efd00000, 0x00000000efd00000|100%| E|CS|TAMS 0x00000000efc00000, 0x00000000efc00000| Complete 
| 253|0x00000000efd00000, 0x00000000efe00000, 0x00000000efe00000|100%| E|CS|TAMS 0x00000000efd00000, 0x00000000efd00000| Complete 
| 254|0x00000000efe00000, 0x00000000eff00000, 0x00000000eff00000|100%| E|CS|TAMS 0x00000000efe00000, 0x00000000efe00000| Complete 
| 255|0x00000000eff00000, 0x00000000f0000000, 0x00000000f0000000|100%| E|CS|TAMS 0x00000000eff00000, 0x00000000eff00000| Complete 

Card table byte_map: [0x000001f6fbde0000,0x000001f6fbee0000] _byte_map_base: 0x000001f6fb6e0000

Marking Bits (Prev, Next): (CMBitMap*) 0x000001f6e52ed850, (CMBitMap*) 0x000001f6e52ed890
 Prev Bits: [0x000001f6fbfe0000, 0x000001f6fc7e0000)
 Next Bits: [0x000001f6fc7e0000, 0x000001f6fcfe0000)

Polling page: 0x000001f6e4a80000

Metaspace:

Usage:
  Non-class:     49.01 MB used.
      Class:      7.72 MB used.
       Both:     56.73 MB used.

Virtual space:
  Non-class space:       64.00 MB reserved,      49.31 MB ( 77%) committed,  1 nodes.
      Class space:      320.00 MB reserved,       8.00 MB (  2%) committed,  1 nodes.
             Both:      384.00 MB reserved,      57.31 MB ( 15%) committed. 

Chunk freelists:
   Non-Class:  14.09 MB
       Class:  7.95 MB
        Both:  22.04 MB

MaxMetaspaceSize: 384.00 MB
CompressedClassSpaceSize: 320.00 MB
Initial GC threshold: 21.00 MB
Current GC threshold: 60.12 MB
CDS: on
MetaspaceReclaimPolicy: balanced
 - commit_granule_bytes: 65536.
 - commit_granule_words: 8192.
 - virtual_space_node_default_size: 8388608.
 - enlarge_chunks_in_place: 1.
 - new_chunks_are_fully_committed: 0.
 - uncommit_free_chunks: 1.
 - use_allocation_guard: 0.
 - handle_deallocations: 1.


Internal statistics:

num_allocs_failed_limit: 9.
num_arena_births: 858.
num_arena_deaths: 0.
num_vsnodes_births: 2.
num_vsnodes_deaths: 0.
num_space_committed: 917.
num_space_uncommitted: 0.
num_chunks_returned_to_freelist: 9.
num_chunks_taken_from_freelist: 3389.
num_chunk_merges: 9.
num_chunk_splits: 2112.
num_chunks_enlarged: 1276.
num_inconsistent_stats: 0.

CodeHeap 'non-profiled nmethods': size=120000Kb used=7644Kb max_used=7644Kb free=112355Kb
 bounds [0x000001f6f48b0000, 0x000001f6f5030000, 0x000001f6fbde0000]
CodeHeap 'profiled nmethods': size=120000Kb used=23125Kb max_used=23125Kb free=96874Kb
 bounds [0x000001f6ecde0000, 0x000001f6ee480000, 0x000001f6f4310000]
CodeHeap 'non-nmethods': size=5760Kb used=2331Kb max_used=2400Kb free=3428Kb
 bounds [0x000001f6f4310000, 0x000001f6f4580000, 0x000001f6f48b0000]
 total_blobs=12104 nmethods=11260 adapters=754
 compilation: enabled
              stopped_count=0, restarted_count=0
 full_count=0

Compilation events (20 events):
Event: 622.326 Thread 0x000001f6ff5c6570 nmethod 12900 0x000001f6ee466410 code [0x000001f6ee466600, 0x000001f6ee4669d8]
Event: 622.326 Thread 0x000001f6ff5c6570 12901       3       org.gradle.internal.service.DefaultServiceRegistry$1::addProvider (10 bytes)
Event: 622.326 Thread 0x000001f6ff5c1680 12902       4       sun.reflect.annotation.AnnotationInvocationHandler::invoke (178 bytes)
Event: 622.326 Thread 0x000001f6ff5c6570 nmethod 12901 0x000001f6ee466b90 code [0x000001f6ee466d40, 0x000001f6ee466fb8]
Event: 622.340 Thread 0x000001f6ff5c6570 12904       1       com.google.common.cache.LocalCache$StrongValueReference::isActive (2 bytes)
Event: 622.340 Thread 0x000001f6ff5c6570 nmethod 12904 0x000001f6f5025d10 code [0x000001f6f5025ea0, 0x000001f6f5025f78]
Event: 622.341 Thread 0x000001f6ff5c6570 12905       1       com.google.common.cache.RemovalCause$1::wasEvicted (2 bytes)
Event: 622.341 Thread 0x000001f6ff5c6570 nmethod 12905 0x000001f6f5026010 code [0x000001f6f50261a0, 0x000001f6f5026278]
Event: 622.342 Thread 0x000001f6ff5c6570 12906       3       org.gradle.internal.execution.impl.FingerprinterRegistration::equals (63 bytes)
Event: 622.343 Thread 0x000001f6ff5c6570 nmethod 12906 0x000001f6ee467110 code [0x000001f6ee467300, 0x000001f6ee4678b8]
Event: 622.347 Thread 0x000001f6ff5c6570 12907       1       org.gradle.invocation.DefaultGradle::getServices (5 bytes)
Event: 622.347 Thread 0x000001f6ff5c6570 nmethod 12907 0x000001f6f5026310 code [0x000001f6f50264a0, 0x000001f6f5026578]
Event: 622.347 Thread 0x000001f6ff5c6570 12908       3       java.util.concurrent.ConcurrentHashMap::values (25 bytes)
Event: 622.348 Thread 0x000001f6ff5c6570 nmethod 12908 0x000001f6ee467a10 code [0x000001f6ee467bc0, 0x000001f6ee467f58]
Event: 622.349 Thread 0x000001f6ff5c6570 12911       1       org.gradle.internal.event.DefaultListenerManager::access$700 (5 bytes)
Event: 622.349 Thread 0x000001f6ff5c6570 nmethod 12911 0x000001f6f5026610 code [0x000001f6f50267a0, 0x000001f6f5026858]
Event: 622.352 Thread 0x000001f6ff5c6570 12912       3       org.gradle.internal.component.resolution.failure.ResolutionFailureDescriberRegistry$$Lambda$315/0x000001f68134b6d8::apply (8 bytes)
Event: 622.353 Thread 0x000001f6ff5c6570 nmethod 12912 0x000001f6ee468090 code [0x000001f6ee468260, 0x000001f6ee468718]
Event: 622.353 Thread 0x000001f6ff5c6570 12913       3       org.gradle.internal.component.resolution.failure.ResolutionFailureDescriberRegistry::lambda$registerDescriber$1 (8 bytes)
Event: 622.353 Thread 0x000001f6ff5c6570 nmethod 12913 0x000001f6ee468890 code [0x000001f6ee468a40, 0x000001f6ee468d78]

GC Heap History (20 events):
Event: 6.252 GC heap before
{Heap before GC invocations=3 (full 0):
 garbage-first heap   total 262144K, used 134015K [0x00000000e0000000, 0x0000000100000000)
  region size 1024K, 119 young (121856K), 1 survivors (1024K)
 Metaspace       used 21217K, committed 21504K, reserved 393216K
  class space    used 3129K, committed 3264K, reserved 327680K
}
Event: 6.268 GC heap after
{Heap after GC invocations=4 (full 0):
 garbage-first heap   total 262144K, used 23582K [0x00000000e0000000, 0x0000000100000000)
  region size 1024K, 12 young (12288K), 12 survivors (12288K)
 Metaspace       used 21217K, committed 21504K, reserved 393216K
  class space    used 3129K, committed 3264K, reserved 327680K
}
Event: 9.340 GC heap before
{Heap before GC invocations=5 (full 0):
 garbage-first heap   total 262144K, used 145438K [0x00000000e0000000, 0x0000000100000000)
  region size 1024K, 128 young (131072K), 12 survivors (12288K)
 Metaspace       used 35860K, committed 36288K, reserved 393216K
  class space    used 5001K, committed 5248K, reserved 327680K
}
Event: 9.370 GC heap after
{Heap after GC invocations=6 (full 0):
 garbage-first heap   total 262144K, used 33449K [0x00000000e0000000, 0x0000000100000000)
  region size 1024K, 10 young (10240K), 10 survivors (10240K)
 Metaspace       used 35860K, committed 36288K, reserved 393216K
  class space    used 5001K, committed 5248K, reserved 327680K
}
Event: 9.437 GC heap before
{Heap before GC invocations=6 (full 0):
 garbage-first heap   total 262144K, used 35497K [0x00000000e0000000, 0x0000000100000000)
  region size 1024K, 12 young (12288K), 10 survivors (10240K)
 Metaspace       used 36100K, committed 36480K, reserved 393216K
  class space    used 5047K, committed 5248K, reserved 327680K
}
Event: 9.451 GC heap after
{Heap after GC invocations=7 (full 0):
 garbage-first heap   total 262144K, used 34173K [0x00000000e0000000, 0x0000000100000000)
  region size 1024K, 2 young (2048K), 2 survivors (2048K)
 Metaspace       used 36100K, committed 36480K, reserved 393216K
  class space    used 5047K, committed 5248K, reserved 327680K
}
Event: 9.479 GC heap before
{Heap before GC invocations=7 (full 0):
 garbage-first heap   total 262144K, used 35197K [0x00000000e0000000, 0x0000000100000000)
  region size 1024K, 4 young (4096K), 2 survivors (2048K)
 Metaspace       used 36216K, committed 36608K, reserved 393216K
  class space    used 5068K, committed 5248K, reserved 327680K
}
Event: 9.481 GC heap after
{Heap after GC invocations=8 (full 0):
 garbage-first heap   total 262144K, used 33053K [0x00000000e0000000, 0x0000000100000000)
  region size 1024K, 1 young (1024K), 1 survivors (1024K)
 Metaspace       used 36216K, committed 36608K, reserved 393216K
  class space    used 5068K, committed 5248K, reserved 327680K
}
Event: 13.594 GC heap before
{Heap before GC invocations=9 (full 0):
 garbage-first heap   total 262144K, used 189725K [0x00000000e0000000, 0x0000000100000000)
  region size 1024K, 153 young (156672K), 1 survivors (1024K)
 Metaspace       used 48843K, committed 49344K, reserved 393216K
  class space    used 6953K, committed 7168K, reserved 327680K
}
Event: 13.615 GC heap after
{Heap after GC invocations=10 (full 0):
 garbage-first heap   total 262144K, used 42574K [0x00000000e0000000, 0x0000000100000000)
  region size 1024K, 10 young (10240K), 10 survivors (10240K)
 Metaspace       used 48843K, committed 49344K, reserved 393216K
  class space    used 6953K, committed 7168K, reserved 327680K
}
Event: 13.680 GC heap before
{Heap before GC invocations=10 (full 0):
 garbage-first heap   total 262144K, used 44622K [0x00000000e0000000, 0x0000000100000000)
  region size 1024K, 12 young (12288K), 10 survivors (10240K)
 Metaspace       used 49042K, committed 49536K, reserved 393216K
  class space    used 6983K, committed 7232K, reserved 327680K
}
Event: 13.697 GC heap after
{Heap after GC invocations=11 (full 0):
 garbage-first heap   total 262144K, used 43596K [0x00000000e0000000, 0x0000000100000000)
  region size 1024K, 2 young (2048K), 2 survivors (2048K)
 Metaspace       used 49042K, committed 49536K, reserved 393216K
  class space    used 6983K, committed 7232K, reserved 327680K
}
Event: 19.071 GC heap before
{Heap before GC invocations=11 (full 0):
 garbage-first heap   total 262144K, used 197196K [0x00000000e0000000, 0x0000000100000000)
  region size 1024K, 153 young (156672K), 2 survivors (2048K)
 Metaspace       used 55035K, committed 55552K, reserved 393216K
  class space    used 7674K, committed 7936K, reserved 327680K
}
Event: 19.093 GC heap after
{Heap after GC invocations=12 (full 0):
 garbage-first heap   total 262144K, used 54341K [0x00000000e0000000, 0x0000000100000000)
  region size 1024K, 12 young (12288K), 12 survivors (12288K)
 Metaspace       used 55035K, committed 55552K, reserved 393216K
  class space    used 7674K, committed 7936K, reserved 327680K
}
Event: 578.176 GC heap before
{Heap before GC invocations=12 (full 0):
 garbage-first heap   total 262144K, used 197701K [0x00000000e0000000, 0x0000000100000000)
  region size 1024K, 153 young (156672K), 12 survivors (12288K)
 Metaspace       used 57002K, committed 57600K, reserved 393216K
  class space    used 7861K, committed 8128K, reserved 327680K
}
Event: 578.285 GC heap after
{Heap after GC invocations=13 (full 0):
 garbage-first heap   total 262144K, used 56147K [0x00000000e0000000, 0x0000000100000000)
  region size 1024K, 6 young (6144K), 6 survivors (6144K)
 Metaspace       used 57002K, committed 57600K, reserved 393216K
  class space    used 7861K, committed 8128K, reserved 327680K
}
Event: 585.399 GC heap before
{Heap before GC invocations=13 (full 0):
 garbage-first heap   total 262144K, used 204627K [0x00000000e0000000, 0x0000000100000000)
  region size 1024K, 152 young (155648K), 6 survivors (6144K)
 Metaspace       used 57478K, committed 58048K, reserved 393216K
  class space    used 7865K, committed 8128K, reserved 327680K
}
Event: 585.435 GC heap after
{Heap after GC invocations=14 (full 0):
 garbage-first heap   total 262144K, used 67363K [0x00000000e0000000, 0x0000000100000000)
  region size 1024K, 17 young (17408K), 17 survivors (17408K)
 Metaspace       used 57478K, committed 58048K, reserved 393216K
  class space    used 7865K, committed 8128K, reserved 327680K
}
Event: 595.003 GC heap before
{Heap before GC invocations=14 (full 0):
 garbage-first heap   total 262144K, used 203555K [0x00000000e0000000, 0x0000000100000000)
  region size 1024K, 151 young (154624K), 17 survivors (17408K)
 Metaspace       used 58001K, committed 58624K, reserved 393216K
  class space    used 7902K, committed 8192K, reserved 327680K
}
Event: 595.025 GC heap after
{Heap after GC invocations=15 (full 0):
 garbage-first heap   total 262144K, used 64762K [0x00000000e0000000, 0x0000000100000000)
  region size 1024K, 12 young (12288K), 12 survivors (12288K)
 Metaspace       used 58001K, committed 58624K, reserved 393216K
  class space    used 7902K, committed 8192K, reserved 327680K
}

Dll operation events (15 events):
Event: 0.031 Loaded shared library C:\Users\Giang\.jdks\corretto-17.0.10\bin\java.dll
Event: 0.077 Loaded shared library C:\Users\Giang\.jdks\corretto-17.0.10\bin\jsvml.dll
Event: 0.218 Loaded shared library C:\Users\Giang\.jdks\corretto-17.0.10\bin\zip.dll
Event: 0.228 Loaded shared library C:\Users\Giang\.jdks\corretto-17.0.10\bin\instrument.dll
Event: 0.234 Loaded shared library C:\Users\Giang\.jdks\corretto-17.0.10\bin\net.dll
Event: 0.241 Loaded shared library C:\Users\Giang\.jdks\corretto-17.0.10\bin\nio.dll
Event: 0.248 Loaded shared library C:\Users\Giang\.jdks\corretto-17.0.10\bin\zip.dll
Event: 0.948 Loaded shared library C:\Users\Giang\.jdks\corretto-17.0.10\bin\jimage.dll
Event: 1.158 Loaded shared library C:\Users\Giang\.jdks\corretto-17.0.10\bin\verify.dll
Event: 1.546 Loaded shared library C:\Users\Giang\.gradle\native\c067742578af261105cb4f569cf0c3c89f3d7b1fecec35dd04571415982c5e48\windows-amd64\native-platform.dll
Event: 1.553 Loaded shared library C:\Users\Giang\.gradle\native\100fb08df4bc3b14c8652ba06237920a3bd2aa13389f12d3474272988ae205f9\windows-amd64\native-platform-file-events.dll
Event: 3.235 Loaded shared library C:\Users\Giang\.jdks\corretto-17.0.10\bin\management.dll
Event: 3.238 Loaded shared library C:\Users\Giang\.jdks\corretto-17.0.10\bin\management_ext.dll
Event: 3.690 Loaded shared library C:\Users\Giang\.jdks\corretto-17.0.10\bin\extnet.dll
Event: 3.981 Loaded shared library C:\Users\Giang\.jdks\corretto-17.0.10\bin\sunmscapi.dll

Deoptimization events (20 events):
Event: 597.768 Thread 0x000001f69c9485a0 Uncommon trap: trap_request=0xfffffff4 fr.pc=0x000001f6f4b93f00 relative=0x00000000000004e0
Event: 597.768 Thread 0x000001f69c9485a0 Uncommon trap: reason=null_check action=make_not_entrant pc=0x000001f6f4b93f00 method=java.lang.ThreadLocal$ThreadLocalMap.expungeStaleEntry(I)I @ 51 c2
Event: 597.768 Thread 0x000001f69c9485a0 DEOPT PACKING pc=0x000001f6f4b93f00 sp=0x000000af932fb120
Event: 597.768 Thread 0x000001f69c9485a0 DEOPT UNPACKING pc=0x000001f6f43669a3 sp=0x000000af932fb0c0 mode 2
Event: 598.191 Thread 0x000001f69c9485a0 Uncommon trap: trap_request=0xfffffff4 fr.pc=0x000001f6f4fe5b70 relative=0x0000000000000e50
Event: 598.191 Thread 0x000001f69c9485a0 Uncommon trap: reason=null_check action=make_not_entrant pc=0x000001f6f4fe5b70 method=java.lang.ThreadLocal$ThreadLocalMap.expungeStaleEntry(I)I @ 51 c2
Event: 598.191 Thread 0x000001f69c9485a0 DEOPT PACKING pc=0x000001f6f4fe5b70 sp=0x000000af932fd240
Event: 598.191 Thread 0x000001f69c9485a0 DEOPT UNPACKING pc=0x000001f6f43669a3 sp=0x000000af932fd0a8 mode 2
Event: 598.383 Thread 0x000001f69c9434a0 Uncommon trap: trap_request=0xffffff45 fr.pc=0x000001f6f4ba8f10 relative=0x00000000000001f0
Event: 598.383 Thread 0x000001f69c9434a0 Uncommon trap: reason=unstable_if action=reinterpret pc=0x000001f6f4ba8f10 method=com.esotericsoftware.kryo.io.Input.require(I)I @ 180 c2
Event: 598.383 Thread 0x000001f69c9434a0 DEOPT PACKING pc=0x000001f6f4ba8f10 sp=0x000000af917ff0c0
Event: 598.384 Thread 0x000001f69c9434a0 DEOPT UNPACKING pc=0x000001f6f43669a3 sp=0x000000af917ff068 mode 2
Event: 622.320 Thread 0x000001f69c9485a0 Uncommon trap: trap_request=0xffffffde fr.pc=0x000001f6f4e8d028 relative=0x0000000000001f88
Event: 622.320 Thread 0x000001f69c9485a0 Uncommon trap: reason=class_check action=maybe_recompile pc=0x000001f6f4e8d028 method=sun.management.spi.PlatformMBeanProvider$PlatformComponent.getMBeans(Ljava/lang/Class;)Ljava/util/List; @ 26 c2
Event: 622.320 Thread 0x000001f69c9485a0 DEOPT PACKING pc=0x000001f6f4e8d028 sp=0x000000af932fe980
Event: 622.320 Thread 0x000001f69c9485a0 DEOPT UNPACKING pc=0x000001f6f43669a3 sp=0x000000af932fe978 mode 2
Event: 622.344 Thread 0x000001f69c9485a0 Uncommon trap: trap_request=0xffffffc6 fr.pc=0x000001f6f49620f4 relative=0x0000000000000794
Event: 622.344 Thread 0x000001f69c9485a0 Uncommon trap: reason=bimorphic_or_optimized_type_check action=maybe_recompile pc=0x000001f6f49620f4 method=java.util.stream.MatchOps$MatchOp.evaluateSequential(Ljava/util/stream/PipelineHelper;Ljava/util/Spliterator;)Ljava/lang/Boolean; @ 14 c2
Event: 622.344 Thread 0x000001f69c9485a0 DEOPT PACKING pc=0x000001f6f49620f4 sp=0x000000af932fbc10
Event: 622.344 Thread 0x000001f69c9485a0 DEOPT UNPACKING pc=0x000001f6f43669a3 sp=0x000000af932fbb48 mode 2

Classes unloaded (0 events):
No events

Classes redefined (0 events):
No events

Internal exceptions (20 events):
Event: 577.020 Thread 0x000001f69c9485a0 Exception <a 'java/lang/NoClassDefFoundError'{0x00000000e7f7c388}: org/graalvm/buildtools/gradle/NativeImagePlugin> (0x00000000e7f7c388) 
thrown [s\src\hotspot\share\oops\constantPool.cpp, line 835]
Event: 577.021 Thread 0x000001f69c9485a0 Exception <a 'java/lang/NoClassDefFoundError'{0x00000000e7f7e470}: org/cyclonedx/gradle/CycloneDxPlugin> (0x00000000e7f7e470) 
thrown [s\src\hotspot\share\oops\constantPool.cpp, line 835]
Event: 577.362 Thread 0x000001f69c9443d0 Exception <a 'java/lang/NoSuchMethodError'{0x00000000e7d93cf8}: 'int java.lang.invoke.DirectMethodHandle$Holder.invokeSpecial(java.lang.Object, java.lang.Object, java.lang.Object, java.lang.Object, java.lang.Object)'> (0x00000000e7d93cf8) 
thrown [s\src\hotspot\share\interpreter\linkResolver.cpp, line 759]
Event: 581.331 Thread 0x000001f69c9443d0 Implicit null exception at 0x000001f6f48fb8d2 to 0x000001f6f48fbe84
Event: 586.498 Thread 0x000001f69c947b80 Implicit null exception at 0x000001f6f4ace36f to 0x000001f6f4ace6d4
Event: 586.501 Thread 0x000001f69c947b80 Exception <a 'java/lang/NoSuchMethodError'{0x00000000ee4fc5d0}: static Lorg/gradle/internal/build/event/types/DefaultTaskFinishedProgressEvent;.<clinit>()V> (0x00000000ee4fc5d0) 
thrown [s\src\hotspot\share\prims\jni.cpp, line 1107]
Event: 586.505 Thread 0x000001f69c947b80 Exception <a 'java/lang/NoSuchMethodError'{0x00000000ee316190}: static Lorg/gradle/internal/build/event/types/DefaultTaskSuccessResult;.<clinit>()V> (0x00000000ee316190) 
thrown [s\src\hotspot\share\prims\jni.cpp, line 1107]
Event: 586.506 Thread 0x000001f69c947b80 Exception <a 'java/lang/NoSuchMethodError'{0x00000000ee317400}: static Lorg/gradle/internal/build/event/types/AbstractTaskResult;.<clinit>()V> (0x00000000ee317400) 
thrown [s\src\hotspot\share\prims\jni.cpp, line 1107]
Event: 586.506 Thread 0x000001f69c947b80 Exception <a 'java/lang/NoSuchMethodError'{0x00000000ee318928}: static Lorg/gradle/internal/build/event/types/AbstractResult;.<clinit>()V> (0x00000000ee318928) 
thrown [s\src\hotspot\share\prims\jni.cpp, line 1107]
Event: 590.546 Thread 0x000001f69c9485a0 Implicit null exception at 0x000001f6f4edd66c to 0x000001f6f4eddd00
Event: 590.647 Thread 0x000001f69c9485a0 Exception <a 'sun/nio/fs/WindowsException'{0x00000000edffb090}> (0x00000000edffb090) 
thrown [s\src\hotspot\share\prims\jni.cpp, line 516]
Event: 590.648 Thread 0x000001f69c9485a0 Exception <a 'sun/nio/fs/WindowsException'{0x00000000edffc618}> (0x00000000edffc618) 
thrown [s\src\hotspot\share\prims\jni.cpp, line 516]
Event: 590.649 Thread 0x000001f69c9485a0 Exception <a 'sun/nio/fs/WindowsException'{0x00000000edffdba0}> (0x00000000edffdba0) 
thrown [s\src\hotspot\share\prims\jni.cpp, line 516]
Event: 590.650 Thread 0x000001f69c9485a0 Exception <a 'sun/nio/fs/WindowsException'{0x00000000edfff108}> (0x00000000edfff108) 
thrown [s\src\hotspot\share\prims\jni.cpp, line 516]
Event: 591.020 Thread 0x000001f69c9485a0 Implicit null exception at 0x000001f6f4aba1ac to 0x000001f6f4aba1f4
Event: 591.339 Thread 0x000001f69c9485a0 Exception <a 'java/lang/NoClassDefFoundError'{0x00000000ed8405c8}: org/jetbrains/kotlin/gradle/plugin/KotlinPluginWrapper> (0x00000000ed8405c8) 
thrown [s\src\hotspot\share\oops\constantPool.cpp, line 835]
Event: 591.339 Thread 0x000001f69c9485a0 Exception <a 'java/lang/NoClassDefFoundError'{0x00000000ed8426c0}: org/graalvm/buildtools/gradle/NativeImagePlugin> (0x00000000ed8426c0) 
thrown [s\src\hotspot\share\oops\constantPool.cpp, line 835]
Event: 591.339 Thread 0x000001f69c9485a0 Exception <a 'java/lang/NoClassDefFoundError'{0x00000000ed8447a8}: org/cyclonedx/gradle/CycloneDxPlugin> (0x00000000ed8447a8) 
thrown [s\src\hotspot\share\oops\constantPool.cpp, line 835]
Event: 597.768 Thread 0x000001f69c9485a0 Implicit null exception at 0x000001f6f4b93af0 to 0x000001f6f4b93edc
Event: 598.191 Thread 0x000001f69c9485a0 Implicit null exception at 0x000001f6f4fe52ac to 0x000001f6f4fe5b50

VM Operations (20 events):
Event: 591.310 Executing VM operation: ICBufferFull
Event: 591.310 Executing VM operation: ICBufferFull done
Event: 592.319 Executing VM operation: Cleanup
Event: 592.319 Executing VM operation: Cleanup done
Event: 593.322 Executing VM operation: Cleanup
Event: 593.323 Executing VM operation: Cleanup done
Event: 594.332 Executing VM operation: Cleanup
Event: 594.332 Executing VM operation: Cleanup done
Event: 595.003 Executing VM operation: G1CollectForAllocation
Event: 595.025 Executing VM operation: G1CollectForAllocation done
Event: 596.036 Executing VM operation: Cleanup
Event: 596.051 Executing VM operation: Cleanup done
Event: 597.052 Executing VM operation: Cleanup
Event: 597.068 Executing VM operation: Cleanup done
Event: 598.077 Executing VM operation: Cleanup
Event: 598.136 Executing VM operation: Cleanup done
Event: 600.144 Executing VM operation: Cleanup
Event: 600.144 Executing VM operation: Cleanup done
Event: 601.017 Executing VM operation: HandshakeAllThreads
Event: 601.017 Executing VM operation: HandshakeAllThreads done

Events (20 events):
Event: 598.196 Thread 0x000001f69beb56c0 Thread exited: 0x000001f69beb56c0
Event: 598.196 Thread 0x000001f69b356cd0 Thread exited: 0x000001f69b356cd0
Event: 598.196 Thread 0x000001f69b35c7f0 Thread exited: 0x000001f69b35c7f0
Event: 598.196 Thread 0x000001f69c946230 Thread exited: 0x000001f69c946230
Event: 598.196 Thread 0x000001f69beb65f0 Thread exited: 0x000001f69beb65f0
Event: 598.196 Thread 0x000001f69ac2d920 Thread exited: 0x000001f69ac2d920
Event: 598.196 Thread 0x000001f69d27b4a0 Thread exited: 0x000001f69d27b4a0
Event: 598.196 Thread 0x000001f69d27c3d0 Thread exited: 0x000001f69d27c3d0
Event: 598.230 Thread 0x000001f69c9439b0 Thread exited: 0x000001f69c9439b0
Event: 598.231 Thread 0x000001f69c9448e0 Thread exited: 0x000001f69c9448e0
Event: 598.267 Thread 0x000001f69c947b80 Thread exited: 0x000001f69c947b80
Event: 598.276 Thread 0x000001f69c948090 Thread exited: 0x000001f69c948090
Event: 598.384 Thread 0x000001f69c9434a0 Thread exited: 0x000001f69c9434a0
Event: 622.310 Thread 0x000001f69c946230 Thread added: 0x000001f69c946230
Event: 622.313 Thread 0x000001f69c942060 Thread added: 0x000001f69c942060
Event: 622.320 Thread 0x000001f69c9434a0 Thread added: 0x000001f69c9434a0
Event: 622.321 Thread 0x000001f69c9439b0 Thread added: 0x000001f69c9439b0
Event: 622.322 Thread 0x000001f69c948ab0 Thread added: 0x000001f69c948ab0
Event: 622.329 Thread 0x000001f69c946c50 Thread added: 0x000001f69c946c50
Event: 622.353 Thread 0x000001f69c948090 Thread added: 0x000001f69c948090


Dynamic libraries:
0x00007ff72c490000 - 0x00007ff72c49e000 	C:\Users\Giang\.jdks\corretto-17.0.10\bin\java.exe
0x00007ffca9470000 - 0x00007ffca9668000 	C:\Windows\SYSTEM32\ntdll.dll
0x00007ffca8a10000 - 0x00007ffca8ad1000 	C:\Windows\System32\KERNEL32.DLL
0x00007ffca6f00000 - 0x00007ffca71f6000 	C:\Windows\System32\KERNELBASE.dll
0x00007ffca73a0000 - 0x00007ffca74a0000 	C:\Windows\System32\ucrtbase.dll
0x00007ffca2bd0000 - 0x00007ffca2be7000 	C:\Users\Giang\.jdks\corretto-17.0.10\bin\jli.dll
0x00007ffca7a60000 - 0x00007ffca7bff000 	C:\Windows\System32\USER32.dll
0x00007ffca6ed0000 - 0x00007ffca6ef2000 	C:\Windows\System32\win32u.dll
0x00007ffca9250000 - 0x00007ffca927b000 	C:\Windows\System32\GDI32.dll
0x00007ffca6d00000 - 0x00007ffca6e17000 	C:\Windows\System32\gdi32full.dll
0x00007ffca7200000 - 0x00007ffca729d000 	C:\Windows\System32\msvcp_win.dll
0x00007ffca32b0000 - 0x00007ffca32cb000 	C:\Users\Giang\.jdks\corretto-17.0.10\bin\VCRUNTIME140.dll
0x00007ffc97120000 - 0x00007ffc973ba000 	C:\Windows\WinSxS\amd64_microsoft.windows.common-controls_6595b64144ccf1df_6.0.19041.4355_none_60b8b9eb71f62e16\COMCTL32.dll
0x00007ffca9390000 - 0x00007ffca942e000 	C:\Windows\System32\msvcrt.dll
0x00007ffca7900000 - 0x00007ffca792f000 	C:\Windows\System32\IMM32.DLL
0x00007ffca2bc0000 - 0x00007ffca2bcc000 	C:\Users\Giang\.jdks\corretto-17.0.10\bin\vcruntime140_1.dll
0x00007ffca2820000 - 0x00007ffca28ad000 	C:\Users\Giang\.jdks\corretto-17.0.10\bin\msvcp140.dll
0x00007ffc6ec40000 - 0x00007ffc6f8a2000 	C:\Users\Giang\.jdks\corretto-17.0.10\bin\server\jvm.dll
0x00007ffca75f0000 - 0x00007ffca76a0000 	C:\Windows\System32\ADVAPI32.dll
0x00007ffca8e40000 - 0x00007ffca8ee0000 	C:\Windows\System32\sechost.dll
0x00007ffca76a0000 - 0x00007ffca77c3000 	C:\Windows\System32\RPCRT4.dll
0x00007ffca6b20000 - 0x00007ffca6b47000 	C:\Windows\System32\bcrypt.dll
0x00007ffca60a0000 - 0x00007ffca60eb000 	C:\Windows\SYSTEM32\POWRPROF.dll
0x00007ffca3010000 - 0x00007ffca3019000 	C:\Windows\SYSTEM32\WSOCK32.dll
0x00007ffca7d20000 - 0x00007ffca7d8b000 	C:\Windows\System32\WS2_32.dll
0x00007ffc9ddc0000 - 0x00007ffc9ddca000 	C:\Windows\SYSTEM32\VERSION.dll
0x00007ffc97570000 - 0x00007ffc97597000 	C:\Windows\SYSTEM32\WINMM.dll
0x00007ffca5f10000 - 0x00007ffca5f22000 	C:\Windows\SYSTEM32\UMPDC.dll
0x00007ffca49a0000 - 0x00007ffca49b2000 	C:\Windows\SYSTEM32\kernel.appcore.dll
0x00007ffca2990000 - 0x00007ffca299a000 	C:\Users\Giang\.jdks\corretto-17.0.10\bin\jimage.dll
0x00007ffc92420000 - 0x00007ffc92604000 	C:\Windows\SYSTEM32\DBGHELP.DLL
0x00007ffc92360000 - 0x00007ffc92394000 	C:\Windows\SYSTEM32\dbgcore.DLL
0x00007ffca7310000 - 0x00007ffca7392000 	C:\Windows\System32\bcryptPrimitives.dll
0x00007ffca26d0000 - 0x00007ffca26de000 	C:\Users\Giang\.jdks\corretto-17.0.10\bin\instrument.dll
0x00007ffca26a0000 - 0x00007ffca26c5000 	C:\Users\Giang\.jdks\corretto-17.0.10\bin\java.dll
0x00007ffc99ce0000 - 0x00007ffc99db7000 	C:\Users\Giang\.jdks\corretto-17.0.10\bin\jsvml.dll
0x00007ffca7e30000 - 0x00007ffca859c000 	C:\Windows\System32\SHELL32.dll
0x00007ffca4ba0000 - 0x00007ffca533e000 	C:\Windows\SYSTEM32\windows.storage.dll
0x00007ffca8ae0000 - 0x00007ffca8e33000 	C:\Windows\System32\combase.dll
0x00007ffca6540000 - 0x00007ffca656e000 	C:\Windows\SYSTEM32\Wldp.dll
0x00007ffca77d0000 - 0x00007ffca789d000 	C:\Windows\System32\OLEAUT32.dll
0x00007ffca8ff0000 - 0x00007ffca909d000 	C:\Windows\System32\SHCORE.dll
0x00007ffca8f70000 - 0x00007ffca8fc5000 	C:\Windows\System32\shlwapi.dll
0x00007ffca6a50000 - 0x00007ffca6a74000 	C:\Windows\SYSTEM32\profapi.dll
0x00007ffca0860000 - 0x00007ffca0878000 	C:\Users\Giang\.jdks\corretto-17.0.10\bin\zip.dll
0x00007ffca0840000 - 0x00007ffca0859000 	C:\Users\Giang\.jdks\corretto-17.0.10\bin\net.dll
0x00007ffc9ddd0000 - 0x00007ffc9deda000 	C:\Windows\SYSTEM32\WINHTTP.dll
0x00007ffca62a0000 - 0x00007ffca630a000 	C:\Windows\system32\mswsock.dll
0x00007ffca0820000 - 0x00007ffca0836000 	C:\Users\Giang\.jdks\corretto-17.0.10\bin\nio.dll
0x00007ffca2690000 - 0x00007ffca26a0000 	C:\Users\Giang\.jdks\corretto-17.0.10\bin\verify.dll
0x00007ffca2bf0000 - 0x00007ffca2c17000 	C:\Users\Giang\.gradle\native\c067742578af261105cb4f569cf0c3c89f3d7b1fecec35dd04571415982c5e48\windows-amd64\native-platform.dll
0x00007ffc99b90000 - 0x00007ffc99cd4000 	C:\Users\Giang\.gradle\native\100fb08df4bc3b14c8652ba06237920a3bd2aa13389f12d3474272988ae205f9\windows-amd64\native-platform-file-events.dll
0x00007ffca03a0000 - 0x00007ffca03a9000 	C:\Users\Giang\.jdks\corretto-17.0.10\bin\management.dll
0x00007ffc99b80000 - 0x00007ffc99b8b000 	C:\Users\Giang\.jdks\corretto-17.0.10\bin\management_ext.dll
0x00007ffca7e10000 - 0x00007ffca7e18000 	C:\Windows\System32\PSAPI.DLL
0x00007ffca6490000 - 0x00007ffca64a8000 	C:\Windows\SYSTEM32\CRYPTSP.dll
0x00007ffca5b50000 - 0x00007ffca5b84000 	C:\Windows\system32\rsaenh.dll
0x00007ffca6a00000 - 0x00007ffca6a2e000 	C:\Windows\SYSTEM32\USERENV.dll
0x00007ffca64b0000 - 0x00007ffca64bc000 	C:\Windows\SYSTEM32\CRYPTBASE.dll
0x00007ffca5f30000 - 0x00007ffca5f6b000 	C:\Windows\SYSTEM32\IPHLPAPI.DLL
0x00007ffca7580000 - 0x00007ffca7588000 	C:\Windows\System32\NSI.dll
0x00007ffc9e360000 - 0x00007ffc9e377000 	C:\Windows\SYSTEM32\dhcpcsvc6.DLL
0x00007ffc9e790000 - 0x00007ffc9e7ad000 	C:\Windows\SYSTEM32\dhcpcsvc.DLL
0x00007ffca5f80000 - 0x00007ffca604a000 	C:\Windows\SYSTEM32\DNSAPI.dll
0x00007ffc99b70000 - 0x00007ffc99b79000 	C:\Users\Giang\.jdks\corretto-17.0.10\bin\extnet.dll
0x00007ffc99b60000 - 0x00007ffc99b6e000 	C:\Users\Giang\.jdks\corretto-17.0.10\bin\sunmscapi.dll
0x00007ffca6ba0000 - 0x00007ffca6cfe000 	C:\Windows\System32\CRYPT32.dll
0x00007ffca65b0000 - 0x00007ffca65d9000 	C:\Windows\SYSTEM32\ncrypt.dll
0x00007ffca6570000 - 0x00007ffca65ab000 	C:\Windows\SYSTEM32\NTASN1.dll
0x00007ffc96b50000 - 0x00007ffc96b57000 	C:\Windows\system32\wshunix.dll

dbghelp: loaded successfully - version: 4.0.5 - missing functions: none
symbol engine: initialized successfully - sym options: 0x614 - pdb path: .;C:\Users\Giang\.jdks\corretto-17.0.10\bin;C:\Windows\SYSTEM32;C:\Windows\WinSxS\amd64_microsoft.windows.common-controls_6595b64144ccf1df_6.0.19041.4355_none_60b8b9eb71f62e16;C:\Users\Giang\.jdks\corretto-17.0.10\bin\server;C:\Users\Giang\.gradle\native\c067742578af261105cb4f569cf0c3c89f3d7b1fecec35dd04571415982c5e48\windows-amd64;C:\Users\Giang\.gradle\native\100fb08df4bc3b14c8652ba06237920a3bd2aa13389f12d3474272988ae205f9\windows-amd64

VM Arguments:
jvm_args: --add-opens=java.base/java.util=ALL-UNNAMED --add-opens=java.base/java.lang=ALL-UNNAMED --add-opens=java.base/java.lang.invoke=ALL-UNNAMED --add-opens=java.prefs/java.util.prefs=ALL-UNNAMED --add-opens=java.base/java.nio.charset=ALL-UNNAMED --add-opens=java.base/java.net=ALL-UNNAMED --add-opens=java.base/java.util.concurrent.atomic=ALL-UNNAMED -XX:MaxMetaspaceSize=384m -XX:+HeapDumpOnOutOfMemoryError -Xms256m -Xmx512m -Dfile.encoding=windows-1252 -Duser.country=US -Duser.language=en -Duser.variant -javaagent:C:\Users\Giang\.gradle\wrapper\dists\gradle-8.8-bin\dl7vupf4psengwqhwktix4v1\gradle-8.8\lib\agents\gradle-instrumentation-agent-8.8.jar 
java_command: org.gradle.launcher.daemon.bootstrap.GradleDaemon 8.8
java_class_path (initial): C:\Users\Giang\.gradle\wrapper\dists\gradle-8.8-bin\dl7vupf4psengwqhwktix4v1\gradle-8.8\lib\gradle-launcher-8.8.jar
Launcher Type: SUN_STANDARD

[Global flags]
     intx CICompilerCount                          = 3                                         {product} {ergonomic}
   size_t CompressedClassSpaceSize                 = 335544320                                 {product} {ergonomic}
     uint ConcGCThreads                            = 1                                         {product} {ergonomic}
     uint G1ConcRefinementThreads                  = 4                                         {product} {ergonomic}
   size_t G1HeapRegionSize                         = 1048576                                   {product} {ergonomic}
    uintx GCDrainStackTargetSize                   = 64                                        {product} {ergonomic}
     bool HeapDumpOnOutOfMemoryError               = true                                   {manageable} {command line}
   size_t InitialHeapSize                          = 268435456                                 {product} {command line}
   size_t MarkStackSize                            = 4194304                                   {product} {ergonomic}
   size_t MaxHeapSize                              = 536870912                                 {product} {command line}
   size_t MaxMetaspaceSize                         = 402653184                                 {product} {command line}
   size_t MaxNewSize                               = 321912832                                 {product} {ergonomic}
   size_t MinHeapDeltaBytes                        = 1048576                                   {product} {ergonomic}
   size_t MinHeapSize                              = 268435456                                 {product} {command line}
    uintx NonNMethodCodeHeapSize                   = 5832780                                {pd product} {ergonomic}
    uintx NonProfiledCodeHeapSize                  = 122912730                              {pd product} {ergonomic}
    uintx ProfiledCodeHeapSize                     = 122912730                              {pd product} {ergonomic}
    uintx ReservedCodeCacheSize                    = 251658240                              {pd product} {ergonomic}
     bool SegmentedCodeCache                       = true                                      {product} {ergonomic}
   size_t SoftMaxHeapSize                          = 536870912                              {manageable} {ergonomic}
     bool UseCompressedClassPointers               = true                           {product lp64_product} {ergonomic}
     bool UseCompressedOops                        = true                           {product lp64_product} {ergonomic}
     bool UseG1GC                                  = true                                      {product} {ergonomic}
     bool UseLargePagesIndividualAllocation        = false                                  {pd product} {ergonomic}

Logging:
Log output configuration:
 #0: stdout all=warning uptime,level,tags
 #1: stderr all=off uptime,level,tags

Environment Variables:
PATH=C:\Program Files\Common Files\Oracle\Java\javapath;C:\Windows\system32;C:\Windows;C:\Windows\System32\Wbem;C:\Windows\System32\WindowsPowerShell\v1.0\;C:\Windows\System32\OpenSSH\;C:\Program Files\MySQL\MySQL Server 8.0\bin;%JAVA_HOME%\bin;C:\Gradle\gradle-6.8\bin;C:\Program Files\Git\cmd;C:\Program Files\Java\jdk-17\bin;C:\Program Files\nodejs\;C:\Program Files\MySQL\MySQL Shell 8.0\bin\;C:\Users\Giang\AppData\Local\Microsoft\WindowsApps;C:\Users\Giang\AppData\Local\GitHubDesktop\bin;D:\Microsoft VS Code\bin;C:\Users\Giang\AppData\Roaming\npm
USERNAME=Giang
OS=Windows_NT
PROCESSOR_IDENTIFIER=Intel64 Family 6 Model 61 Stepping 4, GenuineIntel
TMP=C:\Users\Giang\AppData\Local\Temp
TEMP=C:\Users\Giang\AppData\Local\Temp



Periodic native trim disabled


---------------  S Y S T E M  ---------------

OS:
 Windows 10 , 64 bit Build 19041 (10.0.19041.4597)
OS uptime: 0 days 10:34 hours

CPU: total 4 (initial active 4) (2 cores per cpu, 2 threads per core) family 6 model 61 stepping 4 microcode 0x2d, cx8, cmov, fxsr, ht, mmx, 3dnowpref, sse, sse2, sse3, ssse3, sse4.1, sse4.2, popcnt, lzcnt, tsc, tscinvbit, avx, avx2, aes, erms, clmul, bmi1, bmi2, rtm, adx, fma, vzeroupper, clflush
Processor Information for all 4 processors :
  Max Mhz: 2594, Current Mhz: 2594, Mhz Limit: 2594

Memory: 4k page, system-wide physical 7887M (398M free)
TotalPageFile size 15055M (AvailPageFile size 2M)
current process WorkingSet (physical memory assigned to process): 365M, peak: 416M
current process commit charge ("private bytes"): 471M, peak: 514M

vm_info: OpenJDK 64-Bit Server VM (17.0.10+7-LTS) for windows-amd64 JRE (17.0.10+7-LTS), built on Jan 10 2024 22:11:07 by "Administrator" with MS VC++ 16.10 / 16.11 (VS2019)

END.
