#
# There is insufficient memory for the Java Runtime Environment to continue.
# Native memory allocation (malloc) failed to allocate 1942416 bytes for Chunk::new
# Possible reasons:
#   The system is out of physical RAM or swap space
#   The process is running with CompressedOops enabled, and the Java Heap may be blocking the growth of the native heap
# Possible solutions:
#   Reduce memory load on the system
#   Increase physical memory or swap space
#   Check if swap backing store is full
#   Decrease Java heap size (-Xmx/-Xms)
#   Decrease number of Java threads
#   Decrease Java thread stack sizes (-Xss)
#   Set larger code cache with -XX:ReservedCodeCacheSize=
#   JVM is running with Unscaled Compressed Oops mode in which the Java heap is
#     placed in the first 4GB address space. The Java Heap base address is the
#     maximum limit for the native heap growth. Please use -XX:HeapBaseMinAddress
#     to set the Java Heap base and to place the Java Heap above 4GB virtual address.
# This output file may be truncated or incomplete.
#
#  Out of Memory Error (arena.cpp:191), pid=6500, tid=11064
#
# JRE version: OpenJDK Runtime Environment Corretto-17.0.10.7.1 (17.0.10+7) (build 17.0.10+7-LTS)
# Java VM: OpenJDK 64-Bit Server VM Corretto-17.0.10.7.1 (17.0.10+7-LTS, mixed mode, sharing, tiered, compressed oops, compressed class ptrs, g1 gc, windows-amd64)
# No core dump will be written. Minidumps are not enabled by default on client versions of Windows
#

---------------  S U M M A R Y ------------

Command Line: --add-opens=java.base/java.util=ALL-UNNAMED --add-opens=java.base/java.lang=ALL-UNNAMED --add-opens=java.base/java.lang.invoke=ALL-UNNAMED --add-opens=java.prefs/java.util.prefs=ALL-UNNAMED --add-opens=java.base/java.nio.charset=ALL-UNNAMED --add-opens=java.base/java.net=ALL-UNNAMED --add-opens=java.base/java.util.concurrent.atomic=ALL-UNNAMED -XX:MaxMetaspaceSize=384m -XX:+HeapDumpOnOutOfMemoryError -Xms256m -Xmx512m -Dfile.encoding=windows-1252 -Duser.country=US -Duser.language=en -Duser.variant -javaagent:C:\Users\Giang\.gradle\wrapper\dists\gradle-8.8-bin\dl7vupf4psengwqhwktix4v1\gradle-8.8\lib\agents\gradle-instrumentation-agent-8.8.jar org.gradle.launcher.daemon.bootstrap.GradleDaemon 8.8

Host: Intel(R) Core(TM) i7-5600U CPU @ 2.60GHz, 4 cores, 7G,  Windows 10 , 64 bit Build 19041 (10.0.19041.4717)
Time: Sat Aug 17 02:43:54 2024 SE Asia Standard Time elapsed time: 26.657552 seconds (0d 0h 0m 26s)

---------------  T H R E A D  ---------------

Current thread (0x00000216f819ebe0):  JavaThread "C2 CompilerThread0" daemon [_thread_in_native, id=11064, stack(0x0000003f27d00000,0x0000003f27e00000)]


Current CompileTask:
C2:  26657 3248   !   4       java.net.URLClassLoader::findClass (47 bytes)

Stack: [0x0000003f27d00000,0x0000003f27e00000]
Native frames: (J=compiled Java code, j=interpreted, Vv=VM code, C=native code)
V  [jvm.dll+0x67d2c9]
V  [jvm.dll+0x834b1a]
V  [jvm.dll+0x8365de]
V  [jvm.dll+0x836c43]
V  [jvm.dll+0x2477ff]
V  [jvm.dll+0xac514]
V  [jvm.dll+0xacb5c]
V  [jvm.dll+0x366782]
V  [jvm.dll+0x330bfa]
V  [jvm.dll+0x33009a]
V  [jvm.dll+0x219ef1]
V  [jvm.dll+0x219311]
V  [jvm.dll+0x1a502d]
V  [jvm.dll+0x2290de]
V  [jvm.dll+0x2272ac]
V  [jvm.dll+0x7e9bd7]
V  [jvm.dll+0x7e3fda]
V  [jvm.dll+0x67c1b5]
C  [ucrtbase.dll+0x21bb2]
C  [KERNEL32.DLL+0x17374]
C  [ntdll.dll+0x4cc91]


---------------  P R O C E S S  ---------------

Threads class SMR info:
_java_thread_list=0x00000216feb6cd80, length=36, elements={
0x00000216ece9e780, 0x00000216f8183040, 0x00000216f8184de0, 0x00000216f8199490,
0x00000216f819c580, 0x00000216f819ce50, 0x00000216f819d720, 0x00000216f819ebe0,
0x00000216f819f5a0, 0x00000216f832b720, 0x00000216f816ee20, 0x00000216f84fde50,
0x00000216fd6fcf60, 0x00000216fd720a20, 0x00000216fd0fa4a0, 0x00000216f839f650,
0x00000216fddfe760, 0x00000216fd085690, 0x00000216fd085f40, 0x00000216f8cb8b20,
0x00000216f8cb9030, 0x00000216f8cb9f60, 0x00000216f8cb9540, 0x00000216f8cba470,
0x00000216f8cb8610, 0x00000216f8cba980, 0x00000216f8cbae90, 0x00000216f8cb76e0,
0x00000216f8cb7bf0, 0x00000216f8cb8100, 0x00000216fea6ceb0, 0x00000216fea71aa0,
0x00000216fea6e800, 0x00000216fea71fb0, 0x00000216fea71080, 0x00000216f8649040
}

Java Threads: ( => current thread )
  0x00000216ece9e780 JavaThread "main" [_thread_blocked, id=11348, stack(0x0000003f27000000,0x0000003f27100000)]
  0x00000216f8183040 JavaThread "Reference Handler" daemon [_thread_blocked, id=1296, stack(0x0000003f27700000,0x0000003f27800000)]
  0x00000216f8184de0 JavaThread "Finalizer" daemon [_thread_blocked, id=2148, stack(0x0000003f27800000,0x0000003f27900000)]
  0x00000216f8199490 JavaThread "Signal Dispatcher" daemon [_thread_blocked, id=2028, stack(0x0000003f27900000,0x0000003f27a00000)]
  0x00000216f819c580 JavaThread "Attach Listener" daemon [_thread_blocked, id=6756, stack(0x0000003f27a00000,0x0000003f27b00000)]
  0x00000216f819ce50 JavaThread "Service Thread" daemon [_thread_blocked, id=12696, stack(0x0000003f27b00000,0x0000003f27c00000)]
  0x00000216f819d720 JavaThread "Monitor Deflation Thread" daemon [_thread_blocked, id=2824, stack(0x0000003f27c00000,0x0000003f27d00000)]
=>0x00000216f819ebe0 JavaThread "C2 CompilerThread0" daemon [_thread_in_native, id=11064, stack(0x0000003f27d00000,0x0000003f27e00000)]
  0x00000216f819f5a0 JavaThread "C1 CompilerThread0" daemon [_thread_in_native, id=9280, stack(0x0000003f27e00000,0x0000003f27f00000)]
  0x00000216f832b720 JavaThread "Sweeper thread" daemon [_thread_blocked, id=8116, stack(0x0000003f27f00000,0x0000003f28000000)]
  0x00000216f816ee20 JavaThread "Common-Cleaner" daemon [_thread_blocked, id=9276, stack(0x0000003f28000000,0x0000003f28100000)]
  0x00000216f84fde50 JavaThread "Notification Thread" daemon [_thread_blocked, id=10992, stack(0x0000003f28100000,0x0000003f28200000)]
  0x00000216fd6fcf60 JavaThread "Daemon health stats" [_thread_blocked, id=6156, stack(0x0000003f28600000,0x0000003f28700000)]
  0x00000216fd720a20 JavaThread "Incoming local TCP Connector on port 49522" [_thread_in_native, id=12292, stack(0x0000003f28700000,0x0000003f28800000)]
  0x00000216fd0fa4a0 JavaThread "Daemon periodic checks" [_thread_blocked, id=9840, stack(0x0000003f28800000,0x0000003f28900000)]
  0x00000216f839f650 JavaThread "Daemon" [_thread_blocked, id=8316, stack(0x0000003f28900000,0x0000003f28a00000)]
  0x00000216fddfe760 JavaThread "Handler for socket connection from /127.0.0.1:49522 to /127.0.0.1:49523" [_thread_in_native, id=13792, stack(0x0000003f28a00000,0x0000003f28b00000)]
  0x00000216fd085690 JavaThread "Cancel handler" [_thread_blocked, id=5144, stack(0x0000003f28b00000,0x0000003f28c00000)]
  0x00000216fd085f40 JavaThread "Daemon worker" [_thread_in_vm, id=2620, stack(0x0000003f28c00000,0x0000003f28d00000)]
  0x00000216f8cb8b20 JavaThread "Asynchronous log dispatcher for DefaultDaemonConnection: socket connection from /127.0.0.1:49522 to /127.0.0.1:49523" [_thread_blocked, id=8244, stack(0x0000003f28d00000,0x0000003f28e00000)]
  0x00000216f8cb9030 JavaThread "Stdin handler" [_thread_blocked, id=7724, stack(0x0000003f28e00000,0x0000003f28f00000)]
  0x00000216f8cb9f60 JavaThread "Daemon client event forwarder" [_thread_blocked, id=8932, stack(0x0000003f28f00000,0x0000003f29000000)]
  0x00000216f8cb9540 JavaThread "Cache worker for journal cache (C:\Users\Giang\.gradle\caches\journal-1)" [_thread_blocked, id=12952, stack(0x0000003f29000000,0x0000003f29100000)]
  0x00000216f8cba470 JavaThread "File lock request listener" [_thread_in_native, id=8672, stack(0x0000003f29100000,0x0000003f29200000)]
  0x00000216f8cb8610 JavaThread "File lock release action executor" [_thread_blocked, id=10272, stack(0x0000003f29200000,0x0000003f29300000)]
  0x00000216f8cba980 JavaThread "Cache worker for file hash cache (C:\Users\Giang\.gradle\caches\8.8\fileHashes)" [_thread_blocked, id=9148, stack(0x0000003f29300000,0x0000003f29400000)]
  0x00000216f8cbae90 JavaThread "Cache worker for file hash cache (D:\OJT\day1\OJT_BE\.gradle\8.8\fileHashes)" [_thread_blocked, id=2400, stack(0x0000003f29400000,0x0000003f29500000)]
  0x00000216f8cb76e0 JavaThread "File watcher server" daemon [_thread_in_native, id=8176, stack(0x0000003f29500000,0x0000003f29600000)]
  0x00000216f8cb7bf0 JavaThread "File watcher consumer" daemon [_thread_blocked, id=11636, stack(0x0000003f29600000,0x0000003f29700000)]
  0x00000216f8cb8100 JavaThread "Cache worker for checksums cache (D:\OJT\day1\OJT_BE\.gradle\8.8\checksums)" [_thread_blocked, id=11164, stack(0x0000003f29700000,0x0000003f29800000)]
  0x00000216fea6ceb0 JavaThread "Cache worker for file content cache (C:\Users\Giang\.gradle\caches\8.8\fileContent)" [_thread_blocked, id=2128, stack(0x0000003f29800000,0x0000003f29900000)]
  0x00000216fea71aa0 JavaThread "Cache worker for cache directory md-rule (C:\Users\Giang\.gradle\caches\8.8\md-rule)" [_thread_blocked, id=4812, stack(0x0000003f29900000,0x0000003f29a00000)]
  0x00000216fea6e800 JavaThread "Cache worker for cache directory md-supplier (C:\Users\Giang\.gradle\caches\8.8\md-supplier)" [_thread_blocked, id=13308, stack(0x0000003f29a00000,0x0000003f29b00000)]
  0x00000216fea71fb0 JavaThread "jar transforms" [_thread_blocked, id=4600, stack(0x0000003f29b00000,0x0000003f29c00000)]
  0x00000216fea71080 JavaThread "jar transforms Thread 2" [_thread_blocked, id=11696, stack(0x0000003f29c00000,0x0000003f29d00000)]
  0x00000216f8649040 JavaThread "C2 CompilerThread1" daemon [_thread_in_native, id=568, stack(0x0000003f29d00000,0x0000003f29e00000)]

Other Threads:
  0x00000216f817f0d0 VMThread "VM Thread" [stack: 0x0000003f27600000,0x0000003f27700000] [id=12744]
  0x00000216f845f710 WatcherThread [stack: 0x0000003f28200000,0x0000003f28300000] [id=9064]
  0x00000216ececf400 GCTaskThread "GC Thread#0" [stack: 0x0000003f27100000,0x0000003f27200000] [id=13816]
  0x00000216f8492ad0 GCTaskThread "GC Thread#1" [stack: 0x0000003f28300000,0x0000003f28400000] [id=13044]
  0x00000216f851dfb0 GCTaskThread "GC Thread#2" [stack: 0x0000003f28400000,0x0000003f28500000] [id=9204]
  0x00000216f851e270 GCTaskThread "GC Thread#3" [stack: 0x0000003f28500000,0x0000003f28600000] [id=4556]
  0x00000216eced5270 ConcurrentGCThread "G1 Main Marker" [stack: 0x0000003f27200000,0x0000003f27300000] [id=13484]
  0x00000216eced5ba0 ConcurrentGCThread "G1 Conc#0" [stack: 0x0000003f27300000,0x0000003f27400000] [id=1028]
  0x00000216ecf5cbb0 ConcurrentGCThread "G1 Refine#0" [stack: 0x0000003f27400000,0x0000003f27500000] [id=10028]
  0x00000216ecf5d4f0 ConcurrentGCThread "G1 Service" [stack: 0x0000003f27500000,0x0000003f27600000] [id=11804]

Threads with active compile tasks:
C2 CompilerThread0    26709 3248   !   4       java.net.URLClassLoader::findClass (47 bytes)
C2 CompilerThread1    26709 3249   !   4       java.net.URLClassLoader$1::run (81 bytes)

VM state: not at safepoint (normal execution)

VM Mutex/Monitor currently owned by a thread: None

Heap address: 0x00000000e0000000, size: 512 MB, Compressed Oops mode: 32-bit

CDS archive(s) mapped at: [0x000002168f000000-0x000002168fbb0000-0x000002168fbb0000), size 12255232, SharedBaseAddress: 0x000002168f000000, ArchiveRelocationMode: 1.
Compressed class space mapped at: 0x0000021690000000-0x00000216a4000000, reserved size: 335544320
Narrow klass base: 0x000002168f000000, Narrow klass shift: 0, Narrow klass range: 0x100000000

GC Precious Log:
 CPUs: 4 total, 4 available
 Memory: 7887M
 Large Page Support: Disabled
 NUMA Support: Disabled
 Compressed Oops: Enabled (32-bit)
 Heap Region Size: 1M
 Heap Min Capacity: 256M
 Heap Initial Capacity: 256M
 Heap Max Capacity: 512M
 Pre-touch: Disabled
 Parallel Workers: 4
 Concurrent Workers: 1
 Concurrent Refinement Workers: 4
 Periodic GC: Disabled

Heap:
 garbage-first heap   total 262144K, used 79886K [0x00000000e0000000, 0x0000000100000000)
  region size 1024K, 68 young (69632K), 12 survivors (12288K)
 Metaspace       used 28223K, committed 28608K, reserved 393216K
  class space    used 4225K, committed 4416K, reserved 327680K

Heap Regions: E=young(eden), S=young(survivor), O=old, HS=humongous(starts), HC=humongous(continues), CS=collection set, F=free, OA=open archive, CA=closed archive, TAMS=top-at-mark-start (previous, next)
|   0|0x00000000e0000000, 0x00000000e0100000, 0x00000000e0100000|100%|HS|  |TAMS 0x00000000e0100000, 0x00000000e0000000| Complete 
|   1|0x00000000e0100000, 0x00000000e0200000, 0x00000000e0200000|100%|HC|  |TAMS 0x00000000e0200000, 0x00000000e0100000| Complete 
|   2|0x00000000e0200000, 0x00000000e0300000, 0x00000000e0300000|100%|HC|  |TAMS 0x00000000e0300000, 0x00000000e0200000| Complete 
|   3|0x00000000e0300000, 0x00000000e0400000, 0x00000000e0400000|100%|HC|  |TAMS 0x00000000e0400000, 0x00000000e0300000| Complete 
|   4|0x00000000e0400000, 0x00000000e0500000, 0x00000000e0500000|100%| O|  |TAMS 0x00000000e0500000, 0x00000000e0400000| Untracked 
|   5|0x00000000e0500000, 0x00000000e0600000, 0x00000000e0600000|100%| O|  |TAMS 0x00000000e0600000, 0x00000000e0500000| Untracked 
|   6|0x00000000e0600000, 0x00000000e0700000, 0x00000000e0700000|100%| O|  |TAMS 0x00000000e0700000, 0x00000000e0600000| Untracked 
|   7|0x00000000e0700000, 0x00000000e0800000, 0x00000000e0800000|100%| O|  |TAMS 0x00000000e0800000, 0x00000000e0700000| Untracked 
|   8|0x00000000e0800000, 0x00000000e0900000, 0x00000000e0900000|100%| O|  |TAMS 0x00000000e0900000, 0x00000000e0800000| Untracked 
|   9|0x00000000e0900000, 0x00000000e0a00000, 0x00000000e0a00000|100%| O|  |TAMS 0x00000000e0a00000, 0x00000000e0900000| Untracked 
|  10|0x00000000e0a00000, 0x00000000e0ad4800, 0x00000000e0b00000| 83%| O|  |TAMS 0x00000000e0ad4800, 0x00000000e0a00000| Untracked 
|  11|0x00000000e0b00000, 0x00000000e0c00000, 0x00000000e0c00000|100%|HS|  |TAMS 0x00000000e0c00000, 0x00000000e0b00000| Complete 
|  12|0x00000000e0c00000, 0x00000000e0c00000, 0x00000000e0d00000|  0%| F|  |TAMS 0x00000000e0c00000, 0x00000000e0c00000| Untracked 
|  13|0x00000000e0d00000, 0x00000000e0d00000, 0x00000000e0e00000|  0%| F|  |TAMS 0x00000000e0d00000, 0x00000000e0d00000| Untracked 
|  14|0x00000000e0e00000, 0x00000000e0e00000, 0x00000000e0f00000|  0%| F|  |TAMS 0x00000000e0e00000, 0x00000000e0e00000| Untracked 
|  15|0x00000000e0f00000, 0x00000000e0f00000, 0x00000000e1000000|  0%| F|  |TAMS 0x00000000e0f00000, 0x00000000e0f00000| Untracked 
|  16|0x00000000e1000000, 0x00000000e1000000, 0x00000000e1100000|  0%| F|  |TAMS 0x00000000e1000000, 0x00000000e1000000| Untracked 
|  17|0x00000000e1100000, 0x00000000e1100000, 0x00000000e1200000|  0%| F|  |TAMS 0x00000000e1100000, 0x00000000e1100000| Untracked 
|  18|0x00000000e1200000, 0x00000000e1200000, 0x00000000e1300000|  0%| F|  |TAMS 0x00000000e1200000, 0x00000000e1200000| Untracked 
|  19|0x00000000e1300000, 0x00000000e1300000, 0x00000000e1400000|  0%| F|  |TAMS 0x00000000e1300000, 0x00000000e1300000| Untracked 
|  20|0x00000000e1400000, 0x00000000e1400000, 0x00000000e1500000|  0%| F|  |TAMS 0x00000000e1400000, 0x00000000e1400000| Untracked 
|  21|0x00000000e1500000, 0x00000000e1500000, 0x00000000e1600000|  0%| F|  |TAMS 0x00000000e1500000, 0x00000000e1500000| Untracked 
|  22|0x00000000e1600000, 0x00000000e1600000, 0x00000000e1700000|  0%| F|  |TAMS 0x00000000e1600000, 0x00000000e1600000| Untracked 
|  23|0x00000000e1700000, 0x00000000e1700000, 0x00000000e1800000|  0%| F|  |TAMS 0x00000000e1700000, 0x00000000e1700000| Untracked 
|  24|0x00000000e1800000, 0x00000000e1800000, 0x00000000e1900000|  0%| F|  |TAMS 0x00000000e1800000, 0x00000000e1800000| Untracked 
|  25|0x00000000e1900000, 0x00000000e1900000, 0x00000000e1a00000|  0%| F|  |TAMS 0x00000000e1900000, 0x00000000e1900000| Untracked 
|  26|0x00000000e1a00000, 0x00000000e1a00000, 0x00000000e1b00000|  0%| F|  |TAMS 0x00000000e1a00000, 0x00000000e1a00000| Untracked 
|  27|0x00000000e1b00000, 0x00000000e1b00000, 0x00000000e1c00000|  0%| F|  |TAMS 0x00000000e1b00000, 0x00000000e1b00000| Untracked 
|  28|0x00000000e1c00000, 0x00000000e1c00000, 0x00000000e1d00000|  0%| F|  |TAMS 0x00000000e1c00000, 0x00000000e1c00000| Untracked 
|  29|0x00000000e1d00000, 0x00000000e1d00000, 0x00000000e1e00000|  0%| F|  |TAMS 0x00000000e1d00000, 0x00000000e1d00000| Untracked 
|  30|0x00000000e1e00000, 0x00000000e1e00000, 0x00000000e1f00000|  0%| F|  |TAMS 0x00000000e1e00000, 0x00000000e1e00000| Untracked 
|  31|0x00000000e1f00000, 0x00000000e1f00000, 0x00000000e2000000|  0%| F|  |TAMS 0x00000000e1f00000, 0x00000000e1f00000| Untracked 
|  32|0x00000000e2000000, 0x00000000e2000000, 0x00000000e2100000|  0%| F|  |TAMS 0x00000000e2000000, 0x00000000e2000000| Untracked 
|  33|0x00000000e2100000, 0x00000000e2100000, 0x00000000e2200000|  0%| F|  |TAMS 0x00000000e2100000, 0x00000000e2100000| Untracked 
|  34|0x00000000e2200000, 0x00000000e2200000, 0x00000000e2300000|  0%| F|  |TAMS 0x00000000e2200000, 0x00000000e2200000| Untracked 
|  35|0x00000000e2300000, 0x00000000e2300000, 0x00000000e2400000|  0%| F|  |TAMS 0x00000000e2300000, 0x00000000e2300000| Untracked 
|  36|0x00000000e2400000, 0x00000000e2400000, 0x00000000e2500000|  0%| F|  |TAMS 0x00000000e2400000, 0x00000000e2400000| Untracked 
|  37|0x00000000e2500000, 0x00000000e2500000, 0x00000000e2600000|  0%| F|  |TAMS 0x00000000e2500000, 0x00000000e2500000| Untracked 
|  38|0x00000000e2600000, 0x00000000e2600000, 0x00000000e2700000|  0%| F|  |TAMS 0x00000000e2600000, 0x00000000e2600000| Untracked 
|  39|0x00000000e2700000, 0x00000000e2700000, 0x00000000e2800000|  0%| F|  |TAMS 0x00000000e2700000, 0x00000000e2700000| Untracked 
|  40|0x00000000e2800000, 0x00000000e2800000, 0x00000000e2900000|  0%| F|  |TAMS 0x00000000e2800000, 0x00000000e2800000| Untracked 
|  41|0x00000000e2900000, 0x00000000e2900000, 0x00000000e2a00000|  0%| F|  |TAMS 0x00000000e2900000, 0x00000000e2900000| Untracked 
|  42|0x00000000e2a00000, 0x00000000e2a00000, 0x00000000e2b00000|  0%| F|  |TAMS 0x00000000e2a00000, 0x00000000e2a00000| Untracked 
|  43|0x00000000e2b00000, 0x00000000e2b00000, 0x00000000e2c00000|  0%| F|  |TAMS 0x00000000e2b00000, 0x00000000e2b00000| Untracked 
|  44|0x00000000e2c00000, 0x00000000e2c00000, 0x00000000e2d00000|  0%| F|  |TAMS 0x00000000e2c00000, 0x00000000e2c00000| Untracked 
|  45|0x00000000e2d00000, 0x00000000e2d00000, 0x00000000e2e00000|  0%| F|  |TAMS 0x00000000e2d00000, 0x00000000e2d00000| Untracked 
|  46|0x00000000e2e00000, 0x00000000e2e00000, 0x00000000e2f00000|  0%| F|  |TAMS 0x00000000e2e00000, 0x00000000e2e00000| Untracked 
|  47|0x00000000e2f00000, 0x00000000e2f00000, 0x00000000e3000000|  0%| F|  |TAMS 0x00000000e2f00000, 0x00000000e2f00000| Untracked 
|  48|0x00000000e3000000, 0x00000000e3000000, 0x00000000e3100000|  0%| F|  |TAMS 0x00000000e3000000, 0x00000000e3000000| Untracked 
|  49|0x00000000e3100000, 0x00000000e3100000, 0x00000000e3200000|  0%| F|  |TAMS 0x00000000e3100000, 0x00000000e3100000| Untracked 
|  50|0x00000000e3200000, 0x00000000e3200000, 0x00000000e3300000|  0%| F|  |TAMS 0x00000000e3200000, 0x00000000e3200000| Untracked 
|  51|0x00000000e3300000, 0x00000000e3300000, 0x00000000e3400000|  0%| F|  |TAMS 0x00000000e3300000, 0x00000000e3300000| Untracked 
|  52|0x00000000e3400000, 0x00000000e3400000, 0x00000000e3500000|  0%| F|  |TAMS 0x00000000e3400000, 0x00000000e3400000| Untracked 
|  53|0x00000000e3500000, 0x00000000e3500000, 0x00000000e3600000|  0%| F|  |TAMS 0x00000000e3500000, 0x00000000e3500000| Untracked 
|  54|0x00000000e3600000, 0x00000000e3600000, 0x00000000e3700000|  0%| F|  |TAMS 0x00000000e3600000, 0x00000000e3600000| Untracked 
|  55|0x00000000e3700000, 0x00000000e3700000, 0x00000000e3800000|  0%| F|  |TAMS 0x00000000e3700000, 0x00000000e3700000| Untracked 
|  56|0x00000000e3800000, 0x00000000e3800000, 0x00000000e3900000|  0%| F|  |TAMS 0x00000000e3800000, 0x00000000e3800000| Untracked 
|  57|0x00000000e3900000, 0x00000000e3900000, 0x00000000e3a00000|  0%| F|  |TAMS 0x00000000e3900000, 0x00000000e3900000| Untracked 
|  58|0x00000000e3a00000, 0x00000000e3a00000, 0x00000000e3b00000|  0%| F|  |TAMS 0x00000000e3a00000, 0x00000000e3a00000| Untracked 
|  59|0x00000000e3b00000, 0x00000000e3b00000, 0x00000000e3c00000|  0%| F|  |TAMS 0x00000000e3b00000, 0x00000000e3b00000| Untracked 
|  60|0x00000000e3c00000, 0x00000000e3c00000, 0x00000000e3d00000|  0%| F|  |TAMS 0x00000000e3c00000, 0x00000000e3c00000| Untracked 
|  61|0x00000000e3d00000, 0x00000000e3d00000, 0x00000000e3e00000|  0%| F|  |TAMS 0x00000000e3d00000, 0x00000000e3d00000| Untracked 
|  62|0x00000000e3e00000, 0x00000000e3e00000, 0x00000000e3f00000|  0%| F|  |TAMS 0x00000000e3e00000, 0x00000000e3e00000| Untracked 
|  63|0x00000000e3f00000, 0x00000000e3f00000, 0x00000000e4000000|  0%| F|  |TAMS 0x00000000e3f00000, 0x00000000e3f00000| Untracked 
|  64|0x00000000e4000000, 0x00000000e4000000, 0x00000000e4100000|  0%| F|  |TAMS 0x00000000e4000000, 0x00000000e4000000| Untracked 
|  65|0x00000000e4100000, 0x00000000e4100000, 0x00000000e4200000|  0%| F|  |TAMS 0x00000000e4100000, 0x00000000e4100000| Untracked 
|  66|0x00000000e4200000, 0x00000000e4200000, 0x00000000e4300000|  0%| F|  |TAMS 0x00000000e4200000, 0x00000000e4200000| Untracked 
|  67|0x00000000e4300000, 0x00000000e4300000, 0x00000000e4400000|  0%| F|  |TAMS 0x00000000e4300000, 0x00000000e4300000| Untracked 
|  68|0x00000000e4400000, 0x00000000e4400000, 0x00000000e4500000|  0%| F|  |TAMS 0x00000000e4400000, 0x00000000e4400000| Untracked 
|  69|0x00000000e4500000, 0x00000000e4500000, 0x00000000e4600000|  0%| F|  |TAMS 0x00000000e4500000, 0x00000000e4500000| Untracked 
|  70|0x00000000e4600000, 0x00000000e4600000, 0x00000000e4700000|  0%| F|  |TAMS 0x00000000e4600000, 0x00000000e4600000| Untracked 
|  71|0x00000000e4700000, 0x00000000e4700000, 0x00000000e4800000|  0%| F|  |TAMS 0x00000000e4700000, 0x00000000e4700000| Untracked 
|  72|0x00000000e4800000, 0x00000000e4800000, 0x00000000e4900000|  0%| F|  |TAMS 0x00000000e4800000, 0x00000000e4800000| Untracked 
|  73|0x00000000e4900000, 0x00000000e4900000, 0x00000000e4a00000|  0%| F|  |TAMS 0x00000000e4900000, 0x00000000e4900000| Untracked 
|  74|0x00000000e4a00000, 0x00000000e4a00000, 0x00000000e4b00000|  0%| F|  |TAMS 0x00000000e4a00000, 0x00000000e4a00000| Untracked 
|  75|0x00000000e4b00000, 0x00000000e4b00000, 0x00000000e4c00000|  0%| F|  |TAMS 0x00000000e4b00000, 0x00000000e4b00000| Untracked 
|  76|0x00000000e4c00000, 0x00000000e4c00000, 0x00000000e4d00000|  0%| F|  |TAMS 0x00000000e4c00000, 0x00000000e4c00000| Untracked 
|  77|0x00000000e4d00000, 0x00000000e4d00000, 0x00000000e4e00000|  0%| F|  |TAMS 0x00000000e4d00000, 0x00000000e4d00000| Untracked 
|  78|0x00000000e4e00000, 0x00000000e4e00000, 0x00000000e4f00000|  0%| F|  |TAMS 0x00000000e4e00000, 0x00000000e4e00000| Untracked 
|  79|0x00000000e4f00000, 0x00000000e4f00000, 0x00000000e5000000|  0%| F|  |TAMS 0x00000000e4f00000, 0x00000000e4f00000| Untracked 
|  80|0x00000000e5000000, 0x00000000e5000000, 0x00000000e5100000|  0%| F|  |TAMS 0x00000000e5000000, 0x00000000e5000000| Untracked 
|  81|0x00000000e5100000, 0x00000000e5100000, 0x00000000e5200000|  0%| F|  |TAMS 0x00000000e5100000, 0x00000000e5100000| Untracked 
|  82|0x00000000e5200000, 0x00000000e5200000, 0x00000000e5300000|  0%| F|  |TAMS 0x00000000e5200000, 0x00000000e5200000| Untracked 
|  83|0x00000000e5300000, 0x00000000e5300000, 0x00000000e5400000|  0%| F|  |TAMS 0x00000000e5300000, 0x00000000e5300000| Untracked 
|  84|0x00000000e5400000, 0x00000000e5400000, 0x00000000e5500000|  0%| F|  |TAMS 0x00000000e5400000, 0x00000000e5400000| Untracked 
|  85|0x00000000e5500000, 0x00000000e5500000, 0x00000000e5600000|  0%| F|  |TAMS 0x00000000e5500000, 0x00000000e5500000| Untracked 
|  86|0x00000000e5600000, 0x00000000e5600000, 0x00000000e5700000|  0%| F|  |TAMS 0x00000000e5600000, 0x00000000e5600000| Untracked 
|  87|0x00000000e5700000, 0x00000000e5700000, 0x00000000e5800000|  0%| F|  |TAMS 0x00000000e5700000, 0x00000000e5700000| Untracked 
|  88|0x00000000e5800000, 0x00000000e5800000, 0x00000000e5900000|  0%| F|  |TAMS 0x00000000e5800000, 0x00000000e5800000| Untracked 
|  89|0x00000000e5900000, 0x00000000e5900000, 0x00000000e5a00000|  0%| F|  |TAMS 0x00000000e5900000, 0x00000000e5900000| Untracked 
|  90|0x00000000e5a00000, 0x00000000e5a00000, 0x00000000e5b00000|  0%| F|  |TAMS 0x00000000e5a00000, 0x00000000e5a00000| Untracked 
|  91|0x00000000e5b00000, 0x00000000e5b00000, 0x00000000e5c00000|  0%| F|  |TAMS 0x00000000e5b00000, 0x00000000e5b00000| Untracked 
|  92|0x00000000e5c00000, 0x00000000e5c00000, 0x00000000e5d00000|  0%| F|  |TAMS 0x00000000e5c00000, 0x00000000e5c00000| Untracked 
|  93|0x00000000e5d00000, 0x00000000e5d00000, 0x00000000e5e00000|  0%| F|  |TAMS 0x00000000e5d00000, 0x00000000e5d00000| Untracked 
|  94|0x00000000e5e00000, 0x00000000e5e00000, 0x00000000e5f00000|  0%| F|  |TAMS 0x00000000e5e00000, 0x00000000e5e00000| Untracked 
|  95|0x00000000e5f00000, 0x00000000e5f00000, 0x00000000e6000000|  0%| F|  |TAMS 0x00000000e5f00000, 0x00000000e5f00000| Untracked 
|  96|0x00000000e6000000, 0x00000000e6000000, 0x00000000e6100000|  0%| F|  |TAMS 0x00000000e6000000, 0x00000000e6000000| Untracked 
|  97|0x00000000e6100000, 0x00000000e6100000, 0x00000000e6200000|  0%| F|  |TAMS 0x00000000e6100000, 0x00000000e6100000| Untracked 
|  98|0x00000000e6200000, 0x00000000e6200000, 0x00000000e6300000|  0%| F|  |TAMS 0x00000000e6200000, 0x00000000e6200000| Untracked 
|  99|0x00000000e6300000, 0x00000000e6300000, 0x00000000e6400000|  0%| F|  |TAMS 0x00000000e6300000, 0x00000000e6300000| Untracked 
| 100|0x00000000e6400000, 0x00000000e6400000, 0x00000000e6500000|  0%| F|  |TAMS 0x00000000e6400000, 0x00000000e6400000| Untracked 
| 101|0x00000000e6500000, 0x00000000e6500000, 0x00000000e6600000|  0%| F|  |TAMS 0x00000000e6500000, 0x00000000e6500000| Untracked 
| 102|0x00000000e6600000, 0x00000000e6600000, 0x00000000e6700000|  0%| F|  |TAMS 0x00000000e6600000, 0x00000000e6600000| Untracked 
| 103|0x00000000e6700000, 0x00000000e6700000, 0x00000000e6800000|  0%| F|  |TAMS 0x00000000e6700000, 0x00000000e6700000| Untracked 
| 104|0x00000000e6800000, 0x00000000e6800000, 0x00000000e6900000|  0%| F|  |TAMS 0x00000000e6800000, 0x00000000e6800000| Untracked 
| 105|0x00000000e6900000, 0x00000000e6900000, 0x00000000e6a00000|  0%| F|  |TAMS 0x00000000e6900000, 0x00000000e6900000| Untracked 
| 106|0x00000000e6a00000, 0x00000000e6a00000, 0x00000000e6b00000|  0%| F|  |TAMS 0x00000000e6a00000, 0x00000000e6a00000| Untracked 
| 107|0x00000000e6b00000, 0x00000000e6b00000, 0x00000000e6c00000|  0%| F|  |TAMS 0x00000000e6b00000, 0x00000000e6b00000| Untracked 
| 108|0x00000000e6c00000, 0x00000000e6c00000, 0x00000000e6d00000|  0%| F|  |TAMS 0x00000000e6c00000, 0x00000000e6c00000| Untracked 
| 109|0x00000000e6d00000, 0x00000000e6d00000, 0x00000000e6e00000|  0%| F|  |TAMS 0x00000000e6d00000, 0x00000000e6d00000| Untracked 
| 110|0x00000000e6e00000, 0x00000000e6e00000, 0x00000000e6f00000|  0%| F|  |TAMS 0x00000000e6e00000, 0x00000000e6e00000| Untracked 
| 111|0x00000000e6f00000, 0x00000000e6f00000, 0x00000000e7000000|  0%| F|  |TAMS 0x00000000e6f00000, 0x00000000e6f00000| Untracked 
| 112|0x00000000e7000000, 0x00000000e7000000, 0x00000000e7100000|  0%| F|  |TAMS 0x00000000e7000000, 0x00000000e7000000| Untracked 
| 113|0x00000000e7100000, 0x00000000e7100000, 0x00000000e7200000|  0%| F|  |TAMS 0x00000000e7100000, 0x00000000e7100000| Untracked 
| 114|0x00000000e7200000, 0x00000000e7200000, 0x00000000e7300000|  0%| F|  |TAMS 0x00000000e7200000, 0x00000000e7200000| Untracked 
| 115|0x00000000e7300000, 0x00000000e7300000, 0x00000000e7400000|  0%| F|  |TAMS 0x00000000e7300000, 0x00000000e7300000| Untracked 
| 116|0x00000000e7400000, 0x00000000e7400000, 0x00000000e7500000|  0%| F|  |TAMS 0x00000000e7400000, 0x00000000e7400000| Untracked 
| 117|0x00000000e7500000, 0x00000000e7500000, 0x00000000e7600000|  0%| F|  |TAMS 0x00000000e7500000, 0x00000000e7500000| Untracked 
| 118|0x00000000e7600000, 0x00000000e7600000, 0x00000000e7700000|  0%| F|  |TAMS 0x00000000e7600000, 0x00000000e7600000| Untracked 
| 119|0x00000000e7700000, 0x00000000e7700000, 0x00000000e7800000|  0%| F|  |TAMS 0x00000000e7700000, 0x00000000e7700000| Untracked 
| 120|0x00000000e7800000, 0x00000000e7800000, 0x00000000e7900000|  0%| F|  |TAMS 0x00000000e7800000, 0x00000000e7800000| Untracked 
| 121|0x00000000e7900000, 0x00000000e7900000, 0x00000000e7a00000|  0%| F|  |TAMS 0x00000000e7900000, 0x00000000e7900000| Untracked 
| 122|0x00000000e7a00000, 0x00000000e7a00000, 0x00000000e7b00000|  0%| F|  |TAMS 0x00000000e7a00000, 0x00000000e7a00000| Untracked 
| 123|0x00000000e7b00000, 0x00000000e7b00000, 0x00000000e7c00000|  0%| F|  |TAMS 0x00000000e7b00000, 0x00000000e7b00000| Untracked 
| 124|0x00000000e7c00000, 0x00000000e7c00000, 0x00000000e7d00000|  0%| F|  |TAMS 0x00000000e7c00000, 0x00000000e7c00000| Untracked 
| 125|0x00000000e7d00000, 0x00000000e7d00000, 0x00000000e7e00000|  0%| F|  |TAMS 0x00000000e7d00000, 0x00000000e7d00000| Untracked 
| 126|0x00000000e7e00000, 0x00000000e7e2f0a0, 0x00000000e7f00000| 18%| S|CS|TAMS 0x00000000e7e00000, 0x00000000e7e00000| Complete 
| 127|0x00000000e7f00000, 0x00000000e8000000, 0x00000000e8000000|100%| S|CS|TAMS 0x00000000e7f00000, 0x00000000e7f00000| Complete 
| 128|0x00000000e8000000, 0x00000000e8100000, 0x00000000e8100000|100%| S|CS|TAMS 0x00000000e8000000, 0x00000000e8000000| Complete 
| 129|0x00000000e8100000, 0x00000000e8200000, 0x00000000e8200000|100%| S|CS|TAMS 0x00000000e8100000, 0x00000000e8100000| Complete 
| 130|0x00000000e8200000, 0x00000000e8300000, 0x00000000e8300000|100%| S|CS|TAMS 0x00000000e8200000, 0x00000000e8200000| Complete 
| 131|0x00000000e8300000, 0x00000000e8400000, 0x00000000e8400000|100%| S|CS|TAMS 0x00000000e8300000, 0x00000000e8300000| Complete 
| 132|0x00000000e8400000, 0x00000000e8500000, 0x00000000e8500000|100%| S|CS|TAMS 0x00000000e8400000, 0x00000000e8400000| Complete 
| 133|0x00000000e8500000, 0x00000000e8600000, 0x00000000e8600000|100%| S|CS|TAMS 0x00000000e8500000, 0x00000000e8500000| Complete 
| 134|0x00000000e8600000, 0x00000000e8700000, 0x00000000e8700000|100%| S|CS|TAMS 0x00000000e8600000, 0x00000000e8600000| Complete 
| 135|0x00000000e8700000, 0x00000000e8800000, 0x00000000e8800000|100%| S|CS|TAMS 0x00000000e8700000, 0x00000000e8700000| Complete 
| 136|0x00000000e8800000, 0x00000000e8900000, 0x00000000e8900000|100%| S|CS|TAMS 0x00000000e8800000, 0x00000000e8800000| Complete 
| 137|0x00000000e8900000, 0x00000000e8a00000, 0x00000000e8a00000|100%| S|CS|TAMS 0x00000000e8900000, 0x00000000e8900000| Complete 
| 138|0x00000000e8a00000, 0x00000000e8a00000, 0x00000000e8b00000|  0%| F|  |TAMS 0x00000000e8a00000, 0x00000000e8a00000| Untracked 
| 139|0x00000000e8b00000, 0x00000000e8b00000, 0x00000000e8c00000|  0%| F|  |TAMS 0x00000000e8b00000, 0x00000000e8b00000| Untracked 
| 140|0x00000000e8c00000, 0x00000000e8c00000, 0x00000000e8d00000|  0%| F|  |TAMS 0x00000000e8c00000, 0x00000000e8c00000| Untracked 
| 141|0x00000000e8d00000, 0x00000000e8d00000, 0x00000000e8e00000|  0%| F|  |TAMS 0x00000000e8d00000, 0x00000000e8d00000| Untracked 
| 142|0x00000000e8e00000, 0x00000000e8e00000, 0x00000000e8f00000|  0%| F|  |TAMS 0x00000000e8e00000, 0x00000000e8e00000| Untracked 
| 143|0x00000000e8f00000, 0x00000000e8f00000, 0x00000000e9000000|  0%| F|  |TAMS 0x00000000e8f00000, 0x00000000e8f00000| Untracked 
| 144|0x00000000e9000000, 0x00000000e9000000, 0x00000000e9100000|  0%| F|  |TAMS 0x00000000e9000000, 0x00000000e9000000| Untracked 
| 145|0x00000000e9100000, 0x00000000e9100000, 0x00000000e9200000|  0%| F|  |TAMS 0x00000000e9100000, 0x00000000e9100000| Untracked 
| 146|0x00000000e9200000, 0x00000000e9200000, 0x00000000e9300000|  0%| F|  |TAMS 0x00000000e9200000, 0x00000000e9200000| Untracked 
| 147|0x00000000e9300000, 0x00000000e9300000, 0x00000000e9400000|  0%| F|  |TAMS 0x00000000e9300000, 0x00000000e9300000| Untracked 
| 148|0x00000000e9400000, 0x00000000e9400000, 0x00000000e9500000|  0%| F|  |TAMS 0x00000000e9400000, 0x00000000e9400000| Untracked 
| 149|0x00000000e9500000, 0x00000000e9500000, 0x00000000e9600000|  0%| F|  |TAMS 0x00000000e9500000, 0x00000000e9500000| Untracked 
| 150|0x00000000e9600000, 0x00000000e9600000, 0x00000000e9700000|  0%| F|  |TAMS 0x00000000e9600000, 0x00000000e9600000| Untracked 
| 151|0x00000000e9700000, 0x00000000e9700000, 0x00000000e9800000|  0%| F|  |TAMS 0x00000000e9700000, 0x00000000e9700000| Untracked 
| 152|0x00000000e9800000, 0x00000000e9800000, 0x00000000e9900000|  0%| F|  |TAMS 0x00000000e9800000, 0x00000000e9800000| Untracked 
| 153|0x00000000e9900000, 0x00000000e9900000, 0x00000000e9a00000|  0%| F|  |TAMS 0x00000000e9900000, 0x00000000e9900000| Untracked 
| 154|0x00000000e9a00000, 0x00000000e9a00000, 0x00000000e9b00000|  0%| F|  |TAMS 0x00000000e9a00000, 0x00000000e9a00000| Untracked 
| 155|0x00000000e9b00000, 0x00000000e9b00000, 0x00000000e9c00000|  0%| F|  |TAMS 0x00000000e9b00000, 0x00000000e9b00000| Untracked 
| 156|0x00000000e9c00000, 0x00000000e9c00000, 0x00000000e9d00000|  0%| F|  |TAMS 0x00000000e9c00000, 0x00000000e9c00000| Untracked 
| 157|0x00000000e9d00000, 0x00000000e9d00000, 0x00000000e9e00000|  0%| F|  |TAMS 0x00000000e9d00000, 0x00000000e9d00000| Untracked 
| 158|0x00000000e9e00000, 0x00000000e9e00000, 0x00000000e9f00000|  0%| F|  |TAMS 0x00000000e9e00000, 0x00000000e9e00000| Untracked 
| 159|0x00000000e9f00000, 0x00000000e9f00000, 0x00000000ea000000|  0%| F|  |TAMS 0x00000000e9f00000, 0x00000000e9f00000| Untracked 
| 160|0x00000000ea000000, 0x00000000ea000000, 0x00000000ea100000|  0%| F|  |TAMS 0x00000000ea000000, 0x00000000ea000000| Untracked 
| 161|0x00000000ea100000, 0x00000000ea100000, 0x00000000ea200000|  0%| F|  |TAMS 0x00000000ea100000, 0x00000000ea100000| Untracked 
| 162|0x00000000ea200000, 0x00000000ea200000, 0x00000000ea300000|  0%| F|  |TAMS 0x00000000ea200000, 0x00000000ea200000| Untracked 
| 163|0x00000000ea300000, 0x00000000ea300000, 0x00000000ea400000|  0%| F|  |TAMS 0x00000000ea300000, 0x00000000ea300000| Untracked 
| 164|0x00000000ea400000, 0x00000000ea400000, 0x00000000ea500000|  0%| F|  |TAMS 0x00000000ea400000, 0x00000000ea400000| Untracked 
| 165|0x00000000ea500000, 0x00000000ea500000, 0x00000000ea600000|  0%| F|  |TAMS 0x00000000ea500000, 0x00000000ea500000| Untracked 
| 166|0x00000000ea600000, 0x00000000ea600000, 0x00000000ea700000|  0%| F|  |TAMS 0x00000000ea600000, 0x00000000ea600000| Untracked 
| 167|0x00000000ea700000, 0x00000000ea700000, 0x00000000ea800000|  0%| F|  |TAMS 0x00000000ea700000, 0x00000000ea700000| Untracked 
| 168|0x00000000ea800000, 0x00000000ea800000, 0x00000000ea900000|  0%| F|  |TAMS 0x00000000ea800000, 0x00000000ea800000| Untracked 
| 169|0x00000000ea900000, 0x00000000ea900000, 0x00000000eaa00000|  0%| F|  |TAMS 0x00000000ea900000, 0x00000000ea900000| Untracked 
| 170|0x00000000eaa00000, 0x00000000eaa00000, 0x00000000eab00000|  0%| F|  |TAMS 0x00000000eaa00000, 0x00000000eaa00000| Untracked 
| 171|0x00000000eab00000, 0x00000000eab00000, 0x00000000eac00000|  0%| F|  |TAMS 0x00000000eab00000, 0x00000000eab00000| Untracked 
| 172|0x00000000eac00000, 0x00000000eac00000, 0x00000000ead00000|  0%| F|  |TAMS 0x00000000eac00000, 0x00000000eac00000| Untracked 
| 173|0x00000000ead00000, 0x00000000ead00000, 0x00000000eae00000|  0%| F|  |TAMS 0x00000000ead00000, 0x00000000ead00000| Untracked 
| 174|0x00000000eae00000, 0x00000000eae00000, 0x00000000eaf00000|  0%| F|  |TAMS 0x00000000eae00000, 0x00000000eae00000| Untracked 
| 175|0x00000000eaf00000, 0x00000000eaf00000, 0x00000000eb000000|  0%| F|  |TAMS 0x00000000eaf00000, 0x00000000eaf00000| Untracked 
| 176|0x00000000eb000000, 0x00000000eb000000, 0x00000000eb100000|  0%| F|  |TAMS 0x00000000eb000000, 0x00000000eb000000| Untracked 
| 177|0x00000000eb100000, 0x00000000eb100000, 0x00000000eb200000|  0%| F|  |TAMS 0x00000000eb100000, 0x00000000eb100000| Untracked 
| 178|0x00000000eb200000, 0x00000000eb200000, 0x00000000eb300000|  0%| F|  |TAMS 0x00000000eb200000, 0x00000000eb200000| Untracked 
| 179|0x00000000eb300000, 0x00000000eb300000, 0x00000000eb400000|  0%| F|  |TAMS 0x00000000eb300000, 0x00000000eb300000| Untracked 
| 180|0x00000000eb400000, 0x00000000eb400000, 0x00000000eb500000|  0%| F|  |TAMS 0x00000000eb400000, 0x00000000eb400000| Untracked 
| 181|0x00000000eb500000, 0x00000000eb500000, 0x00000000eb600000|  0%| F|  |TAMS 0x00000000eb500000, 0x00000000eb500000| Untracked 
| 182|0x00000000eb600000, 0x00000000eb600000, 0x00000000eb700000|  0%| F|  |TAMS 0x00000000eb600000, 0x00000000eb600000| Untracked 
| 183|0x00000000eb700000, 0x00000000eb700000, 0x00000000eb800000|  0%| F|  |TAMS 0x00000000eb700000, 0x00000000eb700000| Untracked 
| 184|0x00000000eb800000, 0x00000000eb800000, 0x00000000eb900000|  0%| F|  |TAMS 0x00000000eb800000, 0x00000000eb800000| Untracked 
| 185|0x00000000eb900000, 0x00000000eb900000, 0x00000000eba00000|  0%| F|  |TAMS 0x00000000eb900000, 0x00000000eb900000| Untracked 
| 186|0x00000000eba00000, 0x00000000eba00000, 0x00000000ebb00000|  0%| F|  |TAMS 0x00000000eba00000, 0x00000000eba00000| Untracked 
| 187|0x00000000ebb00000, 0x00000000ebb00000, 0x00000000ebc00000|  0%| F|  |TAMS 0x00000000ebb00000, 0x00000000ebb00000| Untracked 
| 188|0x00000000ebc00000, 0x00000000ebc00000, 0x00000000ebd00000|  0%| F|  |TAMS 0x00000000ebc00000, 0x00000000ebc00000| Untracked 
| 189|0x00000000ebd00000, 0x00000000ebd00000, 0x00000000ebe00000|  0%| F|  |TAMS 0x00000000ebd00000, 0x00000000ebd00000| Untracked 
| 190|0x00000000ebe00000, 0x00000000ebe00000, 0x00000000ebf00000|  0%| F|  |TAMS 0x00000000ebe00000, 0x00000000ebe00000| Untracked 
| 191|0x00000000ebf00000, 0x00000000ebf00000, 0x00000000ec000000|  0%| F|  |TAMS 0x00000000ebf00000, 0x00000000ebf00000| Untracked 
| 192|0x00000000ec000000, 0x00000000ec000000, 0x00000000ec100000|  0%| F|  |TAMS 0x00000000ec000000, 0x00000000ec000000| Untracked 
| 193|0x00000000ec100000, 0x00000000ec100000, 0x00000000ec200000|  0%| F|  |TAMS 0x00000000ec100000, 0x00000000ec100000| Untracked 
| 194|0x00000000ec200000, 0x00000000ec200000, 0x00000000ec300000|  0%| F|  |TAMS 0x00000000ec200000, 0x00000000ec200000| Untracked 
| 195|0x00000000ec300000, 0x00000000ec300000, 0x00000000ec400000|  0%| F|  |TAMS 0x00000000ec300000, 0x00000000ec300000| Untracked 
| 196|0x00000000ec400000, 0x00000000ec400000, 0x00000000ec500000|  0%| F|  |TAMS 0x00000000ec400000, 0x00000000ec400000| Untracked 
| 197|0x00000000ec500000, 0x00000000ec500000, 0x00000000ec600000|  0%| F|  |TAMS 0x00000000ec500000, 0x00000000ec500000| Untracked 
| 198|0x00000000ec600000, 0x00000000ec600000, 0x00000000ec700000|  0%| F|  |TAMS 0x00000000ec600000, 0x00000000ec600000| Untracked 
| 199|0x00000000ec700000, 0x00000000ec700000, 0x00000000ec800000|  0%| F|  |TAMS 0x00000000ec700000, 0x00000000ec700000| Untracked 
| 200|0x00000000ec800000, 0x00000000ec900000, 0x00000000ec900000|100%| E|  |TAMS 0x00000000ec800000, 0x00000000ec800000| Complete 
| 201|0x00000000ec900000, 0x00000000eca00000, 0x00000000eca00000|100%| E|CS|TAMS 0x00000000ec900000, 0x00000000ec900000| Complete 
| 202|0x00000000eca00000, 0x00000000ecb00000, 0x00000000ecb00000|100%| E|CS|TAMS 0x00000000eca00000, 0x00000000eca00000| Complete 
| 203|0x00000000ecb00000, 0x00000000ecc00000, 0x00000000ecc00000|100%| E|CS|TAMS 0x00000000ecb00000, 0x00000000ecb00000| Complete 
| 204|0x00000000ecc00000, 0x00000000ecd00000, 0x00000000ecd00000|100%| E|CS|TAMS 0x00000000ecc00000, 0x00000000ecc00000| Complete 
| 205|0x00000000ecd00000, 0x00000000ece00000, 0x00000000ece00000|100%| E|CS|TAMS 0x00000000ecd00000, 0x00000000ecd00000| Complete 
| 206|0x00000000ece00000, 0x00000000ecf00000, 0x00000000ecf00000|100%| E|CS|TAMS 0x00000000ece00000, 0x00000000ece00000| Complete 
| 207|0x00000000ecf00000, 0x00000000ed000000, 0x00000000ed000000|100%| E|CS|TAMS 0x00000000ecf00000, 0x00000000ecf00000| Complete 
| 208|0x00000000ed000000, 0x00000000ed100000, 0x00000000ed100000|100%| E|CS|TAMS 0x00000000ed000000, 0x00000000ed000000| Complete 
| 209|0x00000000ed100000, 0x00000000ed200000, 0x00000000ed200000|100%| E|CS|TAMS 0x00000000ed100000, 0x00000000ed100000| Complete 
| 210|0x00000000ed200000, 0x00000000ed300000, 0x00000000ed300000|100%| E|CS|TAMS 0x00000000ed200000, 0x00000000ed200000| Complete 
| 211|0x00000000ed300000, 0x00000000ed400000, 0x00000000ed400000|100%| E|CS|TAMS 0x00000000ed300000, 0x00000000ed300000| Complete 
| 212|0x00000000ed400000, 0x00000000ed500000, 0x00000000ed500000|100%| E|CS|TAMS 0x00000000ed400000, 0x00000000ed400000| Complete 
| 213|0x00000000ed500000, 0x00000000ed600000, 0x00000000ed600000|100%| E|CS|TAMS 0x00000000ed500000, 0x00000000ed500000| Complete 
| 214|0x00000000ed600000, 0x00000000ed700000, 0x00000000ed700000|100%| E|CS|TAMS 0x00000000ed600000, 0x00000000ed600000| Complete 
| 215|0x00000000ed700000, 0x00000000ed800000, 0x00000000ed800000|100%| E|CS|TAMS 0x00000000ed700000, 0x00000000ed700000| Complete 
| 216|0x00000000ed800000, 0x00000000ed900000, 0x00000000ed900000|100%| E|CS|TAMS 0x00000000ed800000, 0x00000000ed800000| Complete 
| 217|0x00000000ed900000, 0x00000000eda00000, 0x00000000eda00000|100%| E|CS|TAMS 0x00000000ed900000, 0x00000000ed900000| Complete 
| 218|0x00000000eda00000, 0x00000000edb00000, 0x00000000edb00000|100%| E|CS|TAMS 0x00000000eda00000, 0x00000000eda00000| Complete 
| 219|0x00000000edb00000, 0x00000000edc00000, 0x00000000edc00000|100%| E|CS|TAMS 0x00000000edb00000, 0x00000000edb00000| Complete 
| 220|0x00000000edc00000, 0x00000000edd00000, 0x00000000edd00000|100%| E|CS|TAMS 0x00000000edc00000, 0x00000000edc00000| Complete 
| 221|0x00000000edd00000, 0x00000000ede00000, 0x00000000ede00000|100%| E|CS|TAMS 0x00000000edd00000, 0x00000000edd00000| Complete 
| 222|0x00000000ede00000, 0x00000000edf00000, 0x00000000edf00000|100%| E|CS|TAMS 0x00000000ede00000, 0x00000000ede00000| Complete 
| 223|0x00000000edf00000, 0x00000000ee000000, 0x00000000ee000000|100%| E|CS|TAMS 0x00000000edf00000, 0x00000000edf00000| Complete 
| 224|0x00000000ee000000, 0x00000000ee100000, 0x00000000ee100000|100%| E|CS|TAMS 0x00000000ee000000, 0x00000000ee000000| Complete 
| 225|0x00000000ee100000, 0x00000000ee200000, 0x00000000ee200000|100%| E|CS|TAMS 0x00000000ee100000, 0x00000000ee100000| Complete 
| 226|0x00000000ee200000, 0x00000000ee300000, 0x00000000ee300000|100%| E|CS|TAMS 0x00000000ee200000, 0x00000000ee200000| Complete 
| 227|0x00000000ee300000, 0x00000000ee400000, 0x00000000ee400000|100%| E|CS|TAMS 0x00000000ee300000, 0x00000000ee300000| Complete 
| 228|0x00000000ee400000, 0x00000000ee500000, 0x00000000ee500000|100%| E|CS|TAMS 0x00000000ee400000, 0x00000000ee400000| Complete 
| 229|0x00000000ee500000, 0x00000000ee600000, 0x00000000ee600000|100%| E|CS|TAMS 0x00000000ee500000, 0x00000000ee500000| Complete 
| 230|0x00000000ee600000, 0x00000000ee700000, 0x00000000ee700000|100%| E|CS|TAMS 0x00000000ee600000, 0x00000000ee600000| Complete 
| 231|0x00000000ee700000, 0x00000000ee800000, 0x00000000ee800000|100%| E|CS|TAMS 0x00000000ee700000, 0x00000000ee700000| Complete 
| 232|0x00000000ee800000, 0x00000000ee900000, 0x00000000ee900000|100%| E|CS|TAMS 0x00000000ee800000, 0x00000000ee800000| Complete 
| 233|0x00000000ee900000, 0x00000000eea00000, 0x00000000eea00000|100%| E|CS|TAMS 0x00000000ee900000, 0x00000000ee900000| Complete 
| 234|0x00000000eea00000, 0x00000000eeb00000, 0x00000000eeb00000|100%| E|CS|TAMS 0x00000000eea00000, 0x00000000eea00000| Complete 
| 235|0x00000000eeb00000, 0x00000000eec00000, 0x00000000eec00000|100%| E|CS|TAMS 0x00000000eeb00000, 0x00000000eeb00000| Complete 
| 236|0x00000000eec00000, 0x00000000eed00000, 0x00000000eed00000|100%| E|CS|TAMS 0x00000000eec00000, 0x00000000eec00000| Complete 
| 237|0x00000000eed00000, 0x00000000eee00000, 0x00000000eee00000|100%| E|CS|TAMS 0x00000000eed00000, 0x00000000eed00000| Complete 
| 238|0x00000000eee00000, 0x00000000eef00000, 0x00000000eef00000|100%| E|CS|TAMS 0x00000000eee00000, 0x00000000eee00000| Complete 
| 239|0x00000000eef00000, 0x00000000ef000000, 0x00000000ef000000|100%| E|CS|TAMS 0x00000000eef00000, 0x00000000eef00000| Complete 
| 240|0x00000000ef000000, 0x00000000ef100000, 0x00000000ef100000|100%| E|CS|TAMS 0x00000000ef000000, 0x00000000ef000000| Complete 
| 241|0x00000000ef100000, 0x00000000ef200000, 0x00000000ef200000|100%| E|CS|TAMS 0x00000000ef100000, 0x00000000ef100000| Complete 
| 242|0x00000000ef200000, 0x00000000ef300000, 0x00000000ef300000|100%| E|CS|TAMS 0x00000000ef200000, 0x00000000ef200000| Complete 
| 243|0x00000000ef300000, 0x00000000ef400000, 0x00000000ef400000|100%| E|CS|TAMS 0x00000000ef300000, 0x00000000ef300000| Complete 
| 244|0x00000000ef400000, 0x00000000ef500000, 0x00000000ef500000|100%| E|CS|TAMS 0x00000000ef400000, 0x00000000ef400000| Complete 
| 245|0x00000000ef500000, 0x00000000ef600000, 0x00000000ef600000|100%| E|CS|TAMS 0x00000000ef500000, 0x00000000ef500000| Complete 
| 246|0x00000000ef600000, 0x00000000ef700000, 0x00000000ef700000|100%| E|CS|TAMS 0x00000000ef600000, 0x00000000ef600000| Complete 
| 247|0x00000000ef700000, 0x00000000ef800000, 0x00000000ef800000|100%| E|CS|TAMS 0x00000000ef700000, 0x00000000ef700000| Complete 
| 248|0x00000000ef800000, 0x00000000ef900000, 0x00000000ef900000|100%| E|CS|TAMS 0x00000000ef800000, 0x00000000ef800000| Complete 
| 249|0x00000000ef900000, 0x00000000efa00000, 0x00000000efa00000|100%| E|CS|TAMS 0x00000000ef900000, 0x00000000ef900000| Complete 
| 250|0x00000000efa00000, 0x00000000efb00000, 0x00000000efb00000|100%| E|CS|TAMS 0x00000000efa00000, 0x00000000efa00000| Complete 
| 251|0x00000000efb00000, 0x00000000efc00000, 0x00000000efc00000|100%| E|CS|TAMS 0x00000000efb00000, 0x00000000efb00000| Complete 
| 252|0x00000000efc00000, 0x00000000efd00000, 0x00000000efd00000|100%| E|CS|TAMS 0x00000000efc00000, 0x00000000efc00000| Complete 
| 253|0x00000000efd00000, 0x00000000efe00000, 0x00000000efe00000|100%| E|CS|TAMS 0x00000000efd00000, 0x00000000efd00000| Complete 
| 254|0x00000000efe00000, 0x00000000eff00000, 0x00000000eff00000|100%| E|CS|TAMS 0x00000000efe00000, 0x00000000efe00000| Complete 
| 255|0x00000000eff00000, 0x00000000f0000000, 0x00000000f0000000|100%| E|CS|TAMS 0x00000000eff00000, 0x00000000eff00000| Complete 

Card table byte_map: [0x00000216f49c0000,0x00000216f4ac0000] _byte_map_base: 0x00000216f42c0000

Marking Bits (Prev, Next): (CMBitMap*) 0x00000216eced0980, (CMBitMap*) 0x00000216eced0940
 Prev Bits: [0x00000216f53c0000, 0x00000216f5bc0000)
 Next Bits: [0x00000216f4bc0000, 0x00000216f53c0000)

Polling page: 0x00000216ec660000

Metaspace:

Usage:
  Non-class:     23.45 MB used.
      Class:      4.13 MB used.
       Both:     27.58 MB used.

Virtual space:
  Non-class space:       64.00 MB reserved,      23.62 MB ( 37%) committed,  1 nodes.
      Class space:      320.00 MB reserved,       4.31 MB (  1%) committed,  1 nodes.
             Both:      384.00 MB reserved,      27.94 MB (  7%) committed. 

Chunk freelists:
   Non-Class:  8.34 MB
       Class:  11.51 MB
        Both:  19.86 MB

MaxMetaspaceSize: 384.00 MB
CompressedClassSpaceSize: 320.00 MB
Initial GC threshold: 21.00 MB
Current GC threshold: 35.12 MB
CDS: on
MetaspaceReclaimPolicy: balanced
 - commit_granule_bytes: 65536.
 - commit_granule_words: 8192.
 - virtual_space_node_default_size: 8388608.
 - enlarge_chunks_in_place: 1.
 - new_chunks_are_fully_committed: 0.
 - uncommit_free_chunks: 1.
 - use_allocation_guard: 0.
 - handle_deallocations: 1.


Internal statistics:

num_allocs_failed_limit: 3.
num_arena_births: 326.
num_arena_deaths: 0.
num_vsnodes_births: 2.
num_vsnodes_deaths: 0.
num_space_committed: 447.
num_space_uncommitted: 0.
num_chunks_returned_to_freelist: 3.
num_chunks_taken_from_freelist: 1411.
num_chunk_merges: 3.
num_chunk_splits: 929.
num_chunks_enlarged: 648.
num_inconsistent_stats: 0.

CodeHeap 'non-profiled nmethods': size=120000Kb used=1897Kb max_used=1897Kb free=118102Kb
 bounds [0x0000021687ad0000, 0x0000021687d40000, 0x000002168f000000]
CodeHeap 'profiled nmethods': size=120000Kb used=7154Kb max_used=7154Kb free=112845Kb
 bounds [0x0000021680000000, 0x0000021680700000, 0x0000021687530000]
CodeHeap 'non-nmethods': size=5760Kb used=1247Kb max_used=1288Kb free=4512Kb
 bounds [0x0000021687530000, 0x00000216877a0000, 0x0000021687ad0000]
 total_blobs=3905 nmethods=3347 adapters=469
 compilation: enabled
              stopped_count=0, restarted_count=0
 full_count=0

Compilation events (20 events):
Event: 26.547 Thread 0x00000216f819f5a0 3276       3       java.lang.PublicMethods$MethodList::merge (192 bytes)
Event: 26.548 Thread 0x00000216f819f5a0 nmethod 3276 0x00000216806e0a10 code [0x00000216806e0c80, 0x00000216806e1768]
Event: 26.550 Thread 0x00000216f819f5a0 3277       3       org.codehaus.groovy.util.LockableObject::<init> (5 bytes)
Event: 26.550 Thread 0x00000216f819f5a0 nmethod 3277 0x00000216806e1b10 code [0x00000216806e1cc0, 0x00000216806e1ef8]
Event: 26.550 Thread 0x00000216f819f5a0 3278       3       org.codehaus.groovy.util.LazyReference::<init> (17 bytes)
Event: 26.550 Thread 0x00000216f819f5a0 nmethod 3278 0x00000216806e2010 code [0x00000216806e21c0, 0x00000216806e2518]
Event: 26.551 Thread 0x00000216f819f5a0 3279       3       org.codehaus.groovy.util.LazyReference::get (44 bytes)
Event: 26.552 Thread 0x00000216f819f5a0 nmethod 3279 0x00000216806e2690 code [0x00000216806e2880, 0x00000216806e2c88]
Event: 26.552 Thread 0x00000216f819f5a0 3280       1       org.codehaus.groovy.util.ReferenceManager::getReferenceQueue (5 bytes)
Event: 26.553 Thread 0x00000216f819f5a0 nmethod 3280 0x0000021687ca8090 code [0x0000021687ca8220, 0x0000021687ca82f8]
Event: 26.553 Thread 0x00000216f819f5a0 3281       1       org.codehaus.groovy.util.ReferenceBundle::getType (5 bytes)
Event: 26.553 Thread 0x00000216f819f5a0 nmethod 3281 0x0000021687ca8390 code [0x0000021687ca8520, 0x0000021687ca85f8]
Event: 26.553 Thread 0x00000216f819f5a0 3282       1       org.codehaus.groovy.util.ReferenceBundle::getManager (5 bytes)
Event: 26.553 Thread 0x00000216f819f5a0 nmethod 3282 0x0000021687ca8690 code [0x0000021687ca8820, 0x0000021687ca88f8]
Event: 26.554 Thread 0x00000216f819f5a0 3283       3       java.lang.invoke.LambdaFormBuffer::changeName (149 bytes)
Event: 26.555 Thread 0x00000216f819f5a0 nmethod 3283 0x00000216806e2e10 code [0x00000216806e2fe0, 0x00000216806e3528]
Event: 26.555 Thread 0x00000216f819f5a0 3284       3       java.util.Arrays::equals (43 bytes)
Event: 26.556 Thread 0x00000216f819f5a0 nmethod 3284 0x00000216806e3710 code [0x00000216806e38e0, 0x00000216806e3bc8]
Event: 26.563 Thread 0x00000216f819f5a0 3285       3       jdk.internal.org.objectweb.asm.MethodWriter::visitVarInsn (302 bytes)
Event: 26.564 Thread 0x00000216f819f5a0 nmethod 3285 0x00000216806e3c90 code [0x00000216806e3ee0, 0x00000216806e4868]

GC Heap History (8 events):
Event: 2.257 GC heap before
{Heap before GC invocations=0 (full 0):
 garbage-first heap   total 262144K, used 13312K [0x00000000e0000000, 0x0000000100000000)
  region size 1024K, 13 young (13312K), 0 survivors (0K)
 Metaspace       used 791K, committed 896K, reserved 393216K
  class space    used 61K, committed 128K, reserved 327680K
}
Event: 2.279 GC heap after
{Heap after GC invocations=1 (full 0):
 garbage-first heap   total 262144K, used 1664K [0x00000000e0000000, 0x0000000100000000)
  region size 1024K, 2 young (2048K), 2 survivors (2048K)
 Metaspace       used 791K, committed 896K, reserved 393216K
  class space    used 61K, committed 128K, reserved 327680K
}
Event: 3.667 GC heap before
{Heap before GC invocations=1 (full 0):
 garbage-first heap   total 262144K, used 22144K [0x00000000e0000000, 0x0000000100000000)
  region size 1024K, 19 young (19456K), 2 survivors (2048K)
 Metaspace       used 3257K, committed 3392K, reserved 393216K
  class space    used 411K, committed 512K, reserved 327680K
}
Event: 3.675 GC heap after
{Heap after GC invocations=2 (full 0):
 garbage-first heap   total 262144K, used 10959K [0x00000000e0000000, 0x0000000100000000)
  region size 1024K, 3 young (3072K), 3 survivors (3072K)
 Metaspace       used 3257K, committed 3392K, reserved 393216K
  class space    used 411K, committed 512K, reserved 327680K
}
Event: 6.297 GC heap before
{Heap before GC invocations=2 (full 0):
 garbage-first heap   total 262144K, used 41679K [0x00000000e0000000, 0x0000000100000000)
  region size 1024K, 33 young (33792K), 3 survivors (3072K)
 Metaspace       used 4078K, committed 4288K, reserved 393216K
  class space    used 503K, committed 640K, reserved 327680K
}
Event: 6.301 GC heap after
{Heap after GC invocations=3 (full 0):
 garbage-first heap   total 262144K, used 12081K [0x00000000e0000000, 0x0000000100000000)
  region size 1024K, 1 young (1024K), 1 survivors (1024K)
 Metaspace       used 4078K, committed 4288K, reserved 393216K
  class space    used 503K, committed 640K, reserved 327680K
}
Event: 21.364 GC heap before
{Heap before GC invocations=3 (full 0):
 garbage-first heap   total 262144K, used 132913K [0x00000000e0000000, 0x0000000100000000)
  region size 1024K, 118 young (120832K), 1 survivors (1024K)
 Metaspace       used 21243K, committed 21504K, reserved 393216K
  class space    used 3118K, committed 3264K, reserved 327680K
}
Event: 21.385 GC heap after
{Heap after GC invocations=4 (full 0):
 garbage-first heap   total 262144K, used 23566K [0x00000000e0000000, 0x0000000100000000)
  region size 1024K, 12 young (12288K), 12 survivors (12288K)
 Metaspace       used 21243K, committed 21504K, reserved 393216K
  class space    used 3118K, committed 3264K, reserved 327680K
}

Dll operation events (15 events):
Event: 0.049 Loaded shared library C:\Users\Giang\.jdks\corretto-17.0.10\bin\java.dll
Event: 0.137 Loaded shared library C:\Users\Giang\.jdks\corretto-17.0.10\bin\jsvml.dll
Event: 0.381 Loaded shared library C:\Users\Giang\.jdks\corretto-17.0.10\bin\zip.dll
Event: 0.386 Loaded shared library C:\Users\Giang\.jdks\corretto-17.0.10\bin\instrument.dll
Event: 0.392 Loaded shared library C:\Users\Giang\.jdks\corretto-17.0.10\bin\net.dll
Event: 0.395 Loaded shared library C:\Users\Giang\.jdks\corretto-17.0.10\bin\nio.dll
Event: 0.403 Loaded shared library C:\Users\Giang\.jdks\corretto-17.0.10\bin\zip.dll
Event: 2.284 Loaded shared library C:\Users\Giang\.jdks\corretto-17.0.10\bin\jimage.dll
Event: 2.664 Loaded shared library C:\Users\Giang\.jdks\corretto-17.0.10\bin\verify.dll
Event: 3.135 Loaded shared library C:\Users\Giang\.gradle\native\c067742578af261105cb4f569cf0c3c89f3d7b1fecec35dd04571415982c5e48\windows-amd64\native-platform.dll
Event: 3.143 Loaded shared library C:\Users\Giang\.gradle\native\100fb08df4bc3b14c8652ba06237920a3bd2aa13389f12d3474272988ae205f9\windows-amd64\native-platform-file-events.dll
Event: 7.801 Loaded shared library C:\Users\Giang\.jdks\corretto-17.0.10\bin\management.dll
Event: 7.807 Loaded shared library C:\Users\Giang\.jdks\corretto-17.0.10\bin\management_ext.dll
Event: 8.493 Loaded shared library C:\Users\Giang\.jdks\corretto-17.0.10\bin\extnet.dll
Event: 10.015 Loaded shared library C:\Users\Giang\.jdks\corretto-17.0.10\bin\sunmscapi.dll

Deoptimization events (20 events):
Event: 26.479 Thread 0x00000216fd085f40 Uncommon trap: trap_request=0xffffffc6 fr.pc=0x0000021687ca04f4 relative=0x0000000000000874
Event: 26.479 Thread 0x00000216fd085f40 Uncommon trap: reason=bimorphic_or_optimized_type_check action=maybe_recompile pc=0x0000021687ca04f4 method=java.io.BufferedInputStream.read([BII)I @ 101 c2
Event: 26.479 Thread 0x00000216fd085f40 DEOPT PACKING pc=0x0000021687ca04f4 sp=0x0000003f28cf7f00
Event: 26.479 Thread 0x00000216fd085f40 DEOPT UNPACKING pc=0x00000216875869a3 sp=0x0000003f28cf7eb8 mode 2
Event: 26.480 Thread 0x00000216fd085f40 Uncommon trap: trap_request=0xffffffc6 fr.pc=0x0000021687ca04f4 relative=0x0000000000000874
Event: 26.480 Thread 0x00000216fd085f40 Uncommon trap: reason=bimorphic_or_optimized_type_check action=maybe_recompile pc=0x0000021687ca04f4 method=java.io.BufferedInputStream.read([BII)I @ 101 c2
Event: 26.480 Thread 0x00000216fd085f40 DEOPT PACKING pc=0x0000021687ca04f4 sp=0x0000003f28cf7f00
Event: 26.480 Thread 0x00000216fd085f40 DEOPT UNPACKING pc=0x00000216875869a3 sp=0x0000003f28cf7eb8 mode 2
Event: 26.481 Thread 0x00000216fd085f40 Uncommon trap: trap_request=0xffffffc6 fr.pc=0x0000021687ca04f4 relative=0x0000000000000874
Event: 26.481 Thread 0x00000216fd085f40 Uncommon trap: reason=bimorphic_or_optimized_type_check action=maybe_recompile pc=0x0000021687ca04f4 method=java.io.BufferedInputStream.read([BII)I @ 101 c2
Event: 26.481 Thread 0x00000216fd085f40 DEOPT PACKING pc=0x0000021687ca04f4 sp=0x0000003f28cf7f00
Event: 26.481 Thread 0x00000216fd085f40 DEOPT UNPACKING pc=0x00000216875869a3 sp=0x0000003f28cf7eb8 mode 2
Event: 26.483 Thread 0x00000216fd085f40 Uncommon trap: trap_request=0xffffffc6 fr.pc=0x0000021687ca04f4 relative=0x0000000000000874
Event: 26.483 Thread 0x00000216fd085f40 Uncommon trap: reason=bimorphic_or_optimized_type_check action=maybe_recompile pc=0x0000021687ca04f4 method=java.io.BufferedInputStream.read([BII)I @ 101 c2
Event: 26.483 Thread 0x00000216fd085f40 DEOPT PACKING pc=0x0000021687ca04f4 sp=0x0000003f28cf7f00
Event: 26.483 Thread 0x00000216fd085f40 DEOPT UNPACKING pc=0x00000216875869a3 sp=0x0000003f28cf7eb8 mode 2
Event: 26.554 Thread 0x00000216fd085f40 Uncommon trap: trap_request=0xffffff45 fr.pc=0x0000021687c7f484 relative=0x00000000000005a4
Event: 26.554 Thread 0x00000216fd085f40 Uncommon trap: reason=unstable_if action=reinterpret pc=0x0000021687c7f484 method=jdk.internal.org.objectweb.asm.MethodWriter.visitVarInsn(II)V @ 108 c2
Event: 26.554 Thread 0x00000216fd085f40 DEOPT PACKING pc=0x0000021687c7f484 sp=0x0000003f28cf1030
Event: 26.554 Thread 0x00000216fd085f40 DEOPT UNPACKING pc=0x00000216875869a3 sp=0x0000003f28cf0ff8 mode 2

Classes unloaded (0 events):
No events

Classes redefined (0 events):
No events

Internal exceptions (20 events):
Event: 21.343 Thread 0x00000216fd085f40 Exception <a 'java/lang/NoSuchMethodError'{0x00000000e8b68658}: 'java.lang.Object java.lang.invoke.DirectMethodHandle$Holder.invokeStaticInit(java.lang.Object, java.lang.Object, java.lang.Object)'> (0x00000000e8b68658) 
thrown [s\src\hotspot\share\interpreter\linkResolver.cpp, line 759]
Event: 21.762 Thread 0x00000216fd085f40 Exception <a 'java/lang/NoSuchMethodError'{0x00000000ef5382c0}: 'java.lang.Object java.lang.invoke.DirectMethodHandle$Holder.newInvokeSpecial(java.lang.Object, java.lang.Object, int, int)'> (0x00000000ef5382c0) 
thrown [s\src\hotspot\share\interpreter\linkResolver.cpp, line 759]
Event: 22.275 Thread 0x00000216fd085f40 Exception <a 'java/lang/NoSuchMethodError'{0x00000000ef2db818}: 'java.lang.Object java.lang.invoke.DirectMethodHandle$Holder.invokeSpecialIFC(java.lang.Object, java.lang.Object, java.lang.Object, java.lang.Object)'> (0x00000000ef2db818) 
thrown [s\src\hotspot\share\interpreter\linkResolver.cpp, line 759]
Event: 22.285 Thread 0x00000216fd085f40 Exception <a 'java/lang/NoSuchMethodError'{0x00000000ef12b2a8}: 'java.lang.Object java.lang.invoke.DirectMethodHandle$Holder.newInvokeSpecial(java.lang.Object, java.lang.Object, java.lang.Object, java.lang.Object, java.lang.Object, java.lang.Object, java.lang.Object, java.lang.Object, java.lang.Object, java.lang.Object)'> (0x00000000ef12b2a8) 
thrown [s\src\hotspot\share\interpreter\linkResolver.cpp, line 759]
Event: 22.285 Thread 0x00000216fd085f40 Exception <a 'java/lang/NoSuchMethodError'{0x00000000ef130190}: 'java.lang.Object java.lang.invoke.Invokers$Holder.linkToTargetMethod(java.lang.Object, java.lang.Object, java.lang.Object, java.lang.Object, java.lang.Object, java.lang.Object, java.lang.Object, java.lang.Object, java.lang.Object, java.lang.Object)'> (0x00000000ef130190) 
thrown [s\src\hotspot\share\interpreter\linkResolver.cpp, line 759]
Event: 23.203 Thread 0x00000216fd085f40 Implicit null exception at 0x0000021687b2e48e to 0x0000021687b2e8a4
Event: 24.690 Thread 0x00000216fd085f40 Exception <a 'java/lang/NoSuchMethodError'{0x00000000ee0a7cc0}: 'java.lang.Object java.lang.invoke.DirectMethodHandle$Holder.newInvokeSpecial(java.lang.Object, java.lang.Object, java.lang.Object, java.lang.Object, java.lang.Object, java.lang.Object, java.lang.Object, java.lang.Object, java.lang.Object, java.lang.Object, java.lang.Object)'> (0x00000000ee0a7cc0) 
thrown [s\src\hotspot\share\interpreter\linkResolver.cpp, line 759]
Event: 24.691 Thread 0x00000216fd085f40 Exception <a 'java/lang/NoSuchMethodError'{0x00000000ee0ad7f8}: 'java.lang.Object java.lang.invoke.DirectMethodHandle$Holder.invokeSpecial(java.lang.Object, java.lang.Object, java.lang.Object, java.lang.Object, java.lang.Object, java.lang.Object, java.lang.Object, java.lang.Object, java.lang.Object, java.lang.Object, java.lang.Object, java.lang.Object)'> (0x00000000ee0ad7f8) 
thrown [s\src\hotspot\share\interpreter\linkResolver.cpp, line 759]
Event: 24.691 Thread 0x00000216fd085f40 Exception <a 'java/lang/NoSuchMethodError'{0x00000000ee0b2e90}: 'java.lang.Object java.lang.invoke.Invokers$Holder.linkToTargetMethod(java.lang.Object, java.lang.Object, java.lang.Object, java.lang.Object, java.lang.Object, java.lang.Object, java.lang.Object, java.lang.Object, java.lang.Object, java.lang.Object, java.lang.Object)'> (0x00000000ee0b2e90) 
thrown [s\src\hotspot\share\interpreter\linkResolver.cpp, line 759]
Event: 25.059 Thread 0x00000216fd085f40 Exception <a 'java/lang/IncompatibleClassChangeError'{0x00000000ed99fa60}: Found class java.lang.Object, but interface was expected> (0x00000000ed99fa60) 
thrown [s\src\hotspot\share\interpreter\linkResolver.cpp, line 826]
Event: 25.943 Thread 0x00000216fd085f40 Exception <a 'java/lang/NoSuchMethodError'{0x00000000ed86e398}: 'int java.lang.invoke.DirectMethodHandle$Holder.invokeStaticInit(java.lang.Object, java.lang.Object, java.lang.Object)'> (0x00000000ed86e398) 
thrown [s\src\hotspot\share\interpreter\linkResolver.cpp, line 759]
Event: 25.950 Thread 0x00000216fd085f40 Exception <a 'java/lang/NoSuchMethodError'{0x00000000ed778e48}: 'java.lang.Object java.lang.invoke.DirectMethodHandle$Holder.newInvokeSpecial(java.lang.Object, java.lang.Object, long)'> (0x00000000ed778e48) 
thrown [s\src\hotspot\share\interpreter\linkResolver.cpp, line 759]
Event: 25.951 Thread 0x00000216fd085f40 Exception <a 'java/lang/NoSuchMethodError'{0x00000000ed77d458}: 'java.lang.Object java.lang.invoke.Invokers$Holder.linkToTargetMethod(java.lang.Object, long, java.lang.Object)'> (0x00000000ed77d458) 
thrown [s\src\hotspot\share\interpreter\linkResolver.cpp, line 759]
Event: 26.042 Thread 0x00000216fd085f40 Exception <a 'java/lang/NoSuchMethodError'{0x00000000ed555510}: 'int java.lang.invoke.DirectMethodHandle$Holder.invokeInterface(java.lang.Object, java.lang.Object)'> (0x00000000ed555510) 
thrown [s\src\hotspot\share\interpreter\linkResolver.cpp, line 759]
Event: 26.080 Thread 0x00000216fd085f40 Exception <a 'java/lang/NoSuchMethodError'{0x00000000ed5b9490}: 'java.lang.Object java.lang.invoke.DirectMethodHandle$Holder.invokeVirtual(java.lang.Object, java.lang.Object, int)'> (0x00000000ed5b9490) 
thrown [s\src\hotspot\share\interpreter\linkResolver.cpp, line 759]
Event: 26.121 Thread 0x00000216fd085f40 Exception <a 'java/lang/NoSuchMethodError'{0x00000000ed4a2870}: 'java.lang.Object java.lang.invoke.DirectMethodHandle$Holder.invokeStatic(java.lang.Object, java.lang.Object, int, java.lang.Object)'> (0x00000000ed4a2870) 
thrown [s\src\hotspot\share\interpreter\linkResolver.cpp, line 759]
Event: 26.122 Thread 0x00000216fd085f40 Exception <a 'java/lang/NoSuchMethodError'{0x00000000ed4aa610}: 'java.lang.Object java.lang.invoke.DirectMethodHandle$Holder.newInvokeSpecial(java.lang.Object, java.lang.Object, int, java.lang.Object)'> (0x00000000ed4aa610) 
thrown [s\src\hotspot\share\interpreter\linkResolver.cpp, line 759]
Event: 26.123 Thread 0x00000216fd085f40 Exception <a 'java/lang/NoSuchMethodError'{0x00000000ed4aeef8}: 'java.lang.Object java.lang.invoke.DirectMethodHandle$Holder.invokeSpecial(java.lang.Object, java.lang.Object, java.lang.Object, int, java.lang.Object)'> (0x00000000ed4aeef8) 
thrown [s\src\hotspot\share\interpreter\linkResolver.cpp, line 759]
Event: 26.295 Thread 0x00000216fd085f40 Exception <a 'java/lang/NoSuchMethodError'{0x00000000ed062a28}: 'java.lang.Object java.lang.invoke.DirectMethodHandle$Holder.invokeSpecial(java.lang.Object, java.lang.Object, java.lang.Object, int, java.lang.Object, java.lang.Object)'> (0x00000000ed062a28) 
thrown [s\src\hotspot\share\interpreter\linkResolver.cpp, line 759]
Event: 26.554 Thread 0x00000216fd085f40 Implicit null exception at 0x0000021687c7ef9a to 0x0000021687c7f478

VM Operations (20 events):
Event: 23.207 Executing VM operation: HandshakeAllThreads
Event: 23.207 Executing VM operation: HandshakeAllThreads done
Event: 24.208 Executing VM operation: Cleanup
Event: 24.208 Executing VM operation: Cleanup done
Event: 24.530 Executing VM operation: HandshakeAllThreads
Event: 24.530 Executing VM operation: HandshakeAllThreads done
Event: 25.065 Executing VM operation: HandshakeAllThreads
Event: 25.066 Executing VM operation: HandshakeAllThreads done
Event: 25.924 Executing VM operation: HandshakeAllThreads
Event: 25.924 Executing VM operation: HandshakeAllThreads done
Event: 25.924 Executing VM operation: Cleanup
Event: 25.924 Executing VM operation: Cleanup done
Event: 25.932 Executing VM operation: HandshakeAllThreads
Event: 25.932 Executing VM operation: HandshakeAllThreads done
Event: 26.219 Executing VM operation: HandshakeAllThreads
Event: 26.220 Executing VM operation: HandshakeAllThreads done
Event: 26.220 Executing VM operation: HandshakeAllThreads
Event: 26.220 Executing VM operation: HandshakeAllThreads done
Event: 26.538 Executing VM operation: HandshakeAllThreads
Event: 26.538 Executing VM operation: HandshakeAllThreads done

Events (20 events):
Event: 26.292 loading class java/lang/Process
Event: 26.292 loading class java/lang/Process done
Event: 26.406 loading class java/lang/InstantiationException
Event: 26.406 loading class java/lang/InstantiationException done
Event: 26.407 loading class java/util/EventListener
Event: 26.407 loading class java/util/EventListener done
Event: 26.446 loading class java/util/BitSet
Event: 26.447 loading class java/util/BitSet done
Event: 26.464 loading class java/util/TimerTask
Event: 26.464 loading class java/util/TimerTask done
Event: 26.464 loading class java/util/Timer
Event: 26.464 loading class java/util/Timer done
Event: 26.537 loading class java/security/AccessControlException
Event: 26.538 loading class java/security/AccessControlException done
Event: 26.584 loading class java/lang/reflect/GenericSignatureFormatError
Event: 26.584 loading class java/lang/ClassFormatError
Event: 26.584 loading class java/lang/ClassFormatError done
Event: 26.584 loading class java/lang/reflect/GenericSignatureFormatError done
Event: 26.584 loading class java/lang/reflect/MalformedParameterizedTypeException
Event: 26.631 loading class java/lang/reflect/MalformedParameterizedTypeException done


Dynamic libraries:
0x00007ff609040000 - 0x00007ff60904e000 	C:\Users\Giang\.jdks\corretto-17.0.10\bin\java.exe
0x00007fff66810000 - 0x00007fff66a08000 	C:\Windows\SYSTEM32\ntdll.dll
0x00007fff65ae0000 - 0x00007fff65ba1000 	C:\Windows\System32\KERNEL32.DLL
0x00007fff63fc0000 - 0x00007fff642bd000 	C:\Windows\System32\KERNELBASE.dll
0x00007fff63ec0000 - 0x00007fff63fc0000 	C:\Windows\System32\ucrtbase.dll
0x00007fff5fb20000 - 0x00007fff5fb37000 	C:\Users\Giang\.jdks\corretto-17.0.10\bin\jli.dll
0x00007fff65f20000 - 0x00007fff660bd000 	C:\Windows\System32\USER32.dll
0x00007fff642c0000 - 0x00007fff642e2000 	C:\Windows\System32\win32u.dll
0x00007fff65ce0000 - 0x00007fff65d0b000 	C:\Windows\System32\GDI32.dll
0x00007fff64360000 - 0x00007fff64477000 	C:\Windows\System32\gdi32full.dll
0x00007fff647a0000 - 0x00007fff6483d000 	C:\Windows\System32\msvcp_win.dll
0x00007fff5fb40000 - 0x00007fff5fb5b000 	C:\Users\Giang\.jdks\corretto-17.0.10\bin\VCRUNTIME140.dll
0x00007fff53f10000 - 0x00007fff541aa000 	C:\Windows\WinSxS\amd64_microsoft.windows.common-controls_6595b64144ccf1df_6.0.19041.4355_none_60b8b9eb71f62e16\COMCTL32.dll
0x00007fff64970000 - 0x00007fff64a0e000 	C:\Windows\System32\msvcrt.dll
0x00007fff65bb0000 - 0x00007fff65bdf000 	C:\Windows\System32\IMM32.DLL
0x00007fff603b0000 - 0x00007fff603bc000 	C:\Users\Giang\.jdks\corretto-17.0.10\bin\vcruntime140_1.dll
0x00007fff59b40000 - 0x00007fff59bcd000 	C:\Users\Giang\.jdks\corretto-17.0.10\bin\msvcp140.dll
0x00007fff2b300000 - 0x00007fff2bf62000 	C:\Users\Giang\.jdks\corretto-17.0.10\bin\server\jvm.dll
0x00007fff64a10000 - 0x00007fff64ac0000 	C:\Windows\System32\ADVAPI32.dll
0x00007fff660c0000 - 0x00007fff66160000 	C:\Windows\System32\sechost.dll
0x00007fff65070000 - 0x00007fff65193000 	C:\Windows\System32\RPCRT4.dll
0x00007fff64610000 - 0x00007fff64637000 	C:\Windows\System32\bcrypt.dll
0x00007fff63440000 - 0x00007fff6348b000 	C:\Windows\SYSTEM32\POWRPROF.dll
0x00007fff60030000 - 0x00007fff60039000 	C:\Windows\SYSTEM32\WSOCK32.dll
0x00007fff65dd0000 - 0x00007fff65e3b000 	C:\Windows\System32\WS2_32.dll
0x00007fff54360000 - 0x00007fff54387000 	C:\Windows\SYSTEM32\WINMM.dll
0x00007fff5b330000 - 0x00007fff5b33a000 	C:\Windows\SYSTEM32\VERSION.dll
0x00007fff632b0000 - 0x00007fff632c2000 	C:\Windows\SYSTEM32\UMPDC.dll
0x00007fff61d40000 - 0x00007fff61d52000 	C:\Windows\SYSTEM32\kernel.appcore.dll
0x00007fff5d310000 - 0x00007fff5d31a000 	C:\Users\Giang\.jdks\corretto-17.0.10\bin\jimage.dll
0x00007fff4f430000 - 0x00007fff4f614000 	C:\Windows\SYSTEM32\DBGHELP.DLL
0x00007fff4e9c0000 - 0x00007fff4e9f4000 	C:\Windows\SYSTEM32\dbgcore.DLL
0x00007fff64480000 - 0x00007fff64502000 	C:\Windows\System32\bcryptPrimitives.dll
0x00007fff5cc80000 - 0x00007fff5cc8e000 	C:\Users\Giang\.jdks\corretto-17.0.10\bin\instrument.dll
0x00007fff59b10000 - 0x00007fff59b35000 	C:\Users\Giang\.jdks\corretto-17.0.10\bin\java.dll
0x00007fff482f0000 - 0x00007fff483c7000 	C:\Users\Giang\.jdks\corretto-17.0.10\bin\jsvml.dll
0x00007fff651a0000 - 0x00007fff6590f000 	C:\Windows\System32\SHELL32.dll
0x00007fff61f40000 - 0x00007fff626df000 	C:\Windows\SYSTEM32\windows.storage.dll
0x00007fff64ac0000 - 0x00007fff64e13000 	C:\Windows\System32\combase.dll
0x00007fff638e0000 - 0x00007fff6390e000 	C:\Windows\SYSTEM32\Wldp.dll
0x00007fff648a0000 - 0x00007fff6496d000 	C:\Windows\System32\OLEAUT32.dll
0x00007fff665d0000 - 0x00007fff6667d000 	C:\Windows\System32\SHCORE.dll
0x00007fff65d10000 - 0x00007fff65d65000 	C:\Windows\System32\shlwapi.dll
0x00007fff63df0000 - 0x00007fff63e14000 	C:\Windows\SYSTEM32\profapi.dll
0x00007fff59af0000 - 0x00007fff59b08000 	C:\Users\Giang\.jdks\corretto-17.0.10\bin\zip.dll
0x00007fff4b4b0000 - 0x00007fff4b4c9000 	C:\Users\Giang\.jdks\corretto-17.0.10\bin\net.dll
0x00007fff5b100000 - 0x00007fff5b20d000 	C:\Windows\SYSTEM32\WINHTTP.dll
0x00007fff63640000 - 0x00007fff636aa000 	C:\Windows\system32\mswsock.dll
0x00007fff4b1b0000 - 0x00007fff4b1c6000 	C:\Users\Giang\.jdks\corretto-17.0.10\bin\nio.dll
0x00007fff53570000 - 0x00007fff53580000 	C:\Users\Giang\.jdks\corretto-17.0.10\bin\verify.dll
0x00007fff603d0000 - 0x00007fff603f7000 	C:\Users\Giang\.gradle\native\c067742578af261105cb4f569cf0c3c89f3d7b1fecec35dd04571415982c5e48\windows-amd64\native-platform.dll
0x00007fff32750000 - 0x00007fff32894000 	C:\Users\Giang\.gradle\native\100fb08df4bc3b14c8652ba06237920a3bd2aa13389f12d3474272988ae205f9\windows-amd64\native-platform-file-events.dll
0x00007fff52e30000 - 0x00007fff52e39000 	C:\Users\Giang\.jdks\corretto-17.0.10\bin\management.dll
0x00007fff4efb0000 - 0x00007fff4efbb000 	C:\Users\Giang\.jdks\corretto-17.0.10\bin\management_ext.dll
0x00007fff667c0000 - 0x00007fff667c8000 	C:\Windows\System32\PSAPI.DLL
0x00007fff63830000 - 0x00007fff63848000 	C:\Windows\SYSTEM32\CRYPTSP.dll
0x00007fff62ef0000 - 0x00007fff62f24000 	C:\Windows\system32\rsaenh.dll
0x00007fff63da0000 - 0x00007fff63dce000 	C:\Windows\SYSTEM32\USERENV.dll
0x00007fff63850000 - 0x00007fff6385c000 	C:\Windows\SYSTEM32\CRYPTBASE.dll
0x00007fff632d0000 - 0x00007fff6330b000 	C:\Windows\SYSTEM32\IPHLPAPI.DLL
0x00007fff65be0000 - 0x00007fff65be8000 	C:\Windows\System32\NSI.dll
0x00007fff5b710000 - 0x00007fff5b727000 	C:\Windows\SYSTEM32\dhcpcsvc6.DLL
0x00007fff5c040000 - 0x00007fff5c05d000 	C:\Windows\SYSTEM32\dhcpcsvc.DLL
0x00007fff63320000 - 0x00007fff633ea000 	C:\Windows\SYSTEM32\DNSAPI.dll
0x00007fff4e7c0000 - 0x00007fff4e7c9000 	C:\Users\Giang\.jdks\corretto-17.0.10\bin\extnet.dll
0x00007fff5fa20000 - 0x00007fff5fa2e000 	C:\Users\Giang\.jdks\corretto-17.0.10\bin\sunmscapi.dll
0x00007fff64640000 - 0x00007fff6479e000 	C:\Windows\System32\CRYPT32.dll
0x00007fff63950000 - 0x00007fff63979000 	C:\Windows\SYSTEM32\ncrypt.dll
0x00007fff63910000 - 0x00007fff6394b000 	C:\Windows\SYSTEM32\NTASN1.dll
0x00007fff5fa60000 - 0x00007fff5fa67000 	C:\Windows\system32\wshunix.dll

dbghelp: loaded successfully - version: 4.0.5 - missing functions: none
symbol engine: initialized successfully - sym options: 0x614 - pdb path: .;C:\Users\Giang\.jdks\corretto-17.0.10\bin;C:\Windows\SYSTEM32;C:\Windows\WinSxS\amd64_microsoft.windows.common-controls_6595b64144ccf1df_6.0.19041.4355_none_60b8b9eb71f62e16;C:\Users\Giang\.jdks\corretto-17.0.10\bin\server;C:\Users\Giang\.gradle\native\c067742578af261105cb4f569cf0c3c89f3d7b1fecec35dd04571415982c5e48\windows-amd64;C:\Users\Giang\.gradle\native\100fb08df4bc3b14c8652ba06237920a3bd2aa13389f12d3474272988ae205f9\windows-amd64

VM Arguments:
jvm_args: --add-opens=java.base/java.util=ALL-UNNAMED --add-opens=java.base/java.lang=ALL-UNNAMED --add-opens=java.base/java.lang.invoke=ALL-UNNAMED --add-opens=java.prefs/java.util.prefs=ALL-UNNAMED --add-opens=java.base/java.nio.charset=ALL-UNNAMED --add-opens=java.base/java.net=ALL-UNNAMED --add-opens=java.base/java.util.concurrent.atomic=ALL-UNNAMED -XX:MaxMetaspaceSize=384m -XX:+HeapDumpOnOutOfMemoryError -Xms256m -Xmx512m -Dfile.encoding=windows-1252 -Duser.country=US -Duser.language=en -Duser.variant -javaagent:C:\Users\Giang\.gradle\wrapper\dists\gradle-8.8-bin\dl7vupf4psengwqhwktix4v1\gradle-8.8\lib\agents\gradle-instrumentation-agent-8.8.jar 
java_command: org.gradle.launcher.daemon.bootstrap.GradleDaemon 8.8
java_class_path (initial): C:\Users\Giang\.gradle\wrapper\dists\gradle-8.8-bin\dl7vupf4psengwqhwktix4v1\gradle-8.8\lib\gradle-launcher-8.8.jar
Launcher Type: SUN_STANDARD

[Global flags]
     intx CICompilerCount                          = 3                                         {product} {ergonomic}
   size_t CompressedClassSpaceSize                 = 335544320                                 {product} {ergonomic}
     uint ConcGCThreads                            = 1                                         {product} {ergonomic}
     uint G1ConcRefinementThreads                  = 4                                         {product} {ergonomic}
   size_t G1HeapRegionSize                         = 1048576                                   {product} {ergonomic}
    uintx GCDrainStackTargetSize                   = 64                                        {product} {ergonomic}
     bool HeapDumpOnOutOfMemoryError               = true                                   {manageable} {command line}
   size_t InitialHeapSize                          = 268435456                                 {product} {command line}
   size_t MarkStackSize                            = 4194304                                   {product} {ergonomic}
   size_t MaxHeapSize                              = 536870912                                 {product} {command line}
   size_t MaxMetaspaceSize                         = 402653184                                 {product} {command line}
   size_t MaxNewSize                               = 321912832                                 {product} {ergonomic}
   size_t MinHeapDeltaBytes                        = 1048576                                   {product} {ergonomic}
   size_t MinHeapSize                              = 268435456                                 {product} {command line}
    uintx NonNMethodCodeHeapSize                   = 5832780                                {pd product} {ergonomic}
    uintx NonProfiledCodeHeapSize                  = 122912730                              {pd product} {ergonomic}
    uintx ProfiledCodeHeapSize                     = 122912730                              {pd product} {ergonomic}
    uintx ReservedCodeCacheSize                    = 251658240                              {pd product} {ergonomic}
     bool SegmentedCodeCache                       = true                                      {product} {ergonomic}
   size_t SoftMaxHeapSize                          = 536870912                              {manageable} {ergonomic}
     bool UseCompressedClassPointers               = true                           {product lp64_product} {ergonomic}
     bool UseCompressedOops                        = true                           {product lp64_product} {ergonomic}
     bool UseG1GC                                  = true                                      {product} {ergonomic}
     bool UseLargePagesIndividualAllocation        = false                                  {pd product} {ergonomic}

Logging:
Log output configuration:
 #0: stdout all=warning uptime,level,tags
 #1: stderr all=off uptime,level,tags

Environment Variables:
PATH=C:\Program Files\Common Files\Oracle\Java\javapath;C:\Windows\system32;C:\Windows;C:\Windows\System32\Wbem;C:\Windows\System32\WindowsPowerShell\v1.0\;C:\Windows\System32\OpenSSH\;C:\Program Files\MySQL\MySQL Server 8.0\bin;%JAVA_HOME%\bin;C:\Gradle\gradle-6.8\bin;C:\Program Files\Git\cmd;C:\Program Files\Java\jdk-17\bin;C:\Program Files\nodejs\;C:\Program Files\MySQL\MySQL Shell 8.0\bin\;C:\Users\Giang\AppData\Local\Microsoft\WindowsApps;C:\Users\Giang\AppData\Local\GitHubDesktop\bin;D:\Microsoft VS Code\bin;C:\Users\Giang\AppData\Roaming\npm
USERNAME=Giang
OS=Windows_NT
PROCESSOR_IDENTIFIER=Intel64 Family 6 Model 61 Stepping 4, GenuineIntel
TMP=C:\Users\Giang\AppData\Local\Temp
TEMP=C:\Users\Giang\AppData\Local\Temp



Periodic native trim disabled


---------------  S Y S T E M  ---------------

OS:
 Windows 10 , 64 bit Build 19041 (10.0.19041.4717)
OS uptime: 0 days 6:49 hours

CPU: total 4 (initial active 4) (2 cores per cpu, 2 threads per core) family 6 model 61 stepping 4 microcode 0x2d, cx8, cmov, fxsr, ht, mmx, 3dnowpref, sse, sse2, sse3, ssse3, sse4.1, sse4.2, popcnt, lzcnt, tsc, tscinvbit, avx, avx2, aes, erms, clmul, bmi1, bmi2, rtm, adx, fma, vzeroupper, clflush
Processor Information for all 4 processors :
  Max Mhz: 2594, Current Mhz: 2594, Mhz Limit: 2594

Memory: 4k page, system-wide physical 7887M (353M free)
TotalPageFile size 15055M (AvailPageFile size 5M)
current process WorkingSet (physical memory assigned to process): 276M, peak: 276M
current process commit charge ("private bytes"): 434M, peak: 436M

vm_info: OpenJDK 64-Bit Server VM (17.0.10+7-LTS) for windows-amd64 JRE (17.0.10+7-LTS), built on Jan 10 2024 22:11:07 by "Administrator" with MS VC++ 16.10 / 16.11 (VS2019)

END.
