#
# There is insufficient memory for the Java Runtime Environment to continue.
# Native memory allocation (malloc) failed to allocate 32744 bytes for ChunkPool::allocate
# Possible reasons:
#   The system is out of physical RAM or swap space
#   The process is running with CompressedOops enabled, and the Java Heap may be blocking the growth of the native heap
# Possible solutions:
#   Reduce memory load on the system
#   Increase physical memory or swap space
#   Check if swap backing store is full
#   Decrease Java heap size (-Xmx/-Xms)
#   Decrease number of Java threads
#   Decrease Java thread stack sizes (-Xss)
#   Set larger code cache with -XX:ReservedCodeCacheSize=
#   JVM is running with Unscaled Compressed Oops mode in which the Java heap is
#     placed in the first 4GB address space. The Java Heap base address is the
#     maximum limit for the native heap growth. Please use -XX:HeapBaseMinAddress
#     to set the Java Heap base and to place the Java Heap above 4GB virtual address.
# This output file may be truncated or incomplete.
#
#  Out of Memory Error (arena.cpp:79), pid=8816, tid=8352
#
# JRE version: OpenJDK Runtime Environment Corretto-17.0.10.7.1 (17.0.10+7) (build 17.0.10+7-LTS)
# Java VM: OpenJDK 64-Bit Server VM Corretto-17.0.10.7.1 (17.0.10+7-LTS, mixed mode, sharing, tiered, compressed oops, compressed class ptrs, g1 gc, windows-amd64)
# No core dump will be written. Minidumps are not enabled by default on client versions of Windows
#

---------------  S U M M A R Y ------------

Command Line: --add-opens=java.base/java.util=ALL-UNNAMED --add-opens=java.base/java.lang=ALL-UNNAMED --add-opens=java.base/java.lang.invoke=ALL-UNNAMED --add-opens=java.prefs/java.util.prefs=ALL-UNNAMED --add-opens=java.base/java.nio.charset=ALL-UNNAMED --add-opens=java.base/java.net=ALL-UNNAMED --add-opens=java.base/java.util.concurrent.atomic=ALL-UNNAMED -XX:MaxMetaspaceSize=384m -XX:+HeapDumpOnOutOfMemoryError -Xms256m -Xmx512m -Dfile.encoding=windows-1252 -Duser.country=US -Duser.language=en -Duser.variant -javaagent:C:\Users\Giang\.gradle\wrapper\dists\gradle-8.8-bin\dl7vupf4psengwqhwktix4v1\gradle-8.8\lib\agents\gradle-instrumentation-agent-8.8.jar org.gradle.launcher.daemon.bootstrap.GradleDaemon 8.8

Host: Intel(R) Core(TM) i7-5600U CPU @ 2.60GHz, 4 cores, 7G,  Windows 10 , 64 bit Build 19041 (10.0.19041.4597)
Time: Wed Aug 14 11:17:26 2024 SE Asia Standard Time elapsed time: 48.377298 seconds (0d 0h 0m 48s)

---------------  T H R E A D  ---------------

Current thread (0x000002007655aab0):  JavaThread "C2 CompilerThread0" daemon [_thread_in_native, id=8352, stack(0x000000b94d000000,0x000000b94d100000)]


Current CompileTask:
C2:  48377 6561   !   4       com.google.common.reflect.TypeVisitor::visit (225 bytes)

Stack: [0x000000b94d000000,0x000000b94d100000]
Native frames: (J=compiled Java code, j=interpreted, Vv=VM code, C=native code)
V  [jvm.dll+0x67d2c9]
V  [jvm.dll+0x834b1a]
V  [jvm.dll+0x8365de]
V  [jvm.dll+0x836c43]
V  [jvm.dll+0x2477ff]
V  [jvm.dll+0xac711]
V  [jvm.dll+0xacb5c]
V  [jvm.dll+0x23bb01]
V  [jvm.dll+0x6a4952]
V  [jvm.dll+0x69959f]
V  [jvm.dll+0x695762]
V  [jvm.dll+0x68d71b]
V  [jvm.dll+0x68cd57]
V  [jvm.dll+0x68ac42]
V  [jvm.dll+0x1a828c]
V  [jvm.dll+0x1a8e56]
V  [jvm.dll+0x2adf34]
V  [jvm.dll+0x695755]
V  [jvm.dll+0x68d71b]
V  [jvm.dll+0x68cd57]
V  [jvm.dll+0x68ac42]
V  [jvm.dll+0x1a828c]
V  [jvm.dll+0x1a8e56]
V  [jvm.dll+0x1a8e56]
V  [jvm.dll+0x2adf34]
V  [jvm.dll+0x695755]
V  [jvm.dll+0x68d71b]
V  [jvm.dll+0x68cd57]
V  [jvm.dll+0x68ac42]
V  [jvm.dll+0x1a828c]
V  [jvm.dll+0x2adf34]
V  [jvm.dll+0x695755]
V  [jvm.dll+0x68d71b]
V  [jvm.dll+0x68cd57]
V  [jvm.dll+0x68ac42]
V  [jvm.dll+0x1a828c]
V  [jvm.dll+0x1a8e56]
V  [jvm.dll+0x1a8e56]
V  [jvm.dll+0x2adf34]
V  [jvm.dll+0x695755]
V  [jvm.dll+0x68d71b]
V  [jvm.dll+0x68cd57]
V  [jvm.dll+0x68ac42]
V  [jvm.dll+0x1a828c]
V  [jvm.dll+0x218ec8]
V  [jvm.dll+0x1a502d]
V  [jvm.dll+0x2290de]
V  [jvm.dll+0x2272ac]
V  [jvm.dll+0x7e9bd7]
V  [jvm.dll+0x7e3fda]
V  [jvm.dll+0x67c1b5]
C  [ucrtbase.dll+0x21bb2]
C  [KERNEL32.DLL+0x17374]
C  [ntdll.dll+0x4cc91]


---------------  P R O C E S S  ---------------

Threads class SMR info:
_java_thread_list=0x000002007d21a9a0, length=54, elements={
0x000002006b24e540, 0x000002007653d5f0, 0x000002007653f390, 0x0000020076555270,
0x0000020076558c60, 0x0000020076559530, 0x0000020076559e00, 0x000002007655aab0,
0x000002007655dc60, 0x00000200766d0040, 0x000002007675ef20, 0x0000020076881510,
0x0000020076a0bc20, 0x000002007b460230, 0x000002007b82d060, 0x000002007bff01d0,
0x0000020076710af0, 0x000002007b9edeb0, 0x000002007b9ed490, 0x000002007b9eede0,
0x000002007b9eca70, 0x000002007b9ec560, 0x000002007b9ee3c0, 0x000002007b9ecf80,
0x000002007b9ed9a0, 0x000002007b9ef800, 0x000002007b9efd10, 0x000002007d429ab0,
0x000002007d4249b0, 0x000002007d423060, 0x000002007d424ec0, 0x000002007d426d20,
0x000002007d4295a0, 0x000002007d423f90, 0x000002007d42a4d0, 0x000002007d4253d0,
0x000002007d4258e0, 0x000002007d423a80, 0x000002007d425df0, 0x000002007d426300,
0x000002007d4244a0, 0x000002007d426810, 0x000002007d428b80, 0x000002007d427230,
0x000002007d427740, 0x000002007d429090, 0x000002007bcd13d0, 0x000002007bcd1df0,
0x000002007bcd2810, 0x000002007bccf060, 0x000002007bccf570, 0x000002007bccfa80,
0x000002007bcd04a0, 0x000002007bcd09b0
}

Java Threads: ( => current thread )
  0x000002006b24e540 JavaThread "main" [_thread_blocked, id=10244, stack(0x000000b94c300000,0x000000b94c400000)]
  0x000002007653d5f0 JavaThread "Reference Handler" daemon [_thread_blocked, id=7256, stack(0x000000b94ca00000,0x000000b94cb00000)]
  0x000002007653f390 JavaThread "Finalizer" daemon [_thread_blocked, id=10684, stack(0x000000b94cb00000,0x000000b94cc00000)]
  0x0000020076555270 JavaThread "Signal Dispatcher" daemon [_thread_blocked, id=11048, stack(0x000000b94cc00000,0x000000b94cd00000)]
  0x0000020076558c60 JavaThread "Attach Listener" daemon [_thread_blocked, id=4908, stack(0x000000b94cd00000,0x000000b94ce00000)]
  0x0000020076559530 JavaThread "Service Thread" daemon [_thread_blocked, id=2420, stack(0x000000b94ce00000,0x000000b94cf00000)]
  0x0000020076559e00 JavaThread "Monitor Deflation Thread" daemon [_thread_blocked, id=224, stack(0x000000b94cf00000,0x000000b94d000000)]
=>0x000002007655aab0 JavaThread "C2 CompilerThread0" daemon [_thread_in_native, id=8352, stack(0x000000b94d000000,0x000000b94d100000)]
  0x000002007655dc60 JavaThread "C1 CompilerThread0" daemon [_thread_blocked, id=2524, stack(0x000000b94d100000,0x000000b94d200000)]
  0x00000200766d0040 JavaThread "Sweeper thread" daemon [_thread_blocked, id=2232, stack(0x000000b94d200000,0x000000b94d300000)]
  0x000002007675ef20 JavaThread "Common-Cleaner" daemon [_thread_blocked, id=9788, stack(0x000000b94d300000,0x000000b94d400000)]
  0x0000020076881510 JavaThread "Notification Thread" daemon [_thread_blocked, id=2272, stack(0x000000b94d400000,0x000000b94d500000)]
  0x0000020076a0bc20 JavaThread "Daemon health stats" [_thread_blocked, id=11560, stack(0x000000b94d900000,0x000000b94da00000)]
  0x000002007b460230 JavaThread "Incoming local TCP Connector on port 51913" [_thread_in_native, id=11820, stack(0x000000b94da00000,0x000000b94db00000)]
  0x000002007b82d060 JavaThread "Daemon periodic checks" [_thread_blocked, id=3520, stack(0x000000b94db00000,0x000000b94dc00000)]
  0x000002007bff01d0 JavaThread "Daemon" [_thread_blocked, id=12904, stack(0x000000b94dc00000,0x000000b94dd00000)]
  0x0000020076710af0 JavaThread "Handler for socket connection from /127.0.0.1:51913 to /127.0.0.1:51914" [_thread_in_native, id=7860, stack(0x000000b94dd00000,0x000000b94de00000)]
  0x000002007b9edeb0 JavaThread "Cancel handler" [_thread_blocked, id=13132, stack(0x000000b94de00000,0x000000b94df00000)]
  0x000002007b9ed490 JavaThread "Daemon worker" [_thread_in_vm, id=904, stack(0x000000b94df00000,0x000000b94e000000)]
  0x000002007b9eede0 JavaThread "Asynchronous log dispatcher for DefaultDaemonConnection: socket connection from /127.0.0.1:51913 to /127.0.0.1:51914" [_thread_blocked, id=3244, stack(0x000000b94e000000,0x000000b94e100000)]
  0x000002007b9eca70 JavaThread "Stdin handler" [_thread_blocked, id=13164, stack(0x000000b94e100000,0x000000b94e200000)]
  0x000002007b9ec560 JavaThread "Daemon client event forwarder" [_thread_blocked, id=10632, stack(0x000000b94e200000,0x000000b94e300000)]
  0x000002007b9ee3c0 JavaThread "Cache worker for journal cache (C:\Users\Giang\.gradle\caches\journal-1)" [_thread_blocked, id=6596, stack(0x000000b94e300000,0x000000b94e400000)]
  0x000002007b9ecf80 JavaThread "File lock request listener" [_thread_in_native, id=10792, stack(0x000000b94e400000,0x000000b94e500000)]
  0x000002007b9ed9a0 JavaThread "Cache worker for file hash cache (C:\Users\Giang\.gradle\caches\8.8\fileHashes)" [_thread_blocked, id=3568, stack(0x000000b94e500000,0x000000b94e600000)]
  0x000002007b9ef800 JavaThread "Cache worker for file hash cache (D:\OJT\day1\OJT_BE\.gradle\8.8\fileHashes)" [_thread_blocked, id=12428, stack(0x000000b94e600000,0x000000b94e700000)]
  0x000002007b9efd10 JavaThread "File watcher server" daemon [_thread_in_native, id=11672, stack(0x000000b94e700000,0x000000b94e800000)]
  0x000002007d429ab0 JavaThread "File watcher consumer" daemon [_thread_blocked, id=10424, stack(0x000000b94e800000,0x000000b94e900000)]
  0x000002007d4249b0 JavaThread "Cache worker for checksums cache (D:\OJT\day1\OJT_BE\.gradle\8.8\checksums)" [_thread_blocked, id=4628, stack(0x000000b94e900000,0x000000b94ea00000)]
  0x000002007d423060 JavaThread "Cache worker for file content cache (C:\Users\Giang\.gradle\caches\8.8\fileContent)" [_thread_blocked, id=13248, stack(0x000000b94ea00000,0x000000b94eb00000)]
  0x000002007d424ec0 JavaThread "Cache worker for cache directory md-rule (C:\Users\Giang\.gradle\caches\8.8\md-rule)" [_thread_blocked, id=12944, stack(0x000000b94eb00000,0x000000b94ec00000)]
  0x000002007d426d20 JavaThread "Cache worker for cache directory md-supplier (C:\Users\Giang\.gradle\caches\8.8\md-supplier)" [_thread_blocked, id=10280, stack(0x000000b94ec00000,0x000000b94ed00000)]
  0x000002007d4295a0 JavaThread "jar transforms" [_thread_blocked, id=3224, stack(0x000000b94ed00000,0x000000b94ee00000)]
  0x000002007d423f90 JavaThread "jar transforms Thread 2" [_thread_blocked, id=2392, stack(0x000000b94ee00000,0x000000b94ef00000)]
  0x000002007d42a4d0 JavaThread "File lock release action executor" [_thread_blocked, id=10972, stack(0x000000b94ef00000,0x000000b94f000000)]
  0x000002007d4253d0 JavaThread "jar transforms Thread 3" [_thread_blocked, id=12652, stack(0x000000b94f000000,0x000000b94f100000)]
  0x000002007d4258e0 JavaThread "jar transforms Thread 4" [_thread_blocked, id=9852, stack(0x000000b94f100000,0x000000b94f200000)]
  0x000002007d423a80 JavaThread "Cache worker for Build Output Cleanup Cache (D:\OJT\day1\OJT_BE\.gradle\buildOutputCleanup)" [_thread_blocked, id=10604, stack(0x000000b94f200000,0x000000b94f300000)]
  0x000002007d425df0 JavaThread "Unconstrained build operations" [_thread_blocked, id=12452, stack(0x000000b94c000000,0x000000b94c100000)]
  0x000002007d426300 JavaThread "Unconstrained build operations Thread 2" [_thread_blocked, id=9492, stack(0x000000b94f300000,0x000000b94f400000)]
  0x000002007d4244a0 JavaThread "Unconstrained build operations Thread 3" [_thread_blocked, id=11160, stack(0x000000b94f400000,0x000000b94f500000)]
  0x000002007d426810 JavaThread "Unconstrained build operations Thread 4" [_thread_blocked, id=2548, stack(0x000000b94f500000,0x000000b94f600000)]
  0x000002007d428b80 JavaThread "Unconstrained build operations Thread 5" [_thread_blocked, id=676, stack(0x000000b94f600000,0x000000b94f700000)]
  0x000002007d427230 JavaThread "Unconstrained build operations Thread 6" [_thread_blocked, id=4700, stack(0x000000b94f700000,0x000000b94f800000)]
  0x000002007d427740 JavaThread "Unconstrained build operations Thread 7" [_thread_blocked, id=7836, stack(0x000000b94f800000,0x000000b94f900000)]
  0x000002007d429090 JavaThread "Unconstrained build operations Thread 8" [_thread_blocked, id=11596, stack(0x000000b94f900000,0x000000b94fa00000)]
  0x000002007bcd13d0 JavaThread "Unconstrained build operations Thread 9" [_thread_blocked, id=10732, stack(0x000000b94fa00000,0x000000b94fb00000)]
  0x000002007bcd1df0 JavaThread "Memory manager" [_thread_blocked, id=10452, stack(0x000000b94fd00000,0x000000b94fe00000)]
  0x000002007bcd2810 JavaThread "ForkJoinPool.commonPool-worker-1" daemon [_thread_blocked, id=1876, stack(0x000000b94ff00000,0x000000b950000000)]
  0x000002007bccf060 JavaThread "ForkJoinPool.commonPool-worker-2" daemon [_thread_blocked, id=6272, stack(0x000000b950000000,0x000000b950100000)]
  0x000002007bccf570 JavaThread "ForkJoinPool.commonPool-worker-3" daemon [_thread_blocked, id=5180, stack(0x000000b950100000,0x000000b950200000)]
  0x000002007bccfa80 JavaThread "Exec process" daemon [_thread_blocked, id=12388, stack(0x000000b950200000,0x000000b950300000)]
  0x000002007bcd04a0 JavaThread "Exec process Thread 2" daemon [_thread_blocked, id=1408, stack(0x000000b950300000,0x000000b950400000)]
  0x000002007bcd09b0 JavaThread "Exec process Thread 3" daemon [_thread_blocked, id=10576, stack(0x000000b950400000,0x000000b950500000)]

Other Threads:
  0x000002007653a220 VMThread "VM Thread" [stack: 0x000000b94c900000,0x000000b94ca00000] [id=2520] _threads_hazard_ptr=0x000002007d21a9a0
  0x0000020076816da0 WatcherThread [stack: 0x000000b94d500000,0x000000b94d600000] [id=7056]
  0x000002006b286e20 GCTaskThread "GC Thread#0" [stack: 0x000000b94c400000,0x000000b94c500000] [id=4260]
  0x00000200769438c0 GCTaskThread "GC Thread#1" [stack: 0x000000b94d600000,0x000000b94d700000] [id=12976]
  0x0000020076943b80 GCTaskThread "GC Thread#2" [stack: 0x000000b94d700000,0x000000b94d800000] [id=9504]
  0x00000200768def70 GCTaskThread "GC Thread#3" [stack: 0x000000b94d800000,0x000000b94d900000] [id=10388]
  0x000002006b28bc80 ConcurrentGCThread "G1 Main Marker" [stack: 0x000000b94c500000,0x000000b94c600000] [id=2180]
  0x000002006b28d5c0 ConcurrentGCThread "G1 Conc#0" [stack: 0x000000b94c600000,0x000000b94c700000] [id=10676]
  0x000002006b30ebb0 ConcurrentGCThread "G1 Refine#0" [stack: 0x000000b94c700000,0x000000b94c800000] [id=10384]
  0x000002007df43070 ConcurrentGCThread "G1 Refine#1" [stack: 0x000000b94fe00000,0x000000b94ff00000] [id=5820]
  0x00000200763fb660 ConcurrentGCThread "G1 Service" [stack: 0x000000b94c800000,0x000000b94c900000] [id=2916]

Threads with active compile tasks:
C2 CompilerThread0    48453 6561   !   4       com.google.common.reflect.TypeVisitor::visit (225 bytes)

VM state: synchronizing (normal execution)

VM Mutex/Monitor currently owned by a thread:  ([mutex/lock_event])
[0x000002006b24a640] Threads_lock - owner thread: 0x000002007653a220

Heap address: 0x00000000e0000000, size: 512 MB, Compressed Oops mode: 32-bit

CDS archive(s) mapped at: [0x000002000f000000-0x000002000fbb0000-0x000002000fbb0000), size 12255232, SharedBaseAddress: 0x000002000f000000, ArchiveRelocationMode: 1.
Compressed class space mapped at: 0x0000020010000000-0x0000020024000000, reserved size: 335544320
Narrow klass base: 0x000002000f000000, Narrow klass shift: 0, Narrow klass range: 0x100000000

GC Precious Log:
 CPUs: 4 total, 4 available
 Memory: 7887M
 Large Page Support: Disabled
 NUMA Support: Disabled
 Compressed Oops: Enabled (32-bit)
 Heap Region Size: 1M
 Heap Min Capacity: 256M
 Heap Initial Capacity: 256M
 Heap Max Capacity: 512M
 Pre-touch: Disabled
 Parallel Workers: 4
 Concurrent Workers: 1
 Concurrent Refinement Workers: 4
 Periodic GC: Disabled

Heap:
 garbage-first heap   total 262144K, used 72305K [0x00000000e0000000, 0x0000000100000000)
  region size 1024K, 49 young (50176K), 17 survivors (17408K)
 Metaspace       used 50473K, committed 51008K, reserved 393216K
  class space    used 7221K, committed 7488K, reserved 327680K

Heap Regions: E=young(eden), S=young(survivor), O=old, HS=humongous(starts), HC=humongous(continues), CS=collection set, F=free, OA=open archive, CA=closed archive, TAMS=top-at-mark-start (previous, next)
|   0|0x00000000e0000000, 0x00000000e0100000, 0x00000000e0100000|100%|HS|  |TAMS 0x00000000e0100000, 0x00000000e0000000| Complete 
|   1|0x00000000e0100000, 0x00000000e0200000, 0x00000000e0200000|100%|HC|  |TAMS 0x00000000e0200000, 0x00000000e0100000| Complete 
|   2|0x00000000e0200000, 0x00000000e0300000, 0x00000000e0300000|100%|HC|  |TAMS 0x00000000e0300000, 0x00000000e0200000| Complete 
|   3|0x00000000e0300000, 0x00000000e0400000, 0x00000000e0400000|100%|HC|  |TAMS 0x00000000e0400000, 0x00000000e0300000| Complete 
|   4|0x00000000e0400000, 0x00000000e0500000, 0x00000000e0500000|100%| O|  |TAMS 0x00000000e0500000, 0x00000000e0400000| Untracked 
|   5|0x00000000e0500000, 0x00000000e0600000, 0x00000000e0600000|100%| O|  |TAMS 0x00000000e0600000, 0x00000000e0500000| Untracked 
|   6|0x00000000e0600000, 0x00000000e0700000, 0x00000000e0700000|100%| O|  |TAMS 0x00000000e0700000, 0x00000000e0600000| Untracked 
|   7|0x00000000e0700000, 0x00000000e0800000, 0x00000000e0800000|100%| O|  |TAMS 0x00000000e0800000, 0x00000000e0700000| Untracked 
|   8|0x00000000e0800000, 0x00000000e0900000, 0x00000000e0900000|100%| O|  |TAMS 0x00000000e0900000, 0x00000000e0800000| Untracked 
|   9|0x00000000e0900000, 0x00000000e0a00000, 0x00000000e0a00000|100%| O|  |TAMS 0x00000000e0a00000, 0x00000000e0900000| Untracked 
|  10|0x00000000e0a00000, 0x00000000e0b00000, 0x00000000e0b00000|100%| O|  |TAMS 0x00000000e0ad9800, 0x00000000e0a00000| Untracked 
|  11|0x00000000e0b00000, 0x00000000e0c00000, 0x00000000e0c00000|100%|HS|  |TAMS 0x00000000e0c00000, 0x00000000e0b00000| Complete 
|  12|0x00000000e0c00000, 0x00000000e0c00000, 0x00000000e0d00000|  0%| F|  |TAMS 0x00000000e0c00000, 0x00000000e0c00000| Untracked 
|  13|0x00000000e0d00000, 0x00000000e0d00000, 0x00000000e0e00000|  0%| F|  |TAMS 0x00000000e0d00000, 0x00000000e0d00000| Untracked 
|  14|0x00000000e0e00000, 0x00000000e0e00000, 0x00000000e0f00000|  0%| F|  |TAMS 0x00000000e0e00000, 0x00000000e0e00000| Untracked 
|  15|0x00000000e0f00000, 0x00000000e0f00000, 0x00000000e1000000|  0%| F|  |TAMS 0x00000000e0f00000, 0x00000000e0f00000| Untracked 
|  16|0x00000000e1000000, 0x00000000e1000000, 0x00000000e1100000|  0%| F|  |TAMS 0x00000000e1000000, 0x00000000e1000000| Untracked 
|  17|0x00000000e1100000, 0x00000000e1200000, 0x00000000e1200000|100%| O|  |TAMS 0x00000000e1100000, 0x00000000e1100000| Untracked 
|  18|0x00000000e1200000, 0x00000000e1300000, 0x00000000e1300000|100%| O|  |TAMS 0x00000000e1200000, 0x00000000e1200000| Untracked 
|  19|0x00000000e1300000, 0x00000000e1400000, 0x00000000e1400000|100%| O|  |TAMS 0x00000000e1300000, 0x00000000e1300000| Untracked 
|  20|0x00000000e1400000, 0x00000000e1500000, 0x00000000e1500000|100%| O|  |TAMS 0x00000000e1400000, 0x00000000e1400000| Untracked 
|  21|0x00000000e1500000, 0x00000000e1600000, 0x00000000e1600000|100%| O|  |TAMS 0x00000000e1500000, 0x00000000e1500000| Untracked 
|  22|0x00000000e1600000, 0x00000000e1700000, 0x00000000e1700000|100%| O|  |TAMS 0x00000000e1600000, 0x00000000e1600000| Untracked 
|  23|0x00000000e1700000, 0x00000000e1800000, 0x00000000e1800000|100%| O|  |TAMS 0x00000000e1700000, 0x00000000e1700000| Untracked 
|  24|0x00000000e1800000, 0x00000000e1900000, 0x00000000e1900000|100%| O|  |TAMS 0x00000000e1800000, 0x00000000e1800000| Untracked 
|  25|0x00000000e1900000, 0x00000000e1a00000, 0x00000000e1a00000|100%| O|  |TAMS 0x00000000e1900000, 0x00000000e1900000| Untracked 
|  26|0x00000000e1a00000, 0x00000000e1b00000, 0x00000000e1b00000|100%| O|  |TAMS 0x00000000e1a00000, 0x00000000e1a00000| Untracked 
|  27|0x00000000e1b00000, 0x00000000e1b9c600, 0x00000000e1c00000| 61%| O|  |TAMS 0x00000000e1b00000, 0x00000000e1b00000| Untracked 
|  28|0x00000000e1c00000, 0x00000000e1c00000, 0x00000000e1d00000|  0%| F|  |TAMS 0x00000000e1c00000, 0x00000000e1c00000| Untracked 
|  29|0x00000000e1d00000, 0x00000000e1d00000, 0x00000000e1e00000|  0%| F|  |TAMS 0x00000000e1d00000, 0x00000000e1d00000| Untracked 
|  30|0x00000000e1e00000, 0x00000000e1e00000, 0x00000000e1f00000|  0%| F|  |TAMS 0x00000000e1e00000, 0x00000000e1e00000| Untracked 
|  31|0x00000000e1f00000, 0x00000000e1f00000, 0x00000000e2000000|  0%| F|  |TAMS 0x00000000e1f00000, 0x00000000e1f00000| Untracked 
|  32|0x00000000e2000000, 0x00000000e2000000, 0x00000000e2100000|  0%| F|  |TAMS 0x00000000e2000000, 0x00000000e2000000| Untracked 
|  33|0x00000000e2100000, 0x00000000e2100000, 0x00000000e2200000|  0%| F|  |TAMS 0x00000000e2100000, 0x00000000e2100000| Untracked 
|  34|0x00000000e2200000, 0x00000000e2200000, 0x00000000e2300000|  0%| F|  |TAMS 0x00000000e2200000, 0x00000000e2200000| Untracked 
|  35|0x00000000e2300000, 0x00000000e2300000, 0x00000000e2400000|  0%| F|  |TAMS 0x00000000e2300000, 0x00000000e2300000| Untracked 
|  36|0x00000000e2400000, 0x00000000e2400000, 0x00000000e2500000|  0%| F|  |TAMS 0x00000000e2400000, 0x00000000e2400000| Untracked 
|  37|0x00000000e2500000, 0x00000000e2500000, 0x00000000e2600000|  0%| F|  |TAMS 0x00000000e2500000, 0x00000000e2500000| Untracked 
|  38|0x00000000e2600000, 0x00000000e2600000, 0x00000000e2700000|  0%| F|  |TAMS 0x00000000e2600000, 0x00000000e2600000| Untracked 
|  39|0x00000000e2700000, 0x00000000e2700000, 0x00000000e2800000|  0%| F|  |TAMS 0x00000000e2700000, 0x00000000e2700000| Untracked 
|  40|0x00000000e2800000, 0x00000000e2800000, 0x00000000e2900000|  0%| F|  |TAMS 0x00000000e2800000, 0x00000000e2800000| Untracked 
|  41|0x00000000e2900000, 0x00000000e2900000, 0x00000000e2a00000|  0%| F|  |TAMS 0x00000000e2900000, 0x00000000e2900000| Untracked 
|  42|0x00000000e2a00000, 0x00000000e2a00000, 0x00000000e2b00000|  0%| F|  |TAMS 0x00000000e2a00000, 0x00000000e2a00000| Untracked 
|  43|0x00000000e2b00000, 0x00000000e2b00000, 0x00000000e2c00000|  0%| F|  |TAMS 0x00000000e2b00000, 0x00000000e2b00000| Untracked 
|  44|0x00000000e2c00000, 0x00000000e2c00000, 0x00000000e2d00000|  0%| F|  |TAMS 0x00000000e2c00000, 0x00000000e2c00000| Untracked 
|  45|0x00000000e2d00000, 0x00000000e2d00000, 0x00000000e2e00000|  0%| F|  |TAMS 0x00000000e2d00000, 0x00000000e2d00000| Untracked 
|  46|0x00000000e2e00000, 0x00000000e2e00000, 0x00000000e2f00000|  0%| F|  |TAMS 0x00000000e2e00000, 0x00000000e2e00000| Untracked 
|  47|0x00000000e2f00000, 0x00000000e2f00000, 0x00000000e3000000|  0%| F|  |TAMS 0x00000000e2f00000, 0x00000000e2f00000| Untracked 
|  48|0x00000000e3000000, 0x00000000e3000000, 0x00000000e3100000|  0%| F|  |TAMS 0x00000000e3000000, 0x00000000e3000000| Untracked 
|  49|0x00000000e3100000, 0x00000000e3100000, 0x00000000e3200000|  0%| F|  |TAMS 0x00000000e3100000, 0x00000000e3100000| Untracked 
|  50|0x00000000e3200000, 0x00000000e3200000, 0x00000000e3300000|  0%| F|  |TAMS 0x00000000e3200000, 0x00000000e3200000| Untracked 
|  51|0x00000000e3300000, 0x00000000e3300000, 0x00000000e3400000|  0%| F|  |TAMS 0x00000000e3300000, 0x00000000e3300000| Untracked 
|  52|0x00000000e3400000, 0x00000000e3400000, 0x00000000e3500000|  0%| F|  |TAMS 0x00000000e3400000, 0x00000000e3400000| Untracked 
|  53|0x00000000e3500000, 0x00000000e3500000, 0x00000000e3600000|  0%| F|  |TAMS 0x00000000e3500000, 0x00000000e3500000| Untracked 
|  54|0x00000000e3600000, 0x00000000e3600000, 0x00000000e3700000|  0%| F|  |TAMS 0x00000000e3600000, 0x00000000e3600000| Untracked 
|  55|0x00000000e3700000, 0x00000000e3700000, 0x00000000e3800000|  0%| F|  |TAMS 0x00000000e3700000, 0x00000000e3700000| Untracked 
|  56|0x00000000e3800000, 0x00000000e3800000, 0x00000000e3900000|  0%| F|  |TAMS 0x00000000e3800000, 0x00000000e3800000| Untracked 
|  57|0x00000000e3900000, 0x00000000e3900000, 0x00000000e3a00000|  0%| F|  |TAMS 0x00000000e3900000, 0x00000000e3900000| Untracked 
|  58|0x00000000e3a00000, 0x00000000e3a00000, 0x00000000e3b00000|  0%| F|  |TAMS 0x00000000e3a00000, 0x00000000e3a00000| Untracked 
|  59|0x00000000e3b00000, 0x00000000e3b00000, 0x00000000e3c00000|  0%| F|  |TAMS 0x00000000e3b00000, 0x00000000e3b00000| Untracked 
|  60|0x00000000e3c00000, 0x00000000e3c00000, 0x00000000e3d00000|  0%| F|  |TAMS 0x00000000e3c00000, 0x00000000e3c00000| Untracked 
|  61|0x00000000e3d00000, 0x00000000e3d00000, 0x00000000e3e00000|  0%| F|  |TAMS 0x00000000e3d00000, 0x00000000e3d00000| Untracked 
|  62|0x00000000e3e00000, 0x00000000e3e00000, 0x00000000e3f00000|  0%| F|  |TAMS 0x00000000e3e00000, 0x00000000e3e00000| Untracked 
|  63|0x00000000e3f00000, 0x00000000e3f00000, 0x00000000e4000000|  0%| F|  |TAMS 0x00000000e3f00000, 0x00000000e3f00000| Untracked 
|  64|0x00000000e4000000, 0x00000000e4000000, 0x00000000e4100000|  0%| F|  |TAMS 0x00000000e4000000, 0x00000000e4000000| Untracked 
|  65|0x00000000e4100000, 0x00000000e4100000, 0x00000000e4200000|  0%| F|  |TAMS 0x00000000e4100000, 0x00000000e4100000| Untracked 
|  66|0x00000000e4200000, 0x00000000e4200000, 0x00000000e4300000|  0%| F|  |TAMS 0x00000000e4200000, 0x00000000e4200000| Untracked 
|  67|0x00000000e4300000, 0x00000000e4300000, 0x00000000e4400000|  0%| F|  |TAMS 0x00000000e4300000, 0x00000000e4300000| Untracked 
|  68|0x00000000e4400000, 0x00000000e4400000, 0x00000000e4500000|  0%| F|  |TAMS 0x00000000e4400000, 0x00000000e4400000| Untracked 
|  69|0x00000000e4500000, 0x00000000e4500000, 0x00000000e4600000|  0%| F|  |TAMS 0x00000000e4500000, 0x00000000e4500000| Untracked 
|  70|0x00000000e4600000, 0x00000000e4600000, 0x00000000e4700000|  0%| F|  |TAMS 0x00000000e4600000, 0x00000000e4600000| Untracked 
|  71|0x00000000e4700000, 0x00000000e4700000, 0x00000000e4800000|  0%| F|  |TAMS 0x00000000e4700000, 0x00000000e4700000| Untracked 
|  72|0x00000000e4800000, 0x00000000e4800000, 0x00000000e4900000|  0%| F|  |TAMS 0x00000000e4800000, 0x00000000e4800000| Untracked 
|  73|0x00000000e4900000, 0x00000000e4900000, 0x00000000e4a00000|  0%| F|  |TAMS 0x00000000e4900000, 0x00000000e4900000| Untracked 
|  74|0x00000000e4a00000, 0x00000000e4a00000, 0x00000000e4b00000|  0%| F|  |TAMS 0x00000000e4a00000, 0x00000000e4a00000| Untracked 
|  75|0x00000000e4b00000, 0x00000000e4b00000, 0x00000000e4c00000|  0%| F|  |TAMS 0x00000000e4b00000, 0x00000000e4b00000| Untracked 
|  76|0x00000000e4c00000, 0x00000000e4c00000, 0x00000000e4d00000|  0%| F|  |TAMS 0x00000000e4c00000, 0x00000000e4c00000| Untracked 
|  77|0x00000000e4d00000, 0x00000000e4d00000, 0x00000000e4e00000|  0%| F|  |TAMS 0x00000000e4d00000, 0x00000000e4d00000| Untracked 
|  78|0x00000000e4e00000, 0x00000000e4e00000, 0x00000000e4f00000|  0%| F|  |TAMS 0x00000000e4e00000, 0x00000000e4e00000| Untracked 
|  79|0x00000000e4f00000, 0x00000000e4f00000, 0x00000000e5000000|  0%| F|  |TAMS 0x00000000e4f00000, 0x00000000e4f00000| Untracked 
|  80|0x00000000e5000000, 0x00000000e5000000, 0x00000000e5100000|  0%| F|  |TAMS 0x00000000e5000000, 0x00000000e5000000| Untracked 
|  81|0x00000000e5100000, 0x00000000e5100000, 0x00000000e5200000|  0%| F|  |TAMS 0x00000000e5100000, 0x00000000e5100000| Untracked 
|  82|0x00000000e5200000, 0x00000000e5200000, 0x00000000e5300000|  0%| F|  |TAMS 0x00000000e5200000, 0x00000000e5200000| Untracked 
|  83|0x00000000e5300000, 0x00000000e5300000, 0x00000000e5400000|  0%| F|  |TAMS 0x00000000e5300000, 0x00000000e5300000| Untracked 
|  84|0x00000000e5400000, 0x00000000e5400000, 0x00000000e5500000|  0%| F|  |TAMS 0x00000000e5400000, 0x00000000e5400000| Untracked 
|  85|0x00000000e5500000, 0x00000000e5500000, 0x00000000e5600000|  0%| F|  |TAMS 0x00000000e5500000, 0x00000000e5500000| Untracked 
|  86|0x00000000e5600000, 0x00000000e5700000, 0x00000000e5700000|100%| S|CS|TAMS 0x00000000e5600000, 0x00000000e5600000| Complete 
|  87|0x00000000e5700000, 0x00000000e5800000, 0x00000000e5800000|100%| S|CS|TAMS 0x00000000e5700000, 0x00000000e5700000| Complete 
|  88|0x00000000e5800000, 0x00000000e5900000, 0x00000000e5900000|100%| S|CS|TAMS 0x00000000e5800000, 0x00000000e5800000| Complete 
|  89|0x00000000e5900000, 0x00000000e5a00000, 0x00000000e5a00000|100%| S|CS|TAMS 0x00000000e5900000, 0x00000000e5900000| Complete 
|  90|0x00000000e5a00000, 0x00000000e5b00000, 0x00000000e5b00000|100%| S|CS|TAMS 0x00000000e5a00000, 0x00000000e5a00000| Complete 
|  91|0x00000000e5b00000, 0x00000000e5c00000, 0x00000000e5c00000|100%| S|CS|TAMS 0x00000000e5b00000, 0x00000000e5b00000| Complete 
|  92|0x00000000e5c00000, 0x00000000e5d00000, 0x00000000e5d00000|100%| S|CS|TAMS 0x00000000e5c00000, 0x00000000e5c00000| Complete 
|  93|0x00000000e5d00000, 0x00000000e5e00000, 0x00000000e5e00000|100%| S|CS|TAMS 0x00000000e5d00000, 0x00000000e5d00000| Complete 
|  94|0x00000000e5e00000, 0x00000000e5f00000, 0x00000000e5f00000|100%| S|CS|TAMS 0x00000000e5e00000, 0x00000000e5e00000| Complete 
|  95|0x00000000e5f00000, 0x00000000e6000000, 0x00000000e6000000|100%| S|CS|TAMS 0x00000000e5f00000, 0x00000000e5f00000| Complete 
|  96|0x00000000e6000000, 0x00000000e6100000, 0x00000000e6100000|100%| S|CS|TAMS 0x00000000e6000000, 0x00000000e6000000| Complete 
|  97|0x00000000e6100000, 0x00000000e6200000, 0x00000000e6200000|100%| S|CS|TAMS 0x00000000e6100000, 0x00000000e6100000| Complete 
|  98|0x00000000e6200000, 0x00000000e6300000, 0x00000000e6300000|100%| S|CS|TAMS 0x00000000e6200000, 0x00000000e6200000| Complete 
|  99|0x00000000e6300000, 0x00000000e6400000, 0x00000000e6400000|100%| S|CS|TAMS 0x00000000e6300000, 0x00000000e6300000| Complete 
| 100|0x00000000e6400000, 0x00000000e6500000, 0x00000000e6500000|100%| S|CS|TAMS 0x00000000e6400000, 0x00000000e6400000| Complete 
| 101|0x00000000e6500000, 0x00000000e6600000, 0x00000000e6600000|100%| S|CS|TAMS 0x00000000e6500000, 0x00000000e6500000| Complete 
| 102|0x00000000e6600000, 0x00000000e6700000, 0x00000000e6700000|100%| S|CS|TAMS 0x00000000e6600000, 0x00000000e6600000| Complete 
| 103|0x00000000e6700000, 0x00000000e6700000, 0x00000000e6800000|  0%| F|  |TAMS 0x00000000e6700000, 0x00000000e6700000| Untracked 
| 104|0x00000000e6800000, 0x00000000e6800000, 0x00000000e6900000|  0%| F|  |TAMS 0x00000000e6800000, 0x00000000e6800000| Untracked 
| 105|0x00000000e6900000, 0x00000000e6900000, 0x00000000e6a00000|  0%| F|  |TAMS 0x00000000e6900000, 0x00000000e6900000| Untracked 
| 106|0x00000000e6a00000, 0x00000000e6a00000, 0x00000000e6b00000|  0%| F|  |TAMS 0x00000000e6a00000, 0x00000000e6a00000| Untracked 
| 107|0x00000000e6b00000, 0x00000000e6b00000, 0x00000000e6c00000|  0%| F|  |TAMS 0x00000000e6b00000, 0x00000000e6b00000| Untracked 
| 108|0x00000000e6c00000, 0x00000000e6c00000, 0x00000000e6d00000|  0%| F|  |TAMS 0x00000000e6c00000, 0x00000000e6c00000| Untracked 
| 109|0x00000000e6d00000, 0x00000000e6d00000, 0x00000000e6e00000|  0%| F|  |TAMS 0x00000000e6d00000, 0x00000000e6d00000| Untracked 
| 110|0x00000000e6e00000, 0x00000000e6e00000, 0x00000000e6f00000|  0%| F|  |TAMS 0x00000000e6e00000, 0x00000000e6e00000| Untracked 
| 111|0x00000000e6f00000, 0x00000000e6f00000, 0x00000000e7000000|  0%| F|  |TAMS 0x00000000e6f00000, 0x00000000e6f00000| Untracked 
| 112|0x00000000e7000000, 0x00000000e7000000, 0x00000000e7100000|  0%| F|  |TAMS 0x00000000e7000000, 0x00000000e7000000| Untracked 
| 113|0x00000000e7100000, 0x00000000e7100000, 0x00000000e7200000|  0%| F|  |TAMS 0x00000000e7100000, 0x00000000e7100000| Untracked 
| 114|0x00000000e7200000, 0x00000000e7200000, 0x00000000e7300000|  0%| F|  |TAMS 0x00000000e7200000, 0x00000000e7200000| Untracked 
| 115|0x00000000e7300000, 0x00000000e7300000, 0x00000000e7400000|  0%| F|  |TAMS 0x00000000e7300000, 0x00000000e7300000| Untracked 
| 116|0x00000000e7400000, 0x00000000e7400000, 0x00000000e7500000|  0%| F|  |TAMS 0x00000000e7400000, 0x00000000e7400000| Untracked 
| 117|0x00000000e7500000, 0x00000000e7500000, 0x00000000e7600000|  0%| F|  |TAMS 0x00000000e7500000, 0x00000000e7500000| Untracked 
| 118|0x00000000e7600000, 0x00000000e7600000, 0x00000000e7700000|  0%| F|  |TAMS 0x00000000e7600000, 0x00000000e7600000| Untracked 
| 119|0x00000000e7700000, 0x00000000e7700000, 0x00000000e7800000|  0%| F|  |TAMS 0x00000000e7700000, 0x00000000e7700000| Untracked 
| 120|0x00000000e7800000, 0x00000000e7800000, 0x00000000e7900000|  0%| F|  |TAMS 0x00000000e7800000, 0x00000000e7800000| Untracked 
| 121|0x00000000e7900000, 0x00000000e7900000, 0x00000000e7a00000|  0%| F|  |TAMS 0x00000000e7900000, 0x00000000e7900000| Untracked 
| 122|0x00000000e7a00000, 0x00000000e7a00000, 0x00000000e7b00000|  0%| F|  |TAMS 0x00000000e7a00000, 0x00000000e7a00000| Untracked 
| 123|0x00000000e7b00000, 0x00000000e7b00000, 0x00000000e7c00000|  0%| F|  |TAMS 0x00000000e7b00000, 0x00000000e7b00000| Untracked 
| 124|0x00000000e7c00000, 0x00000000e7c00000, 0x00000000e7d00000|  0%| F|  |TAMS 0x00000000e7c00000, 0x00000000e7c00000| Untracked 
| 125|0x00000000e7d00000, 0x00000000e7d00000, 0x00000000e7e00000|  0%| F|  |TAMS 0x00000000e7d00000, 0x00000000e7d00000| Untracked 
| 126|0x00000000e7e00000, 0x00000000e7e00000, 0x00000000e7f00000|  0%| F|  |TAMS 0x00000000e7e00000, 0x00000000e7e00000| Untracked 
| 127|0x00000000e7f00000, 0x00000000e7f00000, 0x00000000e8000000|  0%| F|  |TAMS 0x00000000e7f00000, 0x00000000e7f00000| Untracked 
| 128|0x00000000e8000000, 0x00000000e8000000, 0x00000000e8100000|  0%| F|  |TAMS 0x00000000e8000000, 0x00000000e8000000| Untracked 
| 129|0x00000000e8100000, 0x00000000e8100000, 0x00000000e8200000|  0%| F|  |TAMS 0x00000000e8100000, 0x00000000e8100000| Untracked 
| 130|0x00000000e8200000, 0x00000000e8200000, 0x00000000e8300000|  0%| F|  |TAMS 0x00000000e8200000, 0x00000000e8200000| Untracked 
| 131|0x00000000e8300000, 0x00000000e8300000, 0x00000000e8400000|  0%| F|  |TAMS 0x00000000e8300000, 0x00000000e8300000| Untracked 
| 132|0x00000000e8400000, 0x00000000e8400000, 0x00000000e8500000|  0%| F|  |TAMS 0x00000000e8400000, 0x00000000e8400000| Untracked 
| 133|0x00000000e8500000, 0x00000000e8500000, 0x00000000e8600000|  0%| F|  |TAMS 0x00000000e8500000, 0x00000000e8500000| Untracked 
| 134|0x00000000e8600000, 0x00000000e8600000, 0x00000000e8700000|  0%| F|  |TAMS 0x00000000e8600000, 0x00000000e8600000| Untracked 
| 135|0x00000000e8700000, 0x00000000e8700000, 0x00000000e8800000|  0%| F|  |TAMS 0x00000000e8700000, 0x00000000e8700000| Untracked 
| 136|0x00000000e8800000, 0x00000000e8800000, 0x00000000e8900000|  0%| F|  |TAMS 0x00000000e8800000, 0x00000000e8800000| Untracked 
| 137|0x00000000e8900000, 0x00000000e8900000, 0x00000000e8a00000|  0%| F|  |TAMS 0x00000000e8900000, 0x00000000e8900000| Untracked 
| 138|0x00000000e8a00000, 0x00000000e8a00000, 0x00000000e8b00000|  0%| F|  |TAMS 0x00000000e8a00000, 0x00000000e8a00000| Untracked 
| 139|0x00000000e8b00000, 0x00000000e8b00000, 0x00000000e8c00000|  0%| F|  |TAMS 0x00000000e8b00000, 0x00000000e8b00000| Untracked 
| 140|0x00000000e8c00000, 0x00000000e8c00000, 0x00000000e8d00000|  0%| F|  |TAMS 0x00000000e8c00000, 0x00000000e8c00000| Untracked 
| 141|0x00000000e8d00000, 0x00000000e8d00000, 0x00000000e8e00000|  0%| F|  |TAMS 0x00000000e8d00000, 0x00000000e8d00000| Untracked 
| 142|0x00000000e8e00000, 0x00000000e8e00000, 0x00000000e8f00000|  0%| F|  |TAMS 0x00000000e8e00000, 0x00000000e8e00000| Untracked 
| 143|0x00000000e8f00000, 0x00000000e8f00000, 0x00000000e9000000|  0%| F|  |TAMS 0x00000000e8f00000, 0x00000000e8f00000| Untracked 
| 144|0x00000000e9000000, 0x00000000e9000000, 0x00000000e9100000|  0%| F|  |TAMS 0x00000000e9000000, 0x00000000e9000000| Untracked 
| 145|0x00000000e9100000, 0x00000000e9100000, 0x00000000e9200000|  0%| F|  |TAMS 0x00000000e9100000, 0x00000000e9100000| Untracked 
| 146|0x00000000e9200000, 0x00000000e9200000, 0x00000000e9300000|  0%| F|  |TAMS 0x00000000e9200000, 0x00000000e9200000| Untracked 
| 147|0x00000000e9300000, 0x00000000e9300000, 0x00000000e9400000|  0%| F|  |TAMS 0x00000000e9300000, 0x00000000e9300000| Untracked 
| 148|0x00000000e9400000, 0x00000000e9400000, 0x00000000e9500000|  0%| F|  |TAMS 0x00000000e9400000, 0x00000000e9400000| Untracked 
| 149|0x00000000e9500000, 0x00000000e9500000, 0x00000000e9600000|  0%| F|  |TAMS 0x00000000e9500000, 0x00000000e9500000| Untracked 
| 150|0x00000000e9600000, 0x00000000e9600000, 0x00000000e9700000|  0%| F|  |TAMS 0x00000000e9600000, 0x00000000e9600000| Untracked 
| 151|0x00000000e9700000, 0x00000000e9700000, 0x00000000e9800000|  0%| F|  |TAMS 0x00000000e9700000, 0x00000000e9700000| Untracked 
| 152|0x00000000e9800000, 0x00000000e9800000, 0x00000000e9900000|  0%| F|  |TAMS 0x00000000e9800000, 0x00000000e9800000| Untracked 
| 153|0x00000000e9900000, 0x00000000e9900000, 0x00000000e9a00000|  0%| F|  |TAMS 0x00000000e9900000, 0x00000000e9900000| Untracked 
| 154|0x00000000e9a00000, 0x00000000e9a00000, 0x00000000e9b00000|  0%| F|  |TAMS 0x00000000e9a00000, 0x00000000e9a00000| Untracked 
| 155|0x00000000e9b00000, 0x00000000e9b00000, 0x00000000e9c00000|  0%| F|  |TAMS 0x00000000e9b00000, 0x00000000e9b00000| Untracked 
| 156|0x00000000e9c00000, 0x00000000e9c00000, 0x00000000e9d00000|  0%| F|  |TAMS 0x00000000e9c00000, 0x00000000e9c00000| Untracked 
| 157|0x00000000e9d00000, 0x00000000e9d00000, 0x00000000e9e00000|  0%| F|  |TAMS 0x00000000e9d00000, 0x00000000e9d00000| Untracked 
| 158|0x00000000e9e00000, 0x00000000e9e00000, 0x00000000e9f00000|  0%| F|  |TAMS 0x00000000e9e00000, 0x00000000e9e00000| Untracked 
| 159|0x00000000e9f00000, 0x00000000e9f00000, 0x00000000ea000000|  0%| F|  |TAMS 0x00000000e9f00000, 0x00000000e9f00000| Untracked 
| 160|0x00000000ea000000, 0x00000000ea000000, 0x00000000ea100000|  0%| F|  |TAMS 0x00000000ea000000, 0x00000000ea000000| Untracked 
| 161|0x00000000ea100000, 0x00000000ea100000, 0x00000000ea200000|  0%| F|  |TAMS 0x00000000ea100000, 0x00000000ea100000| Untracked 
| 162|0x00000000ea200000, 0x00000000ea200000, 0x00000000ea300000|  0%| F|  |TAMS 0x00000000ea200000, 0x00000000ea200000| Untracked 
| 163|0x00000000ea300000, 0x00000000ea300000, 0x00000000ea400000|  0%| F|  |TAMS 0x00000000ea300000, 0x00000000ea300000| Untracked 
| 164|0x00000000ea400000, 0x00000000ea400000, 0x00000000ea500000|  0%| F|  |TAMS 0x00000000ea400000, 0x00000000ea400000| Untracked 
| 165|0x00000000ea500000, 0x00000000ea500000, 0x00000000ea600000|  0%| F|  |TAMS 0x00000000ea500000, 0x00000000ea500000| Untracked 
| 166|0x00000000ea600000, 0x00000000ea600000, 0x00000000ea700000|  0%| F|  |TAMS 0x00000000ea600000, 0x00000000ea600000| Untracked 
| 167|0x00000000ea700000, 0x00000000ea700000, 0x00000000ea800000|  0%| F|  |TAMS 0x00000000ea700000, 0x00000000ea700000| Untracked 
| 168|0x00000000ea800000, 0x00000000ea800000, 0x00000000ea900000|  0%| F|  |TAMS 0x00000000ea800000, 0x00000000ea800000| Untracked 
| 169|0x00000000ea900000, 0x00000000ea900000, 0x00000000eaa00000|  0%| F|  |TAMS 0x00000000ea900000, 0x00000000ea900000| Untracked 
| 170|0x00000000eaa00000, 0x00000000eaa00000, 0x00000000eab00000|  0%| F|  |TAMS 0x00000000eaa00000, 0x00000000eaa00000| Untracked 
| 171|0x00000000eab00000, 0x00000000eab00000, 0x00000000eac00000|  0%| F|  |TAMS 0x00000000eab00000, 0x00000000eab00000| Untracked 
| 172|0x00000000eac00000, 0x00000000eac00000, 0x00000000ead00000|  0%| F|  |TAMS 0x00000000eac00000, 0x00000000eac00000| Untracked 
| 173|0x00000000ead00000, 0x00000000ead00000, 0x00000000eae00000|  0%| F|  |TAMS 0x00000000ead00000, 0x00000000ead00000| Untracked 
| 174|0x00000000eae00000, 0x00000000eae00000, 0x00000000eaf00000|  0%| F|  |TAMS 0x00000000eae00000, 0x00000000eae00000| Untracked 
| 175|0x00000000eaf00000, 0x00000000eaf00000, 0x00000000eb000000|  0%| F|  |TAMS 0x00000000eaf00000, 0x00000000eaf00000| Untracked 
| 176|0x00000000eb000000, 0x00000000eb000000, 0x00000000eb100000|  0%| F|  |TAMS 0x00000000eb000000, 0x00000000eb000000| Untracked 
| 177|0x00000000eb100000, 0x00000000eb100000, 0x00000000eb200000|  0%| F|  |TAMS 0x00000000eb100000, 0x00000000eb100000| Untracked 
| 178|0x00000000eb200000, 0x00000000eb200000, 0x00000000eb300000|  0%| F|  |TAMS 0x00000000eb200000, 0x00000000eb200000| Untracked 
| 179|0x00000000eb300000, 0x00000000eb300000, 0x00000000eb400000|  0%| F|  |TAMS 0x00000000eb300000, 0x00000000eb300000| Untracked 
| 180|0x00000000eb400000, 0x00000000eb400000, 0x00000000eb500000|  0%| F|  |TAMS 0x00000000eb400000, 0x00000000eb400000| Untracked 
| 181|0x00000000eb500000, 0x00000000eb500000, 0x00000000eb600000|  0%| F|  |TAMS 0x00000000eb500000, 0x00000000eb500000| Untracked 
| 182|0x00000000eb600000, 0x00000000eb600000, 0x00000000eb700000|  0%| F|  |TAMS 0x00000000eb600000, 0x00000000eb600000| Untracked 
| 183|0x00000000eb700000, 0x00000000eb700000, 0x00000000eb800000|  0%| F|  |TAMS 0x00000000eb700000, 0x00000000eb700000| Untracked 
| 184|0x00000000eb800000, 0x00000000eb800000, 0x00000000eb900000|  0%| F|  |TAMS 0x00000000eb800000, 0x00000000eb800000| Untracked 
| 185|0x00000000eb900000, 0x00000000eb900000, 0x00000000eba00000|  0%| F|  |TAMS 0x00000000eb900000, 0x00000000eb900000| Untracked 
| 186|0x00000000eba00000, 0x00000000eba00000, 0x00000000ebb00000|  0%| F|  |TAMS 0x00000000eba00000, 0x00000000eba00000| Untracked 
| 187|0x00000000ebb00000, 0x00000000ebb00000, 0x00000000ebc00000|  0%| F|  |TAMS 0x00000000ebb00000, 0x00000000ebb00000| Untracked 
| 188|0x00000000ebc00000, 0x00000000ebc00000, 0x00000000ebd00000|  0%| F|  |TAMS 0x00000000ebc00000, 0x00000000ebc00000| Untracked 
| 189|0x00000000ebd00000, 0x00000000ebd00000, 0x00000000ebe00000|  0%| F|  |TAMS 0x00000000ebd00000, 0x00000000ebd00000| Untracked 
| 190|0x00000000ebe00000, 0x00000000ebe00000, 0x00000000ebf00000|  0%| F|  |TAMS 0x00000000ebe00000, 0x00000000ebe00000| Untracked 
| 191|0x00000000ebf00000, 0x00000000ebf00000, 0x00000000ec000000|  0%| F|  |TAMS 0x00000000ebf00000, 0x00000000ebf00000| Untracked 
| 192|0x00000000ec000000, 0x00000000ec000000, 0x00000000ec100000|  0%| F|  |TAMS 0x00000000ec000000, 0x00000000ec000000| Untracked 
| 193|0x00000000ec100000, 0x00000000ec100000, 0x00000000ec200000|  0%| F|  |TAMS 0x00000000ec100000, 0x00000000ec100000| Untracked 
| 194|0x00000000ec200000, 0x00000000ec200000, 0x00000000ec300000|  0%| F|  |TAMS 0x00000000ec200000, 0x00000000ec200000| Untracked 
| 195|0x00000000ec300000, 0x00000000ec300000, 0x00000000ec400000|  0%| F|  |TAMS 0x00000000ec300000, 0x00000000ec300000| Untracked 
| 196|0x00000000ec400000, 0x00000000ec400000, 0x00000000ec500000|  0%| F|  |TAMS 0x00000000ec400000, 0x00000000ec400000| Untracked 
| 197|0x00000000ec500000, 0x00000000ec500000, 0x00000000ec600000|  0%| F|  |TAMS 0x00000000ec500000, 0x00000000ec500000| Untracked 
| 198|0x00000000ec600000, 0x00000000ec600000, 0x00000000ec700000|  0%| F|  |TAMS 0x00000000ec600000, 0x00000000ec600000| Untracked 
| 199|0x00000000ec700000, 0x00000000ec700000, 0x00000000ec800000|  0%| F|  |TAMS 0x00000000ec700000, 0x00000000ec700000| Untracked 
| 200|0x00000000ec800000, 0x00000000ec800000, 0x00000000ec900000|  0%| F|  |TAMS 0x00000000ec800000, 0x00000000ec800000| Untracked 
| 201|0x00000000ec900000, 0x00000000ec900000, 0x00000000eca00000|  0%| F|  |TAMS 0x00000000ec900000, 0x00000000ec900000| Untracked 
| 202|0x00000000eca00000, 0x00000000eca00000, 0x00000000ecb00000|  0%| F|  |TAMS 0x00000000eca00000, 0x00000000eca00000| Untracked 
| 203|0x00000000ecb00000, 0x00000000ecb00000, 0x00000000ecc00000|  0%| F|  |TAMS 0x00000000ecb00000, 0x00000000ecb00000| Untracked 
| 204|0x00000000ecc00000, 0x00000000ecc00000, 0x00000000ecd00000|  0%| F|  |TAMS 0x00000000ecc00000, 0x00000000ecc00000| Untracked 
| 205|0x00000000ecd00000, 0x00000000ecd00000, 0x00000000ece00000|  0%| F|  |TAMS 0x00000000ecd00000, 0x00000000ecd00000| Untracked 
| 206|0x00000000ece00000, 0x00000000ece00000, 0x00000000ecf00000|  0%| F|  |TAMS 0x00000000ece00000, 0x00000000ece00000| Untracked 
| 207|0x00000000ecf00000, 0x00000000ecf00000, 0x00000000ed000000|  0%| F|  |TAMS 0x00000000ecf00000, 0x00000000ecf00000| Untracked 
| 208|0x00000000ed000000, 0x00000000ed000000, 0x00000000ed100000|  0%| F|  |TAMS 0x00000000ed000000, 0x00000000ed000000| Untracked 
| 209|0x00000000ed100000, 0x00000000ed100000, 0x00000000ed200000|  0%| F|  |TAMS 0x00000000ed100000, 0x00000000ed100000| Untracked 
| 210|0x00000000ed200000, 0x00000000ed200000, 0x00000000ed300000|  0%| F|  |TAMS 0x00000000ed200000, 0x00000000ed200000| Untracked 
| 211|0x00000000ed300000, 0x00000000ed300000, 0x00000000ed400000|  0%| F|  |TAMS 0x00000000ed300000, 0x00000000ed300000| Untracked 
| 212|0x00000000ed400000, 0x00000000ed400000, 0x00000000ed500000|  0%| F|  |TAMS 0x00000000ed400000, 0x00000000ed400000| Untracked 
| 213|0x00000000ed500000, 0x00000000ed500000, 0x00000000ed600000|  0%| F|  |TAMS 0x00000000ed500000, 0x00000000ed500000| Untracked 
| 214|0x00000000ed600000, 0x00000000ed600000, 0x00000000ed700000|  0%| F|  |TAMS 0x00000000ed600000, 0x00000000ed600000| Untracked 
| 215|0x00000000ed700000, 0x00000000ed700000, 0x00000000ed800000|  0%| F|  |TAMS 0x00000000ed700000, 0x00000000ed700000| Untracked 
| 216|0x00000000ed800000, 0x00000000ed800000, 0x00000000ed900000|  0%| F|  |TAMS 0x00000000ed800000, 0x00000000ed800000| Untracked 
| 217|0x00000000ed900000, 0x00000000ed900000, 0x00000000eda00000|  0%| F|  |TAMS 0x00000000ed900000, 0x00000000ed900000| Untracked 
| 218|0x00000000eda00000, 0x00000000eda00000, 0x00000000edb00000|  0%| F|  |TAMS 0x00000000eda00000, 0x00000000eda00000| Untracked 
| 219|0x00000000edb00000, 0x00000000edb00000, 0x00000000edc00000|  0%| F|  |TAMS 0x00000000edb00000, 0x00000000edb00000| Untracked 
| 220|0x00000000edc00000, 0x00000000edc00000, 0x00000000edd00000|  0%| F|  |TAMS 0x00000000edc00000, 0x00000000edc00000| Untracked 
| 221|0x00000000edd00000, 0x00000000edd00000, 0x00000000ede00000|  0%| F|  |TAMS 0x00000000edd00000, 0x00000000edd00000| Untracked 
| 222|0x00000000ede00000, 0x00000000ede00000, 0x00000000edf00000|  0%| F|  |TAMS 0x00000000ede00000, 0x00000000ede00000| Untracked 
| 223|0x00000000edf00000, 0x00000000edf00000, 0x00000000ee000000|  0%| F|  |TAMS 0x00000000edf00000, 0x00000000edf00000| Untracked 
| 224|0x00000000ee000000, 0x00000000ee09dc68, 0x00000000ee100000| 61%| E|  |TAMS 0x00000000ee000000, 0x00000000ee000000| Complete 
| 225|0x00000000ee100000, 0x00000000ee200000, 0x00000000ee200000|100%| E|CS|TAMS 0x00000000ee100000, 0x00000000ee100000| Complete 
| 226|0x00000000ee200000, 0x00000000ee300000, 0x00000000ee300000|100%| E|CS|TAMS 0x00000000ee200000, 0x00000000ee200000| Complete 
| 227|0x00000000ee300000, 0x00000000ee400000, 0x00000000ee400000|100%| E|CS|TAMS 0x00000000ee300000, 0x00000000ee300000| Complete 
| 228|0x00000000ee400000, 0x00000000ee500000, 0x00000000ee500000|100%| E|CS|TAMS 0x00000000ee400000, 0x00000000ee400000| Complete 
| 229|0x00000000ee500000, 0x00000000ee600000, 0x00000000ee600000|100%| E|CS|TAMS 0x00000000ee500000, 0x00000000ee500000| Complete 
| 230|0x00000000ee600000, 0x00000000ee700000, 0x00000000ee700000|100%| E|CS|TAMS 0x00000000ee600000, 0x00000000ee600000| Complete 
| 231|0x00000000ee700000, 0x00000000ee800000, 0x00000000ee800000|100%| E|CS|TAMS 0x00000000ee700000, 0x00000000ee700000| Complete 
| 232|0x00000000ee800000, 0x00000000ee900000, 0x00000000ee900000|100%| E|CS|TAMS 0x00000000ee800000, 0x00000000ee800000| Complete 
| 233|0x00000000ee900000, 0x00000000eea00000, 0x00000000eea00000|100%| E|CS|TAMS 0x00000000ee900000, 0x00000000ee900000| Complete 
| 234|0x00000000eea00000, 0x00000000eeb00000, 0x00000000eeb00000|100%| E|CS|TAMS 0x00000000eea00000, 0x00000000eea00000| Complete 
| 235|0x00000000eeb00000, 0x00000000eec00000, 0x00000000eec00000|100%| E|CS|TAMS 0x00000000eeb00000, 0x00000000eeb00000| Complete 
| 236|0x00000000eec00000, 0x00000000eed00000, 0x00000000eed00000|100%| E|CS|TAMS 0x00000000eec00000, 0x00000000eec00000| Complete 
| 237|0x00000000eed00000, 0x00000000eee00000, 0x00000000eee00000|100%| E|CS|TAMS 0x00000000eed00000, 0x00000000eed00000| Complete 
| 238|0x00000000eee00000, 0x00000000eef00000, 0x00000000eef00000|100%| E|CS|TAMS 0x00000000eee00000, 0x00000000eee00000| Complete 
| 239|0x00000000eef00000, 0x00000000ef000000, 0x00000000ef000000|100%| E|CS|TAMS 0x00000000eef00000, 0x00000000eef00000| Complete 
| 240|0x00000000ef000000, 0x00000000ef100000, 0x00000000ef100000|100%| E|CS|TAMS 0x00000000ef000000, 0x00000000ef000000| Complete 
| 241|0x00000000ef100000, 0x00000000ef200000, 0x00000000ef200000|100%| E|CS|TAMS 0x00000000ef100000, 0x00000000ef100000| Complete 
| 242|0x00000000ef200000, 0x00000000ef300000, 0x00000000ef300000|100%| E|CS|TAMS 0x00000000ef200000, 0x00000000ef200000| Complete 
| 243|0x00000000ef300000, 0x00000000ef400000, 0x00000000ef400000|100%| E|CS|TAMS 0x00000000ef300000, 0x00000000ef300000| Complete 
| 244|0x00000000ef400000, 0x00000000ef500000, 0x00000000ef500000|100%| E|CS|TAMS 0x00000000ef400000, 0x00000000ef400000| Complete 
| 245|0x00000000ef500000, 0x00000000ef600000, 0x00000000ef600000|100%| E|CS|TAMS 0x00000000ef500000, 0x00000000ef500000| Complete 
| 246|0x00000000ef600000, 0x00000000ef700000, 0x00000000ef700000|100%| E|CS|TAMS 0x00000000ef600000, 0x00000000ef600000| Complete 
| 247|0x00000000ef700000, 0x00000000ef800000, 0x00000000ef800000|100%| E|CS|TAMS 0x00000000ef700000, 0x00000000ef700000| Complete 
| 248|0x00000000ef800000, 0x00000000ef900000, 0x00000000ef900000|100%| E|CS|TAMS 0x00000000ef800000, 0x00000000ef800000| Complete 
| 249|0x00000000ef900000, 0x00000000efa00000, 0x00000000efa00000|100%| E|CS|TAMS 0x00000000ef900000, 0x00000000ef900000| Complete 
| 250|0x00000000efa00000, 0x00000000efb00000, 0x00000000efb00000|100%| E|CS|TAMS 0x00000000efa00000, 0x00000000efa00000| Complete 
| 251|0x00000000efb00000, 0x00000000efc00000, 0x00000000efc00000|100%| E|CS|TAMS 0x00000000efb00000, 0x00000000efb00000| Complete 
| 252|0x00000000efc00000, 0x00000000efd00000, 0x00000000efd00000|100%| E|CS|TAMS 0x00000000efc00000, 0x00000000efc00000| Complete 
| 253|0x00000000efd00000, 0x00000000efe00000, 0x00000000efe00000|100%| E|CS|TAMS 0x00000000efd00000, 0x00000000efd00000| Complete 
| 254|0x00000000efe00000, 0x00000000eff00000, 0x00000000eff00000|100%| E|CS|TAMS 0x00000000efe00000, 0x00000000efe00000| Complete 
| 255|0x00000000eff00000, 0x00000000f0000000, 0x00000000f0000000|100%| E|CS|TAMS 0x00000000eff00000, 0x00000000eff00000| Complete 

Card table byte_map: [0x0000020072d70000,0x0000020072e70000] _byte_map_base: 0x0000020072670000

Marking Bits (Prev, Next): (CMBitMap*) 0x000002006b287350, (CMBitMap*) 0x000002006b287390
 Prev Bits: [0x0000020072f70000, 0x0000020073770000)
 Next Bits: [0x0000020073770000, 0x0000020073f70000)

Polling page: 0x00000200691e0000

Metaspace:

Usage:
  Non-class:     42.24 MB used.
      Class:      7.05 MB used.
       Both:     49.29 MB used.

Virtual space:
  Non-class space:       64.00 MB reserved,      42.50 MB ( 66%) committed,  1 nodes.
      Class space:      320.00 MB reserved,       7.31 MB (  2%) committed,  1 nodes.
             Both:      384.00 MB reserved,      49.81 MB ( 13%) committed. 

Chunk freelists:
   Non-Class:  5.19 MB
       Class:  8.58 MB
        Both:  13.76 MB

MaxMetaspaceSize: 384.00 MB
CompressedClassSpaceSize: 320.00 MB
Initial GC threshold: 21.00 MB
Current GC threshold: 58.69 MB
CDS: on
MetaspaceReclaimPolicy: balanced
 - commit_granule_bytes: 65536.
 - commit_granule_words: 8192.
 - virtual_space_node_default_size: 8388608.
 - enlarge_chunks_in_place: 1.
 - new_chunks_are_fully_committed: 0.
 - uncommit_free_chunks: 1.
 - use_allocation_guard: 0.
 - handle_deallocations: 1.


Internal statistics:

num_allocs_failed_limit: 6.
num_arena_births: 592.
num_arena_deaths: 0.
num_vsnodes_births: 2.
num_vsnodes_deaths: 0.
num_space_committed: 797.
num_space_uncommitted: 0.
num_chunks_returned_to_freelist: 6.
num_chunks_taken_from_freelist: 2659.
num_chunk_merges: 6.
num_chunk_splits: 1718.
num_chunks_enlarged: 1137.
num_inconsistent_stats: 0.

CodeHeap 'non-profiled nmethods': size=120000Kb used=3260Kb max_used=3260Kb free=116739Kb
 bounds [0x0000020007ad0000, 0x0000020007e00000, 0x000002000f000000]
CodeHeap 'profiled nmethods': size=120000Kb used=11268Kb max_used=11268Kb free=108732Kb
 bounds [0x0000020000000000, 0x0000020000b10000, 0x0000020007530000]
CodeHeap 'non-nmethods': size=5760Kb used=2323Kb max_used=2363Kb free=3437Kb
 bounds [0x0000020007530000, 0x00000200077a0000, 0x0000020007ad0000]
 total_blobs=6597 nmethods=5760 adapters=749
 compilation: enabled
              stopped_count=0, restarted_count=0
 full_count=0

Compilation events (20 events):
Event: 48.351 Thread 0x000002007655dc60 6567       3       java.util.stream.AbstractPipeline::sourceSpliterator (265 bytes)
Event: 48.353 Thread 0x000002007655dc60 nmethod 6567 0x0000020000afc990 code [0x0000020000afcc00, 0x0000020000afd9e8]
Event: 48.353 Thread 0x000002007655dc60 6569       3       java.util.Spliterator::getExactSizeIfKnown (25 bytes)
Event: 48.353 Thread 0x000002007655dc60 nmethod 6569 0x0000020000afde90 code [0x0000020000afe040, 0x0000020000afe338]
Event: 48.353 Thread 0x000002007655dc60 6564       3       com.google.common.collect.ImmutableMap::values (23 bytes)
Event: 48.354 Thread 0x000002007655dc60 nmethod 6564 0x0000020000afe410 code [0x0000020000afe5c0, 0x0000020000afe868]
Event: 48.354 Thread 0x000002007655dc60 6566       3       org.gradle.internal.reflect.annotations.impl.DefaultTypeAnnotationMetadataStore$PropertyAnnotationMetadataBuilder$$Lambda$865/0x00000200106531c0::<init> (10 bytes)
Event: 48.354 Thread 0x000002007655dc60 nmethod 6566 0x0000020000afe910 code [0x0000020000afeaa0, 0x0000020000afec58]
Event: 48.354 Thread 0x000002007655dc60 6568       1       org.gradle.internal.properties.annotations.NoOpPropertyAnnotationHandler::isPropertyRelevant (2 bytes)
Event: 48.354 Thread 0x000002007655dc60 nmethod 6568 0x0000020007dfea90 code [0x0000020007dfec20, 0x0000020007dfecf8]
Event: 48.355 Thread 0x000002007655dc60 6570       1       org.gradle.internal.reflect.annotations.impl.DefaultPropertyAnnotationMetadata::getDeclaredType (5 bytes)
Event: 48.355 Thread 0x000002007655dc60 nmethod 6570 0x0000020007dfed90 code [0x0000020007dfef20, 0x0000020007dfeff8]
Event: 48.365 Thread 0x000002007655dc60 6571       3       java.lang.invoke.LambdaForm$MH/0x0000020010200c00::linkToTargetMethod (11 bytes)
Event: 48.365 Thread 0x000002007655dc60 nmethod 6571 0x0000020000afed10 code [0x0000020000afeec0, 0x0000020000aff318]
Event: 48.365 Thread 0x000002007655dc60 6572       3       java.lang.invoke.LambdaForm$DMH/0x0000020010200400::newInvokeSpecial (28 bytes)
Event: 48.366 Thread 0x000002007655dc60 nmethod 6572 0x0000020000aff410 code [0x0000020000aff600, 0x0000020000affdc8]
Event: 48.372 Thread 0x000002007655dc60 6573       3       org.gradle.api.internal.DefaultDomainObjectCollection$IteratorImpl::hasNext (10 bytes)
Event: 48.373 Thread 0x000002007655dc60 nmethod 6573 0x0000020000afff90 code [0x0000020000b00140, 0x0000020000b00308]
Event: 48.373 Thread 0x000002007655dc60 6574       3       it.unimi.dsi.fastutil.HashCommon::mix (12 bytes)
Event: 48.373 Thread 0x000002007655dc60 nmethod 6574 0x0000020000b00410 code [0x0000020000b005a0, 0x0000020000b00698]

GC Heap History (12 events):
Event: 1.496 GC heap before
{Heap before GC invocations=0 (full 0):
 garbage-first heap   total 262144K, used 13312K [0x00000000e0000000, 0x0000000100000000)
  region size 1024K, 13 young (13312K), 0 survivors (0K)
 Metaspace       used 790K, committed 896K, reserved 393216K
  class space    used 61K, committed 128K, reserved 327680K
}
Event: 1.504 GC heap after
{Heap after GC invocations=1 (full 0):
 garbage-first heap   total 262144K, used 1672K [0x00000000e0000000, 0x0000000100000000)
  region size 1024K, 2 young (2048K), 2 survivors (2048K)
 Metaspace       used 790K, committed 896K, reserved 393216K
  class space    used 61K, committed 128K, reserved 327680K
}
Event: 2.902 GC heap before
{Heap before GC invocations=1 (full 0):
 garbage-first heap   total 262144K, used 22152K [0x00000000e0000000, 0x0000000100000000)
  region size 1024K, 19 young (19456K), 2 survivors (2048K)
 Metaspace       used 3248K, committed 3392K, reserved 393216K
  class space    used 411K, committed 512K, reserved 327680K
}
Event: 2.908 GC heap after
{Heap after GC invocations=2 (full 0):
 garbage-first heap   total 262144K, used 10998K [0x00000000e0000000, 0x0000000100000000)
  region size 1024K, 3 young (3072K), 3 survivors (3072K)
 Metaspace       used 3248K, committed 3392K, reserved 393216K
  class space    used 411K, committed 512K, reserved 327680K
}
Event: 4.353 GC heap before
{Heap before GC invocations=2 (full 0):
 garbage-first heap   total 262144K, used 41718K [0x00000000e0000000, 0x0000000100000000)
  region size 1024K, 33 young (33792K), 3 survivors (3072K)
 Metaspace       used 4077K, committed 4288K, reserved 393216K
  class space    used 503K, committed 640K, reserved 327680K
}
Event: 4.356 GC heap after
{Heap after GC invocations=3 (full 0):
 garbage-first heap   total 262144K, used 12134K [0x00000000e0000000, 0x0000000100000000)
  region size 1024K, 1 young (1024K), 1 survivors (1024K)
 Metaspace       used 4077K, committed 4288K, reserved 393216K
  class space    used 503K, committed 640K, reserved 327680K
}
Event: 12.625 GC heap before
{Heap before GC invocations=3 (full 0):
 garbage-first heap   total 262144K, used 133990K [0x00000000e0000000, 0x0000000100000000)
  region size 1024K, 119 young (121856K), 1 survivors (1024K)
 Metaspace       used 21235K, committed 21504K, reserved 393216K
  class space    used 3130K, committed 3264K, reserved 327680K
}
Event: 12.648 GC heap after
{Heap after GC invocations=4 (full 0):
 garbage-first heap   total 262144K, used 23585K [0x00000000e0000000, 0x0000000100000000)
  region size 1024K, 12 young (12288K), 12 survivors (12288K)
 Metaspace       used 21235K, committed 21504K, reserved 393216K
  class space    used 3130K, committed 3264K, reserved 327680K
}
Event: 20.079 GC heap before
{Heap before GC invocations=5 (full 0):
 garbage-first heap   total 262144K, used 143393K [0x00000000e0000000, 0x0000000100000000)
  region size 1024K, 126 young (129024K), 12 survivors (12288K)
 Metaspace       used 35576K, committed 35968K, reserved 393216K
  class space    used 4947K, committed 5120K, reserved 327680K
}
Event: 20.109 GC heap after
{Heap after GC invocations=6 (full 0):
 garbage-first heap   total 262144K, used 33195K [0x00000000e0000000, 0x0000000100000000)
  region size 1024K, 10 young (10240K), 10 survivors (10240K)
 Metaspace       used 35576K, committed 35968K, reserved 393216K
  class space    used 4947K, committed 5120K, reserved 327680K
}
Event: 40.286 GC heap before
{Heap before GC invocations=7 (full 0):
 garbage-first heap   total 262144K, used 180651K [0x00000000e0000000, 0x0000000100000000)
  region size 1024K, 153 young (156672K), 10 survivors (10240K)
 Metaspace       used 48756K, committed 49280K, reserved 393216K
  class space    used 6929K, committed 7168K, reserved 327680K
}
Event: 40.320 GC heap after
{Heap after GC invocations=8 (full 0):
 garbage-first heap   total 262144K, used 40561K [0x00000000e0000000, 0x0000000100000000)
  region size 1024K, 17 young (17408K), 17 survivors (17408K)
 Metaspace       used 48756K, committed 49280K, reserved 393216K
  class space    used 6929K, committed 7168K, reserved 327680K
}

Dll operation events (15 events):
Event: 0.071 Loaded shared library C:\Users\Giang\.jdks\corretto-17.0.10\bin\java.dll
Event: 0.137 Loaded shared library C:\Users\Giang\.jdks\corretto-17.0.10\bin\jsvml.dll
Event: 0.615 Loaded shared library C:\Users\Giang\.jdks\corretto-17.0.10\bin\zip.dll
Event: 0.634 Loaded shared library C:\Users\Giang\.jdks\corretto-17.0.10\bin\instrument.dll
Event: 0.655 Loaded shared library C:\Users\Giang\.jdks\corretto-17.0.10\bin\net.dll
Event: 0.665 Loaded shared library C:\Users\Giang\.jdks\corretto-17.0.10\bin\nio.dll
Event: 0.686 Loaded shared library C:\Users\Giang\.jdks\corretto-17.0.10\bin\zip.dll
Event: 1.508 Loaded shared library C:\Users\Giang\.jdks\corretto-17.0.10\bin\jimage.dll
Event: 1.935 Loaded shared library C:\Users\Giang\.jdks\corretto-17.0.10\bin\verify.dll
Event: 2.459 Loaded shared library C:\Users\Giang\.gradle\native\c067742578af261105cb4f569cf0c3c89f3d7b1fecec35dd04571415982c5e48\windows-amd64\native-platform.dll
Event: 2.469 Loaded shared library C:\Users\Giang\.gradle\native\100fb08df4bc3b14c8652ba06237920a3bd2aa13389f12d3474272988ae205f9\windows-amd64\native-platform-file-events.dll
Event: 6.578 Loaded shared library C:\Users\Giang\.jdks\corretto-17.0.10\bin\management.dll
Event: 6.589 Loaded shared library C:\Users\Giang\.jdks\corretto-17.0.10\bin\management_ext.dll
Event: 7.451 Loaded shared library C:\Users\Giang\.jdks\corretto-17.0.10\bin\extnet.dll
Event: 8.078 Loaded shared library C:\Users\Giang\.jdks\corretto-17.0.10\bin\sunmscapi.dll

Deoptimization events (20 events):
Event: 42.663 Thread 0x000002007bcd09b0 Uncommon trap: trap_request=0xffffffde fr.pc=0x0000020007ca7788 relative=0x0000000000000808
Event: 42.663 Thread 0x000002007bcd09b0 Uncommon trap: reason=class_check action=maybe_recompile pc=0x0000020007ca7788 method=java.io.BufferedInputStream.read1([BII)I @ 39 c2
Event: 42.663 Thread 0x000002007bcd09b0 DEOPT PACKING pc=0x0000020007ca7788 sp=0x000000b9504fec20
Event: 42.664 Thread 0x000002007bcd09b0 DEOPT UNPACKING pc=0x00000200075869a3 sp=0x000000b9504feb38 mode 2
Event: 44.517 Thread 0x000002007bcd09b0 Uncommon trap: trap_request=0xffffffde fr.pc=0x0000020007ca7788 relative=0x0000000000000808
Event: 44.517 Thread 0x000002007bcd09b0 Uncommon trap: reason=class_check action=maybe_recompile pc=0x0000020007ca7788 method=java.io.BufferedInputStream.read1([BII)I @ 39 c2
Event: 44.517 Thread 0x000002007bcd09b0 DEOPT PACKING pc=0x0000020007ca7788 sp=0x000000b9504fec20
Event: 44.517 Thread 0x000002007bcd09b0 DEOPT UNPACKING pc=0x00000200075869a3 sp=0x000000b9504feb38 mode 2
Event: 44.518 Thread 0x000002007bcd09b0 Uncommon trap: trap_request=0xffffffde fr.pc=0x0000020007ca7788 relative=0x0000000000000808
Event: 44.518 Thread 0x000002007bcd09b0 Uncommon trap: reason=class_check action=maybe_recompile pc=0x0000020007ca7788 method=java.io.BufferedInputStream.read1([BII)I @ 39 c2
Event: 44.518 Thread 0x000002007bcd09b0 DEOPT PACKING pc=0x0000020007ca7788 sp=0x000000b9504fec20
Event: 44.518 Thread 0x000002007bcd09b0 DEOPT UNPACKING pc=0x00000200075869a3 sp=0x000000b9504feb38 mode 2
Event: 44.518 Thread 0x000002007bcd09b0 Uncommon trap: trap_request=0xffffffde fr.pc=0x0000020007ca7788 relative=0x0000000000000808
Event: 44.518 Thread 0x000002007bcd09b0 Uncommon trap: reason=class_check action=maybe_recompile pc=0x0000020007ca7788 method=java.io.BufferedInputStream.read1([BII)I @ 39 c2
Event: 44.518 Thread 0x000002007bcd09b0 DEOPT PACKING pc=0x0000020007ca7788 sp=0x000000b9504fec20
Event: 44.518 Thread 0x000002007bcd09b0 DEOPT UNPACKING pc=0x00000200075869a3 sp=0x000000b9504feb38 mode 2
Event: 45.175 Thread 0x000002007bcd09b0 Uncommon trap: trap_request=0xffffffde fr.pc=0x0000020007c6b568 relative=0x00000000000001a8
Event: 45.175 Thread 0x000002007bcd09b0 Uncommon trap: reason=class_check action=maybe_recompile pc=0x0000020007c6b568 method=java.io.BufferedInputStream.read1([BII)I @ 39 c2
Event: 45.175 Thread 0x000002007bcd09b0 DEOPT PACKING pc=0x0000020007c6b568 sp=0x000000b9504feb80
Event: 45.175 Thread 0x000002007bcd09b0 DEOPT UNPACKING pc=0x00000200075869a3 sp=0x000000b9504feb28 mode 2

Classes unloaded (0 events):
No events

Classes redefined (0 events):
No events

Internal exceptions (20 events):
Event: 40.779 Thread 0x000002007b9ed490 Exception <a 'java/lang/ClassNotFoundException'{0x00000000ef6e9118}: org/gradle/api/internal/artifacts/dsl/DefaultRepositoryHandler_DecoratedCustomizer> (0x00000000ef6e9118) 
thrown [s\src\hotspot\share\classfile\systemDictionary.cpp, line 256]
Event: 40.805 Thread 0x000002007b9ed490 Exception <a 'java/lang/ClassNotFoundException'{0x00000000ef586e68}: org/gradle/api/internal/artifacts/dsl/dependencies/DefaultDependencyHandler_DecoratedBeanInfo> (0x00000000ef586e68) 
thrown [s\src\hotspot\share\classfile\systemDictionary.cpp, line 256]
Event: 40.807 Thread 0x000002007b9ed490 Exception <a 'java/lang/ClassNotFoundException'{0x00000000ef59e580}: org/gradle/api/internal/artifacts/dsl/dependencies/DefaultDependencyHandlerBeanInfo> (0x00000000ef59e580) 
thrown [s\src\hotspot\share\classfile\systemDictionary.cpp, line 256]
Event: 40.808 Thread 0x000002007b9ed490 Exception <a 'java/lang/ClassNotFoundException'{0x00000000ef5b5c50}: org/gradle/api/internal/artifacts/dsl/dependencies/DefaultDependencyHandlerCustomizer> (0x00000000ef5b5c50) 
thrown [s\src\hotspot\share\classfile\systemDictionary.cpp, line 256]
Event: 40.816 Thread 0x000002007b9ed490 Exception <a 'java/lang/ClassNotFoundException'{0x00000000ef5f5a08}: org/gradle/api/internal/artifacts/dsl/dependencies/DefaultDependencyHandler_DecoratedCustomizer> (0x00000000ef5f5a08) 
thrown [s\src\hotspot\share\classfile\systemDictionary.cpp, line 256]
Event: 40.953 Thread 0x000002007b9ed490 Exception <a 'java/lang/ClassNotFoundException'{0x00000000ef1ee7a0}: org/gradle/api/internal/tasks/DefaultTaskContainer_DecoratedBeanInfo> (0x00000000ef1ee7a0) 
thrown [s\src\hotspot\share\classfile\systemDictionary.cpp, line 256]
Event: 40.954 Thread 0x000002007b9ed490 Exception <a 'java/lang/ClassNotFoundException'{0x00000000ef000c40}: org/gradle/api/internal/tasks/DefaultTaskContainerBeanInfo> (0x00000000ef000c40) 
thrown [s\src\hotspot\share\classfile\systemDictionary.cpp, line 256]
Event: 40.955 Thread 0x000002007b9ed490 Exception <a 'java/lang/ClassNotFoundException'{0x00000000ef012bc8}: org/gradle/api/internal/tasks/DefaultTaskCollectionBeanInfo> (0x00000000ef012bc8) 
thrown [s\src\hotspot\share\classfile\systemDictionary.cpp, line 256]
Event: 40.956 Thread 0x000002007b9ed490 Exception <a 'java/lang/ClassNotFoundException'{0x00000000ef024dd0}: org/gradle/api/internal/tasks/DefaultTaskCollectionCustomizer> (0x00000000ef024dd0) 
thrown [s\src\hotspot\share\classfile\systemDictionary.cpp, line 256]
Event: 40.960 Thread 0x000002007b9ed490 Exception <a 'java/lang/ClassNotFoundException'{0x00000000ef06acc0}: org/gradle/api/internal/tasks/DefaultTaskContainerCustomizer> (0x00000000ef06acc0) 
thrown [s\src\hotspot\share\classfile\systemDictionary.cpp, line 256]
Event: 40.970 Thread 0x000002007b9ed490 Exception <a 'java/lang/ClassNotFoundException'{0x00000000ef0cfb80}: org/gradle/api/internal/tasks/DefaultTaskContainer_DecoratedCustomizer> (0x00000000ef0cfb80) 
thrown [s\src\hotspot\share\classfile\systemDictionary.cpp, line 256]
Event: 42.116 Thread 0x000002007b9ed490 Exception <a 'java/lang/NoSuchMethodError'{0x00000000eeae0858}: 'int java.lang.invoke.DirectMethodHandle$Holder.invokeSpecialIFC(java.lang.Object, java.lang.Object, java.lang.Object, java.lang.Object, java.lang.Object)'> (0x00000000eeae0858) 
thrown [s\src\hotspot\share\interpreter\linkResolver.cpp, line 759]
Event: 42.420 Thread 0x000002007b9ed490 Exception <a 'java/lang/NoSuchMethodError'{0x00000000ee6e6c40}: 'java.lang.Object java.lang.invoke.DirectMethodHandle$Holder.newInvokeSpecial(java.lang.Object, java.lang.Object, java.lang.Object, java.lang.Object, java.lang.Object, java.lang.Object, int)'> (0x00000000ee6e6c40) 
thrown [s\src\hotspot\share\interpreter\linkResolver.cpp, line 759]
Event: 42.422 Thread 0x000002007b9ed490 Exception <a 'java/lang/NoSuchMethodError'{0x00000000ee6ec430}: 'java.lang.Object java.lang.invoke.DirectMethodHandle$Holder.invokeSpecial(java.lang.Object, java.lang.Object, java.lang.Object, java.lang.Object, java.lang.Object, java.lang.Object, java.lang.Object, int)'> (0x00000000ee6ec430) 
thrown [s\src\hotspot\share\interpreter\linkResolver.cpp, line 759]
Event: 42.422 Thread 0x000002007b9ed490 Exception <a 'java/lang/NoSuchMethodError'{0x00000000ee6f1808}: 'java.lang.Object java.lang.invoke.Invokers$Holder.linkToTargetMethod(java.lang.Object, java.lang.Object, java.lang.Object, java.lang.Object, java.lang.Object, int, java.lang.Object)'> (0x00000000ee6f1808) 
thrown [s\src\hotspot\share\interpreter\linkResolver.cpp, line 759]
Event: 42.529 Thread 0x000002007bcd2810 Implicit null exception at 0x0000020007d9b2dd to 0x0000020007d9b448
Event: 42.635 Thread 0x000002007bccfa80 Exception <a 'java/lang/NoSuchMethodError'{0x00000000ee366180}: 'void java.lang.invoke.DirectMethodHandle$Holder.invokeStatic(java.lang.Object, long)'> (0x00000000ee366180) 
thrown [s\src\hotspot\share\interpreter\linkResolver.cpp, line 759]
Event: 42.638 Thread 0x000002007bccfa80 Exception <a 'java/lang/NoSuchMethodError'{0x00000000ee371068}: 'java.lang.Object java.lang.invoke.DirectMethodHandle$Holder.invokeStatic(java.lang.Object, java.lang.Object, long, java.lang.Object)'> (0x00000000ee371068) 
thrown [s\src\hotspot\share\interpreter\linkResolver.cpp, line 759]
Event: 42.638 Thread 0x000002007bccfa80 Exception <a 'java/lang/NoSuchMethodError'{0x00000000ee374840}: 'java.lang.Object java.lang.invoke.DirectMethodHandle$Holder.invokeStaticInit(java.lang.Object, java.lang.Object, long, java.lang.Object)'> (0x00000000ee374840) 
thrown [s\src\hotspot\share\interpreter\linkResolver.cpp, line 759]
Event: 45.026 Thread 0x000002007bccfa80 Exception <a 'java/lang/NoSuchMethodError'{0x00000000ee387bc0}: 'void java.lang.invoke.DirectMethodHandle$Holder.invokeSpecial(java.lang.Object, java.lang.Object, int)'> (0x00000000ee387bc0) 
thrown [s\src\hotspot\share\interpreter\linkResolver.cpp, line 759]

VM Operations (20 events):
Event: 36.599 Executing VM operation: Cleanup
Event: 36.622 Executing VM operation: Cleanup done
Event: 37.320 Executing VM operation: ICBufferFull
Event: 37.320 Executing VM operation: ICBufferFull done
Event: 38.324 Executing VM operation: Cleanup
Event: 38.357 Executing VM operation: Cleanup done
Event: 39.365 Executing VM operation: Cleanup
Event: 39.366 Executing VM operation: Cleanup done
Event: 40.286 Executing VM operation: G1CollectForAllocation
Event: 40.320 Executing VM operation: G1CollectForAllocation done
Event: 41.335 Executing VM operation: Cleanup
Event: 41.335 Executing VM operation: Cleanup done
Event: 42.345 Executing VM operation: Cleanup
Event: 42.379 Executing VM operation: Cleanup done
Event: 43.383 Executing VM operation: Cleanup
Event: 43.383 Executing VM operation: Cleanup done
Event: 45.395 Executing VM operation: Cleanup
Event: 45.395 Executing VM operation: Cleanup done
Event: 46.403 Executing VM operation: Cleanup
Event: 46.403 Executing VM operation: Cleanup done

Events (20 events):
Event: 42.639 loading class java/lang/Process$PipeInputStream
Event: 42.639 loading class java/lang/Process$PipeInputStream done
Event: 42.639 loading class jdk/internal/event/ProcessStartEvent
Event: 42.640 loading class jdk/internal/event/ProcessStartEvent done
Event: 42.641 Thread 0x000002007bcd04a0 Thread added: 0x000002007bcd04a0
Event: 42.641 Thread 0x000002007bcd09b0 Thread added: 0x000002007bcd09b0
Event: 45.118 loading class java/io/ObjectOutputStream$BlockDataOutputStream
Event: 45.121 loading class java/io/ObjectOutputStream$BlockDataOutputStream done
Event: 45.121 loading class java/io/ObjectOutputStream$HandleTable
Event: 45.127 loading class java/io/ObjectOutputStream$HandleTable done
Event: 45.127 loading class java/io/ObjectOutputStream$ReplaceTable
Event: 45.132 loading class java/io/ObjectOutputStream$ReplaceTable done
Event: 45.132 loading class java/io/Bits
Event: 45.138 loading class java/io/Bits done
Event: 48.006 loading class java/util/stream/ReduceOps$2
Event: 48.009 loading class java/util/stream/ReduceOps$2 done
Event: 48.009 loading class java/util/stream/ReduceOps$2ReducingSink
Event: 48.010 loading class java/util/stream/ReduceOps$2ReducingSink done
Event: 48.368 loading class java/util/Comparators$NaturalOrderComparator
Event: 48.369 loading class java/util/Comparators$NaturalOrderComparator done


Dynamic libraries:
0x00007ff785c50000 - 0x00007ff785c5e000 	C:\Users\Giang\.jdks\corretto-17.0.10\bin\java.exe
0x00007ffd79290000 - 0x00007ffd79488000 	C:\Windows\SYSTEM32\ntdll.dll
0x00007ffd77c50000 - 0x00007ffd77d11000 	C:\Windows\System32\KERNEL32.DLL
0x00007ffd76ca0000 - 0x00007ffd76f96000 	C:\Windows\System32\KERNELBASE.dll
0x00007ffd76ad0000 - 0x00007ffd76bd0000 	C:\Windows\System32\ucrtbase.dll
0x00007ffd6fd20000 - 0x00007ffd6fd3b000 	C:\Users\Giang\.jdks\corretto-17.0.10\bin\VCRUNTIME140.dll
0x00007ffd70370000 - 0x00007ffd70387000 	C:\Users\Giang\.jdks\corretto-17.0.10\bin\jli.dll
0x00007ffd77d20000 - 0x00007ffd77ebf000 	C:\Windows\System32\USER32.dll
0x00007ffd76bd0000 - 0x00007ffd76bf2000 	C:\Windows\System32\win32u.dll
0x00007ffd780b0000 - 0x00007ffd780db000 	C:\Windows\System32\GDI32.dll
0x00007ffd68bb0000 - 0x00007ffd68e4a000 	C:\Windows\WinSxS\amd64_microsoft.windows.common-controls_6595b64144ccf1df_6.0.19041.4355_none_60b8b9eb71f62e16\COMCTL32.dll
0x00007ffd76fd0000 - 0x00007ffd770e7000 	C:\Windows\System32\gdi32full.dll
0x00007ffd788d0000 - 0x00007ffd7896e000 	C:\Windows\System32\msvcrt.dll
0x00007ffd76c00000 - 0x00007ffd76c9d000 	C:\Windows\System32\msvcp_win.dll
0x00007ffd77870000 - 0x00007ffd7789f000 	C:\Windows\System32\IMM32.DLL
0x00007ffd71fc0000 - 0x00007ffd71fcc000 	C:\Users\Giang\.jdks\corretto-17.0.10\bin\vcruntime140_1.dll
0x00007ffd51ba0000 - 0x00007ffd51c2d000 	C:\Users\Giang\.jdks\corretto-17.0.10\bin\msvcp140.dll
0x00007ffd46d60000 - 0x00007ffd479c2000 	C:\Users\Giang\.jdks\corretto-17.0.10\bin\server\jvm.dll
0x00007ffd77ba0000 - 0x00007ffd77c50000 	C:\Windows\System32\ADVAPI32.dll
0x00007ffd77ec0000 - 0x00007ffd77f60000 	C:\Windows\System32\sechost.dll
0x00007ffd77f80000 - 0x00007ffd780a3000 	C:\Windows\System32\RPCRT4.dll
0x00007ffd76fa0000 - 0x00007ffd76fc7000 	C:\Windows\System32\bcrypt.dll
0x00007ffd75ec0000 - 0x00007ffd75f0b000 	C:\Windows\SYSTEM32\POWRPROF.dll
0x00007ffd72ef0000 - 0x00007ffd72ef9000 	C:\Windows\SYSTEM32\WSOCK32.dll
0x00007ffd78140000 - 0x00007ffd781ab000 	C:\Windows\System32\WS2_32.dll
0x00007ffd68e60000 - 0x00007ffd68e87000 	C:\Windows\SYSTEM32\WINMM.dll
0x00007ffd6df70000 - 0x00007ffd6df7a000 	C:\Windows\SYSTEM32\VERSION.dll
0x00007ffd75d30000 - 0x00007ffd75d42000 	C:\Windows\SYSTEM32\UMPDC.dll
0x00007ffd747c0000 - 0x00007ffd747d2000 	C:\Windows\SYSTEM32\kernel.appcore.dll
0x00007ffd6efc0000 - 0x00007ffd6efca000 	C:\Users\Giang\.jdks\corretto-17.0.10\bin\jimage.dll
0x00007ffd64350000 - 0x00007ffd64534000 	C:\Windows\SYSTEM32\DBGHELP.DLL
0x00007ffd64050000 - 0x00007ffd64084000 	C:\Windows\SYSTEM32\dbgcore.DLL
0x00007ffd76940000 - 0x00007ffd769c2000 	C:\Windows\System32\bcryptPrimitives.dll
0x00007ffd6efb0000 - 0x00007ffd6efbe000 	C:\Users\Giang\.jdks\corretto-17.0.10\bin\instrument.dll
0x00007ffd565d0000 - 0x00007ffd565f5000 	C:\Users\Giang\.jdks\corretto-17.0.10\bin\java.dll
0x00007ffd505e0000 - 0x00007ffd506b7000 	C:\Users\Giang\.jdks\corretto-17.0.10\bin\jsvml.dll
0x00007ffd78a30000 - 0x00007ffd7919c000 	C:\Windows\System32\SHELL32.dll
0x00007ffd749c0000 - 0x00007ffd7515e000 	C:\Windows\SYSTEM32\windows.storage.dll
0x00007ffd77510000 - 0x00007ffd77863000 	C:\Windows\System32\combase.dll
0x00007ffd76360000 - 0x00007ffd7638e000 	C:\Windows\SYSTEM32\Wldp.dll
0x00007ffd78780000 - 0x00007ffd7884d000 	C:\Windows\System32\OLEAUT32.dll
0x00007ffd791a0000 - 0x00007ffd7924d000 	C:\Windows\System32\SHCORE.dll
0x00007ffd78720000 - 0x00007ffd78775000 	C:\Windows\System32\shlwapi.dll
0x00007ffd76870000 - 0x00007ffd76894000 	C:\Windows\SYSTEM32\profapi.dll
0x00007ffd6eec0000 - 0x00007ffd6eed8000 	C:\Users\Giang\.jdks\corretto-17.0.10\bin\zip.dll
0x00007ffd63030000 - 0x00007ffd63049000 	C:\Users\Giang\.jdks\corretto-17.0.10\bin\net.dll
0x00007ffd6d260000 - 0x00007ffd6d36a000 	C:\Windows\SYSTEM32\WINHTTP.dll
0x00007ffd760c0000 - 0x00007ffd7612a000 	C:\Windows\system32\mswsock.dll
0x00007ffd60c60000 - 0x00007ffd60c76000 	C:\Users\Giang\.jdks\corretto-17.0.10\bin\nio.dll
0x00007ffd66d40000 - 0x00007ffd66d50000 	C:\Users\Giang\.jdks\corretto-17.0.10\bin\verify.dll
0x00007ffd703b0000 - 0x00007ffd703d7000 	C:\Users\Giang\.gradle\native\c067742578af261105cb4f569cf0c3c89f3d7b1fecec35dd04571415982c5e48\windows-amd64\native-platform.dll
0x00007ffd4b680000 - 0x00007ffd4b7c4000 	C:\Users\Giang\.gradle\native\100fb08df4bc3b14c8652ba06237920a3bd2aa13389f12d3474272988ae205f9\windows-amd64\native-platform-file-events.dll
0x00007ffd65b60000 - 0x00007ffd65b69000 	C:\Users\Giang\.jdks\corretto-17.0.10\bin\management.dll
0x00007ffd64200000 - 0x00007ffd6420b000 	C:\Users\Giang\.jdks\corretto-17.0.10\bin\management_ext.dll
0x00007ffd77f70000 - 0x00007ffd77f78000 	C:\Windows\System32\PSAPI.DLL
0x00007ffd762b0000 - 0x00007ffd762c8000 	C:\Windows\SYSTEM32\CRYPTSP.dll
0x00007ffd75970000 - 0x00007ffd759a4000 	C:\Windows\system32\rsaenh.dll
0x00007ffd767e0000 - 0x00007ffd7680e000 	C:\Windows\SYSTEM32\USERENV.dll
0x00007ffd762d0000 - 0x00007ffd762dc000 	C:\Windows\SYSTEM32\CRYPTBASE.dll
0x00007ffd75d50000 - 0x00007ffd75d8b000 	C:\Windows\SYSTEM32\IPHLPAPI.DLL
0x00007ffd77f60000 - 0x00007ffd77f68000 	C:\Windows\System32\NSI.dll
0x00007ffd6df80000 - 0x00007ffd6df97000 	C:\Windows\SYSTEM32\dhcpcsvc6.DLL
0x00007ffd6e580000 - 0x00007ffd6e59d000 	C:\Windows\SYSTEM32\dhcpcsvc.DLL
0x00007ffd75da0000 - 0x00007ffd75e6a000 	C:\Windows\SYSTEM32\DNSAPI.dll
0x00007ffd61ee0000 - 0x00007ffd61ee9000 	C:\Users\Giang\.jdks\corretto-17.0.10\bin\extnet.dll
0x00007ffd59d10000 - 0x00007ffd59d1e000 	C:\Users\Giang\.jdks\corretto-17.0.10\bin\sunmscapi.dll
0x00007ffd77160000 - 0x00007ffd772be000 	C:\Windows\System32\CRYPT32.dll
0x00007ffd763d0000 - 0x00007ffd763f9000 	C:\Windows\SYSTEM32\ncrypt.dll
0x00007ffd76390000 - 0x00007ffd763cb000 	C:\Windows\SYSTEM32\NTASN1.dll
0x00007ffd66b50000 - 0x00007ffd66b57000 	C:\Windows\system32\wshunix.dll

dbghelp: loaded successfully - version: 4.0.5 - missing functions: none
symbol engine: initialized successfully - sym options: 0x614 - pdb path: .;C:\Users\Giang\.jdks\corretto-17.0.10\bin;C:\Windows\SYSTEM32;C:\Windows\WinSxS\amd64_microsoft.windows.common-controls_6595b64144ccf1df_6.0.19041.4355_none_60b8b9eb71f62e16;C:\Users\Giang\.jdks\corretto-17.0.10\bin\server;C:\Users\Giang\.gradle\native\c067742578af261105cb4f569cf0c3c89f3d7b1fecec35dd04571415982c5e48\windows-amd64;C:\Users\Giang\.gradle\native\100fb08df4bc3b14c8652ba06237920a3bd2aa13389f12d3474272988ae205f9\windows-amd64

VM Arguments:
jvm_args: --add-opens=java.base/java.util=ALL-UNNAMED --add-opens=java.base/java.lang=ALL-UNNAMED --add-opens=java.base/java.lang.invoke=ALL-UNNAMED --add-opens=java.prefs/java.util.prefs=ALL-UNNAMED --add-opens=java.base/java.nio.charset=ALL-UNNAMED --add-opens=java.base/java.net=ALL-UNNAMED --add-opens=java.base/java.util.concurrent.atomic=ALL-UNNAMED -XX:MaxMetaspaceSize=384m -XX:+HeapDumpOnOutOfMemoryError -Xms256m -Xmx512m -Dfile.encoding=windows-1252 -Duser.country=US -Duser.language=en -Duser.variant -javaagent:C:\Users\Giang\.gradle\wrapper\dists\gradle-8.8-bin\dl7vupf4psengwqhwktix4v1\gradle-8.8\lib\agents\gradle-instrumentation-agent-8.8.jar 
java_command: org.gradle.launcher.daemon.bootstrap.GradleDaemon 8.8
java_class_path (initial): C:\Users\Giang\.gradle\wrapper\dists\gradle-8.8-bin\dl7vupf4psengwqhwktix4v1\gradle-8.8\lib\gradle-launcher-8.8.jar
Launcher Type: SUN_STANDARD

[Global flags]
     intx CICompilerCount                          = 3                                         {product} {ergonomic}
   size_t CompressedClassSpaceSize                 = 335544320                                 {product} {ergonomic}
     uint ConcGCThreads                            = 1                                         {product} {ergonomic}
     uint G1ConcRefinementThreads                  = 4                                         {product} {ergonomic}
   size_t G1HeapRegionSize                         = 1048576                                   {product} {ergonomic}
    uintx GCDrainStackTargetSize                   = 64                                        {product} {ergonomic}
     bool HeapDumpOnOutOfMemoryError               = true                                   {manageable} {command line}
   size_t InitialHeapSize                          = 268435456                                 {product} {command line}
   size_t MarkStackSize                            = 4194304                                   {product} {ergonomic}
   size_t MaxHeapSize                              = 536870912                                 {product} {command line}
   size_t MaxMetaspaceSize                         = 402653184                                 {product} {command line}
   size_t MaxNewSize                               = 321912832                                 {product} {ergonomic}
   size_t MinHeapDeltaBytes                        = 1048576                                   {product} {ergonomic}
   size_t MinHeapSize                              = 268435456                                 {product} {command line}
    uintx NonNMethodCodeHeapSize                   = 5832780                                {pd product} {ergonomic}
    uintx NonProfiledCodeHeapSize                  = 122912730                              {pd product} {ergonomic}
    uintx ProfiledCodeHeapSize                     = 122912730                              {pd product} {ergonomic}
    uintx ReservedCodeCacheSize                    = 251658240                              {pd product} {ergonomic}
     bool SegmentedCodeCache                       = true                                      {product} {ergonomic}
   size_t SoftMaxHeapSize                          = 536870912                              {manageable} {ergonomic}
     bool UseCompressedClassPointers               = true                           {product lp64_product} {ergonomic}
     bool UseCompressedOops                        = true                           {product lp64_product} {ergonomic}
     bool UseG1GC                                  = true                                      {product} {ergonomic}
     bool UseLargePagesIndividualAllocation        = false                                  {pd product} {ergonomic}

Logging:
Log output configuration:
 #0: stdout all=warning uptime,level,tags
 #1: stderr all=off uptime,level,tags

Environment Variables:
PATH=C:\Program Files\Common Files\Oracle\Java\javapath;C:\Windows\system32;C:\Windows;C:\Windows\System32\Wbem;C:\Windows\System32\WindowsPowerShell\v1.0\;C:\Windows\System32\OpenSSH\;C:\Program Files\MySQL\MySQL Server 8.0\bin;%JAVA_HOME%\bin;C:\Gradle\gradle-6.8\bin;C:\Program Files\Git\cmd;C:\Program Files\Java\jdk-17\bin;C:\Program Files\nodejs\;C:\Program Files\MySQL\MySQL Shell 8.0\bin\;C:\Users\Giang\AppData\Local\Microsoft\WindowsApps;C:\Users\Giang\AppData\Local\GitHubDesktop\bin;D:\Microsoft VS Code\bin;C:\Users\Giang\AppData\Roaming\npm
USERNAME=Giang
OS=Windows_NT
PROCESSOR_IDENTIFIER=Intel64 Family 6 Model 61 Stepping 4, GenuineIntel
TMP=C:\Users\Giang\AppData\Local\Temp
TEMP=C:\Users\Giang\AppData\Local\Temp



Periodic native trim disabled


---------------  S Y S T E M  ---------------

OS:
 Windows 10 , 64 bit Build 19041 (10.0.19041.4597)
OS uptime: 0 days 1:41 hours

CPU: total 4 (initial active 4) (2 cores per cpu, 2 threads per core) family 6 model 61 stepping 4 microcode 0x2d, cx8, cmov, fxsr, ht, mmx, 3dnowpref, sse, sse2, sse3, ssse3, sse4.1, sse4.2, popcnt, lzcnt, tsc, tscinvbit, avx, avx2, aes, erms, clmul, bmi1, bmi2, rtm, adx, fma, vzeroupper, clflush
Processor Information for all 4 processors :
  Max Mhz: 2594, Current Mhz: 2594, Mhz Limit: 2594

Memory: 4k page, system-wide physical 7887M (251M free)
TotalPageFile size 15055M (AvailPageFile size 6M)
current process WorkingSet (physical memory assigned to process): 347M, peak: 361M
current process commit charge ("private bytes"): 445M, peak: 457M

vm_info: OpenJDK 64-Bit Server VM (17.0.10+7-LTS) for windows-amd64 JRE (17.0.10+7-LTS), built on Jan 10 2024 22:11:07 by "Administrator" with MS VC++ 16.10 / 16.11 (VS2019)

END.
