#
# There is insufficient memory for the Java Runtime Environment to continue.
# Native memory allocation (malloc) failed to allocate 65552 bytes for Chunk::new
# Possible reasons:
#   The system is out of physical RAM or swap space
#   The process is running with CompressedOops enabled, and the Java Heap may be blocking the growth of the native heap
# Possible solutions:
#   Reduce memory load on the system
#   Increase physical memory or swap space
#   Check if swap backing store is full
#   Decrease Java heap size (-Xmx/-Xms)
#   Decrease number of Java threads
#   Decrease Java thread stack sizes (-Xss)
#   Set larger code cache with -XX:ReservedCodeCacheSize=
#   JVM is running with Unscaled Compressed Oops mode in which the Java heap is
#     placed in the first 4GB address space. The Java Heap base address is the
#     maximum limit for the native heap growth. Please use -XX:HeapBaseMinAddress
#     to set the Java Heap base and to place the Java Heap above 4GB virtual address.
# This output file may be truncated or incomplete.
#
#  Out of Memory Error (arena.cpp:191), pid=11412, tid=8568
#
# JRE version: OpenJDK Runtime Environment Corretto-17.0.10.7.1 (17.0.10+7) (build 17.0.10+7-LTS)
# Java VM: OpenJDK 64-Bit Server VM Corretto-17.0.10.7.1 (17.0.10+7-LTS, mixed mode, sharing, tiered, compressed oops, compressed class ptrs, g1 gc, windows-amd64)
# No core dump will be written. Minidumps are not enabled by default on client versions of Windows
#

---------------  S U M M A R Y ------------

Command Line: --add-opens=java.base/java.util=ALL-UNNAMED --add-opens=java.base/java.lang=ALL-UNNAMED --add-opens=java.base/java.lang.invoke=ALL-UNNAMED --add-opens=java.prefs/java.util.prefs=ALL-UNNAMED --add-opens=java.base/java.nio.charset=ALL-UNNAMED --add-opens=java.base/java.net=ALL-UNNAMED --add-opens=java.base/java.util.concurrent.atomic=ALL-UNNAMED -XX:MaxMetaspaceSize=384m -XX:+HeapDumpOnOutOfMemoryError -Xms256m -Xmx512m -Dfile.encoding=windows-1252 -Duser.country=US -Duser.language=en -Duser.variant -javaagent:C:\Users\Giang\.gradle\wrapper\dists\gradle-8.8-bin\dl7vupf4psengwqhwktix4v1\gradle-8.8\lib\agents\gradle-instrumentation-agent-8.8.jar org.gradle.launcher.daemon.bootstrap.GradleDaemon 8.8

Host: Intel(R) Core(TM) i7-5600U CPU @ 2.60GHz, 4 cores, 7G,  Windows 10 , 64 bit Build 19041 (10.0.19041.4597)
Time: Fri Aug  9 13:35:46 2024 SE Asia Standard Time elapsed time: 5761.578837 seconds (0d 1h 36m 1s)

---------------  T H R E A D  ---------------

Current thread (0x0000021676cf5770):  JavaThread "C2 CompilerThread0" daemon [_thread_in_native, id=8568, stack(0x000000db38f00000,0x000000db39000000)]


Current CompileTask:
C2:5761578 13683       4       sun.management.spi.PlatformMBeanProvider$PlatformComponent::getMBeans (87 bytes)

Stack: [0x000000db38f00000,0x000000db39000000]
Native frames: (J=compiled Java code, j=interpreted, Vv=VM code, C=native code)
V  [jvm.dll+0x67d2c9]
V  [jvm.dll+0x834b1a]
V  [jvm.dll+0x8365de]
V  [jvm.dll+0x836c43]
V  [jvm.dll+0x2477ff]
V  [jvm.dll+0xac514]
V  [jvm.dll+0xacb5c]
V  [jvm.dll+0x6a2502]
V  [jvm.dll+0x6a2943]
V  [jvm.dll+0x6a45e2]
V  [jvm.dll+0x6a2f0a]
V  [jvm.dll+0x21aeb0]
V  [jvm.dll+0x219201]
V  [jvm.dll+0x1a502d]
V  [jvm.dll+0x2290de]
V  [jvm.dll+0x2272ac]
V  [jvm.dll+0x7e9bd7]
V  [jvm.dll+0x7e3fda]
V  [jvm.dll+0x67c1b5]
C  [ucrtbase.dll+0x21bb2]
C  [KERNEL32.DLL+0x17374]
C  [ntdll.dll+0x4cc91]


---------------  P R O C E S S  ---------------

Threads class SMR info:
_java_thread_list=0x000002167daab370, length=43, elements={
0x0000021669a8e420, 0x0000021676cc7330, 0x0000021676cc90d0, 0x0000021676cde460,
0x0000021676ce1140, 0x0000021676ce1a10, 0x0000021676ce22e0, 0x0000021676cf5770,
0x0000021676cfb0c0, 0x0000021676d06c80, 0x0000021676cb17d0, 0x000002167b14b9d0,
0x000002167bb7c840, 0x000002167b777950, 0x000002167c81fb60, 0x000002167bc5a9e0,
0x000002167bc58670, 0x000002167bc59fc0, 0x000002167bc5b910, 0x000002167bc58b80,
0x000002167d3f58c0, 0x000002167d3f2620, 0x000002167d3f3a60, 0x000002167d3f07c0,
0x000002167d3f1c00, 0x000002167d3f53b0, 0x000002167e82f490, 0x000002167e8303c0,
0x000002167e82e050, 0x000002167e82e560, 0x000002167e833150, 0x000002167e82ef80,
0x000002167d3ee960, 0x000002167e831800, 0x000002167ef78070, 0x000002167ef78a90,
0x000002167d3efda0, 0x000002167d3f0cd0, 0x000002167d3f11e0, 0x000002167d3ee450,
0x000002167d3f5dd0, 0x000002167d3f16f0, 0x000002167d3f3550
}

Java Threads: ( => current thread )
  0x0000021669a8e420 JavaThread "main" [_thread_blocked, id=9844, stack(0x000000db38200000,0x000000db38300000)]
  0x0000021676cc7330 JavaThread "Reference Handler" daemon [_thread_blocked, id=2988, stack(0x000000db38900000,0x000000db38a00000)]
  0x0000021676cc90d0 JavaThread "Finalizer" daemon [_thread_blocked, id=11080, stack(0x000000db38a00000,0x000000db38b00000)]
  0x0000021676cde460 JavaThread "Signal Dispatcher" daemon [_thread_blocked, id=7460, stack(0x000000db38b00000,0x000000db38c00000)]
  0x0000021676ce1140 JavaThread "Attach Listener" daemon [_thread_blocked, id=7516, stack(0x000000db38c00000,0x000000db38d00000)]
  0x0000021676ce1a10 JavaThread "Service Thread" daemon [_thread_blocked, id=8048, stack(0x000000db38d00000,0x000000db38e00000)]
  0x0000021676ce22e0 JavaThread "Monitor Deflation Thread" daemon [_thread_blocked, id=3296, stack(0x000000db38e00000,0x000000db38f00000)]
=>0x0000021676cf5770 JavaThread "C2 CompilerThread0" daemon [_thread_in_native, id=8568, stack(0x000000db38f00000,0x000000db39000000)]
  0x0000021676cfb0c0 JavaThread "C1 CompilerThread0" daemon [_thread_blocked, id=8688, stack(0x000000db39000000,0x000000db39100000)]
  0x0000021676d06c80 JavaThread "Sweeper thread" daemon [_thread_blocked, id=5436, stack(0x000000db39100000,0x000000db39200000)]
  0x0000021676cb17d0 JavaThread "Common-Cleaner" daemon [_thread_blocked, id=10688, stack(0x000000db39200000,0x000000db39300000)]
  0x000002167b14b9d0 JavaThread "Notification Thread" daemon [_thread_blocked, id=2040, stack(0x000000db39300000,0x000000db39400000)]
  0x000002167bb7c840 JavaThread "Daemon health stats" [_thread_blocked, id=7992, stack(0x000000db39800000,0x000000db39900000)]
  0x000002167b777950 JavaThread "Incoming local TCP Connector on port 51315" [_thread_in_native, id=2904, stack(0x000000db39900000,0x000000db39a00000)]
  0x000002167c81fb60 JavaThread "Daemon periodic checks" [_thread_blocked, id=1492, stack(0x000000db39a00000,0x000000db39b00000)]
  0x000002167bc5a9e0 JavaThread "Cache worker for journal cache (C:\Users\Giang\.gradle\caches\journal-1)" [_thread_blocked, id=6432, stack(0x000000db3a200000,0x000000db3a300000)]
  0x000002167bc58670 JavaThread "File lock request listener" [_thread_in_native, id=3428, stack(0x000000db3a300000,0x000000db3a400000)]
  0x000002167bc59fc0 JavaThread "Cache worker for file hash cache (C:\Users\Giang\.gradle\caches\8.8\fileHashes)" [_thread_blocked, id=9208, stack(0x000000db3a400000,0x000000db3a500000)]
  0x000002167bc5b910 JavaThread "File watcher server" daemon [_thread_in_native, id=10664, stack(0x000000db3a600000,0x000000db3a700000)]
  0x000002167bc58b80 JavaThread "File watcher consumer" daemon [_thread_blocked, id=11556, stack(0x000000db3a700000,0x000000db3a800000)]
  0x000002167d3f58c0 JavaThread "Cache worker for file content cache (C:\Users\Giang\.gradle\caches\8.8\fileContent)" [_thread_blocked, id=8880, stack(0x000000db3a900000,0x000000db3aa00000)]
  0x000002167d3f2620 JavaThread "jar transforms" [_thread_blocked, id=10696, stack(0x000000db3ac00000,0x000000db3ad00000)]
  0x000002167d3f3a60 JavaThread "jar transforms Thread 2" [_thread_blocked, id=11384, stack(0x000000db3ad00000,0x000000db3ae00000)]
  0x000002167d3f07c0 JavaThread "jar transforms Thread 3" [_thread_blocked, id=11772, stack(0x000000db3ae00000,0x000000db3af00000)]
  0x000002167d3f1c00 JavaThread "jar transforms Thread 4" [_thread_blocked, id=10500, stack(0x000000db3af00000,0x000000db3b000000)]
  0x000002167d3f53b0 JavaThread "Memory manager" [_thread_blocked, id=2504, stack(0x000000db3bb00000,0x000000db3bc00000)]
  0x000002167e82f490 JavaThread "Daemon Thread 2" [_thread_blocked, id=10836, stack(0x000000db37f00000,0x000000db38000000)]
  0x000002167e8303c0 JavaThread "Daemon worker Thread 2" [_thread_in_native, id=13144, stack(0x000000db39b00000,0x000000db39c00000)]
  0x000002167e82e050 JavaThread "ForkJoinPool.commonPool-worker-4" daemon [_thread_blocked, id=3284, stack(0x000000db3b500000,0x000000db3b600000)]
  0x000002167e82e560 JavaThread "ForkJoinPool.commonPool-worker-5" daemon [_thread_blocked, id=7860, stack(0x000000db3b600000,0x000000db3b700000)]
  0x000002167e833150 JavaThread "ForkJoinPool.commonPool-worker-6" daemon [_thread_blocked, id=6160, stack(0x000000db3b700000,0x000000db3b800000)]
  0x000002167e82ef80 JavaThread "included builds" [_thread_blocked, id=13660, stack(0x000000db3b800000,0x000000db3b900000)]
  0x000002167d3ee960 JavaThread "VFS cleanup Thread 2" [_thread_blocked, id=3136, stack(0x000000db39c00000,0x000000db39d00000)]
  0x000002167e831800 JavaThread "included builds" [_thread_blocked, id=12832, stack(0x000000db3ba00000,0x000000db3bb00000)]
  0x000002167ef78070 JavaThread "File lock release action executor Thread 2" [_thread_blocked, id=5412, stack(0x000000db3b200000,0x000000db3b300000)]
  0x000002167ef78a90 JavaThread "included builds" [_thread_blocked, id=5480, stack(0x000000db3bd00000,0x000000db3be00000)]
  0x000002167d3efda0 JavaThread "Handler for socket connection from /127.0.0.1:51315 to /127.0.0.1:52184" [_thread_in_native, id=12136, stack(0x000000db38000000,0x000000db38100000)]
  0x000002167d3f0cd0 JavaThread "Cancel handler" [_thread_blocked, id=13984, stack(0x000000db38100000,0x000000db38200000)]
  0x000002167d3f11e0 JavaThread "Asynchronous log dispatcher for DefaultDaemonConnection: socket connection from /127.0.0.1:51315 to /127.0.0.1:52184" [_thread_blocked, id=8668, stack(0x000000db39d00000,0x000000db39e00000)]
  0x000002167d3ee450 JavaThread "Stdin handler" [_thread_blocked, id=5976, stack(0x000000db39e00000,0x000000db39f00000)]
  0x000002167d3f5dd0 JavaThread "Daemon client event forwarder" [_thread_blocked, id=8656, stack(0x000000db39f00000,0x000000db3a000000)]
  0x000002167d3f16f0 JavaThread "Cache worker for file hash cache (D:\OJT\day1\OJT_BE\.gradle\8.8\fileHashes)" [_thread_blocked, id=11912, stack(0x000000db3a000000,0x000000db3a100000)]
  0x000002167d3f3550 JavaThread "Cache worker for checksums cache (D:\OJT\day1\OJT_BE\.gradle\8.8\checksums)" [_thread_new, id=10668, stack(0x0000000000000000,0x0000000000000000)]

Other Threads:
  0x0000021676cc4820 VMThread "VM Thread" [stack: 0x000000db38800000,0x000000db38900000] [id=1608]
  0x000002167b1bf5c0 WatcherThread [stack: 0x000000db39400000,0x000000db39500000] [id=6640]
  0x0000021669abd210 GCTaskThread "GC Thread#0" [stack: 0x000000db38300000,0x000000db38400000] [id=7792]
  0x000002167b3e4e30 GCTaskThread "GC Thread#1" [stack: 0x000000db39500000,0x000000db39600000] [id=8264]
  0x000002167b382e70 GCTaskThread "GC Thread#2" [stack: 0x000000db39600000,0x000000db39700000] [id=7468]
  0x000002167b383130 GCTaskThread "GC Thread#3" [stack: 0x000000db39700000,0x000000db39800000] [id=5628]
  0x0000021669ac5090 ConcurrentGCThread "G1 Main Marker" [stack: 0x000000db38400000,0x000000db38500000] [id=6048]
  0x0000021669ac59c0 ConcurrentGCThread "G1 Conc#0" [stack: 0x000000db38500000,0x000000db38600000] [id=2316]
  0x0000021669b4e8b0 ConcurrentGCThread "G1 Refine#0" [stack: 0x000000db38600000,0x000000db38700000] [id=9728]
  0x000002167d04d1d0 ConcurrentGCThread "G1 Refine#1" [stack: 0x000000db3bc00000,0x000000db3bd00000] [id=10640]
  0x000002162429b7c0 ConcurrentGCThread "G1 Refine#2" [stack: 0x000000db3e900000,0x000000db3ea00000] [id=7100]
  0x0000021676b88750 ConcurrentGCThread "G1 Service" [stack: 0x000000db38700000,0x000000db38800000] [id=8512]

Threads with active compile tasks:
C2 CompilerThread0  5761618 13683       4       sun.management.spi.PlatformMBeanProvider$PlatformComponent::getMBeans (87 bytes)

VM state: not at safepoint (normal execution)

VM Mutex/Monitor currently owned by a thread: None

Heap address: 0x00000000e0000000, size: 512 MB, Compressed Oops mode: 32-bit

CDS archive(s) mapped at: [0x000002160f000000-0x000002160fbb0000-0x000002160fbb0000), size 12255232, SharedBaseAddress: 0x000002160f000000, ArchiveRelocationMode: 1.
Compressed class space mapped at: 0x0000021610000000-0x0000021624000000, reserved size: 335544320
Narrow klass base: 0x000002160f000000, Narrow klass shift: 0, Narrow klass range: 0x100000000

GC Precious Log:
 CPUs: 4 total, 4 available
 Memory: 7887M
 Large Page Support: Disabled
 NUMA Support: Disabled
 Compressed Oops: Enabled (32-bit)
 Heap Region Size: 1M
 Heap Min Capacity: 256M
 Heap Initial Capacity: 256M
 Heap Max Capacity: 512M
 Pre-touch: Disabled
 Parallel Workers: 4
 Concurrent Workers: 1
 Concurrent Refinement Workers: 4
 Periodic GC: Disabled

Heap:
 garbage-first heap   total 262144K, used 187114K [0x00000000e0000000, 0x0000000100000000)
  region size 1024K, 133 young (136192K), 9 survivors (9216K)
 Metaspace       used 58398K, committed 59008K, reserved 393216K
  class space    used 7904K, committed 8192K, reserved 327680K

Heap Regions: E=young(eden), S=young(survivor), O=old, HS=humongous(starts), HC=humongous(continues), CS=collection set, F=free, OA=open archive, CA=closed archive, TAMS=top-at-mark-start (previous, next)
|   0|0x00000000e0000000, 0x00000000e0100000, 0x00000000e0100000|100%|HS|  |TAMS 0x00000000e0100000, 0x00000000e0000000| Complete 
|   1|0x00000000e0100000, 0x00000000e0200000, 0x00000000e0200000|100%|HC|  |TAMS 0x00000000e0200000, 0x00000000e0100000| Complete 
|   2|0x00000000e0200000, 0x00000000e0300000, 0x00000000e0300000|100%|HC|  |TAMS 0x00000000e0300000, 0x00000000e0200000| Complete 
|   3|0x00000000e0300000, 0x00000000e0400000, 0x00000000e0400000|100%|HC|  |TAMS 0x00000000e0400000, 0x00000000e0300000| Complete 
|   4|0x00000000e0400000, 0x00000000e0500000, 0x00000000e0500000|100%| O|  |TAMS 0x00000000e0500000, 0x00000000e0400000| Untracked 
|   5|0x00000000e0500000, 0x00000000e0600000, 0x00000000e0600000|100%| O|  |TAMS 0x00000000e0600000, 0x00000000e0500000| Untracked 
|   6|0x00000000e0600000, 0x00000000e0700000, 0x00000000e0700000|100%| O|  |TAMS 0x00000000e0700000, 0x00000000e0600000| Untracked 
|   7|0x00000000e0700000, 0x00000000e0800000, 0x00000000e0800000|100%| O|  |TAMS 0x00000000e0800000, 0x00000000e0700000| Untracked 
|   8|0x00000000e0800000, 0x00000000e0900000, 0x00000000e0900000|100%| O|  |TAMS 0x00000000e0900000, 0x00000000e0800000| Untracked 
|   9|0x00000000e0900000, 0x00000000e0a00000, 0x00000000e0a00000|100%| O|  |TAMS 0x00000000e0a00000, 0x00000000e0900000| Untracked 
|  10|0x00000000e0a00000, 0x00000000e0b00000, 0x00000000e0b00000|100%| O|  |TAMS 0x00000000e0aa9000, 0x00000000e0a00000| Untracked 
|  11|0x00000000e0b00000, 0x00000000e0c00000, 0x00000000e0c00000|100%|HS|  |TAMS 0x00000000e0c00000, 0x00000000e0b00000| Complete 
|  12|0x00000000e0c00000, 0x00000000e0d00000, 0x00000000e0d00000|100%| O|  |TAMS 0x00000000e0c00000, 0x00000000e0c00000| Untracked 
|  13|0x00000000e0d00000, 0x00000000e0e00000, 0x00000000e0e00000|100%| O|  |TAMS 0x00000000e0d00000, 0x00000000e0d00000| Untracked 
|  14|0x00000000e0e00000, 0x00000000e0f00000, 0x00000000e0f00000|100%| O|  |TAMS 0x00000000e0e00000, 0x00000000e0e00000| Untracked 
|  15|0x00000000e0f00000, 0x00000000e1000000, 0x00000000e1000000|100%| O|  |TAMS 0x00000000e0f00000, 0x00000000e0f00000| Untracked 
|  16|0x00000000e1000000, 0x00000000e1100000, 0x00000000e1100000|100%| O|  |TAMS 0x00000000e1000000, 0x00000000e1000000| Untracked 
|  17|0x00000000e1100000, 0x00000000e1200000, 0x00000000e1200000|100%| O|  |TAMS 0x00000000e1100000, 0x00000000e1100000| Untracked 
|  18|0x00000000e1200000, 0x00000000e1300000, 0x00000000e1300000|100%| O|  |TAMS 0x00000000e1200000, 0x00000000e1200000| Untracked 
|  19|0x00000000e1300000, 0x00000000e1400000, 0x00000000e1400000|100%| O|  |TAMS 0x00000000e1300000, 0x00000000e1300000| Untracked 
|  20|0x00000000e1400000, 0x00000000e1500000, 0x00000000e1500000|100%| O|  |TAMS 0x00000000e1400000, 0x00000000e1400000| Untracked 
|  21|0x00000000e1500000, 0x00000000e1600000, 0x00000000e1600000|100%| O|  |TAMS 0x00000000e1500000, 0x00000000e1500000| Untracked 
|  22|0x00000000e1600000, 0x00000000e1700000, 0x00000000e1700000|100%| O|  |TAMS 0x00000000e1600000, 0x00000000e1600000| Untracked 
|  23|0x00000000e1700000, 0x00000000e1800000, 0x00000000e1800000|100%| O|  |TAMS 0x00000000e1700000, 0x00000000e1700000| Untracked 
|  24|0x00000000e1800000, 0x00000000e1900000, 0x00000000e1900000|100%| O|  |TAMS 0x00000000e1800000, 0x00000000e1800000| Untracked 
|  25|0x00000000e1900000, 0x00000000e1a00000, 0x00000000e1a00000|100%| O|  |TAMS 0x00000000e1900000, 0x00000000e1900000| Untracked 
|  26|0x00000000e1a00000, 0x00000000e1b00000, 0x00000000e1b00000|100%| O|  |TAMS 0x00000000e1a00000, 0x00000000e1a00000| Untracked 
|  27|0x00000000e1b00000, 0x00000000e1c00000, 0x00000000e1c00000|100%| O|  |TAMS 0x00000000e1b00000, 0x00000000e1b00000| Untracked 
|  28|0x00000000e1c00000, 0x00000000e1d00000, 0x00000000e1d00000|100%| O|  |TAMS 0x00000000e1c00000, 0x00000000e1c00000| Untracked 
|  29|0x00000000e1d00000, 0x00000000e1e00000, 0x00000000e1e00000|100%| O|  |TAMS 0x00000000e1d00000, 0x00000000e1d00000| Untracked 
|  30|0x00000000e1e00000, 0x00000000e1f00000, 0x00000000e1f00000|100%| O|  |TAMS 0x00000000e1e00000, 0x00000000e1e00000| Untracked 
|  31|0x00000000e1f00000, 0x00000000e2000000, 0x00000000e2000000|100%| O|  |TAMS 0x00000000e1f00000, 0x00000000e1f00000| Untracked 
|  32|0x00000000e2000000, 0x00000000e2100000, 0x00000000e2100000|100%| O|  |TAMS 0x00000000e2000000, 0x00000000e2000000| Untracked 
|  33|0x00000000e2100000, 0x00000000e2200000, 0x00000000e2200000|100%| O|  |TAMS 0x00000000e2100000, 0x00000000e2100000| Untracked 
|  34|0x00000000e2200000, 0x00000000e2300000, 0x00000000e2300000|100%| O|  |TAMS 0x00000000e2200000, 0x00000000e2200000| Untracked 
|  35|0x00000000e2300000, 0x00000000e2400000, 0x00000000e2400000|100%| O|  |TAMS 0x00000000e2300000, 0x00000000e2300000| Untracked 
|  36|0x00000000e2400000, 0x00000000e2500000, 0x00000000e2500000|100%| O|  |TAMS 0x00000000e2400000, 0x00000000e2400000| Untracked 
|  37|0x00000000e2500000, 0x00000000e2600000, 0x00000000e2600000|100%| O|  |TAMS 0x00000000e2500000, 0x00000000e2500000| Untracked 
|  38|0x00000000e2600000, 0x00000000e2700000, 0x00000000e2700000|100%| O|  |TAMS 0x00000000e2600000, 0x00000000e2600000| Untracked 
|  39|0x00000000e2700000, 0x00000000e2800000, 0x00000000e2800000|100%| O|  |TAMS 0x00000000e2700000, 0x00000000e2700000| Untracked 
|  40|0x00000000e2800000, 0x00000000e2900000, 0x00000000e2900000|100%| O|  |TAMS 0x00000000e2800000, 0x00000000e2800000| Untracked 
|  41|0x00000000e2900000, 0x00000000e2a00000, 0x00000000e2a00000|100%| O|  |TAMS 0x00000000e2900000, 0x00000000e2900000| Untracked 
|  42|0x00000000e2a00000, 0x00000000e2b00000, 0x00000000e2b00000|100%| O|  |TAMS 0x00000000e2a00000, 0x00000000e2a00000| Untracked 
|  43|0x00000000e2b00000, 0x00000000e2c00000, 0x00000000e2c00000|100%| O|  |TAMS 0x00000000e2b00000, 0x00000000e2b00000| Untracked 
|  44|0x00000000e2c00000, 0x00000000e2d00000, 0x00000000e2d00000|100%| O|  |TAMS 0x00000000e2c00000, 0x00000000e2c00000| Untracked 
|  45|0x00000000e2d00000, 0x00000000e2e00000, 0x00000000e2e00000|100%| O|  |TAMS 0x00000000e2d00000, 0x00000000e2d00000| Untracked 
|  46|0x00000000e2e00000, 0x00000000e2f00000, 0x00000000e2f00000|100%| O|  |TAMS 0x00000000e2e00000, 0x00000000e2e00000| Untracked 
|  47|0x00000000e2f00000, 0x00000000e3000000, 0x00000000e3000000|100%| O|  |TAMS 0x00000000e2f00000, 0x00000000e2f00000| Untracked 
|  48|0x00000000e3000000, 0x00000000e3100000, 0x00000000e3100000|100%| O|  |TAMS 0x00000000e3000000, 0x00000000e3000000| Untracked 
|  49|0x00000000e3100000, 0x00000000e3200000, 0x00000000e3200000|100%| O|  |TAMS 0x00000000e3100000, 0x00000000e3100000| Untracked 
|  50|0x00000000e3200000, 0x00000000e3300000, 0x00000000e3300000|100%| O|  |TAMS 0x00000000e3200000, 0x00000000e3200000| Untracked 
|  51|0x00000000e3300000, 0x00000000e333a800, 0x00000000e3400000| 22%| O|  |TAMS 0x00000000e3300000, 0x00000000e3300000| Untracked 
|  52|0x00000000e3400000, 0x00000000e3400000, 0x00000000e3500000|  0%| F|  |TAMS 0x00000000e3400000, 0x00000000e3400000| Untracked 
|  53|0x00000000e3500000, 0x00000000e3500000, 0x00000000e3600000|  0%| F|  |TAMS 0x00000000e3500000, 0x00000000e3500000| Untracked 
|  54|0x00000000e3600000, 0x00000000e3600000, 0x00000000e3700000|  0%| F|  |TAMS 0x00000000e3600000, 0x00000000e3600000| Untracked 
|  55|0x00000000e3700000, 0x00000000e3700000, 0x00000000e3800000|  0%| F|  |TAMS 0x00000000e3700000, 0x00000000e3700000| Untracked 
|  56|0x00000000e3800000, 0x00000000e3800000, 0x00000000e3900000|  0%| F|  |TAMS 0x00000000e3800000, 0x00000000e3800000| Untracked 
|  57|0x00000000e3900000, 0x00000000e3900000, 0x00000000e3a00000|  0%| F|  |TAMS 0x00000000e3900000, 0x00000000e3900000| Untracked 
|  58|0x00000000e3a00000, 0x00000000e3a00000, 0x00000000e3b00000|  0%| F|  |TAMS 0x00000000e3a00000, 0x00000000e3a00000| Untracked 
|  59|0x00000000e3b00000, 0x00000000e3b00000, 0x00000000e3c00000|  0%| F|  |TAMS 0x00000000e3b00000, 0x00000000e3b00000| Untracked 
|  60|0x00000000e3c00000, 0x00000000e3c00000, 0x00000000e3d00000|  0%| F|  |TAMS 0x00000000e3c00000, 0x00000000e3c00000| Untracked 
|  61|0x00000000e3d00000, 0x00000000e3d00000, 0x00000000e3e00000|  0%| F|  |TAMS 0x00000000e3d00000, 0x00000000e3d00000| Untracked 
|  62|0x00000000e3e00000, 0x00000000e3e00000, 0x00000000e3f00000|  0%| F|  |TAMS 0x00000000e3e00000, 0x00000000e3e00000| Untracked 
|  63|0x00000000e3f00000, 0x00000000e3f00000, 0x00000000e4000000|  0%| F|  |TAMS 0x00000000e3f00000, 0x00000000e3f00000| Untracked 
|  64|0x00000000e4000000, 0x00000000e4000000, 0x00000000e4100000|  0%| F|  |TAMS 0x00000000e4000000, 0x00000000e4000000| Untracked 
|  65|0x00000000e4100000, 0x00000000e4100000, 0x00000000e4200000|  0%| F|  |TAMS 0x00000000e4100000, 0x00000000e4100000| Untracked 
|  66|0x00000000e4200000, 0x00000000e4200000, 0x00000000e4300000|  0%| F|  |TAMS 0x00000000e4200000, 0x00000000e4200000| Untracked 
|  67|0x00000000e4300000, 0x00000000e4300000, 0x00000000e4400000|  0%| F|  |TAMS 0x00000000e4300000, 0x00000000e4300000| Untracked 
|  68|0x00000000e4400000, 0x00000000e4400000, 0x00000000e4500000|  0%| F|  |TAMS 0x00000000e4400000, 0x00000000e4400000| Untracked 
|  69|0x00000000e4500000, 0x00000000e4500000, 0x00000000e4600000|  0%| F|  |TAMS 0x00000000e4500000, 0x00000000e4500000| Untracked 
|  70|0x00000000e4600000, 0x00000000e4600000, 0x00000000e4700000|  0%| F|  |TAMS 0x00000000e4600000, 0x00000000e4600000| Untracked 
|  71|0x00000000e4700000, 0x00000000e4700000, 0x00000000e4800000|  0%| F|  |TAMS 0x00000000e4700000, 0x00000000e4700000| Untracked 
|  72|0x00000000e4800000, 0x00000000e4800000, 0x00000000e4900000|  0%| F|  |TAMS 0x00000000e4800000, 0x00000000e4800000| Untracked 
|  73|0x00000000e4900000, 0x00000000e4900000, 0x00000000e4a00000|  0%| F|  |TAMS 0x00000000e4900000, 0x00000000e4900000| Untracked 
|  74|0x00000000e4a00000, 0x00000000e4a00000, 0x00000000e4b00000|  0%| F|  |TAMS 0x00000000e4a00000, 0x00000000e4a00000| Untracked 
|  75|0x00000000e4b00000, 0x00000000e4b00000, 0x00000000e4c00000|  0%| F|  |TAMS 0x00000000e4b00000, 0x00000000e4b00000| Untracked 
|  76|0x00000000e4c00000, 0x00000000e4c00000, 0x00000000e4d00000|  0%| F|  |TAMS 0x00000000e4c00000, 0x00000000e4c00000| Untracked 
|  77|0x00000000e4d00000, 0x00000000e4d00000, 0x00000000e4e00000|  0%| F|  |TAMS 0x00000000e4d00000, 0x00000000e4d00000| Untracked 
|  78|0x00000000e4e00000, 0x00000000e4e00000, 0x00000000e4f00000|  0%| F|  |TAMS 0x00000000e4e00000, 0x00000000e4e00000| Untracked 
|  79|0x00000000e4f00000, 0x00000000e4f00000, 0x00000000e5000000|  0%| F|  |TAMS 0x00000000e4f00000, 0x00000000e4f00000| Untracked 
|  80|0x00000000e5000000, 0x00000000e5000000, 0x00000000e5100000|  0%| F|  |TAMS 0x00000000e5000000, 0x00000000e5000000| Untracked 
|  81|0x00000000e5100000, 0x00000000e5100000, 0x00000000e5200000|  0%| F|  |TAMS 0x00000000e5100000, 0x00000000e5100000| Untracked 
|  82|0x00000000e5200000, 0x00000000e5200000, 0x00000000e5300000|  0%| F|  |TAMS 0x00000000e5200000, 0x00000000e5200000| Untracked 
|  83|0x00000000e5300000, 0x00000000e5300000, 0x00000000e5400000|  0%| F|  |TAMS 0x00000000e5300000, 0x00000000e5300000| Untracked 
|  84|0x00000000e5400000, 0x00000000e5400000, 0x00000000e5500000|  0%| F|  |TAMS 0x00000000e5400000, 0x00000000e5400000| Untracked 
|  85|0x00000000e5500000, 0x00000000e5500000, 0x00000000e5600000|  0%| F|  |TAMS 0x00000000e5500000, 0x00000000e5500000| Untracked 
|  86|0x00000000e5600000, 0x00000000e5600000, 0x00000000e5700000|  0%| F|  |TAMS 0x00000000e5600000, 0x00000000e5600000| Untracked 
|  87|0x00000000e5700000, 0x00000000e5700000, 0x00000000e5800000|  0%| F|  |TAMS 0x00000000e5700000, 0x00000000e5700000| Untracked 
|  88|0x00000000e5800000, 0x00000000e5800000, 0x00000000e5900000|  0%| F|  |TAMS 0x00000000e5800000, 0x00000000e5800000| Untracked 
|  89|0x00000000e5900000, 0x00000000e5900000, 0x00000000e5a00000|  0%| F|  |TAMS 0x00000000e5900000, 0x00000000e5900000| Untracked 
|  90|0x00000000e5a00000, 0x00000000e5a00000, 0x00000000e5b00000|  0%| F|  |TAMS 0x00000000e5a00000, 0x00000000e5a00000| Untracked 
|  91|0x00000000e5b00000, 0x00000000e5b00000, 0x00000000e5c00000|  0%| F|  |TAMS 0x00000000e5b00000, 0x00000000e5b00000| Untracked 
|  92|0x00000000e5c00000, 0x00000000e5c00000, 0x00000000e5d00000|  0%| F|  |TAMS 0x00000000e5c00000, 0x00000000e5c00000| Untracked 
|  93|0x00000000e5d00000, 0x00000000e5d00000, 0x00000000e5e00000|  0%| F|  |TAMS 0x00000000e5d00000, 0x00000000e5d00000| Untracked 
|  94|0x00000000e5e00000, 0x00000000e5e00000, 0x00000000e5f00000|  0%| F|  |TAMS 0x00000000e5e00000, 0x00000000e5e00000| Untracked 
|  95|0x00000000e5f00000, 0x00000000e5f00000, 0x00000000e6000000|  0%| F|  |TAMS 0x00000000e5f00000, 0x00000000e5f00000| Untracked 
|  96|0x00000000e6000000, 0x00000000e6000000, 0x00000000e6100000|  0%| F|  |TAMS 0x00000000e6000000, 0x00000000e6000000| Untracked 
|  97|0x00000000e6100000, 0x00000000e6180000, 0x00000000e6200000| 50%| S|CS|TAMS 0x00000000e6100000, 0x00000000e6100000| Complete 
|  98|0x00000000e6200000, 0x00000000e6200000, 0x00000000e6300000|  0%| F|  |TAMS 0x00000000e6200000, 0x00000000e6200000| Untracked 
|  99|0x00000000e6300000, 0x00000000e6300000, 0x00000000e6400000|  0%| F|  |TAMS 0x00000000e6300000, 0x00000000e6300000| Untracked 
| 100|0x00000000e6400000, 0x00000000e6400000, 0x00000000e6500000|  0%| F|  |TAMS 0x00000000e6400000, 0x00000000e6400000| Untracked 
| 101|0x00000000e6500000, 0x00000000e6600000, 0x00000000e6600000|100%| S|CS|TAMS 0x00000000e6500000, 0x00000000e6500000| Complete 
| 102|0x00000000e6600000, 0x00000000e6700000, 0x00000000e6700000|100%| S|CS|TAMS 0x00000000e6600000, 0x00000000e6600000| Complete 
| 103|0x00000000e6700000, 0x00000000e6700000, 0x00000000e6800000|  0%| F|  |TAMS 0x00000000e6700000, 0x00000000e6700000| Untracked 
| 104|0x00000000e6800000, 0x00000000e6800000, 0x00000000e6900000|  0%| F|  |TAMS 0x00000000e6800000, 0x00000000e6800000| Untracked 
| 105|0x00000000e6900000, 0x00000000e6900000, 0x00000000e6a00000|  0%| F|  |TAMS 0x00000000e6900000, 0x00000000e6900000| Untracked 
| 106|0x00000000e6a00000, 0x00000000e6a00000, 0x00000000e6b00000|  0%| F|  |TAMS 0x00000000e6a00000, 0x00000000e6a00000| Untracked 
| 107|0x00000000e6b00000, 0x00000000e6c00000, 0x00000000e6c00000|100%| S|CS|TAMS 0x00000000e6b00000, 0x00000000e6b00000| Complete 
| 108|0x00000000e6c00000, 0x00000000e6d00000, 0x00000000e6d00000|100%| S|CS|TAMS 0x00000000e6c00000, 0x00000000e6c00000| Complete 
| 109|0x00000000e6d00000, 0x00000000e6e00000, 0x00000000e6e00000|100%| S|CS|TAMS 0x00000000e6d00000, 0x00000000e6d00000| Complete 
| 110|0x00000000e6e00000, 0x00000000e6e00000, 0x00000000e6f00000|  0%| F|  |TAMS 0x00000000e6e00000, 0x00000000e6e00000| Untracked 
| 111|0x00000000e6f00000, 0x00000000e6f00000, 0x00000000e7000000|  0%| F|  |TAMS 0x00000000e6f00000, 0x00000000e6f00000| Untracked 
| 112|0x00000000e7000000, 0x00000000e7000000, 0x00000000e7100000|  0%| F|  |TAMS 0x00000000e7000000, 0x00000000e7000000| Untracked 
| 113|0x00000000e7100000, 0x00000000e7100000, 0x00000000e7200000|  0%| F|  |TAMS 0x00000000e7100000, 0x00000000e7100000| Untracked 
| 114|0x00000000e7200000, 0x00000000e7200000, 0x00000000e7300000|  0%| F|  |TAMS 0x00000000e7200000, 0x00000000e7200000| Untracked 
| 115|0x00000000e7300000, 0x00000000e7300000, 0x00000000e7400000|  0%| F|  |TAMS 0x00000000e7300000, 0x00000000e7300000| Untracked 
| 116|0x00000000e7400000, 0x00000000e7500000, 0x00000000e7500000|100%| S|CS|TAMS 0x00000000e7400000, 0x00000000e7400000| Complete 
| 117|0x00000000e7500000, 0x00000000e7600000, 0x00000000e7600000|100%| S|CS|TAMS 0x00000000e7500000, 0x00000000e7500000| Complete 
| 118|0x00000000e7600000, 0x00000000e7700000, 0x00000000e7700000|100%| S|CS|TAMS 0x00000000e7600000, 0x00000000e7600000| Complete 
| 119|0x00000000e7700000, 0x00000000e7700000, 0x00000000e7800000|  0%| F|  |TAMS 0x00000000e7700000, 0x00000000e7700000| Untracked 
| 120|0x00000000e7800000, 0x00000000e7800000, 0x00000000e7900000|  0%| F|  |TAMS 0x00000000e7800000, 0x00000000e7800000| Untracked 
| 121|0x00000000e7900000, 0x00000000e7900000, 0x00000000e7a00000|  0%| F|  |TAMS 0x00000000e7900000, 0x00000000e7900000| Untracked 
| 122|0x00000000e7a00000, 0x00000000e7a00000, 0x00000000e7b00000|  0%| F|  |TAMS 0x00000000e7a00000, 0x00000000e7a00000| Untracked 
| 123|0x00000000e7b00000, 0x00000000e7b00000, 0x00000000e7c00000|  0%| F|  |TAMS 0x00000000e7b00000, 0x00000000e7b00000| Untracked 
| 124|0x00000000e7c00000, 0x00000000e7c00000, 0x00000000e7d00000|  0%| F|  |TAMS 0x00000000e7c00000, 0x00000000e7c00000| Untracked 
| 125|0x00000000e7d00000, 0x00000000e7d00000, 0x00000000e7e00000|  0%| F|  |TAMS 0x00000000e7d00000, 0x00000000e7d00000| Untracked 
| 126|0x00000000e7e00000, 0x00000000e7e00000, 0x00000000e7f00000|  0%| F|  |TAMS 0x00000000e7e00000, 0x00000000e7e00000| Untracked 
| 127|0x00000000e7f00000, 0x00000000e7f00000, 0x00000000e8000000|  0%| F|  |TAMS 0x00000000e7f00000, 0x00000000e7f00000| Untracked 
| 128|0x00000000e8000000, 0x00000000e8000000, 0x00000000e8100000|  0%| F|  |TAMS 0x00000000e8000000, 0x00000000e8000000| Untracked 
| 129|0x00000000e8100000, 0x00000000e8100000, 0x00000000e8200000|  0%| F|  |TAMS 0x00000000e8100000, 0x00000000e8100000| Untracked 
| 130|0x00000000e8200000, 0x00000000e8200000, 0x00000000e8300000|  0%| F|  |TAMS 0x00000000e8200000, 0x00000000e8200000| Untracked 
| 131|0x00000000e8300000, 0x00000000e8300000, 0x00000000e8400000|  0%| F|  |TAMS 0x00000000e8300000, 0x00000000e8300000| Untracked 
| 132|0x00000000e8400000, 0x00000000e8455318, 0x00000000e8500000| 33%| E|  |TAMS 0x00000000e8400000, 0x00000000e8400000| Complete 
| 133|0x00000000e8500000, 0x00000000e8600000, 0x00000000e8600000|100%| E|CS|TAMS 0x00000000e8500000, 0x00000000e8500000| Complete 
| 134|0x00000000e8600000, 0x00000000e8700000, 0x00000000e8700000|100%| E|CS|TAMS 0x00000000e8600000, 0x00000000e8600000| Complete 
| 135|0x00000000e8700000, 0x00000000e8800000, 0x00000000e8800000|100%| E|CS|TAMS 0x00000000e8700000, 0x00000000e8700000| Complete 
| 136|0x00000000e8800000, 0x00000000e8900000, 0x00000000e8900000|100%| E|CS|TAMS 0x00000000e8800000, 0x00000000e8800000| Complete 
| 137|0x00000000e8900000, 0x00000000e8a00000, 0x00000000e8a00000|100%| E|CS|TAMS 0x00000000e8900000, 0x00000000e8900000| Complete 
| 138|0x00000000e8a00000, 0x00000000e8b00000, 0x00000000e8b00000|100%| E|CS|TAMS 0x00000000e8a00000, 0x00000000e8a00000| Complete 
| 139|0x00000000e8b00000, 0x00000000e8c00000, 0x00000000e8c00000|100%| E|CS|TAMS 0x00000000e8b00000, 0x00000000e8b00000| Complete 
| 140|0x00000000e8c00000, 0x00000000e8d00000, 0x00000000e8d00000|100%| E|CS|TAMS 0x00000000e8c00000, 0x00000000e8c00000| Complete 
| 141|0x00000000e8d00000, 0x00000000e8e00000, 0x00000000e8e00000|100%| E|CS|TAMS 0x00000000e8d00000, 0x00000000e8d00000| Complete 
| 142|0x00000000e8e00000, 0x00000000e8f00000, 0x00000000e8f00000|100%| E|CS|TAMS 0x00000000e8e00000, 0x00000000e8e00000| Complete 
| 143|0x00000000e8f00000, 0x00000000e9000000, 0x00000000e9000000|100%| E|CS|TAMS 0x00000000e8f00000, 0x00000000e8f00000| Complete 
| 144|0x00000000e9000000, 0x00000000e9100000, 0x00000000e9100000|100%| E|CS|TAMS 0x00000000e9000000, 0x00000000e9000000| Complete 
| 145|0x00000000e9100000, 0x00000000e9200000, 0x00000000e9200000|100%| E|CS|TAMS 0x00000000e9100000, 0x00000000e9100000| Complete 
| 146|0x00000000e9200000, 0x00000000e9300000, 0x00000000e9300000|100%| E|CS|TAMS 0x00000000e9200000, 0x00000000e9200000| Complete 
| 147|0x00000000e9300000, 0x00000000e9400000, 0x00000000e9400000|100%| E|CS|TAMS 0x00000000e9300000, 0x00000000e9300000| Complete 
| 148|0x00000000e9400000, 0x00000000e9500000, 0x00000000e9500000|100%| E|CS|TAMS 0x00000000e9400000, 0x00000000e9400000| Complete 
| 149|0x00000000e9500000, 0x00000000e9600000, 0x00000000e9600000|100%| E|CS|TAMS 0x00000000e9500000, 0x00000000e9500000| Complete 
| 150|0x00000000e9600000, 0x00000000e9700000, 0x00000000e9700000|100%| E|CS|TAMS 0x00000000e9600000, 0x00000000e9600000| Complete 
| 151|0x00000000e9700000, 0x00000000e9800000, 0x00000000e9800000|100%| E|CS|TAMS 0x00000000e9700000, 0x00000000e9700000| Complete 
| 152|0x00000000e9800000, 0x00000000e9900000, 0x00000000e9900000|100%| E|CS|TAMS 0x00000000e9800000, 0x00000000e9800000| Complete 
| 153|0x00000000e9900000, 0x00000000e9a00000, 0x00000000e9a00000|100%| E|CS|TAMS 0x00000000e9900000, 0x00000000e9900000| Complete 
| 154|0x00000000e9a00000, 0x00000000e9b00000, 0x00000000e9b00000|100%| E|CS|TAMS 0x00000000e9a00000, 0x00000000e9a00000| Complete 
| 155|0x00000000e9b00000, 0x00000000e9c00000, 0x00000000e9c00000|100%| E|CS|TAMS 0x00000000e9b00000, 0x00000000e9b00000| Complete 
| 156|0x00000000e9c00000, 0x00000000e9d00000, 0x00000000e9d00000|100%| E|CS|TAMS 0x00000000e9c00000, 0x00000000e9c00000| Complete 
| 157|0x00000000e9d00000, 0x00000000e9e00000, 0x00000000e9e00000|100%| E|CS|TAMS 0x00000000e9d00000, 0x00000000e9d00000| Complete 
| 158|0x00000000e9e00000, 0x00000000e9f00000, 0x00000000e9f00000|100%| E|CS|TAMS 0x00000000e9e00000, 0x00000000e9e00000| Complete 
| 159|0x00000000e9f00000, 0x00000000ea000000, 0x00000000ea000000|100%| E|CS|TAMS 0x00000000e9f00000, 0x00000000e9f00000| Complete 
| 160|0x00000000ea000000, 0x00000000ea100000, 0x00000000ea100000|100%| E|CS|TAMS 0x00000000ea000000, 0x00000000ea000000| Complete 
| 161|0x00000000ea100000, 0x00000000ea200000, 0x00000000ea200000|100%| E|CS|TAMS 0x00000000ea100000, 0x00000000ea100000| Complete 
| 162|0x00000000ea200000, 0x00000000ea300000, 0x00000000ea300000|100%| E|CS|TAMS 0x00000000ea200000, 0x00000000ea200000| Complete 
| 163|0x00000000ea300000, 0x00000000ea400000, 0x00000000ea400000|100%| E|CS|TAMS 0x00000000ea300000, 0x00000000ea300000| Complete 
| 164|0x00000000ea400000, 0x00000000ea500000, 0x00000000ea500000|100%| E|CS|TAMS 0x00000000ea400000, 0x00000000ea400000| Complete 
| 165|0x00000000ea500000, 0x00000000ea600000, 0x00000000ea600000|100%| E|CS|TAMS 0x00000000ea500000, 0x00000000ea500000| Complete 
| 166|0x00000000ea600000, 0x00000000ea700000, 0x00000000ea700000|100%| E|CS|TAMS 0x00000000ea600000, 0x00000000ea600000| Complete 
| 167|0x00000000ea700000, 0x00000000ea800000, 0x00000000ea800000|100%| E|CS|TAMS 0x00000000ea700000, 0x00000000ea700000| Complete 
| 168|0x00000000ea800000, 0x00000000ea900000, 0x00000000ea900000|100%| E|CS|TAMS 0x00000000ea800000, 0x00000000ea800000| Complete 
| 169|0x00000000ea900000, 0x00000000eaa00000, 0x00000000eaa00000|100%| E|CS|TAMS 0x00000000ea900000, 0x00000000ea900000| Complete 
| 170|0x00000000eaa00000, 0x00000000eab00000, 0x00000000eab00000|100%| E|CS|TAMS 0x00000000eaa00000, 0x00000000eaa00000| Complete 
| 171|0x00000000eab00000, 0x00000000eac00000, 0x00000000eac00000|100%| E|CS|TAMS 0x00000000eab00000, 0x00000000eab00000| Complete 
| 172|0x00000000eac00000, 0x00000000ead00000, 0x00000000ead00000|100%| E|CS|TAMS 0x00000000eac00000, 0x00000000eac00000| Complete 
| 173|0x00000000ead00000, 0x00000000eae00000, 0x00000000eae00000|100%| E|CS|TAMS 0x00000000ead00000, 0x00000000ead00000| Complete 
| 174|0x00000000eae00000, 0x00000000eaf00000, 0x00000000eaf00000|100%| E|CS|TAMS 0x00000000eae00000, 0x00000000eae00000| Complete 
| 175|0x00000000eaf00000, 0x00000000eb000000, 0x00000000eb000000|100%| E|CS|TAMS 0x00000000eaf00000, 0x00000000eaf00000| Complete 
| 176|0x00000000eb000000, 0x00000000eb100000, 0x00000000eb100000|100%| E|CS|TAMS 0x00000000eb000000, 0x00000000eb000000| Complete 
| 177|0x00000000eb100000, 0x00000000eb200000, 0x00000000eb200000|100%| E|CS|TAMS 0x00000000eb100000, 0x00000000eb100000| Complete 
| 178|0x00000000eb200000, 0x00000000eb300000, 0x00000000eb300000|100%| E|CS|TAMS 0x00000000eb200000, 0x00000000eb200000| Complete 
| 179|0x00000000eb300000, 0x00000000eb400000, 0x00000000eb400000|100%| E|CS|TAMS 0x00000000eb300000, 0x00000000eb300000| Complete 
| 180|0x00000000eb400000, 0x00000000eb500000, 0x00000000eb500000|100%| E|CS|TAMS 0x00000000eb400000, 0x00000000eb400000| Complete 
| 181|0x00000000eb500000, 0x00000000eb600000, 0x00000000eb600000|100%| E|CS|TAMS 0x00000000eb500000, 0x00000000eb500000| Complete 
| 182|0x00000000eb600000, 0x00000000eb700000, 0x00000000eb700000|100%| E|CS|TAMS 0x00000000eb600000, 0x00000000eb600000| Complete 
| 183|0x00000000eb700000, 0x00000000eb800000, 0x00000000eb800000|100%| E|CS|TAMS 0x00000000eb700000, 0x00000000eb700000| Complete 
| 184|0x00000000eb800000, 0x00000000eb900000, 0x00000000eb900000|100%| E|CS|TAMS 0x00000000eb800000, 0x00000000eb800000| Complete 
| 185|0x00000000eb900000, 0x00000000eba00000, 0x00000000eba00000|100%| E|CS|TAMS 0x00000000eb900000, 0x00000000eb900000| Complete 
| 186|0x00000000eba00000, 0x00000000ebb00000, 0x00000000ebb00000|100%| E|CS|TAMS 0x00000000eba00000, 0x00000000eba00000| Complete 
| 187|0x00000000ebb00000, 0x00000000ebc00000, 0x00000000ebc00000|100%| E|CS|TAMS 0x00000000ebb00000, 0x00000000ebb00000| Complete 
| 188|0x00000000ebc00000, 0x00000000ebd00000, 0x00000000ebd00000|100%| E|CS|TAMS 0x00000000ebc00000, 0x00000000ebc00000| Complete 
| 189|0x00000000ebd00000, 0x00000000ebe00000, 0x00000000ebe00000|100%| E|CS|TAMS 0x00000000ebd00000, 0x00000000ebd00000| Complete 
| 190|0x00000000ebe00000, 0x00000000ebf00000, 0x00000000ebf00000|100%| E|CS|TAMS 0x00000000ebe00000, 0x00000000ebe00000| Complete 
| 191|0x00000000ebf00000, 0x00000000ec000000, 0x00000000ec000000|100%| E|CS|TAMS 0x00000000ebf00000, 0x00000000ebf00000| Complete 
| 192|0x00000000ec000000, 0x00000000ec100000, 0x00000000ec100000|100%| E|CS|TAMS 0x00000000ec000000, 0x00000000ec000000| Complete 
| 193|0x00000000ec100000, 0x00000000ec200000, 0x00000000ec200000|100%| E|CS|TAMS 0x00000000ec100000, 0x00000000ec100000| Complete 
| 194|0x00000000ec200000, 0x00000000ec300000, 0x00000000ec300000|100%| E|CS|TAMS 0x00000000ec200000, 0x00000000ec200000| Complete 
| 195|0x00000000ec300000, 0x00000000ec400000, 0x00000000ec400000|100%| E|CS|TAMS 0x00000000ec300000, 0x00000000ec300000| Complete 
| 196|0x00000000ec400000, 0x00000000ec500000, 0x00000000ec500000|100%| E|CS|TAMS 0x00000000ec400000, 0x00000000ec400000| Complete 
| 197|0x00000000ec500000, 0x00000000ec600000, 0x00000000ec600000|100%| E|CS|TAMS 0x00000000ec500000, 0x00000000ec500000| Complete 
| 198|0x00000000ec600000, 0x00000000ec700000, 0x00000000ec700000|100%| E|CS|TAMS 0x00000000ec600000, 0x00000000ec600000| Complete 
| 199|0x00000000ec700000, 0x00000000ec800000, 0x00000000ec800000|100%| E|CS|TAMS 0x00000000ec700000, 0x00000000ec700000| Complete 
| 200|0x00000000ec800000, 0x00000000ec900000, 0x00000000ec900000|100%| E|CS|TAMS 0x00000000ec800000, 0x00000000ec800000| Complete 
| 201|0x00000000ec900000, 0x00000000eca00000, 0x00000000eca00000|100%| E|CS|TAMS 0x00000000ec900000, 0x00000000ec900000| Complete 
| 202|0x00000000eca00000, 0x00000000ecb00000, 0x00000000ecb00000|100%| E|CS|TAMS 0x00000000eca00000, 0x00000000eca00000| Complete 
| 203|0x00000000ecb00000, 0x00000000ecc00000, 0x00000000ecc00000|100%| E|CS|TAMS 0x00000000ecb00000, 0x00000000ecb00000| Complete 
| 204|0x00000000ecc00000, 0x00000000ecd00000, 0x00000000ecd00000|100%| E|CS|TAMS 0x00000000ecc00000, 0x00000000ecc00000| Complete 
| 205|0x00000000ecd00000, 0x00000000ece00000, 0x00000000ece00000|100%| E|CS|TAMS 0x00000000ecd00000, 0x00000000ecd00000| Complete 
| 206|0x00000000ece00000, 0x00000000ecf00000, 0x00000000ecf00000|100%| E|CS|TAMS 0x00000000ece00000, 0x00000000ece00000| Complete 
| 207|0x00000000ecf00000, 0x00000000ed000000, 0x00000000ed000000|100%| E|CS|TAMS 0x00000000ecf00000, 0x00000000ecf00000| Complete 
| 208|0x00000000ed000000, 0x00000000ed100000, 0x00000000ed100000|100%| E|CS|TAMS 0x00000000ed000000, 0x00000000ed000000| Complete 
| 209|0x00000000ed100000, 0x00000000ed200000, 0x00000000ed200000|100%| E|CS|TAMS 0x00000000ed100000, 0x00000000ed100000| Complete 
| 210|0x00000000ed200000, 0x00000000ed300000, 0x00000000ed300000|100%| E|CS|TAMS 0x00000000ed200000, 0x00000000ed200000| Complete 
| 211|0x00000000ed300000, 0x00000000ed400000, 0x00000000ed400000|100%| E|CS|TAMS 0x00000000ed300000, 0x00000000ed300000| Complete 
| 212|0x00000000ed400000, 0x00000000ed500000, 0x00000000ed500000|100%| E|CS|TAMS 0x00000000ed400000, 0x00000000ed400000| Complete 
| 213|0x00000000ed500000, 0x00000000ed600000, 0x00000000ed600000|100%| E|CS|TAMS 0x00000000ed500000, 0x00000000ed500000| Complete 
| 214|0x00000000ed600000, 0x00000000ed700000, 0x00000000ed700000|100%| E|CS|TAMS 0x00000000ed600000, 0x00000000ed600000| Complete 
| 215|0x00000000ed700000, 0x00000000ed800000, 0x00000000ed800000|100%| E|CS|TAMS 0x00000000ed700000, 0x00000000ed700000| Complete 
| 216|0x00000000ed800000, 0x00000000ed900000, 0x00000000ed900000|100%| E|CS|TAMS 0x00000000ed800000, 0x00000000ed800000| Complete 
| 217|0x00000000ed900000, 0x00000000eda00000, 0x00000000eda00000|100%| E|CS|TAMS 0x00000000ed900000, 0x00000000ed900000| Complete 
| 218|0x00000000eda00000, 0x00000000edb00000, 0x00000000edb00000|100%| E|CS|TAMS 0x00000000eda00000, 0x00000000eda00000| Complete 
| 219|0x00000000edb00000, 0x00000000edc00000, 0x00000000edc00000|100%| E|CS|TAMS 0x00000000edb00000, 0x00000000edb00000| Complete 
| 220|0x00000000edc00000, 0x00000000edd00000, 0x00000000edd00000|100%| E|CS|TAMS 0x00000000edc00000, 0x00000000edc00000| Complete 
| 221|0x00000000edd00000, 0x00000000ede00000, 0x00000000ede00000|100%| E|CS|TAMS 0x00000000edd00000, 0x00000000edd00000| Complete 
| 222|0x00000000ede00000, 0x00000000edf00000, 0x00000000edf00000|100%| E|CS|TAMS 0x00000000ede00000, 0x00000000ede00000| Complete 
| 223|0x00000000edf00000, 0x00000000ee000000, 0x00000000ee000000|100%| E|CS|TAMS 0x00000000edf00000, 0x00000000edf00000| Complete 
| 224|0x00000000ee000000, 0x00000000ee100000, 0x00000000ee100000|100%| E|CS|TAMS 0x00000000ee000000, 0x00000000ee000000| Complete 
| 225|0x00000000ee100000, 0x00000000ee200000, 0x00000000ee200000|100%| E|CS|TAMS 0x00000000ee100000, 0x00000000ee100000| Complete 
| 226|0x00000000ee200000, 0x00000000ee300000, 0x00000000ee300000|100%| E|CS|TAMS 0x00000000ee200000, 0x00000000ee200000| Complete 
| 227|0x00000000ee300000, 0x00000000ee400000, 0x00000000ee400000|100%| E|CS|TAMS 0x00000000ee300000, 0x00000000ee300000| Complete 
| 228|0x00000000ee400000, 0x00000000ee500000, 0x00000000ee500000|100%| E|CS|TAMS 0x00000000ee400000, 0x00000000ee400000| Complete 
| 229|0x00000000ee500000, 0x00000000ee600000, 0x00000000ee600000|100%| E|CS|TAMS 0x00000000ee500000, 0x00000000ee500000| Complete 
| 230|0x00000000ee600000, 0x00000000ee700000, 0x00000000ee700000|100%| E|CS|TAMS 0x00000000ee600000, 0x00000000ee600000| Complete 
| 231|0x00000000ee700000, 0x00000000ee800000, 0x00000000ee800000|100%| E|CS|TAMS 0x00000000ee700000, 0x00000000ee700000| Complete 
| 232|0x00000000ee800000, 0x00000000ee900000, 0x00000000ee900000|100%| E|CS|TAMS 0x00000000ee800000, 0x00000000ee800000| Complete 
| 233|0x00000000ee900000, 0x00000000eea00000, 0x00000000eea00000|100%| E|CS|TAMS 0x00000000ee900000, 0x00000000ee900000| Complete 
| 234|0x00000000eea00000, 0x00000000eeb00000, 0x00000000eeb00000|100%| E|CS|TAMS 0x00000000eea00000, 0x00000000eea00000| Complete 
| 235|0x00000000eeb00000, 0x00000000eec00000, 0x00000000eec00000|100%| E|CS|TAMS 0x00000000eeb00000, 0x00000000eeb00000| Complete 
| 236|0x00000000eec00000, 0x00000000eed00000, 0x00000000eed00000|100%| E|CS|TAMS 0x00000000eec00000, 0x00000000eec00000| Complete 
| 237|0x00000000eed00000, 0x00000000eee00000, 0x00000000eee00000|100%| E|CS|TAMS 0x00000000eed00000, 0x00000000eed00000| Complete 
| 238|0x00000000eee00000, 0x00000000eef00000, 0x00000000eef00000|100%| E|CS|TAMS 0x00000000eee00000, 0x00000000eee00000| Complete 
| 239|0x00000000eef00000, 0x00000000ef000000, 0x00000000ef000000|100%| E|CS|TAMS 0x00000000eef00000, 0x00000000eef00000| Complete 
| 240|0x00000000ef000000, 0x00000000ef100000, 0x00000000ef100000|100%| E|CS|TAMS 0x00000000ef000000, 0x00000000ef000000| Complete 
| 241|0x00000000ef100000, 0x00000000ef200000, 0x00000000ef200000|100%| E|CS|TAMS 0x00000000ef100000, 0x00000000ef100000| Complete 
| 242|0x00000000ef200000, 0x00000000ef300000, 0x00000000ef300000|100%| E|CS|TAMS 0x00000000ef200000, 0x00000000ef200000| Complete 
| 243|0x00000000ef300000, 0x00000000ef400000, 0x00000000ef400000|100%| E|CS|TAMS 0x00000000ef300000, 0x00000000ef300000| Complete 
| 244|0x00000000ef400000, 0x00000000ef500000, 0x00000000ef500000|100%| E|CS|TAMS 0x00000000ef400000, 0x00000000ef400000| Complete 
| 245|0x00000000ef500000, 0x00000000ef600000, 0x00000000ef600000|100%| E|CS|TAMS 0x00000000ef500000, 0x00000000ef500000| Complete 
| 246|0x00000000ef600000, 0x00000000ef700000, 0x00000000ef700000|100%| E|CS|TAMS 0x00000000ef600000, 0x00000000ef600000| Complete 
| 247|0x00000000ef700000, 0x00000000ef800000, 0x00000000ef800000|100%| E|CS|TAMS 0x00000000ef700000, 0x00000000ef700000| Complete 
| 248|0x00000000ef800000, 0x00000000ef900000, 0x00000000ef900000|100%| E|CS|TAMS 0x00000000ef800000, 0x00000000ef800000| Complete 
| 249|0x00000000ef900000, 0x00000000efa00000, 0x00000000efa00000|100%| E|CS|TAMS 0x00000000ef900000, 0x00000000ef900000| Complete 
| 250|0x00000000efa00000, 0x00000000efb00000, 0x00000000efb00000|100%| E|CS|TAMS 0x00000000efa00000, 0x00000000efa00000| Complete 
| 251|0x00000000efb00000, 0x00000000efc00000, 0x00000000efc00000|100%| E|CS|TAMS 0x00000000efb00000, 0x00000000efb00000| Complete 
| 252|0x00000000efc00000, 0x00000000efd00000, 0x00000000efd00000|100%| E|CS|TAMS 0x00000000efc00000, 0x00000000efc00000| Complete 
| 253|0x00000000efd00000, 0x00000000efe00000, 0x00000000efe00000|100%| E|CS|TAMS 0x00000000efd00000, 0x00000000efd00000| Complete 
| 254|0x00000000efe00000, 0x00000000eff00000, 0x00000000eff00000|100%| E|CS|TAMS 0x00000000efe00000, 0x00000000efe00000| Complete 
| 255|0x00000000eff00000, 0x00000000f0000000, 0x00000000f0000000|100%| E|CS|TAMS 0x00000000eff00000, 0x00000000eff00000| Complete 

Card table byte_map: [0x0000021673500000,0x0000021673600000] _byte_map_base: 0x0000021672e00000

Marking Bits (Prev, Next): (CMBitMap*) 0x0000021669abe750, (CMBitMap*) 0x0000021669abe790
 Prev Bits: [0x0000021673700000, 0x0000021673f00000)
 Next Bits: [0x0000021673f00000, 0x0000021674700000)

Polling page: 0x00000216698c0000

Metaspace:

Usage:
  Non-class:     49.31 MB used.
      Class:      7.72 MB used.
       Both:     57.03 MB used.

Virtual space:
  Non-class space:       64.00 MB reserved,      49.62 MB ( 78%) committed,  1 nodes.
      Class space:      320.00 MB reserved,       8.00 MB (  2%) committed,  1 nodes.
             Both:      384.00 MB reserved,      57.62 MB ( 15%) committed. 

Chunk freelists:
   Non-Class:  13.84 MB
       Class:  7.91 MB
        Both:  21.75 MB

MaxMetaspaceSize: 384.00 MB
CompressedClassSpaceSize: 320.00 MB
Initial GC threshold: 21.00 MB
Current GC threshold: 59.00 MB
CDS: on
MetaspaceReclaimPolicy: balanced
 - commit_granule_bytes: 65536.
 - commit_granule_words: 8192.
 - virtual_space_node_default_size: 8388608.
 - enlarge_chunks_in_place: 1.
 - new_chunks_are_fully_committed: 0.
 - uncommit_free_chunks: 1.
 - use_allocation_guard: 0.
 - handle_deallocations: 1.


Internal statistics:

num_allocs_failed_limit: 6.
num_arena_births: 874.
num_arena_deaths: 0.
num_vsnodes_births: 2.
num_vsnodes_deaths: 0.
num_space_committed: 922.
num_space_uncommitted: 0.
num_chunks_returned_to_freelist: 6.
num_chunks_taken_from_freelist: 3429.
num_chunk_merges: 6.
num_chunk_splits: 2114.
num_chunks_enlarged: 1284.
num_inconsistent_stats: 0.

CodeHeap 'non-profiled nmethods': size=120000Kb used=8912Kb max_used=8912Kb free=111087Kb
 bounds [0x0000021607ad0000, 0x0000021608390000, 0x000002160f000000]
CodeHeap 'profiled nmethods': size=120000Kb used=24231Kb max_used=24231Kb free=95768Kb
 bounds [0x0000021600000000, 0x00000216017b0000, 0x0000021607530000]
CodeHeap 'non-nmethods': size=5760Kb used=2332Kb max_used=2395Kb free=3427Kb
 bounds [0x0000021607530000, 0x00000216077a0000, 0x0000021607ad0000]
 total_blobs=12893 nmethods=12050 adapters=754
 compilation: enabled
              stopped_count=0, restarted_count=0
 full_count=0

Compilation events (20 events):
Event: 5761.018 Thread 0x0000021676cfb0c0 13674       3       java.net.InetSocketAddress::isUnresolved (8 bytes)
Event: 5761.019 Thread 0x0000021676cfb0c0 nmethod 13674 0x00000216017a8e10 code [0x00000216017a8fa0, 0x00000216017a9178]
Event: 5761.023 Thread 0x0000021676cfb0c0 13676       3       org.gradle.util.Path::hashCode (28 bytes)
Event: 5761.024 Thread 0x0000021676cfb0c0 nmethod 13676 0x00000216017a9290 code [0x00000216017a9440, 0x00000216017a95e8]
Event: 5761.026 Thread 0x0000021676cfb0c0 13678       3       sun.security.provider.SHA2::implCompress (13 bytes)
Event: 5761.026 Thread 0x0000021676cfb0c0 nmethod 13678 0x00000216017a9690 code [0x00000216017a9880, 0x00000216017a9ce8]
Event: 5761.026 Thread 0x0000021676cfb0c0 13679       3       sun.security.provider.SHA2::implCompressCheck (27 bytes)
Event: 5761.027 Thread 0x0000021676cfb0c0 nmethod 13679 0x00000216017a9f10 code [0x00000216017aa0e0, 0x00000216017aa498]
Event: 5761.027 Thread 0x0000021676cf5770 nmethod 13670 0x0000021608381710 code [0x00000216083818e0, 0x0000021608381e58]
Event: 5761.027 Thread 0x0000021676cf5770 13677       4       java.util.ArrayDeque::dec (13 bytes)
Event: 5761.028 Thread 0x0000021676cf5770 nmethod 13677 0x0000021608382310 code [0x0000021608382480, 0x00000216083824f8]
Event: 5761.028 Thread 0x0000021676cf5770 13675       4       java.io.DataInputStream::<init> (30 bytes)
Event: 5761.033 Thread 0x0000021676cf5770 nmethod 13675 0x0000021608382610 code [0x00000216083827a0, 0x0000021608382d78]
Event: 5761.300 Thread 0x0000021676cf5770 13680       4       org.gradle.internal.snapshot.AbstractListChildMap::stream (10 bytes)
Event: 5761.312 Thread 0x0000021676cf5770 nmethod 13680 0x0000021608382e90 code [0x0000021608383040, 0x00000216083837d8]
Event: 5761.312 Thread 0x0000021676cf5770 13681       4       org.gradle.internal.snapshot.AbstractIncompleteFileSystemNode$$Lambda$455/0x00000216103f1088::apply (8 bytes)
Event: 5761.313 Thread 0x0000021676cf5770 nmethod 13681 0x0000021608383b10 code [0x0000021608383c80, 0x0000021608383d38]
Event: 5761.313 Thread 0x0000021676cf5770 13682       4       org.gradle.internal.snapshot.AbstractIncompleteFileSystemNode$$Lambda$456/0x00000216103f12c0::apply (10 bytes)
Event: 5761.314 Thread 0x0000021676cf5770 nmethod 13682 0x0000021608383e10 code [0x0000021608383fa0, 0x0000021608384098]
Event: 5761.545 Thread 0x0000021676cf5770 13683       4       sun.management.spi.PlatformMBeanProvider$PlatformComponent::getMBeans (87 bytes)

GC Heap History (20 events):
Event: 3.612 GC heap before
{Heap before GC invocations=2 (full 0):
 garbage-first heap   total 262144K, used 41868K [0x00000000e0000000, 0x0000000100000000)
  region size 1024K, 33 young (33792K), 3 survivors (3072K)
 Metaspace       used 4056K, committed 4288K, reserved 393216K
  class space    used 503K, committed 640K, reserved 327680K
}
Event: 3.616 GC heap after
{Heap after GC invocations=3 (full 0):
 garbage-first heap   total 262144K, used 11864K [0x00000000e0000000, 0x0000000100000000)
  region size 1024K, 1 young (1024K), 1 survivors (1024K)
 Metaspace       used 4056K, committed 4288K, reserved 393216K
  class space    used 503K, committed 640K, reserved 327680K
}
Event: 13.274 GC heap before
{Heap before GC invocations=3 (full 0):
 garbage-first heap   total 262144K, used 134744K [0x00000000e0000000, 0x0000000100000000)
  region size 1024K, 120 young (122880K), 1 survivors (1024K)
 Metaspace       used 21220K, committed 21504K, reserved 393216K
  class space    used 3130K, committed 3264K, reserved 327680K
}
Event: 13.290 GC heap after
{Heap after GC invocations=4 (full 0):
 garbage-first heap   total 262144K, used 23351K [0x00000000e0000000, 0x0000000100000000)
  region size 1024K, 12 young (12288K), 12 survivors (12288K)
 Metaspace       used 21220K, committed 21504K, reserved 393216K
  class space    used 3130K, committed 3264K, reserved 327680K
}
Event: 17.230 GC heap before
{Heap before GC invocations=5 (full 0):
 garbage-first heap   total 262144K, used 146231K [0x00000000e0000000, 0x0000000100000000)
  region size 1024K, 129 young (132096K), 12 survivors (12288K)
 Metaspace       used 35814K, committed 36096K, reserved 393216K
  class space    used 4992K, committed 5120K, reserved 327680K
}
Event: 17.255 GC heap after
{Heap after GC invocations=6 (full 0):
 garbage-first heap   total 262144K, used 33017K [0x00000000e0000000, 0x0000000100000000)
  region size 1024K, 10 young (10240K), 10 survivors (10240K)
 Metaspace       used 35814K, committed 36096K, reserved 393216K
  class space    used 4992K, committed 5120K, reserved 327680K
}
Event: 28.578 GC heap before
{Heap before GC invocations=7 (full 0):
 garbage-first heap   total 262144K, used 180473K [0x00000000e0000000, 0x0000000100000000)
  region size 1024K, 153 young (156672K), 10 survivors (10240K)
 Metaspace       used 48652K, committed 49088K, reserved 393216K
  class space    used 6912K, committed 7104K, reserved 327680K
}
Event: 28.603 GC heap after
{Heap after GC invocations=8 (full 0):
 garbage-first heap   total 262144K, used 41202K [0x00000000e0000000, 0x0000000100000000)
  region size 1024K, 18 young (18432K), 18 survivors (18432K)
 Metaspace       used 48652K, committed 49088K, reserved 393216K
  class space    used 6912K, committed 7104K, reserved 327680K
}
Event: 41.358 GC heap before
{Heap before GC invocations=8 (full 0):
 garbage-first heap   total 262144K, used 178418K [0x00000000e0000000, 0x0000000100000000)
  region size 1024K, 153 young (156672K), 18 survivors (18432K)
 Metaspace       used 54816K, committed 55360K, reserved 393216K
  class space    used 7666K, committed 7936K, reserved 327680K
}
Event: 41.395 GC heap after
{Heap after GC invocations=9 (full 0):
 garbage-first heap   total 262144K, used 51615K [0x00000000e0000000, 0x0000000100000000)
  region size 1024K, 20 young (20480K), 20 survivors (20480K)
 Metaspace       used 54816K, committed 55360K, reserved 393216K
  class space    used 7666K, committed 7936K, reserved 327680K
}
Event: 805.909 GC heap before
{Heap before GC invocations=9 (full 0):
 garbage-first heap   total 262144K, used 187807K [0x00000000e0000000, 0x0000000100000000)
  region size 1024K, 153 young (156672K), 20 survivors (20480K)
 Metaspace       used 56526K, committed 57024K, reserved 393216K
  class space    used 7836K, committed 8064K, reserved 327680K
}
Event: 805.939 GC heap after
{Heap after GC invocations=10 (full 0):
 garbage-first heap   total 262144K, used 52890K [0x00000000e0000000, 0x0000000100000000)
  region size 1024K, 4 young (4096K), 4 survivors (4096K)
 Metaspace       used 56526K, committed 57024K, reserved 393216K
  class space    used 7836K, committed 8064K, reserved 327680K
}
Event: 5701.734 GC heap before
{Heap before GC invocations=10 (full 0):
 garbage-first heap   total 262144K, used 202394K [0x00000000e0000000, 0x0000000100000000)
  region size 1024K, 151 young (154624K), 4 survivors (4096K)
 Metaspace       used 57252K, committed 57792K, reserved 393216K
  class space    used 7855K, committed 8128K, reserved 327680K
}
Event: 5701.770 GC heap after
{Heap after GC invocations=11 (full 0):
 garbage-first heap   total 262144K, used 55592K [0x00000000e0000000, 0x0000000100000000)
  region size 1024K, 7 young (7168K), 7 survivors (7168K)
 Metaspace       used 57252K, committed 57792K, reserved 393216K
  class space    used 7855K, committed 8128K, reserved 327680K
}
Event: 5706.386 GC heap before
{Heap before GC invocations=11 (full 0):
 garbage-first heap   total 262144K, used 205096K [0x00000000e0000000, 0x0000000100000000)
  region size 1024K, 153 young (156672K), 7 survivors (7168K)
 Metaspace       used 57590K, committed 58176K, reserved 393216K
  class space    used 7857K, committed 8128K, reserved 327680K
}
Event: 5706.412 GC heap after
{Heap after GC invocations=12 (full 0):
 garbage-first heap   total 262144K, used 62106K [0x00000000e0000000, 0x0000000100000000)
  region size 1024K, 13 young (13312K), 13 survivors (13312K)
 Metaspace       used 57590K, committed 58176K, reserved 393216K
  class space    used 7857K, committed 8128K, reserved 327680K
}
Event: 5714.864 GC heap before
{Heap before GC invocations=12 (full 0):
 garbage-first heap   total 262144K, used 204442K [0x00000000e0000000, 0x0000000100000000)
  region size 1024K, 153 young (156672K), 13 survivors (13312K)
 Metaspace       used 58173K, committed 58752K, reserved 393216K
  class space    used 7894K, committed 8192K, reserved 327680K
}
Event: 5714.891 GC heap after
{Heap after GC invocations=13 (full 0):
 garbage-first heap   total 262144K, used 65342K [0x00000000e0000000, 0x0000000100000000)
  region size 1024K, 14 young (14336K), 14 survivors (14336K)
 Metaspace       used 58173K, committed 58752K, reserved 393216K
  class space    used 7894K, committed 8192K, reserved 327680K
}
Event: 5732.525 GC heap before
{Heap before GC invocations=13 (full 0):
 garbage-first heap   total 262144K, used 204606K [0x00000000e0000000, 0x0000000100000000)
  region size 1024K, 151 young (154624K), 14 survivors (14336K)
 Metaspace       used 58328K, committed 58944K, reserved 393216K
  class space    used 7900K, committed 8192K, reserved 327680K
}
Event: 5732.541 GC heap after
{Heap after GC invocations=14 (full 0):
 garbage-first heap   total 262144K, used 61162K [0x00000000e0000000, 0x0000000100000000)
  region size 1024K, 9 young (9216K), 9 survivors (9216K)
 Metaspace       used 58328K, committed 58944K, reserved 393216K
  class space    used 7900K, committed 8192K, reserved 327680K
}

Dll operation events (15 events):
Event: 0.024 Loaded shared library C:\Users\Giang\.jdks\corretto-17.0.10\bin\java.dll
Event: 0.058 Loaded shared library C:\Users\Giang\.jdks\corretto-17.0.10\bin\jsvml.dll
Event: 0.162 Loaded shared library C:\Users\Giang\.jdks\corretto-17.0.10\bin\zip.dll
Event: 0.166 Loaded shared library C:\Users\Giang\.jdks\corretto-17.0.10\bin\instrument.dll
Event: 0.171 Loaded shared library C:\Users\Giang\.jdks\corretto-17.0.10\bin\net.dll
Event: 0.173 Loaded shared library C:\Users\Giang\.jdks\corretto-17.0.10\bin\nio.dll
Event: 0.180 Loaded shared library C:\Users\Giang\.jdks\corretto-17.0.10\bin\zip.dll
Event: 0.583 Loaded shared library C:\Users\Giang\.jdks\corretto-17.0.10\bin\jimage.dll
Event: 0.705 Loaded shared library C:\Users\Giang\.jdks\corretto-17.0.10\bin\verify.dll
Event: 0.905 Loaded shared library C:\Users\Giang\.gradle\native\c067742578af261105cb4f569cf0c3c89f3d7b1fecec35dd04571415982c5e48\windows-amd64\native-platform.dll
Event: 0.935 Loaded shared library C:\Users\Giang\.gradle\native\100fb08df4bc3b14c8652ba06237920a3bd2aa13389f12d3474272988ae205f9\windows-amd64\native-platform-file-events.dll
Event: 4.359 Loaded shared library C:\Users\Giang\.jdks\corretto-17.0.10\bin\management.dll
Event: 4.365 Loaded shared library C:\Users\Giang\.jdks\corretto-17.0.10\bin\management_ext.dll
Event: 4.689 Loaded shared library C:\Users\Giang\.jdks\corretto-17.0.10\bin\extnet.dll
Event: 5.159 Loaded shared library C:\Users\Giang\.jdks\corretto-17.0.10\bin\sunmscapi.dll

Deoptimization events (20 events):
Event: 5729.084 Thread 0x000002167ef78a90 Uncommon trap: trap_request=0xffffffd6 fr.pc=0x00000216082c2c88 relative=0x0000000000000368
Event: 5729.084 Thread 0x000002167ef78a90 Uncommon trap: reason=array_check action=maybe_recompile pc=0x00000216082c2c88 method=java.util.LinkedHashMap.keysToArray([Ljava/lang/Object;)[Ljava/lang/Object; @ 25 c2
Event: 5729.084 Thread 0x000002167ef78a90 DEOPT PACKING pc=0x00000216082c2c88 sp=0x000000db3bdf7be0
Event: 5729.084 Thread 0x000002167ef78a90 DEOPT UNPACKING pc=0x00000216075869a3 sp=0x000000db3bdf7b88 mode 2
Event: 5729.639 Thread 0x000002167ef78a90 DEOPT PACKING pc=0x0000021600a5f56b sp=0x000000db3bdf8850
Event: 5729.639 Thread 0x000002167ef78a90 DEOPT UNPACKING pc=0x0000021607587143 sp=0x000000db3bdf7cf8 mode 0
Event: 5730.097 Thread 0x000002167ef78a90 Uncommon trap: trap_request=0xffffffd6 fr.pc=0x00000216082c2c88 relative=0x0000000000000368
Event: 5730.097 Thread 0x000002167ef78a90 Uncommon trap: reason=array_check action=maybe_recompile pc=0x00000216082c2c88 method=java.util.LinkedHashMap.keysToArray([Ljava/lang/Object;)[Ljava/lang/Object; @ 25 c2
Event: 5730.097 Thread 0x000002167ef78a90 DEOPT PACKING pc=0x00000216082c2c88 sp=0x000000db3bdf8740
Event: 5730.097 Thread 0x000002167ef78a90 DEOPT UNPACKING pc=0x00000216075869a3 sp=0x000000db3bdf86e8 mode 2
Event: 5733.486 Thread 0x000002167ef78a90 DEOPT PACKING pc=0x0000021601047ad7 sp=0x000000db3bdfa170
Event: 5733.486 Thread 0x000002167ef78a90 DEOPT UNPACKING pc=0x0000021607587143 sp=0x000000db3bdf9620 mode 0
Event: 5736.169 Thread 0x000002167ef78a90 Uncommon trap: trap_request=0xffffffc6 fr.pc=0x0000021607e3e2a4 relative=0x0000000000000064
Event: 5736.169 Thread 0x000002167ef78a90 Uncommon trap: reason=bimorphic_or_optimized_type_check action=maybe_recompile pc=0x0000021607e3e2a4 method=com.google.common.collect.ImmutableList.copyOf(Ljava/util/Collection;)Lcom/google/common/collect/ImmutableList; @ 16 c2
Event: 5736.169 Thread 0x000002167ef78a90 DEOPT PACKING pc=0x0000021607e3e2a4 sp=0x000000db3bdf9d60
Event: 5736.169 Thread 0x000002167ef78a90 DEOPT UNPACKING pc=0x00000216075869a3 sp=0x000000db3bdf9d00 mode 2
Event: 5761.000 Thread 0x000002167e8303c0 Uncommon trap: trap_request=0xffffffde fr.pc=0x000002160803ddec relative=0x0000000000001fcc
Event: 5761.000 Thread 0x000002167e8303c0 Uncommon trap: reason=class_check action=maybe_recompile pc=0x000002160803ddec method=sun.management.spi.PlatformMBeanProvider$PlatformComponent.getMBeans(Ljava/lang/Class;)Ljava/util/List; @ 26 c2
Event: 5761.000 Thread 0x000002167e8303c0 DEOPT PACKING pc=0x000002160803ddec sp=0x000000db39bfe6c0
Event: 5761.000 Thread 0x000002167e8303c0 DEOPT UNPACKING pc=0x00000216075869a3 sp=0x000000db39bfe6b8 mode 2

Classes unloaded (0 events):
No events

Classes redefined (0 events):
No events

Internal exceptions (20 events):
Event: 5709.757 Thread 0x000002167e8303c0 Implicit null exception at 0x000002160815870b to 0x0000021608158ed0
Event: 5709.757 Thread 0x000002167e8303c0 Implicit null exception at 0x00000216081309db to 0x0000021608130a6c
Event: 5709.826 Thread 0x000002167e8303c0 Exception <a 'sun/nio/fs/WindowsException'{0x00000000eee0f520}> (0x00000000eee0f520) 
thrown [s\src\hotspot\share\prims\jni.cpp, line 516]
Event: 5709.827 Thread 0x000002167e8303c0 Exception <a 'sun/nio/fs/WindowsException'{0x00000000eee10aa8}> (0x00000000eee10aa8) 
thrown [s\src\hotspot\share\prims\jni.cpp, line 516]
Event: 5709.827 Thread 0x000002167e8303c0 Exception <a 'sun/nio/fs/WindowsException'{0x00000000eee12030}> (0x00000000eee12030) 
thrown [s\src\hotspot\share\prims\jni.cpp, line 516]
Event: 5709.828 Thread 0x000002167e8303c0 Exception <a 'sun/nio/fs/WindowsException'{0x00000000eee13598}> (0x00000000eee13598) 
thrown [s\src\hotspot\share\prims\jni.cpp, line 516]
Event: 5710.349 Thread 0x000002167e8303c0 Exception <a 'java/lang/NoClassDefFoundError'{0x00000000ee807c70}: org/jetbrains/kotlin/gradle/plugin/KotlinPluginWrapper> (0x00000000ee807c70) 
thrown [s\src\hotspot\share\oops\constantPool.cpp, line 835]
Event: 5710.349 Thread 0x000002167e8303c0 Exception <a 'java/lang/NoClassDefFoundError'{0x00000000ee809d68}: org/graalvm/buildtools/gradle/NativeImagePlugin> (0x00000000ee809d68) 
thrown [s\src\hotspot\share\oops\constantPool.cpp, line 835]
Event: 5710.349 Thread 0x000002167e8303c0 Exception <a 'java/lang/NoClassDefFoundError'{0x00000000ee80be50}: org/cyclonedx/gradle/CycloneDxPlugin> (0x00000000ee80be50) 
thrown [s\src\hotspot\share\oops\constantPool.cpp, line 835]
Event: 5713.961 Thread 0x000002167e831800 Implicit null exception at 0x00000216081696ac to 0x00000216081696f4
Event: 5716.972 Thread 0x000002167e8303c0 Implicit null exception at 0x00000216080cc1f0 to 0x00000216080cc5d4
Event: 5717.044 Thread 0x000002167e8303c0 Implicit null exception at 0x000002160829f957 to 0x000002160829ff3c
Event: 5717.102 Thread 0x000002167e8303c0 Implicit null exception at 0x00000216080ccc38 to 0x00000216080cd128
Event: 5726.484 Thread 0x000002167e8303c0 Exception <a 'sun/nio/fs/WindowsException'{0x00000000ebad4630}> (0x00000000ebad4630) 
thrown [s\src\hotspot\share\prims\jni.cpp, line 516]
Event: 5726.485 Thread 0x000002167e8303c0 Exception <a 'sun/nio/fs/WindowsException'{0x00000000ebad5bb8}> (0x00000000ebad5bb8) 
thrown [s\src\hotspot\share\prims\jni.cpp, line 516]
Event: 5726.489 Thread 0x000002167e8303c0 Exception <a 'sun/nio/fs/WindowsException'{0x00000000ebad7140}> (0x00000000ebad7140) 
thrown [s\src\hotspot\share\prims\jni.cpp, line 516]
Event: 5726.492 Thread 0x000002167e8303c0 Exception <a 'sun/nio/fs/WindowsException'{0x00000000ebad86a8}> (0x00000000ebad86a8) 
thrown [s\src\hotspot\share\prims\jni.cpp, line 516]
Event: 5727.687 Thread 0x000002167e8303c0 Exception <a 'java/lang/NoClassDefFoundError'{0x00000000eb4a5480}: org/jetbrains/kotlin/gradle/plugin/KotlinPluginWrapper> (0x00000000eb4a5480) 
thrown [s\src\hotspot\share\oops\constantPool.cpp, line 835]
Event: 5727.687 Thread 0x000002167e8303c0 Exception <a 'java/lang/NoClassDefFoundError'{0x00000000eb4a7578}: org/graalvm/buildtools/gradle/NativeImagePlugin> (0x00000000eb4a7578) 
thrown [s\src\hotspot\share\oops\constantPool.cpp, line 835]
Event: 5727.687 Thread 0x000002167e8303c0 Exception <a 'java/lang/NoClassDefFoundError'{0x00000000eb4a9660}: org/cyclonedx/gradle/CycloneDxPlugin> (0x00000000eb4a9660) 
thrown [s\src\hotspot\share\oops\constantPool.cpp, line 835]

VM Operations (20 events):
Event: 5731.207 Executing VM operation: Cleanup
Event: 5731.207 Executing VM operation: Cleanup done
Event: 5732.213 Executing VM operation: Cleanup
Event: 5732.213 Executing VM operation: Cleanup done
Event: 5732.525 Executing VM operation: G1CollectForAllocation
Event: 5732.542 Executing VM operation: G1CollectForAllocation done
Event: 5733.551 Executing VM operation: Cleanup
Event: 5733.551 Executing VM operation: Cleanup done
Event: 5734.555 Executing VM operation: Cleanup
Event: 5734.574 Executing VM operation: Cleanup done
Event: 5735.589 Executing VM operation: Cleanup
Event: 5735.589 Executing VM operation: Cleanup done
Event: 5736.592 Executing VM operation: Cleanup
Event: 5736.592 Executing VM operation: Cleanup done
Event: 5745.658 Executing VM operation: Cleanup
Event: 5745.658 Executing VM operation: Cleanup done
Event: 5757.870 Executing VM operation: HandshakeAllThreads
Event: 5757.870 Executing VM operation: HandshakeAllThreads done
Event: 5760.885 Executing VM operation: Cleanup
Event: 5760.885 Executing VM operation: Cleanup done

Events (20 events):
Event: 5736.332 Thread 0x000002167ef72040 Thread exited: 0x000002167ef72040
Event: 5736.333 Thread 0x000002167e82d120 Thread exited: 0x000002167e82d120
Event: 5736.333 Thread 0x000002167e82f9a0 Thread exited: 0x000002167e82f9a0
Event: 5736.333 Thread 0x000002167e832730 Thread exited: 0x000002167e832730
Event: 5736.333 Thread 0x000002167e8312f0 Thread exited: 0x000002167e8312f0
Event: 5736.333 Thread 0x000002167d3ef380 Thread exited: 0x000002167d3ef380
Event: 5736.333 Thread 0x000002167ef743b0 Thread exited: 0x000002167ef743b0
Event: 5736.342 Thread 0x000002167ef74dd0 Thread exited: 0x000002167ef74dd0
Event: 5736.358 Thread 0x000002167ef75d00 Thread exited: 0x000002167ef75d00
Event: 5736.359 Thread 0x000002167ef748c0 Thread exited: 0x000002167ef748c0
Event: 5736.381 Thread 0x000002167ef76c30 Thread exited: 0x000002167ef76c30
Event: 5736.643 Thread 0x000002167ef73ea0 Thread exited: 0x000002167ef73ea0
Event: 5736.812 Thread 0x000002167ef757f0 Thread exited: 0x000002167ef757f0
Event: 5741.858 Thread 0x0000021676cfab70 Thread exited: 0x0000021676cfab70
Event: 5760.710 Thread 0x000002167d3efda0 Thread added: 0x000002167d3efda0
Event: 5760.991 Thread 0x000002167d3f0cd0 Thread added: 0x000002167d3f0cd0
Event: 5761.000 Thread 0x000002167d3f11e0 Thread added: 0x000002167d3f11e0
Event: 5761.003 Thread 0x000002167d3ee450 Thread added: 0x000002167d3ee450
Event: 5761.003 Thread 0x000002167d3f5dd0 Thread added: 0x000002167d3f5dd0
Event: 5761.009 Thread 0x000002167d3f16f0 Thread added: 0x000002167d3f16f0


Dynamic libraries:
0x00007ff743a90000 - 0x00007ff743a9e000 	C:\Users\Giang\.jdks\corretto-17.0.10\bin\java.exe
0x00007ffc95cd0000 - 0x00007ffc95ec8000 	C:\Windows\SYSTEM32\ntdll.dll
0x00007ffc944d0000 - 0x00007ffc94591000 	C:\Windows\System32\KERNEL32.DLL
0x00007ffc93540000 - 0x00007ffc93836000 	C:\Windows\System32\KERNELBASE.dll
0x00007ffc938b0000 - 0x00007ffc939b0000 	C:\Windows\System32\ucrtbase.dll
0x00007ffc8c430000 - 0x00007ffc8c44b000 	C:\Users\Giang\.jdks\corretto-17.0.10\bin\VCRUNTIME140.dll
0x00007ffc8b8d0000 - 0x00007ffc8b8e7000 	C:\Users\Giang\.jdks\corretto-17.0.10\bin\jli.dll
0x00007ffc95440000 - 0x00007ffc955df000 	C:\Windows\System32\USER32.dll
0x00007ffc93460000 - 0x00007ffc93482000 	C:\Windows\System32\win32u.dll
0x00007ffc95c60000 - 0x00007ffc95c8b000 	C:\Windows\System32\GDI32.dll
0x00007ffc85240000 - 0x00007ffc854da000 	C:\Windows\WinSxS\amd64_microsoft.windows.common-controls_6595b64144ccf1df_6.0.19041.4355_none_60b8b9eb71f62e16\COMCTL32.dll
0x00007ffc955e0000 - 0x00007ffc9567e000 	C:\Windows\System32\msvcrt.dll
0x00007ffc93be0000 - 0x00007ffc93cf7000 	C:\Windows\System32\gdi32full.dll
0x00007ffc93b10000 - 0x00007ffc93bad000 	C:\Windows\System32\msvcp_win.dll
0x00007ffc94a90000 - 0x00007ffc94abf000 	C:\Windows\System32\IMM32.DLL
0x00007ffc8c110000 - 0x00007ffc8c11c000 	C:\Users\Giang\.jdks\corretto-17.0.10\bin\vcruntime140_1.dll
0x00007ffc72c40000 - 0x00007ffc72ccd000 	C:\Users\Giang\.jdks\corretto-17.0.10\bin\msvcp140.dll
0x00007ffc54ab0000 - 0x00007ffc55712000 	C:\Users\Giang\.jdks\corretto-17.0.10\bin\server\jvm.dll
0x00007ffc94950000 - 0x00007ffc94a00000 	C:\Windows\System32\ADVAPI32.dll
0x00007ffc958c0000 - 0x00007ffc95960000 	C:\Windows\System32\sechost.dll
0x00007ffc95aa0000 - 0x00007ffc95bc3000 	C:\Windows\System32\RPCRT4.dll
0x00007ffc93bb0000 - 0x00007ffc93bd7000 	C:\Windows\System32\bcrypt.dll
0x00007ffc928b0000 - 0x00007ffc928fb000 	C:\Windows\SYSTEM32\POWRPROF.dll
0x00007ffc90a20000 - 0x00007ffc90a29000 	C:\Windows\SYSTEM32\WSOCK32.dll
0x00007ffc957a0000 - 0x00007ffc9580b000 	C:\Windows\System32\WS2_32.dll
0x00007ffc856a0000 - 0x00007ffc856c7000 	C:\Windows\SYSTEM32\WINMM.dll
0x00007ffc89ee0000 - 0x00007ffc89eea000 	C:\Windows\SYSTEM32\VERSION.dll
0x00007ffc92770000 - 0x00007ffc92782000 	C:\Windows\SYSTEM32\UMPDC.dll
0x00007ffc91200000 - 0x00007ffc91212000 	C:\Windows\SYSTEM32\kernel.appcore.dll
0x00007ffc8b330000 - 0x00007ffc8b33a000 	C:\Users\Giang\.jdks\corretto-17.0.10\bin\jimage.dll
0x00007ffc80590000 - 0x00007ffc80774000 	C:\Windows\SYSTEM32\DBGHELP.DLL
0x00007ffc7ff00000 - 0x00007ffc7ff34000 	C:\Windows\SYSTEM32\dbgcore.DLL
0x00007ffc933d0000 - 0x00007ffc93452000 	C:\Windows\System32\bcryptPrimitives.dll
0x00007ffc86560000 - 0x00007ffc8656e000 	C:\Users\Giang\.jdks\corretto-17.0.10\bin\instrument.dll
0x00007ffc84da0000 - 0x00007ffc84dc5000 	C:\Users\Giang\.jdks\corretto-17.0.10\bin\java.dll
0x00007ffc65900000 - 0x00007ffc659d7000 	C:\Users\Giang\.jdks\corretto-17.0.10\bin\jsvml.dll
0x00007ffc94c70000 - 0x00007ffc953dc000 	C:\Windows\System32\SHELL32.dll
0x00007ffc91400000 - 0x00007ffc91b9e000 	C:\Windows\SYSTEM32\windows.storage.dll
0x00007ffc93d00000 - 0x00007ffc94053000 	C:\Windows\System32\combase.dll
0x00007ffc92da0000 - 0x00007ffc92dce000 	C:\Windows\SYSTEM32\Wldp.dll
0x00007ffc94b40000 - 0x00007ffc94c0d000 	C:\Windows\System32\OLEAUT32.dll
0x00007ffc948a0000 - 0x00007ffc9494d000 	C:\Windows\System32\SHCORE.dll
0x00007ffc95a40000 - 0x00007ffc95a95000 	C:\Windows\System32\shlwapi.dll
0x00007ffc932b0000 - 0x00007ffc932d4000 	C:\Windows\SYSTEM32\profapi.dll
0x00007ffc84f00000 - 0x00007ffc84f18000 	C:\Users\Giang\.jdks\corretto-17.0.10\bin\zip.dll
0x00007ffc84c50000 - 0x00007ffc84c69000 	C:\Users\Giang\.jdks\corretto-17.0.10\bin\net.dll
0x00007ffc892e0000 - 0x00007ffc893ea000 	C:\Windows\SYSTEM32\WINHTTP.dll
0x00007ffc92b00000 - 0x00007ffc92b6a000 	C:\Windows\system32\mswsock.dll
0x00007ffc84c30000 - 0x00007ffc84c46000 	C:\Users\Giang\.jdks\corretto-17.0.10\bin\nio.dll
0x00007ffc84c20000 - 0x00007ffc84c30000 	C:\Users\Giang\.jdks\corretto-17.0.10\bin\verify.dll
0x00007ffc84e60000 - 0x00007ffc84e87000 	C:\Users\Giang\.gradle\native\c067742578af261105cb4f569cf0c3c89f3d7b1fecec35dd04571415982c5e48\windows-amd64\native-platform.dll
0x00007ffc5e050000 - 0x00007ffc5e194000 	C:\Users\Giang\.gradle\native\100fb08df4bc3b14c8652ba06237920a3bd2aa13389f12d3474272988ae205f9\windows-amd64\native-platform-file-events.dll
0x00007ffc84c10000 - 0x00007ffc84c19000 	C:\Users\Giang\.jdks\corretto-17.0.10\bin\management.dll
0x00007ffc84c00000 - 0x00007ffc84c0b000 	C:\Users\Giang\.jdks\corretto-17.0.10\bin\management_ext.dll
0x00007ffc945a0000 - 0x00007ffc945a8000 	C:\Windows\System32\PSAPI.DLL
0x00007ffc92cf0000 - 0x00007ffc92d08000 	C:\Windows\SYSTEM32\CRYPTSP.dll
0x00007ffc923b0000 - 0x00007ffc923e4000 	C:\Windows\system32\rsaenh.dll
0x00007ffc93260000 - 0x00007ffc9328e000 	C:\Windows\SYSTEM32\USERENV.dll
0x00007ffc92d10000 - 0x00007ffc92d1c000 	C:\Windows\SYSTEM32\CRYPTBASE.dll
0x00007ffc92790000 - 0x00007ffc927cb000 	C:\Windows\SYSTEM32\IPHLPAPI.DLL
0x00007ffc94a00000 - 0x00007ffc94a08000 	C:\Windows\System32\NSI.dll
0x00007ffc89f70000 - 0x00007ffc89f87000 	C:\Windows\SYSTEM32\dhcpcsvc6.DLL
0x00007ffc8b160000 - 0x00007ffc8b17d000 	C:\Windows\SYSTEM32\dhcpcsvc.DLL
0x00007ffc927e0000 - 0x00007ffc928aa000 	C:\Windows\SYSTEM32\DNSAPI.dll
0x00007ffc84910000 - 0x00007ffc84919000 	C:\Users\Giang\.jdks\corretto-17.0.10\bin\extnet.dll
0x00007ffc84900000 - 0x00007ffc8490e000 	C:\Users\Giang\.jdks\corretto-17.0.10\bin\sunmscapi.dll
0x00007ffc939b0000 - 0x00007ffc93b0e000 	C:\Windows\System32\CRYPT32.dll
0x00007ffc92e10000 - 0x00007ffc92e39000 	C:\Windows\SYSTEM32\ncrypt.dll
0x00007ffc92dd0000 - 0x00007ffc92e0b000 	C:\Windows\SYSTEM32\NTASN1.dll
0x00007ffc8d470000 - 0x00007ffc8d477000 	C:\Windows\system32\wshunix.dll

dbghelp: loaded successfully - version: 4.0.5 - missing functions: none
symbol engine: initialized successfully - sym options: 0x614 - pdb path: .;C:\Users\Giang\.jdks\corretto-17.0.10\bin;C:\Windows\SYSTEM32;C:\Windows\WinSxS\amd64_microsoft.windows.common-controls_6595b64144ccf1df_6.0.19041.4355_none_60b8b9eb71f62e16;C:\Users\Giang\.jdks\corretto-17.0.10\bin\server;C:\Users\Giang\.gradle\native\c067742578af261105cb4f569cf0c3c89f3d7b1fecec35dd04571415982c5e48\windows-amd64;C:\Users\Giang\.gradle\native\100fb08df4bc3b14c8652ba06237920a3bd2aa13389f12d3474272988ae205f9\windows-amd64

VM Arguments:
jvm_args: --add-opens=java.base/java.util=ALL-UNNAMED --add-opens=java.base/java.lang=ALL-UNNAMED --add-opens=java.base/java.lang.invoke=ALL-UNNAMED --add-opens=java.prefs/java.util.prefs=ALL-UNNAMED --add-opens=java.base/java.nio.charset=ALL-UNNAMED --add-opens=java.base/java.net=ALL-UNNAMED --add-opens=java.base/java.util.concurrent.atomic=ALL-UNNAMED -XX:MaxMetaspaceSize=384m -XX:+HeapDumpOnOutOfMemoryError -Xms256m -Xmx512m -Dfile.encoding=windows-1252 -Duser.country=US -Duser.language=en -Duser.variant -javaagent:C:\Users\Giang\.gradle\wrapper\dists\gradle-8.8-bin\dl7vupf4psengwqhwktix4v1\gradle-8.8\lib\agents\gradle-instrumentation-agent-8.8.jar 
java_command: org.gradle.launcher.daemon.bootstrap.GradleDaemon 8.8
java_class_path (initial): C:\Users\Giang\.gradle\wrapper\dists\gradle-8.8-bin\dl7vupf4psengwqhwktix4v1\gradle-8.8\lib\gradle-launcher-8.8.jar
Launcher Type: SUN_STANDARD

[Global flags]
     intx CICompilerCount                          = 3                                         {product} {ergonomic}
   size_t CompressedClassSpaceSize                 = 335544320                                 {product} {ergonomic}
     uint ConcGCThreads                            = 1                                         {product} {ergonomic}
     uint G1ConcRefinementThreads                  = 4                                         {product} {ergonomic}
   size_t G1HeapRegionSize                         = 1048576                                   {product} {ergonomic}
    uintx GCDrainStackTargetSize                   = 64                                        {product} {ergonomic}
     bool HeapDumpOnOutOfMemoryError               = true                                   {manageable} {command line}
   size_t InitialHeapSize                          = 268435456                                 {product} {command line}
   size_t MarkStackSize                            = 4194304                                   {product} {ergonomic}
   size_t MaxHeapSize                              = 536870912                                 {product} {command line}
   size_t MaxMetaspaceSize                         = 402653184                                 {product} {command line}
   size_t MaxNewSize                               = 321912832                                 {product} {ergonomic}
   size_t MinHeapDeltaBytes                        = 1048576                                   {product} {ergonomic}
   size_t MinHeapSize                              = 268435456                                 {product} {command line}
    uintx NonNMethodCodeHeapSize                   = 5832780                                {pd product} {ergonomic}
    uintx NonProfiledCodeHeapSize                  = 122912730                              {pd product} {ergonomic}
    uintx ProfiledCodeHeapSize                     = 122912730                              {pd product} {ergonomic}
    uintx ReservedCodeCacheSize                    = 251658240                              {pd product} {ergonomic}
     bool SegmentedCodeCache                       = true                                      {product} {ergonomic}
   size_t SoftMaxHeapSize                          = 536870912                              {manageable} {ergonomic}
     bool UseCompressedClassPointers               = true                           {product lp64_product} {ergonomic}
     bool UseCompressedOops                        = true                           {product lp64_product} {ergonomic}
     bool UseG1GC                                  = true                                      {product} {ergonomic}
     bool UseLargePagesIndividualAllocation        = false                                  {pd product} {ergonomic}

Logging:
Log output configuration:
 #0: stdout all=warning uptime,level,tags
 #1: stderr all=off uptime,level,tags

Environment Variables:
PATH=C:\Program Files\Common Files\Oracle\Java\javapath;C:\Windows\system32;C:\Windows;C:\Windows\System32\Wbem;C:\Windows\System32\WindowsPowerShell\v1.0\;C:\Windows\System32\OpenSSH\;C:\Program Files\MySQL\MySQL Server 8.0\bin;%JAVA_HOME%\bin;C:\Gradle\gradle-6.8\bin;C:\Program Files\Git\cmd;C:\Program Files\Java\jdk-17\bin;C:\Program Files\nodejs\;C:\Program Files\MySQL\MySQL Shell 8.0\bin\;C:\Users\Giang\AppData\Local\Microsoft\WindowsApps;C:\Users\Giang\AppData\Local\GitHubDesktop\bin;D:\Microsoft VS Code\bin;C:\Users\Giang\AppData\Roaming\npm
USERNAME=Giang
OS=Windows_NT
PROCESSOR_IDENTIFIER=Intel64 Family 6 Model 61 Stepping 4, GenuineIntel
TMP=C:\Users\Giang\AppData\Local\Temp
TEMP=C:\Users\Giang\AppData\Local\Temp



Periodic native trim disabled


---------------  S Y S T E M  ---------------

OS:
 Windows 10 , 64 bit Build 19041 (10.0.19041.4597)
OS uptime: 0 days 2:52 hours

CPU: total 4 (initial active 4) (2 cores per cpu, 2 threads per core) family 6 model 61 stepping 4 microcode 0x2d, cx8, cmov, fxsr, ht, mmx, 3dnowpref, sse, sse2, sse3, ssse3, sse4.1, sse4.2, popcnt, lzcnt, tsc, tscinvbit, avx, avx2, aes, erms, clmul, bmi1, bmi2, rtm, adx, fma, vzeroupper, clflush
Processor Information for all 4 processors :
  Max Mhz: 2594, Current Mhz: 2594, Mhz Limit: 2594

Memory: 4k page, system-wide physical 7887M (243M free)
TotalPageFile size 15055M (AvailPageFile size 13M)
current process WorkingSet (physical memory assigned to process): 342M, peak: 424M
current process commit charge ("private bytes"): 478M, peak: 517M

vm_info: OpenJDK 64-Bit Server VM (17.0.10+7-LTS) for windows-amd64 JRE (17.0.10+7-LTS), built on Jan 10 2024 22:11:07 by "Administrator" with MS VC++ 16.10 / 16.11 (VS2019)

END.
