#
# There is insufficient memory for the Java Runtime Environment to continue.
# Native memory allocation (malloc) failed to allocate 1096256 bytes for Chunk::new
# Possible reasons:
#   The system is out of physical RAM or swap space
#   The process is running with CompressedOops enabled, and the Java Heap may be blocking the growth of the native heap
# Possible solutions:
#   Reduce memory load on the system
#   Increase physical memory or swap space
#   Check if swap backing store is full
#   Decrease Java heap size (-Xmx/-Xms)
#   Decrease number of Java threads
#   Decrease Java thread stack sizes (-Xss)
#   Set larger code cache with -XX:ReservedCodeCacheSize=
#   JVM is running with Unscaled Compressed Oops mode in which the Java heap is
#     placed in the first 4GB address space. The Java Heap base address is the
#     maximum limit for the native heap growth. Please use -XX:HeapBaseMinAddress
#     to set the Java Heap base and to place the Java Heap above 4GB virtual address.
# This output file may be truncated or incomplete.
#
#  Out of Memory Error (arena.cpp:191), pid=3156, tid=7692
#
# JRE version: OpenJDK Runtime Environment Corretto-17.0.10.7.1 (17.0.10+7) (build 17.0.10+7-LTS)
# Java VM: OpenJDK 64-Bit Server VM Corretto-17.0.10.7.1 (17.0.10+7-LTS, mixed mode, sharing, tiered, compressed oops, compressed class ptrs, g1 gc, windows-amd64)
# No core dump will be written. Minidumps are not enabled by default on client versions of Windows
#

---------------  S U M M A R Y ------------

Command Line: --add-opens=java.base/java.util=ALL-UNNAMED --add-opens=java.base/java.lang=ALL-UNNAMED --add-opens=java.base/java.lang.invoke=ALL-UNNAMED --add-opens=java.prefs/java.util.prefs=ALL-UNNAMED --add-opens=java.base/java.nio.charset=ALL-UNNAMED --add-opens=java.base/java.net=ALL-UNNAMED --add-opens=java.base/java.util.concurrent.atomic=ALL-UNNAMED -XX:MaxMetaspaceSize=384m -XX:+HeapDumpOnOutOfMemoryError -Xms256m -Xmx512m -Dfile.encoding=windows-1252 -Duser.country=US -Duser.language=en -Duser.variant -javaagent:C:\Users\Giang\.gradle\wrapper\dists\gradle-8.8-bin\dl7vupf4psengwqhwktix4v1\gradle-8.8\lib\agents\gradle-instrumentation-agent-8.8.jar org.gradle.launcher.daemon.bootstrap.GradleDaemon 8.8

Host: Intel(R) Core(TM) i7-5600U CPU @ 2.60GHz, 4 cores, 7G,  Windows 10 , 64 bit Build 19041 (10.0.19041.4597)
Time: Wed Aug 14 11:17:26 2024 SE Asia Standard Time elapsed time: 171.903897 seconds (0d 0h 2m 51s)

---------------  T H R E A D  ---------------

Current thread (0x000001f542bd0260):  JavaThread "C2 CompilerThread0" daemon [_thread_in_native, id=7692, stack(0x0000007334000000,0x0000007334100000)]


Current CompileTask:
C2: 171904 13318       4       io.spring.gradle.dependencymanagement.org.apache.maven.model.building.DefaultModelBuilder::checkPluginVersions (392 bytes)

Stack: [0x0000007334000000,0x0000007334100000]
Native frames: (J=compiled Java code, j=interpreted, Vv=VM code, C=native code)
V  [jvm.dll+0x67d2c9]
V  [jvm.dll+0x834b1a]
V  [jvm.dll+0x8365de]
V  [jvm.dll+0x836c43]
V  [jvm.dll+0x2477ff]
V  [jvm.dll+0xac514]
V  [jvm.dll+0xacb5c]
V  [jvm.dll+0x2aed1f]
V  [jvm.dll+0x584b67]
V  [jvm.dll+0x2228a2]
V  [jvm.dll+0x21bb42]
V  [jvm.dll+0x219201]
V  [jvm.dll+0x1a502d]
V  [jvm.dll+0x2290de]
V  [jvm.dll+0x2272ac]
V  [jvm.dll+0x7e9bd7]
V  [jvm.dll+0x7e3fda]
V  [jvm.dll+0x67c1b5]
C  [ucrtbase.dll+0x21bb2]
C  [KERNEL32.DLL+0x17374]
C  [ntdll.dll+0x4cc91]


---------------  P R O C E S S  ---------------

Threads class SMR info:
_java_thread_list=0x000001f5609d9c40, length=92, elements={
0x000001f5288d0550, 0x000001f542bb4a50, 0x000001f542bb6bf0, 0x000001f542bcb730,
0x000001f542bcc200, 0x000001f542bcccd0, 0x000001f542bcf5b0, 0x000001f542bd0260,
0x000001f542c2bb40, 0x000001f542c2e810, 0x000001f55c0a4790, 0x000001f55c22c610,
0x000001f55cf834e0, 0x000001f55d2de490, 0x000001f55c052490, 0x000001f55cea5ba0,
0x000001f55cea60b0, 0x000001f55cea8420, 0x000001f55cea5690, 0x000001f55e0fd2b0,
0x000001f55e0ff110, 0x000001f55e0fdcd0, 0x000001f55e100f70, 0x000001f55e0faa30,
0x000001f55e0ff620, 0x000001f55f54ccc0, 0x000001f55f54c2a0, 0x000001f55f54b880,
0x000001f55e0dc8a0, 0x000001f55e0de700, 0x000001f55e0ddce0, 0x000001f55e0df630,
0x000001f55cea4c70, 0x000001f55f550e90, 0x000001f55e0fb450, 0x000001f55f54c7b0,
0x000001f560e56a60, 0x000001f560e5ac30, 0x000001f560e55620, 0x000001f560e56f70,
0x000001f560e5a210, 0x000001f560e57480, 0x000001f560e58dd0, 0x000001f560e5b140,
0x000001f560e57990, 0x000001f560e57ea0, 0x000001f560e55110, 0x000001f560e592e0,
0x000001f560e583b0, 0x000001f560e53cd0, 0x000001f560e59d00, 0x000001f560e541e0,
0x000001f560e597f0, 0x000001f560e55b30, 0x000001f560e588c0, 0x000001f560e546f0,
0x000001f560e5a720, 0x000001f560e5b650, 0x000001f560e54c00, 0x000001f560e56040,
0x000001f560e56550, 0x000001f55f54eb20, 0x000001f55f5513a0, 0x000001f55f54bd90,
0x000001f55f54d1d0, 0x000001f55f54e100, 0x000001f55f54d6e0, 0x000001f55f54dbf0,
0x000001f55f54e610, 0x000001f55f5527e0, 0x000001f55f54f030, 0x000001f55f5518b0,
0x000001f55f551dc0, 0x000001f55f54f540, 0x000001f55f54fa50, 0x000001f55f54ff60,
0x000001f55f550470, 0x000001f55f550980, 0x000001f55f5522d0, 0x000001f55f54b370,
0x000001f55f552cf0, 0x000001f55e0db970, 0x000001f55e0dd7d0, 0x000001f55e0db460,
0x000001f55e0dcdb0, 0x000001f55e0de1f0, 0x000001f55e0dec10, 0x000001f55e0daf50,
0x000001f55e0df120, 0x000001f55e0dfb40, 0x000001f55e0e0050, 0x000001f55e0e0f80
}

Java Threads: ( => current thread )
  0x000001f5288d0550 JavaThread "main" [_thread_blocked, id=4952, stack(0x0000007333300000,0x0000007333400000)]
  0x000001f542bb4a50 JavaThread "Reference Handler" daemon [_thread_blocked, id=11112, stack(0x0000007333a00000,0x0000007333b00000)]
  0x000001f542bb6bf0 JavaThread "Finalizer" daemon [_thread_blocked, id=672, stack(0x0000007333b00000,0x0000007333c00000)]
  0x000001f542bcb730 JavaThread "Signal Dispatcher" daemon [_thread_blocked, id=11364, stack(0x0000007333c00000,0x0000007333d00000)]
  0x000001f542bcc200 JavaThread "Attach Listener" daemon [_thread_blocked, id=2492, stack(0x0000007333d00000,0x0000007333e00000)]
  0x000001f542bcccd0 JavaThread "Service Thread" daemon [_thread_blocked, id=12580, stack(0x0000007333e00000,0x0000007333f00000)]
  0x000001f542bcf5b0 JavaThread "Monitor Deflation Thread" daemon [_thread_blocked, id=1840, stack(0x0000007333f00000,0x0000007334000000)]
=>0x000001f542bd0260 JavaThread "C2 CompilerThread0" daemon [_thread_in_native, id=7692, stack(0x0000007334000000,0x0000007334100000)]
  0x000001f542c2bb40 JavaThread "C1 CompilerThread0" daemon [_thread_blocked, id=13244, stack(0x0000007334100000,0x0000007334200000)]
  0x000001f542c2e810 JavaThread "Sweeper thread" daemon [_thread_blocked, id=13016, stack(0x0000007334200000,0x0000007334300000)]
  0x000001f55c0a4790 JavaThread "Common-Cleaner" daemon [_thread_blocked, id=1796, stack(0x0000007334300000,0x0000007334400000)]
  0x000001f55c22c610 JavaThread "Notification Thread" daemon [_thread_blocked, id=4856, stack(0x0000007334400000,0x0000007334500000)]
  0x000001f55cf834e0 JavaThread "Daemon health stats" [_thread_blocked, id=4040, stack(0x0000007334900000,0x0000007334a00000)]
  0x000001f55d2de490 JavaThread "Incoming local TCP Connector on port 51853" [_thread_in_native, id=3056, stack(0x0000007334a00000,0x0000007334b00000)]
  0x000001f55c052490 JavaThread "Daemon periodic checks" [_thread_blocked, id=3152, stack(0x0000007334b00000,0x0000007334c00000)]
  0x000001f55cea5ba0 JavaThread "Cache worker for journal cache (C:\Users\Giang\.gradle\caches\journal-1)" [_thread_blocked, id=8388, stack(0x0000007335300000,0x0000007335400000)]
  0x000001f55cea60b0 JavaThread "File lock request listener" [_thread_in_native, id=12172, stack(0x0000007335400000,0x0000007335500000)]
  0x000001f55cea8420 JavaThread "Cache worker for file hash cache (C:\Users\Giang\.gradle\caches\8.8\fileHashes)" [_thread_blocked, id=8444, stack(0x0000007335500000,0x0000007335600000)]
  0x000001f55cea5690 JavaThread "File watcher server" daemon [_thread_in_native, id=1192, stack(0x0000007335700000,0x0000007335800000)]
  0x000001f55e0fd2b0 JavaThread "File watcher consumer" daemon [_thread_blocked, id=8280, stack(0x0000007335900000,0x0000007335a00000)]
  0x000001f55e0ff110 JavaThread "Cache worker for file content cache (C:\Users\Giang\.gradle\caches\8.8\fileContent)" [_thread_blocked, id=10048, stack(0x0000007335b00000,0x0000007335c00000)]
  0x000001f55e0fdcd0 JavaThread "jar transforms" [_thread_blocked, id=10256, stack(0x0000007335e00000,0x0000007335f00000)]
  0x000001f55e100f70 JavaThread "jar transforms Thread 2" [_thread_blocked, id=8292, stack(0x0000007336000000,0x0000007336100000)]
  0x000001f55e0faa30 JavaThread "jar transforms Thread 3" [_thread_blocked, id=11484, stack(0x0000007335f00000,0x0000007336000000)]
  0x000001f55e0ff620 JavaThread "jar transforms Thread 4" [_thread_blocked, id=7452, stack(0x0000007336100000,0x0000007336200000)]
  0x000001f55f54ccc0 JavaThread "Memory manager" [_thread_blocked, id=13256, stack(0x0000007336f00000,0x0000007337000000)]
  0x000001f55f54c2a0 JavaThread "ForkJoinPool.commonPool-worker-2" daemon [_thread_blocked, id=10472, stack(0x0000007337100000,0x0000007337200000)]
  0x000001f55f54b880 JavaThread "ForkJoinPool.commonPool-worker-3" daemon [_thread_blocked, id=7536, stack(0x0000007337200000,0x0000007337300000)]
  0x000001f55e0dc8a0 JavaThread "Daemon Thread 2" [_thread_blocked, id=13088, stack(0x0000007333100000,0x0000007333200000)]
  0x000001f55e0de700 JavaThread "Daemon worker Thread 2" [_thread_blocked, id=12740, stack(0x0000007334d00000,0x0000007334e00000)]
  0x000001f55e0ddce0 JavaThread "ForkJoinPool.commonPool-worker-4" daemon [_thread_blocked, id=1044, stack(0x0000007336900000,0x0000007336a00000)]
  0x000001f55e0df630 JavaThread "included builds" [_thread_blocked, id=1040, stack(0x0000007336a00000,0x0000007336b00000)]
  0x000001f55cea4c70 JavaThread "VFS cleanup Thread 2" [_thread_blocked, id=11076, stack(0x0000007334f00000,0x0000007335000000)]
  0x000001f55f550e90 JavaThread "included builds" [_thread_blocked, id=10080, stack(0x0000007336b00000,0x0000007336c00000)]
  0x000001f55e0fb450 JavaThread "File lock release action executor Thread 2" [_thread_blocked, id=10172, stack(0x0000007335200000,0x0000007335300000)]
  0x000001f55f54c7b0 JavaThread "included builds" [_thread_blocked, id=12924, stack(0x0000007336d00000,0x0000007336e00000)]
  0x000001f560e56a60 JavaThread "File lock release action executor Thread 3" [_thread_blocked, id=10040, stack(0x0000007339700000,0x0000007339800000)]
  0x000001f560e5ac30 JavaThread "Handler for socket connection from /127.0.0.1:51853 to /127.0.0.1:51934" [_thread_in_native, id=8656, stack(0x0000007333200000,0x0000007333300000)]
  0x000001f560e55620 JavaThread "Cancel handler" [_thread_blocked, id=12448, stack(0x0000007334c00000,0x0000007334d00000)]
  0x000001f560e56f70 JavaThread "Asynchronous log dispatcher for DefaultDaemonConnection: socket connection from /127.0.0.1:51853 to /127.0.0.1:51934" [_thread_blocked, id=1636, stack(0x0000007334e00000,0x0000007334f00000)]
  0x000001f560e5a210 JavaThread "Stdin handler" [_thread_blocked, id=13284, stack(0x0000007335000000,0x0000007335100000)]
  0x000001f560e57480 JavaThread "Daemon client event forwarder" [_thread_blocked, id=8864, stack(0x0000007335100000,0x0000007335200000)]
  0x000001f560e58dd0 JavaThread "Cache worker for file hash cache (D:\OJT\day1\OJT_BE\.gradle\8.8\fileHashes)" [_thread_blocked, id=4688, stack(0x0000007335600000,0x0000007335700000)]
  0x000001f560e5b140 JavaThread "Cache worker for checksums cache (D:\OJT\day1\OJT_BE\.gradle\8.8\checksums)" [_thread_blocked, id=10316, stack(0x0000007335800000,0x0000007335900000)]
  0x000001f560e57990 JavaThread "Cache worker for cache directory md-rule (C:\Users\Giang\.gradle\caches\8.8\md-rule)" [_thread_blocked, id=1404, stack(0x0000007335a00000,0x0000007335b00000)]
  0x000001f560e57ea0 JavaThread "Cache worker for cache directory md-supplier (C:\Users\Giang\.gradle\caches\8.8\md-supplier)" [_thread_blocked, id=7596, stack(0x0000007335c00000,0x0000007335d00000)]
  0x000001f560e55110 JavaThread "Cache worker for Build Output Cleanup Cache (D:\OJT\day1\OJT_BE\.gradle\buildOutputCleanup)" [_thread_blocked, id=6744, stack(0x0000007335d00000,0x0000007335e00000)]
  0x000001f560e592e0 JavaThread "Unconstrained build operations" [_thread_blocked, id=5556, stack(0x0000007336400000,0x0000007336500000)]
  0x000001f560e583b0 JavaThread "Unconstrained build operations Thread 2" [_thread_blocked, id=12860, stack(0x0000007336500000,0x0000007336600000)]
  0x000001f560e53cd0 JavaThread "Unconstrained build operations Thread 3" [_thread_blocked, id=3608, stack(0x0000007336600000,0x0000007336700000)]
  0x000001f560e59d00 JavaThread "Unconstrained build operations Thread 4" [_thread_blocked, id=5568, stack(0x0000007336700000,0x0000007336800000)]
  0x000001f560e541e0 JavaThread "Unconstrained build operations Thread 5" [_thread_blocked, id=2516, stack(0x0000007336800000,0x0000007336900000)]
  0x000001f560e597f0 JavaThread "Unconstrained build operations Thread 6" [_thread_blocked, id=3556, stack(0x0000007336c00000,0x0000007336d00000)]
  0x000001f560e55b30 JavaThread "included builds" [_thread_in_Java, id=8976, stack(0x0000007336e00000,0x0000007336f00000)]
  0x000001f560e588c0 JavaThread "Execution worker" [_thread_blocked, id=7352, stack(0x0000007337000000,0x0000007337100000)]
  0x000001f560e546f0 JavaThread "Execution worker Thread 2" [_thread_blocked, id=11516, stack(0x0000007337300000,0x0000007337400000)]
  0x000001f560e5a720 JavaThread "Execution worker Thread 3" [_thread_blocked, id=12868, stack(0x0000007337400000,0x0000007337500000)]
  0x000001f560e5b650 JavaThread "Cache worker for execution history cache (D:\OJT\day1\OJT_BE\.gradle\8.8\executionHistory)" [_thread_blocked, id=3636, stack(0x0000007337500000,0x0000007337600000)]
  0x000001f560e54c00 JavaThread "Unconstrained build operations Thread 7" [_thread_blocked, id=4916, stack(0x0000007337600000,0x0000007337700000)]
  0x000001f560e56040 JavaThread "Unconstrained build operations Thread 8" [_thread_blocked, id=1780, stack(0x0000007337700000,0x0000007337800000)]
  0x000001f560e56550 JavaThread "Unconstrained build operations Thread 9" [_thread_blocked, id=11380, stack(0x0000007337800000,0x0000007337900000)]
  0x000001f55f54eb20 JavaThread "Unconstrained build operations Thread 10" [_thread_blocked, id=12272, stack(0x0000007337900000,0x0000007337a00000)]
  0x000001f55f5513a0 JavaThread "Unconstrained build operations Thread 11" [_thread_blocked, id=12316, stack(0x0000007337a00000,0x0000007337b00000)]
  0x000001f55f54bd90 JavaThread "Unconstrained build operations Thread 12" [_thread_blocked, id=12244, stack(0x0000007337b00000,0x0000007337c00000)]
  0x000001f55f54d1d0 JavaThread "Unconstrained build operations Thread 13" [_thread_blocked, id=4976, stack(0x0000007337c00000,0x0000007337d00000)]
  0x000001f55f54e100 JavaThread "Unconstrained build operations Thread 14" [_thread_blocked, id=12872, stack(0x0000007337d00000,0x0000007337e00000)]
  0x000001f55f54d6e0 JavaThread "Unconstrained build operations Thread 15" [_thread_blocked, id=9896, stack(0x0000007337e00000,0x0000007337f00000)]
  0x000001f55f54dbf0 JavaThread "Unconstrained build operations Thread 16" [_thread_blocked, id=13240, stack(0x0000007337f00000,0x0000007338000000)]
  0x000001f55f54e610 JavaThread "Unconstrained build operations Thread 17" [_thread_blocked, id=6168, stack(0x0000007338000000,0x0000007338100000)]
  0x000001f55f5527e0 JavaThread "Unconstrained build operations Thread 18" [_thread_blocked, id=1684, stack(0x0000007338100000,0x0000007338200000)]
  0x000001f55f54f030 JavaThread "Unconstrained build operations Thread 19" [_thread_blocked, id=5172, stack(0x0000007338200000,0x0000007338300000)]
  0x000001f55f5518b0 JavaThread "Unconstrained build operations Thread 20" [_thread_blocked, id=12540, stack(0x0000007338300000,0x0000007338400000)]
  0x000001f55f551dc0 JavaThread "Unconstrained build operations Thread 21" [_thread_blocked, id=1716, stack(0x0000007338400000,0x0000007338500000)]
  0x000001f55f54f540 JavaThread "Unconstrained build operations Thread 22" [_thread_blocked, id=12912, stack(0x0000007338500000,0x0000007338600000)]
  0x000001f55f54fa50 JavaThread "Unconstrained build operations Thread 23" [_thread_blocked, id=7504, stack(0x0000007338600000,0x0000007338700000)]
  0x000001f55f54ff60 JavaThread "Unconstrained build operations Thread 24" [_thread_blocked, id=7420, stack(0x0000007338700000,0x0000007338800000)]
  0x000001f55f550470 JavaThread "Unconstrained build operations Thread 25" [_thread_blocked, id=10428, stack(0x0000007338800000,0x0000007338900000)]
  0x000001f55f550980 JavaThread "Unconstrained build operations Thread 26" [_thread_blocked, id=11376, stack(0x0000007338900000,0x0000007338a00000)]
  0x000001f55f5522d0 JavaThread "Unconstrained build operations Thread 27" [_thread_blocked, id=6140, stack(0x0000007338a00000,0x0000007338b00000)]
  0x000001f55f54b370 JavaThread "Unconstrained build operations Thread 28" [_thread_blocked, id=2468, stack(0x0000007338b00000,0x0000007338c00000)]
  0x000001f55f552cf0 JavaThread "Unconstrained build operations Thread 29" [_thread_blocked, id=2112, stack(0x0000007338c00000,0x0000007338d00000)]
  0x000001f55e0db970 JavaThread "Unconstrained build operations Thread 30" [_thread_blocked, id=3468, stack(0x0000007338d00000,0x0000007338e00000)]
  0x000001f55e0dd7d0 JavaThread "Unconstrained build operations Thread 31" [_thread_blocked, id=4740, stack(0x0000007338e00000,0x0000007338f00000)]
  0x000001f55e0db460 JavaThread "Unconstrained build operations Thread 32" [_thread_blocked, id=8652, stack(0x0000007338f00000,0x0000007339000000)]
  0x000001f55e0dcdb0 JavaThread "Unconstrained build operations Thread 33" [_thread_blocked, id=2472, stack(0x0000007339000000,0x0000007339100000)]
  0x000001f55e0de1f0 JavaThread "Unconstrained build operations Thread 34" [_thread_blocked, id=12640, stack(0x0000007339100000,0x0000007339200000)]
  0x000001f55e0dec10 JavaThread "Unconstrained build operations Thread 35" [_thread_blocked, id=13024, stack(0x0000007339200000,0x0000007339300000)]
  0x000001f55e0daf50 JavaThread "Unconstrained build operations Thread 36" [_thread_blocked, id=10164, stack(0x0000007339300000,0x0000007339400000)]
  0x000001f55e0df120 JavaThread "Unconstrained build operations Thread 37" [_thread_blocked, id=1580, stack(0x0000007339400000,0x0000007339500000)]
  0x000001f55e0dfb40 JavaThread "Unconstrained build operations Thread 38" [_thread_blocked, id=2228, stack(0x0000007339500000,0x0000007339600000)]
  0x000001f55e0e0050 JavaThread "Unconstrained build operations Thread 39" [_thread_blocked, id=3740, stack(0x0000007339600000,0x0000007339700000)]
  0x000001f55e0e0f80 JavaThread "Unconstrained build operations Thread 40" [_thread_blocked, id=10584, stack(0x0000007339800000,0x0000007339900000)]

Other Threads:
  0x000001f542bb0ec0 VMThread "VM Thread" [stack: 0x0000007333900000,0x0000007333a00000] [id=10252]
  0x000001f55c1bcf30 WatcherThread [stack: 0x0000007334500000,0x0000007334600000] [id=8288]
  0x000001f5288fc320 GCTaskThread "GC Thread#0" [stack: 0x0000007333400000,0x0000007333500000] [id=2816]
  0x000001f55c252cf0 GCTaskThread "GC Thread#1" [stack: 0x0000007334600000,0x0000007334700000] [id=12840]
  0x000001f55c252fb0 GCTaskThread "GC Thread#2" [stack: 0x0000007334700000,0x0000007334800000] [id=8644]
  0x000001f55c253270 GCTaskThread "GC Thread#3" [stack: 0x0000007334800000,0x0000007334900000] [id=11172]
  0x000001f5289051b0 ConcurrentGCThread "G1 Main Marker" [stack: 0x0000007333500000,0x0000007333600000] [id=6428]
  0x000001f528905ae0 ConcurrentGCThread "G1 Conc#0" [stack: 0x0000007333600000,0x0000007333700000] [id=10284]
  0x000001f52898ca10 ConcurrentGCThread "G1 Refine#0" [stack: 0x0000007333700000,0x0000007333800000] [id=12780]
  0x000001f55f54aad0 ConcurrentGCThread "G1 Refine#1" [stack: 0x0000007336200000,0x0000007336300000] [id=13264]
  0x000001f55f549640 ConcurrentGCThread "G1 Refine#2" [stack: 0x0000007336300000,0x0000007336400000] [id=3172]
  0x000001f55fbdce80 ConcurrentGCThread "G1 Refine#3" [stack: 0x0000007339c00000,0x0000007339d00000] [id=6732]
  0x000001f52898d350 ConcurrentGCThread "G1 Service" [stack: 0x0000007333800000,0x0000007333900000] [id=6148]

Threads with active compile tasks:
C2 CompilerThread0   171970 13318       4       io.spring.gradle.dependencymanagement.org.apache.maven.model.building.DefaultModelBuilder::checkPluginVersions (392 bytes)

VM state: not at safepoint (normal execution)

VM Mutex/Monitor currently owned by a thread: None

Heap address: 0x00000000e0000000, size: 512 MB, Compressed Oops mode: 32-bit

CDS archive(s) mapped at: [0x000001f543000000-0x000001f543bb0000-0x000001f543bb0000), size 12255232, SharedBaseAddress: 0x000001f543000000, ArchiveRelocationMode: 1.
Compressed class space mapped at: 0x000001f544000000-0x000001f558000000, reserved size: 335544320
Narrow klass base: 0x000001f543000000, Narrow klass shift: 0, Narrow klass range: 0x100000000

GC Precious Log:
 CPUs: 4 total, 4 available
 Memory: 7887M
 Large Page Support: Disabled
 NUMA Support: Disabled
 Compressed Oops: Enabled (32-bit)
 Heap Region Size: 1M
 Heap Min Capacity: 256M
 Heap Initial Capacity: 256M
 Heap Max Capacity: 512M
 Pre-touch: Disabled
 Parallel Workers: 4
 Concurrent Workers: 1
 Concurrent Refinement Workers: 4
 Periodic GC: Disabled

Heap:
 garbage-first heap   total 262144K, used 112446K [0x00000000e0000000, 0x0000000100000000)
  region size 1024K, 58 young (59392K), 9 survivors (9216K)
 Metaspace       used 58280K, committed 59008K, reserved 393216K
  class space    used 7900K, committed 8256K, reserved 327680K

Heap Regions: E=young(eden), S=young(survivor), O=old, HS=humongous(starts), HC=humongous(continues), CS=collection set, F=free, OA=open archive, CA=closed archive, TAMS=top-at-mark-start (previous, next)
|   0|0x00000000e0000000, 0x00000000e0100000, 0x00000000e0100000|100%|HS|  |TAMS 0x00000000e0100000, 0x00000000e0000000| Complete 
|   1|0x00000000e0100000, 0x00000000e0200000, 0x00000000e0200000|100%|HC|  |TAMS 0x00000000e0200000, 0x00000000e0100000| Complete 
|   2|0x00000000e0200000, 0x00000000e0300000, 0x00000000e0300000|100%|HC|  |TAMS 0x00000000e0300000, 0x00000000e0200000| Complete 
|   3|0x00000000e0300000, 0x00000000e0400000, 0x00000000e0400000|100%|HC|  |TAMS 0x00000000e0400000, 0x00000000e0300000| Complete 
|   4|0x00000000e0400000, 0x00000000e0500000, 0x00000000e0500000|100%| O|  |TAMS 0x00000000e0500000, 0x00000000e0400000| Untracked 
|   5|0x00000000e0500000, 0x00000000e0600000, 0x00000000e0600000|100%| O|  |TAMS 0x00000000e0600000, 0x00000000e0500000| Untracked 
|   6|0x00000000e0600000, 0x00000000e0700000, 0x00000000e0700000|100%| O|  |TAMS 0x00000000e0700000, 0x00000000e0600000| Untracked 
|   7|0x00000000e0700000, 0x00000000e0800000, 0x00000000e0800000|100%| O|  |TAMS 0x00000000e0800000, 0x00000000e0700000| Untracked 
|   8|0x00000000e0800000, 0x00000000e0900000, 0x00000000e0900000|100%| O|  |TAMS 0x00000000e0800000, 0x00000000e0800000| Untracked 
|   9|0x00000000e0900000, 0x00000000e0a00000, 0x00000000e0a00000|100%| O|  |TAMS 0x00000000e0a00000, 0x00000000e0900000| Untracked 
|  10|0x00000000e0a00000, 0x00000000e0b00000, 0x00000000e0b00000|100%| O|  |TAMS 0x00000000e0b00000, 0x00000000e0a00000| Untracked 
|  11|0x00000000e0b00000, 0x00000000e0c00000, 0x00000000e0c00000|100%|HS|  |TAMS 0x00000000e0c00000, 0x00000000e0b00000| Complete 
|  12|0x00000000e0c00000, 0x00000000e0d00000, 0x00000000e0d00000|100%| O|  |TAMS 0x00000000e0d00000, 0x00000000e0c00000| Untracked 
|  13|0x00000000e0d00000, 0x00000000e0e00000, 0x00000000e0e00000|100%| O|  |TAMS 0x00000000e0e00000, 0x00000000e0d00000| Untracked 
|  14|0x00000000e0e00000, 0x00000000e0f00000, 0x00000000e0f00000|100%| O|  |TAMS 0x00000000e0f00000, 0x00000000e0e00000| Untracked 
|  15|0x00000000e0f00000, 0x00000000e1000000, 0x00000000e1000000|100%| O|  |TAMS 0x00000000e1000000, 0x00000000e0f00000| Untracked 
|  16|0x00000000e1000000, 0x00000000e1100000, 0x00000000e1100000|100%| O|  |TAMS 0x00000000e1100000, 0x00000000e1000000| Untracked 
|  17|0x00000000e1100000, 0x00000000e1200000, 0x00000000e1200000|100%| O|  |TAMS 0x00000000e1200000, 0x00000000e1100000| Untracked 
|  18|0x00000000e1200000, 0x00000000e1300000, 0x00000000e1300000|100%| O|  |TAMS 0x00000000e1300000, 0x00000000e1200000| Untracked 
|  19|0x00000000e1300000, 0x00000000e1400000, 0x00000000e1400000|100%| O|  |TAMS 0x00000000e1400000, 0x00000000e1300000| Untracked 
|  20|0x00000000e1400000, 0x00000000e1500000, 0x00000000e1500000|100%| O|  |TAMS 0x00000000e1500000, 0x00000000e1400000| Untracked 
|  21|0x00000000e1500000, 0x00000000e1600000, 0x00000000e1600000|100%| O|  |TAMS 0x00000000e1600000, 0x00000000e1500000| Untracked 
|  22|0x00000000e1600000, 0x00000000e1700000, 0x00000000e1700000|100%| O|  |TAMS 0x00000000e1700000, 0x00000000e1600000| Untracked 
|  23|0x00000000e1700000, 0x00000000e1800000, 0x00000000e1800000|100%| O|  |TAMS 0x00000000e1800000, 0x00000000e1700000| Untracked 
|  24|0x00000000e1800000, 0x00000000e1900000, 0x00000000e1900000|100%| O|  |TAMS 0x00000000e1900000, 0x00000000e1800000| Untracked 
|  25|0x00000000e1900000, 0x00000000e1a00000, 0x00000000e1a00000|100%| O|  |TAMS 0x00000000e1a00000, 0x00000000e1900000| Untracked 
|  26|0x00000000e1a00000, 0x00000000e1b00000, 0x00000000e1b00000|100%| O|  |TAMS 0x00000000e1b00000, 0x00000000e1a00000| Untracked 
|  27|0x00000000e1b00000, 0x00000000e1c00000, 0x00000000e1c00000|100%| O|  |TAMS 0x00000000e1c00000, 0x00000000e1b00000| Untracked 
|  28|0x00000000e1c00000, 0x00000000e1d00000, 0x00000000e1d00000|100%| O|  |TAMS 0x00000000e1d00000, 0x00000000e1c00000| Untracked 
|  29|0x00000000e1d00000, 0x00000000e1e00000, 0x00000000e1e00000|100%| O|  |TAMS 0x00000000e1e00000, 0x00000000e1d00000| Untracked 
|  30|0x00000000e1e00000, 0x00000000e1f00000, 0x00000000e1f00000|100%| O|  |TAMS 0x00000000e1f00000, 0x00000000e1e00000| Untracked 
|  31|0x00000000e1f00000, 0x00000000e2000000, 0x00000000e2000000|100%| O|  |TAMS 0x00000000e2000000, 0x00000000e1f00000| Untracked 
|  32|0x00000000e2000000, 0x00000000e2100000, 0x00000000e2100000|100%| O|  |TAMS 0x00000000e204be00, 0x00000000e2000000| Untracked 
|  33|0x00000000e2100000, 0x00000000e2200000, 0x00000000e2200000|100%| O|  |TAMS 0x00000000e2100000, 0x00000000e2100000| Untracked 
|  34|0x00000000e2200000, 0x00000000e2300000, 0x00000000e2300000|100%| O|  |TAMS 0x00000000e2200000, 0x00000000e2200000| Untracked 
|  35|0x00000000e2300000, 0x00000000e2400000, 0x00000000e2400000|100%| O|  |TAMS 0x00000000e2300000, 0x00000000e2300000| Untracked 
|  36|0x00000000e2400000, 0x00000000e2500000, 0x00000000e2500000|100%| O|  |TAMS 0x00000000e2400000, 0x00000000e2400000| Untracked 
|  37|0x00000000e2500000, 0x00000000e2600000, 0x00000000e2600000|100%| O|  |TAMS 0x00000000e2500000, 0x00000000e2500000| Untracked 
|  38|0x00000000e2600000, 0x00000000e2700000, 0x00000000e2700000|100%| O|  |TAMS 0x00000000e2600000, 0x00000000e2600000| Untracked 
|  39|0x00000000e2700000, 0x00000000e2800000, 0x00000000e2800000|100%| O|  |TAMS 0x00000000e2700000, 0x00000000e2700000| Untracked 
|  40|0x00000000e2800000, 0x00000000e2900000, 0x00000000e2900000|100%| O|  |TAMS 0x00000000e2800000, 0x00000000e2800000| Untracked 
|  41|0x00000000e2900000, 0x00000000e2a00000, 0x00000000e2a00000|100%| O|  |TAMS 0x00000000e2900000, 0x00000000e2900000| Untracked 
|  42|0x00000000e2a00000, 0x00000000e2b00000, 0x00000000e2b00000|100%| O|  |TAMS 0x00000000e2a00000, 0x00000000e2a00000| Untracked 
|  43|0x00000000e2b00000, 0x00000000e2c00000, 0x00000000e2c00000|100%| O|  |TAMS 0x00000000e2b00000, 0x00000000e2b00000| Untracked 
|  44|0x00000000e2c00000, 0x00000000e2d00000, 0x00000000e2d00000|100%| O|  |TAMS 0x00000000e2c00000, 0x00000000e2c00000| Untracked 
|  45|0x00000000e2d00000, 0x00000000e2e00000, 0x00000000e2e00000|100%| O|  |TAMS 0x00000000e2d00000, 0x00000000e2d00000| Untracked 
|  46|0x00000000e2e00000, 0x00000000e2f00000, 0x00000000e2f00000|100%| O|  |TAMS 0x00000000e2e00000, 0x00000000e2e00000| Untracked 
|  47|0x00000000e2f00000, 0x00000000e3000000, 0x00000000e3000000|100%| O|  |TAMS 0x00000000e2f00000, 0x00000000e2f00000| Untracked 
|  48|0x00000000e3000000, 0x00000000e3100000, 0x00000000e3100000|100%| O|  |TAMS 0x00000000e3000000, 0x00000000e3000000| Untracked 
|  49|0x00000000e3100000, 0x00000000e3200000, 0x00000000e3200000|100%| O|  |TAMS 0x00000000e3100000, 0x00000000e3100000| Untracked 
|  50|0x00000000e3200000, 0x00000000e3300000, 0x00000000e3300000|100%| O|  |TAMS 0x00000000e3200000, 0x00000000e3200000| Untracked 
|  51|0x00000000e3300000, 0x00000000e3400000, 0x00000000e3400000|100%| O|  |TAMS 0x00000000e3300000, 0x00000000e3300000| Untracked 
|  52|0x00000000e3400000, 0x00000000e3500000, 0x00000000e3500000|100%| O|  |TAMS 0x00000000e3400000, 0x00000000e3400000| Untracked 
|  53|0x00000000e3500000, 0x00000000e35ef200, 0x00000000e3600000| 93%| O|  |TAMS 0x00000000e3500000, 0x00000000e3500000| Untracked 
|  54|0x00000000e3600000, 0x00000000e3600000, 0x00000000e3700000|  0%| F|  |TAMS 0x00000000e3600000, 0x00000000e3600000| Untracked 
|  55|0x00000000e3700000, 0x00000000e3700000, 0x00000000e3800000|  0%| F|  |TAMS 0x00000000e3700000, 0x00000000e3700000| Untracked 
|  56|0x00000000e3800000, 0x00000000e3800000, 0x00000000e3900000|  0%| F|  |TAMS 0x00000000e3800000, 0x00000000e3800000| Untracked 
|  57|0x00000000e3900000, 0x00000000e3900000, 0x00000000e3a00000|  0%| F|  |TAMS 0x00000000e3900000, 0x00000000e3900000| Untracked 
|  58|0x00000000e3a00000, 0x00000000e3a00000, 0x00000000e3b00000|  0%| F|  |TAMS 0x00000000e3a00000, 0x00000000e3a00000| Untracked 
|  59|0x00000000e3b00000, 0x00000000e3b00000, 0x00000000e3c00000|  0%| F|  |TAMS 0x00000000e3b00000, 0x00000000e3b00000| Untracked 
|  60|0x00000000e3c00000, 0x00000000e3c00000, 0x00000000e3d00000|  0%| F|  |TAMS 0x00000000e3c00000, 0x00000000e3c00000| Untracked 
|  61|0x00000000e3d00000, 0x00000000e3d00000, 0x00000000e3e00000|  0%| F|  |TAMS 0x00000000e3d00000, 0x00000000e3d00000| Untracked 
|  62|0x00000000e3e00000, 0x00000000e3e00000, 0x00000000e3f00000|  0%| F|  |TAMS 0x00000000e3e00000, 0x00000000e3e00000| Untracked 
|  63|0x00000000e3f00000, 0x00000000e3f00000, 0x00000000e4000000|  0%| F|  |TAMS 0x00000000e3f00000, 0x00000000e3f00000| Untracked 
|  64|0x00000000e4000000, 0x00000000e4000000, 0x00000000e4100000|  0%| F|  |TAMS 0x00000000e4000000, 0x00000000e4000000| Untracked 
|  65|0x00000000e4100000, 0x00000000e4100000, 0x00000000e4200000|  0%| F|  |TAMS 0x00000000e4100000, 0x00000000e4100000| Untracked 
|  66|0x00000000e4200000, 0x00000000e4200000, 0x00000000e4300000|  0%| F|  |TAMS 0x00000000e4200000, 0x00000000e4200000| Untracked 
|  67|0x00000000e4300000, 0x00000000e4300000, 0x00000000e4400000|  0%| F|  |TAMS 0x00000000e4300000, 0x00000000e4300000| Untracked 
|  68|0x00000000e4400000, 0x00000000e4400000, 0x00000000e4500000|  0%| F|  |TAMS 0x00000000e4400000, 0x00000000e4400000| Untracked 
|  69|0x00000000e4500000, 0x00000000e4500000, 0x00000000e4600000|  0%| F|  |TAMS 0x00000000e4500000, 0x00000000e4500000| Untracked 
|  70|0x00000000e4600000, 0x00000000e4600000, 0x00000000e4700000|  0%| F|  |TAMS 0x00000000e4600000, 0x00000000e4600000| Untracked 
|  71|0x00000000e4700000, 0x00000000e4700000, 0x00000000e4800000|  0%| F|  |TAMS 0x00000000e4700000, 0x00000000e4700000| Untracked 
|  72|0x00000000e4800000, 0x00000000e4800000, 0x00000000e4900000|  0%| F|  |TAMS 0x00000000e4800000, 0x00000000e4800000| Untracked 
|  73|0x00000000e4900000, 0x00000000e4900000, 0x00000000e4a00000|  0%| F|  |TAMS 0x00000000e4900000, 0x00000000e4900000| Untracked 
|  74|0x00000000e4a00000, 0x00000000e4a00000, 0x00000000e4b00000|  0%| F|  |TAMS 0x00000000e4a00000, 0x00000000e4a00000| Untracked 
|  75|0x00000000e4b00000, 0x00000000e4b00000, 0x00000000e4c00000|  0%| F|  |TAMS 0x00000000e4b00000, 0x00000000e4b00000| Untracked 
|  76|0x00000000e4c00000, 0x00000000e4c00000, 0x00000000e4d00000|  0%| F|  |TAMS 0x00000000e4c00000, 0x00000000e4c00000| Untracked 
|  77|0x00000000e4d00000, 0x00000000e4d00000, 0x00000000e4e00000|  0%| F|  |TAMS 0x00000000e4d00000, 0x00000000e4d00000| Untracked 
|  78|0x00000000e4e00000, 0x00000000e4e00000, 0x00000000e4f00000|  0%| F|  |TAMS 0x00000000e4e00000, 0x00000000e4e00000| Untracked 
|  79|0x00000000e4f00000, 0x00000000e4f00000, 0x00000000e5000000|  0%| F|  |TAMS 0x00000000e4f00000, 0x00000000e4f00000| Untracked 
|  80|0x00000000e5000000, 0x00000000e5000000, 0x00000000e5100000|  0%| F|  |TAMS 0x00000000e5000000, 0x00000000e5000000| Untracked 
|  81|0x00000000e5100000, 0x00000000e5100000, 0x00000000e5200000|  0%| F|  |TAMS 0x00000000e5100000, 0x00000000e5100000| Untracked 
|  82|0x00000000e5200000, 0x00000000e5200000, 0x00000000e5300000|  0%| F|  |TAMS 0x00000000e5200000, 0x00000000e5200000| Untracked 
|  83|0x00000000e5300000, 0x00000000e5300000, 0x00000000e5400000|  0%| F|  |TAMS 0x00000000e5300000, 0x00000000e5300000| Untracked 
|  84|0x00000000e5400000, 0x00000000e5400000, 0x00000000e5500000|  0%| F|  |TAMS 0x00000000e5400000, 0x00000000e5400000| Untracked 
|  85|0x00000000e5500000, 0x00000000e5500000, 0x00000000e5600000|  0%| F|  |TAMS 0x00000000e5500000, 0x00000000e5500000| Untracked 
|  86|0x00000000e5600000, 0x00000000e5600000, 0x00000000e5700000|  0%| F|  |TAMS 0x00000000e5600000, 0x00000000e5600000| Untracked 
|  87|0x00000000e5700000, 0x00000000e5700000, 0x00000000e5800000|  0%| F|  |TAMS 0x00000000e5700000, 0x00000000e5700000| Untracked 
|  88|0x00000000e5800000, 0x00000000e5800000, 0x00000000e5900000|  0%| F|  |TAMS 0x00000000e5800000, 0x00000000e5800000| Untracked 
|  89|0x00000000e5900000, 0x00000000e5900000, 0x00000000e5a00000|  0%| F|  |TAMS 0x00000000e5900000, 0x00000000e5900000| Untracked 
|  90|0x00000000e5a00000, 0x00000000e5a00000, 0x00000000e5b00000|  0%| F|  |TAMS 0x00000000e5a00000, 0x00000000e5a00000| Untracked 
|  91|0x00000000e5b00000, 0x00000000e5b00000, 0x00000000e5c00000|  0%| F|  |TAMS 0x00000000e5b00000, 0x00000000e5b00000| Untracked 
|  92|0x00000000e5c00000, 0x00000000e5c00000, 0x00000000e5d00000|  0%| F|  |TAMS 0x00000000e5c00000, 0x00000000e5c00000| Untracked 
|  93|0x00000000e5d00000, 0x00000000e5d00000, 0x00000000e5e00000|  0%| F|  |TAMS 0x00000000e5d00000, 0x00000000e5d00000| Untracked 
|  94|0x00000000e5e00000, 0x00000000e5e00000, 0x00000000e5f00000|  0%| F|  |TAMS 0x00000000e5e00000, 0x00000000e5e00000| Untracked 
|  95|0x00000000e5f00000, 0x00000000e5f00000, 0x00000000e6000000|  0%| F|  |TAMS 0x00000000e5f00000, 0x00000000e5f00000| Untracked 
|  96|0x00000000e6000000, 0x00000000e6000000, 0x00000000e6100000|  0%| F|  |TAMS 0x00000000e6000000, 0x00000000e6000000| Untracked 
|  97|0x00000000e6100000, 0x00000000e6100000, 0x00000000e6200000|  0%| F|  |TAMS 0x00000000e6100000, 0x00000000e6100000| Untracked 
|  98|0x00000000e6200000, 0x00000000e62e06a0, 0x00000000e6300000| 87%| S|CS|TAMS 0x00000000e6200000, 0x00000000e6200000| Complete 
|  99|0x00000000e6300000, 0x00000000e6400000, 0x00000000e6400000|100%| S|CS|TAMS 0x00000000e6300000, 0x00000000e6300000| Complete 
| 100|0x00000000e6400000, 0x00000000e6500000, 0x00000000e6500000|100%| S|CS|TAMS 0x00000000e6400000, 0x00000000e6400000| Complete 
| 101|0x00000000e6500000, 0x00000000e6600000, 0x00000000e6600000|100%| S|CS|TAMS 0x00000000e6500000, 0x00000000e6500000| Complete 
| 102|0x00000000e6600000, 0x00000000e6700000, 0x00000000e6700000|100%| S|CS|TAMS 0x00000000e6600000, 0x00000000e6600000| Complete 
| 103|0x00000000e6700000, 0x00000000e6800000, 0x00000000e6800000|100%| S|CS|TAMS 0x00000000e6700000, 0x00000000e6700000| Complete 
| 104|0x00000000e6800000, 0x00000000e6800000, 0x00000000e6900000|  0%| F|  |TAMS 0x00000000e6800000, 0x00000000e6800000| Untracked 
| 105|0x00000000e6900000, 0x00000000e6900000, 0x00000000e6a00000|  0%| F|  |TAMS 0x00000000e6900000, 0x00000000e6900000| Untracked 
| 106|0x00000000e6a00000, 0x00000000e6a00000, 0x00000000e6b00000|  0%| F|  |TAMS 0x00000000e6a00000, 0x00000000e6a00000| Untracked 
| 107|0x00000000e6b00000, 0x00000000e6b00000, 0x00000000e6c00000|  0%| F|  |TAMS 0x00000000e6b00000, 0x00000000e6b00000| Untracked 
| 108|0x00000000e6c00000, 0x00000000e6c00000, 0x00000000e6d00000|  0%| F|  |TAMS 0x00000000e6c00000, 0x00000000e6c00000| Untracked 
| 109|0x00000000e6d00000, 0x00000000e6e00000, 0x00000000e6e00000|100%| S|CS|TAMS 0x00000000e6d00000, 0x00000000e6d00000| Complete 
| 110|0x00000000e6e00000, 0x00000000e6f00000, 0x00000000e6f00000|100%| S|CS|TAMS 0x00000000e6e00000, 0x00000000e6e00000| Complete 
| 111|0x00000000e6f00000, 0x00000000e7000000, 0x00000000e7000000|100%| S|CS|TAMS 0x00000000e6f00000, 0x00000000e6f00000| Complete 
| 112|0x00000000e7000000, 0x00000000e7000000, 0x00000000e7100000|  0%| F|  |TAMS 0x00000000e7000000, 0x00000000e7000000| Untracked 
| 113|0x00000000e7100000, 0x00000000e7100000, 0x00000000e7200000|  0%| F|  |TAMS 0x00000000e7100000, 0x00000000e7100000| Untracked 
| 114|0x00000000e7200000, 0x00000000e7200000, 0x00000000e7300000|  0%| F|  |TAMS 0x00000000e7200000, 0x00000000e7200000| Untracked 
| 115|0x00000000e7300000, 0x00000000e7300000, 0x00000000e7400000|  0%| F|  |TAMS 0x00000000e7300000, 0x00000000e7300000| Untracked 
| 116|0x00000000e7400000, 0x00000000e7400000, 0x00000000e7500000|  0%| F|  |TAMS 0x00000000e7400000, 0x00000000e7400000| Untracked 
| 117|0x00000000e7500000, 0x00000000e7500000, 0x00000000e7600000|  0%| F|  |TAMS 0x00000000e7500000, 0x00000000e7500000| Untracked 
| 118|0x00000000e7600000, 0x00000000e7600000, 0x00000000e7700000|  0%| F|  |TAMS 0x00000000e7600000, 0x00000000e7600000| Untracked 
| 119|0x00000000e7700000, 0x00000000e7700000, 0x00000000e7800000|  0%| F|  |TAMS 0x00000000e7700000, 0x00000000e7700000| Untracked 
| 120|0x00000000e7800000, 0x00000000e7800000, 0x00000000e7900000|  0%| F|  |TAMS 0x00000000e7800000, 0x00000000e7800000| Untracked 
| 121|0x00000000e7900000, 0x00000000e7900000, 0x00000000e7a00000|  0%| F|  |TAMS 0x00000000e7900000, 0x00000000e7900000| Untracked 
| 122|0x00000000e7a00000, 0x00000000e7a00000, 0x00000000e7b00000|  0%| F|  |TAMS 0x00000000e7a00000, 0x00000000e7a00000| Untracked 
| 123|0x00000000e7b00000, 0x00000000e7b00000, 0x00000000e7c00000|  0%| F|  |TAMS 0x00000000e7b00000, 0x00000000e7b00000| Untracked 
| 124|0x00000000e7c00000, 0x00000000e7c00000, 0x00000000e7d00000|  0%| F|  |TAMS 0x00000000e7c00000, 0x00000000e7c00000| Untracked 
| 125|0x00000000e7d00000, 0x00000000e7d00000, 0x00000000e7e00000|  0%| F|  |TAMS 0x00000000e7d00000, 0x00000000e7d00000| Untracked 
| 126|0x00000000e7e00000, 0x00000000e7e00000, 0x00000000e7f00000|  0%| F|  |TAMS 0x00000000e7e00000, 0x00000000e7e00000| Untracked 
| 127|0x00000000e7f00000, 0x00000000e7f00000, 0x00000000e8000000|  0%| F|  |TAMS 0x00000000e7f00000, 0x00000000e7f00000| Untracked 
| 128|0x00000000e8000000, 0x00000000e8000000, 0x00000000e8100000|  0%| F|  |TAMS 0x00000000e8000000, 0x00000000e8000000| Untracked 
| 129|0x00000000e8100000, 0x00000000e8100000, 0x00000000e8200000|  0%| F|  |TAMS 0x00000000e8100000, 0x00000000e8100000| Untracked 
| 130|0x00000000e8200000, 0x00000000e8200000, 0x00000000e8300000|  0%| F|  |TAMS 0x00000000e8200000, 0x00000000e8200000| Untracked 
| 131|0x00000000e8300000, 0x00000000e8300000, 0x00000000e8400000|  0%| F|  |TAMS 0x00000000e8300000, 0x00000000e8300000| Untracked 
| 132|0x00000000e8400000, 0x00000000e8400000, 0x00000000e8500000|  0%| F|  |TAMS 0x00000000e8400000, 0x00000000e8400000| Untracked 
| 133|0x00000000e8500000, 0x00000000e8500000, 0x00000000e8600000|  0%| F|  |TAMS 0x00000000e8500000, 0x00000000e8500000| Untracked 
| 134|0x00000000e8600000, 0x00000000e8600000, 0x00000000e8700000|  0%| F|  |TAMS 0x00000000e8600000, 0x00000000e8600000| Untracked 
| 135|0x00000000e8700000, 0x00000000e8700000, 0x00000000e8800000|  0%| F|  |TAMS 0x00000000e8700000, 0x00000000e8700000| Untracked 
| 136|0x00000000e8800000, 0x00000000e8800000, 0x00000000e8900000|  0%| F|  |TAMS 0x00000000e8800000, 0x00000000e8800000| Untracked 
| 137|0x00000000e8900000, 0x00000000e8900000, 0x00000000e8a00000|  0%| F|  |TAMS 0x00000000e8900000, 0x00000000e8900000| Untracked 
| 138|0x00000000e8a00000, 0x00000000e8a00000, 0x00000000e8b00000|  0%| F|  |TAMS 0x00000000e8a00000, 0x00000000e8a00000| Untracked 
| 139|0x00000000e8b00000, 0x00000000e8b00000, 0x00000000e8c00000|  0%| F|  |TAMS 0x00000000e8b00000, 0x00000000e8b00000| Untracked 
| 140|0x00000000e8c00000, 0x00000000e8c00000, 0x00000000e8d00000|  0%| F|  |TAMS 0x00000000e8c00000, 0x00000000e8c00000| Untracked 
| 141|0x00000000e8d00000, 0x00000000e8d00000, 0x00000000e8e00000|  0%| F|  |TAMS 0x00000000e8d00000, 0x00000000e8d00000| Untracked 
| 142|0x00000000e8e00000, 0x00000000e8e00000, 0x00000000e8f00000|  0%| F|  |TAMS 0x00000000e8e00000, 0x00000000e8e00000| Untracked 
| 143|0x00000000e8f00000, 0x00000000e8f00000, 0x00000000e9000000|  0%| F|  |TAMS 0x00000000e8f00000, 0x00000000e8f00000| Untracked 
| 144|0x00000000e9000000, 0x00000000e9000000, 0x00000000e9100000|  0%| F|  |TAMS 0x00000000e9000000, 0x00000000e9000000| Untracked 
| 145|0x00000000e9100000, 0x00000000e9100000, 0x00000000e9200000|  0%| F|  |TAMS 0x00000000e9100000, 0x00000000e9100000| Untracked 
| 146|0x00000000e9200000, 0x00000000e9200000, 0x00000000e9300000|  0%| F|  |TAMS 0x00000000e9200000, 0x00000000e9200000| Untracked 
| 147|0x00000000e9300000, 0x00000000e9300000, 0x00000000e9400000|  0%| F|  |TAMS 0x00000000e9300000, 0x00000000e9300000| Untracked 
| 148|0x00000000e9400000, 0x00000000e9400000, 0x00000000e9500000|  0%| F|  |TAMS 0x00000000e9400000, 0x00000000e9400000| Untracked 
| 149|0x00000000e9500000, 0x00000000e9500000, 0x00000000e9600000|  0%| F|  |TAMS 0x00000000e9500000, 0x00000000e9500000| Untracked 
| 150|0x00000000e9600000, 0x00000000e9600000, 0x00000000e9700000|  0%| F|  |TAMS 0x00000000e9600000, 0x00000000e9600000| Untracked 
| 151|0x00000000e9700000, 0x00000000e9700000, 0x00000000e9800000|  0%| F|  |TAMS 0x00000000e9700000, 0x00000000e9700000| Untracked 
| 152|0x00000000e9800000, 0x00000000e9800000, 0x00000000e9900000|  0%| F|  |TAMS 0x00000000e9800000, 0x00000000e9800000| Untracked 
| 153|0x00000000e9900000, 0x00000000e9900000, 0x00000000e9a00000|  0%| F|  |TAMS 0x00000000e9900000, 0x00000000e9900000| Untracked 
| 154|0x00000000e9a00000, 0x00000000e9a00000, 0x00000000e9b00000|  0%| F|  |TAMS 0x00000000e9a00000, 0x00000000e9a00000| Untracked 
| 155|0x00000000e9b00000, 0x00000000e9b00000, 0x00000000e9c00000|  0%| F|  |TAMS 0x00000000e9b00000, 0x00000000e9b00000| Untracked 
| 156|0x00000000e9c00000, 0x00000000e9c00000, 0x00000000e9d00000|  0%| F|  |TAMS 0x00000000e9c00000, 0x00000000e9c00000| Untracked 
| 157|0x00000000e9d00000, 0x00000000e9d00000, 0x00000000e9e00000|  0%| F|  |TAMS 0x00000000e9d00000, 0x00000000e9d00000| Untracked 
| 158|0x00000000e9e00000, 0x00000000e9e00000, 0x00000000e9f00000|  0%| F|  |TAMS 0x00000000e9e00000, 0x00000000e9e00000| Untracked 
| 159|0x00000000e9f00000, 0x00000000e9f00000, 0x00000000ea000000|  0%| F|  |TAMS 0x00000000e9f00000, 0x00000000e9f00000| Untracked 
| 160|0x00000000ea000000, 0x00000000ea000000, 0x00000000ea100000|  0%| F|  |TAMS 0x00000000ea000000, 0x00000000ea000000| Untracked 
| 161|0x00000000ea100000, 0x00000000ea100000, 0x00000000ea200000|  0%| F|  |TAMS 0x00000000ea100000, 0x00000000ea100000| Untracked 
| 162|0x00000000ea200000, 0x00000000ea200000, 0x00000000ea300000|  0%| F|  |TAMS 0x00000000ea200000, 0x00000000ea200000| Untracked 
| 163|0x00000000ea300000, 0x00000000ea300000, 0x00000000ea400000|  0%| F|  |TAMS 0x00000000ea300000, 0x00000000ea300000| Untracked 
| 164|0x00000000ea400000, 0x00000000ea400000, 0x00000000ea500000|  0%| F|  |TAMS 0x00000000ea400000, 0x00000000ea400000| Untracked 
| 165|0x00000000ea500000, 0x00000000ea500000, 0x00000000ea600000|  0%| F|  |TAMS 0x00000000ea500000, 0x00000000ea500000| Untracked 
| 166|0x00000000ea600000, 0x00000000ea600000, 0x00000000ea700000|  0%| F|  |TAMS 0x00000000ea600000, 0x00000000ea600000| Untracked 
| 167|0x00000000ea700000, 0x00000000ea700000, 0x00000000ea800000|  0%| F|  |TAMS 0x00000000ea700000, 0x00000000ea700000| Untracked 
| 168|0x00000000ea800000, 0x00000000ea800000, 0x00000000ea900000|  0%| F|  |TAMS 0x00000000ea800000, 0x00000000ea800000| Untracked 
| 169|0x00000000ea900000, 0x00000000ea900000, 0x00000000eaa00000|  0%| F|  |TAMS 0x00000000ea900000, 0x00000000ea900000| Untracked 
| 170|0x00000000eaa00000, 0x00000000eaa00000, 0x00000000eab00000|  0%| F|  |TAMS 0x00000000eaa00000, 0x00000000eaa00000| Untracked 
| 171|0x00000000eab00000, 0x00000000eab00000, 0x00000000eac00000|  0%| F|  |TAMS 0x00000000eab00000, 0x00000000eab00000| Untracked 
| 172|0x00000000eac00000, 0x00000000eac00000, 0x00000000ead00000|  0%| F|  |TAMS 0x00000000eac00000, 0x00000000eac00000| Untracked 
| 173|0x00000000ead00000, 0x00000000ead00000, 0x00000000eae00000|  0%| F|  |TAMS 0x00000000ead00000, 0x00000000ead00000| Untracked 
| 174|0x00000000eae00000, 0x00000000eae00000, 0x00000000eaf00000|  0%| F|  |TAMS 0x00000000eae00000, 0x00000000eae00000| Untracked 
| 175|0x00000000eaf00000, 0x00000000eaf00000, 0x00000000eb000000|  0%| F|  |TAMS 0x00000000eaf00000, 0x00000000eaf00000| Untracked 
| 176|0x00000000eb000000, 0x00000000eb000000, 0x00000000eb100000|  0%| F|  |TAMS 0x00000000eb000000, 0x00000000eb000000| Untracked 
| 177|0x00000000eb100000, 0x00000000eb100000, 0x00000000eb200000|  0%| F|  |TAMS 0x00000000eb100000, 0x00000000eb100000| Untracked 
| 178|0x00000000eb200000, 0x00000000eb200000, 0x00000000eb300000|  0%| F|  |TAMS 0x00000000eb200000, 0x00000000eb200000| Untracked 
| 179|0x00000000eb300000, 0x00000000eb300000, 0x00000000eb400000|  0%| F|  |TAMS 0x00000000eb300000, 0x00000000eb300000| Untracked 
| 180|0x00000000eb400000, 0x00000000eb400000, 0x00000000eb500000|  0%| F|  |TAMS 0x00000000eb400000, 0x00000000eb400000| Untracked 
| 181|0x00000000eb500000, 0x00000000eb500000, 0x00000000eb600000|  0%| F|  |TAMS 0x00000000eb500000, 0x00000000eb500000| Untracked 
| 182|0x00000000eb600000, 0x00000000eb600000, 0x00000000eb700000|  0%| F|  |TAMS 0x00000000eb600000, 0x00000000eb600000| Untracked 
| 183|0x00000000eb700000, 0x00000000eb700000, 0x00000000eb800000|  0%| F|  |TAMS 0x00000000eb700000, 0x00000000eb700000| Untracked 
| 184|0x00000000eb800000, 0x00000000eb800000, 0x00000000eb900000|  0%| F|  |TAMS 0x00000000eb800000, 0x00000000eb800000| Untracked 
| 185|0x00000000eb900000, 0x00000000eb900000, 0x00000000eba00000|  0%| F|  |TAMS 0x00000000eb900000, 0x00000000eb900000| Untracked 
| 186|0x00000000eba00000, 0x00000000eba00000, 0x00000000ebb00000|  0%| F|  |TAMS 0x00000000eba00000, 0x00000000eba00000| Untracked 
| 187|0x00000000ebb00000, 0x00000000ebb00000, 0x00000000ebc00000|  0%| F|  |TAMS 0x00000000ebb00000, 0x00000000ebb00000| Untracked 
| 188|0x00000000ebc00000, 0x00000000ebc00000, 0x00000000ebd00000|  0%| F|  |TAMS 0x00000000ebc00000, 0x00000000ebc00000| Untracked 
| 189|0x00000000ebd00000, 0x00000000ebd00000, 0x00000000ebe00000|  0%| F|  |TAMS 0x00000000ebd00000, 0x00000000ebd00000| Untracked 
| 190|0x00000000ebe00000, 0x00000000ebe00000, 0x00000000ebf00000|  0%| F|  |TAMS 0x00000000ebe00000, 0x00000000ebe00000| Untracked 
| 191|0x00000000ebf00000, 0x00000000ebf00000, 0x00000000ec000000|  0%| F|  |TAMS 0x00000000ebf00000, 0x00000000ebf00000| Untracked 
| 192|0x00000000ec000000, 0x00000000ec000000, 0x00000000ec100000|  0%| F|  |TAMS 0x00000000ec000000, 0x00000000ec000000| Untracked 
| 193|0x00000000ec100000, 0x00000000ec100000, 0x00000000ec200000|  0%| F|  |TAMS 0x00000000ec100000, 0x00000000ec100000| Untracked 
| 194|0x00000000ec200000, 0x00000000ec200000, 0x00000000ec300000|  0%| F|  |TAMS 0x00000000ec200000, 0x00000000ec200000| Untracked 
| 195|0x00000000ec300000, 0x00000000ec300000, 0x00000000ec400000|  0%| F|  |TAMS 0x00000000ec300000, 0x00000000ec300000| Untracked 
| 196|0x00000000ec400000, 0x00000000ec400000, 0x00000000ec500000|  0%| F|  |TAMS 0x00000000ec400000, 0x00000000ec400000| Untracked 
| 197|0x00000000ec500000, 0x00000000ec500000, 0x00000000ec600000|  0%| F|  |TAMS 0x00000000ec500000, 0x00000000ec500000| Untracked 
| 198|0x00000000ec600000, 0x00000000ec600000, 0x00000000ec700000|  0%| F|  |TAMS 0x00000000ec600000, 0x00000000ec600000| Untracked 
| 199|0x00000000ec700000, 0x00000000ec700000, 0x00000000ec800000|  0%| F|  |TAMS 0x00000000ec700000, 0x00000000ec700000| Untracked 
| 200|0x00000000ec800000, 0x00000000ec800000, 0x00000000ec900000|  0%| F|  |TAMS 0x00000000ec800000, 0x00000000ec800000| Untracked 
| 201|0x00000000ec900000, 0x00000000ec900000, 0x00000000eca00000|  0%| F|  |TAMS 0x00000000ec900000, 0x00000000ec900000| Untracked 
| 202|0x00000000eca00000, 0x00000000eca00000, 0x00000000ecb00000|  0%| F|  |TAMS 0x00000000eca00000, 0x00000000eca00000| Untracked 
| 203|0x00000000ecb00000, 0x00000000ecb00000, 0x00000000ecc00000|  0%| F|  |TAMS 0x00000000ecb00000, 0x00000000ecb00000| Untracked 
| 204|0x00000000ecc00000, 0x00000000ecc00000, 0x00000000ecd00000|  0%| F|  |TAMS 0x00000000ecc00000, 0x00000000ecc00000| Untracked 
| 205|0x00000000ecd00000, 0x00000000ecd00000, 0x00000000ece00000|  0%| F|  |TAMS 0x00000000ecd00000, 0x00000000ecd00000| Untracked 
| 206|0x00000000ece00000, 0x00000000ece00000, 0x00000000ecf00000|  0%| F|  |TAMS 0x00000000ece00000, 0x00000000ece00000| Untracked 
| 207|0x00000000ecf00000, 0x00000000ecf8cef8, 0x00000000ed000000| 55%| E|  |TAMS 0x00000000ecf00000, 0x00000000ecf00000| Complete 
| 208|0x00000000ed000000, 0x00000000ed100000, 0x00000000ed100000|100%| E|CS|TAMS 0x00000000ed000000, 0x00000000ed000000| Complete 
| 209|0x00000000ed100000, 0x00000000ed200000, 0x00000000ed200000|100%| E|CS|TAMS 0x00000000ed100000, 0x00000000ed100000| Complete 
| 210|0x00000000ed200000, 0x00000000ed300000, 0x00000000ed300000|100%| E|CS|TAMS 0x00000000ed200000, 0x00000000ed200000| Complete 
| 211|0x00000000ed300000, 0x00000000ed400000, 0x00000000ed400000|100%| E|CS|TAMS 0x00000000ed300000, 0x00000000ed300000| Complete 
| 212|0x00000000ed400000, 0x00000000ed500000, 0x00000000ed500000|100%| E|CS|TAMS 0x00000000ed400000, 0x00000000ed400000| Complete 
| 213|0x00000000ed500000, 0x00000000ed600000, 0x00000000ed600000|100%| E|CS|TAMS 0x00000000ed500000, 0x00000000ed500000| Complete 
| 214|0x00000000ed600000, 0x00000000ed700000, 0x00000000ed700000|100%| E|CS|TAMS 0x00000000ed600000, 0x00000000ed600000| Complete 
| 215|0x00000000ed700000, 0x00000000ed800000, 0x00000000ed800000|100%| E|  |TAMS 0x00000000ed700000, 0x00000000ed700000| Complete 
| 216|0x00000000ed800000, 0x00000000ed900000, 0x00000000ed900000|100%| E|CS|TAMS 0x00000000ed800000, 0x00000000ed800000| Complete 
| 217|0x00000000ed900000, 0x00000000eda00000, 0x00000000eda00000|100%| E|CS|TAMS 0x00000000ed900000, 0x00000000ed900000| Complete 
| 218|0x00000000eda00000, 0x00000000edb00000, 0x00000000edb00000|100%| E|CS|TAMS 0x00000000eda00000, 0x00000000eda00000| Complete 
| 219|0x00000000edb00000, 0x00000000edc00000, 0x00000000edc00000|100%| E|CS|TAMS 0x00000000edb00000, 0x00000000edb00000| Complete 
| 220|0x00000000edc00000, 0x00000000edd00000, 0x00000000edd00000|100%| E|CS|TAMS 0x00000000edc00000, 0x00000000edc00000| Complete 
| 221|0x00000000edd00000, 0x00000000ede00000, 0x00000000ede00000|100%| E|CS|TAMS 0x00000000edd00000, 0x00000000edd00000| Complete 
| 222|0x00000000ede00000, 0x00000000edf00000, 0x00000000edf00000|100%| E|CS|TAMS 0x00000000ede00000, 0x00000000ede00000| Complete 
| 223|0x00000000edf00000, 0x00000000ee000000, 0x00000000ee000000|100%| E|CS|TAMS 0x00000000edf00000, 0x00000000edf00000| Complete 
| 224|0x00000000ee000000, 0x00000000ee100000, 0x00000000ee100000|100%| E|CS|TAMS 0x00000000ee000000, 0x00000000ee000000| Complete 
| 225|0x00000000ee100000, 0x00000000ee200000, 0x00000000ee200000|100%| E|CS|TAMS 0x00000000ee100000, 0x00000000ee100000| Complete 
| 226|0x00000000ee200000, 0x00000000ee300000, 0x00000000ee300000|100%| E|CS|TAMS 0x00000000ee200000, 0x00000000ee200000| Complete 
| 227|0x00000000ee300000, 0x00000000ee400000, 0x00000000ee400000|100%| E|CS|TAMS 0x00000000ee300000, 0x00000000ee300000| Complete 
| 228|0x00000000ee400000, 0x00000000ee500000, 0x00000000ee500000|100%| E|CS|TAMS 0x00000000ee400000, 0x00000000ee400000| Complete 
| 229|0x00000000ee500000, 0x00000000ee600000, 0x00000000ee600000|100%| E|CS|TAMS 0x00000000ee500000, 0x00000000ee500000| Complete 
| 230|0x00000000ee600000, 0x00000000ee700000, 0x00000000ee700000|100%| E|CS|TAMS 0x00000000ee600000, 0x00000000ee600000| Complete 
| 231|0x00000000ee700000, 0x00000000ee800000, 0x00000000ee800000|100%| E|CS|TAMS 0x00000000ee700000, 0x00000000ee700000| Complete 
| 232|0x00000000ee800000, 0x00000000ee900000, 0x00000000ee900000|100%| E|CS|TAMS 0x00000000ee800000, 0x00000000ee800000| Complete 
| 233|0x00000000ee900000, 0x00000000eea00000, 0x00000000eea00000|100%| E|CS|TAMS 0x00000000ee900000, 0x00000000ee900000| Complete 
| 234|0x00000000eea00000, 0x00000000eeb00000, 0x00000000eeb00000|100%| E|CS|TAMS 0x00000000eea00000, 0x00000000eea00000| Complete 
| 235|0x00000000eeb00000, 0x00000000eec00000, 0x00000000eec00000|100%| E|CS|TAMS 0x00000000eeb00000, 0x00000000eeb00000| Complete 
| 236|0x00000000eec00000, 0x00000000eed00000, 0x00000000eed00000|100%| E|CS|TAMS 0x00000000eec00000, 0x00000000eec00000| Complete 
| 237|0x00000000eed00000, 0x00000000eee00000, 0x00000000eee00000|100%| E|CS|TAMS 0x00000000eed00000, 0x00000000eed00000| Complete 
| 238|0x00000000eee00000, 0x00000000eef00000, 0x00000000eef00000|100%| E|CS|TAMS 0x00000000eee00000, 0x00000000eee00000| Complete 
| 239|0x00000000eef00000, 0x00000000ef000000, 0x00000000ef000000|100%| E|CS|TAMS 0x00000000eef00000, 0x00000000eef00000| Complete 
| 240|0x00000000ef000000, 0x00000000ef100000, 0x00000000ef100000|100%| E|CS|TAMS 0x00000000ef000000, 0x00000000ef000000| Complete 
| 241|0x00000000ef100000, 0x00000000ef200000, 0x00000000ef200000|100%| E|CS|TAMS 0x00000000ef100000, 0x00000000ef100000| Complete 
| 242|0x00000000ef200000, 0x00000000ef300000, 0x00000000ef300000|100%| E|CS|TAMS 0x00000000ef200000, 0x00000000ef200000| Complete 
| 243|0x00000000ef300000, 0x00000000ef400000, 0x00000000ef400000|100%| E|CS|TAMS 0x00000000ef300000, 0x00000000ef300000| Complete 
| 244|0x00000000ef400000, 0x00000000ef500000, 0x00000000ef500000|100%| E|CS|TAMS 0x00000000ef400000, 0x00000000ef400000| Complete 
| 245|0x00000000ef500000, 0x00000000ef600000, 0x00000000ef600000|100%| E|CS|TAMS 0x00000000ef500000, 0x00000000ef500000| Complete 
| 246|0x00000000ef600000, 0x00000000ef700000, 0x00000000ef700000|100%| E|CS|TAMS 0x00000000ef600000, 0x00000000ef600000| Complete 
| 247|0x00000000ef700000, 0x00000000ef800000, 0x00000000ef800000|100%| E|CS|TAMS 0x00000000ef700000, 0x00000000ef700000| Complete 
| 248|0x00000000ef800000, 0x00000000ef900000, 0x00000000ef900000|100%| E|CS|TAMS 0x00000000ef800000, 0x00000000ef800000| Complete 
| 249|0x00000000ef900000, 0x00000000efa00000, 0x00000000efa00000|100%| E|CS|TAMS 0x00000000ef900000, 0x00000000ef900000| Complete 
| 250|0x00000000efa00000, 0x00000000efb00000, 0x00000000efb00000|100%| E|CS|TAMS 0x00000000efa00000, 0x00000000efa00000| Complete 
| 251|0x00000000efb00000, 0x00000000efc00000, 0x00000000efc00000|100%| E|CS|TAMS 0x00000000efb00000, 0x00000000efb00000| Complete 
| 252|0x00000000efc00000, 0x00000000efd00000, 0x00000000efd00000|100%| E|CS|TAMS 0x00000000efc00000, 0x00000000efc00000| Complete 
| 253|0x00000000efd00000, 0x00000000efe00000, 0x00000000efe00000|100%| E|CS|TAMS 0x00000000efd00000, 0x00000000efd00000| Complete 
| 254|0x00000000efe00000, 0x00000000eff00000, 0x00000000eff00000|100%| E|CS|TAMS 0x00000000efe00000, 0x00000000efe00000| Complete 
| 255|0x00000000eff00000, 0x00000000f0000000, 0x00000000f0000000|100%| E|CS|TAMS 0x00000000eff00000, 0x00000000eff00000| Complete 

Card table byte_map: [0x000001f53f3f0000,0x000001f53f4f0000] _byte_map_base: 0x000001f53ecf0000

Marking Bits (Prev, Next): (CMBitMap*) 0x000001f5288fe870, (CMBitMap*) 0x000001f5288fe8b0
 Prev Bits: [0x000001f53f5f0000, 0x000001f53fdf0000)
 Next Bits: [0x000001f53fdf0000, 0x000001f5405f0000)

Polling page: 0x000001f528090000

Metaspace:

Usage:
  Non-class:     49.20 MB used.
      Class:      7.72 MB used.
       Both:     56.91 MB used.

Virtual space:
  Non-class space:       64.00 MB reserved,      49.56 MB ( 77%) committed,  1 nodes.
      Class space:      320.00 MB reserved,       8.06 MB (  3%) committed,  1 nodes.
             Both:      384.00 MB reserved,      57.62 MB ( 15%) committed. 

Chunk freelists:
   Non-Class:  13.91 MB
       Class:  7.87 MB
        Both:  21.78 MB

MaxMetaspaceSize: 384.00 MB
CompressedClassSpaceSize: 320.00 MB
Initial GC threshold: 21.00 MB
Current GC threshold: 59.50 MB
CDS: on
MetaspaceReclaimPolicy: balanced
 - commit_granule_bytes: 65536.
 - commit_granule_words: 8192.
 - virtual_space_node_default_size: 8388608.
 - enlarge_chunks_in_place: 1.
 - new_chunks_are_fully_committed: 0.
 - uncommit_free_chunks: 1.
 - use_allocation_guard: 0.
 - handle_deallocations: 1.


Internal statistics:

num_allocs_failed_limit: 9.
num_arena_births: 862.
num_arena_deaths: 0.
num_vsnodes_births: 2.
num_vsnodes_deaths: 0.
num_space_committed: 922.
num_space_uncommitted: 0.
num_chunks_returned_to_freelist: 9.
num_chunks_taken_from_freelist: 3403.
num_chunk_merges: 6.
num_chunk_splits: 2115.
num_chunks_enlarged: 1283.
num_inconsistent_stats: 0.

CodeHeap 'non-profiled nmethods': size=120000Kb used=8396Kb max_used=8396Kb free=111604Kb
 bounds [0x000001f537ec0000, 0x000001f538700000, 0x000001f53f3f0000]
CodeHeap 'profiled nmethods': size=120000Kb used=23719Kb max_used=23719Kb free=96280Kb
 bounds [0x000001f5303f0000, 0x000001f531b20000, 0x000001f537920000]
CodeHeap 'non-nmethods': size=5760Kb used=2329Kb max_used=2393Kb free=3430Kb
 bounds [0x000001f537920000, 0x000001f537b90000, 0x000001f537ec0000]
 total_blobs=12568 nmethods=11725 adapters=754
 compilation: enabled
              stopped_count=0, restarted_count=0
 full_count=0

Compilation events (20 events):
Event: 171.459 Thread 0x000001f542bd0260 nmethod 13308 0x000001f5386f1b10 code [0x000001f5386f1c80, 0x000001f5386f1d38]
Event: 171.463 Thread 0x000001f542bd0260 13309       4       org.gradle.internal.logging.events.ProgressCompleteEvent::<init> (27 bytes)
Event: 171.466 Thread 0x000001f542bd0260 nmethod 13309 0x000001f5386f1e10 code [0x000001f5386f1f80, 0x000001f5386f21b8]
Event: 171.466 Thread 0x000001f542c2bb40 13310       3       org.gradle.internal.work.DefaultWorkerLeaseService::acquireLocksWithoutWorkerLeaseWhileBlocked (22 bytes)
Event: 171.467 Thread 0x000001f542c2bb40 nmethod 13310 0x000001f531b18090 code [0x000001f531b18260, 0x000001f531b18658]
Event: 171.467 Thread 0x000001f542c2bb40 13311       3       org.gradle.internal.resources.DefaultResourceLockCoordinationService::tryLock (10 bytes)
Event: 171.467 Thread 0x000001f542c2bb40 nmethod 13311 0x000001f531b18810 code [0x000001f531b189c0, 0x000001f531b18c18]
Event: 171.467 Thread 0x000001f542c2bb40 13312       3       org.gradle.internal.resources.DefaultResourceLockCoordinationService$AcquireLocks::<init> (15 bytes)
Event: 171.467 Thread 0x000001f542c2bb40 nmethod 13312 0x000001f531b18d10 code [0x000001f531b18ea0, 0x000001f531b19078]
Event: 171.473 Thread 0x000001f542bd0260 13313       4       org.gradle.internal.logging.services.ProgressLoggingBridge::completed (11 bytes)
Event: 171.475 Thread 0x000001f542c2bb40 13314       3       org.gradle.internal.work.DefaultWorkerLeaseService::releaseLocks (15 bytes)
Event: 171.476 Thread 0x000001f542c2bb40 nmethod 13314 0x000001f531b19110 code [0x000001f531b192e0, 0x000001f531b19648]
Event: 171.476 Thread 0x000001f542c2bb40 13315       3       org.gradle.internal.resources.DefaultResourceLockCoordinationService::unlock (9 bytes)
Event: 171.476 Thread 0x000001f542c2bb40 nmethod 13315 0x000001f531b19810 code [0x000001f531b199c0, 0x000001f531b19c18]
Event: 171.476 Thread 0x000001f542c2bb40 13316       3       org.gradle.internal.resources.DefaultResourceLockCoordinationService$ReleaseLocks::transform (9 bytes)
Event: 171.476 Thread 0x000001f542c2bb40 nmethod 13316 0x000001f531b19d10 code [0x000001f531b19ec0, 0x000001f531b1a128]
Event: 171.477 Thread 0x000001f542bd0260 nmethod 13313 0x000001f5386f2210 code [0x000001f5386f23c0, 0x000001f5386f25c8]
Event: 171.547 Thread 0x000001f542bd0260 13317       4       org.gradle.internal.component.external.model.GradleDependencyMetadata::<init> (30 bytes)
Event: 171.554 Thread 0x000001f542bd0260 nmethod 13317 0x000001f5386f2910 code [0x000001f5386f2a80, 0x000001f5386f2ef8]
Event: 171.567 Thread 0x000001f542bd0260 13318       4       io.spring.gradle.dependencymanagement.org.apache.maven.model.building.DefaultModelBuilder::checkPluginVersions (392 bytes)

GC Heap History (20 events):
Event: 28.671 GC heap before
{Heap before GC invocations=5 (full 0):
 garbage-first heap   total 262144K, used 143674K [0x00000000e0000000, 0x0000000100000000)
  region size 1024K, 126 young (129024K), 12 survivors (12288K)
 Metaspace       used 35610K, committed 35968K, reserved 393216K
  class space    used 4935K, committed 5056K, reserved 327680K
}
Event: 28.697 GC heap after
{Heap after GC invocations=6 (full 0):
 garbage-first heap   total 262144K, used 33137K [0x00000000e0000000, 0x0000000100000000)
  region size 1024K, 10 young (10240K), 10 survivors (10240K)
 Metaspace       used 35610K, committed 35968K, reserved 393216K
  class space    used 4935K, committed 5056K, reserved 327680K
}
Event: 28.792 GC heap before
{Heap before GC invocations=6 (full 0):
 garbage-first heap   total 262144K, used 35185K [0x00000000e0000000, 0x0000000100000000)
  region size 1024K, 12 young (12288K), 10 survivors (10240K)
 Metaspace       used 35802K, committed 36224K, reserved 393216K
  class space    used 4966K, committed 5120K, reserved 327680K
}
Event: 28.806 GC heap after
{Heap after GC invocations=7 (full 0):
 garbage-first heap   total 262144K, used 33475K [0x00000000e0000000, 0x0000000100000000)
  region size 1024K, 2 young (2048K), 2 survivors (2048K)
 Metaspace       used 35802K, committed 36224K, reserved 393216K
  class space    used 4966K, committed 5120K, reserved 327680K
}
Event: 28.836 GC heap before
{Heap before GC invocations=7 (full 0):
 garbage-first heap   total 262144K, used 34499K [0x00000000e0000000, 0x0000000100000000)
  region size 1024K, 4 young (4096K), 2 survivors (2048K)
 Metaspace       used 35940K, committed 36288K, reserved 393216K
  class space    used 4992K, committed 5120K, reserved 327680K
}
Event: 28.839 GC heap after
{Heap after GC invocations=8 (full 0):
 garbage-first heap   total 262144K, used 32470K [0x00000000e0000000, 0x0000000100000000)
  region size 1024K, 1 young (1024K), 1 survivors (1024K)
 Metaspace       used 35940K, committed 36288K, reserved 393216K
  class space    used 4992K, committed 5120K, reserved 327680K
}
Event: 35.763 GC heap before
{Heap before GC invocations=9 (full 0):
 garbage-first heap   total 262144K, used 189142K [0x00000000e0000000, 0x0000000100000000)
  region size 1024K, 153 young (156672K), 1 survivors (1024K)
 Metaspace       used 48792K, committed 49280K, reserved 393216K
  class space    used 6920K, committed 7168K, reserved 327680K
}
Event: 35.781 GC heap after
{Heap after GC invocations=10 (full 0):
 garbage-first heap   total 262144K, used 42386K [0x00000000e0000000, 0x0000000100000000)
  region size 1024K, 11 young (11264K), 11 survivors (11264K)
 Metaspace       used 48792K, committed 49280K, reserved 393216K
  class space    used 6920K, committed 7168K, reserved 327680K
}
Event: 42.308 GC heap before
{Heap before GC invocations=10 (full 0):
 garbage-first heap   total 262144K, used 186770K [0x00000000e0000000, 0x0000000100000000)
  region size 1024K, 153 young (156672K), 11 survivors (11264K)
 Metaspace       used 54978K, committed 55488K, reserved 393216K
  class space    used 7669K, committed 7936K, reserved 327680K
}
Event: 42.340 GC heap after
{Heap after GC invocations=11 (full 0):
 garbage-first heap   total 262144K, used 53098K [0x00000000e0000000, 0x0000000100000000)
  region size 1024K, 20 young (20480K), 20 survivors (20480K)
 Metaspace       used 54978K, committed 55488K, reserved 393216K
  class space    used 7669K, committed 7936K, reserved 327680K
}
Event: 114.388 GC heap before
{Heap before GC invocations=11 (full 0):
 garbage-first heap   total 262144K, used 188266K [0x00000000e0000000, 0x0000000100000000)
  region size 1024K, 153 young (156672K), 20 survivors (20480K)
 Metaspace       used 56869K, committed 57408K, reserved 393216K
  class space    used 7854K, committed 8128K, reserved 327680K
}
Event: 114.421 GC heap after
{Heap after GC invocations=12 (full 0):
 garbage-first heap   total 262144K, used 56914K [0x00000000e0000000, 0x0000000100000000)
  region size 1024K, 6 young (6144K), 6 survivors (6144K)
 Metaspace       used 56869K, committed 57408K, reserved 393216K
  class space    used 7854K, committed 8128K, reserved 327680K
}
Event: 121.180 GC heap before
{Heap before GC invocations=12 (full 0):
 garbage-first heap   total 262144K, used 205394K [0x00000000e0000000, 0x0000000100000000)
  region size 1024K, 152 young (155648K), 6 survivors (6144K)
 Metaspace       used 57389K, committed 57920K, reserved 393216K
  class space    used 7858K, committed 8128K, reserved 327680K
}
Event: 121.206 GC heap after
{Heap after GC invocations=13 (full 0):
 garbage-first heap   total 262144K, used 67945K [0x00000000e0000000, 0x0000000100000000)
  region size 1024K, 17 young (17408K), 17 survivors (17408K)
 Metaspace       used 57389K, committed 57920K, reserved 393216K
  class space    used 7858K, committed 8128K, reserved 327680K
}
Event: 130.976 GC heap before
{Heap before GC invocations=13 (full 0):
 garbage-first heap   total 262144K, used 204137K [0x00000000e0000000, 0x0000000100000000)
  region size 1024K, 151 young (154624K), 17 survivors (17408K)
 Metaspace       used 57859K, committed 58496K, reserved 393216K
  class space    used 7891K, committed 8192K, reserved 327680K
}
Event: 130.998 GC heap after
{Heap after GC invocations=14 (full 0):
 garbage-first heap   total 262144K, used 65450K [0x00000000e0000000, 0x0000000100000000)
  region size 1024K, 11 young (11264K), 11 survivors (11264K)
 Metaspace       used 57859K, committed 58496K, reserved 393216K
  class space    used 7891K, committed 8192K, reserved 327680K
}
Event: 147.558 GC heap before
{Heap before GC invocations=14 (full 0):
 garbage-first heap   total 262144K, used 203690K [0x00000000e0000000, 0x0000000100000000)
  region size 1024K, 147 young (150528K), 11 survivors (11264K)
 Metaspace       used 58098K, committed 58752K, reserved 393216K
  class space    used 7896K, committed 8192K, reserved 327680K
}
Event: 147.567 GC heap after
{Heap after GC invocations=15 (full 0):
 garbage-first heap   total 262144K, used 60348K [0x00000000e0000000, 0x0000000100000000)
  region size 1024K, 5 young (5120K), 5 survivors (5120K)
 Metaspace       used 58098K, committed 58752K, reserved 393216K
  class space    used 7896K, committed 8192K, reserved 327680K
}
Event: 157.456 GC heap before
{Heap before GC invocations=15 (full 0):
 garbage-first heap   total 262144K, used 206780K [0x00000000e0000000, 0x0000000100000000)
  region size 1024K, 149 young (152576K), 5 survivors (5120K)
 Metaspace       used 58173K, committed 58816K, reserved 393216K
  class space    used 7898K, committed 8192K, reserved 327680K
}
Event: 157.472 GC heap after
{Heap after GC invocations=16 (full 0):
 garbage-first heap   total 262144K, used 64318K [0x00000000e0000000, 0x0000000100000000)
  region size 1024K, 9 young (9216K), 9 survivors (9216K)
 Metaspace       used 58173K, committed 58816K, reserved 393216K
  class space    used 7898K, committed 8192K, reserved 327680K
}

Dll operation events (15 events):
Event: 0.047 Loaded shared library C:\Users\Giang\.jdks\corretto-17.0.10\bin\java.dll
Event: 0.332 Loaded shared library C:\Users\Giang\.jdks\corretto-17.0.10\bin\jsvml.dll
Event: 0.552 Loaded shared library C:\Users\Giang\.jdks\corretto-17.0.10\bin\zip.dll
Event: 0.556 Loaded shared library C:\Users\Giang\.jdks\corretto-17.0.10\bin\instrument.dll
Event: 0.562 Loaded shared library C:\Users\Giang\.jdks\corretto-17.0.10\bin\net.dll
Event: 0.565 Loaded shared library C:\Users\Giang\.jdks\corretto-17.0.10\bin\nio.dll
Event: 0.571 Loaded shared library C:\Users\Giang\.jdks\corretto-17.0.10\bin\zip.dll
Event: 2.345 Loaded shared library C:\Users\Giang\.jdks\corretto-17.0.10\bin\jimage.dll
Event: 2.890 Loaded shared library C:\Users\Giang\.jdks\corretto-17.0.10\bin\verify.dll
Event: 3.475 Loaded shared library C:\Users\Giang\.gradle\native\c067742578af261105cb4f569cf0c3c89f3d7b1fecec35dd04571415982c5e48\windows-amd64\native-platform.dll
Event: 3.482 Loaded shared library C:\Users\Giang\.gradle\native\100fb08df4bc3b14c8652ba06237920a3bd2aa13389f12d3474272988ae205f9\windows-amd64\native-platform-file-events.dll
Event: 10.105 Loaded shared library C:\Users\Giang\.jdks\corretto-17.0.10\bin\management.dll
Event: 10.108 Loaded shared library C:\Users\Giang\.jdks\corretto-17.0.10\bin\management_ext.dll
Event: 12.010 Loaded shared library C:\Users\Giang\.jdks\corretto-17.0.10\bin\extnet.dll
Event: 13.655 Loaded shared library C:\Users\Giang\.jdks\corretto-17.0.10\bin\sunmscapi.dll

Deoptimization events (20 events):
Event: 158.599 Thread 0x000001f55f54c7b0 Uncommon trap: trap_request=0xffffffc6 fr.pc=0x000001f5381d4690 relative=0x0000000000000170
Event: 158.599 Thread 0x000001f55f54c7b0 Uncommon trap: reason=bimorphic_or_optimized_type_check action=maybe_recompile pc=0x000001f5381d4690 method=com.google.common.collect.RegularImmutableMap.get(Ljava/lang/Object;[Lcom/google/common/collect/ImmutableMapEntry;I)Ljava/lang/Object; @ 54 c2
Event: 158.599 Thread 0x000001f55f54c7b0 DEOPT PACKING pc=0x000001f5381d4690 sp=0x0000007336dfb9d0
Event: 158.599 Thread 0x000001f55f54c7b0 DEOPT UNPACKING pc=0x000001f5379769a3 sp=0x0000007336dfb968 mode 2
Event: 158.599 Thread 0x000001f55f54c7b0 Uncommon trap: trap_request=0xffffffc6 fr.pc=0x000001f5381d4690 relative=0x0000000000000170
Event: 158.599 Thread 0x000001f55f54c7b0 Uncommon trap: reason=bimorphic_or_optimized_type_check action=maybe_recompile pc=0x000001f5381d4690 method=com.google.common.collect.RegularImmutableMap.get(Ljava/lang/Object;[Lcom/google/common/collect/ImmutableMapEntry;I)Ljava/lang/Object; @ 54 c2
Event: 158.599 Thread 0x000001f55f54c7b0 DEOPT PACKING pc=0x000001f5381d4690 sp=0x0000007336dfb9c0
Event: 158.599 Thread 0x000001f55f54c7b0 DEOPT UNPACKING pc=0x000001f5379769a3 sp=0x0000007336dfb958 mode 2
Event: 166.399 Thread 0x000001f55e0dc8a0 DEOPT PACKING pc=0x000001f5307d27ee sp=0x00000073331fdd60
Event: 166.399 Thread 0x000001f55e0dc8a0 DEOPT UNPACKING pc=0x000001f537977143 sp=0x00000073331fd2a8 mode 0
Event: 167.197 Thread 0x000001f55e0de700 Uncommon trap: trap_request=0xffffffc6 fr.pc=0x000001f537f65e74 relative=0x0000000000000794
Event: 167.197 Thread 0x000001f55e0de700 Uncommon trap: reason=bimorphic_or_optimized_type_check action=maybe_recompile pc=0x000001f537f65e74 method=java.util.stream.MatchOps$MatchOp.evaluateSequential(Ljava/util/stream/PipelineHelper;Ljava/util/Spliterator;)Ljava/lang/Boolean; @ 14 c2
Event: 167.197 Thread 0x000001f55e0de700 DEOPT PACKING pc=0x000001f537f65e74 sp=0x0000007334dfb8f0
Event: 167.197 Thread 0x000001f55e0de700 DEOPT UNPACKING pc=0x000001f5379769a3 sp=0x0000007334dfb828 mode 2
Event: 167.743 Thread 0x000001f55e0de700 DEOPT PACKING pc=0x000001f530ef83ba sp=0x0000007334dfab20
Event: 167.744 Thread 0x000001f55e0de700 DEOPT UNPACKING pc=0x000001f537977143 sp=0x0000007334dfa058 mode 0
Event: 168.848 Thread 0x000001f560e55b30 Uncommon trap: trap_request=0xffffffdc fr.pc=0x000001f5386bd460 relative=0x0000000000000240
Event: 168.848 Thread 0x000001f560e55b30 Uncommon trap: reason=class_check action=make_not_entrant pc=0x000001f5386bd460 method=java.util.ArrayDeque.toArray(Ljava/lang/Class;)[Ljava/lang/Object; @ 45 c2
Event: 168.848 Thread 0x000001f560e55b30 DEOPT PACKING pc=0x000001f5386bd460 sp=0x0000007336efa160
Event: 168.848 Thread 0x000001f560e55b30 DEOPT UNPACKING pc=0x000001f5379769a3 sp=0x0000007336efa100 mode 2

Classes unloaded (0 events):
No events

Classes redefined (0 events):
No events

Internal exceptions (20 events):
Event: 127.192 Thread 0x000001f55e0de700 Exception <a 'sun/nio/fs/WindowsException'{0x00000000ed7aab98}> (0x00000000ed7aab98) 
thrown [s\src\hotspot\share\prims\jni.cpp, line 516]
Event: 127.192 Thread 0x000001f55e0de700 Exception <a 'sun/nio/fs/WindowsException'{0x00000000ed7ac100}> (0x00000000ed7ac100) 
thrown [s\src\hotspot\share\prims\jni.cpp, line 516]
Event: 127.385 Thread 0x000001f55e0de700 Exception <a 'java/lang/NoClassDefFoundError'{0x00000000ed2d1b60}: org/jetbrains/kotlin/gradle/plugin/KotlinPluginWrapper> (0x00000000ed2d1b60) 
thrown [s\src\hotspot\share\oops\constantPool.cpp, line 835]
Event: 127.385 Thread 0x000001f55e0de700 Exception <a 'java/lang/NoClassDefFoundError'{0x00000000ed2d3c58}: org/graalvm/buildtools/gradle/NativeImagePlugin> (0x00000000ed2d3c58) 
thrown [s\src\hotspot\share\oops\constantPool.cpp, line 835]
Event: 127.385 Thread 0x000001f55e0de700 Exception <a 'java/lang/NoClassDefFoundError'{0x00000000ed2d5d40}: org/cyclonedx/gradle/CycloneDxPlugin> (0x00000000ed2d5d40) 
thrown [s\src\hotspot\share\oops\constantPool.cpp, line 835]
Event: 140.336 Thread 0x000001f55e0de700 Implicit null exception at 0x000001f5384a802c to 0x000001f5384a8074
Event: 140.973 Thread 0x000001f55e0de700 Exception <a 'sun/nio/fs/WindowsException'{0x00000000e9d80898}> (0x00000000e9d80898) 
thrown [s\src\hotspot\share\prims\jni.cpp, line 516]
Event: 140.975 Thread 0x000001f55e0de700 Exception <a 'sun/nio/fs/WindowsException'{0x00000000e9d81e20}> (0x00000000e9d81e20) 
thrown [s\src\hotspot\share\prims\jni.cpp, line 516]
Event: 140.976 Thread 0x000001f55e0de700 Exception <a 'sun/nio/fs/WindowsException'{0x00000000e9d833a8}> (0x00000000e9d833a8) 
thrown [s\src\hotspot\share\prims\jni.cpp, line 516]
Event: 140.976 Thread 0x000001f55e0de700 Exception <a 'sun/nio/fs/WindowsException'{0x00000000e9d84910}> (0x00000000e9d84910) 
thrown [s\src\hotspot\share\prims\jni.cpp, line 516]
Event: 142.024 Thread 0x000001f55e0de700 Exception <a 'java/lang/NoClassDefFoundError'{0x00000000e97667b0}: org/jetbrains/kotlin/gradle/plugin/KotlinPluginWrapper> (0x00000000e97667b0) 
thrown [s\src\hotspot\share\oops\constantPool.cpp, line 835]
Event: 142.024 Thread 0x000001f55e0de700 Exception <a 'java/lang/NoClassDefFoundError'{0x00000000e97688a8}: org/graalvm/buildtools/gradle/NativeImagePlugin> (0x00000000e97688a8) 
thrown [s\src\hotspot\share\oops\constantPool.cpp, line 835]
Event: 142.024 Thread 0x000001f55e0de700 Exception <a 'java/lang/NoClassDefFoundError'{0x00000000e976a990}: org/cyclonedx/gradle/CycloneDxPlugin> (0x00000000e976a990) 
thrown [s\src\hotspot\share\oops\constantPool.cpp, line 835]
Event: 167.736 Thread 0x000001f55e0de700 Exception <a 'sun/nio/fs/WindowsException'{0x00000000ef2da4d8}> (0x00000000ef2da4d8) 
thrown [s\src\hotspot\share\prims\jni.cpp, line 516]
Event: 167.737 Thread 0x000001f55e0de700 Exception <a 'sun/nio/fs/WindowsException'{0x00000000ef2dde88}> (0x00000000ef2dde88) 
thrown [s\src\hotspot\share\prims\jni.cpp, line 516]
Event: 167.739 Thread 0x000001f55e0de700 Exception <a 'sun/nio/fs/WindowsException'{0x00000000ef2df510}> (0x00000000ef2df510) 
thrown [s\src\hotspot\share\prims\jni.cpp, line 516]
Event: 167.742 Thread 0x000001f55e0de700 Exception <a 'sun/nio/fs/WindowsException'{0x00000000ef2e0a78}> (0x00000000ef2e0a78) 
thrown [s\src\hotspot\share\prims\jni.cpp, line 516]
Event: 168.636 Thread 0x000001f55e0de700 Exception <a 'java/lang/NoClassDefFoundError'{0x00000000eec84fa0}: org/jetbrains/kotlin/gradle/plugin/KotlinPluginWrapper> (0x00000000eec84fa0) 
thrown [s\src\hotspot\share\oops\constantPool.cpp, line 835]
Event: 168.636 Thread 0x000001f55e0de700 Exception <a 'java/lang/NoClassDefFoundError'{0x00000000eec87098}: org/graalvm/buildtools/gradle/NativeImagePlugin> (0x00000000eec87098) 
thrown [s\src\hotspot\share\oops\constantPool.cpp, line 835]
Event: 168.636 Thread 0x000001f55e0de700 Exception <a 'java/lang/NoClassDefFoundError'{0x00000000eec89180}: org/cyclonedx/gradle/CycloneDxPlugin> (0x00000000eec89180) 
thrown [s\src\hotspot\share\oops\constantPool.cpp, line 835]

VM Operations (20 events):
Event: 157.216 Executing VM operation: Cleanup
Event: 157.248 Executing VM operation: Cleanup done
Event: 157.456 Executing VM operation: G1CollectForAllocation
Event: 157.472 Executing VM operation: G1CollectForAllocation done
Event: 158.486 Executing VM operation: Cleanup
Event: 158.486 Executing VM operation: Cleanup done
Event: 159.495 Executing VM operation: Cleanup
Event: 159.495 Executing VM operation: Cleanup done
Event: 164.529 Executing VM operation: Cleanup
Event: 164.529 Executing VM operation: Cleanup done
Event: 166.548 Executing VM operation: Cleanup
Event: 166.689 Executing VM operation: Cleanup done
Event: 167.698 Executing VM operation: Cleanup
Event: 167.698 Executing VM operation: Cleanup done
Event: 168.701 Executing VM operation: Cleanup
Event: 168.765 Executing VM operation: Cleanup done
Event: 169.773 Executing VM operation: Cleanup
Event: 169.851 Executing VM operation: Cleanup done
Event: 171.869 Executing VM operation: Cleanup
Event: 171.869 Executing VM operation: Cleanup done

Events (20 events):
Event: 169.244 Thread 0x000001f55f551dc0 Thread added: 0x000001f55f551dc0
Event: 169.267 Thread 0x000001f55f54f540 Thread added: 0x000001f55f54f540
Event: 169.301 Thread 0x000001f55f54fa50 Thread added: 0x000001f55f54fa50
Event: 169.367 Thread 0x000001f55f54ff60 Thread added: 0x000001f55f54ff60
Event: 169.400 Thread 0x000001f55f550470 Thread added: 0x000001f55f550470
Event: 169.473 Thread 0x000001f55f550980 Thread added: 0x000001f55f550980
Event: 169.524 Thread 0x000001f55f5522d0 Thread added: 0x000001f55f5522d0
Event: 169.539 Thread 0x000001f55f54b370 Thread added: 0x000001f55f54b370
Event: 169.583 Thread 0x000001f55f552cf0 Thread added: 0x000001f55f552cf0
Event: 169.596 Thread 0x000001f55e0db970 Thread added: 0x000001f55e0db970
Event: 169.601 Thread 0x000001f55e0dd7d0 Thread added: 0x000001f55e0dd7d0
Event: 169.609 Thread 0x000001f55e0db460 Thread added: 0x000001f55e0db460
Event: 169.627 Thread 0x000001f55e0dcdb0 Thread added: 0x000001f55e0dcdb0
Event: 169.675 Thread 0x000001f55e0de1f0 Thread added: 0x000001f55e0de1f0
Event: 169.853 Thread 0x000001f55e0dec10 Thread added: 0x000001f55e0dec10
Event: 169.934 Thread 0x000001f55e0daf50 Thread added: 0x000001f55e0daf50
Event: 169.939 Thread 0x000001f55e0df120 Thread added: 0x000001f55e0df120
Event: 170.051 Thread 0x000001f55e0dfb40 Thread added: 0x000001f55e0dfb40
Event: 170.060 Thread 0x000001f55e0e0050 Thread added: 0x000001f55e0e0050
Event: 170.658 Thread 0x000001f55e0e0f80 Thread added: 0x000001f55e0e0f80


Dynamic libraries:
0x00007ff785c50000 - 0x00007ff785c5e000 	C:\Users\Giang\.jdks\corretto-17.0.10\bin\java.exe
0x00007ffd79290000 - 0x00007ffd79488000 	C:\Windows\SYSTEM32\ntdll.dll
0x00007ffd77c50000 - 0x00007ffd77d11000 	C:\Windows\System32\KERNEL32.DLL
0x00007ffd76ca0000 - 0x00007ffd76f96000 	C:\Windows\System32\KERNELBASE.dll
0x00007ffd76ad0000 - 0x00007ffd76bd0000 	C:\Windows\System32\ucrtbase.dll
0x00007ffd70370000 - 0x00007ffd70387000 	C:\Users\Giang\.jdks\corretto-17.0.10\bin\jli.dll
0x00007ffd77d20000 - 0x00007ffd77ebf000 	C:\Windows\System32\USER32.dll
0x00007ffd76bd0000 - 0x00007ffd76bf2000 	C:\Windows\System32\win32u.dll
0x00007ffd780b0000 - 0x00007ffd780db000 	C:\Windows\System32\GDI32.dll
0x00007ffd76fd0000 - 0x00007ffd770e7000 	C:\Windows\System32\gdi32full.dll
0x00007ffd76c00000 - 0x00007ffd76c9d000 	C:\Windows\System32\msvcp_win.dll
0x00007ffd6fd20000 - 0x00007ffd6fd3b000 	C:\Users\Giang\.jdks\corretto-17.0.10\bin\VCRUNTIME140.dll
0x00007ffd68bb0000 - 0x00007ffd68e4a000 	C:\Windows\WinSxS\amd64_microsoft.windows.common-controls_6595b64144ccf1df_6.0.19041.4355_none_60b8b9eb71f62e16\COMCTL32.dll
0x00007ffd788d0000 - 0x00007ffd7896e000 	C:\Windows\System32\msvcrt.dll
0x00007ffd77870000 - 0x00007ffd7789f000 	C:\Windows\System32\IMM32.DLL
0x00007ffd71fc0000 - 0x00007ffd71fcc000 	C:\Users\Giang\.jdks\corretto-17.0.10\bin\vcruntime140_1.dll
0x00007ffd51ba0000 - 0x00007ffd51c2d000 	C:\Users\Giang\.jdks\corretto-17.0.10\bin\msvcp140.dll
0x00007ffd46d60000 - 0x00007ffd479c2000 	C:\Users\Giang\.jdks\corretto-17.0.10\bin\server\jvm.dll
0x00007ffd77ba0000 - 0x00007ffd77c50000 	C:\Windows\System32\ADVAPI32.dll
0x00007ffd77ec0000 - 0x00007ffd77f60000 	C:\Windows\System32\sechost.dll
0x00007ffd77f80000 - 0x00007ffd780a3000 	C:\Windows\System32\RPCRT4.dll
0x00007ffd76fa0000 - 0x00007ffd76fc7000 	C:\Windows\System32\bcrypt.dll
0x00007ffd75ec0000 - 0x00007ffd75f0b000 	C:\Windows\SYSTEM32\POWRPROF.dll
0x00007ffd72ef0000 - 0x00007ffd72ef9000 	C:\Windows\SYSTEM32\WSOCK32.dll
0x00007ffd78140000 - 0x00007ffd781ab000 	C:\Windows\System32\WS2_32.dll
0x00007ffd68e60000 - 0x00007ffd68e87000 	C:\Windows\SYSTEM32\WINMM.dll
0x00007ffd6df70000 - 0x00007ffd6df7a000 	C:\Windows\SYSTEM32\VERSION.dll
0x00007ffd75d30000 - 0x00007ffd75d42000 	C:\Windows\SYSTEM32\UMPDC.dll
0x00007ffd747c0000 - 0x00007ffd747d2000 	C:\Windows\SYSTEM32\kernel.appcore.dll
0x00007ffd6efc0000 - 0x00007ffd6efca000 	C:\Users\Giang\.jdks\corretto-17.0.10\bin\jimage.dll
0x00007ffd64350000 - 0x00007ffd64534000 	C:\Windows\SYSTEM32\DBGHELP.DLL
0x00007ffd64050000 - 0x00007ffd64084000 	C:\Windows\SYSTEM32\dbgcore.DLL
0x00007ffd76940000 - 0x00007ffd769c2000 	C:\Windows\System32\bcryptPrimitives.dll
0x00007ffd6efb0000 - 0x00007ffd6efbe000 	C:\Users\Giang\.jdks\corretto-17.0.10\bin\instrument.dll
0x00007ffd565d0000 - 0x00007ffd565f5000 	C:\Users\Giang\.jdks\corretto-17.0.10\bin\java.dll
0x00007ffd505e0000 - 0x00007ffd506b7000 	C:\Users\Giang\.jdks\corretto-17.0.10\bin\jsvml.dll
0x00007ffd78a30000 - 0x00007ffd7919c000 	C:\Windows\System32\SHELL32.dll
0x00007ffd749c0000 - 0x00007ffd7515e000 	C:\Windows\SYSTEM32\windows.storage.dll
0x00007ffd77510000 - 0x00007ffd77863000 	C:\Windows\System32\combase.dll
0x00007ffd76360000 - 0x00007ffd7638e000 	C:\Windows\SYSTEM32\Wldp.dll
0x00007ffd78780000 - 0x00007ffd7884d000 	C:\Windows\System32\OLEAUT32.dll
0x00007ffd791a0000 - 0x00007ffd7924d000 	C:\Windows\System32\SHCORE.dll
0x00007ffd78720000 - 0x00007ffd78775000 	C:\Windows\System32\shlwapi.dll
0x00007ffd76870000 - 0x00007ffd76894000 	C:\Windows\SYSTEM32\profapi.dll
0x00007ffd6eec0000 - 0x00007ffd6eed8000 	C:\Users\Giang\.jdks\corretto-17.0.10\bin\zip.dll
0x00007ffd63030000 - 0x00007ffd63049000 	C:\Users\Giang\.jdks\corretto-17.0.10\bin\net.dll
0x00007ffd6d260000 - 0x00007ffd6d36a000 	C:\Windows\SYSTEM32\WINHTTP.dll
0x00007ffd760c0000 - 0x00007ffd7612a000 	C:\Windows\system32\mswsock.dll
0x00007ffd60c60000 - 0x00007ffd60c76000 	C:\Users\Giang\.jdks\corretto-17.0.10\bin\nio.dll
0x00007ffd66d40000 - 0x00007ffd66d50000 	C:\Users\Giang\.jdks\corretto-17.0.10\bin\verify.dll
0x00007ffd703b0000 - 0x00007ffd703d7000 	C:\Users\Giang\.gradle\native\c067742578af261105cb4f569cf0c3c89f3d7b1fecec35dd04571415982c5e48\windows-amd64\native-platform.dll
0x00007ffd4b680000 - 0x00007ffd4b7c4000 	C:\Users\Giang\.gradle\native\100fb08df4bc3b14c8652ba06237920a3bd2aa13389f12d3474272988ae205f9\windows-amd64\native-platform-file-events.dll
0x00007ffd65b60000 - 0x00007ffd65b69000 	C:\Users\Giang\.jdks\corretto-17.0.10\bin\management.dll
0x00007ffd64200000 - 0x00007ffd6420b000 	C:\Users\Giang\.jdks\corretto-17.0.10\bin\management_ext.dll
0x00007ffd77f70000 - 0x00007ffd77f78000 	C:\Windows\System32\PSAPI.DLL
0x00007ffd762b0000 - 0x00007ffd762c8000 	C:\Windows\SYSTEM32\CRYPTSP.dll
0x00007ffd75970000 - 0x00007ffd759a4000 	C:\Windows\system32\rsaenh.dll
0x00007ffd767e0000 - 0x00007ffd7680e000 	C:\Windows\SYSTEM32\USERENV.dll
0x00007ffd762d0000 - 0x00007ffd762dc000 	C:\Windows\SYSTEM32\CRYPTBASE.dll
0x00007ffd75d50000 - 0x00007ffd75d8b000 	C:\Windows\SYSTEM32\IPHLPAPI.DLL
0x00007ffd77f60000 - 0x00007ffd77f68000 	C:\Windows\System32\NSI.dll
0x00007ffd6df80000 - 0x00007ffd6df97000 	C:\Windows\SYSTEM32\dhcpcsvc6.DLL
0x00007ffd6e580000 - 0x00007ffd6e59d000 	C:\Windows\SYSTEM32\dhcpcsvc.DLL
0x00007ffd75da0000 - 0x00007ffd75e6a000 	C:\Windows\SYSTEM32\DNSAPI.dll
0x00007ffd61ee0000 - 0x00007ffd61ee9000 	C:\Users\Giang\.jdks\corretto-17.0.10\bin\extnet.dll
0x00007ffd59d10000 - 0x00007ffd59d1e000 	C:\Users\Giang\.jdks\corretto-17.0.10\bin\sunmscapi.dll
0x00007ffd77160000 - 0x00007ffd772be000 	C:\Windows\System32\CRYPT32.dll
0x00007ffd763d0000 - 0x00007ffd763f9000 	C:\Windows\SYSTEM32\ncrypt.dll
0x00007ffd76390000 - 0x00007ffd763cb000 	C:\Windows\SYSTEM32\NTASN1.dll
0x00007ffd66b50000 - 0x00007ffd66b57000 	C:\Windows\system32\wshunix.dll

dbghelp: loaded successfully - version: 4.0.5 - missing functions: none
symbol engine: initialized successfully - sym options: 0x614 - pdb path: .;C:\Users\Giang\.jdks\corretto-17.0.10\bin;C:\Windows\SYSTEM32;C:\Windows\WinSxS\amd64_microsoft.windows.common-controls_6595b64144ccf1df_6.0.19041.4355_none_60b8b9eb71f62e16;C:\Users\Giang\.jdks\corretto-17.0.10\bin\server;C:\Users\Giang\.gradle\native\c067742578af261105cb4f569cf0c3c89f3d7b1fecec35dd04571415982c5e48\windows-amd64;C:\Users\Giang\.gradle\native\100fb08df4bc3b14c8652ba06237920a3bd2aa13389f12d3474272988ae205f9\windows-amd64

VM Arguments:
jvm_args: --add-opens=java.base/java.util=ALL-UNNAMED --add-opens=java.base/java.lang=ALL-UNNAMED --add-opens=java.base/java.lang.invoke=ALL-UNNAMED --add-opens=java.prefs/java.util.prefs=ALL-UNNAMED --add-opens=java.base/java.nio.charset=ALL-UNNAMED --add-opens=java.base/java.net=ALL-UNNAMED --add-opens=java.base/java.util.concurrent.atomic=ALL-UNNAMED -XX:MaxMetaspaceSize=384m -XX:+HeapDumpOnOutOfMemoryError -Xms256m -Xmx512m -Dfile.encoding=windows-1252 -Duser.country=US -Duser.language=en -Duser.variant -javaagent:C:\Users\Giang\.gradle\wrapper\dists\gradle-8.8-bin\dl7vupf4psengwqhwktix4v1\gradle-8.8\lib\agents\gradle-instrumentation-agent-8.8.jar 
java_command: org.gradle.launcher.daemon.bootstrap.GradleDaemon 8.8
java_class_path (initial): C:\Users\Giang\.gradle\wrapper\dists\gradle-8.8-bin\dl7vupf4psengwqhwktix4v1\gradle-8.8\lib\gradle-launcher-8.8.jar
Launcher Type: SUN_STANDARD

[Global flags]
     intx CICompilerCount                          = 3                                         {product} {ergonomic}
   size_t CompressedClassSpaceSize                 = 335544320                                 {product} {ergonomic}
     uint ConcGCThreads                            = 1                                         {product} {ergonomic}
     uint G1ConcRefinementThreads                  = 4                                         {product} {ergonomic}
   size_t G1HeapRegionSize                         = 1048576                                   {product} {ergonomic}
    uintx GCDrainStackTargetSize                   = 64                                        {product} {ergonomic}
     bool HeapDumpOnOutOfMemoryError               = true                                   {manageable} {command line}
   size_t InitialHeapSize                          = 268435456                                 {product} {command line}
   size_t MarkStackSize                            = 4194304                                   {product} {ergonomic}
   size_t MaxHeapSize                              = 536870912                                 {product} {command line}
   size_t MaxMetaspaceSize                         = 402653184                                 {product} {command line}
   size_t MaxNewSize                               = 321912832                                 {product} {ergonomic}
   size_t MinHeapDeltaBytes                        = 1048576                                   {product} {ergonomic}
   size_t MinHeapSize                              = 268435456                                 {product} {command line}
    uintx NonNMethodCodeHeapSize                   = 5832780                                {pd product} {ergonomic}
    uintx NonProfiledCodeHeapSize                  = 122912730                              {pd product} {ergonomic}
    uintx ProfiledCodeHeapSize                     = 122912730                              {pd product} {ergonomic}
    uintx ReservedCodeCacheSize                    = 251658240                              {pd product} {ergonomic}
     bool SegmentedCodeCache                       = true                                      {product} {ergonomic}
   size_t SoftMaxHeapSize                          = 536870912                              {manageable} {ergonomic}
     bool UseCompressedClassPointers               = true                           {product lp64_product} {ergonomic}
     bool UseCompressedOops                        = true                           {product lp64_product} {ergonomic}
     bool UseG1GC                                  = true                                      {product} {ergonomic}
     bool UseLargePagesIndividualAllocation        = false                                  {pd product} {ergonomic}

Logging:
Log output configuration:
 #0: stdout all=warning uptime,level,tags
 #1: stderr all=off uptime,level,tags

Environment Variables:
PATH=C:\Program Files\Common Files\Oracle\Java\javapath;C:\Windows\system32;C:\Windows;C:\Windows\System32\Wbem;C:\Windows\System32\WindowsPowerShell\v1.0\;C:\Windows\System32\OpenSSH\;C:\Program Files\MySQL\MySQL Server 8.0\bin;%JAVA_HOME%\bin;C:\Gradle\gradle-6.8\bin;C:\Program Files\Git\cmd;C:\Program Files\Java\jdk-17\bin;C:\Program Files\nodejs\;C:\Program Files\MySQL\MySQL Shell 8.0\bin\;C:\Users\Giang\AppData\Local\Microsoft\WindowsApps;C:\Users\Giang\AppData\Local\GitHubDesktop\bin;D:\Microsoft VS Code\bin;C:\Users\Giang\AppData\Roaming\npm
USERNAME=Giang
OS=Windows_NT
PROCESSOR_IDENTIFIER=Intel64 Family 6 Model 61 Stepping 4, GenuineIntel
TMP=C:\Users\Giang\AppData\Local\Temp
TEMP=C:\Users\Giang\AppData\Local\Temp



Periodic native trim disabled


---------------  S Y S T E M  ---------------

OS:
 Windows 10 , 64 bit Build 19041 (10.0.19041.4597)
OS uptime: 0 days 1:41 hours

CPU: total 4 (initial active 4) (2 cores per cpu, 2 threads per core) family 6 model 61 stepping 4 microcode 0x2d, cx8, cmov, fxsr, ht, mmx, 3dnowpref, sse, sse2, sse3, ssse3, sse4.1, sse4.2, popcnt, lzcnt, tsc, tscinvbit, avx, avx2, aes, erms, clmul, bmi1, bmi2, rtm, adx, fma, vzeroupper, clflush
Processor Information for all 4 processors :
  Max Mhz: 2594, Current Mhz: 2594, Mhz Limit: 2594

Memory: 4k page, system-wide physical 7887M (246M free)
TotalPageFile size 15055M (AvailPageFile size 5M)
current process WorkingSet (physical memory assigned to process): 392M, peak: 424M
current process commit charge ("private bytes"): 502M, peak: 504M

vm_info: OpenJDK 64-Bit Server VM (17.0.10+7-LTS) for windows-amd64 JRE (17.0.10+7-LTS), built on Jan 10 2024 22:11:07 by "Administrator" with MS VC++ 16.10 / 16.11 (VS2019)

END.
